

================================================================
== Vitis HLS Report for 'rxEngPacketDropper'
================================================================
* Date:           Fri Sep  8 14:09:01 2023

* Version:        2023.1 (Build 3854077 on May  4 2023)
* Project:        UDP_prj
* Solution:       ultrascale_plus (Vivado IP Flow Target)
* Product family: virtexuplusHBM
* Target device:  xcu280-fsvh2892-2L-e


================================================================
== Performance Estimates
================================================================
+ Timing: 
    * Summary: 
    +--------+---------+----------+------------+
    |  Clock |  Target | Estimated| Uncertainty|
    +--------+---------+----------+------------+
    |ap_clk  |  2.50 ns|  1.659 ns|     0.20 ns|
    +--------+---------+----------+------------+

+ Latency: 
    * Summary: 
    +---------+---------+----------+----------+-----+-----+---------+
    |  Latency (cycles) |  Latency (absolute) |  Interval | Pipeline|
    |   min   |   max   |    min   |    max   | min | max |   Type  |
    +---------+---------+----------+----------+-----+-----+---------+
    |        2|        2|  5.000 ns|  5.000 ns|    1|    1|      yes|
    +---------+---------+----------+----------+-----+-----+---------+

    + Detail: 
        * Instance: 
        N/A

        * Loop: 
        N/A

============================================================
+ Verbose Summary: Synthesis Manager
============================================================
InlineROM: 1
ExposeGlobal: 0
============================================================
+ Verbose Summary: CDFG Model
============================================================
IsTopModel: 0
ResetActiveHigh: 1
IsCombinational: 2
IsDatapathOnly: 0
HasWiredReturn: 1
HasMFsm: 2
HasVarLatency: 0
IsPipeline: 1
IsRtlPipelined: 1
IsInstanceOverlapped: 0
IsDontTouch: 0
HasImplIP: 0
IsGatedGlobalClock: 0

+ Individual pipeline summary: 
  * Pipeline-0: initiation interval (II) = 1, depth = 3


============================================================
+ Verbose Summary: Schedule
============================================================
* Number of FSM states : 3
* Pipeline : 1
  Pipeline-0 : II = 1, D = 3, States = { 1 2 3 }
* Dataflow Pipeline: 0

* FSM state transitions: 
1 --> 2 
2 --> 3 
3 --> 

* FSM state operations: 

State 1 <SV = 0> <Delay = 1.65>
ST_1 : Operation 4 [1/1] (0.00ns)   --->   "%specinterface_ln0 = specinterface void @_ssdm_op_SpecInterface, i160 %rthDropFifo, void @empty_58, i32 0, i32 0, void @empty_42, i32 0, i32 0, void @empty_42, void @empty_42, void @empty_42, i32 0, i32 0, i32 0, i32 0, void @empty_42, void @empty_42, i32 4294967295, i32 0"   --->   Operation 4 'specinterface' 'specinterface_ln0' <Predicate = true> <Delay = 0.00>
ST_1 : Operation 5 [1/1] (0.00ns)   --->   "%specinterface_ln0 = specinterface void @_ssdm_op_SpecInterface, i160 %rthDropFifo, void @empty_58, i32 0, i32 0, void @empty_42, i32 0, i32 0, void @empty_42, void @empty_42, void @empty_42, i32 0, i32 0, i32 0, i32 0, void @empty_42, void @empty_42, i32 4294967295, i32 0"   --->   Operation 5 'specinterface' 'specinterface_ln0' <Predicate = true> <Delay = 0.00>
ST_1 : Operation 6 [1/1] (0.00ns)   --->   "%specinterface_ln0 = specinterface void @_ssdm_op_SpecInterface, i160 %rthDropFifo, void @empty_58, i32 0, i32 0, void @empty_42, i32 0, i32 0, void @empty_42, void @empty_42, void @empty_42, i32 0, i32 0, i32 0, i32 0, void @empty_42, void @empty_42, i32 4294967295, i32 0"   --->   Operation 6 'specinterface' 'specinterface_ln0' <Predicate = true> <Delay = 0.00>
ST_1 : Operation 7 [1/1] (0.00ns)   --->   "%specinterface_ln0 = specinterface void @_ssdm_op_SpecInterface, i1024 %ureDataPayload, void @empty_58, i32 0, i32 0, void @empty_42, i32 0, i32 0, void @empty_42, void @empty_42, void @empty_42, i32 0, i32 0, i32 0, i32 0, void @empty_42, void @empty_42, i32 4294967295, i32 0"   --->   Operation 7 'specinterface' 'specinterface_ln0' <Predicate = true> <Delay = 0.00>
ST_1 : Operation 8 [1/1] (0.00ns)   --->   "%specinterface_ln0 = specinterface void @_ssdm_op_SpecInterface, i1024 %ureDataPayload, void @empty_58, i32 0, i32 0, void @empty_42, i32 0, i32 0, void @empty_42, void @empty_42, void @empty_42, i32 0, i32 0, i32 0, i32 0, void @empty_42, void @empty_42, i32 4294967295, i32 0"   --->   Operation 8 'specinterface' 'specinterface_ln0' <Predicate = true> <Delay = 0.00>
ST_1 : Operation 9 [1/1] (0.00ns)   --->   "%specinterface_ln0 = specinterface void @_ssdm_op_SpecInterface, i1024 %ureDataPayload, void @empty_58, i32 0, i32 0, void @empty_42, i32 0, i32 0, void @empty_42, void @empty_42, void @empty_42, i32 0, i32 0, i32 0, i32 0, void @empty_42, void @empty_42, i32 4294967295, i32 0"   --->   Operation 9 'specinterface' 'specinterface_ln0' <Predicate = true> <Delay = 0.00>
ST_1 : Operation 10 [1/1] (0.00ns)   --->   "%specaxissidechannel_ln0 = specaxissidechannel void @_ssdm_op_SpecAXISSideChannel, i512 %DataOutApp_V_data_V, i64 %DataOutApp_V_keep_V, i64 %DataOutApp_V_strb_V, i96 %DataOutApp_V_user_V, i1 %DataOutApp_V_last_V, i1 0, i16 %DataOutApp_V_dest_V, void @empty_9"   --->   Operation 10 'specaxissidechannel' 'specaxissidechannel_ln0' <Predicate = true> <Delay = 0.00>
ST_1 : Operation 11 [1/1] (0.00ns)   --->   "%specinterface_ln0 = specinterface void @_ssdm_op_SpecInterface, i160 %rthDropFifo, void @empty_58, i32 0, i32 0, void @empty_42, i32 0, i32 0, void @empty_42, void @empty_42, void @empty_42, i32 0, i32 0, i32 0, i32 0, void @empty_42, void @empty_42, i32 4294967295, i32 0"   --->   Operation 11 'specinterface' 'specinterface_ln0' <Predicate = true> <Delay = 0.00>
ST_1 : Operation 12 [1/1] (0.00ns)   --->   "%specinterface_ln0 = specinterface void @_ssdm_op_SpecInterface, i1024 %ureDataPayload, void @empty_58, i32 0, i32 0, void @empty_42, i32 0, i32 0, void @empty_42, void @empty_42, void @empty_42, i32 0, i32 0, i32 0, i32 0, void @empty_42, void @empty_42, i32 4294967295, i32 0"   --->   Operation 12 'specinterface' 'specinterface_ln0' <Predicate = true> <Delay = 0.00>
ST_1 : Operation 13 [1/1] (0.00ns)   --->   "%specinterface_ln0 = specinterface void @_ssdm_op_SpecInterface, i16 %DataOutApp_V_dest_V, i1 %DataOutApp_V_last_V, i96 %DataOutApp_V_user_V, i64 %DataOutApp_V_strb_V, i64 %DataOutApp_V_keep_V, i512 %DataOutApp_V_data_V, void @empty_0, i32 1, i32 1, void @empty_2, i32 0, i32 0, void @empty_42, void @empty_42, void @empty_42, i32 0, i32 0, i32 0, i32 0, void @empty_42, void @empty_42, i32 4294967295, i32 0"   --->   Operation 13 'specinterface' 'specinterface_ln0' <Predicate = true> <Delay = 0.00>
ST_1 : Operation 14 [1/1] (0.00ns)   --->   "%specpipeline_ln0 = specpipeline void @_ssdm_op_SpecPipeline, i32 1, i32 0, i32 0, i32 0, void @empty_42"   --->   Operation 14 'specpipeline' 'specpipeline_ln0' <Predicate = true> <Delay = 0.00>
ST_1 : Operation 15 [1/1] (0.00ns)   --->   "%repd_state_load = load i1 %repd_state"   --->   Operation 15 'load' 'repd_state_load' <Predicate = true> <Delay = 0.00>
ST_1 : Operation 16 [1/1] (0.00ns)   --->   "%response_drop_load = load i1 %response_drop" [/home/ubuntu/xup_vitis_network_example/NetLayers/100G-fpga-network-stack-core/synthesis_results_HBM/..//hls/UDP/udp.cpp:221]   --->   Operation 16 'load' 'response_drop_load' <Predicate = true> <Delay = 0.00>
ST_1 : Operation 17 [1/1] (0.00ns)   --->   "%br_ln206 = br i1 %repd_state_load, void %sw.bb.i, void %sw.bb1.i" [/home/ubuntu/xup_vitis_network_example/NetLayers/100G-fpga-network-stack-core/synthesis_results_HBM/..//hls/UDP/udp.cpp:206]   --->   Operation 17 'br' 'br_ln206' <Predicate = true> <Delay = 0.00>
ST_1 : Operation 18 [1/1] (0.00ns)   --->   "%tmp_i = nbreadreq i1 @_ssdm_op_NbReadReq.ap_fifo.i160P0A, i160 %rthDropFifo, i32 1" [/home/ubuntu/xup_vitis_network_example/NetLayers/100G-fpga-network-stack-core/synthesis_results_HBM/..//hls/UDP/udp.cpp:208]   --->   Operation 18 'nbreadreq' 'tmp_i' <Predicate = (!repd_state_load)> <Delay = 0.00> <CoreInst = "FIFO">   --->   Core 78 'FIFO' <Latency = 0> <II = 1> <Delay = 1.25> <Storage> <Opcode : 'read' 'write' 'nbread' 'nbwrite'> <Ports = 0> <Width = 160> <Depth = 32> <FIFO>
ST_1 : Operation 19 [1/1] (0.00ns)   --->   "%br_ln208 = br i1 %tmp_i, void %if.end.i, void %if.then.i" [/home/ubuntu/xup_vitis_network_example/NetLayers/100G-fpga-network-stack-core/synthesis_results_HBM/..//hls/UDP/udp.cpp:208]   --->   Operation 19 'br' 'br_ln208' <Predicate = (!repd_state_load)> <Delay = 0.00>
ST_1 : Operation 20 [1/1] (1.15ns)   --->   "%rthDropFifo_read = read i160 @_ssdm_op_Read.ap_fifo.volatile.i160P0A, i160 %rthDropFifo" [/home/ubuntu/xup_vitis_network_example/NetLayers/100G-fpga-network-stack-core/synthesis_results_HBM/..//hls/UDP/udp.cpp:209]   --->   Operation 20 'read' 'rthDropFifo_read' <Predicate = (!repd_state_load & tmp_i)> <Delay = 1.15> <CoreInst = "FIFO">   --->   Core 78 'FIFO' <Latency = 0> <II = 1> <Delay = 1.25> <Storage> <Opcode : 'read' 'write' 'nbread' 'nbwrite'> <Ports = 0> <Width = 160> <Depth = 32> <FIFO>
ST_1 : Operation 21 [1/1] (0.00ns)   --->   "%trunc_ln209 = trunc i160 %rthDropFifo_read" [/home/ubuntu/xup_vitis_network_example/NetLayers/100G-fpga-network-stack-core/synthesis_results_HBM/..//hls/UDP/udp.cpp:209]   --->   Operation 21 'trunc' 'trunc_ln209' <Predicate = (!repd_state_load & tmp_i)> <Delay = 0.00>
ST_1 : Operation 22 [1/1] (0.00ns)   --->   "%store_ln209 = store i16 %trunc_ln209, i16 %response_id" [/home/ubuntu/xup_vitis_network_example/NetLayers/100G-fpga-network-stack-core/synthesis_results_HBM/..//hls/UDP/udp.cpp:209]   --->   Operation 22 'store' 'store_ln209' <Predicate = (!repd_state_load & tmp_i)> <Delay = 0.00>
ST_1 : Operation 23 [1/1] (0.00ns)   --->   "%tmp_60_i = partselect i32 @_ssdm_op_PartSelect.i32.i160.i32.i32, i160 %rthDropFifo_read, i32 32, i32 63" [/home/ubuntu/xup_vitis_network_example/NetLayers/100G-fpga-network-stack-core/synthesis_results_HBM/..//hls/UDP/udp.cpp:209]   --->   Operation 23 'partselect' 'tmp_60_i' <Predicate = (!repd_state_load & tmp_i)> <Delay = 0.00>
ST_1 : Operation 24 [1/1] (0.00ns)   --->   "%store_ln209 = store i32 %tmp_60_i, i32 %response_user_myIP" [/home/ubuntu/xup_vitis_network_example/NetLayers/100G-fpga-network-stack-core/synthesis_results_HBM/..//hls/UDP/udp.cpp:209]   --->   Operation 24 'store' 'store_ln209' <Predicate = (!repd_state_load & tmp_i)> <Delay = 0.00>
ST_1 : Operation 25 [1/1] (0.00ns)   --->   "%tmp_61_i = partselect i32 @_ssdm_op_PartSelect.i32.i160.i32.i32, i160 %rthDropFifo_read, i32 64, i32 95" [/home/ubuntu/xup_vitis_network_example/NetLayers/100G-fpga-network-stack-core/synthesis_results_HBM/..//hls/UDP/udp.cpp:209]   --->   Operation 25 'partselect' 'tmp_61_i' <Predicate = (!repd_state_load & tmp_i)> <Delay = 0.00>
ST_1 : Operation 26 [1/1] (0.00ns)   --->   "%store_ln209 = store i32 %tmp_61_i, i32 %response_user_theirIP" [/home/ubuntu/xup_vitis_network_example/NetLayers/100G-fpga-network-stack-core/synthesis_results_HBM/..//hls/UDP/udp.cpp:209]   --->   Operation 26 'store' 'store_ln209' <Predicate = (!repd_state_load & tmp_i)> <Delay = 0.00>
ST_1 : Operation 27 [1/1] (0.00ns)   --->   "%tmp_62_i = partselect i16 @_ssdm_op_PartSelect.i16.i160.i32.i32, i160 %rthDropFifo_read, i32 96, i32 111" [/home/ubuntu/xup_vitis_network_example/NetLayers/100G-fpga-network-stack-core/synthesis_results_HBM/..//hls/UDP/udp.cpp:209]   --->   Operation 27 'partselect' 'tmp_62_i' <Predicate = (!repd_state_load & tmp_i)> <Delay = 0.00>
ST_1 : Operation 28 [1/1] (0.00ns)   --->   "%store_ln209 = store i16 %tmp_62_i, i16 %response_user_myPort" [/home/ubuntu/xup_vitis_network_example/NetLayers/100G-fpga-network-stack-core/synthesis_results_HBM/..//hls/UDP/udp.cpp:209]   --->   Operation 28 'store' 'store_ln209' <Predicate = (!repd_state_load & tmp_i)> <Delay = 0.00>
ST_1 : Operation 29 [1/1] (0.00ns)   --->   "%tmp_63_i = partselect i16 @_ssdm_op_PartSelect.i16.i160.i32.i32, i160 %rthDropFifo_read, i32 112, i32 127" [/home/ubuntu/xup_vitis_network_example/NetLayers/100G-fpga-network-stack-core/synthesis_results_HBM/..//hls/UDP/udp.cpp:209]   --->   Operation 29 'partselect' 'tmp_63_i' <Predicate = (!repd_state_load & tmp_i)> <Delay = 0.00>
ST_1 : Operation 30 [1/1] (0.00ns)   --->   "%store_ln209 = store i16 %tmp_63_i, i16 %response_user_theirPort" [/home/ubuntu/xup_vitis_network_example/NetLayers/100G-fpga-network-stack-core/synthesis_results_HBM/..//hls/UDP/udp.cpp:209]   --->   Operation 30 'store' 'store_ln209' <Predicate = (!repd_state_load & tmp_i)> <Delay = 0.00>
ST_1 : Operation 31 [1/1] (0.00ns)   --->   "%tmp = bitselect i1 @_ssdm_op_BitSelect.i1.i160.i160, i160 %rthDropFifo_read, i160 128" [/home/ubuntu/xup_vitis_network_example/NetLayers/100G-fpga-network-stack-core/synthesis_results_HBM/..//hls/UDP/udp.cpp:209]   --->   Operation 31 'bitselect' 'tmp' <Predicate = (!repd_state_load & tmp_i)> <Delay = 0.00>
ST_1 : Operation 32 [1/1] (0.00ns)   --->   "%store_ln209 = store i1 %tmp, i1 %response_drop" [/home/ubuntu/xup_vitis_network_example/NetLayers/100G-fpga-network-stack-core/synthesis_results_HBM/..//hls/UDP/udp.cpp:209]   --->   Operation 32 'store' 'store_ln209' <Predicate = (!repd_state_load & tmp_i)> <Delay = 0.00>
ST_1 : Operation 33 [1/1] (0.38ns)   --->   "%store_ln0 = store i1 1, i1 %repd_state"   --->   Operation 33 'store' 'store_ln0' <Predicate = (!repd_state_load & tmp_i)> <Delay = 0.38>
ST_1 : Operation 34 [1/1] (0.00ns)   --->   "%br_ln211 = br void %if.end.i" [/home/ubuntu/xup_vitis_network_example/NetLayers/100G-fpga-network-stack-core/synthesis_results_HBM/..//hls/UDP/udp.cpp:211]   --->   Operation 34 'br' 'br_ln211' <Predicate = (!repd_state_load & tmp_i)> <Delay = 0.00>
ST_1 : Operation 35 [1/1] (0.00ns)   --->   "%br_ln212 = br void %rxEngPacketDropper.exit" [/home/ubuntu/xup_vitis_network_example/NetLayers/100G-fpga-network-stack-core/synthesis_results_HBM/..//hls/UDP/udp.cpp:212]   --->   Operation 35 'br' 'br_ln212' <Predicate = (!repd_state_load)> <Delay = 0.00>
ST_1 : Operation 36 [1/1] (0.00ns)   --->   "%tmp_i_184 = nbreadreq i1 @_ssdm_op_NbReadReq.ap_fifo.i1024P0A, i1024 %ureDataPayload, i32 1" [/home/ubuntu/xup_vitis_network_example/NetLayers/100G-fpga-network-stack-core/synthesis_results_HBM/..//hls/UDP/udp.cpp:214]   --->   Operation 36 'nbreadreq' 'tmp_i_184' <Predicate = (repd_state_load)> <Delay = 0.00> <CoreInst = "FIFO">   --->   Core 78 'FIFO' <Latency = 0> <II = 1> <Delay = 1.38> <Storage> <Opcode : 'read' 'write' 'nbread' 'nbwrite'> <Ports = 0> <Width = 1024> <Depth = 256> <FIFO>
ST_1 : Operation 37 [1/1] (0.00ns)   --->   "%br_ln214 = br i1 %tmp_i_184, void %if.end16.i, void %if.then3.i" [/home/ubuntu/xup_vitis_network_example/NetLayers/100G-fpga-network-stack-core/synthesis_results_HBM/..//hls/UDP/udp.cpp:214]   --->   Operation 37 'br' 'br_ln214' <Predicate = (repd_state_load)> <Delay = 0.00>
ST_1 : Operation 38 [1/1] (1.15ns)   --->   "%ureDataPayload_read = read i1024 @_ssdm_op_Read.ap_fifo.volatile.i1024P0A, i1024 %ureDataPayload" [/home/ubuntu/xup_vitis_network_example/NetLayers/100G-fpga-network-stack-core/synthesis_results_HBM/..//hls/UDP/udp.cpp:215]   --->   Operation 38 'read' 'ureDataPayload_read' <Predicate = (repd_state_load & tmp_i_184)> <Delay = 1.15> <CoreInst = "FIFO">   --->   Core 78 'FIFO' <Latency = 0> <II = 1> <Delay = 1.38> <Storage> <Opcode : 'read' 'write' 'nbread' 'nbwrite'> <Ports = 0> <Width = 1024> <Depth = 256> <FIFO>
ST_1 : Operation 39 [1/1] (0.00ns)   --->   "%currWord_data = trunc i1024 %ureDataPayload_read" [/home/ubuntu/xup_vitis_network_example/NetLayers/100G-fpga-network-stack-core/synthesis_results_HBM/..//hls/UDP/udp.cpp:215]   --->   Operation 39 'trunc' 'currWord_data' <Predicate = (repd_state_load & tmp_i_184)> <Delay = 0.00>
ST_1 : Operation 40 [1/1] (0.00ns)   --->   "%currWord_keep = partselect i64 @_ssdm_op_PartSelect.i64.i1024.i32.i32, i1024 %ureDataPayload_read, i32 512, i32 575" [/home/ubuntu/xup_vitis_network_example/NetLayers/100G-fpga-network-stack-core/synthesis_results_HBM/..//hls/UDP/udp.cpp:215]   --->   Operation 40 'partselect' 'currWord_keep' <Predicate = (repd_state_load & tmp_i_184)> <Delay = 0.00>
ST_1 : Operation 41 [1/1] (0.00ns)   --->   "%currWord_last = bitselect i1 @_ssdm_op_BitSelect.i1.i1024.i1024, i1024 %ureDataPayload_read, i1024 576" [/home/ubuntu/xup_vitis_network_example/NetLayers/100G-fpga-network-stack-core/synthesis_results_HBM/..//hls/UDP/udp.cpp:215]   --->   Operation 41 'bitselect' 'currWord_last' <Predicate = (repd_state_load & tmp_i_184)> <Delay = 0.00>
ST_1 : Operation 42 [1/1] (0.00ns)   --->   "%br_ln221 = br i1 %response_drop_load, void %if.then10.i, void %if.end11.i" [/home/ubuntu/xup_vitis_network_example/NetLayers/100G-fpga-network-stack-core/synthesis_results_HBM/..//hls/UDP/udp.cpp:221]   --->   Operation 42 'br' 'br_ln221' <Predicate = (repd_state_load & tmp_i_184)> <Delay = 0.00>
ST_1 : Operation 43 [1/1] (0.00ns)   --->   "%br_ln223 = br i1 %currWord_last, void %if.end15.i, void %if.then14.i" [/home/ubuntu/xup_vitis_network_example/NetLayers/100G-fpga-network-stack-core/synthesis_results_HBM/..//hls/UDP/udp.cpp:223]   --->   Operation 43 'br' 'br_ln223' <Predicate = (repd_state_load & tmp_i_184)> <Delay = 0.00>
ST_1 : Operation 44 [1/1] (0.38ns)   --->   "%store_ln0 = store i1 0, i1 %repd_state"   --->   Operation 44 'store' 'store_ln0' <Predicate = (repd_state_load & tmp_i_184 & currWord_last)> <Delay = 0.38>
ST_1 : Operation 45 [1/1] (0.00ns)   --->   "%br_ln224 = br void %if.end15.i" [/home/ubuntu/xup_vitis_network_example/NetLayers/100G-fpga-network-stack-core/synthesis_results_HBM/..//hls/UDP/udp.cpp:224]   --->   Operation 45 'br' 'br_ln224' <Predicate = (repd_state_load & tmp_i_184 & currWord_last)> <Delay = 0.00>
ST_1 : Operation 46 [1/1] (0.00ns)   --->   "%br_ln225 = br void %if.end16.i" [/home/ubuntu/xup_vitis_network_example/NetLayers/100G-fpga-network-stack-core/synthesis_results_HBM/..//hls/UDP/udp.cpp:225]   --->   Operation 46 'br' 'br_ln225' <Predicate = (repd_state_load & tmp_i_184)> <Delay = 0.00>
ST_1 : Operation 47 [1/1] (0.00ns)   --->   "%br_ln226 = br void %rxEngPacketDropper.exit" [/home/ubuntu/xup_vitis_network_example/NetLayers/100G-fpga-network-stack-core/synthesis_results_HBM/..//hls/UDP/udp.cpp:226]   --->   Operation 47 'br' 'br_ln226' <Predicate = (repd_state_load)> <Delay = 0.00>

State 2 <SV = 1> <Delay = 0.00>
ST_2 : Operation 48 [1/1] (0.00ns)   --->   "%sendWord_dest = load i16 %response_id" [/home/ubuntu/xup_vitis_network_example/NetLayers/100G-fpga-network-stack-core/synthesis_results_HBM/..//hls/UDP/udp.cpp:218]   --->   Operation 48 'load' 'sendWord_dest' <Predicate = (repd_state_load & tmp_i_184)> <Delay = 0.00>
ST_2 : Operation 49 [1/1] (0.00ns)   --->   "%response_user_theirPort_load = load i16 %response_user_theirPort" [/home/ubuntu/xup_vitis_network_example/NetLayers/100G-fpga-network-stack-core/synthesis_results_HBM/..//hls/UDP/udp.cpp:220]   --->   Operation 49 'load' 'response_user_theirPort_load' <Predicate = (repd_state_load & tmp_i_184)> <Delay = 0.00>
ST_2 : Operation 50 [1/1] (0.00ns)   --->   "%response_user_myPort_load = load i16 %response_user_myPort" [/home/ubuntu/xup_vitis_network_example/NetLayers/100G-fpga-network-stack-core/synthesis_results_HBM/..//hls/UDP/udp.cpp:220]   --->   Operation 50 'load' 'response_user_myPort_load' <Predicate = (repd_state_load & tmp_i_184)> <Delay = 0.00>
ST_2 : Operation 51 [1/1] (0.00ns)   --->   "%response_user_theirIP_load = load i32 %response_user_theirIP" [/home/ubuntu/xup_vitis_network_example/NetLayers/100G-fpga-network-stack-core/synthesis_results_HBM/..//hls/UDP/udp.cpp:220]   --->   Operation 51 'load' 'response_user_theirIP_load' <Predicate = (repd_state_load & tmp_i_184)> <Delay = 0.00>
ST_2 : Operation 52 [1/1] (0.00ns)   --->   "%response_user_myIP_load = load i32 %response_user_myIP" [/home/ubuntu/xup_vitis_network_example/NetLayers/100G-fpga-network-stack-core/synthesis_results_HBM/..//hls/UDP/udp.cpp:220]   --->   Operation 52 'load' 'response_user_myIP_load' <Predicate = (repd_state_load & tmp_i_184)> <Delay = 0.00>
ST_2 : Operation 53 [1/1] (0.00ns)   --->   "%sendWord_user = bitconcatenate i96 @_ssdm_op_BitConcatenate.i96.i32.i32.i16.i16, i32 %response_user_myIP_load, i32 %response_user_theirIP_load, i16 %response_user_myPort_load, i16 %response_user_theirPort_load" [/home/ubuntu/xup_vitis_network_example/NetLayers/100G-fpga-network-stack-core/synthesis_results_HBM/..//hls/UDP/udp.cpp:220]   --->   Operation 53 'bitconcatenate' 'sendWord_user' <Predicate = (repd_state_load & tmp_i_184)> <Delay = 0.00>
ST_2 : Operation 54 [2/2] (0.00ns)   --->   "%write_ln222 = write void @_ssdm_op_Write.axis.volatile.i512P0A.i64P0A.i64P0A.i96P0A.i1P0A.i16P0A, i512 %DataOutApp_V_data_V, i64 %DataOutApp_V_keep_V, i64 %DataOutApp_V_strb_V, i96 %DataOutApp_V_user_V, i1 %DataOutApp_V_last_V, i16 %DataOutApp_V_dest_V, i512 %currWord_data, i64 %currWord_keep, i64 0, i96 %sendWord_user, i1 %currWord_last, i16 %sendWord_dest" [/home/ubuntu/xup_vitis_network_example/NetLayers/100G-fpga-network-stack-core/synthesis_results_HBM/..//hls/UDP/udp.cpp:222]   --->   Operation 54 'write' 'write_ln222' <Predicate = (repd_state_load & tmp_i_184 & !response_drop_load)> <Delay = 0.00> <CoreInst = "axis">   --->   Core 123 'axis' <Latency = 0> <II = 1> <Delay = 1.00> <Adapter> <Opcode : >

State 3 <SV = 2> <Delay = 0.00>
ST_3 : Operation 55 [1/2] (0.00ns)   --->   "%write_ln222 = write void @_ssdm_op_Write.axis.volatile.i512P0A.i64P0A.i64P0A.i96P0A.i1P0A.i16P0A, i512 %DataOutApp_V_data_V, i64 %DataOutApp_V_keep_V, i64 %DataOutApp_V_strb_V, i96 %DataOutApp_V_user_V, i1 %DataOutApp_V_last_V, i16 %DataOutApp_V_dest_V, i512 %currWord_data, i64 %currWord_keep, i64 0, i96 %sendWord_user, i1 %currWord_last, i16 %sendWord_dest" [/home/ubuntu/xup_vitis_network_example/NetLayers/100G-fpga-network-stack-core/synthesis_results_HBM/..//hls/UDP/udp.cpp:222]   --->   Operation 55 'write' 'write_ln222' <Predicate = (repd_state_load & tmp_i_184 & !response_drop_load)> <Delay = 0.00> <CoreInst = "axis">   --->   Core 123 'axis' <Latency = 0> <II = 1> <Delay = 1.00> <Adapter> <Opcode : >
ST_3 : Operation 56 [1/1] (0.00ns)   --->   "%br_ln222 = br void %if.end11.i" [/home/ubuntu/xup_vitis_network_example/NetLayers/100G-fpga-network-stack-core/synthesis_results_HBM/..//hls/UDP/udp.cpp:222]   --->   Operation 56 'br' 'br_ln222' <Predicate = (repd_state_load & tmp_i_184 & !response_drop_load)> <Delay = 0.00>
ST_3 : Operation 57 [1/1] (0.00ns)   --->   "%ret_ln0 = ret"   --->   Operation 57 'ret' 'ret_ln0' <Predicate = true> <Delay = 0.00>


============================================================
+ Verbose Summary: Binding
============================================================
STG Binding: 
---------------- STG Properties BEGIN ----------------
- Is combinational: 0
- Is one-state seq: 0
- Is datapath-only: 0
- Is pipelined: 1
- Is top level: 0
Port [ Return ] is wired: 1; IO mode=ap_ctrl_hs:ce=0
Port [ DataOutApp_V_data_V]:  wired=1; compound=1; hidden=0; nouse=0; global=0; static=0; extern=0; dir=1; type=0; pingpong=0; private_global=0; IO mode=axis:ce=0
Port [ DataOutApp_V_keep_V]:  wired=1; compound=1; hidden=0; nouse=0; global=0; static=0; extern=0; dir=1; type=0; pingpong=0; private_global=0; IO mode=axis:ce=0
Port [ DataOutApp_V_strb_V]:  wired=1; compound=1; hidden=0; nouse=0; global=0; static=0; extern=0; dir=1; type=0; pingpong=0; private_global=0; IO mode=axis:ce=0
Port [ DataOutApp_V_user_V]:  wired=1; compound=1; hidden=0; nouse=0; global=0; static=0; extern=0; dir=1; type=0; pingpong=0; private_global=0; IO mode=axis:ce=0
Port [ DataOutApp_V_last_V]:  wired=1; compound=1; hidden=0; nouse=0; global=0; static=0; extern=0; dir=1; type=0; pingpong=0; private_global=0; IO mode=axis:ce=0
Port [ DataOutApp_V_dest_V]:  wired=1; compound=1; hidden=0; nouse=0; global=0; static=0; extern=0; dir=1; type=0; pingpong=0; private_global=0; IO mode=axis:ce=0
Port [ repd_state]:  wired=0; compound=0; hidden=1; nouse=0; global=1; static=1; extern=0; dir=2; type=0; pingpong=0; private_global=1; IO mode=ap_ovld:ce=0
Port [ response_drop]:  wired=0; compound=0; hidden=1; nouse=0; global=1; static=1; extern=0; dir=2; type=0; pingpong=0; private_global=1; IO mode=ap_ovld:ce=0
Port [ rthDropFifo]:  wired=1; compound=1; hidden=0; nouse=0; global=1; static=1; extern=0; dir=0; type=3; pingpong=0; private_global=0; IO mode=ap_fifo:ce=0
Port [ response_id]:  wired=0; compound=0; hidden=1; nouse=0; global=1; static=1; extern=0; dir=2; type=0; pingpong=0; private_global=1; IO mode=ap_ovld:ce=0
Port [ response_user_myIP]:  wired=0; compound=0; hidden=1; nouse=0; global=1; static=1; extern=0; dir=2; type=0; pingpong=0; private_global=1; IO mode=ap_ovld:ce=0
Port [ response_user_theirIP]:  wired=0; compound=0; hidden=1; nouse=0; global=1; static=1; extern=0; dir=2; type=0; pingpong=0; private_global=1; IO mode=ap_ovld:ce=0
Port [ response_user_myPort]:  wired=0; compound=0; hidden=1; nouse=0; global=1; static=1; extern=0; dir=2; type=0; pingpong=0; private_global=1; IO mode=ap_ovld:ce=0
Port [ response_user_theirPort]:  wired=0; compound=0; hidden=1; nouse=0; global=1; static=1; extern=0; dir=2; type=0; pingpong=0; private_global=1; IO mode=ap_ovld:ce=0
Port [ ureDataPayload]:  wired=1; compound=1; hidden=0; nouse=0; global=1; static=1; extern=0; dir=0; type=3; pingpong=0; private_global=0; IO mode=ap_fifo:ce=0
---------------- STG Properties END ------------------

---------------- Datapath Model BEGIN ----------------

<LifeTime>
<method=bitvector/>
specinterface_ln0            (specinterface      ) [ 0000]
specinterface_ln0            (specinterface      ) [ 0000]
specinterface_ln0            (specinterface      ) [ 0000]
specinterface_ln0            (specinterface      ) [ 0000]
specinterface_ln0            (specinterface      ) [ 0000]
specinterface_ln0            (specinterface      ) [ 0000]
specaxissidechannel_ln0      (specaxissidechannel) [ 0000]
specinterface_ln0            (specinterface      ) [ 0000]
specinterface_ln0            (specinterface      ) [ 0000]
specinterface_ln0            (specinterface      ) [ 0000]
specpipeline_ln0             (specpipeline       ) [ 0000]
repd_state_load              (load               ) [ 0111]
response_drop_load           (load               ) [ 0111]
br_ln206                     (br                 ) [ 0000]
tmp_i                        (nbreadreq          ) [ 0100]
br_ln208                     (br                 ) [ 0000]
rthDropFifo_read             (read               ) [ 0000]
trunc_ln209                  (trunc              ) [ 0000]
store_ln209                  (store              ) [ 0000]
tmp_60_i                     (partselect         ) [ 0000]
store_ln209                  (store              ) [ 0000]
tmp_61_i                     (partselect         ) [ 0000]
store_ln209                  (store              ) [ 0000]
tmp_62_i                     (partselect         ) [ 0000]
store_ln209                  (store              ) [ 0000]
tmp_63_i                     (partselect         ) [ 0000]
store_ln209                  (store              ) [ 0000]
tmp                          (bitselect          ) [ 0000]
store_ln209                  (store              ) [ 0000]
store_ln0                    (store              ) [ 0000]
br_ln211                     (br                 ) [ 0000]
br_ln212                     (br                 ) [ 0000]
tmp_i_184                    (nbreadreq          ) [ 0111]
br_ln214                     (br                 ) [ 0000]
ureDataPayload_read          (read               ) [ 0000]
currWord_data                (trunc              ) [ 0111]
currWord_keep                (partselect         ) [ 0111]
currWord_last                (bitselect          ) [ 0111]
br_ln221                     (br                 ) [ 0000]
br_ln223                     (br                 ) [ 0000]
store_ln0                    (store              ) [ 0000]
br_ln224                     (br                 ) [ 0000]
br_ln225                     (br                 ) [ 0000]
br_ln226                     (br                 ) [ 0000]
sendWord_dest                (load               ) [ 0101]
response_user_theirPort_load (load               ) [ 0000]
response_user_myPort_load    (load               ) [ 0000]
response_user_theirIP_load   (load               ) [ 0000]
response_user_myIP_load      (load               ) [ 0000]
sendWord_user                (bitconcatenate     ) [ 0101]
write_ln222                  (write              ) [ 0000]
br_ln222                     (br                 ) [ 0000]
ret_ln0                      (ret                ) [ 0000]
</LifeTime>

<model>

<comp_list>
<comp id="0" class="1000" name="DataOutApp_V_data_V">
<pin_list>
<pin id="1" dir="1" index="0" bw="1" slack="0"/>
</pin_list>
<bind>
<StgValue><ssdm name="DataOutApp_V_data_V"/></StgValue>
</bind>
</comp>

<comp id="2" class="1000" name="DataOutApp_V_keep_V">
<pin_list>
<pin id="3" dir="1" index="0" bw="1" slack="0"/>
</pin_list>
<bind>
<StgValue><ssdm name="DataOutApp_V_keep_V"/></StgValue>
</bind>
</comp>

<comp id="4" class="1000" name="DataOutApp_V_strb_V">
<pin_list>
<pin id="5" dir="1" index="0" bw="1" slack="0"/>
</pin_list>
<bind>
<StgValue><ssdm name="DataOutApp_V_strb_V"/></StgValue>
</bind>
</comp>

<comp id="6" class="1000" name="DataOutApp_V_user_V">
<pin_list>
<pin id="7" dir="1" index="0" bw="1" slack="0"/>
</pin_list>
<bind>
<StgValue><ssdm name="DataOutApp_V_user_V"/></StgValue>
</bind>
</comp>

<comp id="8" class="1000" name="DataOutApp_V_last_V">
<pin_list>
<pin id="9" dir="1" index="0" bw="1" slack="0"/>
</pin_list>
<bind>
<StgValue><ssdm name="DataOutApp_V_last_V"/></StgValue>
</bind>
</comp>

<comp id="10" class="1000" name="DataOutApp_V_dest_V">
<pin_list>
<pin id="11" dir="1" index="0" bw="1" slack="0"/>
</pin_list>
<bind>
<StgValue><ssdm name="DataOutApp_V_dest_V"/></StgValue>
</bind>
</comp>

<comp id="12" class="1000" name="repd_state">
<pin_list>
<pin id="13" dir="1" index="0" bw="1" slack="0"/>
</pin_list>
<bind>
<StgValue><ssdm name="repd_state"/></StgValue>
</bind>
</comp>

<comp id="14" class="1000" name="response_drop">
<pin_list>
<pin id="15" dir="1" index="0" bw="1" slack="0"/>
</pin_list>
<bind>
<StgValue><ssdm name="response_drop"/></StgValue>
</bind>
</comp>

<comp id="16" class="1000" name="rthDropFifo">
<pin_list>
<pin id="17" dir="1" index="0" bw="1" slack="0"/>
</pin_list>
<bind>
<StgValue><ssdm name="rthDropFifo"/></StgValue>
</bind>
</comp>

<comp id="18" class="1000" name="response_id">
<pin_list>
<pin id="19" dir="1" index="0" bw="1" slack="0"/>
</pin_list>
<bind>
<StgValue><ssdm name="response_id"/></StgValue>
</bind>
</comp>

<comp id="20" class="1000" name="response_user_myIP">
<pin_list>
<pin id="21" dir="1" index="0" bw="1" slack="0"/>
</pin_list>
<bind>
<StgValue><ssdm name="response_user_myIP"/></StgValue>
</bind>
</comp>

<comp id="22" class="1000" name="response_user_theirIP">
<pin_list>
<pin id="23" dir="1" index="0" bw="1" slack="0"/>
</pin_list>
<bind>
<StgValue><ssdm name="response_user_theirIP"/></StgValue>
</bind>
</comp>

<comp id="24" class="1000" name="response_user_myPort">
<pin_list>
<pin id="25" dir="1" index="0" bw="1" slack="0"/>
</pin_list>
<bind>
<StgValue><ssdm name="response_user_myPort"/></StgValue>
</bind>
</comp>

<comp id="26" class="1000" name="response_user_theirPort">
<pin_list>
<pin id="27" dir="1" index="0" bw="1" slack="0"/>
</pin_list>
<bind>
<StgValue><ssdm name="response_user_theirPort"/></StgValue>
</bind>
</comp>

<comp id="28" class="1000" name="ureDataPayload">
<pin_list>
<pin id="29" dir="1" index="0" bw="1" slack="0"/>
</pin_list>
<bind>
<StgValue><ssdm name="ureDataPayload"/></StgValue>
</bind>
</comp>

<comp id="30" class="1001" name="const_30">
<pin_list>
<pin id="31" dir="1" index="0" bw="1" slack="2147483647"/>
</pin_list>
<bind>
<StgValue><ssdm name="_ssdm_op_SpecInterface"/></StgValue>
</bind>
</comp>

<comp id="32" class="1001" name="const_32">
<pin_list>
<pin id="33" dir="1" index="0" bw="1" slack="2147483647"/>
</pin_list>
<bind>
<StgValue><ssdm name="empty_58"/></StgValue>
</bind>
</comp>

<comp id="34" class="1001" name="const_34">
<pin_list>
<pin id="35" dir="1" index="0" bw="1" slack="2147483647"/>
</pin_list>
<bind>
<StgValue><ssdm name=""/></StgValue>
</bind>
</comp>

<comp id="36" class="1001" name="const_36">
<pin_list>
<pin id="37" dir="1" index="0" bw="1" slack="2147483647"/>
</pin_list>
<bind>
<StgValue><ssdm name="empty_42"/></StgValue>
</bind>
</comp>

<comp id="38" class="1001" name="const_38">
<pin_list>
<pin id="39" dir="1" index="0" bw="1" slack="2147483647"/>
</pin_list>
<bind>
<StgValue><ssdm name=""/></StgValue>
</bind>
</comp>

<comp id="40" class="1001" name="const_40">
<pin_list>
<pin id="41" dir="1" index="0" bw="1" slack="2147483647"/>
</pin_list>
<bind>
<StgValue><ssdm name="_ssdm_op_SpecAXISSideChannel"/></StgValue>
</bind>
</comp>

<comp id="42" class="1001" name="const_42">
<pin_list>
<pin id="43" dir="1" index="0" bw="1" slack="2147483647"/>
</pin_list>
<bind>
<StgValue><ssdm name=""/></StgValue>
</bind>
</comp>

<comp id="44" class="1001" name="const_44">
<pin_list>
<pin id="45" dir="1" index="0" bw="1" slack="2147483647"/>
</pin_list>
<bind>
<StgValue><ssdm name="empty_9"/></StgValue>
</bind>
</comp>

<comp id="46" class="1001" name="const_46">
<pin_list>
<pin id="47" dir="1" index="0" bw="1" slack="2147483647"/>
</pin_list>
<bind>
<StgValue><ssdm name="empty_0"/></StgValue>
</bind>
</comp>

<comp id="48" class="1001" name="const_48">
<pin_list>
<pin id="49" dir="1" index="0" bw="1" slack="0"/>
</pin_list>
<bind>
<StgValue><ssdm name=""/></StgValue>
</bind>
</comp>

<comp id="50" class="1001" name="const_50">
<pin_list>
<pin id="51" dir="1" index="0" bw="1" slack="2147483647"/>
</pin_list>
<bind>
<StgValue><ssdm name="empty_2"/></StgValue>
</bind>
</comp>

<comp id="52" class="1001" name="const_52">
<pin_list>
<pin id="53" dir="1" index="0" bw="1" slack="2147483647"/>
</pin_list>
<bind>
<StgValue><ssdm name="_ssdm_op_SpecPipeline"/></StgValue>
</bind>
</comp>

<comp id="54" class="1001" name="const_54">
<pin_list>
<pin id="55" dir="1" index="0" bw="1" slack="0"/>
</pin_list>
<bind>
<StgValue><ssdm name="_ssdm_op_NbReadReq.ap_fifo.i160P0A"/></StgValue>
</bind>
</comp>

<comp id="56" class="1001" name="const_56">
<pin_list>
<pin id="57" dir="1" index="0" bw="1" slack="0"/>
</pin_list>
<bind>
<StgValue><ssdm name="_ssdm_op_Read.ap_fifo.volatile.i160P0A"/></StgValue>
</bind>
</comp>

<comp id="58" class="1001" name="const_58">
<pin_list>
<pin id="59" dir="1" index="0" bw="1" slack="0"/>
</pin_list>
<bind>
<StgValue><ssdm name="_ssdm_op_PartSelect.i32.i160.i32.i32"/></StgValue>
</bind>
</comp>

<comp id="60" class="1001" name="const_60">
<pin_list>
<pin id="61" dir="1" index="0" bw="1" slack="0"/>
</pin_list>
<bind>
<StgValue><ssdm name=""/></StgValue>
</bind>
</comp>

<comp id="62" class="1001" name="const_62">
<pin_list>
<pin id="63" dir="1" index="0" bw="1" slack="0"/>
</pin_list>
<bind>
<StgValue><ssdm name=""/></StgValue>
</bind>
</comp>

<comp id="64" class="1001" name="const_64">
<pin_list>
<pin id="65" dir="1" index="0" bw="1" slack="0"/>
</pin_list>
<bind>
<StgValue><ssdm name=""/></StgValue>
</bind>
</comp>

<comp id="66" class="1001" name="const_66">
<pin_list>
<pin id="67" dir="1" index="0" bw="1" slack="0"/>
</pin_list>
<bind>
<StgValue><ssdm name=""/></StgValue>
</bind>
</comp>

<comp id="68" class="1001" name="const_68">
<pin_list>
<pin id="69" dir="1" index="0" bw="1" slack="0"/>
</pin_list>
<bind>
<StgValue><ssdm name="_ssdm_op_PartSelect.i16.i160.i32.i32"/></StgValue>
</bind>
</comp>

<comp id="70" class="1001" name="const_70">
<pin_list>
<pin id="71" dir="1" index="0" bw="1" slack="0"/>
</pin_list>
<bind>
<StgValue><ssdm name=""/></StgValue>
</bind>
</comp>

<comp id="72" class="1001" name="const_72">
<pin_list>
<pin id="73" dir="1" index="0" bw="1" slack="0"/>
</pin_list>
<bind>
<StgValue><ssdm name=""/></StgValue>
</bind>
</comp>

<comp id="74" class="1001" name="const_74">
<pin_list>
<pin id="75" dir="1" index="0" bw="1" slack="0"/>
</pin_list>
<bind>
<StgValue><ssdm name=""/></StgValue>
</bind>
</comp>

<comp id="76" class="1001" name="const_76">
<pin_list>
<pin id="77" dir="1" index="0" bw="1" slack="0"/>
</pin_list>
<bind>
<StgValue><ssdm name=""/></StgValue>
</bind>
</comp>

<comp id="78" class="1001" name="const_78">
<pin_list>
<pin id="79" dir="1" index="0" bw="1" slack="0"/>
</pin_list>
<bind>
<StgValue><ssdm name="_ssdm_op_BitSelect.i1.i160.i160"/></StgValue>
</bind>
</comp>

<comp id="80" class="1001" name="const_80">
<pin_list>
<pin id="81" dir="1" index="0" bw="1" slack="0"/>
</pin_list>
<bind>
<StgValue><ssdm name=""/></StgValue>
</bind>
</comp>

<comp id="82" class="1001" name="const_82">
<pin_list>
<pin id="83" dir="1" index="0" bw="1" slack="0"/>
</pin_list>
<bind>
<StgValue><ssdm name=""/></StgValue>
</bind>
</comp>

<comp id="84" class="1001" name="const_84">
<pin_list>
<pin id="85" dir="1" index="0" bw="1" slack="0"/>
</pin_list>
<bind>
<StgValue><ssdm name="_ssdm_op_NbReadReq.ap_fifo.i1024P0A"/></StgValue>
</bind>
</comp>

<comp id="86" class="1001" name="const_86">
<pin_list>
<pin id="87" dir="1" index="0" bw="1" slack="0"/>
</pin_list>
<bind>
<StgValue><ssdm name="_ssdm_op_Read.ap_fifo.volatile.i1024P0A"/></StgValue>
</bind>
</comp>

<comp id="88" class="1001" name="const_88">
<pin_list>
<pin id="89" dir="1" index="0" bw="1" slack="0"/>
</pin_list>
<bind>
<StgValue><ssdm name="_ssdm_op_PartSelect.i64.i1024.i32.i32"/></StgValue>
</bind>
</comp>

<comp id="90" class="1001" name="const_90">
<pin_list>
<pin id="91" dir="1" index="0" bw="1" slack="0"/>
</pin_list>
<bind>
<StgValue><ssdm name=""/></StgValue>
</bind>
</comp>

<comp id="92" class="1001" name="const_92">
<pin_list>
<pin id="93" dir="1" index="0" bw="1" slack="0"/>
</pin_list>
<bind>
<StgValue><ssdm name=""/></StgValue>
</bind>
</comp>

<comp id="94" class="1001" name="const_94">
<pin_list>
<pin id="95" dir="1" index="0" bw="1" slack="0"/>
</pin_list>
<bind>
<StgValue><ssdm name="_ssdm_op_BitSelect.i1.i1024.i1024"/></StgValue>
</bind>
</comp>

<comp id="96" class="1001" name="const_96">
<pin_list>
<pin id="97" dir="1" index="0" bw="1" slack="0"/>
</pin_list>
<bind>
<StgValue><ssdm name=""/></StgValue>
</bind>
</comp>

<comp id="98" class="1001" name="const_98">
<pin_list>
<pin id="99" dir="1" index="0" bw="1" slack="0"/>
</pin_list>
<bind>
<StgValue><ssdm name=""/></StgValue>
</bind>
</comp>

<comp id="100" class="1001" name="const_100">
<pin_list>
<pin id="101" dir="1" index="0" bw="1" slack="0"/>
</pin_list>
<bind>
<StgValue><ssdm name="_ssdm_op_BitConcatenate.i96.i32.i32.i16.i16"/></StgValue>
</bind>
</comp>

<comp id="102" class="1001" name="const_102">
<pin_list>
<pin id="103" dir="1" index="0" bw="1" slack="0"/>
</pin_list>
<bind>
<StgValue><ssdm name="_ssdm_op_Write.axis.volatile.i512P0A.i64P0A.i64P0A.i96P0A.i1P0A.i16P0A"/></StgValue>
</bind>
</comp>

<comp id="104" class="1001" name="const_104">
<pin_list>
<pin id="105" dir="1" index="0" bw="1" slack="0"/>
</pin_list>
<bind>
<StgValue><ssdm name=""/></StgValue>
</bind>
</comp>

<comp id="106" class="1004" name="tmp_i_nbreadreq_fu_106">
<pin_list>
<pin id="107" dir="0" index="0" bw="1" slack="0"/>
<pin id="108" dir="0" index="1" bw="160" slack="0"/>
<pin id="109" dir="0" index="2" bw="1" slack="0"/>
<pin id="110" dir="1" index="3" bw="1" slack="2147483647"/>
</pin_list>
<bind>
<opcode="nbreadreq(1156) " fcode="nbreadreq"/>
<opset="tmp_i/1 "/>
</bind>
</comp>

<comp id="114" class="1004" name="rthDropFifo_read_read_fu_114">
<pin_list>
<pin id="115" dir="0" index="0" bw="160" slack="0"/>
<pin id="116" dir="0" index="1" bw="160" slack="0"/>
<pin id="117" dir="1" index="2" bw="160" slack="0"/>
</pin_list>
<bind>
<opcode="read(1150) " fcode="read"/>
<opset="rthDropFifo_read/1 "/>
</bind>
</comp>

<comp id="120" class="1004" name="tmp_i_184_nbreadreq_fu_120">
<pin_list>
<pin id="121" dir="0" index="0" bw="1" slack="0"/>
<pin id="122" dir="0" index="1" bw="1024" slack="0"/>
<pin id="123" dir="0" index="2" bw="1" slack="0"/>
<pin id="124" dir="1" index="3" bw="1" slack="1"/>
</pin_list>
<bind>
<opcode="nbreadreq(1156) " fcode="nbreadreq"/>
<opset="tmp_i_184/1 "/>
</bind>
</comp>

<comp id="128" class="1004" name="ureDataPayload_read_read_fu_128">
<pin_list>
<pin id="129" dir="0" index="0" bw="1024" slack="0"/>
<pin id="130" dir="0" index="1" bw="1024" slack="0"/>
<pin id="131" dir="1" index="2" bw="1024" slack="0"/>
</pin_list>
<bind>
<opcode="read(1150) " fcode="read"/>
<opset="ureDataPayload_read/1 "/>
</bind>
</comp>

<comp id="134" class="1004" name="grp_write_fu_134">
<pin_list>
<pin id="135" dir="0" index="0" bw="0" slack="0"/>
<pin id="136" dir="0" index="1" bw="512" slack="0"/>
<pin id="137" dir="0" index="2" bw="64" slack="0"/>
<pin id="138" dir="0" index="3" bw="64" slack="0"/>
<pin id="139" dir="0" index="4" bw="96" slack="0"/>
<pin id="140" dir="0" index="5" bw="1" slack="0"/>
<pin id="141" dir="0" index="6" bw="16" slack="0"/>
<pin id="142" dir="0" index="7" bw="512" slack="1"/>
<pin id="143" dir="0" index="8" bw="64" slack="1"/>
<pin id="144" dir="0" index="9" bw="1" slack="0"/>
<pin id="145" dir="0" index="10" bw="96" slack="0"/>
<pin id="146" dir="0" index="11" bw="1" slack="1"/>
<pin id="147" dir="0" index="12" bw="16" slack="0"/>
<pin id="148" dir="1" index="13" bw="0" slack="2147483647"/>
</pin_list>
<bind>
<opcode="write(1151) " fcode="write"/>
<opset="write_ln222/2 "/>
</bind>
</comp>

<comp id="157" class="1004" name="repd_state_load_load_fu_157">
<pin_list>
<pin id="158" dir="0" index="0" bw="1" slack="0"/>
<pin id="159" dir="1" index="1" bw="1" slack="1"/>
</pin_list>
<bind>
<opcode="load(27) " fcode="load"/>
<opset="repd_state_load/1 "/>
</bind>
</comp>

<comp id="161" class="1004" name="response_drop_load_load_fu_161">
<pin_list>
<pin id="162" dir="0" index="0" bw="1" slack="0"/>
<pin id="163" dir="1" index="1" bw="1" slack="1"/>
</pin_list>
<bind>
<opcode="load(27) " fcode="load"/>
<opset="response_drop_load/1 "/>
</bind>
</comp>

<comp id="165" class="1004" name="trunc_ln209_fu_165">
<pin_list>
<pin id="166" dir="0" index="0" bw="160" slack="0"/>
<pin id="167" dir="1" index="1" bw="16" slack="0"/>
</pin_list>
<bind>
<opcode="trunc(33) " fcode="trunc"/>
<opset="trunc_ln209/1 "/>
</bind>
</comp>

<comp id="169" class="1004" name="store_ln209_store_fu_169">
<pin_list>
<pin id="170" dir="0" index="0" bw="16" slack="0"/>
<pin id="171" dir="0" index="1" bw="16" slack="0"/>
<pin id="172" dir="1" index="2" bw="0" slack="2147483647"/>
</pin_list>
<bind>
<opcode="store(28) " fcode="store"/>
<opset="store_ln209/1 "/>
</bind>
</comp>

<comp id="175" class="1004" name="tmp_60_i_fu_175">
<pin_list>
<pin id="176" dir="0" index="0" bw="32" slack="0"/>
<pin id="177" dir="0" index="1" bw="160" slack="0"/>
<pin id="178" dir="0" index="2" bw="7" slack="0"/>
<pin id="179" dir="0" index="3" bw="7" slack="0"/>
<pin id="180" dir="1" index="4" bw="32" slack="0"/>
</pin_list>
<bind>
<opcode="partselect(1002) " fcode="partselect"/>
<opset="tmp_60_i/1 "/>
</bind>
</comp>

<comp id="185" class="1004" name="store_ln209_store_fu_185">
<pin_list>
<pin id="186" dir="0" index="0" bw="32" slack="0"/>
<pin id="187" dir="0" index="1" bw="32" slack="0"/>
<pin id="188" dir="1" index="2" bw="0" slack="2147483647"/>
</pin_list>
<bind>
<opcode="store(28) " fcode="store"/>
<opset="store_ln209/1 "/>
</bind>
</comp>

<comp id="191" class="1004" name="tmp_61_i_fu_191">
<pin_list>
<pin id="192" dir="0" index="0" bw="32" slack="0"/>
<pin id="193" dir="0" index="1" bw="160" slack="0"/>
<pin id="194" dir="0" index="2" bw="8" slack="0"/>
<pin id="195" dir="0" index="3" bw="8" slack="0"/>
<pin id="196" dir="1" index="4" bw="32" slack="0"/>
</pin_list>
<bind>
<opcode="partselect(1002) " fcode="partselect"/>
<opset="tmp_61_i/1 "/>
</bind>
</comp>

<comp id="201" class="1004" name="store_ln209_store_fu_201">
<pin_list>
<pin id="202" dir="0" index="0" bw="32" slack="0"/>
<pin id="203" dir="0" index="1" bw="32" slack="0"/>
<pin id="204" dir="1" index="2" bw="0" slack="2147483647"/>
</pin_list>
<bind>
<opcode="store(28) " fcode="store"/>
<opset="store_ln209/1 "/>
</bind>
</comp>

<comp id="207" class="1004" name="tmp_62_i_fu_207">
<pin_list>
<pin id="208" dir="0" index="0" bw="16" slack="0"/>
<pin id="209" dir="0" index="1" bw="160" slack="0"/>
<pin id="210" dir="0" index="2" bw="8" slack="0"/>
<pin id="211" dir="0" index="3" bw="8" slack="0"/>
<pin id="212" dir="1" index="4" bw="16" slack="0"/>
</pin_list>
<bind>
<opcode="partselect(1002) " fcode="partselect"/>
<opset="tmp_62_i/1 "/>
</bind>
</comp>

<comp id="217" class="1004" name="store_ln209_store_fu_217">
<pin_list>
<pin id="218" dir="0" index="0" bw="16" slack="0"/>
<pin id="219" dir="0" index="1" bw="16" slack="0"/>
<pin id="220" dir="1" index="2" bw="0" slack="2147483647"/>
</pin_list>
<bind>
<opcode="store(28) " fcode="store"/>
<opset="store_ln209/1 "/>
</bind>
</comp>

<comp id="223" class="1004" name="tmp_63_i_fu_223">
<pin_list>
<pin id="224" dir="0" index="0" bw="16" slack="0"/>
<pin id="225" dir="0" index="1" bw="160" slack="0"/>
<pin id="226" dir="0" index="2" bw="8" slack="0"/>
<pin id="227" dir="0" index="3" bw="8" slack="0"/>
<pin id="228" dir="1" index="4" bw="16" slack="0"/>
</pin_list>
<bind>
<opcode="partselect(1002) " fcode="partselect"/>
<opset="tmp_63_i/1 "/>
</bind>
</comp>

<comp id="233" class="1004" name="store_ln209_store_fu_233">
<pin_list>
<pin id="234" dir="0" index="0" bw="16" slack="0"/>
<pin id="235" dir="0" index="1" bw="16" slack="0"/>
<pin id="236" dir="1" index="2" bw="0" slack="2147483647"/>
</pin_list>
<bind>
<opcode="store(28) " fcode="store"/>
<opset="store_ln209/1 "/>
</bind>
</comp>

<comp id="239" class="1004" name="tmp_fu_239">
<pin_list>
<pin id="240" dir="0" index="0" bw="1" slack="0"/>
<pin id="241" dir="0" index="1" bw="160" slack="0"/>
<pin id="242" dir="0" index="2" bw="9" slack="0"/>
<pin id="243" dir="1" index="3" bw="1" slack="0"/>
</pin_list>
<bind>
<opcode="bitselect(1000) " fcode="bitselect"/>
<opset="tmp/1 "/>
</bind>
</comp>

<comp id="247" class="1004" name="store_ln209_store_fu_247">
<pin_list>
<pin id="248" dir="0" index="0" bw="1" slack="0"/>
<pin id="249" dir="0" index="1" bw="1" slack="0"/>
<pin id="250" dir="1" index="2" bw="0" slack="2147483647"/>
</pin_list>
<bind>
<opcode="store(28) " fcode="store"/>
<opset="store_ln209/1 "/>
</bind>
</comp>

<comp id="253" class="1004" name="store_ln0_store_fu_253">
<pin_list>
<pin id="254" dir="0" index="0" bw="1" slack="0"/>
<pin id="255" dir="0" index="1" bw="1" slack="0"/>
<pin id="256" dir="1" index="2" bw="0" slack="2147483647"/>
</pin_list>
<bind>
<opcode="store(28) " fcode="store"/>
<opset="store_ln0/1 "/>
</bind>
</comp>

<comp id="259" class="1004" name="currWord_data_fu_259">
<pin_list>
<pin id="260" dir="0" index="0" bw="1024" slack="0"/>
<pin id="261" dir="1" index="1" bw="512" slack="1"/>
</pin_list>
<bind>
<opcode="trunc(33) " fcode="trunc"/>
<opset="currWord_data/1 "/>
</bind>
</comp>

<comp id="263" class="1004" name="currWord_keep_fu_263">
<pin_list>
<pin id="264" dir="0" index="0" bw="64" slack="0"/>
<pin id="265" dir="0" index="1" bw="1024" slack="0"/>
<pin id="266" dir="0" index="2" bw="11" slack="0"/>
<pin id="267" dir="0" index="3" bw="11" slack="0"/>
<pin id="268" dir="1" index="4" bw="64" slack="1"/>
</pin_list>
<bind>
<opcode="partselect(1002) " fcode="partselect"/>
<opset="currWord_keep/1 "/>
</bind>
</comp>

<comp id="273" class="1004" name="currWord_last_fu_273">
<pin_list>
<pin id="274" dir="0" index="0" bw="1" slack="0"/>
<pin id="275" dir="0" index="1" bw="1024" slack="0"/>
<pin id="276" dir="0" index="2" bw="11" slack="0"/>
<pin id="277" dir="1" index="3" bw="1" slack="1"/>
</pin_list>
<bind>
<opcode="bitselect(1000) " fcode="bitselect"/>
<opset="currWord_last/1 "/>
</bind>
</comp>

<comp id="281" class="1004" name="store_ln0_store_fu_281">
<pin_list>
<pin id="282" dir="0" index="0" bw="1" slack="0"/>
<pin id="283" dir="0" index="1" bw="1" slack="0"/>
<pin id="284" dir="1" index="2" bw="0" slack="2147483647"/>
</pin_list>
<bind>
<opcode="store(28) " fcode="store"/>
<opset="store_ln0/1 "/>
</bind>
</comp>

<comp id="287" class="1004" name="sendWord_dest_load_fu_287">
<pin_list>
<pin id="288" dir="0" index="0" bw="16" slack="0"/>
<pin id="289" dir="1" index="1" bw="16" slack="0"/>
</pin_list>
<bind>
<opcode="load(27) " fcode="load"/>
<opset="sendWord_dest/2 "/>
</bind>
</comp>

<comp id="292" class="1004" name="response_user_theirPort_load_load_fu_292">
<pin_list>
<pin id="293" dir="0" index="0" bw="16" slack="0"/>
<pin id="294" dir="1" index="1" bw="16" slack="0"/>
</pin_list>
<bind>
<opcode="load(27) " fcode="load"/>
<opset="response_user_theirPort_load/2 "/>
</bind>
</comp>

<comp id="296" class="1004" name="response_user_myPort_load_load_fu_296">
<pin_list>
<pin id="297" dir="0" index="0" bw="16" slack="0"/>
<pin id="298" dir="1" index="1" bw="16" slack="0"/>
</pin_list>
<bind>
<opcode="load(27) " fcode="load"/>
<opset="response_user_myPort_load/2 "/>
</bind>
</comp>

<comp id="300" class="1004" name="response_user_theirIP_load_load_fu_300">
<pin_list>
<pin id="301" dir="0" index="0" bw="32" slack="0"/>
<pin id="302" dir="1" index="1" bw="32" slack="0"/>
</pin_list>
<bind>
<opcode="load(27) " fcode="load"/>
<opset="response_user_theirIP_load/2 "/>
</bind>
</comp>

<comp id="304" class="1004" name="response_user_myIP_load_load_fu_304">
<pin_list>
<pin id="305" dir="0" index="0" bw="32" slack="0"/>
<pin id="306" dir="1" index="1" bw="32" slack="0"/>
</pin_list>
<bind>
<opcode="load(27) " fcode="load"/>
<opset="response_user_myIP_load/2 "/>
</bind>
</comp>

<comp id="308" class="1004" name="sendWord_user_fu_308">
<pin_list>
<pin id="309" dir="0" index="0" bw="96" slack="0"/>
<pin id="310" dir="0" index="1" bw="32" slack="0"/>
<pin id="311" dir="0" index="2" bw="32" slack="0"/>
<pin id="312" dir="0" index="3" bw="16" slack="0"/>
<pin id="313" dir="0" index="4" bw="16" slack="0"/>
<pin id="314" dir="1" index="5" bw="96" slack="0"/>
</pin_list>
<bind>
<opcode="bitconcatenate(1004) " fcode="bitconcatenate"/>
<opset="sendWord_user/2 "/>
</bind>
</comp>

<comp id="321" class="1005" name="repd_state_load_reg_321">
<pin_list>
<pin id="322" dir="0" index="0" bw="1" slack="1"/>
<pin id="323" dir="1" index="1" bw="1" slack="2147483647"/>
</pin_list>
<bind>
<opset="repd_state_load "/>
</bind>
</comp>

<comp id="325" class="1005" name="response_drop_load_reg_325">
<pin_list>
<pin id="326" dir="0" index="0" bw="1" slack="1"/>
<pin id="327" dir="1" index="1" bw="1" slack="2147483647"/>
</pin_list>
<bind>
<opset="response_drop_load "/>
</bind>
</comp>

<comp id="332" class="1005" name="tmp_i_184_reg_332">
<pin_list>
<pin id="333" dir="0" index="0" bw="1" slack="1"/>
<pin id="334" dir="1" index="1" bw="1" slack="2147483647"/>
</pin_list>
<bind>
<opset="tmp_i_184 "/>
</bind>
</comp>

<comp id="336" class="1005" name="currWord_data_reg_336">
<pin_list>
<pin id="337" dir="0" index="0" bw="512" slack="1"/>
<pin id="338" dir="1" index="1" bw="512" slack="1"/>
</pin_list>
<bind>
<opset="currWord_data "/>
</bind>
</comp>

<comp id="341" class="1005" name="currWord_keep_reg_341">
<pin_list>
<pin id="342" dir="0" index="0" bw="64" slack="1"/>
<pin id="343" dir="1" index="1" bw="64" slack="1"/>
</pin_list>
<bind>
<opset="currWord_keep "/>
</bind>
</comp>

<comp id="346" class="1005" name="currWord_last_reg_346">
<pin_list>
<pin id="347" dir="0" index="0" bw="1" slack="1"/>
<pin id="348" dir="1" index="1" bw="1" slack="1"/>
</pin_list>
<bind>
<opset="currWord_last "/>
</bind>
</comp>

<comp id="351" class="1005" name="sendWord_dest_reg_351">
<pin_list>
<pin id="352" dir="0" index="0" bw="16" slack="1"/>
<pin id="353" dir="1" index="1" bw="16" slack="1"/>
</pin_list>
<bind>
<opset="sendWord_dest "/>
</bind>
</comp>

<comp id="356" class="1005" name="sendWord_user_reg_356">
<pin_list>
<pin id="357" dir="0" index="0" bw="96" slack="1"/>
<pin id="358" dir="1" index="1" bw="96" slack="1"/>
</pin_list>
<bind>
<opset="sendWord_user "/>
</bind>
</comp>

</comp_list>

<net_list>
<net id="111"><net_src comp="54" pin="0"/><net_sink comp="106" pin=0"/></net>

<net id="112"><net_src comp="16" pin="0"/><net_sink comp="106" pin=1"/></net>

<net id="113"><net_src comp="48" pin="0"/><net_sink comp="106" pin=2"/></net>

<net id="118"><net_src comp="56" pin="0"/><net_sink comp="114" pin=0"/></net>

<net id="119"><net_src comp="16" pin="0"/><net_sink comp="114" pin=1"/></net>

<net id="125"><net_src comp="84" pin="0"/><net_sink comp="120" pin=0"/></net>

<net id="126"><net_src comp="28" pin="0"/><net_sink comp="120" pin=1"/></net>

<net id="127"><net_src comp="48" pin="0"/><net_sink comp="120" pin=2"/></net>

<net id="132"><net_src comp="86" pin="0"/><net_sink comp="128" pin=0"/></net>

<net id="133"><net_src comp="28" pin="0"/><net_sink comp="128" pin=1"/></net>

<net id="149"><net_src comp="102" pin="0"/><net_sink comp="134" pin=0"/></net>

<net id="150"><net_src comp="0" pin="0"/><net_sink comp="134" pin=1"/></net>

<net id="151"><net_src comp="2" pin="0"/><net_sink comp="134" pin=2"/></net>

<net id="152"><net_src comp="4" pin="0"/><net_sink comp="134" pin=3"/></net>

<net id="153"><net_src comp="6" pin="0"/><net_sink comp="134" pin=4"/></net>

<net id="154"><net_src comp="8" pin="0"/><net_sink comp="134" pin=5"/></net>

<net id="155"><net_src comp="10" pin="0"/><net_sink comp="134" pin=6"/></net>

<net id="156"><net_src comp="104" pin="0"/><net_sink comp="134" pin=9"/></net>

<net id="160"><net_src comp="12" pin="0"/><net_sink comp="157" pin=0"/></net>

<net id="164"><net_src comp="14" pin="0"/><net_sink comp="161" pin=0"/></net>

<net id="168"><net_src comp="114" pin="2"/><net_sink comp="165" pin=0"/></net>

<net id="173"><net_src comp="165" pin="1"/><net_sink comp="169" pin=0"/></net>

<net id="174"><net_src comp="18" pin="0"/><net_sink comp="169" pin=1"/></net>

<net id="181"><net_src comp="58" pin="0"/><net_sink comp="175" pin=0"/></net>

<net id="182"><net_src comp="114" pin="2"/><net_sink comp="175" pin=1"/></net>

<net id="183"><net_src comp="60" pin="0"/><net_sink comp="175" pin=2"/></net>

<net id="184"><net_src comp="62" pin="0"/><net_sink comp="175" pin=3"/></net>

<net id="189"><net_src comp="175" pin="4"/><net_sink comp="185" pin=0"/></net>

<net id="190"><net_src comp="20" pin="0"/><net_sink comp="185" pin=1"/></net>

<net id="197"><net_src comp="58" pin="0"/><net_sink comp="191" pin=0"/></net>

<net id="198"><net_src comp="114" pin="2"/><net_sink comp="191" pin=1"/></net>

<net id="199"><net_src comp="64" pin="0"/><net_sink comp="191" pin=2"/></net>

<net id="200"><net_src comp="66" pin="0"/><net_sink comp="191" pin=3"/></net>

<net id="205"><net_src comp="191" pin="4"/><net_sink comp="201" pin=0"/></net>

<net id="206"><net_src comp="22" pin="0"/><net_sink comp="201" pin=1"/></net>

<net id="213"><net_src comp="68" pin="0"/><net_sink comp="207" pin=0"/></net>

<net id="214"><net_src comp="114" pin="2"/><net_sink comp="207" pin=1"/></net>

<net id="215"><net_src comp="70" pin="0"/><net_sink comp="207" pin=2"/></net>

<net id="216"><net_src comp="72" pin="0"/><net_sink comp="207" pin=3"/></net>

<net id="221"><net_src comp="207" pin="4"/><net_sink comp="217" pin=0"/></net>

<net id="222"><net_src comp="24" pin="0"/><net_sink comp="217" pin=1"/></net>

<net id="229"><net_src comp="68" pin="0"/><net_sink comp="223" pin=0"/></net>

<net id="230"><net_src comp="114" pin="2"/><net_sink comp="223" pin=1"/></net>

<net id="231"><net_src comp="74" pin="0"/><net_sink comp="223" pin=2"/></net>

<net id="232"><net_src comp="76" pin="0"/><net_sink comp="223" pin=3"/></net>

<net id="237"><net_src comp="223" pin="4"/><net_sink comp="233" pin=0"/></net>

<net id="238"><net_src comp="26" pin="0"/><net_sink comp="233" pin=1"/></net>

<net id="244"><net_src comp="78" pin="0"/><net_sink comp="239" pin=0"/></net>

<net id="245"><net_src comp="114" pin="2"/><net_sink comp="239" pin=1"/></net>

<net id="246"><net_src comp="80" pin="0"/><net_sink comp="239" pin=2"/></net>

<net id="251"><net_src comp="239" pin="3"/><net_sink comp="247" pin=0"/></net>

<net id="252"><net_src comp="14" pin="0"/><net_sink comp="247" pin=1"/></net>

<net id="257"><net_src comp="82" pin="0"/><net_sink comp="253" pin=0"/></net>

<net id="258"><net_src comp="12" pin="0"/><net_sink comp="253" pin=1"/></net>

<net id="262"><net_src comp="128" pin="2"/><net_sink comp="259" pin=0"/></net>

<net id="269"><net_src comp="88" pin="0"/><net_sink comp="263" pin=0"/></net>

<net id="270"><net_src comp="128" pin="2"/><net_sink comp="263" pin=1"/></net>

<net id="271"><net_src comp="90" pin="0"/><net_sink comp="263" pin=2"/></net>

<net id="272"><net_src comp="92" pin="0"/><net_sink comp="263" pin=3"/></net>

<net id="278"><net_src comp="94" pin="0"/><net_sink comp="273" pin=0"/></net>

<net id="279"><net_src comp="128" pin="2"/><net_sink comp="273" pin=1"/></net>

<net id="280"><net_src comp="96" pin="0"/><net_sink comp="273" pin=2"/></net>

<net id="285"><net_src comp="98" pin="0"/><net_sink comp="281" pin=0"/></net>

<net id="286"><net_src comp="12" pin="0"/><net_sink comp="281" pin=1"/></net>

<net id="290"><net_src comp="18" pin="0"/><net_sink comp="287" pin=0"/></net>

<net id="291"><net_src comp="287" pin="1"/><net_sink comp="134" pin=12"/></net>

<net id="295"><net_src comp="26" pin="0"/><net_sink comp="292" pin=0"/></net>

<net id="299"><net_src comp="24" pin="0"/><net_sink comp="296" pin=0"/></net>

<net id="303"><net_src comp="22" pin="0"/><net_sink comp="300" pin=0"/></net>

<net id="307"><net_src comp="20" pin="0"/><net_sink comp="304" pin=0"/></net>

<net id="315"><net_src comp="100" pin="0"/><net_sink comp="308" pin=0"/></net>

<net id="316"><net_src comp="304" pin="1"/><net_sink comp="308" pin=1"/></net>

<net id="317"><net_src comp="300" pin="1"/><net_sink comp="308" pin=2"/></net>

<net id="318"><net_src comp="296" pin="1"/><net_sink comp="308" pin=3"/></net>

<net id="319"><net_src comp="292" pin="1"/><net_sink comp="308" pin=4"/></net>

<net id="320"><net_src comp="308" pin="5"/><net_sink comp="134" pin=10"/></net>

<net id="324"><net_src comp="157" pin="1"/><net_sink comp="321" pin=0"/></net>

<net id="328"><net_src comp="161" pin="1"/><net_sink comp="325" pin=0"/></net>

<net id="335"><net_src comp="120" pin="3"/><net_sink comp="332" pin=0"/></net>

<net id="339"><net_src comp="259" pin="1"/><net_sink comp="336" pin=0"/></net>

<net id="340"><net_src comp="336" pin="1"/><net_sink comp="134" pin=7"/></net>

<net id="344"><net_src comp="263" pin="4"/><net_sink comp="341" pin=0"/></net>

<net id="345"><net_src comp="341" pin="1"/><net_sink comp="134" pin=8"/></net>

<net id="349"><net_src comp="273" pin="3"/><net_sink comp="346" pin=0"/></net>

<net id="350"><net_src comp="346" pin="1"/><net_sink comp="134" pin=11"/></net>

<net id="354"><net_src comp="287" pin="1"/><net_sink comp="351" pin=0"/></net>

<net id="355"><net_src comp="351" pin="1"/><net_sink comp="134" pin=12"/></net>

<net id="359"><net_src comp="308" pin="5"/><net_sink comp="356" pin=0"/></net>

<net id="360"><net_src comp="356" pin="1"/><net_sink comp="134" pin=10"/></net>

</net_list>

</model> 
---------------- Datapath Model END ------------------

* FSMD analyzer results:
  - Output states:
	Port: DataOutApp_V_data_V | {3 }
	Port: DataOutApp_V_keep_V | {3 }
	Port: DataOutApp_V_strb_V | {3 }
	Port: DataOutApp_V_user_V | {3 }
	Port: DataOutApp_V_last_V | {3 }
	Port: DataOutApp_V_dest_V | {3 }
	Port: repd_state | {1 }
	Port: response_drop | {1 }
	Port: response_id | {1 }
	Port: response_user_myIP | {1 }
	Port: response_user_theirIP | {1 }
	Port: response_user_myPort | {1 }
	Port: response_user_theirPort | {1 }
 - Input state : 
	Port: rxEngPacketDropper : repd_state | {1 }
	Port: rxEngPacketDropper : response_drop | {1 }
	Port: rxEngPacketDropper : rthDropFifo | {1 }
	Port: rxEngPacketDropper : response_id | {2 }
	Port: rxEngPacketDropper : response_user_myIP | {2 }
	Port: rxEngPacketDropper : response_user_theirIP | {2 }
	Port: rxEngPacketDropper : response_user_myPort | {2 }
	Port: rxEngPacketDropper : response_user_theirPort | {2 }
	Port: rxEngPacketDropper : ureDataPayload | {1 }
  - Chain level:
	State 1
		br_ln206 : 1
		store_ln209 : 1
		store_ln209 : 1
		store_ln209 : 1
		store_ln209 : 1
		store_ln209 : 1
		store_ln209 : 1
		br_ln221 : 1
		br_ln223 : 1
	State 2
		sendWord_user : 1
		write_ln222 : 2
	State 3


============================================================
+ Verbose Summary: Datapath Resource usage 
============================================================

* Functional unit list:
|----------|---------------------------------|
| Operation|         Functional Unit         |
|----------|---------------------------------|
| nbreadreq|      tmp_i_nbreadreq_fu_106     |
|          |    tmp_i_184_nbreadreq_fu_120   |
|----------|---------------------------------|
|   read   |   rthDropFifo_read_read_fu_114  |
|          | ureDataPayload_read_read_fu_128 |
|----------|---------------------------------|
|   write  |         grp_write_fu_134        |
|----------|---------------------------------|
|   trunc  |        trunc_ln209_fu_165       |
|          |       currWord_data_fu_259      |
|----------|---------------------------------|
|          |         tmp_60_i_fu_175         |
|          |         tmp_61_i_fu_191         |
|partselect|         tmp_62_i_fu_207         |
|          |         tmp_63_i_fu_223         |
|          |       currWord_keep_fu_263      |
|----------|---------------------------------|
| bitselect|            tmp_fu_239           |
|          |       currWord_last_fu_273      |
|----------|---------------------------------|
|bitconcatenate|       sendWord_user_fu_308      |
|----------|---------------------------------|
|   Total  |                                 |
|----------|---------------------------------|

Memories:
N/A

* Register list:
+--------------------------+--------+
|                          |   FF   |
+--------------------------+--------+
|   currWord_data_reg_336  |   512  |
|   currWord_keep_reg_341  |   64   |
|   currWord_last_reg_346  |    1   |
|  repd_state_load_reg_321 |    1   |
|response_drop_load_reg_325|    1   |
|   sendWord_dest_reg_351  |   16   |
|   sendWord_user_reg_356  |   96   |
|     tmp_i_184_reg_332    |    1   |
+--------------------------+--------+
|           Total          |   692  |
+--------------------------+--------+

* Multiplexer (MUX) list: 
|------------------|------|------|------|--------||---------||---------|
|       Comp       |  Pin | Size |  BW  | S x BW ||  Delay  ||   LUT   |
|------------------|------|------|------|--------||---------||---------|
| grp_write_fu_134 |  p10 |   2  |  96  |   192  ||    9    |
| grp_write_fu_134 |  p12 |   2  |  16  |   32   ||    9    |
|------------------|------|------|------|--------||---------||---------|
|       Total      |      |      |      |   224  ||  0.774  ||    18   |
|------------------|------|------|------|--------||---------||---------|



* Summary:
+-----------+--------+--------+--------+
|           |  Delay |   FF   |   LUT  |
+-----------+--------+--------+--------+
|  Function |    -   |    -   |    -   |
|   Memory  |    -   |    -   |    -   |
|Multiplexer|    0   |    -   |   18   |
|  Register |    -   |   692  |    -   |
+-----------+--------+--------+--------+
|   Total   |    0   |   692  |   18   |
+-----------+--------+--------+--------+
