

================================================================
== Vitis HLS Report for 'rxEngPacketDropper'
================================================================
* Date:           Fri Sep  8 14:09:01 2023

* Version:        2023.1 (Build 3854077 on May  4 2023)
* Project:        UDP_prj
* Solution:       ultrascale_plus (Vivado IP Flow Target)
* Product family: virtexuplusHBM
* Target device:  xcu280-fsvh2892-2L-e


================================================================
== Performance Estimates
================================================================
+ Timing: 
    * Summary: 
    +--------+---------+----------+------------+
    |  Clock |  Target | Estimated| Uncertainty|
    +--------+---------+----------+------------+
    |ap_clk  |  2.50 ns|  1.659 ns|     0.20 ns|
    +--------+---------+----------+------------+

+ Latency: 
    * Summary: 
    +---------+---------+----------+----------+-----+-----+---------+
    |  Latency (cycles) |  Latency (absolute) |  Interval | Pipeline|
    |   min   |   max   |    min   |    max   | min | max |   Type  |
    +---------+---------+----------+----------+-----+-----+---------+
    |        2|        2|  5.000 ns|  5.000 ns|    1|    1|      yes|
    +---------+---------+----------+----------+-----+-----+---------+

    + Detail: 
        * Instance: 
        N/A

        * Loop: 
        N/A

============================================================
+ Verbose Summary: Synthesis Manager
============================================================
InlineROM: 1
ExposeGlobal: 0
============================================================
+ Verbose Summary: CDFG Model
============================================================
IsTopModel: 0
ResetActiveHigh: 1
IsCombinational: 2
IsDatapathOnly: 0
HasWiredReturn: 1
HasMFsm: 2
HasVarLatency: 0
IsPipeline: 1
IsRtlPipelined: 1
IsInstanceOverlapped: 0
IsDontTouch: 0
HasImplIP: 0
IsGatedGlobalClock: 0

+ Individual pipeline summary: 
  * Pipeline-0: initiation interval (II) = 1, depth = 3


============================================================
+ Verbose Summary: Schedule
============================================================
* Number of FSM states : 3
* Pipeline : 1
  Pipeline-0 : II = 1, D = 3, States = { 1 2 3 }
* Dataflow Pipeline: 0

* FSM state transitions: 
1 --> 2 
2 --> 3 
3 --> 

* FSM state operations: 

State 1 <SV = 0> <Delay = 1.65>
ST_1 : Operation 4 [1/1] (0.00ns)   --->   "%specinterface_ln0 = specinterface void @_ssdm_op_SpecInterface, i160 %rthDropFifo, void @empty_58, i32 0, i32 0, void @empty_42, i32 0, i32 0, void @empty_42, void @empty_42, void @empty_42, i32 0, i32 0, i32 0, i32 0, void @empty_42, void @empty_42, i32 4294967295, i32 0"   --->   Operation 4 'specinterface' 'specinterface_ln0' <Predicate = true> <Delay = 0.00>
ST_1 : Operation 5 [1/1] (0.00ns)   --->   "%specinterface_ln0 = specinterface void @_ssdm_op_SpecInterface, i160 %rthDropFifo, void @empty_58, i32 0, i32 0, void @empty_42, i32 0, i32 0, void @empty_42, void @empty_42, void @empty_42, i32 0, i32 0, i32 0, i32 0, void @empty_42, void @empty_42, i32 4294967295, i32 0"   --->   Operation 5 'specinterface' 'specinterface_ln0' <Predicate = true> <Delay = 0.00>
ST_1 : Operation 6 [1/1] (0.00ns)   --->   "%specinterface_ln0 = specinterface void @_ssdm_op_SpecInterface, i160 %rthDropFifo, void @empty_58, i32 0, i32 0, void @empty_42, i32 0, i32 0, void @empty_42, void @empty_42, void @empty_42, i32 0, i32 0, i32 0, i32 0, void @empty_42, void @empty_42, i32 4294967295, i32 0"   --->   Operation 6 'specinterface' 'specinterface_ln0' <Predicate = true> <Delay = 0.00>
ST_1 : Operation 7 [1/1] (0.00ns)   --->   "%specinterface_ln0 = specinterface void @_ssdm_op_SpecInterface, i1024 %ureDataPayload, void @empty_58, i32 0, i32 0, void @empty_42, i32 0, i32 0, void @empty_42, void @empty_42, void @empty_42, i32 0, i32 0, i32 0, i32 0, void @empty_42, void @empty_42, i32 4294967295, i32 0"   --->   Operation 7 'specinterface' 'specinterface_ln0' <Predicate = true> <Delay = 0.00>
ST_1 : Operation 8 [1/1] (0.00ns)   --->   "%specinterface_ln0 = specinterface void @_ssdm_op_SpecInterface, i1024 %ureDataPayload, void @empty_58, i32 0, i32 0, void @empty_42, i32 0, i32 0, void @empty_42, void @empty_42, void @empty_42, i32 0, i32 0, i32 0, i32 0, void @empty_42, void @empty_42, i32 4294967295, i32 0"   --->   Operation 8 'specinterface' 'specinterface_ln0' <Predicate = true> <Delay = 0.00>
ST_1 : Operation 9 [1/1] (0.00ns)   --->   "%specinterface_ln0 = specinterface void @_ssdm_op_SpecInterface, i1024 %ureDataPayload, void @empty_58, i32 0, i32 0, void @empty_42, i32 0, i32 0, void @empty_42, void @empty_42, void @empty_42, i32 0, i32 0, i32 0, i32 0, void @empty_42, void @empty_42, i32 4294967295, i32 0"   --->   Operation 9 'specinterface' 'specinterface_ln0' <Predicate = true> <Delay = 0.00>
ST_1 : Operation 10 [1/1] (0.00ns)   --->   "%specaxissidechannel_ln0 = specaxissidechannel void @_ssdm_op_SpecAXISSideChannel, i512 %DataOutApp_V_data_V, i64 %DataOutApp_V_keep_V, i64 %DataOutApp_V_strb_V, i96 %DataOutApp_V_user_V, i1 %DataOutApp_V_last_V, i1 0, i16 %DataOutApp_V_dest_V, void @empty_9"   --->   Operation 10 'specaxissidechannel' 'specaxissidechannel_ln0' <Predicate = true> <Delay = 0.00>
ST_1 : Operation 11 [1/1] (0.00ns)   --->   "%specinterface_ln0 = specinterface void @_ssdm_op_SpecInterface, i160 %rthDropFifo, void @empty_58, i32 0, i32 0, void @empty_42, i32 0, i32 0, void @empty_42, void @empty_42, void @empty_42, i32 0, i32 0, i32 0, i32 0, void @empty_42, void @empty_42, i32 4294967295, i32 0"   --->   Operation 11 'specinterface' 'specinterface_ln0' <Predicate = true> <Delay = 0.00>
ST_1 : Operation 12 [1/1] (0.00ns)   --->   "%specinterface_ln0 = specinterface void @_ssdm_op_SpecInterface, i1024 %ureDataPayload, void @empty_58, i32 0, i32 0, void @empty_42, i32 0, i32 0, void @empty_42, void @empty_42, void @empty_42, i32 0, i32 0, i32 0, i32 0, void @empty_42, void @empty_42, i32 4294967295, i32 0"   --->   Operation 12 'specinterface' 'specinterface_ln0' <Predicate = true> <Delay = 0.00>
ST_1 : Operation 13 [1/1] (0.00ns)   --->   "%specinterface_ln0 = specinterface void @_ssdm_op_SpecInterface, i16 %DataOutApp_V_dest_V, i1 %DataOutApp_V_last_V, i96 %DataOutApp_V_user_V, i64 %DataOutApp_V_strb_V, i64 %DataOutApp_V_keep_V, i512 %DataOutApp_V_data_V, void @empty_0, i32 1, i32 1, void @empty_2, i32 0, i32 0, void @empty_42, void @empty_42, void @empty_42, i32 0, i32 0, i32 0, i32 0, void @empty_42, void @empty_42, i32 4294967295, i32 0"   --->   Operation 13 'specinterface' 'specinterface_ln0' <Predicate = true> <Delay = 0.00>
ST_1 : Operation 14 [1/1] (0.00ns)   --->   "%specpipeline_ln0 = specpipeline void @_ssdm_op_SpecPipeline, i32 1, i32 0, i32 0, i32 0, void @empty_42"   --->   Operation 14 'specpipeline' 'specpipeline_ln0' <Predicate = true> <Delay = 0.00>
ST_1 : Operation 15 [1/1] (0.00ns)   --->   "%repd_state_load = load i1 %repd_state"   --->   Operation 15 'load' 'repd_state_load' <Predicate = true> <Delay = 0.00>
ST_1 : Operation 16 [1/1] (0.00ns)   --->   "%response_drop_load = load i1 %response_drop" [/home/ubuntu/xup_vitis_network_example/NetLayers/100G-fpga-network-stack-core/synthesis_results_HBM/..//hls/UDP/udp.cpp:221]   --->   Operation 16 'load' 'response_drop_load' <Predicate = true> <Delay = 0.00>
ST_1 : Operation 17 [1/1] (0.00ns)   --->   "%br_ln206 = br i1 %repd_state_load, void %sw.bb.i, void %sw.bb1.i" [/home/ubuntu/xup_vitis_network_example/NetLayers/100G-fpga-network-stack-core/synthesis_results_HBM/..//hls/UDP/udp.cpp:206]   --->   Operation 17 'br' 'br_ln206' <Predicate = true> <Delay = 0.00>
ST_1 : Operation 18 [1/1] (0.00ns)   --->   "%tmp_i = nbreadreq i1 @_ssdm_op_NbReadReq.ap_fifo.i160P0A, i160 %rthDropFifo, i32 1" [/home/ubuntu/xup_vitis_network_example/NetLayers/100G-fpga-network-stack-core/synthesis_results_HBM/..//hls/UDP/udp.cpp:208]   --->   Operation 18 'nbreadreq' 'tmp_i' <Predicate = (!repd_state_load)> <Delay = 0.00> <CoreInst = "FIFO">   --->   Core 78 'FIFO' <Latency = 0> <II = 1> <Delay = 1.25> <Storage> <Opcode : 'read' 'write' 'nbread' 'nbwrite'> <Ports = 0> <Width = 160> <Depth = 32> <FIFO>
ST_1 : Operation 19 [1/1] (0.00ns)   --->   "%br_ln208 = br i1 %tmp_i, void %if.end.i, void %if.then.i" [/home/ubuntu/xup_vitis_network_example/NetLayers/100G-fpga-network-stack-core/synthesis_results_HBM/..//hls/UDP/udp.cpp:208]   --->   Operation 19 'br' 'br_ln208' <Predicate = (!repd_state_load)> <Delay = 0.00>
ST_1 : Operation 20 [1/1] (1.15ns)   --->   "%rthDropFifo_read = read i160 @_ssdm_op_Read.ap_fifo.volatile.i160P0A, i160 %rthDropFifo" [/home/ubuntu/xup_vitis_network_example/NetLayers/100G-fpga-network-stack-core/synthesis_results_HBM/..//hls/UDP/udp.cpp:209]   --->   Operation 20 'read' 'rthDropFifo_read' <Predicate = (!repd_state_load & tmp_i)> <Delay = 1.15> <CoreInst = "FIFO">   --->   Core 78 'FIFO' <Latency = 0> <II = 1> <Delay = 1.25> <Storage> <Opcode : 'read' 'write' 'nbread' 'nbwrite'> <Ports = 0> <Width = 160> <Depth = 32> <FIFO>
ST_1 : Operation 21 [1/1] (0.00ns)   --->   "%trunc_ln209 = trunc i160 %rthDropFifo_read" [/home/ubuntu/xup_vitis_network_example/NetLayers/100G-fpga-network-stack-core/synthesis_results_HBM/..//hls/UDP/udp.cpp:209]   --->   Operation 21 'trunc' 'trunc_ln209' <Predicate = (!repd_state_load & tmp_i)> <Delay = 0.00>
ST_1 : Operation 22 [1/1] (0.00ns)   --->   "%store_ln209 = store i16 %trunc_ln209, i16 %response_id" [/home/ubuntu/xup_vitis_network_example/NetLayers/100G-fpga-network-stack-core/synthesis_results_HBM/..//hls/UDP/udp.cpp:209]   --->   Operation 22 'store' 'store_ln209' <Predicate = (!repd_state_load & tmp_i)> <Delay = 0.00>
ST_1 : Operation 23 [1/1] (0.00ns)   --->   "%tmp_60_i = partselect i32 @_ssdm_op_PartSelect.i32.i160.i32.i32, i160 %rthDropFifo_read, i32 32, i32 63" [/home/ubuntu/xup_vitis_network_example/NetLayers/100G-fpga-network-stack-core/synthesis_results_HBM/..//hls/UDP/udp.cpp:209]   --->   Operation 23 'partselect' 'tmp_60_i' <Predicate = (!repd_state_load & tmp_i)> <Delay = 0.00>
ST_1 : Operation 24 [1/1] (0.00ns)   --->   "%store_ln209 = store i32 %tmp_60_i, i32 %response_user_myIP" [/home/ubuntu/xup_vitis_network_example/NetLayers/100G-fpga-network-stack-core/synthesis_results_HBM/..//hls/UDP/udp.cpp:209]   --->   Operation 24 'store' 'store_ln209' <Predicate = (!repd_state_load & tmp_i)> <Delay = 0.00>
ST_1 : Operation 25 [1/1] (0.00ns)   --->   "%tmp_61_i = partselect i32 @_ssdm_op_PartSelect.i32.i160.i32.i32, i160 %rthDropFifo_read, i32 64, i32 95" [/home/ubuntu/xup_vitis_network_example/NetLayers/100G-fpga-network-stack-core/synthesis_results_HBM/..//hls/UDP/udp.cpp:209]   --->   Operation 25 'partselect' 'tmp_61_i' <Predicate = (!repd_state_load & tmp_i)> <Delay = 0.00>
ST_1 : Operation 26 [1/1] (0.00ns)   --->   "%store_ln209 = store i32 %tmp_61_i, i32 %response_user_theirIP" [/home/ubuntu/xup_vitis_network_example/NetLayers/100G-fpga-network-stack-core/synthesis_results_HBM/..//hls/UDP/udp.cpp:209]   --->   Operation 26 'store' 'store_ln209' <Predicate = (!repd_state_load & tmp_i)> <Delay = 0.00>
ST_1 : Operation 27 [1/1] (0.00ns)   --->   "%tmp_62_i = partselect i16 @_ssdm_op_PartSelect.i16.i160.i32.i32, i160 %rthDropFifo_read, i32 96, i32 111" [/home/ubuntu/xup_vitis_network_example/NetLayers/100G-fpga-network-stack-core/synthesis_results_HBM/..//hls/UDP/udp.cpp:209]   --->   Operation 27 'partselect' 'tmp_62_i' <Predicate = (!repd_state_load & tmp_i)> <Delay = 0.00>
ST_1 : Operation 28 [1/1] (0.00ns)   --->   "%store_ln209 = store i16 %tmp_62_i, i16 %response_user_myPort" [/home/ubuntu/xup_vitis_network_example/NetLayers/100G-fpga-network-stack-core/synthesis_results_HBM/..//hls/UDP/udp.cpp:209]   --->   Operation 28 'store' 'store_ln209' <Predicate = (!repd_state_load & tmp_i)> <Delay = 0.00>
ST_1 : Operation 29 [1/1] (0.00ns)   --->   "%tmp_63_i = partselect i16 @_ssdm_op_PartSelect.i16.i160.i32.i32, i160 %rthDropFifo_read, i32 112, i32 127" [/home/ubuntu/xup_vitis_network_example/NetLayers/100G-fpga-network-stack-core/synthesis_results_HBM/..//hls/UDP/udp.cpp:209]   --->   Operation 29 'partselect' 'tmp_63_i' <Predicate = (!repd_state_load & tmp_i)> <Delay = 0.00>
ST_1 : Operation 30 [1/1] (0.00ns)   --->   "%store_ln209 = store i16 %tmp_63_i, i16 %response_user_theirPort" [/home/ubuntu/xup_vitis_network_example/NetLayers/100G-fpga-network-stack-core/synthesis_results_HBM/..//hls/UDP/udp.cpp:209]   --->   Operation 30 'store' 'store_ln209' <Predicate = (!repd_state_load & tmp_i)> <Delay = 0.00>
ST_1 : Operation 31 [1/1] (0.00ns)   --->   "%tmp = bitselect i1 @_ssdm_op_BitSelect.i1.i160.i160, i160 %rthDropFifo_read, i160 128" [/home/ubuntu/xup_vitis_network_example/NetLayers/100G-fpga-network-stack-core/synthesis_results_HBM/..//hls/UDP/udp.cpp:209]   --->   Operation 31 'bitselect' 'tmp' <Predicate = (!repd_state_load & tmp_i)> <Delay = 0.00>
ST_1 : Operation 32 [1/1] (0.00ns)   --->   "%store_ln209 = store i1 %tmp, i1 %response_drop" [/home/ubuntu/xup_vitis_network_example/NetLayers/100G-fpga-network-stack-core/synthesis_results_HBM/..//hls/UDP/udp.cpp:209]   --->   Operation 32 'store' 'store_ln209' <Predicate = (!repd_state_load & tmp_i)> <Delay = 0.00>
ST_1 : Operation 33 [1/1] (0.38ns)   --->   "%store_ln0 = store i1 1, i1 %repd_state"   --->   Operation 33 'store' 'store_ln0' <Predicate = (!repd_state_load & tmp_i)> <Delay = 0.38>
ST_1 : Operation 34 [1/1] (0.00ns)   --->   "%br_ln211 = br void %if.end.i" [/home/ubuntu/xup_vitis_network_example/NetLayers/100G-fpga-network-stack-core/synthesis_results_HBM/..//hls/UDP/udp.cpp:211]   --->   Operation 34 'br' 'br_ln211' <Predicate = (!repd_state_load & tmp_i)> <Delay = 0.00>
ST_1 : Operation 35 [1/1] (0.00ns)   --->   "%br_ln212 = br void %rxEngPacketDropper.exit" [/home/ubuntu/xup_vitis_network_example/NetLayers/100G-fpga-network-stack-core/synthesis_results_HBM/..//hls/UDP/udp.cpp:212]   --->   Operation 35 'br' 'br_ln212' <Predicate = (!repd_state_load)> <Delay = 0.00>
ST_1 : Operation 36 [1/1] (0.00ns)   --->   "%tmp_i_184 = nbreadreq i1 @_ssdm_op_NbReadReq.ap_fifo.i1024P0A, i1024 %ureDataPayload, i32 1" [/home/ubuntu/xup_vitis_network_example/NetLayers/100G-fpga-network-stack-core/synthesis_results_HBM/..//hls/UDP/udp.cpp:214]   --->   Operation 36 'nbreadreq' 'tmp_i_184' <Predicate = (repd_state_load)> <Delay = 0.00> <CoreInst = "FIFO">   --->   Core 78 'FIFO' <Latency = 0> <II = 1> <Delay = 1.38> <Storage> <Opcode : 'read' 'write' 'nbread' 'nbwrite'> <Ports = 0> <Width = 1024> <Depth = 256> <FIFO>
ST_1 : Operation 37 [1/1] (0.00ns)   --->   "%br_ln214 = br i1 %tmp_i_184, void %if.end16.i, void %if.then3.i" [/home/ubuntu/xup_vitis_network_example/NetLayers/100G-fpga-network-stack-core/synthesis_results_HBM/..//hls/UDP/udp.cpp:214]   --->   Operation 37 'br' 'br_ln214' <Predicate = (repd_state_load)> <Delay = 0.00>
ST_1 : Operation 38 [1/1] (1.15ns)   --->   "%ureDataPayload_read = read i1024 @_ssdm_op_Read.ap_fifo.volatile.i1024P0A, i1024 %ureDataPayload" [/home/ubuntu/xup_vitis_network_example/NetLayers/100G-fpga-network-stack-core/synthesis_results_HBM/..//hls/UDP/udp.cpp:215]   --->   Operation 38 'read' 'ureDataPayload_read' <Predicate = (repd_state_load & tmp_i_184)> <Delay = 1.15> <CoreInst = "FIFO">   --->   Core 78 'FIFO' <Latency = 0> <II = 1> <Delay = 1.38> <Storage> <Opcode : 'read' 'write' 'nbread' 'nbwrite'> <Ports = 0> <Width = 1024> <Depth = 256> <FIFO>
ST_1 : Operation 39 [1/1] (0.00ns)   --->   "%currWord_data = trunc i1024 %ureDataPayload_read" [/home/ubuntu/xup_vitis_network_example/NetLayers/100G-fpga-network-stack-core/synthesis_results_HBM/..//hls/UDP/udp.cpp:215]   --->   Operation 39 'trunc' 'currWord_data' <Predicate = (repd_state_load & tmp_i_184)> <Delay = 0.00>
ST_1 : Operation 40 [1/1] (0.00ns)   --->   "%currWord_keep = partselect i64 @_ssdm_op_PartSelect.i64.i1024.i32.i32, i1024 %ureDataPayload_read, i32 512, i32 575" [/home/ubuntu/xup_vitis_network_example/NetLayers/100G-fpga-network-stack-core/synthesis_results_HBM/..//hls/UDP/udp.cpp:215]   --->   Operation 40 'partselect' 'currWord_keep' <Predicate = (repd_state_load & tmp_i_184)> <Delay = 0.00>
ST_1 : Operation 41 [1/1] (0.00ns)   --->   "%currWord_last = bitselect i1 @_ssdm_op_BitSelect.i1.i1024.i1024, i1024 %ureDataPayload_read, i1024 576" [/home/ubuntu/xup_vitis_network_example/NetLayers/100G-fpga-network-stack-core/synthesis_results_HBM/..//hls/UDP/udp.cpp:215]   --->   Operation 41 'bitselect' 'currWord_last' <Predicate = (repd_state_load & tmp_i_184)> <Delay = 0.00>
ST_1 : Operation 42 [1/1] (0.00ns)   --->   "%br_ln221 = br i1 %response_drop_load, void %if.then10.i, void %if.end11.i" [/home/ubuntu/xup_vitis_network_example/NetLayers/100G-fpga-network-stack-core/synthesis_results_HBM/..//hls/UDP/udp.cpp:221]   --->   Operation 42 'br' 'br_ln221' <Predicate = (repd_state_load & tmp_i_184)> <Delay = 0.00>
ST_1 : Operation 43 [1/1] (0.00ns)   --->   "%br_ln223 = br i1 %currWord_last, void %if.end15.i, void %if.then14.i" [/home/ubuntu/xup_vitis_network_example/NetLayers/100G-fpga-network-stack-core/synthesis_results_HBM/..//hls/UDP/udp.cpp:223]   --->   Operation 43 'br' 'br_ln223' <Predicate = (repd_state_load & tmp_i_184)> <Delay = 0.00>
ST_1 : Operation 44 [1/1] (0.38ns)   --->   "%store_ln0 = store i1 0, i1 %repd_state"   --->   Operation 44 'store' 'store_ln0' <Predicate = (repd_state_load & tmp_i_184 & currWord_last)> <Delay = 0.38>
ST_1 : Operation 45 [1/1] (0.00ns)   --->   "%br_ln224 = br void %if.end15.i" [/home/ubuntu/xup_vitis_network_example/NetLayers/100G-fpga-network-stack-core/synthesis_results_HBM/..//hls/UDP/udp.cpp:224]   --->   Operation 45 'br' 'br_ln224' <Predicate = (repd_state_load & tmp_i_184 & currWord_last)> <Delay = 0.00>
ST_1 : Operation 46 [1/1] (0.00ns)   --->   "%br_ln225 = br void %if.end16.i" [/home/ubuntu/xup_vitis_network_example/NetLayers/100G-fpga-network-stack-core/synthesis_results_HBM/..//hls/UDP/udp.cpp:225]   --->   Operation 46 'br' 'br_ln225' <Predicate = (repd_state_load & tmp_i_184)> <Delay = 0.00>
ST_1 : Operation 47 [1/1] (0.00ns)   --->   "%br_ln226 = br void %rxEngPacketDropper.exit" [/home/ubuntu/xup_vitis_network_example/NetLayers/100G-fpga-network-stack-core/synthesis_results_HBM/..//hls/UDP/udp.cpp:226]   --->   Operation 47 'br' 'br_ln226' <Predicate = (repd_state_load)> <Delay = 0.00>

State 2 <SV = 1> <Delay = 0.00>
ST_2 : Operation 48 [1/1] (0.00ns)   --->   "%sendWord_dest = load i16 %response_id" [/home/ubuntu/xup_vitis_network_example/NetLayers/100G-fpga-network-stack-core/synthesis_results_HBM/..//hls/UDP/udp.cpp:218]   --->   Operation 48 'load' 'sendWord_dest' <Predicate = (repd_state_load & tmp_i_184)> <Delay = 0.00>
ST_2 : Operation 49 [1/1] (0.00ns)   --->   "%response_user_theirPort_load = load i16 %response_user_theirPort" [/home/ubuntu/xup_vitis_network_example/NetLayers/100G-fpga-network-stack-core/synthesis_results_HBM/..//hls/UDP/udp.cpp:220]   --->   Operation 49 'load' 'response_user_theirPort_load' <Predicate = (repd_state_load & tmp_i_184)> <Delay = 0.00>
ST_2 : Operation 50 [1/1] (0.00ns)   --->   "%response_user_myPort_load = load i16 %response_user_myPort" [/home/ubuntu/xup_vitis_network_example/NetLayers/100G-fpga-network-stack-core/synthesis_results_HBM/..//hls/UDP/udp.cpp:220]   --->   Operation 50 'load' 'response_user_myPort_load' <Predicate = (repd_state_load & tmp_i_184)> <Delay = 0.00>
ST_2 : Operation 51 [1/1] (0.00ns)   --->   "%response_user_theirIP_load = load i32 %response_user_theirIP" [/home/ubuntu/xup_vitis_network_example/NetLayers/100G-fpga-network-stack-core/synthesis_results_HBM/..//hls/UDP/udp.cpp:220]   --->   Operation 51 'load' 'response_user_theirIP_load' <Predicate = (repd_state_load & tmp_i_184)> <Delay = 0.00>
ST_2 : Operation 52 [1/1] (0.00ns)   --->   "%response_user_myIP_load = load i32 %response_user_myIP" [/home/ubuntu/xup_vitis_network_example/NetLayers/100G-fpga-network-stack-core/synthesis_results_HBM/..//hls/UDP/udp.cpp:220]   --->   Operation 52 'load' 'response_user_myIP_load' <Predicate = (repd_state_load & tmp_i_184)> <Delay = 0.00>
ST_2 : Operation 53 [1/1] (0.00ns)   --->   "%sendWord_user = bitconcatenate i96 @_ssdm_op_BitConcatenate.i96.i32.i32.i16.i16, i32 %response_user_myIP_load, i32 %response_user_theirIP_load, i16 %response_user_myPort_load, i16 %response_user_theirPort_load" [/home/ubuntu/xup_vitis_network_example/NetLayers/100G-fpga-network-stack-core/synthesis_results_HBM/..//hls/UDP/udp.cpp:220]   --->   Operation 53 'bitconcatenate' 'sendWord_user' <Predicate = (repd_state_load & tmp_i_184)> <Delay = 0.00>
ST_2 : Operation 54 [2/2] (0.00ns)   --->   "%write_ln222 = write void @_ssdm_op_Write.axis.volatile.i512P0A.i64P0A.i64P0A.i96P0A.i1P0A.i16P0A, i512 %DataOutApp_V_data_V, i64 %DataOutApp_V_keep_V, i64 %DataOutApp_V_strb_V, i96 %DataOutApp_V_user_V, i1 %DataOutApp_V_last_V, i16 %DataOutApp_V_dest_V, i512 %currWord_data, i64 %currWord_keep, i64 0, i96 %sendWord_user, i1 %currWord_last, i16 %sendWord_dest" [/home/ubuntu/xup_vitis_network_example/NetLayers/100G-fpga-network-stack-core/synthesis_results_HBM/..//hls/UDP/udp.cpp:222]   --->   Operation 54 'write' 'write_ln222' <Predicate = (repd_state_load & tmp_i_184 & !response_drop_load)> <Delay = 0.00> <CoreInst = "axis">   --->   Core 123 'axis' <Latency = 0> <II = 1> <Delay = 1.00> <Adapter> <Opcode : >

State 3 <SV = 2> <Delay = 0.00>
ST_3 : Operation 55 [1/2] (0.00ns)   --->   "%write_ln222 = write void @_ssdm_op_Write.axis.volatile.i512P0A.i64P0A.i64P0A.i96P0A.i1P0A.i16P0A, i512 %DataOutApp_V_data_V, i64 %DataOutApp_V_keep_V, i64 %DataOutApp_V_strb_V, i96 %DataOutApp_V_user_V, i1 %DataOutApp_V_last_V, i16 %DataOutApp_V_dest_V, i512 %currWord_data, i64 %currWord_keep, i64 0, i96 %sendWord_user, i1 %currWord_last, i16 %sendWord_dest" [/home/ubuntu/xup_vitis_network_example/NetLayers/100G-fpga-network-stack-core/synthesis_results_HBM/..//hls/UDP/udp.cpp:222]   --->   Operation 55 'write' 'write_ln222' <Predicate = (repd_state_load & tmp_i_184 & !response_drop_load)> <Delay = 0.00> <CoreInst = "axis">   --->   Core 123 'axis' <Latency = 0> <II = 1> <Delay = 1.00> <Adapter> <Opcode : >
ST_3 : Operation 56 [1/1] (0.00ns)   --->   "%br_ln222 = br void %if.end11.i" [/home/ubuntu/xup_vitis_network_example/NetLayers/100G-fpga-network-stack-core/synthesis_results_HBM/..//hls/UDP/udp.cpp:222]   --->   Operation 56 'br' 'br_ln222' <Predicate = (repd_state_load & tmp_i_184 & !response_drop_load)> <Delay = 0.00>
ST_3 : Operation 57 [1/1] (0.00ns)   --->   "%ret_ln0 = ret"   --->   Operation 57 'ret' 'ret_ln0' <Predicate = true> <Delay = 0.00>


============================================================
+ Verbose Summary: Timing violations
============================================================
Target clock period: 2.500ns, clock uncertainty: 0.200ns.

 <State 1>: 1.659ns
The critical path consists of the following:
	fifo read operation ('ureDataPayload_read', /home/ubuntu/xup_vitis_network_example/NetLayers/100G-fpga-network-stack-core/synthesis_results_HBM/..//hls/UDP/udp.cpp:215) on port 'ureDataPayload' (/home/ubuntu/xup_vitis_network_example/NetLayers/100G-fpga-network-stack-core/synthesis_results_HBM/..//hls/UDP/udp.cpp:215) [55]  (1.150 ns)
	blocking operation 0.509 ns on control path)

 <State 2>: 0.000ns
The critical path consists of the following:

 <State 3>: 0.000ns
The critical path consists of the following:


============================================================
+ Verbose Summary: Binding
============================================================
N/A
* FSMD analyzer results:
  - Output states:
 - Input state : 
  - Chain level:
	State 1
	State 2
	State 3


============================================================
+ Verbose Summary: Datapath Resource usage 
============================================================
N/A
