

================================================================
== Vivado HLS Report for 'arp_table'
================================================================
* Date:           Thu Aug  5 18:55:56 2021

* Version:        2020.1 (Build 2897737 on Wed May 27 20:21:37 MDT 2020)
* Project:        ARP_hls_prj
* Solution:       ultrascale_plus
* Product family: virtexuplus
* Target device:  xcu280-fsvh2892-2L-e


================================================================
== Performance Estimates
================================================================
+ Timing: 
    * Summary: 
    +--------+---------+----------+------------+
    |  Clock |  Target | Estimated| Uncertainty|
    +--------+---------+----------+------------+
    |ap_clk  | 3.10 ns | 3.337 ns |   0.20 ns  |
    +--------+---------+----------+------------+

+ Latency: 
    * Summary: 
    +---------+---------+----------+----------+-----+-----+----------+
    |  Latency (cycles) |  Latency (absolute) |  Interval | Pipeline |
    |   min   |   max   |    min   |    max   | min | max |   Type   |
    +---------+---------+----------+----------+-----+-----+----------+
    |        2|        2| 6.674 ns | 6.674 ns |    1|    1| function |
    +---------+---------+----------+----------+-----+-----+----------+

    + Detail: 
        * Instance: 
        N/A

        * Loop: 
        N/A



================================================================
== Utilization Estimates
================================================================
* Summary: 
+---------------------+---------+-------+---------+---------+-----+
|         Name        | BRAM_18K| DSP48E|    FF   |   LUT   | URAM|
+---------------------+---------+-------+---------+---------+-----+
|DSP                  |        -|      -|        -|        -|    -|
|Expression           |        -|      -|        0|      120|    -|
|FIFO                 |        -|      -|        -|        -|    -|
|Instance             |        -|      -|        -|        -|    -|
|Memory               |        -|      -|        -|        -|    -|
|Multiplexer          |        -|      -|        -|      102|    -|
|Register             |        -|      -|      153|        -|    -|
+---------------------+---------+-------+---------+---------+-----+
|Total                |        0|      0|      153|      222|    0|
+---------------------+---------+-------+---------+---------+-----+
|Available SLR        |     1344|   3008|   869120|   434560|  320|
+---------------------+---------+-------+---------+---------+-----+
|Utilization SLR (%)  |        0|      0|    ~0   |    ~0   |    0|
+---------------------+---------+-------+---------+---------+-----+
|Available            |     4032|   9024|  2607360|  1303680|  960|
+---------------------+---------+-------+---------+---------+-----+
|Utilization (%)      |        0|      0|    ~0   |    ~0   |    0|
+---------------------+---------+-------+---------+---------+-----+

+ Detail: 
    * Instance: 
    N/A

    * DSP48E: 
    N/A

    * Memory: 
    N/A

    * FIFO: 
    N/A

    * Expression: 
    +-----------------------------------+----------+-------+---+----+------------+------------+
    |           Variable Name           | Operation| DSP48E| FF| LUT| Bitwidth P0| Bitwidth P1|
    +-----------------------------------+----------+-------+---+----+------------+------------+
    |and_ln879_fu_203_p2                |    and   |      0|  0|  32|          32|          32|
    |ap_block_pp0                       |    and   |      0|  0|   2|           1|           1|
    |ap_block_state2_pp0_stage0_iter1   |    and   |      0|  0|   2|           1|           1|
    |ap_block_state3_pp0_stage0_iter2   |    and   |      0|  0|   2|           1|           1|
    |ap_condition_150                   |    and   |      0|  0|   2|           1|           1|
    |ap_enable_state1_pp0_iter0_stage0  |    and   |      0|  0|   2|           1|           1|
    |ap_enable_state2_pp0_iter1_stage0  |    and   |      0|  0|   2|           1|           1|
    |ap_predicate_op11_read_state1      |    and   |      0|  0|   2|           1|           1|
    |ap_predicate_op33_load_state2      |    and   |      0|  0|   2|           1|           1|
    |ap_predicate_op53_write_state3     |    and   |      0|  0|   2|           1|           1|
    |tmp_3_nbreadreq_fu_108_p3          |    and   |      0|  0|   2|           1|           0|
    |tmp_nbreadreq_fu_100_p3            |    and   |      0|  0|   2|           1|           0|
    |icmp_ln879_fu_209_p2               |   icmp   |      0|  0|  20|          32|           1|
    |ap_block_pp0_stage0_01001          |    or    |      0|  0|   2|           1|           1|
    |ap_block_state1_pp0_stage0_iter0   |    or    |      0|  0|   2|           1|           1|
    |select_ln232_fu_235_p3             |  select  |      0|  0|   8|           1|           8|
    |ap_enable_pp0                      |    xor   |      0|  0|   2|           1|           2|
    |xor_ln879_fu_197_p2                |    xor   |      0|  0|  32|          32|          32|
    +-----------------------------------+----------+-------+---+----+------------+------------+
    |Total                              |          |      0|  0| 120|         111|          86|
    +-----------------------------------+----------+-------+---+----+------------+------------+

    * Multiplexer: 
    +--------------------------------+----+-----------+-----+-----------+
    |              Name              | LUT| Input Size| Bits| Total Bits|
    +--------------------------------+----+-----------+-----+-----------+
    |ap_done                         |   9|          2|    1|          2|
    |arpRequestFifo_V_V_blk_n        |   9|          2|    1|          2|
    |arpTableInsertFifo_V_blk_n      |   9|          2|    1|          2|
    |arpTable_macAddress_V_address0  |  15|          3|    8|         24|
    |arpTable_valid_V_address0       |  15|          3|    8|         24|
    |gatewayIP_V_blk_n               |   9|          2|    1|          2|
    |macIpEncode_i_V_V_blk_n         |   9|          2|    1|          2|
    |macIpEncode_rsp_i_V_blk_n       |   9|          2|    1|          2|
    |myIpAddress_V_blk_n             |   9|          2|    1|          2|
    |networkMask_V_blk_n             |   9|          2|    1|          2|
    +--------------------------------+----+-----------+-----+-----------+
    |Total                           | 102|         22|   24|         64|
    +--------------------------------+----+-----------+-----+-----------+

    * Register: 
    +----------------------------------+----+----+-----+-----------+
    |               Name               | FF | LUT| Bits| Const Bits|
    +----------------------------------+----+----+-----+-----------+
    |ap_CS_fsm                         |   1|   0|    1|          0|
    |ap_done_reg                       |   1|   0|    1|          0|
    |ap_enable_reg_pp0_iter1           |   1|   0|    1|          0|
    |ap_enable_reg_pp0_iter2           |   1|   0|    1|          0|
    |p_Val2_s_reg_321                  |  32|   0|   32|          0|
    |p_Val2_s_reg_321_pp0_iter1_reg    |  32|   0|   32|          0|
    |tmp_3_reg_302                     |   1|   0|    1|          0|
    |tmp_3_reg_302_pp0_iter1_reg       |   1|   0|    1|          0|
    |tmp_V_reg_306                     |  32|   0|   32|          0|
    |tmp_V_reg_306_pp0_iter1_reg       |  32|   0|   32|          0|
    |tmp_hit_reg_331                   |   1|   0|    1|          0|
    |tmp_reg_298                       |   1|   0|    1|          0|
    |tmp_reg_298_pp0_iter1_reg         |   1|   0|    1|          0|
    |zext_ln681_reg_326                |   8|   0|   64|         56|
    |zext_ln681_reg_326_pp0_iter1_reg  |   8|   0|   64|         56|
    +----------------------------------+----+----+-----+-----------+
    |Total                             | 153|   0|  265|        112|
    +----------------------------------+----+----+-----+-----------+



================================================================
== Interface
================================================================
* Summary: 
+--------------------------------+-----+-----+------------+-----------------------+--------------+
|            RTL Ports           | Dir | Bits|  Protocol  |     Source Object     |    C Type    |
+--------------------------------+-----+-----+------------+-----------------------+--------------+
|ap_clk                          |  in |    1| ap_ctrl_hs |       arp_table       | return value |
|ap_rst                          |  in |    1| ap_ctrl_hs |       arp_table       | return value |
|ap_start                        |  in |    1| ap_ctrl_hs |       arp_table       | return value |
|ap_done                         | out |    1| ap_ctrl_hs |       arp_table       | return value |
|ap_continue                     |  in |    1| ap_ctrl_hs |       arp_table       | return value |
|ap_idle                         | out |    1| ap_ctrl_hs |       arp_table       | return value |
|ap_ready                        | out |    1| ap_ctrl_hs |       arp_table       | return value |
|myIpAddress_V_dout              |  in |   32|   ap_fifo  |     myIpAddress_V     |    pointer   |
|myIpAddress_V_empty_n           |  in |    1|   ap_fifo  |     myIpAddress_V     |    pointer   |
|myIpAddress_V_read              | out |    1|   ap_fifo  |     myIpAddress_V     |    pointer   |
|gatewayIP_V_dout                |  in |   32|   ap_fifo  |      gatewayIP_V      |    pointer   |
|gatewayIP_V_empty_n             |  in |    1|   ap_fifo  |      gatewayIP_V      |    pointer   |
|gatewayIP_V_read                | out |    1|   ap_fifo  |      gatewayIP_V      |    pointer   |
|networkMask_V_dout              |  in |   32|   ap_fifo  |     networkMask_V     |    pointer   |
|networkMask_V_empty_n           |  in |    1|   ap_fifo  |     networkMask_V     |    pointer   |
|networkMask_V_read              | out |    1|   ap_fifo  |     networkMask_V     |    pointer   |
|macIpEncode_i_V_V_dout          |  in |   32|   ap_fifo  |   macIpEncode_i_V_V   |    pointer   |
|macIpEncode_i_V_V_empty_n       |  in |    1|   ap_fifo  |   macIpEncode_i_V_V   |    pointer   |
|macIpEncode_i_V_V_read          | out |    1|   ap_fifo  |   macIpEncode_i_V_V   |    pointer   |
|arpTableInsertFifo_V_dout       |  in |   81|   ap_fifo  |  arpTableInsertFifo_V |    pointer   |
|arpTableInsertFifo_V_empty_n    |  in |    1|   ap_fifo  |  arpTableInsertFifo_V |    pointer   |
|arpTableInsertFifo_V_read       | out |    1|   ap_fifo  |  arpTableInsertFifo_V |    pointer   |
|macIpEncode_rsp_i_V_din         | out |   49|   ap_fifo  |  macIpEncode_rsp_i_V  |    pointer   |
|macIpEncode_rsp_i_V_full_n      |  in |    1|   ap_fifo  |  macIpEncode_rsp_i_V  |    pointer   |
|macIpEncode_rsp_i_V_write       | out |    1|   ap_fifo  |  macIpEncode_rsp_i_V  |    pointer   |
|arpRequestFifo_V_V_din          | out |   32|   ap_fifo  |   arpRequestFifo_V_V  |    pointer   |
|arpRequestFifo_V_V_full_n       |  in |    1|   ap_fifo  |   arpRequestFifo_V_V  |    pointer   |
|arpRequestFifo_V_V_write        | out |    1|   ap_fifo  |   arpRequestFifo_V_V  |    pointer   |
|arpTable_macAddress_V_address0  | out |    8|  ap_memory | arpTable_macAddress_V |     array    |
|arpTable_macAddress_V_ce0       | out |    1|  ap_memory | arpTable_macAddress_V |     array    |
|arpTable_macAddress_V_we0       | out |    1|  ap_memory | arpTable_macAddress_V |     array    |
|arpTable_macAddress_V_d0        | out |   48|  ap_memory | arpTable_macAddress_V |     array    |
|arpTable_macAddress_V_q0        |  in |   48|  ap_memory | arpTable_macAddress_V |     array    |
|arpTable_ipAddress_V_address0   | out |    8|  ap_memory |  arpTable_ipAddress_V |     array    |
|arpTable_ipAddress_V_ce0        | out |    1|  ap_memory |  arpTable_ipAddress_V |     array    |
|arpTable_ipAddress_V_we0        | out |    1|  ap_memory |  arpTable_ipAddress_V |     array    |
|arpTable_ipAddress_V_d0         | out |   32|  ap_memory |  arpTable_ipAddress_V |     array    |
|arpTable_valid_V_address0       | out |    8|  ap_memory |    arpTable_valid_V   |     array    |
|arpTable_valid_V_ce0            | out |    1|  ap_memory |    arpTable_valid_V   |     array    |
|arpTable_valid_V_we0            | out |    1|  ap_memory |    arpTable_valid_V   |     array    |
|arpTable_valid_V_d0             | out |    1|  ap_memory |    arpTable_valid_V   |     array    |
|arpTable_valid_V_q0             |  in |    1|  ap_memory |    arpTable_valid_V   |     array    |
+--------------------------------+-----+-----+------------+-----------------------+--------------+

