

================================================================
== Vivado HLS Report for 'arp_server_entry174'
================================================================
* Date:           Thu Aug  5 18:55:55 2021

* Version:        2020.1 (Build 2897737 on Wed May 27 20:21:37 MDT 2020)
* Project:        ARP_hls_prj
* Solution:       ultrascale_plus
* Product family: virtexuplus
* Target device:  xcu280-fsvh2892-2L-e


================================================================
== Performance Estimates
================================================================
+ Timing: 
    * Summary: 
    +--------+---------+----------+------------+
    |  Clock |  Target | Estimated| Uncertainty|
    +--------+---------+----------+------------+
    |ap_clk  | 3.10 ns | 1.450 ns |   0.20 ns  |
    +--------+---------+----------+------------+

+ Latency: 
    * Summary: 
    +---------+---------+----------+----------+-----+-----+---------+
    |  Latency (cycles) |  Latency (absolute) |  Interval | Pipeline|
    |   min   |   max   |    min   |    max   | min | max |   Type  |
    +---------+---------+----------+----------+-----+-----+---------+
    |        0|        0|   0 ns   |   0 ns   |    0|    0|   none  |
    +---------+---------+----------+----------+-----+-----+---------+

    + Detail: 
        * Instance: 
        N/A

        * Loop: 
        N/A



================================================================
== Utilization Estimates
================================================================
* Summary: 
+---------------------+---------+-------+---------+---------+-----+
|         Name        | BRAM_18K| DSP48E|    FF   |   LUT   | URAM|
+---------------------+---------+-------+---------+---------+-----+
|DSP                  |        -|      -|        -|        -|    -|
|Expression           |        -|      -|        0|        2|    -|
|FIFO                 |        -|      -|        -|        -|    -|
|Instance             |        -|      -|        -|        -|    -|
|Memory               |        -|      -|        -|        -|    -|
|Multiplexer          |        -|      -|        -|       54|    -|
|Register             |        -|      -|        2|        -|    -|
+---------------------+---------+-------+---------+---------+-----+
|Total                |        0|      0|        2|       56|    0|
+---------------------+---------+-------+---------+---------+-----+
|Available SLR        |     1344|   3008|   869120|   434560|  320|
+---------------------+---------+-------+---------+---------+-----+
|Utilization SLR (%)  |        0|      0|    ~0   |    ~0   |    0|
+---------------------+---------+-------+---------+---------+-----+
|Available            |     4032|   9024|  2607360|  1303680|  960|
+---------------------+---------+-------+---------+---------+-----+
|Utilization (%)      |        0|      0|    ~0   |    ~0   |    0|
+---------------------+---------+-------+---------+---------+-----+

+ Detail: 
    * Instance: 
    N/A

    * DSP48E: 
    N/A

    * Memory: 
    N/A

    * FIFO: 
    N/A

    * Expression: 
    +-----------------+----------+-------+---+----+------------+------------+
    |  Variable Name  | Operation| DSP48E| FF| LUT| Bitwidth P0| Bitwidth P1|
    +-----------------+----------+-------+---+----+------------+------------+
    |ap_block_state1  |    or    |      0|  0|   2|           1|           1|
    +-----------------+----------+-------+---+----+------------+------------+
    |Total            |          |      0|  0|   2|           1|           1|
    +-----------------+----------+-------+---+----+------------+------------+

    * Multiplexer: 
    +--------------------------+----+-----------+-----+-----------+
    |           Name           | LUT| Input Size| Bits| Total Bits|
    +--------------------------+----+-----------+-----+-----------+
    |ap_done                   |   9|          2|    1|          2|
    |gatewayIP_V_out_blk_n     |   9|          2|    1|          2|
    |myIpAddress_V_out1_blk_n  |   9|          2|    1|          2|
    |myIpAddress_V_out_blk_n   |   9|          2|    1|          2|
    |myMacAddress_V_out_blk_n  |   9|          2|    1|          2|
    |networkMask_V_out_blk_n   |   9|          2|    1|          2|
    +--------------------------+----+-----------+-----+-----------+
    |Total                     |  54|         12|    6|         12|
    +--------------------------+----+-----------+-----+-----------+

    * Register: 
    +-------------+---+----+-----+-----------+
    |     Name    | FF| LUT| Bits| Const Bits|
    +-------------+---+----+-----+-----------+
    |ap_CS_fsm    |  1|   0|    1|          0|
    |ap_done_reg  |  1|   0|    1|          0|
    +-------------+---+----+-----+-----------+
    |Total        |  2|   0|    2|          0|
    +-------------+---+----+-----+-----------+



================================================================
== Interface
================================================================
* Summary: 
+---------------------------+-----+-----+------------+---------------------+--------------+
|         RTL Ports         | Dir | Bits|  Protocol  |    Source Object    |    C Type    |
+---------------------------+-----+-----+------------+---------------------+--------------+
|ap_clk                     |  in |    1| ap_ctrl_hs | arp_server.entry174 | return value |
|ap_rst                     |  in |    1| ap_ctrl_hs | arp_server.entry174 | return value |
|ap_start                   |  in |    1| ap_ctrl_hs | arp_server.entry174 | return value |
|ap_done                    | out |    1| ap_ctrl_hs | arp_server.entry174 | return value |
|ap_continue                |  in |    1| ap_ctrl_hs | arp_server.entry174 | return value |
|ap_idle                    | out |    1| ap_ctrl_hs | arp_server.entry174 | return value |
|ap_ready                   | out |    1| ap_ctrl_hs | arp_server.entry174 | return value |
|myMacAddress_V             |  in |   48|   ap_none  |    myMacAddress_V   |    pointer   |
|myIpAddress_V              |  in |   32|   ap_none  |    myIpAddress_V    |    pointer   |
|gatewayIP_V                |  in |   32|   ap_none  |     gatewayIP_V     |    pointer   |
|networkMask_V              |  in |   32|   ap_none  |    networkMask_V    |    pointer   |
|myMacAddress_V_out_din     | out |   48|   ap_fifo  |  myMacAddress_V_out |    pointer   |
|myMacAddress_V_out_full_n  |  in |    1|   ap_fifo  |  myMacAddress_V_out |    pointer   |
|myMacAddress_V_out_write   | out |    1|   ap_fifo  |  myMacAddress_V_out |    pointer   |
|myIpAddress_V_out_din      | out |   32|   ap_fifo  |  myIpAddress_V_out  |    pointer   |
|myIpAddress_V_out_full_n   |  in |    1|   ap_fifo  |  myIpAddress_V_out  |    pointer   |
|myIpAddress_V_out_write    | out |    1|   ap_fifo  |  myIpAddress_V_out  |    pointer   |
|myIpAddress_V_out1_din     | out |   32|   ap_fifo  |  myIpAddress_V_out1 |    pointer   |
|myIpAddress_V_out1_full_n  |  in |    1|   ap_fifo  |  myIpAddress_V_out1 |    pointer   |
|myIpAddress_V_out1_write   | out |    1|   ap_fifo  |  myIpAddress_V_out1 |    pointer   |
|gatewayIP_V_out_din        | out |   32|   ap_fifo  |   gatewayIP_V_out   |    pointer   |
|gatewayIP_V_out_full_n     |  in |    1|   ap_fifo  |   gatewayIP_V_out   |    pointer   |
|gatewayIP_V_out_write      | out |    1|   ap_fifo  |   gatewayIP_V_out   |    pointer   |
|networkMask_V_out_din      | out |   32|   ap_fifo  |  networkMask_V_out  |    pointer   |
|networkMask_V_out_full_n   |  in |    1|   ap_fifo  |  networkMask_V_out  |    pointer   |
|networkMask_V_out_write    | out |    1|   ap_fifo  |  networkMask_V_out  |    pointer   |
+---------------------------+-----+-----+------------+---------------------+--------------+

