

================================================================
== Vivado HLS Report for 'arp_pkg_receiver'
================================================================
* Date:           Thu Aug  5 18:55:56 2021

* Version:        2020.1 (Build 2897737 on Wed May 27 20:21:37 MDT 2020)
* Project:        ARP_hls_prj
* Solution:       ultrascale_plus
* Product family: virtexuplus
* Target device:  xcu280-fsvh2892-2L-e


================================================================
== Performance Estimates
================================================================
+ Timing: 
    * Summary: 
    +--------+---------+----------+------------+
    |  Clock |  Target | Estimated| Uncertainty|
    +--------+---------+----------+------------+
    |ap_clk  | 3.10 ns | 2.900 ns |   0.20 ns  |
    +--------+---------+----------+------------+

+ Latency: 
    * Summary: 
    +---------+---------+----------+----------+-----+-----+----------+
    |  Latency (cycles) |  Latency (absolute) |  Interval | Pipeline |
    |   min   |   max   |    min   |    max   | min | max |   Type   |
    +---------+---------+----------+----------+-----+-----+----------+
    |        1|        1| 3.100 ns | 3.100 ns |    1|    1| function |
    +---------+---------+----------+----------+-----+-----+----------+

    + Detail: 
        * Instance: 
        N/A

        * Loop: 
        N/A



================================================================
== Utilization Estimates
================================================================
* Summary: 
+---------------------+---------+-------+---------+---------+-----+
|         Name        | BRAM_18K| DSP48E|    FF   |   LUT   | URAM|
+---------------------+---------+-------+---------+---------+-----+
|DSP                  |        -|      -|        -|        -|    -|
|Expression           |        -|      -|        0|       89|    -|
|FIFO                 |        -|      -|        -|        -|    -|
|Instance             |        -|      -|        -|        -|    -|
|Memory               |        -|      -|        -|        -|    -|
|Multiplexer          |        -|      -|        -|       54|    -|
|Register             |        -|      -|      203|        -|    -|
+---------------------+---------+-------+---------+---------+-----+
|Total                |        0|      0|      203|      143|    0|
+---------------------+---------+-------+---------+---------+-----+
|Available SLR        |     1344|   3008|   869120|   434560|  320|
+---------------------+---------+-------+---------+---------+-----+
|Utilization SLR (%)  |        0|      0|    ~0   |    ~0   |    0|
+---------------------+---------+-------+---------+---------+-----+
|Available            |     4032|   9024|  2607360|  1303680|  960|
+---------------------+---------+-------+---------+---------+-----+
|Utilization (%)      |        0|      0|    ~0   |    ~0   |    0|
+---------------------+---------+-------+---------+---------+-----+

+ Detail: 
    * Instance: 
    N/A

    * DSP48E: 
    N/A

    * Memory: 
    N/A

    * FIFO: 
    N/A

    * Expression: 
    +----------------------------------+----------+-------+---+----+------------+------------+
    |           Variable Name          | Operation| DSP48E| FF| LUT| Bitwidth P0| Bitwidth P1|
    +----------------------------------+----------+-------+---+----+------------+------------+
    |add_ln700_fu_230_p2               |     +    |      0|  0|  12|           4|           1|
    |and_ln74_fu_202_p2                |    and   |      0|  0|   2|           1|           1|
    |and_ln76_fu_214_p2                |    and   |      0|  0|   2|           1|           1|
    |ap_predicate_op40_write_state2    |    and   |      0|  0|   2|           1|           1|
    |ap_predicate_op44_write_state2    |    and   |      0|  0|   2|           1|           1|
    |tmp_nbreadreq_fu_102_p5           |    and   |      0|  0|   2|           1|           0|
    |icmp_ln879_2_fu_190_p2            |   icmp   |      0|  0|  13|          16|           9|
    |icmp_ln879_3_fu_196_p2            |   icmp   |      0|  0|  20|          32|          32|
    |icmp_ln879_4_fu_208_p2            |   icmp   |      0|  0|  13|          16|          10|
    |icmp_ln879_fu_164_p2              |   icmp   |      0|  0|   9|           4|           1|
    |ap_block_pp0_stage0_01001         |    or    |      0|  0|   2|           1|           1|
    |ap_block_state1_pp0_stage0_iter0  |    or    |      0|  0|   2|           1|           1|
    |ap_block_state2_pp0_stage0_iter1  |    or    |      0|  0|   2|           1|           1|
    |select_ln80_fu_236_p3             |  select  |      0|  0|   4|           1|           1|
    |ap_enable_pp0                     |    xor   |      0|  0|   2|           1|           2|
    +----------------------------------+----------+-------+---+----+------------+------------+
    |Total                             |          |      0|  0|  89|          82|          63|
    +----------------------------------+----------+-------+---+----+------------+------------+

    * Multiplexer: 
    +----------------------------+----+-----------+-----+-----------+
    |            Name            | LUT| Input Size| Bits| Total Bits|
    +----------------------------+----+-----------+-----+-----------+
    |ap_done                     |   9|          2|    1|          2|
    |arpDataIn_TDATA_blk_n       |   9|          2|    1|          2|
    |arpReplyFifo_V_blk_n        |   9|          2|    1|          2|
    |arpTableInsertFifo_V_blk_n  |   9|          2|    1|          2|
    |myIpAddress_V_blk_n         |   9|          2|    1|          2|
    |myIpAddress_V_out_blk_n     |   9|          2|    1|          2|
    +----------------------------+----+-----------+-----+-----------+
    |Total                       |  54|         12|    6|         12|
    +----------------------------+----+-----------+-----+-----------+

    * Register: 
    +-------------------------+-----+----+-----+-----------+
    |           Name          |  FF | LUT| Bits| Const Bits|
    +-------------------------+-----+----+-----+-----------+
    |and_ln74_reg_275         |    1|   0|    1|          0|
    |and_ln76_reg_279         |    1|   0|    1|          0|
    |ap_CS_fsm                |    1|   0|    1|          0|
    |ap_done_reg              |    1|   0|    1|          0|
    |ap_enable_reg_pp0_iter1  |    1|   0|    1|          0|
    |icmp_ln879_reg_271       |    1|   0|    1|          0|
    |reg_147                  |   80|   0|   80|          0|
    |tmp_6_i_i_reg_283        |  112|   0|  112|          0|
    |tmp_reg_267              |    1|   0|    1|          0|
    |wordCount_V              |    4|   0|    4|          0|
    +-------------------------+-----+----+-----+-----------+
    |Total                    |  203|   0|  203|          0|
    +-------------------------+-----+----+-----+-----------+



================================================================
== Interface
================================================================
* Summary: 
+-----------------------------+-----+-----+------------+----------------------+--------------+
|          RTL Ports          | Dir | Bits|  Protocol  |     Source Object    |    C Type    |
+-----------------------------+-----+-----+------------+----------------------+--------------+
|ap_clk                       |  in |    1| ap_ctrl_hs |   arp_pkg_receiver   | return value |
|ap_rst                       |  in |    1| ap_ctrl_hs |   arp_pkg_receiver   | return value |
|ap_start                     |  in |    1| ap_ctrl_hs |   arp_pkg_receiver   | return value |
|ap_done                      | out |    1| ap_ctrl_hs |   arp_pkg_receiver   | return value |
|ap_continue                  |  in |    1| ap_ctrl_hs |   arp_pkg_receiver   | return value |
|ap_idle                      | out |    1| ap_ctrl_hs |   arp_pkg_receiver   | return value |
|ap_ready                     | out |    1| ap_ctrl_hs |   arp_pkg_receiver   | return value |
|myIpAddress_V_dout           |  in |   32|   ap_fifo  |     myIpAddress_V    |    pointer   |
|myIpAddress_V_empty_n        |  in |    1|   ap_fifo  |     myIpAddress_V    |    pointer   |
|myIpAddress_V_read           | out |    1|   ap_fifo  |     myIpAddress_V    |    pointer   |
|myIpAddress_V_out_din        | out |   32|   ap_fifo  |   myIpAddress_V_out  |    pointer   |
|myIpAddress_V_out_full_n     |  in |    1|   ap_fifo  |   myIpAddress_V_out  |    pointer   |
|myIpAddress_V_out_write      | out |    1|   ap_fifo  |   myIpAddress_V_out  |    pointer   |
|arpDataIn_TVALID             |  in |    1|    axis    |  arpDataIn_V_data_V  |    pointer   |
|arpDataIn_TDATA              |  in |  512|    axis    |  arpDataIn_V_data_V  |    pointer   |
|arpTableInsertFifo_V_din     | out |   81|   ap_fifo  | arpTableInsertFifo_V |    pointer   |
|arpTableInsertFifo_V_full_n  |  in |    1|   ap_fifo  | arpTableInsertFifo_V |    pointer   |
|arpTableInsertFifo_V_write   | out |    1|   ap_fifo  | arpTableInsertFifo_V |    pointer   |
|arpReplyFifo_V_din           | out |  192|   ap_fifo  |    arpReplyFifo_V    |    pointer   |
|arpReplyFifo_V_full_n        |  in |    1|   ap_fifo  |    arpReplyFifo_V    |    pointer   |
|arpReplyFifo_V_write         | out |    1|   ap_fifo  |    arpReplyFifo_V    |    pointer   |
|arpDataIn_TREADY             | out |    1|    axis    |  arpDataIn_V_last_V  |    pointer   |
|arpDataIn_TLAST              |  in |    1|    axis    |  arpDataIn_V_last_V  |    pointer   |
|arpDataIn_TKEEP              |  in |   64|    axis    |  arpDataIn_V_keep_V  |    pointer   |
+-----------------------------+-----+-----+------------+----------------------+--------------+

