

================================================================
== Vivado HLS Report for 'arp_pkg_sender'
================================================================
* Date:           Thu Aug  5 18:55:56 2021

* Version:        2020.1 (Build 2897737 on Wed May 27 20:21:37 MDT 2020)
* Project:        ARP_hls_prj
* Solution:       ultrascale_plus
* Product family: virtexuplus
* Target device:  xcu280-fsvh2892-2L-e


================================================================
== Performance Estimates
================================================================
+ Timing: 
    * Summary: 
    +--------+---------+----------+------------+
    |  Clock |  Target | Estimated| Uncertainty|
    +--------+---------+----------+------------+
    |ap_clk  | 3.10 ns | 2.900 ns |   0.20 ns  |
    +--------+---------+----------+------------+

+ Latency: 
    * Summary: 
    +---------+---------+----------+----------+-----+-----+----------+
    |  Latency (cycles) |  Latency (absolute) |  Interval | Pipeline |
    |   min   |   max   |    min   |    max   | min | max |   Type   |
    +---------+---------+----------+----------+-----+-----+----------+
    |        2|        2| 6.200 ns | 6.200 ns |    1|    1| function |
    +---------+---------+----------+----------+-----+-----+----------+

    + Detail: 
        * Instance: 
        N/A

        * Loop: 
        N/A



================================================================
== Utilization Estimates
================================================================
* Summary: 
+---------------------+---------+-------+---------+---------+-----+
|         Name        | BRAM_18K| DSP48E|    FF   |   LUT   | URAM|
+---------------------+---------+-------+---------+---------+-----+
|DSP                  |        -|      -|        -|        -|    -|
|Expression           |        -|      -|        0|      140|    -|
|FIFO                 |        -|      -|        -|        -|    -|
|Instance             |        -|      -|        -|        -|    -|
|Memory               |        -|      -|        -|        -|    -|
|Multiplexer          |        -|      -|        -|      129|    -|
|Register             |        -|      -|      268|        -|    -|
+---------------------+---------+-------+---------+---------+-----+
|Total                |        0|      0|      268|      269|    0|
+---------------------+---------+-------+---------+---------+-----+
|Available SLR        |     1344|   3008|   869120|   434560|  320|
+---------------------+---------+-------+---------+---------+-----+
|Utilization SLR (%)  |        0|      0|    ~0   |    ~0   |    0|
+---------------------+---------+-------+---------+---------+-----+
|Available            |     4032|   9024|  2607360|  1303680|  960|
+---------------------+---------+-------+---------+---------+-----+
|Utilization (%)      |        0|      0|    ~0   |    ~0   |    0|
+---------------------+---------+-------+---------+---------+-----+

+ Detail: 
    * Instance: 
    N/A

    * DSP48E: 
    N/A

    * Memory: 
    N/A

    * FIFO: 
    N/A

    * Expression: 
    +----------------------------------+----------+-------+---+----+------------+------------+
    |           Variable Name          | Operation| DSP48E| FF| LUT| Bitwidth P0| Bitwidth P1|
    +----------------------------------+----------+-------+---+----+------------+------------+
    |and_ln879_fu_450_p2               |    and   |      0|  0|  32|          32|          32|
    |ap_condition_276                  |    and   |      0|  0|   2|           1|           1|
    |ap_predicate_op12_read_state1     |    and   |      0|  0|   2|           1|           1|
    |ap_predicate_op14_read_state1     |    and   |      0|  0|   2|           1|           1|
    |tmp_4_nbreadreq_fu_150_p3         |    and   |      0|  0|   2|           1|           0|
    |tmp_nbreadreq_fu_142_p3           |    and   |      0|  0|   2|           1|           0|
    |icmp_ln879_fu_456_p2              |   icmp   |      0|  0|  20|          32|           1|
    |ap_block_pp0_stage0_01001         |    or    |      0|  0|   2|           1|           1|
    |ap_block_pp0_stage0_11001         |    or    |      0|  0|   2|           1|           1|
    |ap_block_state1_pp0_stage0_iter0  |    or    |      0|  0|   2|           1|           1|
    |ap_block_state2_io                |    or    |      0|  0|   2|           1|           1|
    |ap_block_state2_pp0_stage0_iter1  |    or    |      0|  0|   2|           1|           1|
    |ap_block_state3_io                |    or    |      0|  0|   2|           1|           1|
    |select_ln136_fu_462_p3            |  select  |      0|  0|  32|           1|          32|
    |ap_enable_pp0                     |    xor   |      0|  0|   2|           1|           2|
    |xor_ln879_fu_444_p2               |    xor   |      0|  0|  32|          32|          32|
    +----------------------------------+----------+-------+---+----+------------+------------+
    |Total                             |          |      0|  0| 140|         109|         108|
    +----------------------------------+----------+-------+---+----+------------+------------+

    * Multiplexer: 
    +--------------------------+----+-----------+-----+-----------+
    |           Name           | LUT| Input Size| Bits| Total Bits|
    +--------------------------+----+-----------+-----+-----------+
    |ap_done                   |   9|          2|    1|          2|
    |aps_fsmState              |  15|          3|    2|          6|
    |arpDataOut_TDATA_blk_n    |   9|          2|    1|          2|
    |arpDataOut_TDATA_int      |  15|          3|  512|       1536|
    |arpReplyFifo_V_blk_n      |   9|          2|    1|          2|
    |arpRequestFifo_V_V_blk_n  |   9|          2|    1|          2|
    |gatewayIP_V_blk_n         |   9|          2|    1|          2|
    |gatewayIP_V_out_blk_n     |   9|          2|    1|          2|
    |myIpAddress_V_blk_n       |   9|          2|    1|          2|
    |myIpAddress_V_out_blk_n   |   9|          2|    1|          2|
    |myMacAddress_V_blk_n      |   9|          2|    1|          2|
    |networkMask_V_blk_n       |   9|          2|    1|          2|
    |networkMask_V_out_blk_n   |   9|          2|    1|          2|
    +--------------------------+----+-----------+-----+-----------+
    |Total                     | 129|         28|  525|       1564|
    +--------------------------+----+-----------+-----+-----------+

    * Register: 
    +-----------------------------------------+----+----+-----+-----------+
    |                   Name                  | FF | LUT| Bits| Const Bits|
    +-----------------------------------------+----+----+-----+-----------+
    |ap_CS_fsm                                |   1|   0|    1|          0|
    |ap_done_reg                              |   1|   0|    1|          0|
    |ap_enable_reg_pp0_iter1                  |   1|   0|    1|          0|
    |ap_enable_reg_pp0_iter2                  |   1|   0|    1|          0|
    |aps_fsmState                             |   2|   0|    2|          0|
    |aps_fsmState_load_reg_496                |   2|   0|    2|          0|
    |aps_fsmState_load_reg_496_pp0_iter1_reg  |   2|   0|    2|          0|
    |inputIP_V                                |  32|   0|   32|          0|
    |replyMeta_ethType_V                      |  16|   0|   16|          0|
    |replyMeta_hwAddrSrc_s                    |  48|   0|   48|          0|
    |replyMeta_hwLen_V                        |   8|   0|    8|          0|
    |replyMeta_hwType_V                       |  16|   0|   16|          0|
    |replyMeta_protoAddrS                     |  32|   0|   32|          0|
    |replyMeta_protoLen_V                     |   8|   0|    8|          0|
    |replyMeta_protoType_s                    |  16|   0|   16|          0|
    |replyMeta_srcMac_V                       |  48|   0|   48|          0|
    |tmp_4_reg_504                            |   1|   0|    1|          0|
    |tmp_V_reg_508                            |  32|   0|   32|          0|
    |tmp_reg_500                              |   1|   0|    1|          0|
    +-----------------------------------------+----+----+-----+-----------+
    |Total                                    | 268|   0|  268|          0|
    +-----------------------------------------+----+----+-----+-----------+



================================================================
== Interface
================================================================
* Summary: 
+----------------------------+-----+-----+------------+---------------------+--------------+
|          RTL Ports         | Dir | Bits|  Protocol  |    Source Object    |    C Type    |
+----------------------------+-----+-----+------------+---------------------+--------------+
|ap_clk                      |  in |    1| ap_ctrl_hs |    arp_pkg_sender   | return value |
|ap_rst                      |  in |    1| ap_ctrl_hs |    arp_pkg_sender   | return value |
|ap_start                    |  in |    1| ap_ctrl_hs |    arp_pkg_sender   | return value |
|ap_done                     | out |    1| ap_ctrl_hs |    arp_pkg_sender   | return value |
|ap_continue                 |  in |    1| ap_ctrl_hs |    arp_pkg_sender   | return value |
|ap_idle                     | out |    1| ap_ctrl_hs |    arp_pkg_sender   | return value |
|ap_ready                    | out |    1| ap_ctrl_hs |    arp_pkg_sender   | return value |
|arpRequestFifo_V_V_dout     |  in |   32|   ap_fifo  |  arpRequestFifo_V_V |    pointer   |
|arpRequestFifo_V_V_empty_n  |  in |    1|   ap_fifo  |  arpRequestFifo_V_V |    pointer   |
|arpRequestFifo_V_V_read     | out |    1|   ap_fifo  |  arpRequestFifo_V_V |    pointer   |
|arpReplyFifo_V_dout         |  in |  192|   ap_fifo  |    arpReplyFifo_V   |    pointer   |
|arpReplyFifo_V_empty_n      |  in |    1|   ap_fifo  |    arpReplyFifo_V   |    pointer   |
|arpReplyFifo_V_read         | out |    1|   ap_fifo  |    arpReplyFifo_V   |    pointer   |
|myIpAddress_V_dout          |  in |   32|   ap_fifo  |    myIpAddress_V    |    pointer   |
|myIpAddress_V_empty_n       |  in |    1|   ap_fifo  |    myIpAddress_V    |    pointer   |
|myIpAddress_V_read          | out |    1|   ap_fifo  |    myIpAddress_V    |    pointer   |
|gatewayIP_V_dout            |  in |   32|   ap_fifo  |     gatewayIP_V     |    pointer   |
|gatewayIP_V_empty_n         |  in |    1|   ap_fifo  |     gatewayIP_V     |    pointer   |
|gatewayIP_V_read            | out |    1|   ap_fifo  |     gatewayIP_V     |    pointer   |
|networkMask_V_dout          |  in |   32|   ap_fifo  |    networkMask_V    |    pointer   |
|networkMask_V_empty_n       |  in |    1|   ap_fifo  |    networkMask_V    |    pointer   |
|networkMask_V_read          | out |    1|   ap_fifo  |    networkMask_V    |    pointer   |
|myIpAddress_V_out_din       | out |   32|   ap_fifo  |  myIpAddress_V_out  |    pointer   |
|myIpAddress_V_out_full_n    |  in |    1|   ap_fifo  |  myIpAddress_V_out  |    pointer   |
|myIpAddress_V_out_write     | out |    1|   ap_fifo  |  myIpAddress_V_out  |    pointer   |
|gatewayIP_V_out_din         | out |   32|   ap_fifo  |   gatewayIP_V_out   |    pointer   |
|gatewayIP_V_out_full_n      |  in |    1|   ap_fifo  |   gatewayIP_V_out   |    pointer   |
|gatewayIP_V_out_write       | out |    1|   ap_fifo  |   gatewayIP_V_out   |    pointer   |
|networkMask_V_out_din       | out |   32|   ap_fifo  |  networkMask_V_out  |    pointer   |
|networkMask_V_out_full_n    |  in |    1|   ap_fifo  |  networkMask_V_out  |    pointer   |
|networkMask_V_out_write     | out |    1|   ap_fifo  |  networkMask_V_out  |    pointer   |
|myMacAddress_V_dout         |  in |   48|   ap_fifo  |    myMacAddress_V   |    pointer   |
|myMacAddress_V_empty_n      |  in |    1|   ap_fifo  |    myMacAddress_V   |    pointer   |
|myMacAddress_V_read         | out |    1|   ap_fifo  |    myMacAddress_V   |    pointer   |
|arpDataOut_TREADY           |  in |    1|    axis    | arpDataOut_V_last_V |    pointer   |
|arpDataOut_TVALID           | out |    1|    axis    | arpDataOut_V_last_V |    pointer   |
|arpDataOut_TLAST            | out |    1|    axis    | arpDataOut_V_last_V |    pointer   |
|arpDataOut_TDATA            | out |  512|    axis    | arpDataOut_V_data_V |    pointer   |
|arpDataOut_TKEEP            | out |   64|    axis    | arpDataOut_V_keep_V |    pointer   |
+----------------------------+-----+-----+------------+---------------------+--------------+

