

================================================================
== Vivado HLS Report for 'genARPDiscovery'
================================================================
* Date:           Thu Aug  5 18:55:55 2021

* Version:        2020.1 (Build 2897737 on Wed May 27 20:21:37 MDT 2020)
* Project:        ARP_hls_prj
* Solution:       ultrascale_plus
* Product family: virtexuplus
* Target device:  xcu280-fsvh2892-2L-e


================================================================
== Performance Estimates
================================================================
+ Timing: 
    * Summary: 
    +--------+---------+----------+------------+
    |  Clock |  Target | Estimated| Uncertainty|
    +--------+---------+----------+------------+
    |ap_clk  | 3.10 ns | 2.900 ns |   0.20 ns  |
    +--------+---------+----------+------------+

+ Latency: 
    * Summary: 
    +---------+---------+----------+----------+-----+-----+----------+
    |  Latency (cycles) |  Latency (absolute) |  Interval | Pipeline |
    |   min   |   max   |    min   |    max   | min | max |   Type   |
    +---------+---------+----------+----------+-----+-----+----------+
    |        2|        2| 6.200 ns | 6.200 ns |    1|    1| function |
    +---------+---------+----------+----------+-----+-----+----------+

    + Detail: 
        * Instance: 
        N/A

        * Loop: 
        N/A



================================================================
== Utilization Estimates
================================================================
* Summary: 
+---------------------+---------+-------+---------+---------+-----+
|         Name        | BRAM_18K| DSP48E|    FF   |   LUT   | URAM|
+---------------------+---------+-------+---------+---------+-----+
|DSP                  |        -|      -|        -|        -|    -|
|Expression           |        -|      -|        0|      125|    -|
|FIFO                 |        -|      -|        -|        -|    -|
|Instance             |        -|      -|        -|        -|    -|
|Memory               |        -|      -|        -|        -|    -|
|Multiplexer          |        -|      -|        -|      147|    -|
|Register             |        -|      -|      147|        -|    -|
+---------------------+---------+-------+---------+---------+-----+
|Total                |        0|      0|      147|      272|    0|
+---------------------+---------+-------+---------+---------+-----+
|Available SLR        |     1344|   3008|   869120|   434560|  320|
+---------------------+---------+-------+---------+---------+-----+
|Utilization SLR (%)  |        0|      0|    ~0   |    ~0   |    0|
+---------------------+---------+-------+---------+---------+-----+
|Available            |     4032|   9024|  2607360|  1303680|  960|
+---------------------+---------+-------+---------+---------+-----+
|Utilization (%)      |        0|      0|    ~0   |    ~0   |    0|
+---------------------+---------+-------+---------+---------+-----+

+ Detail: 
    * Instance: 
    N/A

    * DSP48E: 
    N/A

    * Memory: 
    N/A

    * FIFO: 
    N/A

    * Expression: 
    +----------------------------------+----------+-------+---+----+------------+------------+
    |           Variable Name          | Operation| DSP48E| FF| LUT| Bitwidth P0| Bitwidth P1|
    +----------------------------------+----------+-------+---+----+------------+------------+
    |add_ln700_1_fu_270_p2             |     +    |      0|  0|  39|          32|           1|
    |add_ln700_fu_242_p2               |     +    |      0|  0|  15|           1|           8|
    |ap_block_state2_io                |    and   |      0|  0|   2|           1|           1|
    |ap_block_state3_io                |    and   |      0|  0|   2|           1|           1|
    |ap_condition_132                  |    and   |      0|  0|   2|           1|           1|
    |ap_condition_291                  |    and   |      0|  0|   2|           1|           1|
    |ap_predicate_op13_read_state1     |    and   |      0|  0|   2|           1|           1|
    |ap_predicate_op17_read_state1     |    and   |      0|  0|   2|           1|           1|
    |ap_predicate_op27_read_state1     |    and   |      0|  0|   2|           1|           1|
    |ap_predicate_op44_write_state2    |    and   |      0|  0|   2|           1|           1|
    |ap_predicate_op47_write_state2    |    and   |      0|  0|   2|           1|           1|
    |ap_predicate_op65_write_state3    |    and   |      0|  0|   2|           1|           1|
    |grp_nbreadreq_fu_104_p3           |    and   |      0|  0|   2|           1|           0|
    |tmp_1_nbreadreq_fu_90_p3          |    and   |      0|  0|   2|           1|           0|
    |icmp_ln879_1_fu_222_p2            |   icmp   |      0|  0|  11|           8|           1|
    |icmp_ln879_fu_264_p2              |   icmp   |      0|  0|  20|          32|          31|
    |ap_block_pp0_stage0_01001         |    or    |      0|  0|   2|           1|           1|
    |ap_block_pp0_stage0_11001         |    or    |      0|  0|   2|           1|           1|
    |ap_block_state1_pp0_stage0_iter0  |    or    |      0|  0|   2|           1|           1|
    |ap_block_state2_pp0_stage0_iter1  |    or    |      0|  0|   2|           1|           1|
    |or_ln323_fu_210_p2                |    or    |      0|  0|   2|           1|           1|
    |select_ln304_fu_228_p3            |  select  |      0|  0|   2|           1|           2|
    |ap_enable_pp0                     |    xor   |      0|  0|   2|           1|           2|
    |xor_ln323_fu_204_p2               |    xor   |      0|  0|   2|           1|           2|
    +----------------------------------+----------+-------+---+----+------------+------------+
    |Total                             |          |      0|  0| 125|          93|          62|
    +----------------------------------+----------+-------+---+----+------------+------------+

    * Multiplexer: 
    +---------------------------------------------------+----+-----------+-----+-----------+
    |                        Name                       | LUT| Input Size| Bits| Total Bits|
    +---------------------------------------------------+----+-----------+-----+-----------+
    |ap_done                                            |   9|          2|    1|          2|
    |ap_phi_mux_p_0120_0_i_i_phi_fu_149_p4              |  15|          3|    1|          3|
    |ap_phi_reg_pp0_iter1_arp_scan_V_loc_1_i_i_reg_157  |  15|          3|    1|          3|
    |ap_sig_allocacmp_arp_scan_1d_V_load                |   9|          2|    1|          2|
    |arp_scan_V_o                                       |   9|          2|    1|          2|
    |gia_fsm_state                                      |  21|          4|    3|         12|
    |ip_lsb_V                                           |   9|          2|    8|         16|
    |macIpEncodeIn_V_V_TDATA_blk_n                      |   9|          2|    1|          2|
    |macIpEncode_i_V_V_blk_n                            |   9|          2|    1|          2|
    |macIpEncode_i_V_V_din                              |  15|          3|   32|         96|
    |macIpEncode_rsp_i_V_blk_n                          |   9|          2|    1|          2|
    |macIpEncode_rsp_o_V_TDATA_blk_n                    |   9|          2|    1|          2|
    |myIpAddress_V_blk_n                                |   9|          2|    1|          2|
    +---------------------------------------------------+----+-----------+-----+-----------+
    |Total                                              | 147|         31|   53|        146|
    +---------------------------------------------------+----+-----------+-----+-----------+

    * Register: 
    +---------------------------------------------------+----+----+-----+-----------+
    |                        Name                       | FF | LUT| Bits| Const Bits|
    +---------------------------------------------------+----+----+-----+-----------+
    |ap_CS_fsm                                          |   1|   0|    1|          0|
    |ap_done_reg                                        |   1|   0|    1|          0|
    |ap_enable_reg_pp0_iter1                            |   1|   0|    1|          0|
    |ap_enable_reg_pp0_iter2                            |   1|   0|    1|          0|
    |ap_phi_reg_pp0_iter1_arp_scan_V_loc_1_i_i_reg_157  |   1|   0|    1|          0|
    |arp_scan_1d_V                                      |   1|   0|    1|          0|
    |gia_fsm_state                                      |   3|   0|    3|          0|
    |gia_fsm_state_load_reg_304                         |   3|   0|    3|          0|
    |gia_fsm_state_load_reg_304_pp0_iter1_reg           |   3|   0|    3|          0|
    |ip_lsb_V                                           |   8|   0|    8|          0|
    |time_counter_V                                     |  32|   0|   32|          0|
    |tmp_18_reg_337                                     |  49|   0|   49|          0|
    |tmp_1_reg_324                                      |   1|   0|    1|          0|
    |tmp_2_reg_333                                      |   1|   0|    1|          0|
    |tmp_2_reg_333_pp0_iter1_reg                        |   1|   0|    1|          0|
    |tmp_V_1_reg_328                                    |  32|   0|   32|          0|
    |v1_V_reg_308                                       |   8|   0|    8|          0|
    +---------------------------------------------------+----+----+-----+-----------+
    |Total                                              | 147|   0|  147|          0|
    +---------------------------------------------------+----+----+-----+-----------+



================================================================
== Interface
================================================================
* Summary: 
+-----------------------------+-----+-----+------------+---------------------+--------------+
|          RTL Ports          | Dir | Bits|  Protocol  |    Source Object    |    C Type    |
+-----------------------------+-----+-----+------------+---------------------+--------------+
|ap_clk                       |  in |    1| ap_ctrl_hs |   genARPDiscovery   | return value |
|ap_rst                       |  in |    1| ap_ctrl_hs |   genARPDiscovery   | return value |
|ap_start                     |  in |    1| ap_ctrl_hs |   genARPDiscovery   | return value |
|ap_done                      | out |    1| ap_ctrl_hs |   genARPDiscovery   | return value |
|ap_continue                  |  in |    1| ap_ctrl_hs |   genARPDiscovery   | return value |
|ap_idle                      | out |    1| ap_ctrl_hs |   genARPDiscovery   | return value |
|ap_ready                     | out |    1| ap_ctrl_hs |   genARPDiscovery   | return value |
|macIpEncodeIn_V_V_TVALID     |  in |    1|    axis    |  macIpEncodeIn_V_V  |    pointer   |
|macIpEncodeIn_V_V_TDATA      |  in |   32|    axis    |  macIpEncodeIn_V_V  |    pointer   |
|macIpEncodeIn_V_V_TREADY     | out |    1|    axis    |  macIpEncodeIn_V_V  |    pointer   |
|macIpEncode_rsp_i_V_dout     |  in |   49|   ap_fifo  | macIpEncode_rsp_i_V |    pointer   |
|macIpEncode_rsp_i_V_empty_n  |  in |    1|   ap_fifo  | macIpEncode_rsp_i_V |    pointer   |
|macIpEncode_rsp_i_V_read     | out |    1|   ap_fifo  | macIpEncode_rsp_i_V |    pointer   |
|myIpAddress_V_dout           |  in |   32|   ap_fifo  |    myIpAddress_V    |    pointer   |
|myIpAddress_V_empty_n        |  in |    1|   ap_fifo  |    myIpAddress_V    |    pointer   |
|myIpAddress_V_read           | out |    1|   ap_fifo  |    myIpAddress_V    |    pointer   |
|macIpEncode_i_V_V_din        | out |   32|   ap_fifo  |  macIpEncode_i_V_V  |    pointer   |
|macIpEncode_i_V_V_full_n     |  in |    1|   ap_fifo  |  macIpEncode_i_V_V  |    pointer   |
|macIpEncode_i_V_V_write      | out |    1|   ap_fifo  |  macIpEncode_i_V_V  |    pointer   |
|macIpEncode_rsp_o_V_TREADY   |  in |    1|    axis    | macIpEncode_rsp_o_V |    pointer   |
|macIpEncode_rsp_o_V_TDATA    | out |   56|    axis    | macIpEncode_rsp_o_V |    pointer   |
|macIpEncode_rsp_o_V_TVALID   | out |    1|    axis    | macIpEncode_rsp_o_V |    pointer   |
|arp_scan_V_i                 |  in |    1|   ap_ovld  |      arp_scan_V     |    pointer   |
|arp_scan_V_o                 | out |    1|   ap_ovld  |      arp_scan_V     |    pointer   |
|arp_scan_V_o_ap_vld          | out |    1|   ap_ovld  |      arp_scan_V     |    pointer   |
+-----------------------------+-----+-----+------------+---------------------+--------------+

