

================================================================
== Vitis HLS Report for 'broadcaster_and_mac_request'
================================================================
* Date:           Fri Sep  8 14:08:16 2023

* Version:        2023.1 (Build 3854077 on May  4 2023)
* Project:        ETH_inserter_hls_prj
* Solution:       ultrascale_plus (Vivado IP Flow Target)
* Product family: virtexuplusHBM
* Target device:  xcu280-fsvh2892-2L-e


================================================================
== Performance Estimates
================================================================
+ Timing: 
    * Summary: 
    +--------+---------+----------+------------+
    |  Clock |  Target | Estimated| Uncertainty|
    +--------+---------+----------+------------+
    |ap_clk  |  3.10 ns|  1.450 ns|     0.20 ns|
    +--------+---------+----------+------------+

+ Latency: 
    * Summary: 
    +---------+---------+----------+----------+-----+-----+---------+
    |  Latency (cycles) |  Latency (absolute) |  Interval | Pipeline|
    |   min   |   max   |    min   |    max   | min | max |   Type  |
    +---------+---------+----------+----------+-----+-----+---------+
    |        2|        2|  6.200 ns|  6.200 ns|    1|    1|      yes|
    +---------+---------+----------+----------+-----+-----+---------+

    + Detail: 
        * Instance: 
        N/A

        * Loop: 
        N/A

============================================================
+ Verbose Summary: Synthesis Manager
============================================================
InlineROM: 1
ExposeGlobal: 0
============================================================
+ Verbose Summary: CDFG Model
============================================================
IsTopModel: 0
ResetActiveHigh: 1
IsCombinational: 2
IsDatapathOnly: 0
HasWiredReturn: 1
HasMFsm: 2
HasVarLatency: 0
IsPipeline: 1
IsRtlPipelined: 1
IsInstanceOverlapped: 0
IsDontTouch: 0
HasImplIP: 0
IsGatedGlobalClock: 0

+ Individual pipeline summary: 
  * Pipeline-0: initiation interval (II) = 1, depth = 3


============================================================
+ Verbose Summary: Schedule
============================================================
* Number of FSM states : 3
* Pipeline : 1
  Pipeline-0 : II = 1, D = 3, States = { 1 2 3 }
* Dataflow Pipeline: 0

* FSM state transitions: 
1 --> 2 
2 --> 3 
3 --> 

* FSM state operations: 

State 1 <SV = 0> <Delay = 0.88>
ST_1 : Operation 4 [1/1] (0.00ns)   --->   "%specinterface_ln0 = specinterface void @_ssdm_op_SpecInterface, i1024 %ip_header_out, void @empty_0, i32 0, i32 0, void @empty_2, i32 0, i32 0, void @empty_2, void @empty_2, void @empty_2, i32 0, i32 0, i32 0, i32 0, void @empty_2, void @empty_2, i32 4294967295, i32 0"   --->   Operation 4 'specinterface' 'specinterface_ln0' <Predicate = true> <Delay = 0.00>
ST_1 : Operation 5 [1/1] (0.00ns)   --->   "%specinterface_ln0 = specinterface void @_ssdm_op_SpecInterface, i1024 %ip_header_out, void @empty_0, i32 0, i32 0, void @empty_2, i32 0, i32 0, void @empty_2, void @empty_2, void @empty_2, i32 0, i32 0, i32 0, i32 0, void @empty_2, void @empty_2, i32 4294967295, i32 0"   --->   Operation 5 'specinterface' 'specinterface_ln0' <Predicate = true> <Delay = 0.00>
ST_1 : Operation 6 [1/1] (0.00ns)   --->   "%specinterface_ln0 = specinterface void @_ssdm_op_SpecInterface, i1024 %ip_header_out, void @empty_0, i32 0, i32 0, void @empty_2, i32 0, i32 0, void @empty_2, void @empty_2, void @empty_2, i32 0, i32 0, i32 0, i32 0, void @empty_2, void @empty_2, i32 4294967295, i32 0"   --->   Operation 6 'specinterface' 'specinterface_ln0' <Predicate = true> <Delay = 0.00>
ST_1 : Operation 7 [1/1] (0.00ns)   --->   "%specinterface_ln0 = specinterface void @_ssdm_op_SpecInterface, i1024 %no_ip_header_out, void @empty_0, i32 0, i32 0, void @empty_2, i32 0, i32 0, void @empty_2, void @empty_2, void @empty_2, i32 0, i32 0, i32 0, i32 0, void @empty_2, void @empty_2, i32 4294967295, i32 0"   --->   Operation 7 'specinterface' 'specinterface_ln0' <Predicate = true> <Delay = 0.00>
ST_1 : Operation 8 [1/1] (0.00ns)   --->   "%specinterface_ln0 = specinterface void @_ssdm_op_SpecInterface, i1024 %no_ip_header_out, void @empty_0, i32 0, i32 0, void @empty_2, i32 0, i32 0, void @empty_2, void @empty_2, void @empty_2, i32 0, i32 0, i32 0, i32 0, void @empty_2, void @empty_2, i32 4294967295, i32 0"   --->   Operation 8 'specinterface' 'specinterface_ln0' <Predicate = true> <Delay = 0.00>
ST_1 : Operation 9 [1/1] (0.00ns)   --->   "%specinterface_ln0 = specinterface void @_ssdm_op_SpecInterface, i1024 %no_ip_header_out, void @empty_0, i32 0, i32 0, void @empty_2, i32 0, i32 0, void @empty_2, void @empty_2, void @empty_2, i32 0, i32 0, i32 0, i32 0, void @empty_2, void @empty_2, i32 4294967295, i32 0"   --->   Operation 9 'specinterface' 'specinterface_ln0' <Predicate = true> <Delay = 0.00>
ST_1 : Operation 10 [1/1] (0.00ns)   --->   "%specaxissidechannel_ln0 = specaxissidechannel void @_ssdm_op_SpecAXISSideChannel, i512 %dataIn_V_data_V, i64 %dataIn_V_keep_V, i64 %dataIn_V_strb_V, i1 0, i1 %dataIn_V_last_V, i1 0, i1 0, void @empty"   --->   Operation 10 'specaxissidechannel' 'specaxissidechannel_ln0' <Predicate = true> <Delay = 0.00>
ST_1 : Operation 11 [1/1] (0.00ns)   --->   "%specinterface_ln0 = specinterface void @_ssdm_op_SpecInterface, i1024 %no_ip_header_out, void @empty_0, i32 0, i32 0, void @empty_2, i32 0, i32 0, void @empty_2, void @empty_2, void @empty_2, i32 0, i32 0, i32 0, i32 0, void @empty_2, void @empty_2, i32 4294967295, i32 0"   --->   Operation 11 'specinterface' 'specinterface_ln0' <Predicate = true> <Delay = 0.00>
ST_1 : Operation 12 [1/1] (0.00ns)   --->   "%specinterface_ln0 = specinterface void @_ssdm_op_SpecInterface, i1024 %ip_header_out, void @empty_0, i32 0, i32 0, void @empty_2, i32 0, i32 0, void @empty_2, void @empty_2, void @empty_2, i32 0, i32 0, i32 0, i32 0, void @empty_2, void @empty_2, i32 4294967295, i32 0"   --->   Operation 12 'specinterface' 'specinterface_ln0' <Predicate = true> <Delay = 0.00>
ST_1 : Operation 13 [1/1] (0.00ns)   --->   "%specinterface_ln0 = specinterface void @_ssdm_op_SpecInterface, i32 %arpTableRequest, void @empty_4, i32 1, i32 1, void @empty_3, i32 0, i32 0, void @empty_2, void @empty_2, void @empty_2, i32 0, i32 0, i32 0, i32 0, void @empty_2, void @empty_2, i32 4294967295, i32 0"   --->   Operation 13 'specinterface' 'specinterface_ln0' <Predicate = true> <Delay = 0.00>
ST_1 : Operation 14 [1/1] (0.00ns)   --->   "%specinterface_ln0 = specinterface void @_ssdm_op_SpecInterface, i1 %dataIn_V_last_V, i64 %dataIn_V_strb_V, i64 %dataIn_V_keep_V, i512 %dataIn_V_data_V, void @empty_4, i32 1, i32 1, void @empty_3, i32 0, i32 0, void @empty_2, void @empty_2, void @empty_2, i32 0, i32 0, i32 0, i32 0, void @empty_2, void @empty_2, i32 4294967295, i32 0"   --->   Operation 14 'specinterface' 'specinterface_ln0' <Predicate = true> <Delay = 0.00>
ST_1 : Operation 15 [1/1] (0.00ns)   --->   "%specpipeline_ln0 = specpipeline void @_ssdm_op_SpecPipeline, i32 1, i32 0, i32 0, i32 0, void @empty_2"   --->   Operation 15 'specpipeline' 'specpipeline_ln0' <Predicate = true> <Delay = 0.00>
ST_1 : Operation 16 [1/1] (0.00ns)   --->   "%bmr_fsm_state_load = load i1 %bmr_fsm_state"   --->   Operation 16 'load' 'bmr_fsm_state_load' <Predicate = true> <Delay = 0.00>
ST_1 : Operation 17 [1/1] (0.00ns)   --->   "%tmp_i = nbreadreq i1 @_ssdm_op_NbReadReq.axis.i512P0A.i64P0A.i64P0A.i1P0A, i512 %dataIn_V_data_V, i64 %dataIn_V_keep_V, i64 %dataIn_V_strb_V, i1 %dataIn_V_last_V, i32 1" [/home/ubuntu/xup_vitis_network_example/NetLayers/100G-fpga-network-stack-core/synthesis_results_HBM/..//hls/ethernet_inserter/ethernet_header_inserter.cpp:72]   --->   Operation 17 'nbreadreq' 'tmp_i' <Predicate = true> <Delay = 0.00> <CoreInst = "axis">   --->   Core 123 'axis' <Latency = 0> <II = 1> <Delay = 1.00> <Adapter> <Opcode : >
ST_1 : Operation 18 [1/1] (0.00ns)   --->   "%br_ln52 = br i1 %bmr_fsm_state_load, void %sw.bb.i, void %sw.bb14.i" [/home/ubuntu/xup_vitis_network_example/NetLayers/100G-fpga-network-stack-core/synthesis_results_HBM/..//hls/ethernet_inserter/ethernet_header_inserter.cpp:52]   --->   Operation 18 'br' 'br_ln52' <Predicate = true> <Delay = 0.00>
ST_1 : Operation 19 [1/1] (0.00ns)   --->   "%br_ln54 = br i1 %tmp_i, void %if.end13.i, void %if.then.i" [/home/ubuntu/xup_vitis_network_example/NetLayers/100G-fpga-network-stack-core/synthesis_results_HBM/..//hls/ethernet_inserter/ethernet_header_inserter.cpp:54]   --->   Operation 19 'br' 'br_ln54' <Predicate = (!bmr_fsm_state_load)> <Delay = 0.00>
ST_1 : Operation 20 [1/1] (0.00ns)   --->   "%empty = read i641 @_ssdm_op_Read.axis.volatile.i512P0A.i64P0A.i64P0A.i1P0A, i512 %dataIn_V_data_V, i64 %dataIn_V_keep_V, i64 %dataIn_V_strb_V, i1 %dataIn_V_last_V" [/home/ubuntu/xup_vitis_network_example/NetLayers/100G-fpga-network-stack-core/synthesis_results_HBM/..//hls/ethernet_inserter/ethernet_header_inserter.cpp:55]   --->   Operation 20 'read' 'empty' <Predicate = (!bmr_fsm_state_load & tmp_i)> <Delay = 0.00> <CoreInst = "axis">   --->   Core 123 'axis' <Latency = 0> <II = 1> <Delay = 1.00> <Adapter> <Opcode : >
ST_1 : Operation 21 [1/1] (0.00ns)   --->   "%currWord_data = extractvalue i641 %empty" [/home/ubuntu/xup_vitis_network_example/NetLayers/100G-fpga-network-stack-core/synthesis_results_HBM/..//hls/ethernet_inserter/ethernet_header_inserter.cpp:55]   --->   Operation 21 'extractvalue' 'currWord_data' <Predicate = (!bmr_fsm_state_load & tmp_i)> <Delay = 0.00>
ST_1 : Operation 22 [1/1] (0.00ns)   --->   "%currWord_keep = extractvalue i641 %empty" [/home/ubuntu/xup_vitis_network_example/NetLayers/100G-fpga-network-stack-core/synthesis_results_HBM/..//hls/ethernet_inserter/ethernet_header_inserter.cpp:55]   --->   Operation 22 'extractvalue' 'currWord_keep' <Predicate = (!bmr_fsm_state_load & tmp_i)> <Delay = 0.00>
ST_1 : Operation 23 [1/1] (0.00ns)   --->   "%currWord_last = extractvalue i641 %empty" [/home/ubuntu/xup_vitis_network_example/NetLayers/100G-fpga-network-stack-core/synthesis_results_HBM/..//hls/ethernet_inserter/ethernet_header_inserter.cpp:55]   --->   Operation 23 'extractvalue' 'currWord_last' <Predicate = (!bmr_fsm_state_load & tmp_i)> <Delay = 0.00>
ST_1 : Operation 24 [1/1] (0.00ns)   --->   "%dst_ip_addr = partselect i32 @_ssdm_op_PartSelect.i32.i512.i32.i32, i512 %currWord_data, i32 128, i32 159" [/home/ubuntu/xup_vitis_network_example/NetLayers/100G-fpga-network-stack-core/synthesis_results_HBM/..//hls/ethernet_inserter/ethernet_header_inserter.cpp:56]   --->   Operation 24 'partselect' 'dst_ip_addr' <Predicate = (!bmr_fsm_state_load & tmp_i)> <Delay = 0.00>
ST_1 : Operation 25 [1/1] (0.00ns)   --->   "%regSubNetMask_read = read i32 @_ssdm_op_Read.ap_auto.i32P0A, i32 %regSubNetMask" [/home/ubuntu/xup_vitis_network_example/NetLayers/100G-fpga-network-stack-core/synthesis_results_HBM/..//hls/ethernet_inserter/ethernet_header_inserter.cpp:58]   --->   Operation 25 'read' 'regSubNetMask_read' <Predicate = (!bmr_fsm_state_load & tmp_i)> <Delay = 0.00>
ST_1 : Operation 26 [1/1] (0.00ns)   --->   "%regDefaultGateway_read = read i32 @_ssdm_op_Read.ap_auto.i32P0A, i32 %regDefaultGateway" [/home/ubuntu/xup_vitis_network_example/NetLayers/100G-fpga-network-stack-core/synthesis_results_HBM/..//hls/ethernet_inserter/ethernet_header_inserter.cpp:58]   --->   Operation 26 'read' 'regDefaultGateway_read' <Predicate = (!bmr_fsm_state_load & tmp_i)> <Delay = 0.00>
ST_1 : Operation 27 [1/1] (0.00ns) (grouped into LUT with out node icmp_ln58)   --->   "%xor_ln58 = xor i32 %regDefaultGateway_read, i32 %dst_ip_addr" [/home/ubuntu/xup_vitis_network_example/NetLayers/100G-fpga-network-stack-core/synthesis_results_HBM/..//hls/ethernet_inserter/ethernet_header_inserter.cpp:58]   --->   Operation 27 'xor' 'xor_ln58' <Predicate = (!bmr_fsm_state_load & tmp_i)> <Delay = 0.00> <CoreInst = "LogicGate">   --->   Core 74 'LogicGate' <Latency = 0> <II = 1> <Delay = 0.21> <FuncUnit> <Opcode : 'and' 'or' 'xor'> <InPorts = 2> <OutPorts = 1>
ST_1 : Operation 28 [1/1] (0.00ns) (grouped into LUT with out node icmp_ln58)   --->   "%and_ln58 = and i32 %regSubNetMask_read, i32 %xor_ln58" [/home/ubuntu/xup_vitis_network_example/NetLayers/100G-fpga-network-stack-core/synthesis_results_HBM/..//hls/ethernet_inserter/ethernet_header_inserter.cpp:58]   --->   Operation 28 'and' 'and_ln58' <Predicate = (!bmr_fsm_state_load & tmp_i)> <Delay = 0.00> <CoreInst = "LogicGate">   --->   Core 74 'LogicGate' <Latency = 0> <II = 1> <Delay = 0.21> <FuncUnit> <Opcode : 'and' 'or' 'xor'> <InPorts = 2> <OutPorts = 1>
ST_1 : Operation 29 [1/1] (0.88ns) (out node of the LUT)   --->   "%icmp_ln58 = icmp_eq  i32 %and_ln58, i32 0" [/home/ubuntu/xup_vitis_network_example/NetLayers/100G-fpga-network-stack-core/synthesis_results_HBM/..//hls/ethernet_inserter/ethernet_header_inserter.cpp:58]   --->   Operation 29 'icmp' 'icmp_ln58' <Predicate = (!bmr_fsm_state_load & tmp_i)> <Delay = 0.88> <CoreInst = "Cmp">   --->   Core 9 'Cmp' <Latency = 0> <II = 1> <Delay = 0.88> <FuncUnit> <Opcode : 'icmp'> <InPorts = 2> <OutPorts = 1>
ST_1 : Operation 30 [1/1] (0.00ns)   --->   "%br_ln58 = br i1 %icmp_ln58, void %if.else.i, void %if.then4.i" [/home/ubuntu/xup_vitis_network_example/NetLayers/100G-fpga-network-stack-core/synthesis_results_HBM/..//hls/ethernet_inserter/ethernet_header_inserter.cpp:58]   --->   Operation 30 'br' 'br_ln58' <Predicate = (!bmr_fsm_state_load & tmp_i)> <Delay = 0.00>
ST_1 : Operation 31 [1/1] (0.00ns)   --->   "%br_ln67 = br i1 %currWord_last, void %if.then11.i, void %if.end12.i" [/home/ubuntu/xup_vitis_network_example/NetLayers/100G-fpga-network-stack-core/synthesis_results_HBM/..//hls/ethernet_inserter/ethernet_header_inserter.cpp:67]   --->   Operation 31 'br' 'br_ln67' <Predicate = (!bmr_fsm_state_load & tmp_i)> <Delay = 0.00>
ST_1 : Operation 32 [1/1] (0.38ns)   --->   "%store_ln0 = store i1 1, i1 %bmr_fsm_state"   --->   Operation 32 'store' 'store_ln0' <Predicate = (!bmr_fsm_state_load & tmp_i & !currWord_last)> <Delay = 0.38>
ST_1 : Operation 33 [1/1] (0.00ns)   --->   "%br_ln68 = br void %if.end12.i" [/home/ubuntu/xup_vitis_network_example/NetLayers/100G-fpga-network-stack-core/synthesis_results_HBM/..//hls/ethernet_inserter/ethernet_header_inserter.cpp:68]   --->   Operation 33 'br' 'br_ln68' <Predicate = (!bmr_fsm_state_load & tmp_i & !currWord_last)> <Delay = 0.00>
ST_1 : Operation 34 [1/1] (0.00ns)   --->   "%br_ln69 = br void %if.end13.i" [/home/ubuntu/xup_vitis_network_example/NetLayers/100G-fpga-network-stack-core/synthesis_results_HBM/..//hls/ethernet_inserter/ethernet_header_inserter.cpp:69]   --->   Operation 34 'br' 'br_ln69' <Predicate = (!bmr_fsm_state_load & tmp_i)> <Delay = 0.00>
ST_1 : Operation 35 [1/1] (0.00ns)   --->   "%br_ln70 = br void %broadcaster_and_mac_request.exit" [/home/ubuntu/xup_vitis_network_example/NetLayers/100G-fpga-network-stack-core/synthesis_results_HBM/..//hls/ethernet_inserter/ethernet_header_inserter.cpp:70]   --->   Operation 35 'br' 'br_ln70' <Predicate = (!bmr_fsm_state_load)> <Delay = 0.00>
ST_1 : Operation 36 [1/1] (0.00ns)   --->   "%br_ln72 = br i1 %tmp_i, void %if.end27.i, void %if.then16.i" [/home/ubuntu/xup_vitis_network_example/NetLayers/100G-fpga-network-stack-core/synthesis_results_HBM/..//hls/ethernet_inserter/ethernet_header_inserter.cpp:72]   --->   Operation 36 'br' 'br_ln72' <Predicate = (bmr_fsm_state_load)> <Delay = 0.00>
ST_1 : Operation 37 [1/1] (0.00ns)   --->   "%empty_30 = read i641 @_ssdm_op_Read.axis.volatile.i512P0A.i64P0A.i64P0A.i1P0A, i512 %dataIn_V_data_V, i64 %dataIn_V_keep_V, i64 %dataIn_V_strb_V, i1 %dataIn_V_last_V" [/home/ubuntu/xup_vitis_network_example/NetLayers/100G-fpga-network-stack-core/synthesis_results_HBM/..//hls/ethernet_inserter/ethernet_header_inserter.cpp:73]   --->   Operation 37 'read' 'empty_30' <Predicate = (bmr_fsm_state_load & tmp_i)> <Delay = 0.00> <CoreInst = "axis">   --->   Core 123 'axis' <Latency = 0> <II = 1> <Delay = 1.00> <Adapter> <Opcode : >
ST_1 : Operation 38 [1/1] (0.00ns)   --->   "%currWord_data_2 = extractvalue i641 %empty_30" [/home/ubuntu/xup_vitis_network_example/NetLayers/100G-fpga-network-stack-core/synthesis_results_HBM/..//hls/ethernet_inserter/ethernet_header_inserter.cpp:73]   --->   Operation 38 'extractvalue' 'currWord_data_2' <Predicate = (bmr_fsm_state_load & tmp_i)> <Delay = 0.00>
ST_1 : Operation 39 [1/1] (0.00ns)   --->   "%currWord_keep_1 = extractvalue i641 %empty_30" [/home/ubuntu/xup_vitis_network_example/NetLayers/100G-fpga-network-stack-core/synthesis_results_HBM/..//hls/ethernet_inserter/ethernet_header_inserter.cpp:73]   --->   Operation 39 'extractvalue' 'currWord_keep_1' <Predicate = (bmr_fsm_state_load & tmp_i)> <Delay = 0.00>
ST_1 : Operation 40 [1/1] (0.00ns)   --->   "%currWord_last_1 = extractvalue i641 %empty_30" [/home/ubuntu/xup_vitis_network_example/NetLayers/100G-fpga-network-stack-core/synthesis_results_HBM/..//hls/ethernet_inserter/ethernet_header_inserter.cpp:73]   --->   Operation 40 'extractvalue' 'currWord_last_1' <Predicate = (bmr_fsm_state_load & tmp_i)> <Delay = 0.00>
ST_1 : Operation 41 [1/1] (0.00ns)   --->   "%br_ln78 = br i1 %currWord_last_1, void %if.end26.i, void %if.then25.i" [/home/ubuntu/xup_vitis_network_example/NetLayers/100G-fpga-network-stack-core/synthesis_results_HBM/..//hls/ethernet_inserter/ethernet_header_inserter.cpp:78]   --->   Operation 41 'br' 'br_ln78' <Predicate = (bmr_fsm_state_load & tmp_i)> <Delay = 0.00>
ST_1 : Operation 42 [1/1] (0.38ns)   --->   "%store_ln0 = store i1 0, i1 %bmr_fsm_state"   --->   Operation 42 'store' 'store_ln0' <Predicate = (bmr_fsm_state_load & tmp_i & currWord_last_1)> <Delay = 0.38>
ST_1 : Operation 43 [1/1] (0.00ns)   --->   "%br_ln79 = br void %if.end26.i" [/home/ubuntu/xup_vitis_network_example/NetLayers/100G-fpga-network-stack-core/synthesis_results_HBM/..//hls/ethernet_inserter/ethernet_header_inserter.cpp:79]   --->   Operation 43 'br' 'br_ln79' <Predicate = (bmr_fsm_state_load & tmp_i & currWord_last_1)> <Delay = 0.00>
ST_1 : Operation 44 [1/1] (0.00ns)   --->   "%br_ln80 = br void %if.end27.i" [/home/ubuntu/xup_vitis_network_example/NetLayers/100G-fpga-network-stack-core/synthesis_results_HBM/..//hls/ethernet_inserter/ethernet_header_inserter.cpp:80]   --->   Operation 44 'br' 'br_ln80' <Predicate = (bmr_fsm_state_load & tmp_i)> <Delay = 0.00>
ST_1 : Operation 45 [1/1] (0.00ns)   --->   "%br_ln81 = br void %broadcaster_and_mac_request.exit" [/home/ubuntu/xup_vitis_network_example/NetLayers/100G-fpga-network-stack-core/synthesis_results_HBM/..//hls/ethernet_inserter/ethernet_header_inserter.cpp:81]   --->   Operation 45 'br' 'br_ln81' <Predicate = (bmr_fsm_state_load)> <Delay = 0.00>

State 2 <SV = 1> <Delay = 1.45>
ST_2 : Operation 46 [2/2] (0.00ns)   --->   "%write_ln61 = write void @_ssdm_op_Write.axis.volatile.i32P128A, i32 %arpTableRequest, i32 %regDefaultGateway_read" [/home/ubuntu/xup_vitis_network_example/NetLayers/100G-fpga-network-stack-core/synthesis_results_HBM/..//hls/ethernet_inserter/ethernet_header_inserter.cpp:61]   --->   Operation 46 'write' 'write_ln61' <Predicate = (!bmr_fsm_state_load & tmp_i & !icmp_ln58)> <Delay = 0.00> <CoreInst = "axis">   --->   Core 123 'axis' <Latency = 0> <II = 1> <Delay = 1.00> <Adapter> <Opcode : >
ST_2 : Operation 47 [2/2] (0.00ns)   --->   "%write_ln59 = write void @_ssdm_op_Write.axis.volatile.i32P128A, i32 %arpTableRequest, i32 %dst_ip_addr" [/home/ubuntu/xup_vitis_network_example/NetLayers/100G-fpga-network-stack-core/synthesis_results_HBM/..//hls/ethernet_inserter/ethernet_header_inserter.cpp:59]   --->   Operation 47 'write' 'write_ln59' <Predicate = (!bmr_fsm_state_load & tmp_i & icmp_ln58)> <Delay = 0.00> <CoreInst = "axis">   --->   Core 123 'axis' <Latency = 0> <II = 1> <Delay = 1.00> <Adapter> <Opcode : >
ST_2 : Operation 48 [1/1] (0.00ns)   --->   "%tmp_4_i = bitconcatenate i577 @_ssdm_op_BitConcatenate.i577.i1.i64.i512, i1 %currWord_last, i64 %currWord_keep, i512 %currWord_data" [/home/ubuntu/xup_vitis_network_example/NetLayers/100G-fpga-network-stack-core/synthesis_results_HBM/..//hls/ethernet_inserter/ethernet_header_inserter.cpp:66]   --->   Operation 48 'bitconcatenate' 'tmp_4_i' <Predicate = (!bmr_fsm_state_load & tmp_i)> <Delay = 0.00>
ST_2 : Operation 49 [1/1] (0.00ns)   --->   "%zext_ln66 = zext i577 %tmp_4_i" [/home/ubuntu/xup_vitis_network_example/NetLayers/100G-fpga-network-stack-core/synthesis_results_HBM/..//hls/ethernet_inserter/ethernet_header_inserter.cpp:66]   --->   Operation 49 'zext' 'zext_ln66' <Predicate = (!bmr_fsm_state_load & tmp_i)> <Delay = 0.00>
ST_2 : Operation 50 [1/1] (1.45ns)   --->   "%write_ln66 = write void @_ssdm_op_Write.ap_fifo.volatile.i1024P0A, i1024 %ip_header_out, i1024 %zext_ln66" [/home/ubuntu/xup_vitis_network_example/NetLayers/100G-fpga-network-stack-core/synthesis_results_HBM/..//hls/ethernet_inserter/ethernet_header_inserter.cpp:66]   --->   Operation 50 'write' 'write_ln66' <Predicate = (!bmr_fsm_state_load & tmp_i)> <Delay = 1.45> <CoreInst = "FIFO">   --->   Core 78 'FIFO' <Latency = 0> <II = 1> <Delay = 1.54> <Storage> <Opcode : 'read' 'write' 'nbread' 'nbwrite'> <Ports = 0> <Width = 1024> <Depth = 16> <FIFO>
ST_2 : Operation 51 [1/1] (0.00ns)   --->   "%tmp_3_i = bitconcatenate i577 @_ssdm_op_BitConcatenate.i577.i1.i64.i512, i1 %currWord_last_1, i64 %currWord_keep_1, i512 %currWord_data_2" [/home/ubuntu/xup_vitis_network_example/NetLayers/100G-fpga-network-stack-core/synthesis_results_HBM/..//hls/ethernet_inserter/ethernet_header_inserter.cpp:77]   --->   Operation 51 'bitconcatenate' 'tmp_3_i' <Predicate = (bmr_fsm_state_load & tmp_i)> <Delay = 0.00>
ST_2 : Operation 52 [1/1] (0.00ns)   --->   "%zext_ln77 = zext i577 %tmp_3_i" [/home/ubuntu/xup_vitis_network_example/NetLayers/100G-fpga-network-stack-core/synthesis_results_HBM/..//hls/ethernet_inserter/ethernet_header_inserter.cpp:77]   --->   Operation 52 'zext' 'zext_ln77' <Predicate = (bmr_fsm_state_load & tmp_i)> <Delay = 0.00>
ST_2 : Operation 53 [1/1] (1.45ns)   --->   "%write_ln77 = write void @_ssdm_op_Write.ap_fifo.volatile.i1024P0A, i1024 %no_ip_header_out, i1024 %zext_ln77" [/home/ubuntu/xup_vitis_network_example/NetLayers/100G-fpga-network-stack-core/synthesis_results_HBM/..//hls/ethernet_inserter/ethernet_header_inserter.cpp:77]   --->   Operation 53 'write' 'write_ln77' <Predicate = (bmr_fsm_state_load & tmp_i)> <Delay = 1.45> <CoreInst = "FIFO">   --->   Core 78 'FIFO' <Latency = 0> <II = 1> <Delay = 1.54> <Storage> <Opcode : 'read' 'write' 'nbread' 'nbwrite'> <Ports = 0> <Width = 1024> <Depth = 16> <FIFO>

State 3 <SV = 2> <Delay = 0.00>
ST_3 : Operation 54 [1/2] (0.00ns)   --->   "%write_ln61 = write void @_ssdm_op_Write.axis.volatile.i32P128A, i32 %arpTableRequest, i32 %regDefaultGateway_read" [/home/ubuntu/xup_vitis_network_example/NetLayers/100G-fpga-network-stack-core/synthesis_results_HBM/..//hls/ethernet_inserter/ethernet_header_inserter.cpp:61]   --->   Operation 54 'write' 'write_ln61' <Predicate = (!bmr_fsm_state_load & tmp_i & !icmp_ln58)> <Delay = 0.00> <CoreInst = "axis">   --->   Core 123 'axis' <Latency = 0> <II = 1> <Delay = 1.00> <Adapter> <Opcode : >
ST_3 : Operation 55 [1/1] (0.00ns)   --->   "%br_ln0 = br void %if.end.i"   --->   Operation 55 'br' 'br_ln0' <Predicate = (!bmr_fsm_state_load & tmp_i & !icmp_ln58)> <Delay = 0.00>
ST_3 : Operation 56 [1/2] (0.00ns)   --->   "%write_ln59 = write void @_ssdm_op_Write.axis.volatile.i32P128A, i32 %arpTableRequest, i32 %dst_ip_addr" [/home/ubuntu/xup_vitis_network_example/NetLayers/100G-fpga-network-stack-core/synthesis_results_HBM/..//hls/ethernet_inserter/ethernet_header_inserter.cpp:59]   --->   Operation 56 'write' 'write_ln59' <Predicate = (!bmr_fsm_state_load & tmp_i & icmp_ln58)> <Delay = 0.00> <CoreInst = "axis">   --->   Core 123 'axis' <Latency = 0> <II = 1> <Delay = 1.00> <Adapter> <Opcode : >
ST_3 : Operation 57 [1/1] (0.00ns)   --->   "%br_ln59 = br void %if.end.i" [/home/ubuntu/xup_vitis_network_example/NetLayers/100G-fpga-network-stack-core/synthesis_results_HBM/..//hls/ethernet_inserter/ethernet_header_inserter.cpp:59]   --->   Operation 57 'br' 'br_ln59' <Predicate = (!bmr_fsm_state_load & tmp_i & icmp_ln58)> <Delay = 0.00>
ST_3 : Operation 58 [1/1] (0.00ns)   --->   "%ret_ln0 = ret"   --->   Operation 58 'ret' 'ret_ln0' <Predicate = true> <Delay = 0.00>


============================================================
+ Verbose Summary: Timing violations
============================================================
Target clock period: 3.100ns, clock uncertainty: 0.200ns.

 <State 1>: 0.880ns
The critical path consists of the following:
	axis read operation ('empty', /home/ubuntu/xup_vitis_network_example/NetLayers/100G-fpga-network-stack-core/synthesis_results_HBM/..//hls/ethernet_inserter/ethernet_header_inserter.cpp:55) on port 'dataIn_V_data_V' (/home/ubuntu/xup_vitis_network_example/NetLayers/100G-fpga-network-stack-core/synthesis_results_HBM/..//hls/ethernet_inserter/ethernet_header_inserter.cpp:55) [29]  (0.000 ns)
	'xor' operation ('xor_ln58', /home/ubuntu/xup_vitis_network_example/NetLayers/100G-fpga-network-stack-core/synthesis_results_HBM/..//hls/ethernet_inserter/ethernet_header_inserter.cpp:58) [36]  (0.000 ns)
	'and' operation ('and_ln58', /home/ubuntu/xup_vitis_network_example/NetLayers/100G-fpga-network-stack-core/synthesis_results_HBM/..//hls/ethernet_inserter/ethernet_header_inserter.cpp:58) [37]  (0.000 ns)
	'icmp' operation ('icmp_ln58', /home/ubuntu/xup_vitis_network_example/NetLayers/100G-fpga-network-stack-core/synthesis_results_HBM/..//hls/ethernet_inserter/ethernet_header_inserter.cpp:58) [38]  (0.880 ns)

 <State 2>: 1.450ns
The critical path consists of the following:
	fifo write operation ('write_ln66', /home/ubuntu/xup_vitis_network_example/NetLayers/100G-fpga-network-stack-core/synthesis_results_HBM/..//hls/ethernet_inserter/ethernet_header_inserter.cpp:66) on port 'ip_header_out' (/home/ubuntu/xup_vitis_network_example/NetLayers/100G-fpga-network-stack-core/synthesis_results_HBM/..//hls/ethernet_inserter/ethernet_header_inserter.cpp:66) [49]  (1.450 ns)

 <State 3>: 0.000ns
The critical path consists of the following:


============================================================
+ Verbose Summary: Binding
============================================================
N/A
* FSMD analyzer results:
  - Output states:
 - Input state : 
  - Chain level:
	State 1
	State 2
	State 3


============================================================
+ Verbose Summary: Datapath Resource usage 
============================================================
N/A
