

================================================================
== Vitis HLS Report for 'ethernet_header_inserter'
================================================================
* Date:           Fri Sep  8 14:08:17 2023

* Version:        2023.1 (Build 3854077 on May  4 2023)
* Project:        ETH_inserter_hls_prj
* Solution:       ultrascale_plus (Vivado IP Flow Target)
* Product family: virtexuplusHBM
* Target device:  xcu280-fsvh2892-2L-e


================================================================
== Performance Estimates
================================================================
+ Timing: 
    * Summary: 
    +--------+---------+----------+------------+
    |  Clock |  Target | Estimated| Uncertainty|
    +--------+---------+----------+------------+
    |ap_clk  |  3.10 ns|  2.816 ns|     0.20 ns|
    +--------+---------+----------+------------+

+ Latency: 
    * Summary: 
    +---------+---------+-----------+-----------+-----+-----+----------+
    |  Latency (cycles) |   Latency (absolute)  |  Interval | Pipeline |
    |   min   |   max   |    min    |    max    | min | max |   Type   |
    +---------+---------+-----------+-----------+-----+-----+----------+
    |        9|        9|  27.900 ns|  27.900 ns|    1|    1|  dataflow|
    +---------+---------+-----------+-----------+-----+-----+----------+

    + Detail: 
        * Instance: 
        N/A

        * Loop: 
        N/A

============================================================
+ Verbose Summary: Synthesis Manager
============================================================
InlineROM: 1
ExposeGlobal: 0
============================================================
+ Verbose Summary: CDFG Model
============================================================
IsTopModel: 1
ResetActiveHigh: 1
IsCombinational: 2
IsDatapathOnly: 0
HasWiredReturn: 1
HasMFsm: 0
HasVarLatency: 1
IsPipeline: 0
IsRtlPipelined: 0
IsInstanceOverlapped: 0
IsDontTouch: 0
HasImplIP: 0
IsGatedGlobalClock: 0


============================================================
+ Verbose Summary: Schedule
============================================================
* Number of FSM states : 13
* Pipeline : 0
* Dataflow Pipeline: 1
  DF-Pipeline-0: Size = 13, States = { 1 2 3 4 5 6 7 8 9 10 11 12 13 }

* FSM state transitions: 
1 --> 2 
2 --> 3 
3 --> 4 
4 --> 5 
5 --> 6 
6 --> 7 
7 --> 8 
8 --> 9 
9 --> 10 
10 --> 11 
11 --> 12 
12 --> 13 
13 --> 

* FSM state operations: 

State 1 <SV = 0> <Delay = 0.00>
ST_1 : Operation 14 [1/1] (0.00ns)   --->   "%myMacAddress_c = alloca i64 1" [/home/ubuntu/xup_vitis_network_example/NetLayers/100G-fpga-network-stack-core/synthesis_results_HBM/..//hls/ethernet_inserter/ethernet_header_inserter.cpp:321]   --->   Operation 14 'alloca' 'myMacAddress_c' <Predicate = true> <Delay = 0.00> <CoreInst = "FIFO_SRL">   --->   Core 81 'FIFO_SRL' <Latency = 0> <II = 1> <Delay = 1.41> <Storage> <Opcode : 'read' 'write' 'nbread' 'nbwrite'> <Ports = 0> <Width = 48> <Depth = 4> <FIFO>

State 2 <SV = 1> <Delay = 0.88>
ST_2 : Operation 15 [3/3] (0.88ns)   --->   "%call_ln344 = call void @broadcaster_and_mac_request, i512 %dataIn_V_data_V, i64 %dataIn_V_keep_V, i64 %dataIn_V_strb_V, i1 %dataIn_V_last_V, i32 %arpTableRequest, i32 %regSubNetMask, i32 %regDefaultGateway, i1 %bmr_fsm_state, i1024 %ip_header_out, i1024 %no_ip_header_out" [/home/ubuntu/xup_vitis_network_example/NetLayers/100G-fpga-network-stack-core/synthesis_results_HBM/..//hls/ethernet_inserter/ethernet_header_inserter.cpp:344]   --->   Operation 15 'call' 'call_ln344' <Predicate = true> <Delay = 0.88> <CoreType = "Generic">   --->   Core 0 '' <Latency = 0> <II = 1> <Delay = 1.00> <Generic> <Opcode : >

State 3 <SV = 2> <Delay = 0.00>
ST_3 : Operation 16 [2/3] (0.00ns)   --->   "%call_ln344 = call void @broadcaster_and_mac_request, i512 %dataIn_V_data_V, i64 %dataIn_V_keep_V, i64 %dataIn_V_strb_V, i1 %dataIn_V_last_V, i32 %arpTableRequest, i32 %regSubNetMask, i32 %regDefaultGateway, i1 %bmr_fsm_state, i1024 %ip_header_out, i1024 %no_ip_header_out" [/home/ubuntu/xup_vitis_network_example/NetLayers/100G-fpga-network-stack-core/synthesis_results_HBM/..//hls/ethernet_inserter/ethernet_header_inserter.cpp:344]   --->   Operation 16 'call' 'call_ln344' <Predicate = true> <Delay = 0.00> <CoreType = "Generic">   --->   Core 0 '' <Latency = 0> <II = 1> <Delay = 1.00> <Generic> <Opcode : >

State 4 <SV = 3> <Delay = 0.00>
ST_4 : Operation 17 [1/3] (0.00ns)   --->   "%call_ln344 = call void @broadcaster_and_mac_request, i512 %dataIn_V_data_V, i64 %dataIn_V_keep_V, i64 %dataIn_V_strb_V, i1 %dataIn_V_last_V, i32 %arpTableRequest, i32 %regSubNetMask, i32 %regDefaultGateway, i1 %bmr_fsm_state, i1024 %ip_header_out, i1024 %no_ip_header_out" [/home/ubuntu/xup_vitis_network_example/NetLayers/100G-fpga-network-stack-core/synthesis_results_HBM/..//hls/ethernet_inserter/ethernet_header_inserter.cpp:344]   --->   Operation 17 'call' 'call_ln344' <Predicate = true> <Delay = 0.00> <CoreType = "Generic">   --->   Core 0 '' <Latency = 0> <II = 1> <Delay = 1.00> <Generic> <Opcode : >

State 5 <SV = 4> <Delay = 0.00>
ST_5 : Operation 18 [5/5] (0.00ns)   --->   "%call_ln352 = call void @compute_and_insert_ip_checksum, i1024 %ip_header_out, i1024 %ip_header_checksum" [/home/ubuntu/xup_vitis_network_example/NetLayers/100G-fpga-network-stack-core/synthesis_results_HBM/..//hls/ethernet_inserter/ethernet_header_inserter.cpp:352]   --->   Operation 18 'call' 'call_ln352' <Predicate = true> <Delay = 0.00> <CoreType = "Generic">   --->   Core 0 '' <Latency = 0> <II = 1> <Delay = 1.00> <Generic> <Opcode : >

State 6 <SV = 5> <Delay = 0.00>
ST_6 : Operation 19 [4/5] (0.00ns)   --->   "%call_ln352 = call void @compute_and_insert_ip_checksum, i1024 %ip_header_out, i1024 %ip_header_checksum" [/home/ubuntu/xup_vitis_network_example/NetLayers/100G-fpga-network-stack-core/synthesis_results_HBM/..//hls/ethernet_inserter/ethernet_header_inserter.cpp:352]   --->   Operation 19 'call' 'call_ln352' <Predicate = true> <Delay = 0.00> <CoreType = "Generic">   --->   Core 0 '' <Latency = 0> <II = 1> <Delay = 1.00> <Generic> <Opcode : >

State 7 <SV = 6> <Delay = 0.00>
ST_7 : Operation 20 [3/5] (0.00ns)   --->   "%call_ln352 = call void @compute_and_insert_ip_checksum, i1024 %ip_header_out, i1024 %ip_header_checksum" [/home/ubuntu/xup_vitis_network_example/NetLayers/100G-fpga-network-stack-core/synthesis_results_HBM/..//hls/ethernet_inserter/ethernet_header_inserter.cpp:352]   --->   Operation 20 'call' 'call_ln352' <Predicate = true> <Delay = 0.00> <CoreType = "Generic">   --->   Core 0 '' <Latency = 0> <II = 1> <Delay = 1.00> <Generic> <Opcode : >

State 8 <SV = 7> <Delay = 0.00>
ST_8 : Operation 21 [2/5] (0.00ns)   --->   "%call_ln352 = call void @compute_and_insert_ip_checksum, i1024 %ip_header_out, i1024 %ip_header_checksum" [/home/ubuntu/xup_vitis_network_example/NetLayers/100G-fpga-network-stack-core/synthesis_results_HBM/..//hls/ethernet_inserter/ethernet_header_inserter.cpp:352]   --->   Operation 21 'call' 'call_ln352' <Predicate = true> <Delay = 0.00> <CoreType = "Generic">   --->   Core 0 '' <Latency = 0> <II = 1> <Delay = 1.00> <Generic> <Opcode : >

State 9 <SV = 8> <Delay = 1.41>
ST_9 : Operation 22 [1/1] (1.41ns)   --->   "%call_ln321 = call void @entry_proc, i48 %myMacAddress, i48 %myMacAddress_c" [/home/ubuntu/xup_vitis_network_example/NetLayers/100G-fpga-network-stack-core/synthesis_results_HBM/..//hls/ethernet_inserter/ethernet_header_inserter.cpp:321]   --->   Operation 22 'call' 'call_ln321' <Predicate = true> <Delay = 1.41> <CoreType = "Generic">   --->   Core 0 '' <Latency = 0> <II = 1> <Delay = 1.00> <Generic> <Opcode : >
ST_9 : Operation 23 [1/5] (0.00ns)   --->   "%call_ln352 = call void @compute_and_insert_ip_checksum, i1024 %ip_header_out, i1024 %ip_header_checksum" [/home/ubuntu/xup_vitis_network_example/NetLayers/100G-fpga-network-stack-core/synthesis_results_HBM/..//hls/ethernet_inserter/ethernet_header_inserter.cpp:352]   --->   Operation 23 'call' 'call_ln352' <Predicate = true> <Delay = 0.00> <CoreType = "Generic">   --->   Core 0 '' <Latency = 0> <II = 1> <Delay = 1.00> <Generic> <Opcode : >

State 10 <SV = 9> <Delay = 0.00>
ST_10 : Operation 24 [3/3] (0.00ns)   --->   "%call_ln356 = call void @handle_output, i128 %arpTableReplay, i48 %myMacAddress_c, i512 %dataOut_V_data_V, i64 %dataOut_V_keep_V, i64 %dataOut_V_strb_V, i1 %dataOut_V_last_V, i3 %mw_state, i112 %previous_word_data, i14 %previous_word_keep, i1024 %ip_header_checksum, i1024 %no_ip_header_out" [/home/ubuntu/xup_vitis_network_example/NetLayers/100G-fpga-network-stack-core/synthesis_results_HBM/..//hls/ethernet_inserter/ethernet_header_inserter.cpp:356]   --->   Operation 24 'call' 'call_ln356' <Predicate = true> <Delay = 0.00> <CoreType = "Generic">   --->   Core 0 '' <Latency = 0> <II = 1> <Delay = 1.00> <Generic> <Opcode : >

State 11 <SV = 10> <Delay = 2.21>
ST_11 : Operation 25 [2/3] (2.21ns)   --->   "%call_ln356 = call void @handle_output, i128 %arpTableReplay, i48 %myMacAddress_c, i512 %dataOut_V_data_V, i64 %dataOut_V_keep_V, i64 %dataOut_V_strb_V, i1 %dataOut_V_last_V, i3 %mw_state, i112 %previous_word_data, i14 %previous_word_keep, i1024 %ip_header_checksum, i1024 %no_ip_header_out" [/home/ubuntu/xup_vitis_network_example/NetLayers/100G-fpga-network-stack-core/synthesis_results_HBM/..//hls/ethernet_inserter/ethernet_header_inserter.cpp:356]   --->   Operation 25 'call' 'call_ln356' <Predicate = true> <Delay = 2.21> <CoreType = "Generic">   --->   Core 0 '' <Latency = 0> <II = 1> <Delay = 1.00> <Generic> <Opcode : >

State 12 <SV = 11> <Delay = 0.00>
ST_12 : Operation 26 [1/3] (0.00ns)   --->   "%call_ln356 = call void @handle_output, i128 %arpTableReplay, i48 %myMacAddress_c, i512 %dataOut_V_data_V, i64 %dataOut_V_keep_V, i64 %dataOut_V_strb_V, i1 %dataOut_V_last_V, i3 %mw_state, i112 %previous_word_data, i14 %previous_word_keep, i1024 %ip_header_checksum, i1024 %no_ip_header_out" [/home/ubuntu/xup_vitis_network_example/NetLayers/100G-fpga-network-stack-core/synthesis_results_HBM/..//hls/ethernet_inserter/ethernet_header_inserter.cpp:356]   --->   Operation 26 'call' 'call_ln356' <Predicate = true> <Delay = 0.00> <CoreType = "Generic">   --->   Core 0 '' <Latency = 0> <II = 1> <Delay = 1.00> <Generic> <Opcode : >

State 13 <SV = 12> <Delay = 0.00>
ST_13 : Operation 27 [1/1] (0.00ns)   --->   "%empty = specchannel i32 @_ssdm_op_SpecChannel, void @myMacAddress_c_str, i32 1, void @p_str, void @p_str, i32 4, i32 0, i48 %myMacAddress_c, i48 %myMacAddress_c" [/home/ubuntu/xup_vitis_network_example/NetLayers/100G-fpga-network-stack-core/synthesis_results_HBM/..//hls/ethernet_inserter/ethernet_header_inserter.cpp:321]   --->   Operation 27 'specchannel' 'empty' <Predicate = true> <Delay = 0.00>
ST_13 : Operation 28 [1/1] (0.00ns)   --->   "%specinterface_ln321 = specinterface void @_ssdm_op_SpecInterface, i48 %myMacAddress_c, void @ap_fifo_str, i32 0, i32 0, void @p_str, i32 0, i32 0, void @p_str, void @p_str, void @p_str, i32 2, i32 2, i32 16, i32 16, void @p_str, void @p_str, i32 4294967295, i32 0" [/home/ubuntu/xup_vitis_network_example/NetLayers/100G-fpga-network-stack-core/synthesis_results_HBM/..//hls/ethernet_inserter/ethernet_header_inserter.cpp:321]   --->   Operation 28 'specinterface' 'specinterface_ln321' <Predicate = true> <Delay = 0.00>
ST_13 : Operation 29 [1/1] (0.00ns)   --->   "%specdataflowpipeline_ln321 = specdataflowpipeline void @_ssdm_op_SpecDataflowPipeline, i32 4294967295, i32 0, void @empty_2" [/home/ubuntu/xup_vitis_network_example/NetLayers/100G-fpga-network-stack-core/synthesis_results_HBM/..//hls/ethernet_inserter/ethernet_header_inserter.cpp:321]   --->   Operation 29 'specdataflowpipeline' 'specdataflowpipeline_ln321' <Predicate = true> <Delay = 0.00>
ST_13 : Operation 30 [1/1] (0.00ns)   --->   "%empty_27 = specchannel i32 @_ssdm_op_SpecChannel, void @ip_header_checksum_str, i32 1, void @p_str, void @p_str, i32 16, i32 16, i1024 %ip_header_checksum, i1024 %ip_header_checksum"   --->   Operation 30 'specchannel' 'empty_27' <Predicate = true> <Delay = 0.00>
ST_13 : Operation 31 [1/1] (0.00ns)   --->   "%empty_28 = specchannel i32 @_ssdm_op_SpecChannel, void @ip_header_out_str, i32 1, void @p_str, void @p_str, i32 16, i32 16, i1024 %ip_header_out, i1024 %ip_header_out"   --->   Operation 31 'specchannel' 'empty_28' <Predicate = true> <Delay = 0.00>
ST_13 : Operation 32 [1/1] (0.00ns)   --->   "%empty_29 = specchannel i32 @_ssdm_op_SpecChannel, void @no_ip_header_out_str, i32 1, void @p_str, void @p_str, i32 16, i32 16, i1024 %no_ip_header_out, i1024 %no_ip_header_out"   --->   Operation 32 'specchannel' 'empty_29' <Predicate = true> <Delay = 0.00>
ST_13 : Operation 33 [1/1] (0.00ns)   --->   "%spectopmodule_ln308 = spectopmodule void @_ssdm_op_SpecTopModule, void @empty_6" [/home/ubuntu/xup_vitis_network_example/NetLayers/100G-fpga-network-stack-core/synthesis_results_HBM/..//hls/ethernet_inserter/ethernet_header_inserter.cpp:308]   --->   Operation 33 'spectopmodule' 'spectopmodule_ln308' <Predicate = true> <Delay = 0.00>
ST_13 : Operation 34 [1/1] (0.00ns)   --->   "%specinterface_ln308 = specinterface void @_ssdm_op_SpecInterface, i32 0, void @empty_7, i32 0, i32 0, void @empty_2, i32 0, i32 0, void @empty_2, void @empty_2, void @empty_2, i32 0, i32 0, i32 0, i32 0, void @empty_2, void @empty_2, i32 4294967295, i32 0" [/home/ubuntu/xup_vitis_network_example/NetLayers/100G-fpga-network-stack-core/synthesis_results_HBM/..//hls/ethernet_inserter/ethernet_header_inserter.cpp:308]   --->   Operation 34 'specinterface' 'specinterface_ln308' <Predicate = true> <Delay = 0.00>
ST_13 : Operation 35 [1/1] (0.00ns)   --->   "%specinterface_ln0 = specinterface void @_ssdm_op_SpecInterface, i512 %dataIn_V_data_V, i64 %dataIn_V_keep_V, i64 %dataIn_V_strb_V, i1 %dataIn_V_last_V, void @empty_4, i32 1, i32 1, void @empty_3, i32 0, i32 0, void @empty_2, void @empty_2, void @empty_2, i32 0, i32 0, i32 0, i32 0, void @empty_2, void @empty_2, i32 4294967295, i32 0"   --->   Operation 35 'specinterface' 'specinterface_ln0' <Predicate = true> <Delay = 0.00>
ST_13 : Operation 36 [1/1] (0.00ns)   --->   "%specbitsmap_ln0 = specbitsmap void @_ssdm_op_SpecBitsMap, i512 %dataIn_V_data_V"   --->   Operation 36 'specbitsmap' 'specbitsmap_ln0' <Predicate = true> <Delay = 0.00>
ST_13 : Operation 37 [1/1] (0.00ns)   --->   "%specbitsmap_ln0 = specbitsmap void @_ssdm_op_SpecBitsMap, i64 %dataIn_V_keep_V"   --->   Operation 37 'specbitsmap' 'specbitsmap_ln0' <Predicate = true> <Delay = 0.00>
ST_13 : Operation 38 [1/1] (0.00ns)   --->   "%specbitsmap_ln0 = specbitsmap void @_ssdm_op_SpecBitsMap, i64 %dataIn_V_strb_V"   --->   Operation 38 'specbitsmap' 'specbitsmap_ln0' <Predicate = true> <Delay = 0.00>
ST_13 : Operation 39 [1/1] (0.00ns)   --->   "%specbitsmap_ln0 = specbitsmap void @_ssdm_op_SpecBitsMap, i1 %dataIn_V_last_V"   --->   Operation 39 'specbitsmap' 'specbitsmap_ln0' <Predicate = true> <Delay = 0.00>
ST_13 : Operation 40 [1/1] (0.00ns)   --->   "%specinterface_ln0 = specinterface void @_ssdm_op_SpecInterface, i512 %dataOut_V_data_V, i64 %dataOut_V_keep_V, i64 %dataOut_V_strb_V, i1 %dataOut_V_last_V, void @empty_4, i32 1, i32 1, void @empty_3, i32 0, i32 0, void @empty_2, void @empty_2, void @empty_2, i32 0, i32 0, i32 0, i32 0, void @empty_2, void @empty_2, i32 4294967295, i32 0"   --->   Operation 40 'specinterface' 'specinterface_ln0' <Predicate = true> <Delay = 0.00>
ST_13 : Operation 41 [1/1] (0.00ns)   --->   "%specbitsmap_ln0 = specbitsmap void @_ssdm_op_SpecBitsMap, i512 %dataOut_V_data_V"   --->   Operation 41 'specbitsmap' 'specbitsmap_ln0' <Predicate = true> <Delay = 0.00>
ST_13 : Operation 42 [1/1] (0.00ns)   --->   "%specbitsmap_ln0 = specbitsmap void @_ssdm_op_SpecBitsMap, i64 %dataOut_V_keep_V"   --->   Operation 42 'specbitsmap' 'specbitsmap_ln0' <Predicate = true> <Delay = 0.00>
ST_13 : Operation 43 [1/1] (0.00ns)   --->   "%specbitsmap_ln0 = specbitsmap void @_ssdm_op_SpecBitsMap, i64 %dataOut_V_strb_V"   --->   Operation 43 'specbitsmap' 'specbitsmap_ln0' <Predicate = true> <Delay = 0.00>
ST_13 : Operation 44 [1/1] (0.00ns)   --->   "%specbitsmap_ln0 = specbitsmap void @_ssdm_op_SpecBitsMap, i1 %dataOut_V_last_V"   --->   Operation 44 'specbitsmap' 'specbitsmap_ln0' <Predicate = true> <Delay = 0.00>
ST_13 : Operation 45 [1/1] (0.00ns)   --->   "%specinterface_ln0 = specinterface void @_ssdm_op_SpecInterface, i128 %arpTableReplay, void @empty_4, i32 1, i32 1, void @empty_3, i32 0, i32 0, void @empty_2, void @empty_2, void @empty_2, i32 0, i32 0, i32 0, i32 0, void @empty_2, void @empty_2, i32 4294967295, i32 0"   --->   Operation 45 'specinterface' 'specinterface_ln0' <Predicate = true> <Delay = 0.00>
ST_13 : Operation 46 [1/1] (0.00ns)   --->   "%specbitsmap_ln0 = specbitsmap void @_ssdm_op_SpecBitsMap, i128 %arpTableReplay"   --->   Operation 46 'specbitsmap' 'specbitsmap_ln0' <Predicate = true> <Delay = 0.00>
ST_13 : Operation 47 [1/1] (0.00ns)   --->   "%specinterface_ln0 = specinterface void @_ssdm_op_SpecInterface, i32 %arpTableRequest, void @empty_4, i32 1, i32 1, void @empty_3, i32 0, i32 0, void @empty_2, void @empty_2, void @empty_2, i32 0, i32 0, i32 0, i32 0, void @empty_2, void @empty_2, i32 4294967295, i32 0"   --->   Operation 47 'specinterface' 'specinterface_ln0' <Predicate = true> <Delay = 0.00>
ST_13 : Operation 48 [1/1] (0.00ns)   --->   "%specbitsmap_ln0 = specbitsmap void @_ssdm_op_SpecBitsMap, i32 %arpTableRequest"   --->   Operation 48 'specbitsmap' 'specbitsmap_ln0' <Predicate = true> <Delay = 0.00>
ST_13 : Operation 49 [1/1] (0.00ns)   --->   "%specbitsmap_ln0 = specbitsmap void @_ssdm_op_SpecBitsMap, i48 %myMacAddress"   --->   Operation 49 'specbitsmap' 'specbitsmap_ln0' <Predicate = true> <Delay = 0.00>
ST_13 : Operation 50 [1/1] (0.00ns)   --->   "%specinterface_ln0 = specinterface void @_ssdm_op_SpecInterface, i48 %myMacAddress, void @empty_1, i32 1, i32 1, void @empty_2, i32 0, i32 0, void @empty_2, void @empty_2, void @empty_2, i32 0, i32 0, i32 0, i32 0, void @empty_2, void @empty_2, i32 4294967295, i32 0"   --->   Operation 50 'specinterface' 'specinterface_ln0' <Predicate = true> <Delay = 0.00>
ST_13 : Operation 51 [1/1] (0.00ns)   --->   "%specbitsmap_ln0 = specbitsmap void @_ssdm_op_SpecBitsMap, i32 %regSubNetMask"   --->   Operation 51 'specbitsmap' 'specbitsmap_ln0' <Predicate = true> <Delay = 0.00>
ST_13 : Operation 52 [1/1] (0.00ns)   --->   "%specinterface_ln0 = specinterface void @_ssdm_op_SpecInterface, i32 %regSubNetMask, void @empty_1, i32 1, i32 1, void @empty_2, i32 0, i32 0, void @empty_2, void @empty_2, void @empty_2, i32 0, i32 0, i32 0, i32 0, void @empty_2, void @empty_2, i32 4294967295, i32 0"   --->   Operation 52 'specinterface' 'specinterface_ln0' <Predicate = true> <Delay = 0.00>
ST_13 : Operation 53 [1/1] (0.00ns)   --->   "%specbitsmap_ln0 = specbitsmap void @_ssdm_op_SpecBitsMap, i32 %regDefaultGateway"   --->   Operation 53 'specbitsmap' 'specbitsmap_ln0' <Predicate = true> <Delay = 0.00>
ST_13 : Operation 54 [1/1] (0.00ns)   --->   "%specinterface_ln0 = specinterface void @_ssdm_op_SpecInterface, i32 %regDefaultGateway, void @empty_1, i32 1, i32 1, void @empty_2, i32 0, i32 0, void @empty_2, void @empty_2, void @empty_2, i32 0, i32 0, i32 0, i32 0, void @empty_2, void @empty_2, i32 4294967295, i32 0"   --->   Operation 54 'specinterface' 'specinterface_ln0' <Predicate = true> <Delay = 0.00>
ST_13 : Operation 55 [1/1] (0.00ns)   --->   "%specinterface_ln0 = specinterface void @_ssdm_op_SpecInterface, i1024 %ip_header_out, void @empty_0, i32 0, i32 0, void @empty_2, i32 0, i32 0, void @empty_2, void @empty_2, void @empty_2, i32 0, i32 0, i32 0, i32 0, void @empty_2, void @empty_2, i32 4294967295, i32 0"   --->   Operation 55 'specinterface' 'specinterface_ln0' <Predicate = true> <Delay = 0.00>
ST_13 : Operation 56 [1/1] (0.00ns)   --->   "%specinterface_ln0 = specinterface void @_ssdm_op_SpecInterface, i1024 %no_ip_header_out, void @empty_0, i32 0, i32 0, void @empty_2, i32 0, i32 0, void @empty_2, void @empty_2, void @empty_2, i32 0, i32 0, i32 0, i32 0, void @empty_2, void @empty_2, i32 4294967295, i32 0"   --->   Operation 56 'specinterface' 'specinterface_ln0' <Predicate = true> <Delay = 0.00>
ST_13 : Operation 57 [1/1] (0.00ns)   --->   "%specinterface_ln0 = specinterface void @_ssdm_op_SpecInterface, i1024 %ip_header_checksum, void @empty_0, i32 0, i32 0, void @empty_2, i32 0, i32 0, void @empty_2, void @empty_2, void @empty_2, i32 0, i32 0, i32 0, i32 0, void @empty_2, void @empty_2, i32 4294967295, i32 0"   --->   Operation 57 'specinterface' 'specinterface_ln0' <Predicate = true> <Delay = 0.00>
ST_13 : Operation 58 [1/1] (0.00ns)   --->   "%specaxissidechannel_ln362 = specaxissidechannel void @_ssdm_op_SpecAXISSideChannel, i512 %dataIn_V_data_V, i64 %dataIn_V_keep_V, i64 %dataIn_V_strb_V, i1 0, i1 %dataIn_V_last_V, i1 0, i1 0, void @empty" [/home/ubuntu/xup_vitis_network_example/NetLayers/100G-fpga-network-stack-core/synthesis_results_HBM/..//hls/ethernet_inserter/ethernet_header_inserter.cpp:362]   --->   Operation 58 'specaxissidechannel' 'specaxissidechannel_ln362' <Predicate = true> <Delay = 0.00>
ST_13 : Operation 59 [1/1] (0.00ns)   --->   "%specaxissidechannel_ln362 = specaxissidechannel void @_ssdm_op_SpecAXISSideChannel, i512 %dataOut_V_data_V, i64 %dataOut_V_keep_V, i64 %dataOut_V_strb_V, i1 0, i1 %dataOut_V_last_V, i1 0, i1 0, void @empty_5" [/home/ubuntu/xup_vitis_network_example/NetLayers/100G-fpga-network-stack-core/synthesis_results_HBM/..//hls/ethernet_inserter/ethernet_header_inserter.cpp:362]   --->   Operation 59 'specaxissidechannel' 'specaxissidechannel_ln362' <Predicate = true> <Delay = 0.00>
ST_13 : Operation 60 [1/1] (0.00ns)   --->   "%ret_ln362 = ret" [/home/ubuntu/xup_vitis_network_example/NetLayers/100G-fpga-network-stack-core/synthesis_results_HBM/..//hls/ethernet_inserter/ethernet_header_inserter.cpp:362]   --->   Operation 60 'ret' 'ret_ln362' <Predicate = true> <Delay = 0.00>


============================================================
+ Verbose Summary: Timing violations
============================================================
Target clock period: 3.100ns, clock uncertainty: 0.200ns.

 <State 1>: 0.000ns
The critical path consists of the following:

 <State 2>: 0.880ns
The critical path consists of the following:
	'call' operation ('call_ln344', /home/ubuntu/xup_vitis_network_example/NetLayers/100G-fpga-network-stack-core/synthesis_results_HBM/..//hls/ethernet_inserter/ethernet_header_inserter.cpp:344) to 'broadcaster_and_mac_request' [56]  (0.880 ns)

 <State 3>: 0.000ns
The critical path consists of the following:

 <State 4>: 0.000ns
The critical path consists of the following:

 <State 5>: 0.000ns
The critical path consists of the following:

 <State 6>: 0.000ns
The critical path consists of the following:

 <State 7>: 0.000ns
The critical path consists of the following:

 <State 8>: 0.000ns
The critical path consists of the following:

 <State 9>: 1.410ns
The critical path consists of the following:
	'call' operation ('call_ln321', /home/ubuntu/xup_vitis_network_example/NetLayers/100G-fpga-network-stack-core/synthesis_results_HBM/..//hls/ethernet_inserter/ethernet_header_inserter.cpp:321) to 'entry_proc' [55]  (1.410 ns)

 <State 10>: 0.000ns
The critical path consists of the following:

 <State 11>: 2.214ns
The critical path consists of the following:
	'call' operation ('call_ln356', /home/ubuntu/xup_vitis_network_example/NetLayers/100G-fpga-network-stack-core/synthesis_results_HBM/..//hls/ethernet_inserter/ethernet_header_inserter.cpp:356) to 'handle_output' [58]  (2.214 ns)

 <State 12>: 0.000ns
The critical path consists of the following:

 <State 13>: 0.000ns
The critical path consists of the following:


============================================================
+ Verbose Summary: Binding
============================================================
N/A
* FSMD analyzer results:
  - Output states:
 - Input state : 
  - Chain level:
	State 1
	State 2
	State 3
	State 4
	State 5
	State 6
	State 7
	State 8
	State 9
	State 10
	State 11
	State 12
	State 13


============================================================
+ Verbose Summary: Datapath Resource usage 
============================================================
N/A
