/home/ubuntu/xup_vitis_network_example/NetLayers/100G-fpga-network-stack-core/synthesis_results_HBM/ETH_inserter_hls_prj/ultrascale_plus/.autopilot/db/ethernet_header_inserter.pp.0.cpp:36090:7: warning: Added loop label VITIS_LOOP_1213_1:   [xilinx-label-all-loops]
      for (i = 0; i < __N - 1; ++i) {
      ^~~
      VITIS_LOOP_1213_1: 
/home/ubuntu/xup_vitis_network_example/NetLayers/100G-fpga-network-stack-core/synthesis_results_HBM/ETH_inserter_hls_prj/ultrascale_plus/.autopilot/db/ethernet_header_inserter.pp.0.cpp:36090:7: note: FIX-IT applied suggested code changes
/home/ubuntu/xup_vitis_network_example/NetLayers/100G-fpga-network-stack-core/synthesis_results_HBM/ETH_inserter_hls_prj/ultrascale_plus/.autopilot/db/ethernet_header_inserter.pp.0.cpp:37064:5: warning: Added loop label VITIS_LOOP_676_1:   [xilinx-label-all-loops]
    for (unsigned i = low; i != high; ++i) {
    ^~~
    VITIS_LOOP_676_1: 
/home/ubuntu/xup_vitis_network_example/NetLayers/100G-fpga-network-stack-core/synthesis_results_HBM/ETH_inserter_hls_prj/ultrascale_plus/.autopilot/db/ethernet_header_inserter.pp.0.cpp:37064:5: note: FIX-IT applied suggested code changes
/home/ubuntu/xup_vitis_network_example/NetLayers/100G-fpga-network-stack-core/synthesis_results_HBM/ETH_inserter_hls_prj/ultrascale_plus/.autopilot/db/ethernet_header_inserter.pp.0.cpp:37078:5: warning: Added loop label VITIS_LOOP_690_1:   [xilinx-label-all-loops]
    for (unsigned i = low; i != high; ++i) {
    ^~~
    VITIS_LOOP_690_1: 
/home/ubuntu/xup_vitis_network_example/NetLayers/100G-fpga-network-stack-core/synthesis_results_HBM/ETH_inserter_hls_prj/ultrascale_plus/.autopilot/db/ethernet_header_inserter.pp.0.cpp:37078:5: note: FIX-IT applied suggested code changes
/home/ubuntu/xup_vitis_network_example/NetLayers/100G-fpga-network-stack-core/synthesis_results_HBM/ETH_inserter_hls_prj/ultrascale_plus/.autopilot/db/ethernet_header_inserter.pp.0.cpp:37092:5: warning: Added loop label VITIS_LOOP_704_1:   [xilinx-label-all-loops]
    for (unsigned i = low; i != high; ++i) {
    ^~~
    VITIS_LOOP_704_1: 
/home/ubuntu/xup_vitis_network_example/NetLayers/100G-fpga-network-stack-core/synthesis_results_HBM/ETH_inserter_hls_prj/ultrascale_plus/.autopilot/db/ethernet_header_inserter.pp.0.cpp:37092:5: note: FIX-IT applied suggested code changes
/home/ubuntu/xup_vitis_network_example/NetLayers/100G-fpga-network-stack-core/synthesis_results_HBM/ETH_inserter_hls_prj/ultrascale_plus/.autopilot/db/ethernet_header_inserter.pp.0.cpp:38703:7: warning: Added loop label VITIS_LOOP_1247_1:   [xilinx-label-all-loops]
      for (i = 0; i < __N - 1; ++i) {
      ^~~
      VITIS_LOOP_1247_1: 
/home/ubuntu/xup_vitis_network_example/NetLayers/100G-fpga-network-stack-core/synthesis_results_HBM/ETH_inserter_hls_prj/ultrascale_plus/.autopilot/db/ethernet_header_inserter.pp.0.cpp:38703:7: note: FIX-IT applied suggested code changes
/home/ubuntu/xup_vitis_network_example/NetLayers/100G-fpga-network-stack-core/synthesis_results_HBM/ETH_inserter_hls_prj/ultrascale_plus/.autopilot/db/ethernet_header_inserter.pp.0.cpp:41152:3: warning: Added loop label VITIS_LOOP_269_1:   [xilinx-label-all-loops]
  for (int i = 0; i < 15; i++) {
  ^~~
  VITIS_LOOP_269_1: 
/home/ubuntu/xup_vitis_network_example/NetLayers/100G-fpga-network-stack-core/synthesis_results_HBM/ETH_inserter_hls_prj/ultrascale_plus/.autopilot/db/ethernet_header_inserter.pp.0.cpp:41152:3: note: FIX-IT applied suggested code changes
/home/ubuntu/xup_vitis_network_example/NetLayers/100G-fpga-network-stack-core/synthesis_results_HBM/ETH_inserter_hls_prj/ultrascale_plus/.autopilot/db/ethernet_header_inserter.pp.0.cpp:41158:3: warning: Added loop label VITIS_LOOP_275_2:   [xilinx-label-all-loops]
  for (int i = 0; i < 7; i++) {
  ^~~
  VITIS_LOOP_275_2: 
/home/ubuntu/xup_vitis_network_example/NetLayers/100G-fpga-network-stack-core/synthesis_results_HBM/ETH_inserter_hls_prj/ultrascale_plus/.autopilot/db/ethernet_header_inserter.pp.0.cpp:41158:3: note: FIX-IT applied suggested code changes
/home/ubuntu/xup_vitis_network_example/NetLayers/100G-fpga-network-stack-core/synthesis_results_HBM/ETH_inserter_hls_prj/ultrascale_plus/.autopilot/db/ethernet_header_inserter.pp.0.cpp:41165:3: warning: Added loop label VITIS_LOOP_282_3:   [xilinx-label-all-loops]
  for (int i = 0; i < 4; i++) {
  ^~~
  VITIS_LOOP_282_3: 
/home/ubuntu/xup_vitis_network_example/NetLayers/100G-fpga-network-stack-core/synthesis_results_HBM/ETH_inserter_hls_prj/ultrascale_plus/.autopilot/db/ethernet_header_inserter.pp.0.cpp:41165:3: note: FIX-IT applied suggested code changes
