

================================================================
== Vivado HLS Report for 'arp_server'
================================================================
* Date:           Thu Aug  5 18:55:55 2021

* Version:        2020.1 (Build 2897737 on Wed May 27 20:21:37 MDT 2020)
* Project:        ARP_hls_prj
* Solution:       ultrascale_plus
* Product family: virtexuplus
* Target device:  xcu280-fsvh2892-2L-e


================================================================
== Performance Estimates
================================================================
+ Timing: 
    * Summary: 
    +--------+---------+----------+------------+
    |  Clock |  Target | Estimated| Uncertainty|
    +--------+---------+----------+------------+
    |ap_clk  | 3.10 ns | 3.337 ns |   0.20 ns  |
    +--------+---------+----------+------------+

+ Latency: 
    * Summary: 
    +---------+---------+-----------+-----------+-----+-----+----------+
    |  Latency (cycles) |   Latency (absolute)  |  Interval | Pipeline |
    |   min   |   max   |    min    |    max    | min | max |   Type   |
    +---------+---------+-----------+-----------+-----+-----+----------+
    |        7|        7| 23.359 ns | 23.359 ns |    1|    1| dataflow |
    +---------+---------+-----------+-----------+-----+-----+----------+

    + Detail: 
        * Instance: 
        +---------------------------------------+---------------------+---------+---------+----------+----------+-----+-----+----------+
        |                                       |                     |  Latency (cycles) |  Latency (absolute) |  Interval | Pipeline |
        |                Instance               |        Module       |   min   |   max   |    min   |    max   | min | max |   Type   |
        +---------------------------------------+---------------------+---------+---------+----------+----------+-----+-----+----------+
        |grp_arp_pkg_sender_fu_192              |arp_pkg_sender       |        2|        2| 6.674 ns | 6.674 ns |    1|    1| function |
        |grp_arp_table_fu_233                   |arp_table            |        2|        2| 6.674 ns | 6.674 ns |    1|    1| function |
        |grp_arp_pkg_receiver_fu_254            |arp_pkg_receiver     |        1|        1| 3.337 ns | 3.337 ns |    1|    1| function |
        |grp_genARPDiscovery_fu_272             |genARPDiscovery      |        2|        2| 6.674 ns | 6.674 ns |    1|    1| function |
        |call_ln369_arp_server_entry174_fu_295  |arp_server_entry174  |        0|        0|   0 ns   |   0 ns   |    0|    0|   none   |
        +---------------------------------------+---------------------+---------+---------+----------+----------+-----+-----+----------+

        * Loop: 
        N/A

============================================================
+ Verbose Summary: Synthesis Manager
============================================================
InlineROM: 1
ExposeGlobal: 0
============================================================
+ Verbose Summary: CDFG Model
============================================================
IsTopModel: 1
ResetActiveHigh: 1
IsCombinational: 2
IsDatapathOnly: 0
HasWiredReturn: 1
HasMFsm: 0
HasVarLatency: 1
IsPipeline: 0
IsRtlPipelined: 0
IsInstanceOverlapped: 0
IsDontTouch: 0
HasImplIP: 0
IsGatedGlobalClock: 0


============================================================
+ Verbose Summary: Schedule
============================================================
* Number of FSM states : 10
* Pipeline : 0
* Dataflow Pipeline: 1
  DF-Pipeline-0: Size = 10, States = { 1 2 3 4 5 6 7 8 9 10 }

* FSM state transitions: 
1 --> 2 
2 --> 3 
3 --> 4 
4 --> 5 
5 --> 6 
6 --> 7 
7 --> 8 
8 --> 9 
9 --> 10 
10 --> 

* FSM state operations: 

State 1 <SV = 0> <Delay = 0.00>
ST_1 : Operation 11 [1/1] (0.00ns)   --->   "%networkMask_V_c44 = alloca i32, align 4" [/home/ubuntu/xup_vitis_network_example/NetLayers/100G-fpga-network-stack-core/synthesis_results_HMB/..//hls/arp_server/arp_server.cpp:365]   --->   Operation 11 'alloca' 'networkMask_V_c44' <Predicate = true> <Delay = 0.00> <Core = "FIFO">   --->   Core 32 'FIFO' <Latency = 0> <II = 1> <Delay = 1.45> <Storage> <Opcode : 'read' 'write' 'nbread' 'nbwrite'> <Ports = 0> <Width = 81> <Depth = 2> <FIFO>
ST_1 : Operation 12 [1/1] (0.00ns)   --->   "%gatewayIP_V_c43 = alloca i32, align 4" [/home/ubuntu/xup_vitis_network_example/NetLayers/100G-fpga-network-stack-core/synthesis_results_HMB/..//hls/arp_server/arp_server.cpp:364]   --->   Operation 12 'alloca' 'gatewayIP_V_c43' <Predicate = true> <Delay = 0.00> <Core = "FIFO">   --->   Core 32 'FIFO' <Latency = 0> <II = 1> <Delay = 1.45> <Storage> <Opcode : 'read' 'write' 'nbread' 'nbwrite'> <Ports = 0> <Width = 81> <Depth = 2> <FIFO>
ST_1 : Operation 13 [1/1] (0.00ns)   --->   "%myIpAddress_V_c42 = alloca i32, align 4" [/home/ubuntu/xup_vitis_network_example/NetLayers/100G-fpga-network-stack-core/synthesis_results_HMB/..//hls/arp_server/arp_server.cpp:363]   --->   Operation 13 'alloca' 'myIpAddress_V_c42' <Predicate = true> <Delay = 0.00> <Core = "FIFO">   --->   Core 32 'FIFO' <Latency = 0> <II = 1> <Delay = 1.45> <Storage> <Opcode : 'read' 'write' 'nbread' 'nbwrite'> <Ports = 0> <Width = 81> <Depth = 2> <FIFO>
ST_1 : Operation 14 [1/1] (0.00ns)   --->   "%myIpAddress_V_c41 = alloca i32, align 4" [/home/ubuntu/xup_vitis_network_example/NetLayers/100G-fpga-network-stack-core/synthesis_results_HMB/..//hls/arp_server/arp_server.cpp:363]   --->   Operation 14 'alloca' 'myIpAddress_V_c41' <Predicate = true> <Delay = 0.00> <Core = "FIFO">   --->   Core 32 'FIFO' <Latency = 0> <II = 1> <Delay = 1.45> <Storage> <Opcode : 'read' 'write' 'nbread' 'nbwrite'> <Ports = 0> <Width = 81> <Depth = 2> <FIFO>
ST_1 : Operation 15 [1/1] (0.00ns)   --->   "%networkMask_V_c = alloca i32, align 4" [/home/ubuntu/xup_vitis_network_example/NetLayers/100G-fpga-network-stack-core/synthesis_results_HMB/..//hls/arp_server/arp_server.cpp:365]   --->   Operation 15 'alloca' 'networkMask_V_c' <Predicate = true> <Delay = 0.00> <Core = "FIFO">   --->   Core 32 'FIFO' <Latency = 0> <II = 1> <Delay = 1.45> <Storage> <Opcode : 'read' 'write' 'nbread' 'nbwrite'> <Ports = 0> <Width = 81> <Depth = 2> <FIFO>
ST_1 : Operation 16 [1/1] (0.00ns)   --->   "%gatewayIP_V_c = alloca i32, align 4" [/home/ubuntu/xup_vitis_network_example/NetLayers/100G-fpga-network-stack-core/synthesis_results_HMB/..//hls/arp_server/arp_server.cpp:364]   --->   Operation 16 'alloca' 'gatewayIP_V_c' <Predicate = true> <Delay = 0.00> <Core = "FIFO">   --->   Core 32 'FIFO' <Latency = 0> <II = 1> <Delay = 1.45> <Storage> <Opcode : 'read' 'write' 'nbread' 'nbwrite'> <Ports = 0> <Width = 81> <Depth = 2> <FIFO>
ST_1 : Operation 17 [1/1] (0.00ns)   --->   "%myIpAddress_V_c40 = alloca i32, align 4" [/home/ubuntu/xup_vitis_network_example/NetLayers/100G-fpga-network-stack-core/synthesis_results_HMB/..//hls/arp_server/arp_server.cpp:363]   --->   Operation 17 'alloca' 'myIpAddress_V_c40' <Predicate = true> <Delay = 0.00> <Core = "FIFO">   --->   Core 32 'FIFO' <Latency = 0> <II = 1> <Delay = 1.45> <Storage> <Opcode : 'read' 'write' 'nbread' 'nbwrite'> <Ports = 0> <Width = 81> <Depth = 2> <FIFO>
ST_1 : Operation 18 [1/1] (0.00ns)   --->   "%myIpAddress_V_c = alloca i32, align 4" [/home/ubuntu/xup_vitis_network_example/NetLayers/100G-fpga-network-stack-core/synthesis_results_HMB/..//hls/arp_server/arp_server.cpp:363]   --->   Operation 18 'alloca' 'myIpAddress_V_c' <Predicate = true> <Delay = 0.00> <Core = "FIFO">   --->   Core 32 'FIFO' <Latency = 0> <II = 1> <Delay = 1.45> <Storage> <Opcode : 'read' 'write' 'nbread' 'nbwrite'> <Ports = 0> <Width = 81> <Depth = 2> <FIFO>
ST_1 : Operation 19 [1/1] (0.00ns)   --->   "%myMacAddress_V_c = alloca i48, align 8" [/home/ubuntu/xup_vitis_network_example/NetLayers/100G-fpga-network-stack-core/synthesis_results_HMB/..//hls/arp_server/arp_server.cpp:362]   --->   Operation 19 'alloca' 'myMacAddress_V_c' <Predicate = true> <Delay = 0.00> <Core = "FIFO">   --->   Core 32 'FIFO' <Latency = 0> <II = 1> <Delay = 1.45> <Storage> <Opcode : 'read' 'write' 'nbread' 'nbwrite'> <Ports = 0> <Width = 81> <Depth = 2> <FIFO>

State 2 <SV = 1> <Delay = 1.45>
ST_2 : Operation 20 [1/1] (1.45ns)   --->   "call fastcc void @arp_server.entry174(i48* %myMacAddress_V, i32* %myIpAddress_V, i32* %gatewayIP_V, i32* %networkMask_V, i48* %myMacAddress_V_c, i32* %myIpAddress_V_c, i32* %myIpAddress_V_c40, i32* %gatewayIP_V_c, i32* %networkMask_V_c)" [/home/ubuntu/xup_vitis_network_example/NetLayers/100G-fpga-network-stack-core/synthesis_results_HMB/..//hls/arp_server/arp_server.cpp:369]   --->   Operation 20 'call' <Predicate = true> <Delay = 1.45> <CoreType = "Generic">   --->   Core 0 '' <Latency = 0> <II = 1> <Delay = 1.00> <Generic> <Opcode : >

State 3 <SV = 2> <Delay = 0.98>
ST_3 : Operation 21 [2/2] (0.98ns)   --->   "call fastcc void @arp_pkg_receiver(i512* %arpDataIn_V_data_V, i64* %arpDataIn_V_keep_V, i1* %arpDataIn_V_last_V, i32* nocapture %myIpAddress_V_c40, i32* %myIpAddress_V_c41) noinline" [/home/ubuntu/xup_vitis_network_example/NetLayers/100G-fpga-network-stack-core/synthesis_results_HMB/..//hls/arp_server/arp_server.cpp:411]   --->   Operation 21 'call' <Predicate = true> <Delay = 0.98> <CoreType = "Generic">   --->   Core 0 '' <Latency = 0> <II = 1> <Delay = 1.00> <Generic> <Opcode : >

State 4 <SV = 3> <Delay = 0.00>
ST_4 : Operation 22 [1/2] (0.00ns)   --->   "call fastcc void @arp_pkg_receiver(i512* %arpDataIn_V_data_V, i64* %arpDataIn_V_keep_V, i1* %arpDataIn_V_last_V, i32* nocapture %myIpAddress_V_c40, i32* %myIpAddress_V_c41) noinline" [/home/ubuntu/xup_vitis_network_example/NetLayers/100G-fpga-network-stack-core/synthesis_results_HMB/..//hls/arp_server/arp_server.cpp:411]   --->   Operation 22 'call' <Predicate = true> <Delay = 0.00> <CoreType = "Generic">   --->   Core 0 '' <Latency = 0> <II = 1> <Delay = 1.00> <Generic> <Opcode : >

State 5 <SV = 4> <Delay = 0.72>
ST_5 : Operation 23 [3/3] (0.72ns)   --->   "call fastcc void @genARPDiscovery(i32* %macIpEncode_req_V_V, i56* %macIpEncode_rsp_V, i1* %arp_scan_V, i32* %myIpAddress_V_c)" [/home/ubuntu/xup_vitis_network_example/NetLayers/100G-fpga-network-stack-core/synthesis_results_HMB/..//hls/arp_server/arp_server.cpp:403]   --->   Operation 23 'call' <Predicate = true> <Delay = 0.72> <CoreType = "Generic">   --->   Core 0 '' <Latency = 0> <II = 1> <Delay = 1.00> <Generic> <Opcode : >
ST_5 : Operation 24 [3/3] (0.00ns)   --->   "call fastcc void @arp_pkg_sender(i512* %arpDataOut_V_data_V, i64* %arpDataOut_V_keep_V, i1* %arpDataOut_V_last_V, i48* nocapture %myMacAddress_V_c, i32* nocapture %myIpAddress_V_c41, i32* nocapture %gatewayIP_V_c, i32* nocapture %networkMask_V_c, i32* %myIpAddress_V_c42, i32* %gatewayIP_V_c43, i32* %networkMask_V_c44) noinline" [/home/ubuntu/xup_vitis_network_example/NetLayers/100G-fpga-network-stack-core/synthesis_results_HMB/..//hls/arp_server/arp_server.cpp:417]   --->   Operation 24 'call' <Predicate = true> <Delay = 0.00> <CoreType = "Generic">   --->   Core 0 '' <Latency = 0> <II = 1> <Delay = 1.00> <Generic> <Opcode : >

State 6 <SV = 5> <Delay = 0.00>
ST_6 : Operation 25 [2/3] (0.00ns)   --->   "call fastcc void @genARPDiscovery(i32* %macIpEncode_req_V_V, i56* %macIpEncode_rsp_V, i1* %arp_scan_V, i32* %myIpAddress_V_c)" [/home/ubuntu/xup_vitis_network_example/NetLayers/100G-fpga-network-stack-core/synthesis_results_HMB/..//hls/arp_server/arp_server.cpp:403]   --->   Operation 25 'call' <Predicate = true> <Delay = 0.00> <CoreType = "Generic">   --->   Core 0 '' <Latency = 0> <II = 1> <Delay = 1.00> <Generic> <Opcode : >
ST_6 : Operation 26 [2/3] (0.00ns)   --->   "call fastcc void @arp_pkg_sender(i512* %arpDataOut_V_data_V, i64* %arpDataOut_V_keep_V, i1* %arpDataOut_V_last_V, i48* nocapture %myMacAddress_V_c, i32* nocapture %myIpAddress_V_c41, i32* nocapture %gatewayIP_V_c, i32* nocapture %networkMask_V_c, i32* %myIpAddress_V_c42, i32* %gatewayIP_V_c43, i32* %networkMask_V_c44) noinline" [/home/ubuntu/xup_vitis_network_example/NetLayers/100G-fpga-network-stack-core/synthesis_results_HMB/..//hls/arp_server/arp_server.cpp:417]   --->   Operation 26 'call' <Predicate = true> <Delay = 0.00> <CoreType = "Generic">   --->   Core 0 '' <Latency = 0> <II = 1> <Delay = 1.00> <Generic> <Opcode : >

State 7 <SV = 6> <Delay = 0.00>
ST_7 : Operation 27 [1/3] (0.00ns)   --->   "call fastcc void @genARPDiscovery(i32* %macIpEncode_req_V_V, i56* %macIpEncode_rsp_V, i1* %arp_scan_V, i32* %myIpAddress_V_c)" [/home/ubuntu/xup_vitis_network_example/NetLayers/100G-fpga-network-stack-core/synthesis_results_HMB/..//hls/arp_server/arp_server.cpp:403]   --->   Operation 27 'call' <Predicate = true> <Delay = 0.00> <CoreType = "Generic">   --->   Core 0 '' <Latency = 0> <II = 1> <Delay = 1.00> <Generic> <Opcode : >
ST_7 : Operation 28 [1/3] (0.00ns)   --->   "call fastcc void @arp_pkg_sender(i512* %arpDataOut_V_data_V, i64* %arpDataOut_V_keep_V, i1* %arpDataOut_V_last_V, i48* nocapture %myMacAddress_V_c, i32* nocapture %myIpAddress_V_c41, i32* nocapture %gatewayIP_V_c, i32* nocapture %networkMask_V_c, i32* %myIpAddress_V_c42, i32* %gatewayIP_V_c43, i32* %networkMask_V_c44) noinline" [/home/ubuntu/xup_vitis_network_example/NetLayers/100G-fpga-network-stack-core/synthesis_results_HMB/..//hls/arp_server/arp_server.cpp:417]   --->   Operation 28 'call' <Predicate = true> <Delay = 0.00> <CoreType = "Generic">   --->   Core 0 '' <Latency = 0> <II = 1> <Delay = 1.00> <Generic> <Opcode : >

State 8 <SV = 7> <Delay = 0.00>
ST_8 : Operation 29 [3/3] (0.00ns)   --->   "call fastcc void @arp_table([256 x i48]* %arpTable_macAddress_V, [256 x i32]* %arpTable_ipAddress_V, [256 x i1]* %arpTable_valid_V, i32* nocapture %myIpAddress_V_c42, i32* nocapture %gatewayIP_V_c43, i32* nocapture %networkMask_V_c44) noinline" [/home/ubuntu/xup_vitis_network_example/NetLayers/100G-fpga-network-stack-core/synthesis_results_HMB/..//hls/arp_server/arp_server.cpp:426]   --->   Operation 29 'call' <Predicate = true> <Delay = 0.00> <CoreType = "Generic">   --->   Core 0 '' <Latency = 0> <II = 1> <Delay = 1.00> <Generic> <Opcode : >

State 9 <SV = 8> <Delay = 0.00>
ST_9 : Operation 30 [2/3] (0.00ns)   --->   "call fastcc void @arp_table([256 x i48]* %arpTable_macAddress_V, [256 x i32]* %arpTable_ipAddress_V, [256 x i1]* %arpTable_valid_V, i32* nocapture %myIpAddress_V_c42, i32* nocapture %gatewayIP_V_c43, i32* nocapture %networkMask_V_c44) noinline" [/home/ubuntu/xup_vitis_network_example/NetLayers/100G-fpga-network-stack-core/synthesis_results_HMB/..//hls/arp_server/arp_server.cpp:426]   --->   Operation 30 'call' <Predicate = true> <Delay = 0.00> <CoreType = "Generic">   --->   Core 0 '' <Latency = 0> <II = 1> <Delay = 1.00> <Generic> <Opcode : >

State 10 <SV = 9> <Delay = 0.00>
ST_10 : Operation 31 [1/1] (0.00ns)   --->   "call void (...)* @_ssdm_op_SpecDataflowPipeline(i32 -1, i32 0, [1 x i8]* @p_str) nounwind" [/home/ubuntu/xup_vitis_network_example/NetLayers/100G-fpga-network-stack-core/synthesis_results_HMB/..//hls/arp_server/arp_server.cpp:369]   --->   Operation 31 'specdataflowpipeline' <Predicate = true> <Delay = 0.00>
ST_10 : Operation 32 [1/1] (0.00ns)   --->   "%empty = call i32 (...)* @_ssdm_op_SpecChannel([15 x i8]* @arpReplyFifo_OC_V_st, i32 1, [1 x i8]* @p_str, [1 x i8]* @p_str, i32 4, i32 4, i192* @arpReplyFifo_V, i192* @arpReplyFifo_V)"   --->   Operation 32 'specchannel' 'empty' <Predicate = true> <Delay = 0.00>
ST_10 : Operation 33 [1/1] (0.00ns)   --->   "call void (...)* @_ssdm_op_SpecInterface(i192* @arpReplyFifo_V, [8 x i8]* @ap_fifo_str, i32 0, i32 0, [1 x i8]* @p_str, i32 0, i32 0, [1 x i8]* @p_str, [1 x i8]* @p_str, [1 x i8]* @p_str, i32 2, i32 2, i32 16, i32 16, [1 x i8]* @p_str, [1 x i8]* @p_str)"   --->   Operation 33 'specinterface' <Predicate = true> <Delay = 0.00>
ST_10 : Operation 34 [1/1] (0.00ns)   --->   "%empty_17 = call i32 (...)* @_ssdm_op_SpecChannel([19 x i8]* @arpRequestFifo_OC_V_s, i32 1, [1 x i8]* @p_str, [1 x i8]* @p_str, i32 4, i32 4, i32* @arpRequestFifo_V_V, i32* @arpRequestFifo_V_V)"   --->   Operation 34 'specchannel' 'empty_17' <Predicate = true> <Delay = 0.00>
ST_10 : Operation 35 [1/1] (0.00ns)   --->   "call void (...)* @_ssdm_op_SpecInterface(i32* @arpRequestFifo_V_V, [8 x i8]* @ap_fifo_str, i32 0, i32 0, [1 x i8]* @p_str, i32 0, i32 0, [1 x i8]* @p_str, [1 x i8]* @p_str, [1 x i8]* @p_str, i32 2, i32 2, i32 16, i32 16, [1 x i8]* @p_str, [1 x i8]* @p_str)"   --->   Operation 35 'specinterface' <Predicate = true> <Delay = 0.00>
ST_10 : Operation 36 [1/1] (0.00ns)   --->   "%empty_18 = call i32 (...)* @_ssdm_op_SpecChannel([21 x i8]* @arpTableInsertFifo_O, i32 1, [1 x i8]* @p_str, [1 x i8]* @p_str, i32 4, i32 4, i81* @arpTableInsertFifo_V, i81* @arpTableInsertFifo_V)"   --->   Operation 36 'specchannel' 'empty_18' <Predicate = true> <Delay = 0.00>
ST_10 : Operation 37 [1/1] (0.00ns)   --->   "call void (...)* @_ssdm_op_SpecInterface(i81* @arpTableInsertFifo_V, [8 x i8]* @ap_fifo_str, i32 0, i32 0, [1 x i8]* @p_str, i32 0, i32 0, [1 x i8]* @p_str, [1 x i8]* @p_str, [1 x i8]* @p_str, i32 2, i32 2, i32 16, i32 16, [1 x i8]* @p_str, [1 x i8]* @p_str)"   --->   Operation 37 'specinterface' <Predicate = true> <Delay = 0.00>
ST_10 : Operation 38 [1/1] (0.00ns)   --->   "%empty_19 = call i32 (...)* @_ssdm_op_SpecChannel([18 x i8]* @macIpEncode_i_OC_V_O, i32 1, [1 x i8]* @p_str, [1 x i8]* @p_str, i32 4, i32 4, i32* @macIpEncode_i_V_V, i32* @macIpEncode_i_V_V)"   --->   Operation 38 'specchannel' 'empty_19' <Predicate = true> <Delay = 0.00>
ST_10 : Operation 39 [1/1] (0.00ns)   --->   "call void (...)* @_ssdm_op_SpecInterface(i32* @macIpEncode_i_V_V, [8 x i8]* @ap_fifo_str, i32 0, i32 0, [1 x i8]* @p_str, i32 0, i32 0, [1 x i8]* @p_str, [1 x i8]* @p_str, [1 x i8]* @p_str, i32 2, i32 2, i32 16, i32 16, [1 x i8]* @p_str, [1 x i8]* @p_str)"   --->   Operation 39 'specinterface' <Predicate = true> <Delay = 0.00>
ST_10 : Operation 40 [1/1] (0.00ns)   --->   "%empty_20 = call i32 (...)* @_ssdm_op_SpecChannel([20 x i8]* @macIpEncode_rsp_i_OC, i32 1, [1 x i8]* @p_str, [1 x i8]* @p_str, i32 4, i32 4, i49* @macIpEncode_rsp_i_V, i49* @macIpEncode_rsp_i_V)"   --->   Operation 40 'specchannel' 'empty_20' <Predicate = true> <Delay = 0.00>
ST_10 : Operation 41 [1/1] (0.00ns)   --->   "call void (...)* @_ssdm_op_SpecInterface(i49* @macIpEncode_rsp_i_V, [8 x i8]* @ap_fifo_str, i32 0, i32 0, [1 x i8]* @p_str, i32 0, i32 0, [1 x i8]* @p_str, [1 x i8]* @p_str, [1 x i8]* @p_str, i32 2, i32 2, i32 16, i32 16, [1 x i8]* @p_str, [1 x i8]* @p_str)"   --->   Operation 41 'specinterface' <Predicate = true> <Delay = 0.00>
ST_10 : Operation 42 [1/1] (0.00ns)   --->   "call void (...)* @_ssdm_op_SpecBitsMap(i56* %macIpEncode_rsp_V), !map !199"   --->   Operation 42 'specbitsmap' <Predicate = true> <Delay = 0.00>
ST_10 : Operation 43 [1/1] (0.00ns)   --->   "call void (...)* @_ssdm_op_SpecBitsMap(i512* %arpDataIn_V_data_V), !map !206"   --->   Operation 43 'specbitsmap' <Predicate = true> <Delay = 0.00>
ST_10 : Operation 44 [1/1] (0.00ns)   --->   "call void (...)* @_ssdm_op_SpecBitsMap(i64* %arpDataIn_V_keep_V), !map !210"   --->   Operation 44 'specbitsmap' <Predicate = true> <Delay = 0.00>
ST_10 : Operation 45 [1/1] (0.00ns)   --->   "call void (...)* @_ssdm_op_SpecBitsMap(i1* %arpDataIn_V_last_V), !map !214"   --->   Operation 45 'specbitsmap' <Predicate = true> <Delay = 0.00>
ST_10 : Operation 46 [1/1] (0.00ns)   --->   "call void (...)* @_ssdm_op_SpecBitsMap(i32* %macIpEncode_req_V_V), !map !218"   --->   Operation 46 'specbitsmap' <Predicate = true> <Delay = 0.00>
ST_10 : Operation 47 [1/1] (0.00ns)   --->   "call void (...)* @_ssdm_op_SpecBitsMap(i512* %arpDataOut_V_data_V), !map !222"   --->   Operation 47 'specbitsmap' <Predicate = true> <Delay = 0.00>
ST_10 : Operation 48 [1/1] (0.00ns)   --->   "call void (...)* @_ssdm_op_SpecBitsMap(i64* %arpDataOut_V_keep_V), !map !226"   --->   Operation 48 'specbitsmap' <Predicate = true> <Delay = 0.00>
ST_10 : Operation 49 [1/1] (0.00ns)   --->   "call void (...)* @_ssdm_op_SpecBitsMap(i1* %arpDataOut_V_last_V), !map !230"   --->   Operation 49 'specbitsmap' <Predicate = true> <Delay = 0.00>
ST_10 : Operation 50 [1/1] (0.00ns)   --->   "call void (...)* @_ssdm_op_SpecBitsMap([256 x i48]* %arpTable_macAddress_V), !map !234"   --->   Operation 50 'specbitsmap' <Predicate = true> <Delay = 0.00>
ST_10 : Operation 51 [1/1] (0.00ns)   --->   "call void (...)* @_ssdm_op_SpecBitsMap([256 x i32]* %arpTable_ipAddress_V), !map !240"   --->   Operation 51 'specbitsmap' <Predicate = true> <Delay = 0.00>
ST_10 : Operation 52 [1/1] (0.00ns)   --->   "call void (...)* @_ssdm_op_SpecBitsMap([256 x i1]* %arpTable_valid_V), !map !244"   --->   Operation 52 'specbitsmap' <Predicate = true> <Delay = 0.00>
ST_10 : Operation 53 [1/1] (0.00ns)   --->   "call void (...)* @_ssdm_op_SpecBitsMap(i1* %arp_scan_V), !map !248"   --->   Operation 53 'specbitsmap' <Predicate = true> <Delay = 0.00>
ST_10 : Operation 54 [1/1] (0.00ns)   --->   "call void (...)* @_ssdm_op_SpecBitsMap(i48* %myMacAddress_V), !map !252"   --->   Operation 54 'specbitsmap' <Predicate = true> <Delay = 0.00>
ST_10 : Operation 55 [1/1] (0.00ns)   --->   "call void (...)* @_ssdm_op_SpecBitsMap(i32* %myIpAddress_V), !map !256"   --->   Operation 55 'specbitsmap' <Predicate = true> <Delay = 0.00>
ST_10 : Operation 56 [1/1] (0.00ns)   --->   "call void (...)* @_ssdm_op_SpecBitsMap(i32* %gatewayIP_V), !map !260"   --->   Operation 56 'specbitsmap' <Predicate = true> <Delay = 0.00>
ST_10 : Operation 57 [1/1] (0.00ns)   --->   "call void (...)* @_ssdm_op_SpecBitsMap(i32* %networkMask_V), !map !264"   --->   Operation 57 'specbitsmap' <Predicate = true> <Delay = 0.00>
ST_10 : Operation 58 [1/1] (0.00ns)   --->   "call void (...)* @_ssdm_op_SpecTopModule([11 x i8]* @arp_server_str) nounwind"   --->   Operation 58 'spectopmodule' <Predicate = true> <Delay = 0.00>
ST_10 : Operation 59 [1/1] (0.00ns)   --->   "call void (...)* @_ssdm_op_SpecInterface(i32 0, [13 x i8]* @p_str23, i32 0, i32 0, [1 x i8]* @p_str, i32 0, i32 0, [1 x i8]* @p_str, [1 x i8]* @p_str, [1 x i8]* @p_str, i32 0, i32 0, i32 0, i32 0, [1 x i8]* @p_str, [1 x i8]* @p_str) nounwind" [/home/ubuntu/xup_vitis_network_example/NetLayers/100G-fpga-network-stack-core/synthesis_results_HMB/..//hls/arp_server/arp_server.cpp:368]   --->   Operation 59 'specinterface' <Predicate = true> <Delay = 0.00>
ST_10 : Operation 60 [1/1] (0.00ns)   --->   "call void (...)* @_ssdm_op_SpecInterface(i48* %myMacAddress_V, [8 x i8]* @p_str24, i32 1, i32 1, [1 x i8]* @p_str, i32 0, i32 0, [1 x i8]* @p_str, [1 x i8]* @p_str, [1 x i8]* @p_str, i32 0, i32 0, i32 0, i32 0, [1 x i8]* @p_str, [1 x i8]* @p_str) nounwind" [/home/ubuntu/xup_vitis_network_example/NetLayers/100G-fpga-network-stack-core/synthesis_results_HMB/..//hls/arp_server/arp_server.cpp:371]   --->   Operation 60 'specinterface' <Predicate = true> <Delay = 0.00>
ST_10 : Operation 61 [1/1] (0.00ns)   --->   "call void (...)* @_ssdm_op_SpecInterface(i32* %myIpAddress_V, [8 x i8]* @p_str24, i32 1, i32 1, [1 x i8]* @p_str, i32 0, i32 0, [1 x i8]* @p_str, [1 x i8]* @p_str, [1 x i8]* @p_str, i32 0, i32 0, i32 0, i32 0, [1 x i8]* @p_str, [1 x i8]* @p_str) nounwind" [/home/ubuntu/xup_vitis_network_example/NetLayers/100G-fpga-network-stack-core/synthesis_results_HMB/..//hls/arp_server/arp_server.cpp:372]   --->   Operation 61 'specinterface' <Predicate = true> <Delay = 0.00>
ST_10 : Operation 62 [1/1] (0.00ns)   --->   "call void (...)* @_ssdm_op_SpecInterface(i32* %gatewayIP_V, [8 x i8]* @p_str24, i32 1, i32 1, [1 x i8]* @p_str, i32 0, i32 0, [1 x i8]* @p_str, [1 x i8]* @p_str, [1 x i8]* @p_str, i32 0, i32 0, i32 0, i32 0, [1 x i8]* @p_str, [1 x i8]* @p_str) nounwind" [/home/ubuntu/xup_vitis_network_example/NetLayers/100G-fpga-network-stack-core/synthesis_results_HMB/..//hls/arp_server/arp_server.cpp:373]   --->   Operation 62 'specinterface' <Predicate = true> <Delay = 0.00>
ST_10 : Operation 63 [1/1] (0.00ns)   --->   "call void (...)* @_ssdm_op_SpecInterface(i32* %networkMask_V, [8 x i8]* @p_str24, i32 1, i32 1, [1 x i8]* @p_str, i32 0, i32 0, [1 x i8]* @p_str, [1 x i8]* @p_str, [1 x i8]* @p_str, i32 0, i32 0, i32 0, i32 0, [1 x i8]* @p_str, [1 x i8]* @p_str) nounwind" [/home/ubuntu/xup_vitis_network_example/NetLayers/100G-fpga-network-stack-core/synthesis_results_HMB/..//hls/arp_server/arp_server.cpp:374]   --->   Operation 63 'specinterface' <Predicate = true> <Delay = 0.00>
ST_10 : Operation 64 [1/1] (0.00ns)   --->   "call void (...)* @_ssdm_op_SpecInterface(i512* %arpDataIn_V_data_V, i64* %arpDataIn_V_keep_V, i1* %arpDataIn_V_last_V, [5 x i8]* @p_str25, i32 1, i32 1, [5 x i8]* @p_str26, i32 0, i32 0, [1 x i8]* @p_str, [1 x i8]* @p_str, [1 x i8]* @p_str, i32 0, i32 0, i32 0, i32 0, [1 x i8]* @p_str, [1 x i8]* @p_str) nounwind" [/home/ubuntu/xup_vitis_network_example/NetLayers/100G-fpga-network-stack-core/synthesis_results_HMB/..//hls/arp_server/arp_server.cpp:377]   --->   Operation 64 'specinterface' <Predicate = true> <Delay = 0.00>
ST_10 : Operation 65 [1/1] (0.00ns)   --->   "call void (...)* @_ssdm_op_SpecInterface(i512* %arpDataOut_V_data_V, i64* %arpDataOut_V_keep_V, i1* %arpDataOut_V_last_V, [5 x i8]* @p_str25, i32 1, i32 1, [5 x i8]* @p_str26, i32 0, i32 0, [1 x i8]* @p_str, [1 x i8]* @p_str, [1 x i8]* @p_str, i32 0, i32 0, i32 0, i32 0, [1 x i8]* @p_str, [1 x i8]* @p_str) nounwind" [/home/ubuntu/xup_vitis_network_example/NetLayers/100G-fpga-network-stack-core/synthesis_results_HMB/..//hls/arp_server/arp_server.cpp:378]   --->   Operation 65 'specinterface' <Predicate = true> <Delay = 0.00>
ST_10 : Operation 66 [1/1] (0.00ns)   --->   "call void (...)* @_ssdm_op_SpecInterface(i32* %macIpEncode_req_V_V, [5 x i8]* @p_str25, i32 1, i32 1, [5 x i8]* @p_str26, i32 0, i32 0, [1 x i8]* @p_str, [1 x i8]* @p_str, [1 x i8]* @p_str, i32 0, i32 0, i32 0, i32 0, [1 x i8]* @p_str, [1 x i8]* @p_str) nounwind" [/home/ubuntu/xup_vitis_network_example/NetLayers/100G-fpga-network-stack-core/synthesis_results_HMB/..//hls/arp_server/arp_server.cpp:379]   --->   Operation 66 'specinterface' <Predicate = true> <Delay = 0.00>
ST_10 : Operation 67 [1/1] (0.00ns)   --->   "call void (...)* @_ssdm_op_SpecInterface(i56* %macIpEncode_rsp_V, [5 x i8]* @p_str25, i32 1, i32 1, [5 x i8]* @p_str26, i32 0, i32 0, [1 x i8]* @p_str, [1 x i8]* @p_str, [1 x i8]* @p_str, i32 0, i32 0, i32 0, i32 0, [1 x i8]* @p_str, [1 x i8]* @p_str)" [/home/ubuntu/xup_vitis_network_example/NetLayers/100G-fpga-network-stack-core/synthesis_results_HMB/..//hls/arp_server/arp_server.cpp:380]   --->   Operation 67 'specinterface' <Predicate = true> <Delay = 0.00>
ST_10 : Operation 68 [1/1] (0.00ns)   --->   "call void (...)* @_ssdm_op_SpecInterface(i1* %arp_scan_V, [10 x i8]* @p_str27, i32 0, i32 0, [1 x i8]* @p_str, i32 0, i32 0, [10 x i8]* @p_str27, [1 x i8]* @p_str, [1 x i8]* @p_str, i32 0, i32 0, i32 0, i32 0, [1 x i8]* @p_str, [1 x i8]* @p_str) nounwind" [/home/ubuntu/xup_vitis_network_example/NetLayers/100G-fpga-network-stack-core/synthesis_results_HMB/..//hls/arp_server/arp_server.cpp:382]   --->   Operation 68 'specinterface' <Predicate = true> <Delay = 0.00>
ST_10 : Operation 69 [1/1] (0.00ns)   --->   "%empty_21 = call i32 (...)* @_ssdm_op_SpecMemCore([256 x i48]* %arpTable_macAddress_V, [1 x i8]* @p_str, [7 x i8]* @RAM_1P_str, [1 x i8]* @p_str, i32 -1, [1 x i8]* @p_str, [1 x i8]* @p_str, [1 x i8]* @p_str, [1 x i8]* @p_str, [1 x i8]* @p_str)" [/home/ubuntu/xup_vitis_network_example/NetLayers/100G-fpga-network-stack-core/synthesis_results_HMB/..//hls/arp_server/arp_server.cpp:383]   --->   Operation 69 'specmemcore' 'empty_21' <Predicate = true> <Delay = 0.00>
ST_10 : Operation 70 [1/1] (0.00ns)   --->   "%empty_22 = call i32 (...)* @_ssdm_op_SpecMemCore([256 x i32]* %arpTable_ipAddress_V, [1 x i8]* @p_str, [7 x i8]* @RAM_1P_str, [1 x i8]* @p_str, i32 -1, [1 x i8]* @p_str, [1 x i8]* @p_str, [1 x i8]* @p_str, [1 x i8]* @p_str, [1 x i8]* @p_str)" [/home/ubuntu/xup_vitis_network_example/NetLayers/100G-fpga-network-stack-core/synthesis_results_HMB/..//hls/arp_server/arp_server.cpp:383]   --->   Operation 70 'specmemcore' 'empty_22' <Predicate = true> <Delay = 0.00>
ST_10 : Operation 71 [1/1] (0.00ns)   --->   "%empty_23 = call i32 (...)* @_ssdm_op_SpecMemCore([256 x i1]* %arpTable_valid_V, [1 x i8]* @p_str, [7 x i8]* @RAM_1P_str, [1 x i8]* @p_str, i32 -1, [1 x i8]* @p_str, [1 x i8]* @p_str, [1 x i8]* @p_str, [1 x i8]* @p_str, [1 x i8]* @p_str)" [/home/ubuntu/xup_vitis_network_example/NetLayers/100G-fpga-network-stack-core/synthesis_results_HMB/..//hls/arp_server/arp_server.cpp:383]   --->   Operation 71 'specmemcore' 'empty_23' <Predicate = true> <Delay = 0.00>
ST_10 : Operation 72 [1/1] (0.00ns)   --->   "call void (...)* @_ssdm_op_SpecInterface([256 x i48]* %arpTable_macAddress_V, [256 x i32]* %arpTable_ipAddress_V, [256 x i1]* %arpTable_valid_V, [10 x i8]* @p_str27, i32 0, i32 0, [1 x i8]* @p_str, i32 0, i32 0, [10 x i8]* @p_str27, [1 x i8]* @p_str, [1 x i8]* @p_str, i32 0, i32 0, i32 0, i32 0, [1 x i8]* @p_str, [1 x i8]* @p_str) nounwind" [/home/ubuntu/xup_vitis_network_example/NetLayers/100G-fpga-network-stack-core/synthesis_results_HMB/..//hls/arp_server/arp_server.cpp:383]   --->   Operation 72 'specinterface' <Predicate = true> <Delay = 0.00>
ST_10 : Operation 73 [1/1] (0.00ns)   --->   "%empty_24 = call i32 (...)* @_ssdm_op_SpecChannel([17 x i8]* @myMacAddress_OC_V_c_s, i32 1, [1 x i8]* @p_str, [1 x i8]* @p_str, i32 3, i32 0, i48* %myMacAddress_V_c, i48* %myMacAddress_V_c)" [/home/ubuntu/xup_vitis_network_example/NetLayers/100G-fpga-network-stack-core/synthesis_results_HMB/..//hls/arp_server/arp_server.cpp:362]   --->   Operation 73 'specchannel' 'empty_24' <Predicate = true> <Delay = 0.00>
ST_10 : Operation 74 [1/1] (0.00ns)   --->   "call void (...)* @_ssdm_op_SpecInterface(i48* %myMacAddress_V_c, [8 x i8]* @ap_fifo_str, i32 0, i32 0, [1 x i8]* @p_str, i32 0, i32 0, [1 x i8]* @p_str, [1 x i8]* @p_str, [1 x i8]* @p_str, i32 2, i32 2, i32 16, i32 16, [1 x i8]* @p_str, [1 x i8]* @p_str)" [/home/ubuntu/xup_vitis_network_example/NetLayers/100G-fpga-network-stack-core/synthesis_results_HMB/..//hls/arp_server/arp_server.cpp:362]   --->   Operation 74 'specinterface' <Predicate = true> <Delay = 0.00>
ST_10 : Operation 75 [1/1] (0.00ns)   --->   "%empty_25 = call i32 (...)* @_ssdm_op_SpecChannel([16 x i8]* @myIpAddress_OC_V_c_s, i32 1, [1 x i8]* @p_str, [1 x i8]* @p_str, i32 2, i32 0, i32* %myIpAddress_V_c, i32* %myIpAddress_V_c)" [/home/ubuntu/xup_vitis_network_example/NetLayers/100G-fpga-network-stack-core/synthesis_results_HMB/..//hls/arp_server/arp_server.cpp:363]   --->   Operation 75 'specchannel' 'empty_25' <Predicate = true> <Delay = 0.00>
ST_10 : Operation 76 [1/1] (0.00ns)   --->   "call void (...)* @_ssdm_op_SpecInterface(i32* %myIpAddress_V_c, [8 x i8]* @ap_fifo_str, i32 0, i32 0, [1 x i8]* @p_str, i32 0, i32 0, [1 x i8]* @p_str, [1 x i8]* @p_str, [1 x i8]* @p_str, i32 2, i32 2, i32 16, i32 16, [1 x i8]* @p_str, [1 x i8]* @p_str)" [/home/ubuntu/xup_vitis_network_example/NetLayers/100G-fpga-network-stack-core/synthesis_results_HMB/..//hls/arp_server/arp_server.cpp:363]   --->   Operation 76 'specinterface' <Predicate = true> <Delay = 0.00>
ST_10 : Operation 77 [1/1] (0.00ns)   --->   "%empty_26 = call i32 (...)* @_ssdm_op_SpecChannel([18 x i8]* @myIpAddress_OC_V_c40, i32 1, [1 x i8]* @p_str, [1 x i8]* @p_str, i32 2, i32 0, i32* %myIpAddress_V_c40, i32* %myIpAddress_V_c40)" [/home/ubuntu/xup_vitis_network_example/NetLayers/100G-fpga-network-stack-core/synthesis_results_HMB/..//hls/arp_server/arp_server.cpp:363]   --->   Operation 77 'specchannel' 'empty_26' <Predicate = true> <Delay = 0.00>
ST_10 : Operation 78 [1/1] (0.00ns)   --->   "call void (...)* @_ssdm_op_SpecInterface(i32* %myIpAddress_V_c40, [8 x i8]* @ap_fifo_str, i32 0, i32 0, [1 x i8]* @p_str, i32 0, i32 0, [1 x i8]* @p_str, [1 x i8]* @p_str, [1 x i8]* @p_str, i32 2, i32 2, i32 16, i32 16, [1 x i8]* @p_str, [1 x i8]* @p_str)" [/home/ubuntu/xup_vitis_network_example/NetLayers/100G-fpga-network-stack-core/synthesis_results_HMB/..//hls/arp_server/arp_server.cpp:363]   --->   Operation 78 'specinterface' <Predicate = true> <Delay = 0.00>
ST_10 : Operation 79 [1/1] (0.00ns)   --->   "%empty_27 = call i32 (...)* @_ssdm_op_SpecChannel([14 x i8]* @gatewayIP_OC_V_c_str, i32 1, [1 x i8]* @p_str, [1 x i8]* @p_str, i32 3, i32 0, i32* %gatewayIP_V_c, i32* %gatewayIP_V_c)" [/home/ubuntu/xup_vitis_network_example/NetLayers/100G-fpga-network-stack-core/synthesis_results_HMB/..//hls/arp_server/arp_server.cpp:364]   --->   Operation 79 'specchannel' 'empty_27' <Predicate = true> <Delay = 0.00>
ST_10 : Operation 80 [1/1] (0.00ns)   --->   "call void (...)* @_ssdm_op_SpecInterface(i32* %gatewayIP_V_c, [8 x i8]* @ap_fifo_str, i32 0, i32 0, [1 x i8]* @p_str, i32 0, i32 0, [1 x i8]* @p_str, [1 x i8]* @p_str, [1 x i8]* @p_str, i32 2, i32 2, i32 16, i32 16, [1 x i8]* @p_str, [1 x i8]* @p_str)" [/home/ubuntu/xup_vitis_network_example/NetLayers/100G-fpga-network-stack-core/synthesis_results_HMB/..//hls/arp_server/arp_server.cpp:364]   --->   Operation 80 'specinterface' <Predicate = true> <Delay = 0.00>
ST_10 : Operation 81 [1/1] (0.00ns)   --->   "%empty_28 = call i32 (...)* @_ssdm_op_SpecChannel([16 x i8]* @networkMask_OC_V_c_s, i32 1, [1 x i8]* @p_str, [1 x i8]* @p_str, i32 3, i32 0, i32* %networkMask_V_c, i32* %networkMask_V_c)" [/home/ubuntu/xup_vitis_network_example/NetLayers/100G-fpga-network-stack-core/synthesis_results_HMB/..//hls/arp_server/arp_server.cpp:365]   --->   Operation 81 'specchannel' 'empty_28' <Predicate = true> <Delay = 0.00>
ST_10 : Operation 82 [1/1] (0.00ns)   --->   "call void (...)* @_ssdm_op_SpecInterface(i32* %networkMask_V_c, [8 x i8]* @ap_fifo_str, i32 0, i32 0, [1 x i8]* @p_str, i32 0, i32 0, [1 x i8]* @p_str, [1 x i8]* @p_str, [1 x i8]* @p_str, i32 2, i32 2, i32 16, i32 16, [1 x i8]* @p_str, [1 x i8]* @p_str)" [/home/ubuntu/xup_vitis_network_example/NetLayers/100G-fpga-network-stack-core/synthesis_results_HMB/..//hls/arp_server/arp_server.cpp:365]   --->   Operation 82 'specinterface' <Predicate = true> <Delay = 0.00>
ST_10 : Operation 83 [1/1] (0.00ns)   --->   "%empty_29 = call i32 (...)* @_ssdm_op_SpecChannel([18 x i8]* @myIpAddress_OC_V_c41, i32 1, [1 x i8]* @p_str, [1 x i8]* @p_str, i32 2, i32 0, i32* %myIpAddress_V_c41, i32* %myIpAddress_V_c41)" [/home/ubuntu/xup_vitis_network_example/NetLayers/100G-fpga-network-stack-core/synthesis_results_HMB/..//hls/arp_server/arp_server.cpp:363]   --->   Operation 83 'specchannel' 'empty_29' <Predicate = true> <Delay = 0.00>
ST_10 : Operation 84 [1/1] (0.00ns)   --->   "call void (...)* @_ssdm_op_SpecInterface(i32* %myIpAddress_V_c41, [8 x i8]* @ap_fifo_str, i32 0, i32 0, [1 x i8]* @p_str, i32 0, i32 0, [1 x i8]* @p_str, [1 x i8]* @p_str, [1 x i8]* @p_str, i32 2, i32 2, i32 16, i32 16, [1 x i8]* @p_str, [1 x i8]* @p_str)" [/home/ubuntu/xup_vitis_network_example/NetLayers/100G-fpga-network-stack-core/synthesis_results_HMB/..//hls/arp_server/arp_server.cpp:363]   --->   Operation 84 'specinterface' <Predicate = true> <Delay = 0.00>
ST_10 : Operation 85 [1/1] (0.00ns)   --->   "%empty_30 = call i32 (...)* @_ssdm_op_SpecChannel([18 x i8]* @myIpAddress_OC_V_c42, i32 1, [1 x i8]* @p_str, [1 x i8]* @p_str, i32 2, i32 0, i32* %myIpAddress_V_c42, i32* %myIpAddress_V_c42)" [/home/ubuntu/xup_vitis_network_example/NetLayers/100G-fpga-network-stack-core/synthesis_results_HMB/..//hls/arp_server/arp_server.cpp:363]   --->   Operation 85 'specchannel' 'empty_30' <Predicate = true> <Delay = 0.00>
ST_10 : Operation 86 [1/1] (0.00ns)   --->   "call void (...)* @_ssdm_op_SpecInterface(i32* %myIpAddress_V_c42, [8 x i8]* @ap_fifo_str, i32 0, i32 0, [1 x i8]* @p_str, i32 0, i32 0, [1 x i8]* @p_str, [1 x i8]* @p_str, [1 x i8]* @p_str, i32 2, i32 2, i32 16, i32 16, [1 x i8]* @p_str, [1 x i8]* @p_str)" [/home/ubuntu/xup_vitis_network_example/NetLayers/100G-fpga-network-stack-core/synthesis_results_HMB/..//hls/arp_server/arp_server.cpp:363]   --->   Operation 86 'specinterface' <Predicate = true> <Delay = 0.00>
ST_10 : Operation 87 [1/1] (0.00ns)   --->   "%empty_31 = call i32 (...)* @_ssdm_op_SpecChannel([16 x i8]* @gatewayIP_OC_V_c43_s, i32 1, [1 x i8]* @p_str, [1 x i8]* @p_str, i32 2, i32 0, i32* %gatewayIP_V_c43, i32* %gatewayIP_V_c43)" [/home/ubuntu/xup_vitis_network_example/NetLayers/100G-fpga-network-stack-core/synthesis_results_HMB/..//hls/arp_server/arp_server.cpp:364]   --->   Operation 87 'specchannel' 'empty_31' <Predicate = true> <Delay = 0.00>
ST_10 : Operation 88 [1/1] (0.00ns)   --->   "call void (...)* @_ssdm_op_SpecInterface(i32* %gatewayIP_V_c43, [8 x i8]* @ap_fifo_str, i32 0, i32 0, [1 x i8]* @p_str, i32 0, i32 0, [1 x i8]* @p_str, [1 x i8]* @p_str, [1 x i8]* @p_str, i32 2, i32 2, i32 16, i32 16, [1 x i8]* @p_str, [1 x i8]* @p_str)" [/home/ubuntu/xup_vitis_network_example/NetLayers/100G-fpga-network-stack-core/synthesis_results_HMB/..//hls/arp_server/arp_server.cpp:364]   --->   Operation 88 'specinterface' <Predicate = true> <Delay = 0.00>
ST_10 : Operation 89 [1/1] (0.00ns)   --->   "%empty_32 = call i32 (...)* @_ssdm_op_SpecChannel([18 x i8]* @networkMask_OC_V_c44, i32 1, [1 x i8]* @p_str, [1 x i8]* @p_str, i32 2, i32 0, i32* %networkMask_V_c44, i32* %networkMask_V_c44)" [/home/ubuntu/xup_vitis_network_example/NetLayers/100G-fpga-network-stack-core/synthesis_results_HMB/..//hls/arp_server/arp_server.cpp:365]   --->   Operation 89 'specchannel' 'empty_32' <Predicate = true> <Delay = 0.00>
ST_10 : Operation 90 [1/1] (0.00ns)   --->   "call void (...)* @_ssdm_op_SpecInterface(i32* %networkMask_V_c44, [8 x i8]* @ap_fifo_str, i32 0, i32 0, [1 x i8]* @p_str, i32 0, i32 0, [1 x i8]* @p_str, [1 x i8]* @p_str, [1 x i8]* @p_str, i32 2, i32 2, i32 16, i32 16, [1 x i8]* @p_str, [1 x i8]* @p_str)" [/home/ubuntu/xup_vitis_network_example/NetLayers/100G-fpga-network-stack-core/synthesis_results_HMB/..//hls/arp_server/arp_server.cpp:365]   --->   Operation 90 'specinterface' <Predicate = true> <Delay = 0.00>
ST_10 : Operation 91 [1/3] (0.00ns)   --->   "call fastcc void @arp_table([256 x i48]* %arpTable_macAddress_V, [256 x i32]* %arpTable_ipAddress_V, [256 x i1]* %arpTable_valid_V, i32* nocapture %myIpAddress_V_c42, i32* nocapture %gatewayIP_V_c43, i32* nocapture %networkMask_V_c44) noinline" [/home/ubuntu/xup_vitis_network_example/NetLayers/100G-fpga-network-stack-core/synthesis_results_HMB/..//hls/arp_server/arp_server.cpp:426]   --->   Operation 91 'call' <Predicate = true> <Delay = 0.00> <CoreType = "Generic">   --->   Core 0 '' <Latency = 0> <II = 1> <Delay = 1.00> <Generic> <Opcode : >
ST_10 : Operation 92 [1/1] (0.00ns)   --->   "ret void" [/home/ubuntu/xup_vitis_network_example/NetLayers/100G-fpga-network-stack-core/synthesis_results_HMB/..//hls/arp_server/arp_server.cpp:435]   --->   Operation 92 'ret' <Predicate = true> <Delay = 0.00>


============================================================
+ Verbose Summary: Binding
============================================================
STG Binding: 
---------------- STG Properties BEGIN ----------------
- Is combinational: 0
- Is one-state seq: 0
- Is datapath-only: 0
- Is pipelined: 0
- Is top level: 1
Port [ Return ] is wired: 1; IO mode=ap_ctrl_none:ce=0
Port [ arpDataIn_V_data_V]:  wired=1; compound=1; hidden=0; nouse=0; global=0; static=0; extern=0; dir=0; type=0; pingpong=0; private_global=0; IO mode=axis:ce=0
Port [ arpDataIn_V_keep_V]:  wired=1; compound=1; hidden=0; nouse=0; global=0; static=0; extern=0; dir=0; type=0; pingpong=0; private_global=0; IO mode=axis:ce=0
Port [ arpDataIn_V_last_V]:  wired=1; compound=1; hidden=0; nouse=0; global=0; static=0; extern=0; dir=0; type=0; pingpong=0; private_global=0; IO mode=axis:ce=0
Port [ macIpEncode_req_V_V]:  wired=1; compound=1; hidden=0; nouse=0; global=0; static=0; extern=0; dir=0; type=0; pingpong=0; private_global=0; IO mode=axis:ce=0
Port [ arpDataOut_V_data_V]:  wired=1; compound=1; hidden=0; nouse=0; global=0; static=0; extern=0; dir=1; type=0; pingpong=0; private_global=0; IO mode=axis:ce=0
Port [ arpDataOut_V_keep_V]:  wired=1; compound=1; hidden=0; nouse=0; global=0; static=0; extern=0; dir=1; type=0; pingpong=0; private_global=0; IO mode=axis:ce=0
Port [ arpDataOut_V_last_V]:  wired=1; compound=1; hidden=0; nouse=0; global=0; static=0; extern=0; dir=1; type=0; pingpong=0; private_global=0; IO mode=axis:ce=0
Port [ macIpEncode_rsp_V]:  wired=1; compound=1; hidden=0; nouse=0; global=0; static=0; extern=0; dir=1; type=0; pingpong=0; private_global=0; IO mode=axis:ce=0
Port [ arpTable_macAddress_V]:  wired=1; compound=1; hidden=0; nouse=0; global=0; static=0; extern=0; dir=2; type=1; pingpong=0; private_global=0; MemPort=[2]; IO mode=ap_memory:ce=0
Port [ arpTable_ipAddress_V]:  wired=1; compound=1; hidden=0; nouse=0; global=0; static=0; extern=0; dir=1; type=1; pingpong=0; private_global=0; MemPort=[0]; IO mode=ap_memory:ce=0
Port [ arpTable_valid_V]:  wired=1; compound=1; hidden=0; nouse=0; global=0; static=0; extern=0; dir=2; type=1; pingpong=0; private_global=0; MemPort=[2]; IO mode=ap_memory:ce=0
Port [ arp_scan_V]:  wired=1; compound=0; hidden=0; nouse=0; global=0; static=0; extern=0; dir=2; type=0; pingpong=0; private_global=0; IO mode=ap_ovld:ce=0
Port [ myMacAddress_V]:  wired=1; compound=0; hidden=0; nouse=0; global=0; static=0; extern=0; dir=0; type=0; pingpong=0; private_global=0; IO mode=ap_none:ce=0
Port [ myIpAddress_V]:  wired=1; compound=0; hidden=0; nouse=0; global=0; static=0; extern=0; dir=0; type=0; pingpong=0; private_global=0; IO mode=ap_none:ce=0
Port [ gatewayIP_V]:  wired=1; compound=0; hidden=0; nouse=0; global=0; static=0; extern=0; dir=0; type=0; pingpong=0; private_global=0; IO mode=ap_none:ce=0
Port [ networkMask_V]:  wired=1; compound=0; hidden=0; nouse=0; global=0; static=0; extern=0; dir=0; type=0; pingpong=0; private_global=0; IO mode=ap_none:ce=0
Port [ gia_fsm_state]:  wired=0; compound=0; hidden=1; nouse=1; global=1; static=1; extern=0; dir=2; type=0; pingpong=0; private_global=0; linkage=7; visibility=0; IO mode=ap_ovld:ce=0
Port [ ip_lsb_V]:  wired=0; compound=0; hidden=1; nouse=1; global=1; static=1; extern=0; dir=2; type=0; pingpong=0; private_global=0; linkage=7; visibility=0; IO mode=ap_ovld:ce=0
Port [ time_counter_V]:  wired=0; compound=0; hidden=1; nouse=1; global=1; static=1; extern=0; dir=2; type=0; pingpong=0; private_global=0; linkage=7; visibility=0; IO mode=ap_ovld:ce=0
Port [ macIpEncode_i_V_V]:  wired=0; compound=1; hidden=1; nouse=0; global=1; static=1; extern=0; dir=2; type=3; pingpong=0; private_global=1; linkage=7; visibility=0; IO mode=ap_fifo:ce=0
Port [ macIpEncode_rsp_i_V]:  wired=0; compound=1; hidden=1; nouse=0; global=1; static=1; extern=0; dir=2; type=3; pingpong=0; private_global=1; linkage=7; visibility=0; IO mode=ap_fifo:ce=0
Port [ arp_scan_1d_V]:  wired=0; compound=0; hidden=1; nouse=1; global=1; static=1; extern=0; dir=2; type=0; pingpong=0; private_global=0; linkage=7; visibility=0; IO mode=ap_ovld:ce=0
Port [ wordCount_V]:  wired=0; compound=0; hidden=1; nouse=1; global=1; static=1; extern=0; dir=2; type=0; pingpong=0; private_global=0; linkage=7; visibility=0; IO mode=ap_ovld:ce=0
Port [ arpReplyFifo_V]:  wired=0; compound=1; hidden=1; nouse=0; global=1; static=1; extern=0; dir=2; type=3; pingpong=0; private_global=1; linkage=7; visibility=0; IO mode=ap_fifo:ce=0
Port [ arpTableInsertFifo_V]:  wired=0; compound=1; hidden=1; nouse=0; global=1; static=1; extern=0; dir=2; type=3; pingpong=0; private_global=1; linkage=7; visibility=0; IO mode=ap_fifo:ce=0
Port [ aps_fsmState]:  wired=0; compound=0; hidden=1; nouse=1; global=1; static=1; extern=0; dir=2; type=0; pingpong=0; private_global=0; linkage=7; visibility=0; IO mode=ap_ovld:ce=0
Port [ inputIP_V]:  wired=0; compound=0; hidden=1; nouse=1; global=1; static=1; extern=0; dir=2; type=0; pingpong=0; private_global=0; linkage=7; visibility=0; IO mode=ap_ovld:ce=0
Port [ replyMeta_srcMac_V]:  wired=0; compound=0; hidden=1; nouse=1; global=1; static=1; extern=0; dir=2; type=0; pingpong=0; private_global=0; linkage=7; visibility=0; IO mode=ap_ovld:ce=0
Port [ replyMeta_ethType_V]:  wired=0; compound=0; hidden=1; nouse=1; global=1; static=1; extern=0; dir=2; type=0; pingpong=0; private_global=0; linkage=7; visibility=0; IO mode=ap_ovld:ce=0
Port [ replyMeta_hwType_V]:  wired=0; compound=0; hidden=1; nouse=1; global=1; static=1; extern=0; dir=2; type=0; pingpong=0; private_global=0; linkage=7; visibility=0; IO mode=ap_ovld:ce=0
Port [ replyMeta_protoType_s]:  wired=0; compound=0; hidden=1; nouse=1; global=1; static=1; extern=0; dir=2; type=0; pingpong=0; private_global=0; linkage=7; visibility=0; IO mode=ap_ovld:ce=0
Port [ replyMeta_hwLen_V]:  wired=0; compound=0; hidden=1; nouse=1; global=1; static=1; extern=0; dir=2; type=0; pingpong=0; private_global=0; linkage=7; visibility=0; IO mode=ap_ovld:ce=0
Port [ replyMeta_protoLen_V]:  wired=0; compound=0; hidden=1; nouse=1; global=1; static=1; extern=0; dir=2; type=0; pingpong=0; private_global=0; linkage=7; visibility=0; IO mode=ap_ovld:ce=0
Port [ replyMeta_hwAddrSrc_s]:  wired=0; compound=0; hidden=1; nouse=1; global=1; static=1; extern=0; dir=2; type=0; pingpong=0; private_global=0; linkage=7; visibility=0; IO mode=ap_ovld:ce=0
Port [ replyMeta_protoAddrS]:  wired=0; compound=0; hidden=1; nouse=1; global=1; static=1; extern=0; dir=2; type=0; pingpong=0; private_global=0; linkage=7; visibility=0; IO mode=ap_ovld:ce=0
Port [ arpRequestFifo_V_V]:  wired=0; compound=1; hidden=1; nouse=0; global=1; static=1; extern=0; dir=2; type=3; pingpong=0; private_global=1; linkage=7; visibility=0; IO mode=ap_fifo:ce=0
---------------- STG Properties END ------------------

---------------- Datapath Model BEGIN ----------------

<LifeTime>
<method=bitvector/>
networkMask_V_c44          (alloca              ) [ 00111111111]
gatewayIP_V_c43            (alloca              ) [ 00111111111]
myIpAddress_V_c42          (alloca              ) [ 00111111111]
myIpAddress_V_c41          (alloca              ) [ 00111111111]
networkMask_V_c            (alloca              ) [ 00111111111]
gatewayIP_V_c              (alloca              ) [ 00111111111]
myIpAddress_V_c40          (alloca              ) [ 00111111111]
myIpAddress_V_c            (alloca              ) [ 00111111111]
myMacAddress_V_c           (alloca              ) [ 00111111111]
call_ln369                 (call                ) [ 00000000000]
call_ln411                 (call                ) [ 00000000000]
call_ln403                 (call                ) [ 00000000000]
call_ln417                 (call                ) [ 00000000000]
specdataflowpipeline_ln369 (specdataflowpipeline) [ 00000000000]
empty                      (specchannel         ) [ 00000000000]
specinterface_ln0          (specinterface       ) [ 00000000000]
empty_17                   (specchannel         ) [ 00000000000]
specinterface_ln0          (specinterface       ) [ 00000000000]
empty_18                   (specchannel         ) [ 00000000000]
specinterface_ln0          (specinterface       ) [ 00000000000]
empty_19                   (specchannel         ) [ 00000000000]
specinterface_ln0          (specinterface       ) [ 00000000000]
empty_20                   (specchannel         ) [ 00000000000]
specinterface_ln0          (specinterface       ) [ 00000000000]
specbitsmap_ln0            (specbitsmap         ) [ 00000000000]
specbitsmap_ln0            (specbitsmap         ) [ 00000000000]
specbitsmap_ln0            (specbitsmap         ) [ 00000000000]
specbitsmap_ln0            (specbitsmap         ) [ 00000000000]
specbitsmap_ln0            (specbitsmap         ) [ 00000000000]
specbitsmap_ln0            (specbitsmap         ) [ 00000000000]
specbitsmap_ln0            (specbitsmap         ) [ 00000000000]
specbitsmap_ln0            (specbitsmap         ) [ 00000000000]
specbitsmap_ln0            (specbitsmap         ) [ 00000000000]
specbitsmap_ln0            (specbitsmap         ) [ 00000000000]
specbitsmap_ln0            (specbitsmap         ) [ 00000000000]
specbitsmap_ln0            (specbitsmap         ) [ 00000000000]
specbitsmap_ln0            (specbitsmap         ) [ 00000000000]
specbitsmap_ln0            (specbitsmap         ) [ 00000000000]
specbitsmap_ln0            (specbitsmap         ) [ 00000000000]
specbitsmap_ln0            (specbitsmap         ) [ 00000000000]
spectopmodule_ln0          (spectopmodule       ) [ 00000000000]
specinterface_ln368        (specinterface       ) [ 00000000000]
specinterface_ln371        (specinterface       ) [ 00000000000]
specinterface_ln372        (specinterface       ) [ 00000000000]
specinterface_ln373        (specinterface       ) [ 00000000000]
specinterface_ln374        (specinterface       ) [ 00000000000]
specinterface_ln377        (specinterface       ) [ 00000000000]
specinterface_ln378        (specinterface       ) [ 00000000000]
specinterface_ln379        (specinterface       ) [ 00000000000]
specinterface_ln380        (specinterface       ) [ 00000000000]
specinterface_ln382        (specinterface       ) [ 00000000000]
empty_21                   (specmemcore         ) [ 00000000000]
empty_22                   (specmemcore         ) [ 00000000000]
empty_23                   (specmemcore         ) [ 00000000000]
specinterface_ln383        (specinterface       ) [ 00000000000]
empty_24                   (specchannel         ) [ 00000000000]
specinterface_ln362        (specinterface       ) [ 00000000000]
empty_25                   (specchannel         ) [ 00000000000]
specinterface_ln363        (specinterface       ) [ 00000000000]
empty_26                   (specchannel         ) [ 00000000000]
specinterface_ln363        (specinterface       ) [ 00000000000]
empty_27                   (specchannel         ) [ 00000000000]
specinterface_ln364        (specinterface       ) [ 00000000000]
empty_28                   (specchannel         ) [ 00000000000]
specinterface_ln365        (specinterface       ) [ 00000000000]
empty_29                   (specchannel         ) [ 00000000000]
specinterface_ln363        (specinterface       ) [ 00000000000]
empty_30                   (specchannel         ) [ 00000000000]
specinterface_ln363        (specinterface       ) [ 00000000000]
empty_31                   (specchannel         ) [ 00000000000]
specinterface_ln364        (specinterface       ) [ 00000000000]
empty_32                   (specchannel         ) [ 00000000000]
specinterface_ln365        (specinterface       ) [ 00000000000]
call_ln426                 (call                ) [ 00000000000]
ret_ln435                  (ret                 ) [ 00000000000]
</LifeTime>

<model>

<comp_list>
<comp id="0" class="1000" name="arpDataIn_V_data_V">
<pin_list>
<pin id="1" dir="1" index="0" bw="1" slack="0"/>
</pin_list>
<bind>
<StgValue><ssdm name="arpDataIn_V_data_V"/></StgValue>
</bind>
</comp>

<comp id="2" class="1000" name="arpDataIn_V_keep_V">
<pin_list>
<pin id="3" dir="1" index="0" bw="1" slack="0"/>
</pin_list>
<bind>
<StgValue><ssdm name="arpDataIn_V_keep_V"/></StgValue>
</bind>
</comp>

<comp id="4" class="1000" name="arpDataIn_V_last_V">
<pin_list>
<pin id="5" dir="1" index="0" bw="1" slack="0"/>
</pin_list>
<bind>
<StgValue><ssdm name="arpDataIn_V_last_V"/></StgValue>
</bind>
</comp>

<comp id="6" class="1000" name="macIpEncode_req_V_V">
<pin_list>
<pin id="7" dir="1" index="0" bw="1" slack="0"/>
</pin_list>
<bind>
<StgValue><ssdm name="macIpEncode_req_V_V"/></StgValue>
</bind>
</comp>

<comp id="8" class="1000" name="arpDataOut_V_data_V">
<pin_list>
<pin id="9" dir="1" index="0" bw="1" slack="0"/>
</pin_list>
<bind>
<StgValue><ssdm name="arpDataOut_V_data_V"/></StgValue>
</bind>
</comp>

<comp id="10" class="1000" name="arpDataOut_V_keep_V">
<pin_list>
<pin id="11" dir="1" index="0" bw="1" slack="0"/>
</pin_list>
<bind>
<StgValue><ssdm name="arpDataOut_V_keep_V"/></StgValue>
</bind>
</comp>

<comp id="12" class="1000" name="arpDataOut_V_last_V">
<pin_list>
<pin id="13" dir="1" index="0" bw="1" slack="0"/>
</pin_list>
<bind>
<StgValue><ssdm name="arpDataOut_V_last_V"/></StgValue>
</bind>
</comp>

<comp id="14" class="1000" name="macIpEncode_rsp_V">
<pin_list>
<pin id="15" dir="1" index="0" bw="1" slack="0"/>
</pin_list>
<bind>
<StgValue><ssdm name="macIpEncode_rsp_V"/></StgValue>
</bind>
</comp>

<comp id="16" class="1000" name="arpTable_macAddress_V">
<pin_list>
<pin id="17" dir="1" index="0" bw="1" slack="0"/>
</pin_list>
<bind>
<StgValue><ssdm name="arpTable_macAddress_V"/><MemPortTyVec>2 </MemPortTyVec>
</StgValue>
</bind>
</comp>

<comp id="18" class="1000" name="arpTable_ipAddress_V">
<pin_list>
<pin id="19" dir="1" index="0" bw="1" slack="0"/>
</pin_list>
<bind>
<StgValue><ssdm name="arpTable_ipAddress_V"/><MemPortTyVec>0 </MemPortTyVec>
</StgValue>
</bind>
</comp>

<comp id="20" class="1000" name="arpTable_valid_V">
<pin_list>
<pin id="21" dir="1" index="0" bw="1" slack="0"/>
</pin_list>
<bind>
<StgValue><ssdm name="arpTable_valid_V"/><MemPortTyVec>2 </MemPortTyVec>
</StgValue>
</bind>
</comp>

<comp id="22" class="1000" name="arp_scan_V">
<pin_list>
<pin id="23" dir="1" index="0" bw="1" slack="0"/>
</pin_list>
<bind>
<StgValue><ssdm name="arp_scan_V"/></StgValue>
</bind>
</comp>

<comp id="24" class="1000" name="myMacAddress_V">
<pin_list>
<pin id="25" dir="1" index="0" bw="1" slack="0"/>
</pin_list>
<bind>
<StgValue><ssdm name="myMacAddress_V"/></StgValue>
</bind>
</comp>

<comp id="26" class="1000" name="myIpAddress_V">
<pin_list>
<pin id="27" dir="1" index="0" bw="1" slack="0"/>
</pin_list>
<bind>
<StgValue><ssdm name="myIpAddress_V"/></StgValue>
</bind>
</comp>

<comp id="28" class="1000" name="gatewayIP_V">
<pin_list>
<pin id="29" dir="1" index="0" bw="1" slack="0"/>
</pin_list>
<bind>
<StgValue><ssdm name="gatewayIP_V"/></StgValue>
</bind>
</comp>

<comp id="30" class="1000" name="networkMask_V">
<pin_list>
<pin id="31" dir="1" index="0" bw="1" slack="0"/>
</pin_list>
<bind>
<StgValue><ssdm name="networkMask_V"/></StgValue>
</bind>
</comp>

<comp id="32" class="1000" name="gia_fsm_state">
<pin_list>
<pin id="33" dir="1" index="0" bw="1" slack="0"/>
</pin_list>
<bind>
<StgValue><ssdm name="gia_fsm_state"/></StgValue>
</bind>
</comp>

<comp id="34" class="1000" name="ip_lsb_V">
<pin_list>
<pin id="35" dir="1" index="0" bw="1" slack="0"/>
</pin_list>
<bind>
<StgValue><ssdm name="ip_lsb_V"/></StgValue>
</bind>
</comp>

<comp id="36" class="1000" name="time_counter_V">
<pin_list>
<pin id="37" dir="1" index="0" bw="1" slack="0"/>
</pin_list>
<bind>
<StgValue><ssdm name="time_counter_V"/></StgValue>
</bind>
</comp>

<comp id="38" class="1000" name="macIpEncode_i_V_V">
<pin_list>
<pin id="39" dir="1" index="0" bw="1" slack="0"/>
</pin_list>
<bind>
<StgValue><ssdm name="macIpEncode_i_V_V"/></StgValue>
</bind>
</comp>

<comp id="40" class="1000" name="macIpEncode_rsp_i_V">
<pin_list>
<pin id="41" dir="1" index="0" bw="1" slack="0"/>
</pin_list>
<bind>
<StgValue><ssdm name="macIpEncode_rsp_i_V"/></StgValue>
</bind>
</comp>

<comp id="42" class="1000" name="arp_scan_1d_V">
<pin_list>
<pin id="43" dir="1" index="0" bw="1" slack="0"/>
</pin_list>
<bind>
<StgValue><ssdm name="arp_scan_1d_V"/></StgValue>
</bind>
</comp>

<comp id="44" class="1000" name="wordCount_V">
<pin_list>
<pin id="45" dir="1" index="0" bw="1" slack="0"/>
</pin_list>
<bind>
<StgValue><ssdm name="wordCount_V"/></StgValue>
</bind>
</comp>

<comp id="46" class="1000" name="arpReplyFifo_V">
<pin_list>
<pin id="47" dir="1" index="0" bw="1" slack="0"/>
</pin_list>
<bind>
<StgValue><ssdm name="arpReplyFifo_V"/></StgValue>
</bind>
</comp>

<comp id="48" class="1000" name="arpTableInsertFifo_V">
<pin_list>
<pin id="49" dir="1" index="0" bw="1" slack="0"/>
</pin_list>
<bind>
<StgValue><ssdm name="arpTableInsertFifo_V"/></StgValue>
</bind>
</comp>

<comp id="50" class="1000" name="aps_fsmState">
<pin_list>
<pin id="51" dir="1" index="0" bw="1" slack="0"/>
</pin_list>
<bind>
<StgValue><ssdm name="aps_fsmState"/></StgValue>
</bind>
</comp>

<comp id="52" class="1000" name="inputIP_V">
<pin_list>
<pin id="53" dir="1" index="0" bw="1" slack="0"/>
</pin_list>
<bind>
<StgValue><ssdm name="inputIP_V"/></StgValue>
</bind>
</comp>

<comp id="54" class="1000" name="replyMeta_srcMac_V">
<pin_list>
<pin id="55" dir="1" index="0" bw="1" slack="0"/>
</pin_list>
<bind>
<StgValue><ssdm name="replyMeta_srcMac_V"/></StgValue>
</bind>
</comp>

<comp id="56" class="1000" name="replyMeta_ethType_V">
<pin_list>
<pin id="57" dir="1" index="0" bw="1" slack="0"/>
</pin_list>
<bind>
<StgValue><ssdm name="replyMeta_ethType_V"/></StgValue>
</bind>
</comp>

<comp id="58" class="1000" name="replyMeta_hwType_V">
<pin_list>
<pin id="59" dir="1" index="0" bw="1" slack="0"/>
</pin_list>
<bind>
<StgValue><ssdm name="replyMeta_hwType_V"/></StgValue>
</bind>
</comp>

<comp id="60" class="1000" name="replyMeta_protoType_s">
<pin_list>
<pin id="61" dir="1" index="0" bw="1" slack="0"/>
</pin_list>
<bind>
<StgValue><ssdm name="replyMeta_protoType_s"/></StgValue>
</bind>
</comp>

<comp id="62" class="1000" name="replyMeta_hwLen_V">
<pin_list>
<pin id="63" dir="1" index="0" bw="1" slack="0"/>
</pin_list>
<bind>
<StgValue><ssdm name="replyMeta_hwLen_V"/></StgValue>
</bind>
</comp>

<comp id="64" class="1000" name="replyMeta_protoLen_V">
<pin_list>
<pin id="65" dir="1" index="0" bw="1" slack="0"/>
</pin_list>
<bind>
<StgValue><ssdm name="replyMeta_protoLen_V"/></StgValue>
</bind>
</comp>

<comp id="66" class="1000" name="replyMeta_hwAddrSrc_s">
<pin_list>
<pin id="67" dir="1" index="0" bw="1" slack="0"/>
</pin_list>
<bind>
<StgValue><ssdm name="replyMeta_hwAddrSrc_s"/></StgValue>
</bind>
</comp>

<comp id="68" class="1000" name="replyMeta_protoAddrS">
<pin_list>
<pin id="69" dir="1" index="0" bw="1" slack="0"/>
</pin_list>
<bind>
<StgValue><ssdm name="replyMeta_protoAddrS"/></StgValue>
</bind>
</comp>

<comp id="70" class="1000" name="arpRequestFifo_V_V">
<pin_list>
<pin id="71" dir="1" index="0" bw="1" slack="0"/>
</pin_list>
<bind>
<StgValue><ssdm name="arpRequestFifo_V_V"/></StgValue>
</bind>
</comp>

<comp id="72" class="1001" name="const_72">
<pin_list>
<pin id="73" dir="1" index="0" bw="1" slack="0"/>
</pin_list>
<bind>
<StgValue><ssdm name=""/></StgValue>
</bind>
</comp>

<comp id="74" class="1001" name="const_74">
<pin_list>
<pin id="75" dir="1" index="0" bw="1" slack="0"/>
</pin_list>
<bind>
<StgValue><ssdm name="arp_server.entry174"/></StgValue>
</bind>
</comp>

<comp id="76" class="1001" name="const_76">
<pin_list>
<pin id="77" dir="1" index="0" bw="1" slack="0"/>
</pin_list>
<bind>
<StgValue><ssdm name="arp_pkg_receiver"/></StgValue>
</bind>
</comp>

<comp id="78" class="1001" name="const_78">
<pin_list>
<pin id="79" dir="1" index="0" bw="1" slack="0"/>
</pin_list>
<bind>
<StgValue><ssdm name="genARPDiscovery"/></StgValue>
</bind>
</comp>

<comp id="80" class="1001" name="const_80">
<pin_list>
<pin id="81" dir="1" index="0" bw="1" slack="0"/>
</pin_list>
<bind>
<StgValue><ssdm name="arp_pkg_sender"/></StgValue>
</bind>
</comp>

<comp id="82" class="1001" name="const_82">
<pin_list>
<pin id="83" dir="1" index="0" bw="1" slack="0"/>
</pin_list>
<bind>
<StgValue><ssdm name="arp_table"/></StgValue>
</bind>
</comp>

<comp id="84" class="1001" name="const_84">
<pin_list>
<pin id="85" dir="1" index="0" bw="1" slack="2147483647"/>
</pin_list>
<bind>
<StgValue><ssdm name="_ssdm_op_SpecDataflowPipeline"/></StgValue>
</bind>
</comp>

<comp id="86" class="1001" name="const_86">
<pin_list>
<pin id="87" dir="1" index="0" bw="1" slack="2147483647"/>
</pin_list>
<bind>
<StgValue><ssdm name=""/></StgValue>
</bind>
</comp>

<comp id="88" class="1001" name="const_88">
<pin_list>
<pin id="89" dir="1" index="0" bw="1" slack="2147483647"/>
</pin_list>
<bind>
<StgValue><ssdm name=""/></StgValue>
</bind>
</comp>

<comp id="90" class="1001" name="const_90">
<pin_list>
<pin id="91" dir="1" index="0" bw="1" slack="2147483647"/>
</pin_list>
<bind>
<StgValue><ssdm name="p_str"/></StgValue>
</bind>
</comp>

<comp id="92" class="1001" name="const_92">
<pin_list>
<pin id="93" dir="1" index="0" bw="1" slack="2147483647"/>
</pin_list>
<bind>
<StgValue><ssdm name="_ssdm_op_SpecChannel"/></StgValue>
</bind>
</comp>

<comp id="94" class="1001" name="const_94">
<pin_list>
<pin id="95" dir="1" index="0" bw="1" slack="2147483647"/>
</pin_list>
<bind>
<StgValue><ssdm name="arpReplyFifo_OC_V_st"/></StgValue>
</bind>
</comp>

<comp id="96" class="1001" name="const_96">
<pin_list>
<pin id="97" dir="1" index="0" bw="1" slack="2147483647"/>
</pin_list>
<bind>
<StgValue><ssdm name=""/></StgValue>
</bind>
</comp>

<comp id="98" class="1001" name="const_98">
<pin_list>
<pin id="99" dir="1" index="0" bw="1" slack="2147483647"/>
</pin_list>
<bind>
<StgValue><ssdm name=""/></StgValue>
</bind>
</comp>

<comp id="100" class="1001" name="const_100">
<pin_list>
<pin id="101" dir="1" index="0" bw="1" slack="2147483647"/>
</pin_list>
<bind>
<StgValue><ssdm name="_ssdm_op_SpecInterface"/></StgValue>
</bind>
</comp>

<comp id="102" class="1001" name="const_102">
<pin_list>
<pin id="103" dir="1" index="0" bw="1" slack="2147483647"/>
</pin_list>
<bind>
<StgValue><ssdm name="ap_fifo_str"/></StgValue>
</bind>
</comp>

<comp id="104" class="1001" name="const_104">
<pin_list>
<pin id="105" dir="1" index="0" bw="1" slack="2147483647"/>
</pin_list>
<bind>
<StgValue><ssdm name=""/></StgValue>
</bind>
</comp>

<comp id="106" class="1001" name="const_106">
<pin_list>
<pin id="107" dir="1" index="0" bw="1" slack="2147483647"/>
</pin_list>
<bind>
<StgValue><ssdm name=""/></StgValue>
</bind>
</comp>

<comp id="108" class="1001" name="const_108">
<pin_list>
<pin id="109" dir="1" index="0" bw="1" slack="2147483647"/>
</pin_list>
<bind>
<StgValue><ssdm name="arpRequestFifo_OC_V_s"/></StgValue>
</bind>
</comp>

<comp id="110" class="1001" name="const_110">
<pin_list>
<pin id="111" dir="1" index="0" bw="1" slack="2147483647"/>
</pin_list>
<bind>
<StgValue><ssdm name="arpTableInsertFifo_O"/></StgValue>
</bind>
</comp>

<comp id="112" class="1001" name="const_112">
<pin_list>
<pin id="113" dir="1" index="0" bw="1" slack="2147483647"/>
</pin_list>
<bind>
<StgValue><ssdm name="macIpEncode_i_OC_V_O"/></StgValue>
</bind>
</comp>

<comp id="114" class="1001" name="const_114">
<pin_list>
<pin id="115" dir="1" index="0" bw="1" slack="2147483647"/>
</pin_list>
<bind>
<StgValue><ssdm name="macIpEncode_rsp_i_OC"/></StgValue>
</bind>
</comp>

<comp id="116" class="1001" name="const_116">
<pin_list>
<pin id="117" dir="1" index="0" bw="1" slack="2147483647"/>
</pin_list>
<bind>
<StgValue><ssdm name="_ssdm_op_SpecBitsMap"/></StgValue>
</bind>
</comp>

<comp id="118" class="1001" name="const_118">
<pin_list>
<pin id="119" dir="1" index="0" bw="1" slack="2147483647"/>
</pin_list>
<bind>
<StgValue><ssdm name="_ssdm_op_SpecTopModule"/></StgValue>
</bind>
</comp>

<comp id="120" class="1001" name="const_120">
<pin_list>
<pin id="121" dir="1" index="0" bw="1" slack="2147483647"/>
</pin_list>
<bind>
<StgValue><ssdm name="arp_server_str"/></StgValue>
</bind>
</comp>

<comp id="122" class="1001" name="const_122">
<pin_list>
<pin id="123" dir="1" index="0" bw="1" slack="2147483647"/>
</pin_list>
<bind>
<StgValue><ssdm name="p_str23"/></StgValue>
</bind>
</comp>

<comp id="124" class="1001" name="const_124">
<pin_list>
<pin id="125" dir="1" index="0" bw="1" slack="2147483647"/>
</pin_list>
<bind>
<StgValue><ssdm name="p_str24"/></StgValue>
</bind>
</comp>

<comp id="126" class="1001" name="const_126">
<pin_list>
<pin id="127" dir="1" index="0" bw="1" slack="2147483647"/>
</pin_list>
<bind>
<StgValue><ssdm name="p_str25"/></StgValue>
</bind>
</comp>

<comp id="128" class="1001" name="const_128">
<pin_list>
<pin id="129" dir="1" index="0" bw="1" slack="2147483647"/>
</pin_list>
<bind>
<StgValue><ssdm name="p_str26"/></StgValue>
</bind>
</comp>

<comp id="130" class="1001" name="const_130">
<pin_list>
<pin id="131" dir="1" index="0" bw="1" slack="2147483647"/>
</pin_list>
<bind>
<StgValue><ssdm name="p_str27"/></StgValue>
</bind>
</comp>

<comp id="132" class="1001" name="const_132">
<pin_list>
<pin id="133" dir="1" index="0" bw="1" slack="2147483647"/>
</pin_list>
<bind>
<StgValue><ssdm name="_ssdm_op_SpecMemCore"/></StgValue>
</bind>
</comp>

<comp id="134" class="1001" name="const_134">
<pin_list>
<pin id="135" dir="1" index="0" bw="1" slack="2147483647"/>
</pin_list>
<bind>
<StgValue><ssdm name="RAM_1P_str"/></StgValue>
</bind>
</comp>

<comp id="136" class="1001" name="const_136">
<pin_list>
<pin id="137" dir="1" index="0" bw="1" slack="2147483647"/>
</pin_list>
<bind>
<StgValue><ssdm name="myMacAddress_OC_V_c_s"/></StgValue>
</bind>
</comp>

<comp id="138" class="1001" name="const_138">
<pin_list>
<pin id="139" dir="1" index="0" bw="1" slack="2147483647"/>
</pin_list>
<bind>
<StgValue><ssdm name=""/></StgValue>
</bind>
</comp>

<comp id="140" class="1001" name="const_140">
<pin_list>
<pin id="141" dir="1" index="0" bw="1" slack="2147483647"/>
</pin_list>
<bind>
<StgValue><ssdm name="myIpAddress_OC_V_c_s"/></StgValue>
</bind>
</comp>

<comp id="142" class="1001" name="const_142">
<pin_list>
<pin id="143" dir="1" index="0" bw="1" slack="2147483647"/>
</pin_list>
<bind>
<StgValue><ssdm name="myIpAddress_OC_V_c40"/></StgValue>
</bind>
</comp>

<comp id="144" class="1001" name="const_144">
<pin_list>
<pin id="145" dir="1" index="0" bw="1" slack="2147483647"/>
</pin_list>
<bind>
<StgValue><ssdm name="gatewayIP_OC_V_c_str"/></StgValue>
</bind>
</comp>

<comp id="146" class="1001" name="const_146">
<pin_list>
<pin id="147" dir="1" index="0" bw="1" slack="2147483647"/>
</pin_list>
<bind>
<StgValue><ssdm name="networkMask_OC_V_c_s"/></StgValue>
</bind>
</comp>

<comp id="148" class="1001" name="const_148">
<pin_list>
<pin id="149" dir="1" index="0" bw="1" slack="2147483647"/>
</pin_list>
<bind>
<StgValue><ssdm name="myIpAddress_OC_V_c41"/></StgValue>
</bind>
</comp>

<comp id="150" class="1001" name="const_150">
<pin_list>
<pin id="151" dir="1" index="0" bw="1" slack="2147483647"/>
</pin_list>
<bind>
<StgValue><ssdm name="myIpAddress_OC_V_c42"/></StgValue>
</bind>
</comp>

<comp id="152" class="1001" name="const_152">
<pin_list>
<pin id="153" dir="1" index="0" bw="1" slack="2147483647"/>
</pin_list>
<bind>
<StgValue><ssdm name="gatewayIP_OC_V_c43_s"/></StgValue>
</bind>
</comp>

<comp id="154" class="1001" name="const_154">
<pin_list>
<pin id="155" dir="1" index="0" bw="1" slack="2147483647"/>
</pin_list>
<bind>
<StgValue><ssdm name="networkMask_OC_V_c44"/></StgValue>
</bind>
</comp>

<comp id="156" class="1004" name="networkMask_V_c44_fu_156">
<pin_list>
<pin id="157" dir="0" index="0" bw="1" slack="0"/>
<pin id="158" dir="1" index="1" bw="32" slack="4"/>
</pin_list>
<bind>
<opcode="alloca(26) " fcode="alloca"/>
<opset="networkMask_V_c44/1 "/>
</bind>
</comp>

<comp id="160" class="1004" name="gatewayIP_V_c43_fu_160">
<pin_list>
<pin id="161" dir="0" index="0" bw="1" slack="0"/>
<pin id="162" dir="1" index="1" bw="32" slack="4"/>
</pin_list>
<bind>
<opcode="alloca(26) " fcode="alloca"/>
<opset="gatewayIP_V_c43/1 "/>
</bind>
</comp>

<comp id="164" class="1004" name="myIpAddress_V_c42_fu_164">
<pin_list>
<pin id="165" dir="0" index="0" bw="1" slack="0"/>
<pin id="166" dir="1" index="1" bw="32" slack="4"/>
</pin_list>
<bind>
<opcode="alloca(26) " fcode="alloca"/>
<opset="myIpAddress_V_c42/1 "/>
</bind>
</comp>

<comp id="168" class="1004" name="myIpAddress_V_c41_fu_168">
<pin_list>
<pin id="169" dir="0" index="0" bw="1" slack="0"/>
<pin id="170" dir="1" index="1" bw="32" slack="2"/>
</pin_list>
<bind>
<opcode="alloca(26) " fcode="alloca"/>
<opset="myIpAddress_V_c41/1 "/>
</bind>
</comp>

<comp id="172" class="1004" name="networkMask_V_c_fu_172">
<pin_list>
<pin id="173" dir="0" index="0" bw="1" slack="0"/>
<pin id="174" dir="1" index="1" bw="32" slack="1"/>
</pin_list>
<bind>
<opcode="alloca(26) " fcode="alloca"/>
<opset="networkMask_V_c/1 "/>
</bind>
</comp>

<comp id="176" class="1004" name="gatewayIP_V_c_fu_176">
<pin_list>
<pin id="177" dir="0" index="0" bw="1" slack="0"/>
<pin id="178" dir="1" index="1" bw="32" slack="1"/>
</pin_list>
<bind>
<opcode="alloca(26) " fcode="alloca"/>
<opset="gatewayIP_V_c/1 "/>
</bind>
</comp>

<comp id="180" class="1004" name="myIpAddress_V_c40_fu_180">
<pin_list>
<pin id="181" dir="0" index="0" bw="1" slack="0"/>
<pin id="182" dir="1" index="1" bw="32" slack="1"/>
</pin_list>
<bind>
<opcode="alloca(26) " fcode="alloca"/>
<opset="myIpAddress_V_c40/1 "/>
</bind>
</comp>

<comp id="184" class="1004" name="myIpAddress_V_c_fu_184">
<pin_list>
<pin id="185" dir="0" index="0" bw="1" slack="0"/>
<pin id="186" dir="1" index="1" bw="32" slack="1"/>
</pin_list>
<bind>
<opcode="alloca(26) " fcode="alloca"/>
<opset="myIpAddress_V_c/1 "/>
</bind>
</comp>

<comp id="188" class="1004" name="myMacAddress_V_c_fu_188">
<pin_list>
<pin id="189" dir="0" index="0" bw="1" slack="0"/>
<pin id="190" dir="1" index="1" bw="48" slack="1"/>
</pin_list>
<bind>
<opcode="alloca(26) " fcode="alloca"/>
<opset="myMacAddress_V_c/1 "/>
</bind>
</comp>

<comp id="192" class="1004" name="grp_arp_pkg_sender_fu_192">
<pin_list>
<pin id="193" dir="0" index="0" bw="0" slack="0"/>
<pin id="194" dir="0" index="1" bw="512" slack="0"/>
<pin id="195" dir="0" index="2" bw="64" slack="0"/>
<pin id="196" dir="0" index="3" bw="1" slack="0"/>
<pin id="197" dir="0" index="4" bw="48" slack="4"/>
<pin id="198" dir="0" index="5" bw="32" slack="4"/>
<pin id="199" dir="0" index="6" bw="32" slack="4"/>
<pin id="200" dir="0" index="7" bw="32" slack="4"/>
<pin id="201" dir="0" index="8" bw="32" slack="4"/>
<pin id="202" dir="0" index="9" bw="32" slack="4"/>
<pin id="203" dir="0" index="10" bw="32" slack="4"/>
<pin id="204" dir="0" index="11" bw="2" slack="0"/>
<pin id="205" dir="0" index="12" bw="32" slack="0"/>
<pin id="206" dir="0" index="13" bw="192" slack="0"/>
<pin id="207" dir="0" index="14" bw="48" slack="0"/>
<pin id="208" dir="0" index="15" bw="16" slack="0"/>
<pin id="209" dir="0" index="16" bw="16" slack="0"/>
<pin id="210" dir="0" index="17" bw="16" slack="0"/>
<pin id="211" dir="0" index="18" bw="8" slack="0"/>
<pin id="212" dir="0" index="19" bw="8" slack="0"/>
<pin id="213" dir="0" index="20" bw="48" slack="0"/>
<pin id="214" dir="0" index="21" bw="32" slack="0"/>
<pin id="215" dir="0" index="22" bw="32" slack="0"/>
<pin id="216" dir="1" index="23" bw="0" slack="2147483647"/>
</pin_list>
<bind>
<opcode="call(48) " fcode="call"/>
<opset="call_ln417/5 "/>
</bind>
</comp>

<comp id="233" class="1004" name="grp_arp_table_fu_233">
<pin_list>
<pin id="234" dir="0" index="0" bw="0" slack="0"/>
<pin id="235" dir="0" index="1" bw="48" slack="0"/>
<pin id="236" dir="0" index="2" bw="32" slack="0"/>
<pin id="237" dir="0" index="3" bw="1" slack="0"/>
<pin id="238" dir="0" index="4" bw="32" slack="7"/>
<pin id="239" dir="0" index="5" bw="32" slack="7"/>
<pin id="240" dir="0" index="6" bw="32" slack="7"/>
<pin id="241" dir="0" index="7" bw="81" slack="0"/>
<pin id="242" dir="0" index="8" bw="32" slack="0"/>
<pin id="243" dir="0" index="9" bw="32" slack="0"/>
<pin id="244" dir="0" index="10" bw="49" slack="0"/>
<pin id="245" dir="1" index="11" bw="0" slack="2147483647"/>
</pin_list>
<bind>
<opcode="call(48) " fcode="call"/>
<opset="call_ln426/8 "/>
</bind>
</comp>

<comp id="254" class="1004" name="grp_arp_pkg_receiver_fu_254">
<pin_list>
<pin id="255" dir="0" index="0" bw="0" slack="0"/>
<pin id="256" dir="0" index="1" bw="512" slack="0"/>
<pin id="257" dir="0" index="2" bw="64" slack="0"/>
<pin id="258" dir="0" index="3" bw="1" slack="0"/>
<pin id="259" dir="0" index="4" bw="32" slack="2"/>
<pin id="260" dir="0" index="5" bw="32" slack="2"/>
<pin id="261" dir="0" index="6" bw="4" slack="0"/>
<pin id="262" dir="0" index="7" bw="192" slack="0"/>
<pin id="263" dir="0" index="8" bw="81" slack="0"/>
<pin id="264" dir="1" index="9" bw="0" slack="2147483647"/>
</pin_list>
<bind>
<opcode="call(48) " fcode="call"/>
<opset="call_ln411/3 "/>
</bind>
</comp>

<comp id="272" class="1004" name="grp_genARPDiscovery_fu_272">
<pin_list>
<pin id="273" dir="0" index="0" bw="0" slack="0"/>
<pin id="274" dir="0" index="1" bw="32" slack="0"/>
<pin id="275" dir="0" index="2" bw="56" slack="0"/>
<pin id="276" dir="0" index="3" bw="1" slack="0"/>
<pin id="277" dir="0" index="4" bw="32" slack="4"/>
<pin id="278" dir="0" index="5" bw="3" slack="0"/>
<pin id="279" dir="0" index="6" bw="8" slack="0"/>
<pin id="280" dir="0" index="7" bw="32" slack="0"/>
<pin id="281" dir="0" index="8" bw="32" slack="0"/>
<pin id="282" dir="0" index="9" bw="49" slack="0"/>
<pin id="283" dir="0" index="10" bw="1" slack="0"/>
<pin id="284" dir="1" index="11" bw="0" slack="2147483647"/>
</pin_list>
<bind>
<opcode="call(48) " fcode="call"/>
<opset="call_ln403/5 "/>
</bind>
</comp>

<comp id="295" class="1004" name="call_ln369_arp_server_entry174_fu_295">
<pin_list>
<pin id="296" dir="0" index="0" bw="0" slack="0"/>
<pin id="297" dir="0" index="1" bw="48" slack="0"/>
<pin id="298" dir="0" index="2" bw="32" slack="0"/>
<pin id="299" dir="0" index="3" bw="32" slack="0"/>
<pin id="300" dir="0" index="4" bw="32" slack="0"/>
<pin id="301" dir="0" index="5" bw="48" slack="1"/>
<pin id="302" dir="0" index="6" bw="32" slack="1"/>
<pin id="303" dir="0" index="7" bw="32" slack="1"/>
<pin id="304" dir="0" index="8" bw="32" slack="1"/>
<pin id="305" dir="0" index="9" bw="32" slack="1"/>
<pin id="306" dir="1" index="10" bw="0" slack="2147483647"/>
</pin_list>
<bind>
<opcode="call(48) " fcode="call"/>
<opset="call_ln369/2 "/>
</bind>
</comp>

<comp id="312" class="1005" name="networkMask_V_c44_reg_312">
<pin_list>
<pin id="313" dir="0" index="0" bw="32" slack="4"/>
<pin id="314" dir="1" index="1" bw="32" slack="4"/>
</pin_list>
<bind>
<opset="networkMask_V_c44 "/>
</bind>
</comp>

<comp id="318" class="1005" name="gatewayIP_V_c43_reg_318">
<pin_list>
<pin id="319" dir="0" index="0" bw="32" slack="4"/>
<pin id="320" dir="1" index="1" bw="32" slack="4"/>
</pin_list>
<bind>
<opset="gatewayIP_V_c43 "/>
</bind>
</comp>

<comp id="324" class="1005" name="myIpAddress_V_c42_reg_324">
<pin_list>
<pin id="325" dir="0" index="0" bw="32" slack="4"/>
<pin id="326" dir="1" index="1" bw="32" slack="4"/>
</pin_list>
<bind>
<opset="myIpAddress_V_c42 "/>
</bind>
</comp>

<comp id="330" class="1005" name="myIpAddress_V_c41_reg_330">
<pin_list>
<pin id="331" dir="0" index="0" bw="32" slack="2"/>
<pin id="332" dir="1" index="1" bw="32" slack="2"/>
</pin_list>
<bind>
<opset="myIpAddress_V_c41 "/>
</bind>
</comp>

<comp id="336" class="1005" name="networkMask_V_c_reg_336">
<pin_list>
<pin id="337" dir="0" index="0" bw="32" slack="1"/>
<pin id="338" dir="1" index="1" bw="32" slack="1"/>
</pin_list>
<bind>
<opset="networkMask_V_c "/>
</bind>
</comp>

<comp id="342" class="1005" name="gatewayIP_V_c_reg_342">
<pin_list>
<pin id="343" dir="0" index="0" bw="32" slack="1"/>
<pin id="344" dir="1" index="1" bw="32" slack="1"/>
</pin_list>
<bind>
<opset="gatewayIP_V_c "/>
</bind>
</comp>

<comp id="348" class="1005" name="myIpAddress_V_c40_reg_348">
<pin_list>
<pin id="349" dir="0" index="0" bw="32" slack="1"/>
<pin id="350" dir="1" index="1" bw="32" slack="1"/>
</pin_list>
<bind>
<opset="myIpAddress_V_c40 "/>
</bind>
</comp>

<comp id="354" class="1005" name="myIpAddress_V_c_reg_354">
<pin_list>
<pin id="355" dir="0" index="0" bw="32" slack="1"/>
<pin id="356" dir="1" index="1" bw="32" slack="1"/>
</pin_list>
<bind>
<opset="myIpAddress_V_c "/>
</bind>
</comp>

<comp id="360" class="1005" name="myMacAddress_V_c_reg_360">
<pin_list>
<pin id="361" dir="0" index="0" bw="48" slack="1"/>
<pin id="362" dir="1" index="1" bw="48" slack="1"/>
</pin_list>
<bind>
<opset="myMacAddress_V_c "/>
</bind>
</comp>

</comp_list>

<net_list>
<net id="159"><net_src comp="72" pin="0"/><net_sink comp="156" pin=0"/></net>

<net id="163"><net_src comp="72" pin="0"/><net_sink comp="160" pin=0"/></net>

<net id="167"><net_src comp="72" pin="0"/><net_sink comp="164" pin=0"/></net>

<net id="171"><net_src comp="72" pin="0"/><net_sink comp="168" pin=0"/></net>

<net id="175"><net_src comp="72" pin="0"/><net_sink comp="172" pin=0"/></net>

<net id="179"><net_src comp="72" pin="0"/><net_sink comp="176" pin=0"/></net>

<net id="183"><net_src comp="72" pin="0"/><net_sink comp="180" pin=0"/></net>

<net id="187"><net_src comp="72" pin="0"/><net_sink comp="184" pin=0"/></net>

<net id="191"><net_src comp="72" pin="0"/><net_sink comp="188" pin=0"/></net>

<net id="217"><net_src comp="80" pin="0"/><net_sink comp="192" pin=0"/></net>

<net id="218"><net_src comp="8" pin="0"/><net_sink comp="192" pin=1"/></net>

<net id="219"><net_src comp="10" pin="0"/><net_sink comp="192" pin=2"/></net>

<net id="220"><net_src comp="12" pin="0"/><net_sink comp="192" pin=3"/></net>

<net id="221"><net_src comp="50" pin="0"/><net_sink comp="192" pin=11"/></net>

<net id="222"><net_src comp="52" pin="0"/><net_sink comp="192" pin=12"/></net>

<net id="223"><net_src comp="46" pin="0"/><net_sink comp="192" pin=13"/></net>

<net id="224"><net_src comp="54" pin="0"/><net_sink comp="192" pin=14"/></net>

<net id="225"><net_src comp="56" pin="0"/><net_sink comp="192" pin=15"/></net>

<net id="226"><net_src comp="58" pin="0"/><net_sink comp="192" pin=16"/></net>

<net id="227"><net_src comp="60" pin="0"/><net_sink comp="192" pin=17"/></net>

<net id="228"><net_src comp="62" pin="0"/><net_sink comp="192" pin=18"/></net>

<net id="229"><net_src comp="64" pin="0"/><net_sink comp="192" pin=19"/></net>

<net id="230"><net_src comp="66" pin="0"/><net_sink comp="192" pin=20"/></net>

<net id="231"><net_src comp="68" pin="0"/><net_sink comp="192" pin=21"/></net>

<net id="232"><net_src comp="70" pin="0"/><net_sink comp="192" pin=22"/></net>

<net id="246"><net_src comp="82" pin="0"/><net_sink comp="233" pin=0"/></net>

<net id="247"><net_src comp="16" pin="0"/><net_sink comp="233" pin=1"/></net>

<net id="248"><net_src comp="18" pin="0"/><net_sink comp="233" pin=2"/></net>

<net id="249"><net_src comp="20" pin="0"/><net_sink comp="233" pin=3"/></net>

<net id="250"><net_src comp="48" pin="0"/><net_sink comp="233" pin=7"/></net>

<net id="251"><net_src comp="38" pin="0"/><net_sink comp="233" pin=8"/></net>

<net id="252"><net_src comp="70" pin="0"/><net_sink comp="233" pin=9"/></net>

<net id="253"><net_src comp="40" pin="0"/><net_sink comp="233" pin=10"/></net>

<net id="265"><net_src comp="76" pin="0"/><net_sink comp="254" pin=0"/></net>

<net id="266"><net_src comp="0" pin="0"/><net_sink comp="254" pin=1"/></net>

<net id="267"><net_src comp="2" pin="0"/><net_sink comp="254" pin=2"/></net>

<net id="268"><net_src comp="4" pin="0"/><net_sink comp="254" pin=3"/></net>

<net id="269"><net_src comp="44" pin="0"/><net_sink comp="254" pin=6"/></net>

<net id="270"><net_src comp="46" pin="0"/><net_sink comp="254" pin=7"/></net>

<net id="271"><net_src comp="48" pin="0"/><net_sink comp="254" pin=8"/></net>

<net id="285"><net_src comp="78" pin="0"/><net_sink comp="272" pin=0"/></net>

<net id="286"><net_src comp="6" pin="0"/><net_sink comp="272" pin=1"/></net>

<net id="287"><net_src comp="14" pin="0"/><net_sink comp="272" pin=2"/></net>

<net id="288"><net_src comp="22" pin="0"/><net_sink comp="272" pin=3"/></net>

<net id="289"><net_src comp="32" pin="0"/><net_sink comp="272" pin=5"/></net>

<net id="290"><net_src comp="34" pin="0"/><net_sink comp="272" pin=6"/></net>

<net id="291"><net_src comp="36" pin="0"/><net_sink comp="272" pin=7"/></net>

<net id="292"><net_src comp="38" pin="0"/><net_sink comp="272" pin=8"/></net>

<net id="293"><net_src comp="40" pin="0"/><net_sink comp="272" pin=9"/></net>

<net id="294"><net_src comp="42" pin="0"/><net_sink comp="272" pin=10"/></net>

<net id="307"><net_src comp="74" pin="0"/><net_sink comp="295" pin=0"/></net>

<net id="308"><net_src comp="24" pin="0"/><net_sink comp="295" pin=1"/></net>

<net id="309"><net_src comp="26" pin="0"/><net_sink comp="295" pin=2"/></net>

<net id="310"><net_src comp="28" pin="0"/><net_sink comp="295" pin=3"/></net>

<net id="311"><net_src comp="30" pin="0"/><net_sink comp="295" pin=4"/></net>

<net id="315"><net_src comp="156" pin="1"/><net_sink comp="312" pin=0"/></net>

<net id="316"><net_src comp="312" pin="1"/><net_sink comp="192" pin=10"/></net>

<net id="317"><net_src comp="312" pin="1"/><net_sink comp="233" pin=6"/></net>

<net id="321"><net_src comp="160" pin="1"/><net_sink comp="318" pin=0"/></net>

<net id="322"><net_src comp="318" pin="1"/><net_sink comp="192" pin=9"/></net>

<net id="323"><net_src comp="318" pin="1"/><net_sink comp="233" pin=5"/></net>

<net id="327"><net_src comp="164" pin="1"/><net_sink comp="324" pin=0"/></net>

<net id="328"><net_src comp="324" pin="1"/><net_sink comp="192" pin=8"/></net>

<net id="329"><net_src comp="324" pin="1"/><net_sink comp="233" pin=4"/></net>

<net id="333"><net_src comp="168" pin="1"/><net_sink comp="330" pin=0"/></net>

<net id="334"><net_src comp="330" pin="1"/><net_sink comp="254" pin=5"/></net>

<net id="335"><net_src comp="330" pin="1"/><net_sink comp="192" pin=5"/></net>

<net id="339"><net_src comp="172" pin="1"/><net_sink comp="336" pin=0"/></net>

<net id="340"><net_src comp="336" pin="1"/><net_sink comp="295" pin=9"/></net>

<net id="341"><net_src comp="336" pin="1"/><net_sink comp="192" pin=7"/></net>

<net id="345"><net_src comp="176" pin="1"/><net_sink comp="342" pin=0"/></net>

<net id="346"><net_src comp="342" pin="1"/><net_sink comp="295" pin=8"/></net>

<net id="347"><net_src comp="342" pin="1"/><net_sink comp="192" pin=6"/></net>

<net id="351"><net_src comp="180" pin="1"/><net_sink comp="348" pin=0"/></net>

<net id="352"><net_src comp="348" pin="1"/><net_sink comp="295" pin=7"/></net>

<net id="353"><net_src comp="348" pin="1"/><net_sink comp="254" pin=4"/></net>

<net id="357"><net_src comp="184" pin="1"/><net_sink comp="354" pin=0"/></net>

<net id="358"><net_src comp="354" pin="1"/><net_sink comp="295" pin=6"/></net>

<net id="359"><net_src comp="354" pin="1"/><net_sink comp="272" pin=4"/></net>

<net id="363"><net_src comp="188" pin="1"/><net_sink comp="360" pin=0"/></net>

<net id="364"><net_src comp="360" pin="1"/><net_sink comp="295" pin=5"/></net>

<net id="365"><net_src comp="360" pin="1"/><net_sink comp="192" pin=4"/></net>

</net_list>

</model> 
---------------- Datapath Model END ------------------

* FSMD analyzer results:
  - Output states:
	Port: arpDataOut_V_data_V | {7 }
	Port: arpDataOut_V_keep_V | {7 }
	Port: arpDataOut_V_last_V | {7 }
	Port: macIpEncode_rsp_V | {7 }
	Port: arpTable_macAddress_V | {8 }
	Port: arpTable_ipAddress_V | {10 }
	Port: arpTable_valid_V | {8 }
	Port: arp_scan_V | {5 }
	Port: gia_fsm_state | {5 }
	Port: ip_lsb_V | {5 }
	Port: time_counter_V | {5 }
	Port: macIpEncode_i_V_V | {6 }
	Port: macIpEncode_rsp_i_V | {9 }
	Port: arp_scan_1d_V | {6 }
	Port: wordCount_V | {3 }
	Port: arpReplyFifo_V | {4 }
	Port: arpTableInsertFifo_V | {4 }
	Port: aps_fsmState | {5 }
	Port: inputIP_V | {6 }
	Port: replyMeta_srcMac_V | {5 }
	Port: replyMeta_ethType_V | {5 }
	Port: replyMeta_hwType_V | {5 }
	Port: replyMeta_protoType_s | {5 }
	Port: replyMeta_hwLen_V | {5 }
	Port: replyMeta_protoLen_V | {5 }
	Port: replyMeta_hwAddrSrc_s | {5 }
	Port: replyMeta_protoAddrS | {5 }
	Port: arpRequestFifo_V_V | {10 }
 - Input state : 
	Port: arp_server : arpDataIn_V_data_V | {3 }
	Port: arp_server : arpDataIn_V_keep_V | {3 }
	Port: arp_server : arpDataIn_V_last_V | {3 }
	Port: arp_server : macIpEncode_req_V_V | {5 }
	Port: arp_server : arpTable_macAddress_V | {8 9 }
	Port: arp_server : arpTable_valid_V | {8 9 }
	Port: arp_server : arp_scan_V | {5 }
	Port: arp_server : myMacAddress_V | {2 }
	Port: arp_server : myIpAddress_V | {2 }
	Port: arp_server : gatewayIP_V | {2 }
	Port: arp_server : networkMask_V | {2 }
	Port: arp_server : gia_fsm_state | {5 }
	Port: arp_server : ip_lsb_V | {5 }
	Port: arp_server : time_counter_V | {5 }
	Port: arp_server : macIpEncode_i_V_V | {8 }
	Port: arp_server : macIpEncode_rsp_i_V | {5 }
	Port: arp_server : arp_scan_1d_V | {5 }
	Port: arp_server : wordCount_V | {3 }
	Port: arp_server : arpReplyFifo_V | {5 }
	Port: arp_server : arpTableInsertFifo_V | {8 }
	Port: arp_server : aps_fsmState | {5 }
	Port: arp_server : inputIP_V | {6 }
	Port: arp_server : replyMeta_srcMac_V | {6 }
	Port: arp_server : replyMeta_ethType_V | {6 }
	Port: arp_server : replyMeta_hwType_V | {6 }
	Port: arp_server : replyMeta_protoType_s | {6 }
	Port: arp_server : replyMeta_hwLen_V | {6 }
	Port: arp_server : replyMeta_protoLen_V | {6 }
	Port: arp_server : replyMeta_hwAddrSrc_s | {6 }
	Port: arp_server : replyMeta_protoAddrS | {6 }
	Port: arp_server : arpRequestFifo_V_V | {5 }
  - Chain level:
	State 1
	State 2
	State 3
	State 4
	State 5
	State 6
	State 7
	State 8
	State 9
	State 10


============================================================
+ Verbose Summary: Datapath Resource usage 
============================================================

* Functional unit list:
|----------|---------------------------------------|---------|---------|---------|
| Operation|            Functional Unit            |  Delay  |    FF   |   LUT   |
|----------|---------------------------------------|---------|---------|---------|
|          |       grp_arp_pkg_sender_fu_192       |  0.6315 |   1060  |   137   |
|          |          grp_arp_table_fu_233         |  1.2345 |   147   |   122   |
|   call   |      grp_arp_pkg_receiver_fu_254      |    0    |   196   |    75   |
|          |       grp_genARPDiscovery_fu_272      |  1.206  |   155   |   110   |
|          | call_ln369_arp_server_entry174_fu_295 |    0    |    0    |    0    |
|----------|---------------------------------------|---------|---------|---------|
|   Total  |                                       |  3.072  |   1558  |   444   |
|----------|---------------------------------------|---------|---------|---------|

Memories:
N/A

* Register list:
+-------------------------+--------+
|                         |   FF   |
+-------------------------+--------+
| gatewayIP_V_c43_reg_318 |   32   |
|  gatewayIP_V_c_reg_342  |   32   |
|myIpAddress_V_c40_reg_348|   32   |
|myIpAddress_V_c41_reg_330|   32   |
|myIpAddress_V_c42_reg_324|   32   |
| myIpAddress_V_c_reg_354 |   32   |
| myMacAddress_V_c_reg_360|   48   |
|networkMask_V_c44_reg_312|   32   |
| networkMask_V_c_reg_336 |   32   |
+-------------------------+--------+
|          Total          |   304  |
+-------------------------+--------+

* Multiplexer (MUX) list: 
|--------|------|------|------|--------|
|  Comp  |  Pin | Size |  BW  | S x BW |
|--------|------|------|------|--------|
|  Total |      |      |      |    0   |
|--------|------|------|------|--------|



* Summary:
+-----------+--------+--------+--------+
|           |  Delay |   FF   |   LUT  |
+-----------+--------+--------+--------+
|  Function |    3   |  1558  |   444  |
|   Memory  |    -   |    -   |    -   |
|Multiplexer|    -   |    -   |    -   |
|  Register |    -   |   304  |    -   |
+-----------+--------+--------+--------+
|   Total   |    3   |  1862  |   444  |
+-----------+--------+--------+--------+
