

================================================================
== Vitis HLS Report for 'ethernet_remover'
================================================================
* Date:           Fri Sep  8 14:08:16 2023

* Version:        2023.1 (Build 3854077 on May  4 2023)
* Project:        PKT_HANDLER_prj
* Solution:       ultrascale_plus (Vivado IP Flow Target)
* Product family: virtexuplusHBM
* Target device:  xcu280-fsvh2892-2L-e


================================================================
== Performance Estimates
================================================================
+ Timing: 
    * Summary: 
    +--------+---------+----------+------------+
    |  Clock |  Target | Estimated| Uncertainty|
    +--------+---------+----------+------------+
    |ap_clk  |  3.10 ns|  3.140 ns|     0.20 ns|
    +--------+---------+----------+------------+

+ Latency: 
    * Summary: 
    +---------+---------+----------+----------+-----+-----+----------+
    |  Latency (cycles) |  Latency (absolute) |  Interval | Pipeline |
    |   min   |   max   |    min   |    max   | min | max |   Type   |
    +---------+---------+----------+----------+-----+-----+----------+
    |        2|        2|  6.279 ns|  6.279 ns|    1|    1|  yes(flp)|
    +---------+---------+----------+----------+-----+-----+----------+

    + Detail: 
        * Instance: 
        N/A

        * Loop: 
        N/A



================================================================
== Utilization Estimates
================================================================
* Summary: 
+---------------------+---------+------+---------+---------+-----+
|         Name        | BRAM_18K|  DSP |    FF   |   LUT   | URAM|
+---------------------+---------+------+---------+---------+-----+
|DSP                  |        -|     -|        -|        -|    -|
|Expression           |        -|     -|        0|      548|    -|
|FIFO                 |        -|     -|        -|        -|    -|
|Instance             |        -|     -|        -|        -|    -|
|Memory               |        -|     -|        -|        -|    -|
|Multiplexer          |        -|     -|        -|      216|    -|
|Register             |        -|     -|     2464|        -|    -|
+---------------------+---------+------+---------+---------+-----+
|Total                |        0|     0|     2464|      764|    0|
+---------------------+---------+------+---------+---------+-----+
|Available SLR        |     1344|  3008|   869120|   434560|  320|
+---------------------+---------+------+---------+---------+-----+
|Utilization SLR (%)  |        0|     0|       ~0|       ~0|    0|
+---------------------+---------+------+---------+---------+-----+
|Available            |     4032|  9024|  2607360|  1303680|  960|
+---------------------+---------+------+---------+---------+-----+
|Utilization (%)      |        0|     0|       ~0|       ~0|    0|
+---------------------+---------+------+---------+---------+-----+

+ Detail: 
    * Instance: 
    N/A

    * DSP: 
    N/A

    * Memory: 
    N/A

    * FIFO: 
    N/A

    * Expression: 
    +----------------------------------+----------+----+---+-----+------------+------------+
    |           Variable Name          | Operation| DSP| FF| LUT | Bitwidth P0| Bitwidth P1|
    +----------------------------------+----------+----+---+-----+------------+------------+
    |ap_condition_667                  |       and|   0|  0|    2|           1|           1|
    |ap_predicate_op18_read_state1     |       and|   0|  0|    2|           1|           1|
    |ap_predicate_op35_read_state1     |       and|   0|  0|    2|           1|           1|
    |ap_predicate_op44_read_state1     |       and|   0|  0|    2|           1|           1|
    |ap_predicate_op77_write_state2    |       and|   0|  0|    2|           1|           1|
    |ap_predicate_op78_write_state2    |       and|   0|  0|    2|           1|           1|
    |ap_predicate_op84_write_state2    |       and|   0|  0|    2|           1|           1|
    |ap_predicate_op85_write_state2    |       and|   0|  0|    2|           1|           1|
    |ap_predicate_op86_write_state3    |       and|   0|  0|    2|           1|           1|
    |ap_predicate_op87_write_state3    |       and|   0|  0|    2|           1|           1|
    |ap_predicate_op89_write_state3    |       and|   0|  0|    2|           1|           1|
    |ap_predicate_op91_write_state3    |       and|   0|  0|    2|           1|           1|
    |grp_nbreadreq_fu_112_p3           |       and|   0|  0|    2|           1|           0|
    |sendWord_last_3_fu_317_p2         |       and|   0|  0|    2|           1|           1|
    |icmp_ln69_fu_349_p2               |      icmp|   0|  0|   10|           3|           1|
    |ap_block_state1_pp0_stage0_iter0  |        or|   0|  0|    2|           1|           1|
    |ap_block_state2_io                |        or|   0|  0|    2|           1|           1|
    |ap_block_state3_io                |        or|   0|  0|    2|           1|           1|
    |ap_block_state3_pp0_stage0_iter2  |        or|   0|  0|    2|           1|           1|
    |sendWord_last_fu_414_p2           |        or|   0|  0|    2|           1|           1|
    |select_ln112_fu_308_p3            |    select|   0|  0|    2|           1|           2|
    |select_ln69_fu_383_p3             |    select|   0|  0|    3|           1|           1|
    |sendWord_data_4_fu_392_p3         |    select|   0|  0|  428|           1|         512|
    |sendWord_keep_4_fu_400_p3         |    select|   0|  0|   63|           1|          64|
    |xor_ln121_fu_302_p2               |       xor|   0|  0|    2|           1|           2|
    |xor_ln69_fu_408_p2                |       xor|   0|  0|    2|           1|           2|
    +----------------------------------+----------+----+---+-----+------------+------------+
    |Total                             |          |   0|  0|  548|          28|         602|
    +----------------------------------+----------+----+---+-----+------------+------------+

    * Multiplexer: 
    +-------------------------------------------------+----+-----------+-----+-----------+
    |                       Name                      | LUT| Input Size| Bits| Total Bits|
    +-------------------------------------------------+----+-----------+-----+-----------+
    |ap_NS_iter1_fsm                                  |  14|          3|    2|          6|
    |ap_NS_iter2_fsm                                  |  14|          3|    2|          6|
    |ap_done                                          |   9|          2|    1|          2|
    |ap_phi_mux_er_fsm_state_flag_6_i_phi_fu_161_p14  |  20|          4|    1|          4|
    |ap_phi_mux_er_fsm_state_new_0_i_phi_fu_151_p4    |  14|          3|    2|          6|
    |ap_phi_mux_er_fsm_state_new_6_i_phi_fu_185_p14   |  20|          4|    2|          8|
    |eth_level_pkt_blk_n                              |   9|          2|    1|          2|
    |m_axis_TDATA_blk_n                               |   9|          2|    1|          2|
    |m_axis_TDATA_int_regslice                        |  26|          5|  512|       2560|
    |m_axis_TDEST_int_regslice                        |  20|          4|    3|         12|
    |m_axis_TKEEP_int_regslice                        |  26|          5|   64|        320|
    |m_axis_TLAST_int_regslice                        |  26|          5|    1|          5|
    |prevWord_data                                    |   9|          2|  512|       1024|
    +-------------------------------------------------+----+-----------+-----+-----------+
    |Total                                            | 216|         44| 1104|       3957|
    +-------------------------------------------------+----+-----------+-----+-----------+

    * Register: 
    +-----------------------------------------+-----+----+-----+-----------+
    |                   Name                  |  FF | LUT| Bits| Const Bits|
    +-----------------------------------------+-----+----+-----+-----------+
    |ap_CS_iter0_fsm                          |    1|   0|    1|          0|
    |ap_CS_iter1_fsm                          |    2|   0|    2|          0|
    |ap_CS_iter2_fsm                          |    2|   0|    2|          0|
    |ap_done_reg                              |    1|   0|    1|          0|
    |currWord_data_reg_512                    |  512|   0|  512|          0|
    |currWord_keep_reg_517                    |   64|   0|   64|          0|
    |currWord_last_reg_522                    |    1|   0|    1|          0|
    |er_fsm_state                             |    2|   0|    2|          0|
    |er_fsm_state_load_reg_470                |    2|   0|    2|          0|
    |er_fsm_state_load_reg_470_pp0_iter1_reg  |    2|   0|    2|          0|
    |icmp_ln69_reg_535                        |    1|   0|    1|          0|
    |icmp_ln69_reg_535_pp0_iter1_reg          |    1|   0|    1|          0|
    |prevWord_data                            |  512|   0|  512|          0|
    |prevWord_data_load_reg_474               |  512|   0|  512|          0|
    |prevWord_dest                            |    3|   0|    3|          0|
    |prevWord_keep                            |   64|   0|   64|          0|
    |prevWord_keep_load_reg_479               |   64|   0|   64|          0|
    |reg_255                                  |    3|   0|    3|          0|
    |sendWord_data_4_reg_539                  |  512|   0|  512|          0|
    |sendWord_dest_reg_484                    |    3|   0|    3|          0|
    |sendWord_keep_4_reg_544                  |   64|   0|   64|          0|
    |sendWord_last_3_reg_503                  |    1|   0|    1|          0|
    |sendWord_last_4_reg_531                  |    1|   0|    1|          0|
    |sendWord_last_4_reg_531_pp0_iter1_reg    |    1|   0|    1|          0|
    |sendWord_last_reg_549                    |    1|   0|    1|          0|
    |tmp_1_i_reg_489                          |    1|   0|    1|          0|
    |tmp_1_i_reg_489_pp0_iter1_reg            |    1|   0|    1|          0|
    |tmp_7_i_reg_498                          |   14|   0|   14|          0|
    |tmp_i_18_reg_508                         |    1|   0|    1|          0|
    |tmp_i_18_reg_508_pp0_iter1_reg           |    1|   0|    1|          0|
    |tmp_i_reg_527                            |    1|   0|    1|          0|
    |tmp_i_reg_527_pp0_iter1_reg              |    1|   0|    1|          0|
    |trunc_ln116_reg_493                      |  112|   0|  112|          0|
    +-----------------------------------------+-----+----+-----+-----------+
    |Total                                    | 2464|   0| 2464|          0|
    +-----------------------------------------+-----+----+-----+-----------+



================================================================
== Interface
================================================================
* Summary: 
+------------------------------+-----+------+------------+------------------+--------------+
|           RTL Ports          | Dir | Bits |  Protocol  |   Source Object  |    C Type    |
+------------------------------+-----+------+------------+------------------+--------------+
|ap_clk                        |   in|     1|  ap_ctrl_hs|  ethernet_remover|  return value|
|ap_rst                        |   in|     1|  ap_ctrl_hs|  ethernet_remover|  return value|
|ap_start                      |   in|     1|  ap_ctrl_hs|  ethernet_remover|  return value|
|ap_done                       |  out|     1|  ap_ctrl_hs|  ethernet_remover|  return value|
|ap_continue                   |   in|     1|  ap_ctrl_hs|  ethernet_remover|  return value|
|ap_idle                       |  out|     1|  ap_ctrl_hs|  ethernet_remover|  return value|
|ap_ready                      |  out|     1|  ap_ctrl_hs|  ethernet_remover|  return value|
|eth_level_pkt_dout            |   in|  1024|     ap_fifo|     eth_level_pkt|       pointer|
|eth_level_pkt_num_data_valid  |   in|     5|     ap_fifo|     eth_level_pkt|       pointer|
|eth_level_pkt_fifo_cap        |   in|     5|     ap_fifo|     eth_level_pkt|       pointer|
|eth_level_pkt_empty_n         |   in|     1|     ap_fifo|     eth_level_pkt|       pointer|
|eth_level_pkt_read            |  out|     1|     ap_fifo|     eth_level_pkt|       pointer|
|m_axis_TREADY                 |   in|     1|        axis|   m_axis_V_dest_V|       pointer|
|m_axis_TVALID                 |  out|     1|        axis|   m_axis_V_dest_V|       pointer|
|m_axis_TDEST                  |  out|     3|        axis|   m_axis_V_dest_V|       pointer|
|m_axis_TDATA                  |  out|   512|        axis|   m_axis_V_data_V|       pointer|
|m_axis_TKEEP                  |  out|    64|        axis|   m_axis_V_keep_V|       pointer|
|m_axis_TSTRB                  |  out|    64|        axis|   m_axis_V_strb_V|       pointer|
|m_axis_TLAST                  |  out|     1|        axis|   m_axis_V_last_V|       pointer|
+------------------------------+-----+------+------------+------------------+--------------+

