

================================================================
== Vivado HLS Report for 'icmp_server'
================================================================
* Date:           Thu Aug  5 18:55:51 2021

* Version:        2020.1 (Build 2897737 on Wed May 27 20:21:37 MDT 2020)
* Project:        ICMP_hls_prj
* Solution:       ultrascale_plus
* Product family: virtexuplus
* Target device:  xcu280-fsvh2892-2L-e


================================================================
== Performance Estimates
================================================================
+ Timing: 
    * Summary: 
    +--------+---------+----------+------------+
    |  Clock |  Target | Estimated| Uncertainty|
    +--------+---------+----------+------------+
    |ap_clk  | 3.10 ns | 2.589 ns |   0.20 ns  |
    +--------+---------+----------+------------+

+ Latency: 
    * Summary: 
    +---------+---------+----------+----------+-----+-----+----------+
    |  Latency (cycles) |  Latency (absolute) |  Interval | Pipeline |
    |   min   |   max   |    min   |    max   | min | max |   Type   |
    +---------+---------+----------+----------+-----+-----+----------+
    |        2|        2| 6.200 ns | 6.200 ns |    1|    1| function |
    +---------+---------+----------+----------+-----+-----+----------+

    + Detail: 
        * Instance: 
        N/A

        * Loop: 
        N/A



================================================================
== Utilization Estimates
================================================================
* Summary: 
+---------------------+---------+-------+---------+---------+-----+
|         Name        | BRAM_18K| DSP48E|    FF   |   LUT   | URAM|
+---------------------+---------+-------+---------+---------+-----+
|DSP                  |        -|      -|        -|        -|    -|
|Expression           |        -|      -|        0|      461|    -|
|FIFO                 |        -|      -|        -|        -|    -|
|Instance             |        -|      -|        -|        -|    -|
|Memory               |        -|      -|        -|        -|    -|
|Multiplexer          |        -|      -|        -|       93|    -|
|Register             |        -|      -|     1284|        -|    -|
+---------------------+---------+-------+---------+---------+-----+
|Total                |        0|      0|     1284|      554|    0|
+---------------------+---------+-------+---------+---------+-----+
|Available SLR        |     1344|   3008|   869120|   434560|  320|
+---------------------+---------+-------+---------+---------+-----+
|Utilization SLR (%)  |        0|      0|    ~0   |    ~0   |    0|
+---------------------+---------+-------+---------+---------+-----+
|Available            |     4032|   9024|  2607360|  1303680|  960|
+---------------------+---------+-------+---------+---------+-----+
|Utilization (%)      |        0|      0|    ~0   |    ~0   |    0|
+---------------------+---------+-------+---------+---------+-----+

+ Detail: 
    * Instance: 
    N/A

    * DSP48E: 
    N/A

    * Memory: 
    N/A

    * FIFO: 
    N/A

    * Expression: 
    +----------------------------------+----------+-------+---+----+------------+------------+
    |           Variable Name          | Operation| DSP48E| FF| LUT| Bitwidth P0| Bitwidth P1|
    +----------------------------------+----------+-------+---+----+------------+------------+
    |add_ln1353_1_fu_757_p2            |     +    |      0|  0|  24|          17|          17|
    |add_ln1353_2_fu_771_p2            |     +    |      0|  0|  24|          17|          17|
    |add_ln1353_3_fu_785_p2            |     +    |      0|  0|  24|          17|          17|
    |add_ln1353_4_fu_799_p2            |     +    |      0|  0|  24|          17|          17|
    |add_ln1353_fu_743_p2              |     +    |      0|  0|  24|          17|          17|
    |add_ln214_fu_1081_p2              |     +    |      0|  0|  15|           1|           5|
    |add_ln306_fu_715_p2               |     +    |      0|  0|  24|          12|          17|
    |add_ln681_fu_1091_p2              |     +    |      0|  0|  23|          16|          16|
    |checksumL4_r_V_fu_1075_p2         |     +    |      0|  0|  24|          17|          17|
    |icmpChecksumTmp_V_fu_984_p2       |     +    |      0|  0|  24|          17|          17|
    |ret_V_1_fu_813_p2                 |     +    |      0|  0|  25|          18|          18|
    |ret_V_2_fu_827_p2                 |     +    |      0|  0|  25|          18|          18|
    |ret_V_3_fu_841_p2                 |     +    |      0|  0|  26|          19|          19|
    |ret_V_5_fu_1043_p2                |     +    |      0|  0|  27|          20|          20|
    |and_ln170_1_fu_343_p2             |    and   |      0|  0|   2|           1|           1|
    |and_ln170_2_fu_349_p2             |    and   |      0|  0|   2|           1|           1|
    |and_ln170_fu_337_p2               |    and   |      0|  0|   2|           1|           1|
    |ap_condition_136                  |    and   |      0|  0|   2|           1|           1|
    |ap_condition_170                  |    and   |      0|  0|   2|           1|           1|
    |ap_condition_220                  |    and   |      0|  0|   2|           1|           1|
    |ap_predicate_op106_write_state2   |    and   |      0|  0|   2|           1|           1|
    |ap_predicate_op12_read_state1     |    and   |      0|  0|   2|           1|           1|
    |ap_predicate_op160_write_state3   |    and   |      0|  0|   2|           1|           1|
    |ap_predicate_op31_read_state1     |    and   |      0|  0|   2|           1|           1|
    |grp_nbreadreq_fu_210_p5           |    and   |      0|  0|   2|           1|           0|
    |icmp_ln879_1_fu_319_p2            |   icmp   |      0|  0|  11|           8|           4|
    |icmp_ln879_2_fu_325_p2            |   icmp   |      0|  0|  11|           8|           1|
    |icmp_ln879_3_fu_331_p2            |   icmp   |      0|  0|  13|          16|           1|
    |icmp_ln879_fu_313_p2              |   icmp   |      0|  0|  20|          32|          32|
    |ap_block_pp0_stage0_01001         |    or    |      0|  0|   2|           1|           1|
    |ap_block_pp0_stage0_11001         |    or    |      0|  0|   2|           1|           1|
    |ap_block_state1_pp0_stage0_iter0  |    or    |      0|  0|   2|           1|           1|
    |ap_block_state2_io                |    or    |      0|  0|   2|           1|           1|
    |ap_block_state3_io                |    or    |      0|  0|   2|           1|           1|
    |select_ln170_fu_355_p3            |  select  |      0|  0|   3|           1|           3|
    |select_ln201_fu_299_p3            |  select  |      0|  0|   2|           1|           2|
    |select_ln791_fu_1109_p3           |  select  |      0|  0|  16|           1|          16|
    |ap_enable_pp0                     |    xor   |      0|  0|   2|           1|           2|
    |xor_ln201_fu_293_p2               |    xor   |      0|  0|   2|           1|           2|
    |xor_ln306_fu_1117_p2              |    xor   |      0|  0|  16|          16|           2|
    +----------------------------------+----------+-------+---+----+------------+------------+
    |Total                             |          |      0|  0| 461|         324|         312|
    +----------------------------------+----------+-------+---+----+------------+------------+

    * Multiplexer: 
    +---------------------------------------+----+-----------+-----+-----------+
    |                  Name                 | LUT| Input Size| Bits| Total Bits|
    +---------------------------------------+----+-----------+-----+-----------+
    |aiFSMState                             |  21|          4|    2|          8|
    |ap_sig_allocacmp_auxInchecksum_r_V_lo  |   9|          2|   16|         32|
    |m_axis_icmp_TDATA_blk_n                |   9|          2|    1|          2|
    |m_axis_icmp_TDATA_int                  |  15|          3|  512|       1536|
    |m_axis_icmp_TKEEP_int                  |  15|          3|   64|        192|
    |m_axis_icmp_TLAST_int                  |  15|          3|    1|          3|
    |s_axis_icmp_TDATA_blk_n                |   9|          2|    1|          2|
    +---------------------------------------+----+-----------+-----+-----------+
    |Total                                  |  93|         19|  597|       1775|
    +---------------------------------------+----+-----------+-----+-----------+

    * Register: 
    +----------------------------------------+-----+----+-----+-----------+
    |                  Name                  |  FF | LUT| Bits| Const Bits|
    +----------------------------------------+-----+----+-----+-----------+
    |add_ln1353_4_reg_1161                   |   17|   0|   17|          0|
    |aiFSMState                              |    2|   0|    2|          0|
    |aiFSMState_load_reg_1129                |    2|   0|    2|          0|
    |aiFSMState_load_reg_1129_pp0_iter1_reg  |    2|   0|    2|          0|
    |ap_CS_fsm                               |    1|   0|    1|          0|
    |ap_enable_reg_pp0_iter1                 |    1|   0|    1|          0|
    |ap_enable_reg_pp0_iter2                 |    1|   0|    1|          0|
    |auxInchecksum_r_V                       |   16|   0|   16|          0|
    |currWord_last_V_reg_1133                |    1|   0|    1|          0|
    |icmpChecksum_V                          |   17|   0|   17|          0|
    |icmpCode_V                              |    8|   0|    8|          0|
    |icmpType_V                              |    8|   0|    8|          0|
    |ipDestination_V                         |   32|   0|   32|          0|
    |prevWord_data_V                         |  512|   0|  512|          0|
    |prevWord_keep_V                         |   64|   0|   64|          0|
    |prevWord_last_V                         |    1|   0|    1|          0|
    |ret_V_3_reg_1166                        |   19|   0|   19|          0|
    |tmp_1_reg_1138                          |    1|   0|    1|          0|
    |tmp_1_reg_1138_pp0_iter1_reg            |    1|   0|    1|          0|
    |tmp_data_V_3_reg_1142                   |  512|   0|  512|          0|
    |tmp_keep_V_3_reg_1147                   |   64|   0|   64|          0|
    |tmp_last_V_3_reg_1152                   |    1|   0|    1|          0|
    |tmp_reg_1157                            |    1|   0|    1|          0|
    +----------------------------------------+-----+----+-----+-----------+
    |Total                                   | 1284|   0| 1284|          0|
    +----------------------------------------+-----+----+-----+-----------+



================================================================
== Interface
================================================================
* Summary: 
+--------------------+-----+-----+--------------+----------------------+--------------+
|      RTL Ports     | Dir | Bits|   Protocol   |     Source Object    |    C Type    |
+--------------------+-----+-----+--------------+----------------------+--------------+
|ap_clk              |  in |    1| ap_ctrl_none |      icmp_server     | return value |
|ap_rst_n            |  in |    1| ap_ctrl_none |      icmp_server     | return value |
|s_axis_icmp_TDATA   |  in |  512|     axis     | s_axis_icmp_V_data_V |    pointer   |
|s_axis_icmp_TVALID  |  in |    1|     axis     | s_axis_icmp_V_data_V |    pointer   |
|s_axis_icmp_TREADY  | out |    1|     axis     | s_axis_icmp_V_last_V |    pointer   |
|s_axis_icmp_TLAST   |  in |    1|     axis     | s_axis_icmp_V_last_V |    pointer   |
|s_axis_icmp_TKEEP   |  in |   64|     axis     | s_axis_icmp_V_keep_V |    pointer   |
|myIpAddress_V       |  in |   32|   ap_stable  |     myIpAddress_V    |    pointer   |
|m_axis_icmp_TDATA   | out |  512|     axis     | m_axis_icmp_V_data_V |    pointer   |
|m_axis_icmp_TVALID  | out |    1|     axis     | m_axis_icmp_V_last_V |    pointer   |
|m_axis_icmp_TREADY  |  in |    1|     axis     | m_axis_icmp_V_last_V |    pointer   |
|m_axis_icmp_TLAST   | out |    1|     axis     | m_axis_icmp_V_last_V |    pointer   |
|m_axis_icmp_TKEEP   | out |   64|     axis     | m_axis_icmp_V_keep_V |    pointer   |
+--------------------+-----+-----+--------------+----------------------+--------------+

