

================================================================
== Vitis HLS Report for 'compute_and_insert_ip_checksum'
================================================================
* Date:           Wed Nov  3 14:22:46 2021

* Version:        2021.1 (Build 3247384 on Thu Jun 10 19:36:07 MDT 2021)
* Project:        ETH_inserter_hls_prj
* Solution:       ultrascale_plus (Vivado IP Flow Target)
* Product family: virtexuplus
* Target device:  xcu280-fsvh2892-2L-e


================================================================
== Performance Estimates
================================================================
+ Timing: 
    * Summary: 
    +--------+---------+----------+------------+
    |  Clock |  Target | Estimated| Uncertainty|
    +--------+---------+----------+------------+
    |ap_clk  |  3.10 ns|  2.816 ns|     0.20 ns|
    +--------+---------+----------+------------+

+ Latency: 
    * Summary: 
    +---------+---------+-----------+-----------+-----+-----+---------+
    |  Latency (cycles) |   Latency (absolute)  |  Interval | Pipeline|
    |   min   |   max   |    min    |    max    | min | max |   Type  |
    +---------+---------+-----------+-----------+-----+-----+---------+
    |        4|        4|  12.400 ns|  12.400 ns|    1|    1|      yes|
    +---------+---------+-----------+-----------+-----+-----+---------+

    + Detail: 
        * Instance: 
        N/A

        * Loop: 
        N/A



================================================================
== Utilization Estimates
================================================================
* Summary: 
+---------------------+---------+------+---------+---------+-----+
|         Name        | BRAM_18K|  DSP |    FF   |   LUT   | URAM|
+---------------------+---------+------+---------+---------+-----+
|DSP                  |        -|     -|        -|        -|    -|
|Expression           |        -|     -|        0|     1949|    -|
|FIFO                 |        -|     -|        -|        -|    -|
|Instance             |        -|     -|        -|        -|    -|
|Memory               |        -|     -|        -|        -|    -|
|Multiplexer          |        -|     -|        -|       27|    -|
|Register             |        -|     -|     2859|       96|    -|
+---------------------+---------+------+---------+---------+-----+
|Total                |        0|     0|     2859|     2072|    0|
+---------------------+---------+------+---------+---------+-----+
|Available SLR        |     1344|  3008|   869120|   434560|  320|
+---------------------+---------+------+---------+---------+-----+
|Utilization SLR (%)  |        0|     0|       ~0|       ~0|    0|
+---------------------+---------+------+---------+---------+-----+
|Available            |     4032|  9024|  2607360|  1303680|  960|
+---------------------+---------+------+---------+---------+-----+
|Utilization (%)      |        0|     0|       ~0|       ~0|    0|
+---------------------+---------+------+---------+---------+-----+

+ Detail: 
    * Instance: 
    N/A

    * DSP: 
    N/A

    * Memory: 
    N/A

    * FIFO: 
    N/A

    * Expression: 
    +----------------------------------+----------+----+---+----+------------+------------+
    |           Variable Name          | Operation| DSP| FF| LUT| Bitwidth P0| Bitwidth P1|
    +----------------------------------+----------+----+---+----+------------+------------+
    |add_ln1525_10_fu_1710_p2          |         +|   0|  0|  16|          16|          16|
    |add_ln1525_12_fu_1726_p2          |         +|   0|  0|  23|          16|          16|
    |add_ln1525_14_fu_1838_p2          |         +|   0|  0|  16|          16|          16|
    |add_ln1525_15_fu_1742_p2          |         +|   0|  0|  23|          16|          16|
    |add_ln1525_16_fu_1856_p2          |         +|   0|  0|  16|          16|          16|
    |add_ln1525_18_fu_1758_p2          |         +|   0|  0|  23|          16|          16|
    |add_ln1525_19_fu_1889_p2          |         +|   0|  0|  16|          16|          16|
    |add_ln1525_1_fu_1646_p2           |         +|   0|  0|  23|          16|          16|
    |add_ln1525_21_fu_1909_p2          |         +|   0|  0|  16|          16|          16|
    |add_ln1525_22_fu_1774_p2          |         +|   0|  0|  16|          16|          16|
    |add_ln1525_23_fu_1929_p2          |         +|   0|  0|  16|          16|          16|
    |add_ln1525_25_fu_1949_p2          |         +|   0|  0|  16|          16|          16|
    |add_ln1525_26_fu_2041_p2          |         +|   0|  0|  16|          16|          16|
    |add_ln1525_27_fu_2047_p2          |         +|   0|  0|  16|          16|          16|
    |add_ln1525_28_fu_1790_p2          |         +|   0|  0|  23|          16|          16|
    |add_ln1525_29_fu_2053_p2          |         +|   0|  0|  16|          16|          16|
    |add_ln1525_30_fu_2059_p2          |         +|   0|  0|  16|          16|          16|
    |add_ln1525_31_fu_1969_p2          |         +|   0|  0|  16|          16|          16|
    |add_ln1525_32_fu_2065_p2          |         +|   0|  0|  16|          16|          16|
    |add_ln1525_33_fu_2071_p2          |         +|   0|  0|  16|          16|          16|
    |add_ln1525_35_fu_1806_p2          |         +|   0|  0|  16|          16|          16|
    |add_ln1525_37_fu_1822_p2          |         +|   0|  0|  23|          16|          16|
    |add_ln1525_3_fu_1662_p2           |         +|   0|  0|  23|          16|          16|
    |add_ln1525_6_fu_1678_p2           |         +|   0|  0|  16|          16|          16|
    |add_ln1525_8_fu_1694_p2           |         +|   0|  0|  23|          16|          16|
    |add_ln1525_fu_2077_p2             |         +|   0|  0|  16|          16|          16|
    |add_ln217_fu_2158_p2              |         +|   0|  0|  13|           6|           6|
    |p_Val2_30_fu_2140_p2              |         +|   0|  0|  24|          17|          17|
    |p_Val2_31_fu_2168_p2              |         +|   0|  0|  23|          16|          16|
    |ret_24_fu_1666_p2                 |         +|   0|  0|  24|          17|          17|
    |ret_25_fu_1591_p2                 |         +|   0|  0|  24|          17|          17|
    |ret_26_fu_1682_p2                 |         +|   0|  0|  24|          17|          17|
    |ret_27_fu_1698_p2                 |         +|   0|  0|  24|          17|          17|
    |ret_28_fu_1714_p2                 |         +|   0|  0|  24|          17|          17|
    |ret_29_fu_1730_p2                 |         +|   0|  0|  24|          17|          17|
    |ret_30_fu_1746_p2                 |         +|   0|  0|  24|          17|          17|
    |ret_31_fu_1762_p2                 |         +|   0|  0|  24|          17|          17|
    |ret_32_fu_1778_p2                 |         +|   0|  0|  24|          17|          17|
    |ret_33_fu_1794_p2                 |         +|   0|  0|  24|          17|          17|
    |ret_34_fu_1810_p2                 |         +|   0|  0|  24|          17|          17|
    |ret_35_fu_1826_p2                 |         +|   0|  0|  24|          17|          17|
    |ret_36_fu_1842_p2                 |         +|   0|  0|  24|          17|          17|
    |ret_37_fu_1862_p2                 |         +|   0|  0|  25|          18|          18|
    |ret_38_fu_1875_p2                 |         +|   0|  0|  25|          18|          18|
    |ret_39_fu_1895_p2                 |         +|   0|  0|  25|          18|          18|
    |ret_40_fu_1915_p2                 |         +|   0|  0|  25|          18|          18|
    |ret_41_fu_1935_p2                 |         +|   0|  0|  25|          18|          18|
    |ret_42_fu_1955_p2                 |         +|   0|  0|  25|          18|          18|
    |ret_43_fu_1975_p2                 |         +|   0|  0|  25|          18|          18|
    |ret_44_fu_1993_p2                 |         +|   0|  0|  26|          19|          19|
    |ret_45_fu_2007_p2                 |         +|   0|  0|  26|          19|          19|
    |ret_46_fu_2021_p2                 |         +|   0|  0|  26|          19|          19|
    |ret_47_fu_2035_p2                 |         +|   0|  0|  26|          19|          19|
    |ret_48_fu_2089_p2                 |         +|   0|  0|  27|          20|          20|
    |ret_49_fu_2101_p2                 |         +|   0|  0|  27|          20|          20|
    |ret_50_fu_2115_p2                 |         +|   0|  0|  28|          21|          21|
    |ret_fu_1650_p2                    |         +|   0|  0|  24|          17|          17|
    |ap_block_state5_pp0_stage0_iter4  |       and|   0|  0|   2|           1|           1|
    |tmp_i_nbreadreq_fu_340_p3         |       and|   0|  0|   2|           1|           0|
    |icmp_ln1057_10_fu_823_p2          |      icmp|   0|  0|   9|           5|           4|
    |icmp_ln1057_11_fu_865_p2          |      icmp|   0|  0|   9|           4|           3|
    |icmp_ln1057_12_fu_907_p2          |      icmp|   0|  0|   9|           5|           4|
    |icmp_ln1057_13_fu_1029_p2         |      icmp|   0|  0|   9|           4|           5|
    |icmp_ln1057_14_fu_1071_p2         |      icmp|   0|  0|   9|           5|           5|
    |icmp_ln1057_15_fu_1113_p2         |      icmp|   0|  0|   9|           4|           4|
    |icmp_ln1057_16_fu_1155_p2         |      icmp|   0|  0|   9|           5|           5|
    |icmp_ln1057_17_fu_1197_p2         |      icmp|   0|  0|   9|           4|           4|
    |icmp_ln1057_18_fu_1239_p2         |      icmp|   0|  0|   9|           5|           5|
    |icmp_ln1057_19_fu_1281_p2         |      icmp|   0|  0|   9|           4|           4|
    |icmp_ln1057_1_fu_441_p2           |      icmp|   0|  0|   9|           4|           1|
    |icmp_ln1057_20_fu_1323_p2         |      icmp|   0|  0|   9|           5|           5|
    |icmp_ln1057_21_fu_1365_p2         |      icmp|   0|  0|   9|           4|           4|
    |icmp_ln1057_22_fu_1407_p2         |      icmp|   0|  0|   9|           5|           4|
    |icmp_ln1057_23_fu_1449_p2         |      icmp|   0|  0|   9|           4|           3|
    |icmp_ln1057_24_fu_1491_p2         |      icmp|   0|  0|   9|           5|           4|
    |icmp_ln1057_25_fu_1533_p2         |      icmp|   0|  0|   9|           4|           2|
    |icmp_ln1057_2_fu_493_p2           |      icmp|   0|  0|   8|           3|           1|
    |icmp_ln1057_3_fu_545_p2           |      icmp|   0|  0|   8|           3|           1|
    |icmp_ln1057_4_fu_559_p2           |      icmp|   0|  0|   9|           4|           2|
    |icmp_ln1057_5_fu_603_p2           |      icmp|   0|  0|   8|           2|           1|
    |icmp_ln1057_6_fu_655_p2           |      icmp|   0|  0|   8|           2|           1|
    |icmp_ln1057_7_fu_697_p2           |      icmp|   0|  0|   9|           4|           3|
    |icmp_ln1057_8_fu_739_p2           |      icmp|   0|  0|   9|           5|           4|
    |icmp_ln1057_9_fu_781_p2           |      icmp|   0|  0|   9|           4|           3|
    |icmp_ln1057_fu_399_p2             |      icmp|   0|  0|   9|           4|           1|
    |ap_block_pp0_stage0_01001         |        or|   0|  0|   2|           1|           1|
    |ap_block_state1_pp0_stage0_iter0  |        or|   0|  0|   2|           1|           1|
    |lhs_10_fu_1287_p3                 |    select|   0|  0|  16|           1|          16|
    |lhs_11_fu_1371_p3                 |    select|   0|  0|  16|           1|          16|
    |lhs_12_fu_1455_p3                 |    select|   0|  0|  16|           1|          16|
    |lhs_13_fu_1539_p3                 |    select|   0|  0|  16|           1|          16|
    |lhs_1_fu_499_p3                   |    select|   0|  0|  16|           1|          16|
    |lhs_2_fu_609_p3                   |    select|   0|  0|  16|           1|          16|
    |lhs_3_fu_703_p3                   |    select|   0|  0|  16|           1|          16|
    |lhs_4_fu_787_p3                   |    select|   0|  0|  16|           1|          16|
    |lhs_5_fu_871_p3                   |    select|   0|  0|  16|           1|          16|
    |lhs_6_fu_957_p3                   |    select|   0|  0|  16|           1|          16|
    |lhs_7_fu_1035_p3                  |    select|   0|  0|  16|           1|          16|
    |lhs_8_fu_1119_p3                  |    select|   0|  0|  16|           1|          16|
    |lhs_9_fu_1203_p3                  |    select|   0|  0|  16|           1|          16|
    |lhs_fu_405_p3                     |    select|   0|  0|  16|           1|          16|
    |rhs_10_fu_1329_p3                 |    select|   0|  0|  16|           1|          16|
    |rhs_11_fu_1413_p3                 |    select|   0|  0|  16|           1|          16|
    |rhs_12_fu_1497_p3                 |    select|   0|  0|  16|           1|          16|
    |rhs_13_fu_1575_p3                 |    select|   0|  0|  16|           1|          16|
    |rhs_15_fu_1633_p3                 |    select|   0|  0|  16|           1|          16|
    |rhs_1_fu_551_p3                   |    select|   0|  0|  16|           1|          16|
    |rhs_2_fu_661_p3                   |    select|   0|  0|  16|           1|          16|
    |rhs_3_fu_745_p3                   |    select|   0|  0|  16|           1|          16|
    |rhs_4_fu_829_p3                   |    select|   0|  0|  16|           1|          16|
    |rhs_5_fu_913_p3                   |    select|   0|  0|  16|           1|          16|
    |rhs_6_fu_993_p3                   |    select|   0|  0|  16|           1|          16|
    |rhs_7_fu_1077_p3                  |    select|   0|  0|  16|           1|          16|
    |rhs_8_fu_1161_p3                  |    select|   0|  0|  16|           1|          16|
    |rhs_9_fu_1245_p3                  |    select|   0|  0|  16|           1|          16|
    |rhs_fu_447_p3                     |    select|   0|  0|  16|           1|          16|
    |ap_enable_pp0                     |       xor|   0|  0|   2|           1|           2|
    |p_Val2_32_fu_2173_p2              |       xor|   0|  0|  16|          16|           2|
    +----------------------------------+----------+----+---+----+------------+------------+
    |Total                             |          |   0|  0|1949|        1113|        1510|
    +----------------------------------+----------+----+---+----+------------+------------+

    * Multiplexer: 
    +--------------------------+----+-----------+-----+-----------+
    |           Name           | LUT| Input Size| Bits| Total Bits|
    +--------------------------+----+-----------+-----+-----------+
    |ap_done                   |   9|          2|    1|          2|
    |ip_header_checksum_blk_n  |   9|          2|    1|          2|
    |ip_header_out_blk_n       |   9|          2|    1|          2|
    +--------------------------+----+-----------+-----+-----------+
    |Total                     |  27|          6|    3|          6|
    +--------------------------+----+-----------+-----+-----------+

    * Register: 
    +-----------------------------------+------+----+------+-----------+
    |                Name               |  FF  | LUT| Bits | Const Bits|
    +-----------------------------------+------+----+------+-----------+
    |add_ln1525_reg_2429                |    16|   0|    16|          0|
    |add_ln1525_reg_2429_pp0_iter2_reg  |    16|   0|    16|          0|
    |ap_CS_fsm                          |     1|   0|     1|          0|
    |ap_done_reg                        |     1|   0|     1|          0|
    |ap_enable_reg_pp0_iter1            |     1|   0|     1|          0|
    |ap_enable_reg_pp0_iter2            |     1|   0|     1|          0|
    |ap_enable_reg_pp0_iter3            |     1|   0|     1|          0|
    |ap_enable_reg_pp0_iter4            |     1|   0|     1|          0|
    |currWord_data_V_1_reg_2233         |   512|   0|   512|          0|
    |icmp_ln1057_4_reg_2262             |     1|   0|     1|          0|
    |ip_header_out_read_reg_2227        |  1024|   0|  1024|          0|
    |lhs_10_reg_2351                    |    16|   0|    16|          0|
    |lhs_11_reg_2363                    |    16|   0|    16|          0|
    |lhs_12_reg_2375                    |    16|   0|    16|          0|
    |lhs_13_reg_2387                    |    16|   0|    16|          0|
    |lhs_1_reg_2250                     |    16|   0|    16|          0|
    |lhs_3_reg_2267                     |    16|   0|    16|          0|
    |lhs_4_reg_2279                     |    16|   0|    16|          0|
    |lhs_5_reg_2291                     |    16|   0|    16|          0|
    |lhs_6_reg_2303                     |    16|   0|    16|          0|
    |lhs_7_reg_2315                     |    16|   0|    16|          0|
    |lhs_8_reg_2327                     |    16|   0|    16|          0|
    |lhs_9_reg_2339                     |    16|   0|    16|          0|
    |lhs_reg_2238                       |    16|   0|    16|          0|
    |p_Result_41_reg_2441               |   512|   0|   512|          0|
    |p_Result_71_i_reg_2435             |     5|   0|     5|          0|
    |ret_25_reg_2399                    |    17|   0|    17|          0|
    |ret_44_reg_2409                    |    19|   0|    19|          0|
    |ret_45_reg_2414                    |    19|   0|    19|          0|
    |ret_46_reg_2419                    |    19|   0|    19|          0|
    |ret_47_reg_2424                    |    19|   0|    19|          0|
    |rhs_10_reg_2357                    |    16|   0|    16|          0|
    |rhs_11_reg_2369                    |    16|   0|    16|          0|
    |rhs_12_reg_2381                    |    16|   0|    16|          0|
    |rhs_13_reg_2393                    |    16|   0|    16|          0|
    |rhs_1_reg_2256                     |    16|   0|    16|          0|
    |rhs_3_reg_2273                     |    16|   0|    16|          0|
    |rhs_4_reg_2285                     |    16|   0|    16|          0|
    |rhs_5_reg_2297                     |    16|   0|    16|          0|
    |rhs_6_reg_2309                     |    16|   0|    16|          0|
    |rhs_7_reg_2321                     |    16|   0|    16|          0|
    |rhs_8_reg_2333                     |    16|   0|    16|          0|
    |rhs_9_reg_2345                     |    16|   0|    16|          0|
    |rhs_reg_2244                       |    16|   0|    16|          0|
    |tmp_8_reg_2404                     |    65|   0|    65|          0|
    |tmp_i_reg_2223                     |     1|   0|     1|          0|
    |currWord_data_V_1_reg_2233         |    64|  32|   512|          0|
    |tmp_8_reg_2404                     |    64|  32|    65|          0|
    |tmp_i_reg_2223                     |    64|  32|     1|          0|
    +-----------------------------------+------+----+------+-----------+
    |Total                              |  2859|  96|  3245|          0|
    +-----------------------------------+------+----+------+-----------+



================================================================
== Interface
================================================================
* Summary: 
+---------------------------+-----+------+------------+--------------------------------+--------------+
|         RTL Ports         | Dir | Bits |  Protocol  |          Source Object         |    C Type    |
+---------------------------+-----+------+------------+--------------------------------+--------------+
|ap_clk                     |   in|     1|  ap_ctrl_hs|  compute_and_insert_ip_checksum|  return value|
|ap_rst                     |   in|     1|  ap_ctrl_hs|  compute_and_insert_ip_checksum|  return value|
|ap_start                   |   in|     1|  ap_ctrl_hs|  compute_and_insert_ip_checksum|  return value|
|ap_done                    |  out|     1|  ap_ctrl_hs|  compute_and_insert_ip_checksum|  return value|
|ap_continue                |   in|     1|  ap_ctrl_hs|  compute_and_insert_ip_checksum|  return value|
|ap_idle                    |  out|     1|  ap_ctrl_hs|  compute_and_insert_ip_checksum|  return value|
|ap_ready                   |  out|     1|  ap_ctrl_hs|  compute_and_insert_ip_checksum|  return value|
|ip_header_out_dout         |   in|  1024|     ap_fifo|                   ip_header_out|       pointer|
|ip_header_out_empty_n      |   in|     1|     ap_fifo|                   ip_header_out|       pointer|
|ip_header_out_read         |  out|     1|     ap_fifo|                   ip_header_out|       pointer|
|ip_header_checksum_din     |  out|  1024|     ap_fifo|              ip_header_checksum|       pointer|
|ip_header_checksum_full_n  |   in|     1|     ap_fifo|              ip_header_checksum|       pointer|
|ip_header_checksum_write   |  out|     1|     ap_fifo|              ip_header_checksum|       pointer|
+---------------------------+-----+------+------------+--------------------------------+--------------+

