

================================================================
== Vivado HLS Report for 'ethernet_header_inserter'
================================================================
* Date:           Thu Aug  5 18:55:55 2021

* Version:        2020.1 (Build 2897737 on Wed May 27 20:21:37 MDT 2020)
* Project:        ETH_inserter_hls_prj
* Solution:       ultrascale_plus
* Product family: virtexuplus
* Target device:  xcu280-fsvh2892-2L-e


================================================================
== Performance Estimates
================================================================
+ Timing: 
    * Summary: 
    +--------+---------+----------+------------+
    |  Clock |  Target | Estimated| Uncertainty|
    +--------+---------+----------+------------+
    |ap_clk  | 3.10 ns | 2.891 ns |   0.20 ns  |
    +--------+---------+----------+------------+

+ Latency: 
    * Summary: 
    +---------+---------+-----------+-----------+-----+-----+----------+
    |  Latency (cycles) |   Latency (absolute)  |  Interval | Pipeline |
    |   min   |   max   |    min    |    max    | min | max |   Type   |
    +---------+---------+-----------+-----------+-----+-----+----------+
    |        8|        8| 24.800 ns | 24.800 ns |    1|    1| dataflow |
    +---------+---------+-----------+-----------+-----+-----+----------+

    + Detail: 
        * Instance: 
        +-------------------------+-----------------------+---------+---------+----------+----------+-----+-----+----------+
        |                         |                       |  Latency (cycles) |  Latency (absolute) |  Interval | Pipeline |
        |         Instance        |         Module        |   min   |   max   |    min   |    max   | min | max |   Type   |
        +-------------------------+-----------------------+---------+---------+----------+----------+-----+-----+----------+
        |compute_and_insert_i_U0  |compute_and_insert_i   |        3|        3| 9.300 ns | 9.300 ns |    1|    1| function |
        |handle_output_U0         |handle_output          |        2|        2| 6.200 ns | 6.200 ns |    1|    1| function |
        |broadcaster_and_mac_U0   |broadcaster_and_mac_s  |        2|        2| 6.200 ns | 6.200 ns |    1|    1| function |
        +-------------------------+-----------------------+---------+---------+----------+----------+-----+-----+----------+

        * Loop: 
        N/A



================================================================
== Utilization Estimates
================================================================
* Summary: 
+---------------------+---------+-------+---------+---------+-----+
|         Name        | BRAM_18K| DSP48E|    FF   |   LUT   | URAM|
+---------------------+---------+-------+---------+---------+-----+
|DSP                  |        -|      -|        -|        -|    -|
|Expression           |        -|      -|        -|        -|    -|
|FIFO                 |       99|      -|     1779|     1110|    -|
|Instance             |        2|      -|     4321|     2035|    -|
|Memory               |        -|      -|        -|        -|    -|
|Multiplexer          |        -|      -|        -|        -|    -|
|Register             |        -|      -|        -|        -|    -|
+---------------------+---------+-------+---------+---------+-----+
|Total                |      101|      0|     6100|     3145|    0|
+---------------------+---------+-------+---------+---------+-----+
|Available SLR        |     1344|   3008|   869120|   434560|  320|
+---------------------+---------+-------+---------+---------+-----+
|Utilization SLR (%)  |        7|      0|    ~0   |    ~0   |    0|
+---------------------+---------+-------+---------+---------+-----+
|Available            |     4032|   9024|  2607360|  1303680|  960|
+---------------------+---------+-------+---------+---------+-----+
|Utilization (%)      |        2|      0|    ~0   |    ~0   |    0|
+---------------------+---------+-------+---------+---------+-----+

+ Detail: 
    * Instance: 
    +-------------------------+-----------------------+---------+-------+------+------+-----+
    |         Instance        |         Module        | BRAM_18K| DSP48E|  FF  |  LUT | URAM|
    +-------------------------+-----------------------+---------+-------+------+------+-----+
    |broadcaster_and_mac_U0   |broadcaster_and_mac_s  |        0|      0|   622|   189|    0|
    |compute_and_insert_i_U0  |compute_and_insert_i   |        2|      0|  2528|  1587|    0|
    |handle_output_U0         |handle_output          |        0|      0|  1171|   259|    0|
    +-------------------------+-----------------------+---------+-------+------+------+-----+
    |Total                    |                       |        2|      0|  4321|  2035|    0|
    +-------------------------+-----------------------+---------+-------+------+------+-----+

    * DSP48E: 
    N/A

    * Memory: 
    N/A

    * FIFO: 
    +------------------------+---------+-----+----+-----+------+-----+---------+
    |          Name          | BRAM_18K|  FF | LUT| URAM| Depth| Bits| Size:D*B|
    +------------------------+---------+-----+----+-----+------+-----+---------+
    |ip_header_checksum_V_U  |       33|  593|   0|    -|    16|  577|     9232|
    |ip_header_out_V_U       |       33|  593|   0|    -|    16|  577|     9232|
    |no_ip_header_out_V_U    |       33|  593|   0|    -|    16|  577|     9232|
    +------------------------+---------+-----+----+-----+------+-----+---------+
    |Total                   |       99| 1779|   0|    0|    48| 1731|    27696|
    +------------------------+---------+-----+----+-----+------+-----+---------+

    * Expression: 
    N/A

    * Multiplexer: 
    N/A

    * Register: 
    N/A



================================================================
== Interface
================================================================
* Summary: 
+----------------------------+-----+-----+--------------+--------------------------+--------------+
|          RTL Ports         | Dir | Bits|   Protocol   |       Source Object      |    C Type    |
+----------------------------+-----+-----+--------------+--------------------------+--------------+
|dataIn_TDATA                |  in |  512|     axis     |      dataIn_V_data_V     |    pointer   |
|dataIn_TKEEP                |  in |   64|     axis     |      dataIn_V_keep_V     |    pointer   |
|dataIn_TLAST                |  in |    1|     axis     |      dataIn_V_last_V     |    pointer   |
|dataIn_TVALID               |  in |    1|     axis     |      dataIn_V_last_V     |    pointer   |
|dataIn_TREADY               | out |    1|     axis     |      dataIn_V_last_V     |    pointer   |
|dataOut_TDATA               | out |  512|     axis     |     dataOut_V_data_V     |    pointer   |
|dataOut_TKEEP               | out |   64|     axis     |     dataOut_V_keep_V     |    pointer   |
|dataOut_TLAST               | out |    1|     axis     |     dataOut_V_last_V     |    pointer   |
|dataOut_TVALID              | out |    1|     axis     |     dataOut_V_last_V     |    pointer   |
|dataOut_TREADY              |  in |    1|     axis     |     dataOut_V_last_V     |    pointer   |
|arpTableReplay_V_TDATA      |  in |   56|     axis     |     arpTableReplay_V     |    pointer   |
|arpTableReplay_V_TVALID     |  in |    1|     axis     |     arpTableReplay_V     |    pointer   |
|arpTableReplay_V_TREADY     | out |    1|     axis     |     arpTableReplay_V     |    pointer   |
|arpTableRequest_V_V_TDATA   | out |   32|     axis     |    arpTableRequest_V_V   |    pointer   |
|arpTableRequest_V_V_TVALID  | out |    1|     axis     |    arpTableRequest_V_V   |    pointer   |
|arpTableRequest_V_V_TREADY  |  in |    1|     axis     |    arpTableRequest_V_V   |    pointer   |
|myMacAddress_V              |  in |   48|   ap_stable  |      myMacAddress_V      |    pointer   |
|regSubNetMask_V             |  in |   32|   ap_stable  |      regSubNetMask_V     |    pointer   |
|regDefaultGateway_V         |  in |   32|   ap_stable  |    regDefaultGateway_V   |    pointer   |
|ap_clk                      |  in |    1| ap_ctrl_none | ethernet_header_inserter | return value |
|ap_rst_n                    |  in |    1| ap_ctrl_none | ethernet_header_inserter | return value |
+----------------------------+-----+-----+--------------+--------------------------+--------------+

