

================================================================
== Vivado HLS Report for 'ethernet_header_inserter'
================================================================
* Date:           Thu Aug  5 18:55:53 2021

* Version:        2020.1 (Build 2897737 on Wed May 27 20:21:37 MDT 2020)
* Project:        ETH_inserter_hls_prj
* Solution:       ultrascale_plus
* Product family: virtexuplus
* Target device:  xcu280-fsvh2892-2L-e


================================================================
== Performance Estimates
================================================================
+ Timing: 
    * Summary: 
    +--------+---------+----------+------------+
    |  Clock |  Target | Estimated| Uncertainty|
    +--------+---------+----------+------------+
    |ap_clk  | 3.10 ns | 2.891 ns |   0.20 ns  |
    +--------+---------+----------+------------+

+ Latency: 
    * Summary: 
    +---------+---------+-----------+-----------+-----+-----+----------+
    |  Latency (cycles) |   Latency (absolute)  |  Interval | Pipeline |
    |   min   |   max   |    min    |    max    | min | max |   Type   |
    +---------+---------+-----------+-----------+-----+-----+----------+
    |        8|        8| 24.800 ns | 24.800 ns |    1|    1| dataflow |
    +---------+---------+-----------+-----------+-----+-----+----------+

    + Detail: 
        * Instance: 
        N/A

        * Loop: 
        N/A

============================================================
+ Verbose Summary: Synthesis Manager
============================================================
InlineROM: 1
ExposeGlobal: 0
============================================================
+ Verbose Summary: CDFG Model
============================================================
IsTopModel: 1
ResetActiveHigh: 1
IsCombinational: 2
IsDatapathOnly: 0
HasWiredReturn: 1
HasMFsm: 0
HasVarLatency: 1
IsPipeline: 0
IsRtlPipelined: 0
IsInstanceOverlapped: 0
IsDontTouch: 0
HasImplIP: 0
IsGatedGlobalClock: 0


============================================================
+ Verbose Summary: Schedule
============================================================
* Number of FSM states : 11
* Pipeline : 0
* Dataflow Pipeline: 1
  DF-Pipeline-0: Size = 11, States = { 1 2 3 4 5 6 7 8 9 10 11 }

* FSM state transitions: 
1 --> 2 
2 --> 3 
3 --> 4 
4 --> 5 
5 --> 6 
6 --> 7 
7 --> 8 
8 --> 9 
9 --> 10 
10 --> 11 
11 --> 

* FSM state operations: 

State 1 <SV = 0> <Delay = 0.85>
ST_1 : Operation 12 [3/3] (0.85ns)   --->   "call fastcc void @broadcaster_and_mac_(i512* %dataIn_V_data_V, i64* %dataIn_V_keep_V, i1* %dataIn_V_last_V, i32* %arpTableRequest_V_V, i32* nocapture %regSubNetMask_V, i32* nocapture %regDefaultGateway_V) noinline" [/home/ubuntu/xup_vitis_network_example/NetLayers/100G-fpga-network-stack-core/synthesis_results_HMB/..//hls/ethernet_inserter/ethernet_header_inserter.cpp:343]   --->   Operation 12 'call' <Predicate = true> <Delay = 0.85> <CoreType = "Generic">   --->   Core 0 '' <Latency = 0> <II = 1> <Delay = 1.00> <Generic> <Opcode : >

State 2 <SV = 1> <Delay = 0.00>
ST_2 : Operation 13 [2/3] (0.00ns)   --->   "call fastcc void @broadcaster_and_mac_(i512* %dataIn_V_data_V, i64* %dataIn_V_keep_V, i1* %dataIn_V_last_V, i32* %arpTableRequest_V_V, i32* nocapture %regSubNetMask_V, i32* nocapture %regDefaultGateway_V) noinline" [/home/ubuntu/xup_vitis_network_example/NetLayers/100G-fpga-network-stack-core/synthesis_results_HMB/..//hls/ethernet_inserter/ethernet_header_inserter.cpp:343]   --->   Operation 13 'call' <Predicate = true> <Delay = 0.00> <CoreType = "Generic">   --->   Core 0 '' <Latency = 0> <II = 1> <Delay = 1.00> <Generic> <Opcode : >

State 3 <SV = 2> <Delay = 0.00>
ST_3 : Operation 14 [1/3] (0.00ns)   --->   "call fastcc void @broadcaster_and_mac_(i512* %dataIn_V_data_V, i64* %dataIn_V_keep_V, i1* %dataIn_V_last_V, i32* %arpTableRequest_V_V, i32* nocapture %regSubNetMask_V, i32* nocapture %regDefaultGateway_V) noinline" [/home/ubuntu/xup_vitis_network_example/NetLayers/100G-fpga-network-stack-core/synthesis_results_HMB/..//hls/ethernet_inserter/ethernet_header_inserter.cpp:343]   --->   Operation 14 'call' <Predicate = true> <Delay = 0.00> <CoreType = "Generic">   --->   Core 0 '' <Latency = 0> <II = 1> <Delay = 1.00> <Generic> <Opcode : >

State 4 <SV = 3> <Delay = 0.00>
ST_4 : Operation 15 [4/4] (0.00ns)   --->   "call fastcc void @compute_and_insert_i() nounwind uwtable noinline" [/home/ubuntu/xup_vitis_network_example/NetLayers/100G-fpga-network-stack-core/synthesis_results_HMB/..//hls/ethernet_inserter/ethernet_header_inserter.cpp:351]   --->   Operation 15 'call' <Predicate = true> <Delay = 0.00> <CoreType = "Generic">   --->   Core 0 '' <Latency = 0> <II = 1> <Delay = 1.00> <Generic> <Opcode : >

State 5 <SV = 4> <Delay = 0.00>
ST_5 : Operation 16 [3/4] (0.00ns)   --->   "call fastcc void @compute_and_insert_i() nounwind uwtable noinline" [/home/ubuntu/xup_vitis_network_example/NetLayers/100G-fpga-network-stack-core/synthesis_results_HMB/..//hls/ethernet_inserter/ethernet_header_inserter.cpp:351]   --->   Operation 16 'call' <Predicate = true> <Delay = 0.00> <CoreType = "Generic">   --->   Core 0 '' <Latency = 0> <II = 1> <Delay = 1.00> <Generic> <Opcode : >

State 6 <SV = 5> <Delay = 0.00>
ST_6 : Operation 17 [2/4] (0.00ns)   --->   "call fastcc void @compute_and_insert_i() nounwind uwtable noinline" [/home/ubuntu/xup_vitis_network_example/NetLayers/100G-fpga-network-stack-core/synthesis_results_HMB/..//hls/ethernet_inserter/ethernet_header_inserter.cpp:351]   --->   Operation 17 'call' <Predicate = true> <Delay = 0.00> <CoreType = "Generic">   --->   Core 0 '' <Latency = 0> <II = 1> <Delay = 1.00> <Generic> <Opcode : >

State 7 <SV = 6> <Delay = 0.00>
ST_7 : Operation 18 [1/4] (0.00ns)   --->   "call fastcc void @compute_and_insert_i() nounwind uwtable noinline" [/home/ubuntu/xup_vitis_network_example/NetLayers/100G-fpga-network-stack-core/synthesis_results_HMB/..//hls/ethernet_inserter/ethernet_header_inserter.cpp:351]   --->   Operation 18 'call' <Predicate = true> <Delay = 0.00> <CoreType = "Generic">   --->   Core 0 '' <Latency = 0> <II = 1> <Delay = 1.00> <Generic> <Opcode : >

State 8 <SV = 7> <Delay = 1.24>
ST_8 : Operation 19 [3/3] (1.24ns)   --->   "call fastcc void @handle_output(i56* %arpTableReplay_V, i48* %myMacAddress_V, i512* %dataOut_V_data_V, i64* %dataOut_V_keep_V, i1* %dataOut_V_last_V)" [/home/ubuntu/xup_vitis_network_example/NetLayers/100G-fpga-network-stack-core/synthesis_results_HMB/..//hls/ethernet_inserter/ethernet_header_inserter.cpp:355]   --->   Operation 19 'call' <Predicate = true> <Delay = 1.24> <CoreType = "Generic">   --->   Core 0 '' <Latency = 0> <II = 1> <Delay = 1.00> <Generic> <Opcode : >

State 9 <SV = 8> <Delay = 2.37>
ST_9 : Operation 20 [2/3] (2.37ns)   --->   "call fastcc void @handle_output(i56* %arpTableReplay_V, i48* %myMacAddress_V, i512* %dataOut_V_data_V, i64* %dataOut_V_keep_V, i1* %dataOut_V_last_V)" [/home/ubuntu/xup_vitis_network_example/NetLayers/100G-fpga-network-stack-core/synthesis_results_HMB/..//hls/ethernet_inserter/ethernet_header_inserter.cpp:355]   --->   Operation 20 'call' <Predicate = true> <Delay = 2.37> <CoreType = "Generic">   --->   Core 0 '' <Latency = 0> <II = 1> <Delay = 1.00> <Generic> <Opcode : >

State 10 <SV = 9> <Delay = 0.00>
ST_10 : Operation 21 [1/3] (0.00ns)   --->   "call fastcc void @handle_output(i56* %arpTableReplay_V, i48* %myMacAddress_V, i512* %dataOut_V_data_V, i64* %dataOut_V_keep_V, i1* %dataOut_V_last_V)" [/home/ubuntu/xup_vitis_network_example/NetLayers/100G-fpga-network-stack-core/synthesis_results_HMB/..//hls/ethernet_inserter/ethernet_header_inserter.cpp:355]   --->   Operation 21 'call' <Predicate = true> <Delay = 0.00> <CoreType = "Generic">   --->   Core 0 '' <Latency = 0> <II = 1> <Delay = 1.00> <Generic> <Opcode : >

State 11 <SV = 10> <Delay = 0.00>
ST_11 : Operation 22 [1/1] (0.00ns)   --->   "call void (...)* @_ssdm_op_SpecDataflowPipeline(i32 -1, i32 0, [1 x i8]* @p_str) nounwind" [/home/ubuntu/xup_vitis_network_example/NetLayers/100G-fpga-network-stack-core/synthesis_results_HMB/..//hls/ethernet_inserter/ethernet_header_inserter.cpp:314]   --->   Operation 22 'specdataflowpipeline' <Predicate = true> <Delay = 0.00>
ST_11 : Operation 23 [1/1] (0.00ns)   --->   "%empty = call i32 (...)* @_ssdm_op_SpecChannel([21 x i8]* @ip_header_checksum_O, i32 1, [1 x i8]* @p_str, [1 x i8]* @p_str, i32 16, i32 16, i577* @ip_header_checksum_V, i577* @ip_header_checksum_V)"   --->   Operation 23 'specchannel' 'empty' <Predicate = true> <Delay = 0.00>
ST_11 : Operation 24 [1/1] (0.00ns)   --->   "call void (...)* @_ssdm_op_SpecInterface(i577* @ip_header_checksum_V, [8 x i8]* @ap_fifo_str, i32 0, i32 0, [1 x i8]* @p_str, i32 0, i32 0, [1 x i8]* @p_str, [1 x i8]* @p_str, [1 x i8]* @p_str, i32 2, i32 2, i32 16, i32 16, [1 x i8]* @p_str, [1 x i8]* @p_str)"   --->   Operation 24 'specinterface' <Predicate = true> <Delay = 0.00>
ST_11 : Operation 25 [1/1] (0.00ns)   --->   "%empty_18 = call i32 (...)* @_ssdm_op_SpecChannel([16 x i8]* @ip_header_out_OC_V_s, i32 1, [1 x i8]* @p_str, [1 x i8]* @p_str, i32 16, i32 16, i577* @ip_header_out_V, i577* @ip_header_out_V)"   --->   Operation 25 'specchannel' 'empty_18' <Predicate = true> <Delay = 0.00>
ST_11 : Operation 26 [1/1] (0.00ns)   --->   "call void (...)* @_ssdm_op_SpecInterface(i577* @ip_header_out_V, [8 x i8]* @ap_fifo_str, i32 0, i32 0, [1 x i8]* @p_str, i32 0, i32 0, [1 x i8]* @p_str, [1 x i8]* @p_str, [1 x i8]* @p_str, i32 2, i32 2, i32 16, i32 16, [1 x i8]* @p_str, [1 x i8]* @p_str)"   --->   Operation 26 'specinterface' <Predicate = true> <Delay = 0.00>
ST_11 : Operation 27 [1/1] (0.00ns)   --->   "%empty_19 = call i32 (...)* @_ssdm_op_SpecChannel([19 x i8]* @no_ip_header_out_OC_s, i32 1, [1 x i8]* @p_str, [1 x i8]* @p_str, i32 16, i32 16, i577* @no_ip_header_out_V, i577* @no_ip_header_out_V)"   --->   Operation 27 'specchannel' 'empty_19' <Predicate = true> <Delay = 0.00>
ST_11 : Operation 28 [1/1] (0.00ns)   --->   "call void (...)* @_ssdm_op_SpecInterface(i577* @no_ip_header_out_V, [8 x i8]* @ap_fifo_str, i32 0, i32 0, [1 x i8]* @p_str, i32 0, i32 0, [1 x i8]* @p_str, [1 x i8]* @p_str, [1 x i8]* @p_str, i32 2, i32 2, i32 16, i32 16, [1 x i8]* @p_str, [1 x i8]* @p_str)"   --->   Operation 28 'specinterface' <Predicate = true> <Delay = 0.00>
ST_11 : Operation 29 [1/1] (0.00ns)   --->   "call void (...)* @_ssdm_op_SpecBitsMap(i56* %arpTableReplay_V), !map !201"   --->   Operation 29 'specbitsmap' <Predicate = true> <Delay = 0.00>
ST_11 : Operation 30 [1/1] (0.00ns)   --->   "call void (...)* @_ssdm_op_SpecBitsMap(i512* %dataIn_V_data_V), !map !208"   --->   Operation 30 'specbitsmap' <Predicate = true> <Delay = 0.00>
ST_11 : Operation 31 [1/1] (0.00ns)   --->   "call void (...)* @_ssdm_op_SpecBitsMap(i64* %dataIn_V_keep_V), !map !212"   --->   Operation 31 'specbitsmap' <Predicate = true> <Delay = 0.00>
ST_11 : Operation 32 [1/1] (0.00ns)   --->   "call void (...)* @_ssdm_op_SpecBitsMap(i1* %dataIn_V_last_V), !map !216"   --->   Operation 32 'specbitsmap' <Predicate = true> <Delay = 0.00>
ST_11 : Operation 33 [1/1] (0.00ns)   --->   "call void (...)* @_ssdm_op_SpecBitsMap(i512* %dataOut_V_data_V), !map !220"   --->   Operation 33 'specbitsmap' <Predicate = true> <Delay = 0.00>
ST_11 : Operation 34 [1/1] (0.00ns)   --->   "call void (...)* @_ssdm_op_SpecBitsMap(i64* %dataOut_V_keep_V), !map !224"   --->   Operation 34 'specbitsmap' <Predicate = true> <Delay = 0.00>
ST_11 : Operation 35 [1/1] (0.00ns)   --->   "call void (...)* @_ssdm_op_SpecBitsMap(i1* %dataOut_V_last_V), !map !228"   --->   Operation 35 'specbitsmap' <Predicate = true> <Delay = 0.00>
ST_11 : Operation 36 [1/1] (0.00ns)   --->   "call void (...)* @_ssdm_op_SpecBitsMap(i32* %arpTableRequest_V_V), !map !232"   --->   Operation 36 'specbitsmap' <Predicate = true> <Delay = 0.00>
ST_11 : Operation 37 [1/1] (0.00ns)   --->   "call void (...)* @_ssdm_op_SpecBitsMap(i48* %myMacAddress_V), !map !236"   --->   Operation 37 'specbitsmap' <Predicate = true> <Delay = 0.00>
ST_11 : Operation 38 [1/1] (0.00ns)   --->   "call void (...)* @_ssdm_op_SpecBitsMap(i32* %regSubNetMask_V), !map !240"   --->   Operation 38 'specbitsmap' <Predicate = true> <Delay = 0.00>
ST_11 : Operation 39 [1/1] (0.00ns)   --->   "call void (...)* @_ssdm_op_SpecBitsMap(i32* %regDefaultGateway_V), !map !244"   --->   Operation 39 'specbitsmap' <Predicate = true> <Delay = 0.00>
ST_11 : Operation 40 [1/1] (0.00ns)   --->   "call void (...)* @_ssdm_op_SpecTopModule([25 x i8]* @ethernet_header_inse) nounwind"   --->   Operation 40 'spectopmodule' <Predicate = true> <Delay = 0.00>
ST_11 : Operation 41 [1/1] (0.00ns)   --->   "call void (...)* @_ssdm_op_SpecInterface(i32 0, [13 x i8]* @p_str6, i32 0, i32 0, [1 x i8]* @p_str, i32 0, i32 0, [1 x i8]* @p_str, [1 x i8]* @p_str, [1 x i8]* @p_str, i32 0, i32 0, i32 0, i32 0, [1 x i8]* @p_str, [1 x i8]* @p_str) nounwind" [/home/ubuntu/xup_vitis_network_example/NetLayers/100G-fpga-network-stack-core/synthesis_results_HMB/..//hls/ethernet_inserter/ethernet_header_inserter.cpp:315]   --->   Operation 41 'specinterface' <Predicate = true> <Delay = 0.00>
ST_11 : Operation 42 [1/1] (0.00ns)   --->   "call void (...)* @_ssdm_op_SpecInterface(i512* %dataIn_V_data_V, i64* %dataIn_V_keep_V, i1* %dataIn_V_last_V, [5 x i8]* @p_str7, i32 1, i32 1, [5 x i8]* @p_str8, i32 0, i32 0, [1 x i8]* @p_str, [1 x i8]* @p_str, [1 x i8]* @p_str, i32 0, i32 0, i32 0, i32 0, [1 x i8]* @p_str, [1 x i8]* @p_str) nounwind" [/home/ubuntu/xup_vitis_network_example/NetLayers/100G-fpga-network-stack-core/synthesis_results_HMB/..//hls/ethernet_inserter/ethernet_header_inserter.cpp:317]   --->   Operation 42 'specinterface' <Predicate = true> <Delay = 0.00>
ST_11 : Operation 43 [1/1] (0.00ns)   --->   "call void (...)* @_ssdm_op_SpecInterface(i512* %dataOut_V_data_V, i64* %dataOut_V_keep_V, i1* %dataOut_V_last_V, [5 x i8]* @p_str7, i32 1, i32 1, [5 x i8]* @p_str8, i32 0, i32 0, [1 x i8]* @p_str, [1 x i8]* @p_str, [1 x i8]* @p_str, i32 0, i32 0, i32 0, i32 0, [1 x i8]* @p_str, [1 x i8]* @p_str) nounwind" [/home/ubuntu/xup_vitis_network_example/NetLayers/100G-fpga-network-stack-core/synthesis_results_HMB/..//hls/ethernet_inserter/ethernet_header_inserter.cpp:318]   --->   Operation 43 'specinterface' <Predicate = true> <Delay = 0.00>
ST_11 : Operation 44 [1/1] (0.00ns)   --->   "call void (...)* @_ssdm_op_SpecInterface(i56* %arpTableReplay_V, [5 x i8]* @p_str7, i32 1, i32 1, [5 x i8]* @p_str8, i32 0, i32 0, [1 x i8]* @p_str, [1 x i8]* @p_str, [1 x i8]* @p_str, i32 0, i32 0, i32 0, i32 0, [1 x i8]* @p_str, [1 x i8]* @p_str)" [/home/ubuntu/xup_vitis_network_example/NetLayers/100G-fpga-network-stack-core/synthesis_results_HMB/..//hls/ethernet_inserter/ethernet_header_inserter.cpp:320]   --->   Operation 44 'specinterface' <Predicate = true> <Delay = 0.00>
ST_11 : Operation 45 [1/1] (0.00ns)   --->   "call void (...)* @_ssdm_op_SpecInterface(i32* %arpTableRequest_V_V, [5 x i8]* @p_str7, i32 1, i32 1, [5 x i8]* @p_str8, i32 0, i32 0, [1 x i8]* @p_str, [1 x i8]* @p_str, [1 x i8]* @p_str, i32 0, i32 0, i32 0, i32 0, [1 x i8]* @p_str, [1 x i8]* @p_str) nounwind" [/home/ubuntu/xup_vitis_network_example/NetLayers/100G-fpga-network-stack-core/synthesis_results_HMB/..//hls/ethernet_inserter/ethernet_header_inserter.cpp:321]   --->   Operation 45 'specinterface' <Predicate = true> <Delay = 0.00>
ST_11 : Operation 46 [1/1] (0.00ns)   --->   "call void (...)* @_ssdm_op_SpecInterface(i48* %myMacAddress_V, [10 x i8]* @p_str9, i32 0, i32 1, [1 x i8]* @p_str, i32 0, i32 0, [1 x i8]* @p_str, [1 x i8]* @p_str, [1 x i8]* @p_str, i32 0, i32 0, i32 0, i32 0, [13 x i8]* @p_str10, [1 x i8]* @p_str) nounwind" [/home/ubuntu/xup_vitis_network_example/NetLayers/100G-fpga-network-stack-core/synthesis_results_HMB/..//hls/ethernet_inserter/ethernet_header_inserter.cpp:325]   --->   Operation 46 'specinterface' <Predicate = true> <Delay = 0.00>
ST_11 : Operation 47 [1/1] (0.00ns)   --->   "call void (...)* @_ssdm_op_SpecInterface(i32* %regSubNetMask_V, [10 x i8]* @p_str9, i32 0, i32 1, [1 x i8]* @p_str, i32 0, i32 0, [1 x i8]* @p_str, [1 x i8]* @p_str, [1 x i8]* @p_str, i32 0, i32 0, i32 0, i32 0, [14 x i8]* @p_str11, [1 x i8]* @p_str) nounwind" [/home/ubuntu/xup_vitis_network_example/NetLayers/100G-fpga-network-stack-core/synthesis_results_HMB/..//hls/ethernet_inserter/ethernet_header_inserter.cpp:326]   --->   Operation 47 'specinterface' <Predicate = true> <Delay = 0.00>
ST_11 : Operation 48 [1/1] (0.00ns)   --->   "call void (...)* @_ssdm_op_SpecInterface(i32* %regDefaultGateway_V, [10 x i8]* @p_str9, i32 0, i32 1, [1 x i8]* @p_str, i32 0, i32 0, [1 x i8]* @p_str, [1 x i8]* @p_str, [1 x i8]* @p_str, i32 0, i32 0, i32 0, i32 0, [18 x i8]* @p_str12, [1 x i8]* @p_str) nounwind" [/home/ubuntu/xup_vitis_network_example/NetLayers/100G-fpga-network-stack-core/synthesis_results_HMB/..//hls/ethernet_inserter/ethernet_header_inserter.cpp:327]   --->   Operation 48 'specinterface' <Predicate = true> <Delay = 0.00>
ST_11 : Operation 49 [1/1] (0.00ns)   --->   "ret void" [/home/ubuntu/xup_vitis_network_example/NetLayers/100G-fpga-network-stack-core/synthesis_results_HMB/..//hls/ethernet_inserter/ethernet_header_inserter.cpp:361]   --->   Operation 49 'ret' <Predicate = true> <Delay = 0.00>


============================================================
+ Verbose Summary: Timing violations
============================================================
Target clock period: 3.1ns, clock uncertainty: 0.2ns.

 <State 1>: 0.859ns
The critical path consists of the following:
	'call' operation ('call_ln343', /home/ubuntu/xup_vitis_network_example/NetLayers/100G-fpga-network-stack-core/synthesis_results_HMB/..//hls/ethernet_inserter/ethernet_header_inserter.cpp:343) to 'broadcaster_and_mac_' [51]  (0.859 ns)

 <State 2>: 0ns
The critical path consists of the following:

 <State 3>: 0ns
The critical path consists of the following:

 <State 4>: 0ns
The critical path consists of the following:

 <State 5>: 0ns
The critical path consists of the following:

 <State 6>: 0ns
The critical path consists of the following:

 <State 7>: 0ns
The critical path consists of the following:

 <State 8>: 1.25ns
The critical path consists of the following:
	'call' operation ('call_ln355', /home/ubuntu/xup_vitis_network_example/NetLayers/100G-fpga-network-stack-core/synthesis_results_HMB/..//hls/ethernet_inserter/ethernet_header_inserter.cpp:355) to 'handle_output' [53]  (1.25 ns)

 <State 9>: 2.37ns
The critical path consists of the following:
	'call' operation ('call_ln355', /home/ubuntu/xup_vitis_network_example/NetLayers/100G-fpga-network-stack-core/synthesis_results_HMB/..//hls/ethernet_inserter/ethernet_header_inserter.cpp:355) to 'handle_output' [53]  (2.37 ns)

 <State 10>: 0ns
The critical path consists of the following:

 <State 11>: 0ns
The critical path consists of the following:


============================================================
+ Verbose Summary: Binding
============================================================
N/A
* FSMD analyzer results:
  - Output states:
 - Input state : 
  - Chain level:
	State 1
	State 2
	State 3
	State 4
	State 5
	State 6
	State 7
	State 8
	State 9
	State 10
	State 11


============================================================
+ Verbose Summary: Datapath Resource usage 
============================================================
N/A
