

================================================================
== Vitis HLS Report for 'entry_proc'
================================================================
* Date:           Wed Nov  3 14:24:01 2021

* Version:        2021.1 (Build 3247384 on Thu Jun 10 19:36:07 MDT 2021)
* Project:        UDP_prj
* Solution:       ultrascale_plus (Vivado IP Flow Target)
* Product family: virtexuplus
* Target device:  xcu280-fsvh2892-2L-e


================================================================
== Performance Estimates
================================================================
+ Timing: 
    * Summary: 
    +--------+---------+----------+------------+
    |  Clock |  Target | Estimated| Uncertainty|
    +--------+---------+----------+------------+
    |ap_clk  |  2.50 ns|      0 ns|     0.20 ns|
    +--------+---------+----------+------------+

+ Latency: 
    * Summary: 
    +---------+---------+----------+----------+-----+-----+---------+
    |  Latency (cycles) |  Latency (absolute) |  Interval | Pipeline|
    |   min   |   max   |    min   |    max   | min | max |   Type  |
    +---------+---------+----------+----------+-----+-----+---------+
    |        0|        0|      0 ns|      0 ns|    0|    0|       no|
    +---------+---------+----------+----------+-----+-----+---------+

    + Detail: 
        * Instance: 
        N/A

        * Loop: 
        N/A



================================================================
== Utilization Estimates
================================================================
* Summary: 
+---------------------+---------+------+---------+---------+-----+
|         Name        | BRAM_18K|  DSP |    FF   |   LUT   | URAM|
+---------------------+---------+------+---------+---------+-----+
|DSP                  |        -|     -|        -|        -|    -|
|Expression           |        -|     -|        0|        2|    -|
|FIFO                 |        -|     -|        -|        -|    -|
|Instance             |        -|     -|        -|        -|    -|
|Memory               |        -|     -|        -|        -|    -|
|Multiplexer          |        -|     -|        -|      594|    -|
|Register             |        -|     -|     1074|        -|    -|
+---------------------+---------+------+---------+---------+-----+
|Total                |        0|     0|     1074|      596|    0|
+---------------------+---------+------+---------+---------+-----+
|Available SLR        |     1344|  3008|   869120|   434560|  320|
+---------------------+---------+------+---------+---------+-----+
|Utilization SLR (%)  |        0|     0|       ~0|       ~0|    0|
+---------------------+---------+------+---------+---------+-----+
|Available            |     4032|  9024|  2607360|  1303680|  960|
+---------------------+---------+------+---------+---------+-----+
|Utilization (%)      |        0|     0|       ~0|       ~0|    0|
+---------------------+---------+------+---------+---------+-----+

+ Detail: 
    * Instance: 
    N/A

    * DSP: 
    N/A

    * Memory: 
    N/A

    * FIFO: 
    N/A

    * Expression: 
    +-----------------+----------+----+---+----+------------+------------+
    |  Variable Name  | Operation| DSP| FF| LUT| Bitwidth P0| Bitwidth P1|
    +-----------------+----------+----+---+----+------------+------------+
    |ap_block_state1  |        or|   0|  0|   2|           1|           1|
    +-----------------+----------+----+---+----+------------+------------+
    |Total            |          |   0|  0|   2|           1|           1|
    +-----------------+----------+----+---+----+------------+------------+

    * Multiplexer: 
    +--------------+----+-----------+-----+-----------+
    |     Name     | LUT| Input Size| Bits| Total Bits|
    +--------------+----+-----------+-----+-----------+
    |ap_done       |   9|          2|    1|          2|
    |ap_return_0   |   9|          2|   32|         64|
    |ap_return_1   |   9|          2|   32|         64|
    |ap_return_10  |   9|          2|   32|         64|
    |ap_return_11  |   9|          2|   32|         64|
    |ap_return_12  |   9|          2|   32|         64|
    |ap_return_13  |   9|          2|   32|         64|
    |ap_return_14  |   9|          2|   32|         64|
    |ap_return_15  |   9|          2|   32|         64|
    |ap_return_16  |   9|          2|   32|         64|
    |ap_return_17  |   9|          2|   16|         32|
    |ap_return_18  |   9|          2|   16|         32|
    |ap_return_19  |   9|          2|   16|         32|
    |ap_return_2   |   9|          2|   32|         64|
    |ap_return_20  |   9|          2|   16|         32|
    |ap_return_21  |   9|          2|   16|         32|
    |ap_return_22  |   9|          2|   16|         32|
    |ap_return_23  |   9|          2|   16|         32|
    |ap_return_24  |   9|          2|   16|         32|
    |ap_return_25  |   9|          2|   16|         32|
    |ap_return_26  |   9|          2|   16|         32|
    |ap_return_27  |   9|          2|   16|         32|
    |ap_return_28  |   9|          2|   16|         32|
    |ap_return_29  |   9|          2|   16|         32|
    |ap_return_3   |   9|          2|   32|         64|
    |ap_return_30  |   9|          2|   16|         32|
    |ap_return_31  |   9|          2|   16|         32|
    |ap_return_32  |   9|          2|   16|         32|
    |ap_return_33  |   9|          2|   16|         32|
    |ap_return_34  |   9|          2|   16|         32|
    |ap_return_35  |   9|          2|   16|         32|
    |ap_return_36  |   9|          2|   16|         32|
    |ap_return_37  |   9|          2|   16|         32|
    |ap_return_38  |   9|          2|   16|         32|
    |ap_return_39  |   9|          2|   16|         32|
    |ap_return_4   |   9|          2|   32|         64|
    |ap_return_40  |   9|          2|   16|         32|
    |ap_return_41  |   9|          2|   16|         32|
    |ap_return_42  |   9|          2|   16|         32|
    |ap_return_43  |   9|          2|   16|         32|
    |ap_return_44  |   9|          2|   16|         32|
    |ap_return_45  |   9|          2|   16|         32|
    |ap_return_46  |   9|          2|   16|         32|
    |ap_return_47  |   9|          2|   16|         32|
    |ap_return_48  |   9|          2|   16|         32|
    |ap_return_49  |   9|          2|    1|          2|
    |ap_return_5   |   9|          2|   32|         64|
    |ap_return_50  |   9|          2|    1|          2|
    |ap_return_51  |   9|          2|    1|          2|
    |ap_return_52  |   9|          2|    1|          2|
    |ap_return_53  |   9|          2|    1|          2|
    |ap_return_54  |   9|          2|    1|          2|
    |ap_return_55  |   9|          2|    1|          2|
    |ap_return_56  |   9|          2|    1|          2|
    |ap_return_57  |   9|          2|    1|          2|
    |ap_return_58  |   9|          2|    1|          2|
    |ap_return_59  |   9|          2|    1|          2|
    |ap_return_6   |   9|          2|   32|         64|
    |ap_return_60  |   9|          2|    1|          2|
    |ap_return_61  |   9|          2|    1|          2|
    |ap_return_62  |   9|          2|    1|          2|
    |ap_return_63  |   9|          2|    1|          2|
    |ap_return_64  |   9|          2|    1|          2|
    |ap_return_7   |   9|          2|   32|         64|
    |ap_return_8   |   9|          2|   32|         64|
    |ap_return_9   |   9|          2|   32|         64|
    +--------------+----+-----------+-----+-----------+
    |Total         | 594|        132| 1073|       2146|
    +--------------+----+-----------+-----+-----------+

    * Register: 
    +-------------------+----+----+-----+-----------+
    |        Name       | FF | LUT| Bits| Const Bits|
    +-------------------+----+----+-----+-----------+
    |ap_CS_fsm          |   1|   0|    1|          0|
    |ap_done_reg        |   1|   0|    1|          0|
    |ap_return_0_preg   |  32|   0|   32|          0|
    |ap_return_10_preg  |  32|   0|   32|          0|
    |ap_return_11_preg  |  32|   0|   32|          0|
    |ap_return_12_preg  |  32|   0|   32|          0|
    |ap_return_13_preg  |  32|   0|   32|          0|
    |ap_return_14_preg  |  32|   0|   32|          0|
    |ap_return_15_preg  |  32|   0|   32|          0|
    |ap_return_16_preg  |  32|   0|   32|          0|
    |ap_return_17_preg  |  16|   0|   16|          0|
    |ap_return_18_preg  |  16|   0|   16|          0|
    |ap_return_19_preg  |  16|   0|   16|          0|
    |ap_return_1_preg   |  32|   0|   32|          0|
    |ap_return_20_preg  |  16|   0|   16|          0|
    |ap_return_21_preg  |  16|   0|   16|          0|
    |ap_return_22_preg  |  16|   0|   16|          0|
    |ap_return_23_preg  |  16|   0|   16|          0|
    |ap_return_24_preg  |  16|   0|   16|          0|
    |ap_return_25_preg  |  16|   0|   16|          0|
    |ap_return_26_preg  |  16|   0|   16|          0|
    |ap_return_27_preg  |  16|   0|   16|          0|
    |ap_return_28_preg  |  16|   0|   16|          0|
    |ap_return_29_preg  |  16|   0|   16|          0|
    |ap_return_2_preg   |  32|   0|   32|          0|
    |ap_return_30_preg  |  16|   0|   16|          0|
    |ap_return_31_preg  |  16|   0|   16|          0|
    |ap_return_32_preg  |  16|   0|   16|          0|
    |ap_return_33_preg  |  16|   0|   16|          0|
    |ap_return_34_preg  |  16|   0|   16|          0|
    |ap_return_35_preg  |  16|   0|   16|          0|
    |ap_return_36_preg  |  16|   0|   16|          0|
    |ap_return_37_preg  |  16|   0|   16|          0|
    |ap_return_38_preg  |  16|   0|   16|          0|
    |ap_return_39_preg  |  16|   0|   16|          0|
    |ap_return_3_preg   |  32|   0|   32|          0|
    |ap_return_40_preg  |  16|   0|   16|          0|
    |ap_return_41_preg  |  16|   0|   16|          0|
    |ap_return_42_preg  |  16|   0|   16|          0|
    |ap_return_43_preg  |  16|   0|   16|          0|
    |ap_return_44_preg  |  16|   0|   16|          0|
    |ap_return_45_preg  |  16|   0|   16|          0|
    |ap_return_46_preg  |  16|   0|   16|          0|
    |ap_return_47_preg  |  16|   0|   16|          0|
    |ap_return_48_preg  |  16|   0|   16|          0|
    |ap_return_49_preg  |   1|   0|    1|          0|
    |ap_return_4_preg   |  32|   0|   32|          0|
    |ap_return_50_preg  |   1|   0|    1|          0|
    |ap_return_51_preg  |   1|   0|    1|          0|
    |ap_return_52_preg  |   1|   0|    1|          0|
    |ap_return_53_preg  |   1|   0|    1|          0|
    |ap_return_54_preg  |   1|   0|    1|          0|
    |ap_return_55_preg  |   1|   0|    1|          0|
    |ap_return_56_preg  |   1|   0|    1|          0|
    |ap_return_57_preg  |   1|   0|    1|          0|
    |ap_return_58_preg  |   1|   0|    1|          0|
    |ap_return_59_preg  |   1|   0|    1|          0|
    |ap_return_5_preg   |  32|   0|   32|          0|
    |ap_return_60_preg  |   1|   0|    1|          0|
    |ap_return_61_preg  |   1|   0|    1|          0|
    |ap_return_62_preg  |   1|   0|    1|          0|
    |ap_return_63_preg  |   1|   0|    1|          0|
    |ap_return_64_preg  |   1|   0|    1|          0|
    |ap_return_6_preg   |  32|   0|   32|          0|
    |ap_return_7_preg   |  32|   0|   32|          0|
    |ap_return_8_preg   |  32|   0|   32|          0|
    |ap_return_9_preg   |  32|   0|   32|          0|
    +-------------------+----+----+-----+-----------+
    |Total              |1074|   0| 1074|          0|
    +-------------------+----+----+-----+-----------+



================================================================
== Interface
================================================================
* Summary: 
+--------------------------+-----+-----+------------+--------------------------+--------------+
|         RTL Ports        | Dir | Bits|  Protocol  |       Source Object      |    C Type    |
+--------------------------+-----+-----+------------+--------------------------+--------------+
|ap_clk                    |   in|    1|  ap_ctrl_hs|                entry_proc|  return value|
|ap_rst                    |   in|    1|  ap_ctrl_hs|                entry_proc|  return value|
|ap_start                  |   in|    1|  ap_ctrl_hs|                entry_proc|  return value|
|ap_done                   |  out|    1|  ap_ctrl_hs|                entry_proc|  return value|
|ap_continue               |   in|    1|  ap_ctrl_hs|                entry_proc|  return value|
|ap_idle                   |  out|    1|  ap_ctrl_hs|                entry_proc|  return value|
|ap_ready                  |  out|    1|  ap_ctrl_hs|                entry_proc|  return value|
|ap_return_0               |  out|   32|  ap_ctrl_hs|                entry_proc|  return value|
|ap_return_1               |  out|   32|  ap_ctrl_hs|                entry_proc|  return value|
|ap_return_2               |  out|   32|  ap_ctrl_hs|                entry_proc|  return value|
|ap_return_3               |  out|   32|  ap_ctrl_hs|                entry_proc|  return value|
|ap_return_4               |  out|   32|  ap_ctrl_hs|                entry_proc|  return value|
|ap_return_5               |  out|   32|  ap_ctrl_hs|                entry_proc|  return value|
|ap_return_6               |  out|   32|  ap_ctrl_hs|                entry_proc|  return value|
|ap_return_7               |  out|   32|  ap_ctrl_hs|                entry_proc|  return value|
|ap_return_8               |  out|   32|  ap_ctrl_hs|                entry_proc|  return value|
|ap_return_9               |  out|   32|  ap_ctrl_hs|                entry_proc|  return value|
|ap_return_10              |  out|   32|  ap_ctrl_hs|                entry_proc|  return value|
|ap_return_11              |  out|   32|  ap_ctrl_hs|                entry_proc|  return value|
|ap_return_12              |  out|   32|  ap_ctrl_hs|                entry_proc|  return value|
|ap_return_13              |  out|   32|  ap_ctrl_hs|                entry_proc|  return value|
|ap_return_14              |  out|   32|  ap_ctrl_hs|                entry_proc|  return value|
|ap_return_15              |  out|   32|  ap_ctrl_hs|                entry_proc|  return value|
|ap_return_16              |  out|   32|  ap_ctrl_hs|                entry_proc|  return value|
|ap_return_17              |  out|   16|  ap_ctrl_hs|                entry_proc|  return value|
|ap_return_18              |  out|   16|  ap_ctrl_hs|                entry_proc|  return value|
|ap_return_19              |  out|   16|  ap_ctrl_hs|                entry_proc|  return value|
|ap_return_20              |  out|   16|  ap_ctrl_hs|                entry_proc|  return value|
|ap_return_21              |  out|   16|  ap_ctrl_hs|                entry_proc|  return value|
|ap_return_22              |  out|   16|  ap_ctrl_hs|                entry_proc|  return value|
|ap_return_23              |  out|   16|  ap_ctrl_hs|                entry_proc|  return value|
|ap_return_24              |  out|   16|  ap_ctrl_hs|                entry_proc|  return value|
|ap_return_25              |  out|   16|  ap_ctrl_hs|                entry_proc|  return value|
|ap_return_26              |  out|   16|  ap_ctrl_hs|                entry_proc|  return value|
|ap_return_27              |  out|   16|  ap_ctrl_hs|                entry_proc|  return value|
|ap_return_28              |  out|   16|  ap_ctrl_hs|                entry_proc|  return value|
|ap_return_29              |  out|   16|  ap_ctrl_hs|                entry_proc|  return value|
|ap_return_30              |  out|   16|  ap_ctrl_hs|                entry_proc|  return value|
|ap_return_31              |  out|   16|  ap_ctrl_hs|                entry_proc|  return value|
|ap_return_32              |  out|   16|  ap_ctrl_hs|                entry_proc|  return value|
|ap_return_33              |  out|   16|  ap_ctrl_hs|                entry_proc|  return value|
|ap_return_34              |  out|   16|  ap_ctrl_hs|                entry_proc|  return value|
|ap_return_35              |  out|   16|  ap_ctrl_hs|                entry_proc|  return value|
|ap_return_36              |  out|   16|  ap_ctrl_hs|                entry_proc|  return value|
|ap_return_37              |  out|   16|  ap_ctrl_hs|                entry_proc|  return value|
|ap_return_38              |  out|   16|  ap_ctrl_hs|                entry_proc|  return value|
|ap_return_39              |  out|   16|  ap_ctrl_hs|                entry_proc|  return value|
|ap_return_40              |  out|   16|  ap_ctrl_hs|                entry_proc|  return value|
|ap_return_41              |  out|   16|  ap_ctrl_hs|                entry_proc|  return value|
|ap_return_42              |  out|   16|  ap_ctrl_hs|                entry_proc|  return value|
|ap_return_43              |  out|   16|  ap_ctrl_hs|                entry_proc|  return value|
|ap_return_44              |  out|   16|  ap_ctrl_hs|                entry_proc|  return value|
|ap_return_45              |  out|   16|  ap_ctrl_hs|                entry_proc|  return value|
|ap_return_46              |  out|   16|  ap_ctrl_hs|                entry_proc|  return value|
|ap_return_47              |  out|   16|  ap_ctrl_hs|                entry_proc|  return value|
|ap_return_48              |  out|   16|  ap_ctrl_hs|                entry_proc|  return value|
|ap_return_49              |  out|    1|  ap_ctrl_hs|                entry_proc|  return value|
|ap_return_50              |  out|    1|  ap_ctrl_hs|                entry_proc|  return value|
|ap_return_51              |  out|    1|  ap_ctrl_hs|                entry_proc|  return value|
|ap_return_52              |  out|    1|  ap_ctrl_hs|                entry_proc|  return value|
|ap_return_53              |  out|    1|  ap_ctrl_hs|                entry_proc|  return value|
|ap_return_54              |  out|    1|  ap_ctrl_hs|                entry_proc|  return value|
|ap_return_55              |  out|    1|  ap_ctrl_hs|                entry_proc|  return value|
|ap_return_56              |  out|    1|  ap_ctrl_hs|                entry_proc|  return value|
|ap_return_57              |  out|    1|  ap_ctrl_hs|                entry_proc|  return value|
|ap_return_58              |  out|    1|  ap_ctrl_hs|                entry_proc|  return value|
|ap_return_59              |  out|    1|  ap_ctrl_hs|                entry_proc|  return value|
|ap_return_60              |  out|    1|  ap_ctrl_hs|                entry_proc|  return value|
|ap_return_61              |  out|    1|  ap_ctrl_hs|                entry_proc|  return value|
|ap_return_62              |  out|    1|  ap_ctrl_hs|                entry_proc|  return value|
|ap_return_63              |  out|    1|  ap_ctrl_hs|                entry_proc|  return value|
|ap_return_64              |  out|    1|  ap_ctrl_hs|                entry_proc|  return value|
|myIpAddress               |   in|   32|     ap_none|               myIpAddress|       pointer|
|SocketTable_theirIP_0     |   in|   32|     ap_none|     SocketTable_theirIP_0|       pointer|
|SocketTable_theirIP_1     |   in|   32|     ap_none|     SocketTable_theirIP_1|       pointer|
|SocketTable_theirIP_2     |   in|   32|     ap_none|     SocketTable_theirIP_2|       pointer|
|SocketTable_theirIP_3     |   in|   32|     ap_none|     SocketTable_theirIP_3|       pointer|
|SocketTable_theirIP_4     |   in|   32|     ap_none|     SocketTable_theirIP_4|       pointer|
|SocketTable_theirIP_5     |   in|   32|     ap_none|     SocketTable_theirIP_5|       pointer|
|SocketTable_theirIP_6     |   in|   32|     ap_none|     SocketTable_theirIP_6|       pointer|
|SocketTable_theirIP_7     |   in|   32|     ap_none|     SocketTable_theirIP_7|       pointer|
|SocketTable_theirIP_8     |   in|   32|     ap_none|     SocketTable_theirIP_8|       pointer|
|SocketTable_theirIP_9     |   in|   32|     ap_none|     SocketTable_theirIP_9|       pointer|
|SocketTable_theirIP_10    |   in|   32|     ap_none|    SocketTable_theirIP_10|       pointer|
|SocketTable_theirIP_11    |   in|   32|     ap_none|    SocketTable_theirIP_11|       pointer|
|SocketTable_theirIP_12    |   in|   32|     ap_none|    SocketTable_theirIP_12|       pointer|
|SocketTable_theirIP_13    |   in|   32|     ap_none|    SocketTable_theirIP_13|       pointer|
|SocketTable_theirIP_14    |   in|   32|     ap_none|    SocketTable_theirIP_14|       pointer|
|SocketTable_theirIP_15    |   in|   32|     ap_none|    SocketTable_theirIP_15|       pointer|
|SocketTable_theirPort_0   |   in|   16|     ap_none|   SocketTable_theirPort_0|       pointer|
|SocketTable_theirPort_1   |   in|   16|     ap_none|   SocketTable_theirPort_1|       pointer|
|SocketTable_theirPort_2   |   in|   16|     ap_none|   SocketTable_theirPort_2|       pointer|
|SocketTable_theirPort_3   |   in|   16|     ap_none|   SocketTable_theirPort_3|       pointer|
|SocketTable_theirPort_4   |   in|   16|     ap_none|   SocketTable_theirPort_4|       pointer|
|SocketTable_theirPort_5   |   in|   16|     ap_none|   SocketTable_theirPort_5|       pointer|
|SocketTable_theirPort_6   |   in|   16|     ap_none|   SocketTable_theirPort_6|       pointer|
|SocketTable_theirPort_7   |   in|   16|     ap_none|   SocketTable_theirPort_7|       pointer|
|SocketTable_theirPort_8   |   in|   16|     ap_none|   SocketTable_theirPort_8|       pointer|
|SocketTable_theirPort_9   |   in|   16|     ap_none|   SocketTable_theirPort_9|       pointer|
|SocketTable_theirPort_10  |   in|   16|     ap_none|  SocketTable_theirPort_10|       pointer|
|SocketTable_theirPort_11  |   in|   16|     ap_none|  SocketTable_theirPort_11|       pointer|
|SocketTable_theirPort_12  |   in|   16|     ap_none|  SocketTable_theirPort_12|       pointer|
|SocketTable_theirPort_13  |   in|   16|     ap_none|  SocketTable_theirPort_13|       pointer|
|SocketTable_theirPort_14  |   in|   16|     ap_none|  SocketTable_theirPort_14|       pointer|
|SocketTable_theirPort_15  |   in|   16|     ap_none|  SocketTable_theirPort_15|       pointer|
|SocketTable_myPort_0      |   in|   16|     ap_none|      SocketTable_myPort_0|       pointer|
|SocketTable_myPort_1      |   in|   16|     ap_none|      SocketTable_myPort_1|       pointer|
|SocketTable_myPort_2      |   in|   16|     ap_none|      SocketTable_myPort_2|       pointer|
|SocketTable_myPort_3      |   in|   16|     ap_none|      SocketTable_myPort_3|       pointer|
|SocketTable_myPort_4      |   in|   16|     ap_none|      SocketTable_myPort_4|       pointer|
|SocketTable_myPort_5      |   in|   16|     ap_none|      SocketTable_myPort_5|       pointer|
|SocketTable_myPort_6      |   in|   16|     ap_none|      SocketTable_myPort_6|       pointer|
|SocketTable_myPort_7      |   in|   16|     ap_none|      SocketTable_myPort_7|       pointer|
|SocketTable_myPort_8      |   in|   16|     ap_none|      SocketTable_myPort_8|       pointer|
|SocketTable_myPort_9      |   in|   16|     ap_none|      SocketTable_myPort_9|       pointer|
|SocketTable_myPort_10     |   in|   16|     ap_none|     SocketTable_myPort_10|       pointer|
|SocketTable_myPort_11     |   in|   16|     ap_none|     SocketTable_myPort_11|       pointer|
|SocketTable_myPort_12     |   in|   16|     ap_none|     SocketTable_myPort_12|       pointer|
|SocketTable_myPort_13     |   in|   16|     ap_none|     SocketTable_myPort_13|       pointer|
|SocketTable_myPort_14     |   in|   16|     ap_none|     SocketTable_myPort_14|       pointer|
|SocketTable_myPort_15     |   in|   16|     ap_none|     SocketTable_myPort_15|       pointer|
|SocketTable_valid_0       |   in|    1|     ap_none|       SocketTable_valid_0|       pointer|
|SocketTable_valid_1       |   in|    1|     ap_none|       SocketTable_valid_1|       pointer|
|SocketTable_valid_2       |   in|    1|     ap_none|       SocketTable_valid_2|       pointer|
|SocketTable_valid_3       |   in|    1|     ap_none|       SocketTable_valid_3|       pointer|
|SocketTable_valid_4       |   in|    1|     ap_none|       SocketTable_valid_4|       pointer|
|SocketTable_valid_5       |   in|    1|     ap_none|       SocketTable_valid_5|       pointer|
|SocketTable_valid_6       |   in|    1|     ap_none|       SocketTable_valid_6|       pointer|
|SocketTable_valid_7       |   in|    1|     ap_none|       SocketTable_valid_7|       pointer|
|SocketTable_valid_8       |   in|    1|     ap_none|       SocketTable_valid_8|       pointer|
|SocketTable_valid_9       |   in|    1|     ap_none|       SocketTable_valid_9|       pointer|
|SocketTable_valid_10      |   in|    1|     ap_none|      SocketTable_valid_10|       pointer|
|SocketTable_valid_11      |   in|    1|     ap_none|      SocketTable_valid_11|       pointer|
|SocketTable_valid_12      |   in|    1|     ap_none|      SocketTable_valid_12|       pointer|
|SocketTable_valid_13      |   in|    1|     ap_none|      SocketTable_valid_13|       pointer|
|SocketTable_valid_14      |   in|    1|     ap_none|      SocketTable_valid_14|       pointer|
|SocketTable_valid_15      |   in|    1|     ap_none|      SocketTable_valid_15|       pointer|
+--------------------------+-----+-----+------------+--------------------------+--------------+

