

================================================================
== Vivado HLS Report for 'rxTableHandler'
================================================================
* Date:           Thu Aug  5 18:58:25 2021

* Version:        2020.1 (Build 2897737 on Wed May 27 20:21:37 MDT 2020)
* Project:        UDP_prj
* Solution:       ultrascale_plus
* Product family: virtexuplus
* Target device:  xcu280-fsvh2892-2L-e


================================================================
== Performance Estimates
================================================================
+ Timing: 
    * Summary: 
    +--------+---------+----------+------------+
    |  Clock |  Target | Estimated| Uncertainty|
    +--------+---------+----------+------------+
    |ap_clk  | 2.50 ns | 2.375 ns |   0.20 ns  |
    +--------+---------+----------+------------+

+ Latency: 
    * Summary: 
    +---------+---------+----------+----------+-----+-----+----------+
    |  Latency (cycles) |  Latency (absolute) |  Interval | Pipeline |
    |   min   |   max   |    min   |    max   | min | max |   Type   |
    +---------+---------+----------+----------+-----+-----+----------+
    |        2|        2| 5.000 ns | 5.000 ns |    1|    1| function |
    +---------+---------+----------+----------+-----+-----+----------+

    + Detail: 
        * Instance: 
        N/A

        * Loop: 
        N/A



================================================================
== Utilization Estimates
================================================================
* Summary: 
+---------------------+---------+-------+---------+---------+-----+
|         Name        | BRAM_18K| DSP48E|    FF   |   LUT   | URAM|
+---------------------+---------+-------+---------+---------+-----+
|DSP                  |        -|      -|        -|        -|    -|
|Expression           |        -|      -|        0|      879|    -|
|FIFO                 |        -|      -|        -|        -|    -|
|Instance             |        -|      -|        -|        -|    -|
|Memory               |        -|      -|        -|        -|    -|
|Multiplexer          |        -|      -|        -|      544|    -|
|Register             |        -|      -|      164|        -|    -|
+---------------------+---------+-------+---------+---------+-----+
|Total                |        0|      0|      164|     1423|    0|
+---------------------+---------+-------+---------+---------+-----+
|Available SLR        |     1344|   3008|   869120|   434560|  320|
+---------------------+---------+-------+---------+---------+-----+
|Utilization SLR (%)  |        0|      0|    ~0   |    ~0   |    0|
+---------------------+---------+-------+---------+---------+-----+
|Available            |     4032|   9024|  2607360|  1303680|  960|
+---------------------+---------+-------+---------+---------+-----+
|Utilization (%)      |        0|      0|    ~0   |    ~0   |    0|
+---------------------+---------+-------+---------+---------+-----+

+ Detail: 
    * Instance: 
    N/A

    * DSP48E: 
    N/A

    * Memory: 
    N/A

    * FIFO: 
    N/A

    * Expression: 
    +----------------------------------+----------+-------+---+----+------------+------------+
    |           Variable Name          | Operation| DSP48E| FF| LUT| Bitwidth P0| Bitwidth P1|
    +----------------------------------+----------+-------+---+----+------------+------------+
    |and_ln79_10_fu_954_p2             |    and   |      0|  0|   2|           1|           1|
    |and_ln79_11_fu_984_p2             |    and   |      0|  0|   2|           1|           1|
    |and_ln79_12_fu_1014_p2            |    and   |      0|  0|   2|           1|           1|
    |and_ln79_13_fu_1044_p2            |    and   |      0|  0|   2|           1|           1|
    |and_ln79_14_fu_1074_p2            |    and   |      0|  0|   2|           1|           1|
    |and_ln79_15_fu_1154_p2            |    and   |      0|  0|   2|           1|           1|
    |and_ln79_16_fu_648_p2             |    and   |      0|  0|   2|           1|           1|
    |and_ln79_17_fu_678_p2             |    and   |      0|  0|   2|           1|           1|
    |and_ln79_18_fu_708_p2             |    and   |      0|  0|   2|           1|           1|
    |and_ln79_19_fu_738_p2             |    and   |      0|  0|   2|           1|           1|
    |and_ln79_1_fu_684_p2              |    and   |      0|  0|   2|           1|           1|
    |and_ln79_20_fu_768_p2             |    and   |      0|  0|   2|           1|           1|
    |and_ln79_21_fu_798_p2             |    and   |      0|  0|   2|           1|           1|
    |and_ln79_22_fu_828_p2             |    and   |      0|  0|   2|           1|           1|
    |and_ln79_23_fu_858_p2             |    and   |      0|  0|   2|           1|           1|
    |and_ln79_24_fu_888_p2             |    and   |      0|  0|   2|           1|           1|
    |and_ln79_25_fu_918_p2             |    and   |      0|  0|   2|           1|           1|
    |and_ln79_26_fu_948_p2             |    and   |      0|  0|   2|           1|           1|
    |and_ln79_27_fu_978_p2             |    and   |      0|  0|   2|           1|           1|
    |and_ln79_28_fu_1008_p2            |    and   |      0|  0|   2|           1|           1|
    |and_ln79_29_fu_1038_p2            |    and   |      0|  0|   2|           1|           1|
    |and_ln79_2_fu_714_p2              |    and   |      0|  0|   2|           1|           1|
    |and_ln79_30_fu_1068_p2            |    and   |      0|  0|   2|           1|           1|
    |and_ln79_31_fu_1150_p2            |    and   |      0|  0|   2|           1|           1|
    |and_ln79_3_fu_744_p2              |    and   |      0|  0|   2|           1|           1|
    |and_ln79_4_fu_774_p2              |    and   |      0|  0|   2|           1|           1|
    |and_ln79_5_fu_804_p2              |    and   |      0|  0|   2|           1|           1|
    |and_ln79_6_fu_834_p2              |    and   |      0|  0|   2|           1|           1|
    |and_ln79_7_fu_864_p2              |    and   |      0|  0|   2|           1|           1|
    |and_ln79_8_fu_894_p2              |    and   |      0|  0|   2|           1|           1|
    |and_ln79_9_fu_924_p2              |    and   |      0|  0|   2|           1|           1|
    |and_ln79_fu_654_p2                |    and   |      0|  0|   2|           1|           1|
    |ap_block_state3_pp0_stage0_iter2  |    and   |      0|  0|   2|           1|           1|
    |ap_condition_572                  |    and   |      0|  0|   2|           1|           1|
    |ap_condition_585                  |    and   |      0|  0|   2|           1|           1|
    |ap_condition_592                  |    and   |      0|  0|   2|           1|           1|
    |ap_condition_596                  |    and   |      0|  0|   2|           1|           1|
    |ap_condition_600                  |    and   |      0|  0|   2|           1|           1|
    |ap_condition_604                  |    and   |      0|  0|   2|           1|           1|
    |ap_condition_608                  |    and   |      0|  0|   2|           1|           1|
    |ap_condition_612                  |    and   |      0|  0|   2|           1|           1|
    |ap_condition_616                  |    and   |      0|  0|   2|           1|           1|
    |ap_condition_620                  |    and   |      0|  0|   2|           1|           1|
    |ap_condition_624                  |    and   |      0|  0|   2|           1|           1|
    |ap_condition_628                  |    and   |      0|  0|   2|           1|           1|
    |ap_condition_632                  |    and   |      0|  0|   2|           1|           1|
    |ap_condition_636                  |    and   |      0|  0|   2|           1|           1|
    |ap_condition_640                  |    and   |      0|  0|   2|           1|           1|
    |ap_condition_644                  |    and   |      0|  0|   2|           1|           1|
    |tmp_nbreadreq_fu_494_p3           |    and   |      0|  0|   2|           1|           0|
    |icmp_ln85_fu_1144_p2              |   icmp   |      0|  0|  20|          32|          32|
    |icmp_ln879_10_fu_726_p2           |   icmp   |      0|  0|  13|          16|          16|
    |icmp_ln879_11_fu_732_p2           |   icmp   |      0|  0|  13|          16|          16|
    |icmp_ln879_12_fu_750_p2           |   icmp   |      0|  0|  20|          32|          32|
    |icmp_ln879_13_fu_756_p2           |   icmp   |      0|  0|  13|          16|          16|
    |icmp_ln879_14_fu_762_p2           |   icmp   |      0|  0|  13|          16|          16|
    |icmp_ln879_15_fu_780_p2           |   icmp   |      0|  0|  20|          32|          32|
    |icmp_ln879_16_fu_786_p2           |   icmp   |      0|  0|  13|          16|          16|
    |icmp_ln879_17_fu_792_p2           |   icmp   |      0|  0|  13|          16|          16|
    |icmp_ln879_18_fu_810_p2           |   icmp   |      0|  0|  20|          32|          32|
    |icmp_ln879_19_fu_816_p2           |   icmp   |      0|  0|  13|          16|          16|
    |icmp_ln879_1_fu_636_p2            |   icmp   |      0|  0|  13|          16|          16|
    |icmp_ln879_20_fu_822_p2           |   icmp   |      0|  0|  13|          16|          16|
    |icmp_ln879_21_fu_840_p2           |   icmp   |      0|  0|  20|          32|          32|
    |icmp_ln879_22_fu_846_p2           |   icmp   |      0|  0|  13|          16|          16|
    |icmp_ln879_23_fu_852_p2           |   icmp   |      0|  0|  13|          16|          16|
    |icmp_ln879_24_fu_870_p2           |   icmp   |      0|  0|  20|          32|          32|
    |icmp_ln879_25_fu_876_p2           |   icmp   |      0|  0|  13|          16|          16|
    |icmp_ln879_26_fu_882_p2           |   icmp   |      0|  0|  13|          16|          16|
    |icmp_ln879_27_fu_900_p2           |   icmp   |      0|  0|  20|          32|          32|
    |icmp_ln879_28_fu_906_p2           |   icmp   |      0|  0|  13|          16|          16|
    |icmp_ln879_29_fu_912_p2           |   icmp   |      0|  0|  13|          16|          16|
    |icmp_ln879_2_fu_642_p2            |   icmp   |      0|  0|  13|          16|          16|
    |icmp_ln879_30_fu_930_p2           |   icmp   |      0|  0|  20|          32|          32|
    |icmp_ln879_31_fu_936_p2           |   icmp   |      0|  0|  13|          16|          16|
    |icmp_ln879_32_fu_942_p2           |   icmp   |      0|  0|  13|          16|          16|
    |icmp_ln879_33_fu_960_p2           |   icmp   |      0|  0|  20|          32|          32|
    |icmp_ln879_34_fu_966_p2           |   icmp   |      0|  0|  13|          16|          16|
    |icmp_ln879_35_fu_972_p2           |   icmp   |      0|  0|  13|          16|          16|
    |icmp_ln879_36_fu_990_p2           |   icmp   |      0|  0|  20|          32|          32|
    |icmp_ln879_37_fu_996_p2           |   icmp   |      0|  0|  13|          16|          16|
    |icmp_ln879_38_fu_1002_p2          |   icmp   |      0|  0|  13|          16|          16|
    |icmp_ln879_39_fu_1020_p2          |   icmp   |      0|  0|  20|          32|          32|
    |icmp_ln879_3_fu_660_p2            |   icmp   |      0|  0|  20|          32|          32|
    |icmp_ln879_40_fu_1026_p2          |   icmp   |      0|  0|  13|          16|          16|
    |icmp_ln879_41_fu_1032_p2          |   icmp   |      0|  0|  13|          16|          16|
    |icmp_ln879_42_fu_1050_p2          |   icmp   |      0|  0|  20|          32|          32|
    |icmp_ln879_43_fu_1056_p2          |   icmp   |      0|  0|  13|          16|          16|
    |icmp_ln879_44_fu_1062_p2          |   icmp   |      0|  0|  13|          16|          16|
    |icmp_ln879_45_fu_1080_p2          |   icmp   |      0|  0|  20|          32|          32|
    |icmp_ln879_46_fu_1086_p2          |   icmp   |      0|  0|  13|          16|          16|
    |icmp_ln879_47_fu_1092_p2          |   icmp   |      0|  0|  13|          16|          16|
    |icmp_ln879_4_fu_666_p2            |   icmp   |      0|  0|  13|          16|          16|
    |icmp_ln879_5_fu_672_p2            |   icmp   |      0|  0|  13|          16|          16|
    |icmp_ln879_6_fu_690_p2            |   icmp   |      0|  0|  20|          32|          32|
    |icmp_ln879_7_fu_696_p2            |   icmp   |      0|  0|  13|          16|          16|
    |icmp_ln879_8_fu_702_p2            |   icmp   |      0|  0|  13|          16|          16|
    |icmp_ln879_9_fu_720_p2            |   icmp   |      0|  0|  20|          32|          32|
    |icmp_ln879_fu_630_p2              |   icmp   |      0|  0|  20|          32|          32|
    |icmp_ln883_fu_1167_p2             |   icmp   |      0|  0|  11|           5|           2|
    |ap_block_pp0_stage0_01001         |    or    |      0|  0|   2|           1|           1|
    |ap_block_state1_pp0_stage0_iter0  |    or    |      0|  0|   2|           1|           1|
    |tmp_drop_V_fu_1173_p2             |    or    |      0|  0|   2|           1|           1|
    |select_ln77_fu_1159_p3            |  select  |      0|  0|   4|           1|           4|
    |ap_enable_pp0                     |    xor   |      0|  0|   2|           1|           2|
    +----------------------------------+----------+-------+---+----+------------+------------+
    |Total                             |          |      0|  0| 879|        1116|        1116|
    +----------------------------------+----------+-------+---+----+------------+------------+

    * Multiplexer: 
    +----------------------------------------+----+-----------+-----+-----------+
    |                  Name                  | LUT| Input Size| Bits| Total Bits|
    +----------------------------------------+----+-----------+-----+-----------+
    |SocketTableRx_0_myPort_V_blk_n          |   9|          2|    1|          2|
    |SocketTableRx_0_theirIP_V_blk_n         |   9|          2|    1|          2|
    |SocketTableRx_0_theirPort_V_blk_n       |   9|          2|    1|          2|
    |SocketTableRx_10_myPort_V_blk_n         |   9|          2|    1|          2|
    |SocketTableRx_10_theirIP_V_blk_n        |   9|          2|    1|          2|
    |SocketTableRx_10_theirPort_V_blk_n      |   9|          2|    1|          2|
    |SocketTableRx_11_myPort_V_blk_n         |   9|          2|    1|          2|
    |SocketTableRx_11_theirIP_V_blk_n        |   9|          2|    1|          2|
    |SocketTableRx_11_theirPort_V_blk_n      |   9|          2|    1|          2|
    |SocketTableRx_12_myPort_V_blk_n         |   9|          2|    1|          2|
    |SocketTableRx_12_theirIP_V_blk_n        |   9|          2|    1|          2|
    |SocketTableRx_12_theirPort_V_blk_n      |   9|          2|    1|          2|
    |SocketTableRx_13_myPort_V_blk_n         |   9|          2|    1|          2|
    |SocketTableRx_13_theirIP_V_blk_n        |   9|          2|    1|          2|
    |SocketTableRx_13_theirPort_V_blk_n      |   9|          2|    1|          2|
    |SocketTableRx_14_myPort_V_blk_n         |   9|          2|    1|          2|
    |SocketTableRx_14_theirIP_V_blk_n        |   9|          2|    1|          2|
    |SocketTableRx_14_theirPort_V_blk_n      |   9|          2|    1|          2|
    |SocketTableRx_15_myPort_V_blk_n         |   9|          2|    1|          2|
    |SocketTableRx_15_theirIP_V_blk_n        |   9|          2|    1|          2|
    |SocketTableRx_15_theirPort_V_blk_n      |   9|          2|    1|          2|
    |SocketTableRx_1_myPort_V_blk_n          |   9|          2|    1|          2|
    |SocketTableRx_1_theirIP_V_blk_n         |   9|          2|    1|          2|
    |SocketTableRx_1_theirPort_V_blk_n       |   9|          2|    1|          2|
    |SocketTableRx_2_myPort_V_blk_n          |   9|          2|    1|          2|
    |SocketTableRx_2_theirIP_V_blk_n         |   9|          2|    1|          2|
    |SocketTableRx_2_theirPort_V_blk_n       |   9|          2|    1|          2|
    |SocketTableRx_3_myPort_V_blk_n          |   9|          2|    1|          2|
    |SocketTableRx_3_theirIP_V_blk_n         |   9|          2|    1|          2|
    |SocketTableRx_3_theirPort_V_blk_n       |   9|          2|    1|          2|
    |SocketTableRx_4_myPort_V_blk_n          |   9|          2|    1|          2|
    |SocketTableRx_4_theirIP_V_blk_n         |   9|          2|    1|          2|
    |SocketTableRx_4_theirPort_V_blk_n       |   9|          2|    1|          2|
    |SocketTableRx_5_myPort_V_blk_n          |   9|          2|    1|          2|
    |SocketTableRx_5_theirIP_V_blk_n         |   9|          2|    1|          2|
    |SocketTableRx_5_theirPort_V_blk_n       |   9|          2|    1|          2|
    |SocketTableRx_6_myPort_V_blk_n          |   9|          2|    1|          2|
    |SocketTableRx_6_theirIP_V_blk_n         |   9|          2|    1|          2|
    |SocketTableRx_6_theirPort_V_blk_n       |   9|          2|    1|          2|
    |SocketTableRx_7_myPort_V_blk_n          |   9|          2|    1|          2|
    |SocketTableRx_7_theirIP_V_blk_n         |   9|          2|    1|          2|
    |SocketTableRx_7_theirPort_V_blk_n       |   9|          2|    1|          2|
    |SocketTableRx_8_myPort_V_blk_n          |   9|          2|    1|          2|
    |SocketTableRx_8_theirIP_V_blk_n         |   9|          2|    1|          2|
    |SocketTableRx_8_theirPort_V_blk_n       |   9|          2|    1|          2|
    |SocketTableRx_9_myPort_V_blk_n          |   9|          2|    1|          2|
    |SocketTableRx_9_theirIP_V_blk_n         |   9|          2|    1|          2|
    |SocketTableRx_9_theirPort_V_blk_n       |   9|          2|    1|          2|
    |ap_done                                 |   9|          2|    1|          2|
    |ap_phi_reg_pp0_iter2_p_Val2_13_reg_529  |  85|         17|    5|         85|
    |rthDropFifo_V_blk_n                     |   9|          2|    1|          2|
    |ureMetaData_V_blk_n                     |   9|          2|    1|          2|
    +----------------------------------------+----+-----------+-----+-----------+
    |Total                                   | 544|        119|   56|        187|
    +----------------------------------------+----+-----------+-----+-----------+

    * Register: 
    +---------------------------------------------+----+----+-----+-----------+
    |                     Name                    | FF | LUT| Bits| Const Bits|
    +---------------------------------------------+----+----+-----+-----------+
    |and_ln79_10_reg_1257                         |   1|   0|    1|          0|
    |and_ln79_11_reg_1261                         |   1|   0|    1|          0|
    |and_ln79_12_reg_1265                         |   1|   0|    1|          0|
    |and_ln79_13_reg_1269                         |   1|   0|    1|          0|
    |and_ln79_14_reg_1273                         |   1|   0|    1|          0|
    |and_ln79_1_reg_1221                          |   1|   0|    1|          0|
    |and_ln79_2_reg_1225                          |   1|   0|    1|          0|
    |and_ln79_3_reg_1229                          |   1|   0|    1|          0|
    |and_ln79_4_reg_1233                          |   1|   0|    1|          0|
    |and_ln79_5_reg_1237                          |   1|   0|    1|          0|
    |and_ln79_6_reg_1241                          |   1|   0|    1|          0|
    |and_ln79_7_reg_1245                          |   1|   0|    1|          0|
    |and_ln79_8_reg_1249                          |   1|   0|    1|          0|
    |and_ln79_9_reg_1253                          |   1|   0|    1|          0|
    |and_ln79_reg_1217                            |   1|   0|    1|          0|
    |ap_CS_fsm                                    |   1|   0|    1|          0|
    |ap_done_reg                                  |   1|   0|    1|          0|
    |ap_enable_reg_pp0_iter1                      |   1|   0|    1|          0|
    |ap_enable_reg_pp0_iter2                      |   1|   0|    1|          0|
    |ap_phi_reg_pp0_iter1_p_Val2_13_reg_529       |   5|   0|    5|          0|
    |ap_phi_reg_pp0_iter2_p_Val2_13_reg_529       |   5|   0|    5|          0|
    |icmp_ln85_reg_1312                           |   1|   0|    1|          0|
    |icmp_ln85_reg_1312_pp0_iter1_reg             |   1|   0|    1|          0|
    |icmp_ln879_45_reg_1277                       |   1|   0|    1|          0|
    |icmp_ln879_46_reg_1282                       |   1|   0|    1|          0|
    |icmp_ln879_47_reg_1287                       |   1|   0|    1|          0|
    |tmp_reg_1198                                 |   1|   0|    1|          0|
    |tmp_reg_1198_pp0_iter1_reg                   |   1|   0|    1|          0|
    |tmp_user_myPort_V_reg_1212                   |  16|   0|   16|          0|
    |tmp_user_myPort_V_reg_1212_pp0_iter1_reg     |  16|   0|   16|          0|
    |tmp_user_theirIP_V_reg_1202                  |  32|   0|   32|          0|
    |tmp_user_theirIP_V_reg_1202_pp0_iter1_reg    |  32|   0|   32|          0|
    |tmp_user_theirPort_V_reg_1207                |  16|   0|   16|          0|
    |tmp_user_theirPort_V_reg_1207_pp0_iter1_reg  |  16|   0|   16|          0|
    +---------------------------------------------+----+----+-----+-----------+
    |Total                                        | 164|   0|  164|          0|
    +---------------------------------------------+----+----+-----+-----------+



================================================================
== Interface
================================================================
* Summary: 
+--------------------------------------+-----+-----+------------+------------------------------+--------------+
|               RTL Ports              | Dir | Bits|  Protocol  |         Source Object        |    C Type    |
+--------------------------------------+-----+-----+------------+------------------------------+--------------+
|ap_clk                                |  in |    1| ap_ctrl_hs |        rxTableHandler        | return value |
|ap_rst                                |  in |    1| ap_ctrl_hs |        rxTableHandler        | return value |
|ap_start                              |  in |    1| ap_ctrl_hs |        rxTableHandler        | return value |
|ap_done                               | out |    1| ap_ctrl_hs |        rxTableHandler        | return value |
|ap_continue                           |  in |    1| ap_ctrl_hs |        rxTableHandler        | return value |
|ap_idle                               | out |    1| ap_ctrl_hs |        rxTableHandler        | return value |
|ap_ready                              | out |    1| ap_ctrl_hs |        rxTableHandler        | return value |
|SocketTableRx_0_theirIP_V_dout        |  in |   32|   ap_fifo  |   SocketTableRx_0_theirIP_V  |    pointer   |
|SocketTableRx_0_theirIP_V_empty_n     |  in |    1|   ap_fifo  |   SocketTableRx_0_theirIP_V  |    pointer   |
|SocketTableRx_0_theirIP_V_read        | out |    1|   ap_fifo  |   SocketTableRx_0_theirIP_V  |    pointer   |
|SocketTableRx_1_theirIP_V_dout        |  in |   32|   ap_fifo  |   SocketTableRx_1_theirIP_V  |    pointer   |
|SocketTableRx_1_theirIP_V_empty_n     |  in |    1|   ap_fifo  |   SocketTableRx_1_theirIP_V  |    pointer   |
|SocketTableRx_1_theirIP_V_read        | out |    1|   ap_fifo  |   SocketTableRx_1_theirIP_V  |    pointer   |
|SocketTableRx_2_theirIP_V_dout        |  in |   32|   ap_fifo  |   SocketTableRx_2_theirIP_V  |    pointer   |
|SocketTableRx_2_theirIP_V_empty_n     |  in |    1|   ap_fifo  |   SocketTableRx_2_theirIP_V  |    pointer   |
|SocketTableRx_2_theirIP_V_read        | out |    1|   ap_fifo  |   SocketTableRx_2_theirIP_V  |    pointer   |
|SocketTableRx_3_theirIP_V_dout        |  in |   32|   ap_fifo  |   SocketTableRx_3_theirIP_V  |    pointer   |
|SocketTableRx_3_theirIP_V_empty_n     |  in |    1|   ap_fifo  |   SocketTableRx_3_theirIP_V  |    pointer   |
|SocketTableRx_3_theirIP_V_read        | out |    1|   ap_fifo  |   SocketTableRx_3_theirIP_V  |    pointer   |
|SocketTableRx_4_theirIP_V_dout        |  in |   32|   ap_fifo  |   SocketTableRx_4_theirIP_V  |    pointer   |
|SocketTableRx_4_theirIP_V_empty_n     |  in |    1|   ap_fifo  |   SocketTableRx_4_theirIP_V  |    pointer   |
|SocketTableRx_4_theirIP_V_read        | out |    1|   ap_fifo  |   SocketTableRx_4_theirIP_V  |    pointer   |
|SocketTableRx_5_theirIP_V_dout        |  in |   32|   ap_fifo  |   SocketTableRx_5_theirIP_V  |    pointer   |
|SocketTableRx_5_theirIP_V_empty_n     |  in |    1|   ap_fifo  |   SocketTableRx_5_theirIP_V  |    pointer   |
|SocketTableRx_5_theirIP_V_read        | out |    1|   ap_fifo  |   SocketTableRx_5_theirIP_V  |    pointer   |
|SocketTableRx_6_theirIP_V_dout        |  in |   32|   ap_fifo  |   SocketTableRx_6_theirIP_V  |    pointer   |
|SocketTableRx_6_theirIP_V_empty_n     |  in |    1|   ap_fifo  |   SocketTableRx_6_theirIP_V  |    pointer   |
|SocketTableRx_6_theirIP_V_read        | out |    1|   ap_fifo  |   SocketTableRx_6_theirIP_V  |    pointer   |
|SocketTableRx_7_theirIP_V_dout        |  in |   32|   ap_fifo  |   SocketTableRx_7_theirIP_V  |    pointer   |
|SocketTableRx_7_theirIP_V_empty_n     |  in |    1|   ap_fifo  |   SocketTableRx_7_theirIP_V  |    pointer   |
|SocketTableRx_7_theirIP_V_read        | out |    1|   ap_fifo  |   SocketTableRx_7_theirIP_V  |    pointer   |
|SocketTableRx_8_theirIP_V_dout        |  in |   32|   ap_fifo  |   SocketTableRx_8_theirIP_V  |    pointer   |
|SocketTableRx_8_theirIP_V_empty_n     |  in |    1|   ap_fifo  |   SocketTableRx_8_theirIP_V  |    pointer   |
|SocketTableRx_8_theirIP_V_read        | out |    1|   ap_fifo  |   SocketTableRx_8_theirIP_V  |    pointer   |
|SocketTableRx_9_theirIP_V_dout        |  in |   32|   ap_fifo  |   SocketTableRx_9_theirIP_V  |    pointer   |
|SocketTableRx_9_theirIP_V_empty_n     |  in |    1|   ap_fifo  |   SocketTableRx_9_theirIP_V  |    pointer   |
|SocketTableRx_9_theirIP_V_read        | out |    1|   ap_fifo  |   SocketTableRx_9_theirIP_V  |    pointer   |
|SocketTableRx_10_theirIP_V_dout       |  in |   32|   ap_fifo  |  SocketTableRx_10_theirIP_V  |    pointer   |
|SocketTableRx_10_theirIP_V_empty_n    |  in |    1|   ap_fifo  |  SocketTableRx_10_theirIP_V  |    pointer   |
|SocketTableRx_10_theirIP_V_read       | out |    1|   ap_fifo  |  SocketTableRx_10_theirIP_V  |    pointer   |
|SocketTableRx_11_theirIP_V_dout       |  in |   32|   ap_fifo  |  SocketTableRx_11_theirIP_V  |    pointer   |
|SocketTableRx_11_theirIP_V_empty_n    |  in |    1|   ap_fifo  |  SocketTableRx_11_theirIP_V  |    pointer   |
|SocketTableRx_11_theirIP_V_read       | out |    1|   ap_fifo  |  SocketTableRx_11_theirIP_V  |    pointer   |
|SocketTableRx_12_theirIP_V_dout       |  in |   32|   ap_fifo  |  SocketTableRx_12_theirIP_V  |    pointer   |
|SocketTableRx_12_theirIP_V_empty_n    |  in |    1|   ap_fifo  |  SocketTableRx_12_theirIP_V  |    pointer   |
|SocketTableRx_12_theirIP_V_read       | out |    1|   ap_fifo  |  SocketTableRx_12_theirIP_V  |    pointer   |
|SocketTableRx_13_theirIP_V_dout       |  in |   32|   ap_fifo  |  SocketTableRx_13_theirIP_V  |    pointer   |
|SocketTableRx_13_theirIP_V_empty_n    |  in |    1|   ap_fifo  |  SocketTableRx_13_theirIP_V  |    pointer   |
|SocketTableRx_13_theirIP_V_read       | out |    1|   ap_fifo  |  SocketTableRx_13_theirIP_V  |    pointer   |
|SocketTableRx_14_theirIP_V_dout       |  in |   32|   ap_fifo  |  SocketTableRx_14_theirIP_V  |    pointer   |
|SocketTableRx_14_theirIP_V_empty_n    |  in |    1|   ap_fifo  |  SocketTableRx_14_theirIP_V  |    pointer   |
|SocketTableRx_14_theirIP_V_read       | out |    1|   ap_fifo  |  SocketTableRx_14_theirIP_V  |    pointer   |
|SocketTableRx_15_theirIP_V_dout       |  in |   32|   ap_fifo  |  SocketTableRx_15_theirIP_V  |    pointer   |
|SocketTableRx_15_theirIP_V_empty_n    |  in |    1|   ap_fifo  |  SocketTableRx_15_theirIP_V  |    pointer   |
|SocketTableRx_15_theirIP_V_read       | out |    1|   ap_fifo  |  SocketTableRx_15_theirIP_V  |    pointer   |
|SocketTableRx_0_theirPort_V_dout      |  in |   16|   ap_fifo  |  SocketTableRx_0_theirPort_V |    pointer   |
|SocketTableRx_0_theirPort_V_empty_n   |  in |    1|   ap_fifo  |  SocketTableRx_0_theirPort_V |    pointer   |
|SocketTableRx_0_theirPort_V_read      | out |    1|   ap_fifo  |  SocketTableRx_0_theirPort_V |    pointer   |
|SocketTableRx_1_theirPort_V_dout      |  in |   16|   ap_fifo  |  SocketTableRx_1_theirPort_V |    pointer   |
|SocketTableRx_1_theirPort_V_empty_n   |  in |    1|   ap_fifo  |  SocketTableRx_1_theirPort_V |    pointer   |
|SocketTableRx_1_theirPort_V_read      | out |    1|   ap_fifo  |  SocketTableRx_1_theirPort_V |    pointer   |
|SocketTableRx_2_theirPort_V_dout      |  in |   16|   ap_fifo  |  SocketTableRx_2_theirPort_V |    pointer   |
|SocketTableRx_2_theirPort_V_empty_n   |  in |    1|   ap_fifo  |  SocketTableRx_2_theirPort_V |    pointer   |
|SocketTableRx_2_theirPort_V_read      | out |    1|   ap_fifo  |  SocketTableRx_2_theirPort_V |    pointer   |
|SocketTableRx_3_theirPort_V_dout      |  in |   16|   ap_fifo  |  SocketTableRx_3_theirPort_V |    pointer   |
|SocketTableRx_3_theirPort_V_empty_n   |  in |    1|   ap_fifo  |  SocketTableRx_3_theirPort_V |    pointer   |
|SocketTableRx_3_theirPort_V_read      | out |    1|   ap_fifo  |  SocketTableRx_3_theirPort_V |    pointer   |
|SocketTableRx_4_theirPort_V_dout      |  in |   16|   ap_fifo  |  SocketTableRx_4_theirPort_V |    pointer   |
|SocketTableRx_4_theirPort_V_empty_n   |  in |    1|   ap_fifo  |  SocketTableRx_4_theirPort_V |    pointer   |
|SocketTableRx_4_theirPort_V_read      | out |    1|   ap_fifo  |  SocketTableRx_4_theirPort_V |    pointer   |
|SocketTableRx_5_theirPort_V_dout      |  in |   16|   ap_fifo  |  SocketTableRx_5_theirPort_V |    pointer   |
|SocketTableRx_5_theirPort_V_empty_n   |  in |    1|   ap_fifo  |  SocketTableRx_5_theirPort_V |    pointer   |
|SocketTableRx_5_theirPort_V_read      | out |    1|   ap_fifo  |  SocketTableRx_5_theirPort_V |    pointer   |
|SocketTableRx_6_theirPort_V_dout      |  in |   16|   ap_fifo  |  SocketTableRx_6_theirPort_V |    pointer   |
|SocketTableRx_6_theirPort_V_empty_n   |  in |    1|   ap_fifo  |  SocketTableRx_6_theirPort_V |    pointer   |
|SocketTableRx_6_theirPort_V_read      | out |    1|   ap_fifo  |  SocketTableRx_6_theirPort_V |    pointer   |
|SocketTableRx_7_theirPort_V_dout      |  in |   16|   ap_fifo  |  SocketTableRx_7_theirPort_V |    pointer   |
|SocketTableRx_7_theirPort_V_empty_n   |  in |    1|   ap_fifo  |  SocketTableRx_7_theirPort_V |    pointer   |
|SocketTableRx_7_theirPort_V_read      | out |    1|   ap_fifo  |  SocketTableRx_7_theirPort_V |    pointer   |
|SocketTableRx_8_theirPort_V_dout      |  in |   16|   ap_fifo  |  SocketTableRx_8_theirPort_V |    pointer   |
|SocketTableRx_8_theirPort_V_empty_n   |  in |    1|   ap_fifo  |  SocketTableRx_8_theirPort_V |    pointer   |
|SocketTableRx_8_theirPort_V_read      | out |    1|   ap_fifo  |  SocketTableRx_8_theirPort_V |    pointer   |
|SocketTableRx_9_theirPort_V_dout      |  in |   16|   ap_fifo  |  SocketTableRx_9_theirPort_V |    pointer   |
|SocketTableRx_9_theirPort_V_empty_n   |  in |    1|   ap_fifo  |  SocketTableRx_9_theirPort_V |    pointer   |
|SocketTableRx_9_theirPort_V_read      | out |    1|   ap_fifo  |  SocketTableRx_9_theirPort_V |    pointer   |
|SocketTableRx_10_theirPort_V_dout     |  in |   16|   ap_fifo  | SocketTableRx_10_theirPort_V |    pointer   |
|SocketTableRx_10_theirPort_V_empty_n  |  in |    1|   ap_fifo  | SocketTableRx_10_theirPort_V |    pointer   |
|SocketTableRx_10_theirPort_V_read     | out |    1|   ap_fifo  | SocketTableRx_10_theirPort_V |    pointer   |
|SocketTableRx_11_theirPort_V_dout     |  in |   16|   ap_fifo  | SocketTableRx_11_theirPort_V |    pointer   |
|SocketTableRx_11_theirPort_V_empty_n  |  in |    1|   ap_fifo  | SocketTableRx_11_theirPort_V |    pointer   |
|SocketTableRx_11_theirPort_V_read     | out |    1|   ap_fifo  | SocketTableRx_11_theirPort_V |    pointer   |
|SocketTableRx_12_theirPort_V_dout     |  in |   16|   ap_fifo  | SocketTableRx_12_theirPort_V |    pointer   |
|SocketTableRx_12_theirPort_V_empty_n  |  in |    1|   ap_fifo  | SocketTableRx_12_theirPort_V |    pointer   |
|SocketTableRx_12_theirPort_V_read     | out |    1|   ap_fifo  | SocketTableRx_12_theirPort_V |    pointer   |
|SocketTableRx_13_theirPort_V_dout     |  in |   16|   ap_fifo  | SocketTableRx_13_theirPort_V |    pointer   |
|SocketTableRx_13_theirPort_V_empty_n  |  in |    1|   ap_fifo  | SocketTableRx_13_theirPort_V |    pointer   |
|SocketTableRx_13_theirPort_V_read     | out |    1|   ap_fifo  | SocketTableRx_13_theirPort_V |    pointer   |
|SocketTableRx_14_theirPort_V_dout     |  in |   16|   ap_fifo  | SocketTableRx_14_theirPort_V |    pointer   |
|SocketTableRx_14_theirPort_V_empty_n  |  in |    1|   ap_fifo  | SocketTableRx_14_theirPort_V |    pointer   |
|SocketTableRx_14_theirPort_V_read     | out |    1|   ap_fifo  | SocketTableRx_14_theirPort_V |    pointer   |
|SocketTableRx_15_theirPort_V_dout     |  in |   16|   ap_fifo  | SocketTableRx_15_theirPort_V |    pointer   |
|SocketTableRx_15_theirPort_V_empty_n  |  in |    1|   ap_fifo  | SocketTableRx_15_theirPort_V |    pointer   |
|SocketTableRx_15_theirPort_V_read     | out |    1|   ap_fifo  | SocketTableRx_15_theirPort_V |    pointer   |
|SocketTableRx_0_myPort_V_dout         |  in |   16|   ap_fifo  |   SocketTableRx_0_myPort_V   |    pointer   |
|SocketTableRx_0_myPort_V_empty_n      |  in |    1|   ap_fifo  |   SocketTableRx_0_myPort_V   |    pointer   |
|SocketTableRx_0_myPort_V_read         | out |    1|   ap_fifo  |   SocketTableRx_0_myPort_V   |    pointer   |
|SocketTableRx_1_myPort_V_dout         |  in |   16|   ap_fifo  |   SocketTableRx_1_myPort_V   |    pointer   |
|SocketTableRx_1_myPort_V_empty_n      |  in |    1|   ap_fifo  |   SocketTableRx_1_myPort_V   |    pointer   |
|SocketTableRx_1_myPort_V_read         | out |    1|   ap_fifo  |   SocketTableRx_1_myPort_V   |    pointer   |
|SocketTableRx_2_myPort_V_dout         |  in |   16|   ap_fifo  |   SocketTableRx_2_myPort_V   |    pointer   |
|SocketTableRx_2_myPort_V_empty_n      |  in |    1|   ap_fifo  |   SocketTableRx_2_myPort_V   |    pointer   |
|SocketTableRx_2_myPort_V_read         | out |    1|   ap_fifo  |   SocketTableRx_2_myPort_V   |    pointer   |
|SocketTableRx_3_myPort_V_dout         |  in |   16|   ap_fifo  |   SocketTableRx_3_myPort_V   |    pointer   |
|SocketTableRx_3_myPort_V_empty_n      |  in |    1|   ap_fifo  |   SocketTableRx_3_myPort_V   |    pointer   |
|SocketTableRx_3_myPort_V_read         | out |    1|   ap_fifo  |   SocketTableRx_3_myPort_V   |    pointer   |
|SocketTableRx_4_myPort_V_dout         |  in |   16|   ap_fifo  |   SocketTableRx_4_myPort_V   |    pointer   |
|SocketTableRx_4_myPort_V_empty_n      |  in |    1|   ap_fifo  |   SocketTableRx_4_myPort_V   |    pointer   |
|SocketTableRx_4_myPort_V_read         | out |    1|   ap_fifo  |   SocketTableRx_4_myPort_V   |    pointer   |
|SocketTableRx_5_myPort_V_dout         |  in |   16|   ap_fifo  |   SocketTableRx_5_myPort_V   |    pointer   |
|SocketTableRx_5_myPort_V_empty_n      |  in |    1|   ap_fifo  |   SocketTableRx_5_myPort_V   |    pointer   |
|SocketTableRx_5_myPort_V_read         | out |    1|   ap_fifo  |   SocketTableRx_5_myPort_V   |    pointer   |
|SocketTableRx_6_myPort_V_dout         |  in |   16|   ap_fifo  |   SocketTableRx_6_myPort_V   |    pointer   |
|SocketTableRx_6_myPort_V_empty_n      |  in |    1|   ap_fifo  |   SocketTableRx_6_myPort_V   |    pointer   |
|SocketTableRx_6_myPort_V_read         | out |    1|   ap_fifo  |   SocketTableRx_6_myPort_V   |    pointer   |
|SocketTableRx_7_myPort_V_dout         |  in |   16|   ap_fifo  |   SocketTableRx_7_myPort_V   |    pointer   |
|SocketTableRx_7_myPort_V_empty_n      |  in |    1|   ap_fifo  |   SocketTableRx_7_myPort_V   |    pointer   |
|SocketTableRx_7_myPort_V_read         | out |    1|   ap_fifo  |   SocketTableRx_7_myPort_V   |    pointer   |
|SocketTableRx_8_myPort_V_dout         |  in |   16|   ap_fifo  |   SocketTableRx_8_myPort_V   |    pointer   |
|SocketTableRx_8_myPort_V_empty_n      |  in |    1|   ap_fifo  |   SocketTableRx_8_myPort_V   |    pointer   |
|SocketTableRx_8_myPort_V_read         | out |    1|   ap_fifo  |   SocketTableRx_8_myPort_V   |    pointer   |
|SocketTableRx_9_myPort_V_dout         |  in |   16|   ap_fifo  |   SocketTableRx_9_myPort_V   |    pointer   |
|SocketTableRx_9_myPort_V_empty_n      |  in |    1|   ap_fifo  |   SocketTableRx_9_myPort_V   |    pointer   |
|SocketTableRx_9_myPort_V_read         | out |    1|   ap_fifo  |   SocketTableRx_9_myPort_V   |    pointer   |
|SocketTableRx_10_myPort_V_dout        |  in |   16|   ap_fifo  |   SocketTableRx_10_myPort_V  |    pointer   |
|SocketTableRx_10_myPort_V_empty_n     |  in |    1|   ap_fifo  |   SocketTableRx_10_myPort_V  |    pointer   |
|SocketTableRx_10_myPort_V_read        | out |    1|   ap_fifo  |   SocketTableRx_10_myPort_V  |    pointer   |
|SocketTableRx_11_myPort_V_dout        |  in |   16|   ap_fifo  |   SocketTableRx_11_myPort_V  |    pointer   |
|SocketTableRx_11_myPort_V_empty_n     |  in |    1|   ap_fifo  |   SocketTableRx_11_myPort_V  |    pointer   |
|SocketTableRx_11_myPort_V_read        | out |    1|   ap_fifo  |   SocketTableRx_11_myPort_V  |    pointer   |
|SocketTableRx_12_myPort_V_dout        |  in |   16|   ap_fifo  |   SocketTableRx_12_myPort_V  |    pointer   |
|SocketTableRx_12_myPort_V_empty_n     |  in |    1|   ap_fifo  |   SocketTableRx_12_myPort_V  |    pointer   |
|SocketTableRx_12_myPort_V_read        | out |    1|   ap_fifo  |   SocketTableRx_12_myPort_V  |    pointer   |
|SocketTableRx_13_myPort_V_dout        |  in |   16|   ap_fifo  |   SocketTableRx_13_myPort_V  |    pointer   |
|SocketTableRx_13_myPort_V_empty_n     |  in |    1|   ap_fifo  |   SocketTableRx_13_myPort_V  |    pointer   |
|SocketTableRx_13_myPort_V_read        | out |    1|   ap_fifo  |   SocketTableRx_13_myPort_V  |    pointer   |
|SocketTableRx_14_myPort_V_dout        |  in |   16|   ap_fifo  |   SocketTableRx_14_myPort_V  |    pointer   |
|SocketTableRx_14_myPort_V_empty_n     |  in |    1|   ap_fifo  |   SocketTableRx_14_myPort_V  |    pointer   |
|SocketTableRx_14_myPort_V_read        | out |    1|   ap_fifo  |   SocketTableRx_14_myPort_V  |    pointer   |
|SocketTableRx_15_myPort_V_dout        |  in |   16|   ap_fifo  |   SocketTableRx_15_myPort_V  |    pointer   |
|SocketTableRx_15_myPort_V_empty_n     |  in |    1|   ap_fifo  |   SocketTableRx_15_myPort_V  |    pointer   |
|SocketTableRx_15_myPort_V_read        | out |    1|   ap_fifo  |   SocketTableRx_15_myPort_V  |    pointer   |
|ureMetaData_V_dout                    |  in |   97|   ap_fifo  |         ureMetaData_V        |    pointer   |
|ureMetaData_V_empty_n                 |  in |    1|   ap_fifo  |         ureMetaData_V        |    pointer   |
|ureMetaData_V_read                    | out |    1|   ap_fifo  |         ureMetaData_V        |    pointer   |
|rthDropFifo_V_din                     | out |  113|   ap_fifo  |         rthDropFifo_V        |    pointer   |
|rthDropFifo_V_full_n                  |  in |    1|   ap_fifo  |         rthDropFifo_V        |    pointer   |
|rthDropFifo_V_write                   | out |    1|   ap_fifo  |         rthDropFifo_V        |    pointer   |
|numberSockets_V                       | out |   16|   ap_vld   |        numberSockets_V       |    pointer   |
|numberSockets_V_ap_vld                | out |    1|   ap_vld   |        numberSockets_V       |    pointer   |
|myIpAddress_V                         |  in |   32|  ap_stable |         myIpAddress_V        |    pointer   |
+--------------------------------------+-----+-----+------------+------------------------------+--------------+

