

================================================================
== Vitis HLS Report for 'TableHandler'
================================================================
* Date:           Wed Nov  3 14:24:02 2021

* Version:        2021.1 (Build 3247384 on Thu Jun 10 19:36:07 MDT 2021)
* Project:        UDP_prj
* Solution:       ultrascale_plus (Vivado IP Flow Target)
* Product family: virtexuplus
* Target device:  xcu280-fsvh2892-2L-e


================================================================
== Performance Estimates
================================================================
+ Timing: 
    * Summary: 
    +--------+---------+----------+------------+
    |  Clock |  Target | Estimated| Uncertainty|
    +--------+---------+----------+------------+
    |ap_clk  |  2.50 ns|  2.131 ns|     0.20 ns|
    +--------+---------+----------+------------+

+ Latency: 
    * Summary: 
    +---------+---------+----------+----------+-----+-----+---------+
    |  Latency (cycles) |  Latency (absolute) |  Interval | Pipeline|
    |   min   |   max   |    min   |    max   | min | max |   Type  |
    +---------+---------+----------+----------+-----+-----+---------+
    |        2|        2|  5.000 ns|  5.000 ns|    1|    1|      yes|
    +---------+---------+----------+----------+-----+-----+---------+

    + Detail: 
        * Instance: 
        N/A

        * Loop: 
        N/A



================================================================
== Utilization Estimates
================================================================
* Summary: 
+---------------------+---------+------+---------+---------+-----+
|         Name        | BRAM_18K|  DSP |    FF   |   LUT   | URAM|
+---------------------+---------+------+---------+---------+-----+
|DSP                  |        -|     -|        -|        -|    -|
|Expression           |        -|     -|        0|      885|    -|
|FIFO                 |        -|     -|        -|        -|    -|
|Instance             |        -|     -|        -|        -|    -|
|Memory               |        -|     -|        -|        -|    -|
|Multiplexer          |        -|     -|        -|      459|    -|
|Register             |        -|     -|     1363|        -|    -|
+---------------------+---------+------+---------+---------+-----+
|Total                |        0|     0|     1363|     1344|    0|
+---------------------+---------+------+---------+---------+-----+
|Available SLR        |     1344|  3008|   869120|   434560|  320|
+---------------------+---------+------+---------+---------+-----+
|Utilization SLR (%)  |        0|     0|       ~0|       ~0|    0|
+---------------------+---------+------+---------+---------+-----+
|Available            |     4032|  9024|  2607360|  1303680|  960|
+---------------------+---------+------+---------+---------+-----+
|Utilization (%)      |        0|     0|       ~0|       ~0|    0|
+---------------------+---------+------+---------+---------+-----+

+ Detail: 
    * Instance: 
    N/A

    * DSP: 
    N/A

    * Memory: 
    N/A

    * FIFO: 
    N/A

    * Expression: 
    +----------------------------------+----------+----+---+----+------------+------------+
    |           Variable Name          | Operation| DSP| FF| LUT| Bitwidth P0| Bitwidth P1|
    +----------------------------------+----------+----+---+----+------------+------------+
    |and_ln60_10_fu_1223_p2            |       and|   0|  0|   2|           1|           1|
    |and_ln60_11_fu_1247_p2            |       and|   0|  0|   2|           1|           1|
    |and_ln60_12_fu_1271_p2            |       and|   0|  0|   2|           1|           1|
    |and_ln60_13_fu_1295_p2            |       and|   0|  0|   2|           1|           1|
    |and_ln60_14_fu_1319_p2            |       and|   0|  0|   2|           1|           1|
    |and_ln60_15_fu_1343_p2            |       and|   0|  0|   2|           1|           1|
    |and_ln60_16_fu_977_p2             |       and|   0|  0|   2|           1|           1|
    |and_ln60_17_fu_1001_p2            |       and|   0|  0|   2|           1|           1|
    |and_ln60_18_fu_1025_p2            |       and|   0|  0|   2|           1|           1|
    |and_ln60_19_fu_1049_p2            |       and|   0|  0|   2|           1|           1|
    |and_ln60_1_fu_1007_p2             |       and|   0|  0|   2|           1|           1|
    |and_ln60_20_fu_1073_p2            |       and|   0|  0|   2|           1|           1|
    |and_ln60_21_fu_1097_p2            |       and|   0|  0|   2|           1|           1|
    |and_ln60_22_fu_1121_p2            |       and|   0|  0|   2|           1|           1|
    |and_ln60_23_fu_1145_p2            |       and|   0|  0|   2|           1|           1|
    |and_ln60_24_fu_1169_p2            |       and|   0|  0|   2|           1|           1|
    |and_ln60_25_fu_1193_p2            |       and|   0|  0|   2|           1|           1|
    |and_ln60_26_fu_1217_p2            |       and|   0|  0|   2|           1|           1|
    |and_ln60_27_fu_1241_p2            |       and|   0|  0|   2|           1|           1|
    |and_ln60_28_fu_1265_p2            |       and|   0|  0|   2|           1|           1|
    |and_ln60_29_fu_1289_p2            |       and|   0|  0|   2|           1|           1|
    |and_ln60_2_fu_1031_p2             |       and|   0|  0|   2|           1|           1|
    |and_ln60_30_fu_1313_p2            |       and|   0|  0|   2|           1|           1|
    |and_ln60_31_fu_1337_p2            |       and|   0|  0|   2|           1|           1|
    |and_ln60_3_fu_1055_p2             |       and|   0|  0|   2|           1|           1|
    |and_ln60_4_fu_1079_p2             |       and|   0|  0|   2|           1|           1|
    |and_ln60_5_fu_1103_p2             |       and|   0|  0|   2|           1|           1|
    |and_ln60_6_fu_1127_p2             |       and|   0|  0|   2|           1|           1|
    |and_ln60_7_fu_1151_p2             |       and|   0|  0|   2|           1|           1|
    |and_ln60_8_fu_1175_p2             |       and|   0|  0|   2|           1|           1|
    |and_ln60_9_fu_1199_p2             |       and|   0|  0|   2|           1|           1|
    |and_ln60_fu_983_p2                |       and|   0|  0|   2|           1|           1|
    |ap_block_state2_pp0_stage0_iter1  |       and|   0|  0|   2|           1|           1|
    |ap_block_state3_pp0_stage0_iter2  |       and|   0|  0|   2|           1|           1|
    |ap_condition_387                  |       and|   0|  0|   2|           1|           1|
    |ap_condition_392                  |       and|   0|  0|   2|           1|           1|
    |ap_condition_398                  |       and|   0|  0|   2|           1|           1|
    |ap_condition_482                  |       and|   0|  0|   2|           1|           1|
    |ap_condition_506                  |       and|   0|  0|   2|           1|           1|
    |ap_condition_510                  |       and|   0|  0|   2|           1|           1|
    |ap_condition_514                  |       and|   0|  0|   2|           1|           1|
    |ap_condition_518                  |       and|   0|  0|   2|           1|           1|
    |ap_condition_522                  |       and|   0|  0|   2|           1|           1|
    |ap_condition_526                  |       and|   0|  0|   2|           1|           1|
    |ap_condition_530                  |       and|   0|  0|   2|           1|           1|
    |ap_condition_534                  |       and|   0|  0|   2|           1|           1|
    |ap_condition_538                  |       and|   0|  0|   2|           1|           1|
    |ap_condition_542                  |       and|   0|  0|   2|           1|           1|
    |ap_condition_546                  |       and|   0|  0|   2|           1|           1|
    |ap_condition_550                  |       and|   0|  0|   2|           1|           1|
    |ap_condition_554                  |       and|   0|  0|   2|           1|           1|
    |ap_condition_558                  |       and|   0|  0|   2|           1|           1|
    |tmp_i_586_nbreadreq_fu_680_p3     |       and|   0|  0|   2|           1|           0|
    |tmp_i_nbreadreq_fu_666_p3         |       and|   0|  0|   2|           1|           0|
    |icmp_ln1049_10_fu_1041_p2         |      icmp|   0|  0|  13|          16|          16|
    |icmp_ln1049_11_fu_1045_p2         |      icmp|   0|  0|  13|          16|          16|
    |icmp_ln1049_12_fu_1061_p2         |      icmp|   0|  0|  20|          32|          32|
    |icmp_ln1049_13_fu_1065_p2         |      icmp|   0|  0|  13|          16|          16|
    |icmp_ln1049_14_fu_1069_p2         |      icmp|   0|  0|  13|          16|          16|
    |icmp_ln1049_15_fu_1085_p2         |      icmp|   0|  0|  20|          32|          32|
    |icmp_ln1049_16_fu_1089_p2         |      icmp|   0|  0|  13|          16|          16|
    |icmp_ln1049_17_fu_1093_p2         |      icmp|   0|  0|  13|          16|          16|
    |icmp_ln1049_18_fu_1109_p2         |      icmp|   0|  0|  20|          32|          32|
    |icmp_ln1049_19_fu_1113_p2         |      icmp|   0|  0|  13|          16|          16|
    |icmp_ln1049_1_fu_969_p2           |      icmp|   0|  0|  13|          16|          16|
    |icmp_ln1049_20_fu_1117_p2         |      icmp|   0|  0|  13|          16|          16|
    |icmp_ln1049_21_fu_1133_p2         |      icmp|   0|  0|  20|          32|          32|
    |icmp_ln1049_22_fu_1137_p2         |      icmp|   0|  0|  13|          16|          16|
    |icmp_ln1049_23_fu_1141_p2         |      icmp|   0|  0|  13|          16|          16|
    |icmp_ln1049_24_fu_1157_p2         |      icmp|   0|  0|  20|          32|          32|
    |icmp_ln1049_25_fu_1161_p2         |      icmp|   0|  0|  13|          16|          16|
    |icmp_ln1049_26_fu_1165_p2         |      icmp|   0|  0|  13|          16|          16|
    |icmp_ln1049_27_fu_1181_p2         |      icmp|   0|  0|  20|          32|          32|
    |icmp_ln1049_28_fu_1185_p2         |      icmp|   0|  0|  13|          16|          16|
    |icmp_ln1049_29_fu_1189_p2         |      icmp|   0|  0|  13|          16|          16|
    |icmp_ln1049_2_fu_973_p2           |      icmp|   0|  0|  13|          16|          16|
    |icmp_ln1049_30_fu_1205_p2         |      icmp|   0|  0|  20|          32|          32|
    |icmp_ln1049_31_fu_1209_p2         |      icmp|   0|  0|  13|          16|          16|
    |icmp_ln1049_32_fu_1213_p2         |      icmp|   0|  0|  13|          16|          16|
    |icmp_ln1049_33_fu_1229_p2         |      icmp|   0|  0|  20|          32|          32|
    |icmp_ln1049_34_fu_1233_p2         |      icmp|   0|  0|  13|          16|          16|
    |icmp_ln1049_35_fu_1237_p2         |      icmp|   0|  0|  13|          16|          16|
    |icmp_ln1049_36_fu_1253_p2         |      icmp|   0|  0|  20|          32|          32|
    |icmp_ln1049_37_fu_1257_p2         |      icmp|   0|  0|  13|          16|          16|
    |icmp_ln1049_38_fu_1261_p2         |      icmp|   0|  0|  13|          16|          16|
    |icmp_ln1049_39_fu_1277_p2         |      icmp|   0|  0|  20|          32|          32|
    |icmp_ln1049_3_fu_989_p2           |      icmp|   0|  0|  20|          32|          32|
    |icmp_ln1049_40_fu_1281_p2         |      icmp|   0|  0|  13|          16|          16|
    |icmp_ln1049_41_fu_1285_p2         |      icmp|   0|  0|  13|          16|          16|
    |icmp_ln1049_42_fu_1301_p2         |      icmp|   0|  0|  20|          32|          32|
    |icmp_ln1049_43_fu_1305_p2         |      icmp|   0|  0|  13|          16|          16|
    |icmp_ln1049_44_fu_1309_p2         |      icmp|   0|  0|  13|          16|          16|
    |icmp_ln1049_45_fu_1325_p2         |      icmp|   0|  0|  20|          32|          32|
    |icmp_ln1049_46_fu_1329_p2         |      icmp|   0|  0|  13|          16|          16|
    |icmp_ln1049_47_fu_1333_p2         |      icmp|   0|  0|  13|          16|          16|
    |icmp_ln1049_4_fu_993_p2           |      icmp|   0|  0|  13|          16|          16|
    |icmp_ln1049_5_fu_997_p2           |      icmp|   0|  0|  13|          16|          16|
    |icmp_ln1049_6_fu_1013_p2          |      icmp|   0|  0|  20|          32|          32|
    |icmp_ln1049_7_fu_1017_p2          |      icmp|   0|  0|  13|          16|          16|
    |icmp_ln1049_8_fu_1021_p2          |      icmp|   0|  0|  13|          16|          16|
    |icmp_ln1049_9_fu_1037_p2          |      icmp|   0|  0|  20|          32|          32|
    |icmp_ln1049_fu_965_p2             |      icmp|   0|  0|  20|          32|          32|
    |icmp_ln1053_fu_1452_p2            |      icmp|   0|  0|   9|           5|           2|
    |icmp_ln68_fu_1458_p2              |      icmp|   0|  0|  20|          32|          32|
    |ap_block_pp0_stage0_01001         |        or|   0|  0|   2|           1|           1|
    |ap_block_state1_pp0_stage0_iter0  |        or|   0|  0|   2|           1|           1|
    |currResp_drop_V_fu_1463_p2        |        or|   0|  0|   2|           1|           1|
    |select_ln60_fu_1349_p3            |    select|   0|  0|   4|           1|           4|
    |ap_enable_pp0                     |       xor|   0|  0|   2|           1|           2|
    +----------------------------------+----------+----+---+----+------------+------------+
    |Total                             |          |   0|  0| 885|        1120|        1119|
    +----------------------------------+----------+----+---+----+------------+------------+

    * Multiplexer: 
    +-----------------------------------------------+----+-----------+-----+-----------+
    |                      Name                     | LUT| Input Size| Bits| Total Bits|
    +-----------------------------------------------+----+-----------+-----+-----------+
    |agmdIdOut_blk_n                                |   9|          2|    1|          2|
    |ap_done                                        |   9|          2|    1|          2|
    |ap_phi_reg_pp0_iter1_cS_valid_V_reg_827        |  81|         17|    1|         17|
    |ap_phi_reg_pp0_iter1_p_0_0_0_013179_i_reg_753  |  81|         17|   32|        544|
    |ap_phi_reg_pp0_iter1_p_1_0_0_03377_i_reg_790   |  81|         17|   16|        272|
    |ap_phi_reg_pp0_iter1_p_2_0_0_081_i_reg_716     |  81|         17|   16|        272|
    |ap_phi_reg_pp0_iter2_index_V_reg_864           |  81|         17|    5|         85|
    |numberSockets                                  |   9|          2|    1|          2|
    |rthDropFifo_blk_n                              |   9|          2|    1|          2|
    |txthMetaData_blk_n                             |   9|          2|    1|          2|
    |ureMetaData_blk_n                              |   9|          2|    1|          2|
    +-----------------------------------------------+----+-----------+-----+-----------+
    |Total                                          | 459|         97|   76|       1202|
    +-----------------------------------------------+----+-----------+-----+-----------+

    * Register: 
    +-----------------------------------------------+----+----+-----+-----------+
    |                      Name                     | FF | LUT| Bits| Const Bits|
    +-----------------------------------------------+----+----+-----+-----------+
    |ap_CS_fsm                                      |   1|   0|    1|          0|
    |ap_done_reg                                    |   1|   0|    1|          0|
    |ap_enable_reg_pp0_iter1                        |   1|   0|    1|          0|
    |ap_enable_reg_pp0_iter2                        |   1|   0|    1|          0|
    |ap_phi_reg_pp0_iter1_cS_valid_V_reg_827        |   1|   0|    1|          0|
    |ap_phi_reg_pp0_iter1_index_V_reg_864           |   5|   0|    5|          0|
    |ap_phi_reg_pp0_iter1_p_0_0_0_013179_i_reg_753  |  32|   0|   32|          0|
    |ap_phi_reg_pp0_iter1_p_1_0_0_03377_i_reg_790   |  16|   0|   16|          0|
    |ap_phi_reg_pp0_iter1_p_2_0_0_081_i_reg_716     |  16|   0|   16|          0|
    |ap_phi_reg_pp0_iter2_index_V_reg_864           |   5|   0|    5|          0|
    |currRxMeta_myIP_V_reg_1902                     |  32|   0|   32|          0|
    |currRxMeta_myIP_V_reg_1902_pp0_iter1_reg       |  32|   0|   32|          0|
    |currRxMeta_myPort_V_reg_1928                   |  16|   0|   16|          0|
    |currRxMeta_myPort_V_reg_1928_pp0_iter1_reg     |  16|   0|   16|          0|
    |currRxMeta_theirIP_V_reg_1881                  |  32|   0|   32|          0|
    |currRxMeta_theirIP_V_reg_1881_pp0_iter1_reg    |  32|   0|   32|          0|
    |currRxMeta_theirPort_V_reg_1907                |  16|   0|   16|          0|
    |currRxMeta_theirPort_V_reg_1907_pp0_iter1_reg  |  16|   0|   16|          0|
    |numberSockets_preg                             |   1|   0|   16|         15|
    |p_read65_reg_1871                              |  32|   0|   32|          0|
    |p_read_18_reg_1589                             |  16|   0|   16|          0|
    |p_read_19_reg_1595                             |  16|   0|   16|          0|
    |p_read_1_reg_1497                              |  32|   0|   32|          0|
    |p_read_1_reg_1497_pp0_iter1_reg                |  32|   0|   32|          0|
    |p_read_20_reg_1601                             |  16|   0|   16|          0|
    |p_read_21_reg_1607                             |  16|   0|   16|          0|
    |p_read_22_reg_1613                             |  16|   0|   16|          0|
    |p_read_23_reg_1619                             |  16|   0|   16|          0|
    |p_read_24_reg_1625                             |  16|   0|   16|          0|
    |p_read_25_reg_1631                             |  16|   0|   16|          0|
    |p_read_26_reg_1637                             |  16|   0|   16|          0|
    |p_read_27_reg_1643                             |  16|   0|   16|          0|
    |p_read_28_reg_1649                             |  16|   0|   16|          0|
    |p_read_29_reg_1655                             |  16|   0|   16|          0|
    |p_read_30_reg_1661                             |  16|   0|   16|          0|
    |p_read_31_reg_1667                             |  16|   0|   16|          0|
    |p_read_32_reg_1673                             |  16|   0|   16|          0|
    |p_read_33_reg_1679                             |  16|   0|   16|          0|
    |p_read_34_reg_1685                             |  16|   0|   16|          0|
    |p_read_35_reg_1691                             |  16|   0|   16|          0|
    |p_read_36_reg_1697                             |  16|   0|   16|          0|
    |p_read_37_reg_1703                             |  16|   0|   16|          0|
    |p_read_38_reg_1709                             |  16|   0|   16|          0|
    |p_read_39_reg_1715                             |  16|   0|   16|          0|
    |p_read_40_reg_1721                             |  16|   0|   16|          0|
    |p_read_41_reg_1727                             |  16|   0|   16|          0|
    |p_read_42_reg_1733                             |  16|   0|   16|          0|
    |p_read_43_reg_1739                             |  16|   0|   16|          0|
    |p_read_44_reg_1745                             |  16|   0|   16|          0|
    |p_read_45_reg_1751                             |  16|   0|   16|          0|
    |p_read_46_reg_1757                             |  16|   0|   16|          0|
    |p_read_47_reg_1763                             |  16|   0|   16|          0|
    |p_read_48_reg_1769                             |  16|   0|   16|          0|
    |p_read_49_reg_1775                             |  16|   0|   16|          0|
    |p_read_50_reg_1781                             |  32|   0|   32|          0|
    |p_read_51_reg_1787                             |  32|   0|   32|          0|
    |p_read_52_reg_1793                             |  32|   0|   32|          0|
    |p_read_53_reg_1799                             |  32|   0|   32|          0|
    |p_read_54_reg_1805                             |  32|   0|   32|          0|
    |p_read_55_reg_1811                             |  32|   0|   32|          0|
    |p_read_56_reg_1817                             |  32|   0|   32|          0|
    |p_read_57_reg_1823                             |  32|   0|   32|          0|
    |p_read_58_reg_1829                             |  32|   0|   32|          0|
    |p_read_59_reg_1835                             |  32|   0|   32|          0|
    |p_read_60_reg_1841                             |  32|   0|   32|          0|
    |p_read_61_reg_1847                             |  32|   0|   32|          0|
    |p_read_62_reg_1853                             |  32|   0|   32|          0|
    |p_read_63_reg_1859                             |  32|   0|   32|          0|
    |p_read_64_reg_1865                             |  32|   0|   32|          0|
    |tmp_i_586_reg_1949                             |   1|   0|    1|          0|
    |tmp_i_reg_1877                                 |   1|   0|    1|          0|
    |tmp_i_reg_1877_pp0_iter1_reg                   |   1|   0|    1|          0|
    +-----------------------------------------------+----+----+-----+-----------+
    |Total                                          |1363|   0| 1378|         15|
    +-----------------------------------------------+----+----+-----+-----------+



================================================================
== Interface
================================================================
* Summary: 
+----------------------+-----+-----+------------+---------------+--------------+
|       RTL Ports      | Dir | Bits|  Protocol  | Source Object |    C Type    |
+----------------------+-----+-----+------------+---------------+--------------+
|ap_clk                |   in|    1|  ap_ctrl_hs|   TableHandler|  return value|
|ap_rst                |   in|    1|  ap_ctrl_hs|   TableHandler|  return value|
|ap_start              |   in|    1|  ap_ctrl_hs|   TableHandler|  return value|
|ap_done               |  out|    1|  ap_ctrl_hs|   TableHandler|  return value|
|ap_continue           |   in|    1|  ap_ctrl_hs|   TableHandler|  return value|
|ap_idle               |  out|    1|  ap_ctrl_hs|   TableHandler|  return value|
|ap_ready              |  out|    1|  ap_ctrl_hs|   TableHandler|  return value|
|ureMetaData_dout      |   in|  128|     ap_fifo|    ureMetaData|       pointer|
|ureMetaData_empty_n   |   in|    1|     ap_fifo|    ureMetaData|       pointer|
|ureMetaData_read      |  out|    1|     ap_fifo|    ureMetaData|       pointer|
|agmdIdOut_dout        |   in|   16|     ap_fifo|      agmdIdOut|       pointer|
|agmdIdOut_empty_n     |   in|    1|     ap_fifo|      agmdIdOut|       pointer|
|agmdIdOut_read        |  out|    1|     ap_fifo|      agmdIdOut|       pointer|
|txthMetaData_din      |  out|  128|     ap_fifo|   txthMetaData|       pointer|
|txthMetaData_full_n   |   in|    1|     ap_fifo|   txthMetaData|       pointer|
|txthMetaData_write    |  out|    1|     ap_fifo|   txthMetaData|       pointer|
|rthDropFifo_din       |  out|  160|     ap_fifo|    rthDropFifo|       pointer|
|rthDropFifo_full_n    |   in|    1|     ap_fifo|    rthDropFifo|       pointer|
|rthDropFifo_write     |  out|    1|     ap_fifo|    rthDropFifo|       pointer|
|p_read                |   in|   32|     ap_none|         p_read|        scalar|
|p_read1               |   in|   32|     ap_none|        p_read1|        scalar|
|p_read2               |   in|   32|     ap_none|        p_read2|        scalar|
|p_read3               |   in|   32|     ap_none|        p_read3|        scalar|
|p_read4               |   in|   32|     ap_none|        p_read4|        scalar|
|p_read5               |   in|   32|     ap_none|        p_read5|        scalar|
|p_read6               |   in|   32|     ap_none|        p_read6|        scalar|
|p_read7               |   in|   32|     ap_none|        p_read7|        scalar|
|p_read8               |   in|   32|     ap_none|        p_read8|        scalar|
|p_read9               |   in|   32|     ap_none|        p_read9|        scalar|
|p_read10              |   in|   32|     ap_none|       p_read10|        scalar|
|p_read11              |   in|   32|     ap_none|       p_read11|        scalar|
|p_read12              |   in|   32|     ap_none|       p_read12|        scalar|
|p_read13              |   in|   32|     ap_none|       p_read13|        scalar|
|p_read14              |   in|   32|     ap_none|       p_read14|        scalar|
|p_read15              |   in|   32|     ap_none|       p_read15|        scalar|
|p_read16              |   in|   16|     ap_none|       p_read16|        scalar|
|p_read17              |   in|   16|     ap_none|       p_read17|        scalar|
|p_read18              |   in|   16|     ap_none|       p_read18|        scalar|
|p_read19              |   in|   16|     ap_none|       p_read19|        scalar|
|p_read20              |   in|   16|     ap_none|       p_read20|        scalar|
|p_read21              |   in|   16|     ap_none|       p_read21|        scalar|
|p_read22              |   in|   16|     ap_none|       p_read22|        scalar|
|p_read23              |   in|   16|     ap_none|       p_read23|        scalar|
|p_read24              |   in|   16|     ap_none|       p_read24|        scalar|
|p_read25              |   in|   16|     ap_none|       p_read25|        scalar|
|p_read26              |   in|   16|     ap_none|       p_read26|        scalar|
|p_read27              |   in|   16|     ap_none|       p_read27|        scalar|
|p_read28              |   in|   16|     ap_none|       p_read28|        scalar|
|p_read29              |   in|   16|     ap_none|       p_read29|        scalar|
|p_read30              |   in|   16|     ap_none|       p_read30|        scalar|
|p_read31              |   in|   16|     ap_none|       p_read31|        scalar|
|p_read32              |   in|   16|     ap_none|       p_read32|        scalar|
|p_read33              |   in|   16|     ap_none|       p_read33|        scalar|
|p_read34              |   in|   16|     ap_none|       p_read34|        scalar|
|p_read35              |   in|   16|     ap_none|       p_read35|        scalar|
|p_read36              |   in|   16|     ap_none|       p_read36|        scalar|
|p_read37              |   in|   16|     ap_none|       p_read37|        scalar|
|p_read38              |   in|   16|     ap_none|       p_read38|        scalar|
|p_read39              |   in|   16|     ap_none|       p_read39|        scalar|
|p_read40              |   in|   16|     ap_none|       p_read40|        scalar|
|p_read41              |   in|   16|     ap_none|       p_read41|        scalar|
|p_read42              |   in|   16|     ap_none|       p_read42|        scalar|
|p_read43              |   in|   16|     ap_none|       p_read43|        scalar|
|p_read44              |   in|   16|     ap_none|       p_read44|        scalar|
|p_read45              |   in|   16|     ap_none|       p_read45|        scalar|
|p_read46              |   in|   16|     ap_none|       p_read46|        scalar|
|p_read47              |   in|   16|     ap_none|       p_read47|        scalar|
|p_read48              |   in|    1|     ap_none|       p_read48|        scalar|
|p_read49              |   in|    1|     ap_none|       p_read49|        scalar|
|p_read50              |   in|    1|     ap_none|       p_read50|        scalar|
|p_read51              |   in|    1|     ap_none|       p_read51|        scalar|
|p_read52              |   in|    1|     ap_none|       p_read52|        scalar|
|p_read53              |   in|    1|     ap_none|       p_read53|        scalar|
|p_read54              |   in|    1|     ap_none|       p_read54|        scalar|
|p_read55              |   in|    1|     ap_none|       p_read55|        scalar|
|p_read56              |   in|    1|     ap_none|       p_read56|        scalar|
|p_read57              |   in|    1|     ap_none|       p_read57|        scalar|
|p_read58              |   in|    1|     ap_none|       p_read58|        scalar|
|p_read59              |   in|    1|     ap_none|       p_read59|        scalar|
|p_read60              |   in|    1|     ap_none|       p_read60|        scalar|
|p_read61              |   in|    1|     ap_none|       p_read61|        scalar|
|p_read62              |   in|    1|     ap_none|       p_read62|        scalar|
|p_read63              |   in|    1|     ap_none|       p_read63|        scalar|
|numberSockets         |  out|   16|      ap_vld|  numberSockets|       pointer|
|numberSockets_ap_vld  |  out|    1|      ap_vld|  numberSockets|       pointer|
|p_read64              |   in|   32|     ap_none|       p_read64|        scalar|
+----------------------+-----+-----+------------+---------------+--------------+

