

================================================================
== Vivado HLS Report for 'udp_entry3'
================================================================
* Date:           Thu Aug  5 18:58:22 2021

* Version:        2020.1 (Build 2897737 on Wed May 27 20:21:37 MDT 2020)
* Project:        UDP_prj
* Solution:       ultrascale_plus
* Product family: virtexuplus
* Target device:  xcu280-fsvh2892-2L-e


================================================================
== Performance Estimates
================================================================
+ Timing: 
    * Summary: 
    +--------+---------+----------+------------+
    |  Clock |  Target | Estimated| Uncertainty|
    +--------+---------+----------+------------+
    |ap_clk  | 2.50 ns | 1.150 ns |   0.20 ns  |
    +--------+---------+----------+------------+

+ Latency: 
    * Summary: 
    +---------+---------+----------+----------+-----+-----+---------+
    |  Latency (cycles) |  Latency (absolute) |  Interval | Pipeline|
    |   min   |   max   |    min   |    max   | min | max |   Type  |
    +---------+---------+----------+----------+-----+-----+---------+
    |        0|        0|   0 ns   |   0 ns   |    0|    0|   none  |
    +---------+---------+----------+----------+-----+-----+---------+

    + Detail: 
        * Instance: 
        N/A

        * Loop: 
        N/A



================================================================
== Utilization Estimates
================================================================
* Summary: 
+---------------------+---------+-------+---------+---------+-----+
|         Name        | BRAM_18K| DSP48E|    FF   |   LUT   | URAM|
+---------------------+---------+-------+---------+---------+-----+
|DSP                  |        -|      -|        -|        -|    -|
|Expression           |        -|      -|        0|        2|    -|
|FIFO                 |        -|      -|        -|        -|    -|
|Instance             |        -|      -|        -|        -|    -|
|Memory               |        -|      -|        -|        -|    -|
|Multiplexer          |        -|      -|        -|      585|    -|
|Register             |        -|      -|        2|        -|    -|
+---------------------+---------+-------+---------+---------+-----+
|Total                |        0|      0|        2|      587|    0|
+---------------------+---------+-------+---------+---------+-----+
|Available SLR        |     1344|   3008|   869120|   434560|  320|
+---------------------+---------+-------+---------+---------+-----+
|Utilization SLR (%)  |        0|      0|    ~0   |    ~0   |    0|
+---------------------+---------+-------+---------+---------+-----+
|Available            |     4032|   9024|  2607360|  1303680|  960|
+---------------------+---------+-------+---------+---------+-----+
|Utilization (%)      |        0|      0|    ~0   |    ~0   |    0|
+---------------------+---------+-------+---------+---------+-----+

+ Detail: 
    * Instance: 
    N/A

    * DSP48E: 
    N/A

    * Memory: 
    N/A

    * FIFO: 
    N/A

    * Expression: 
    +-----------------+----------+-------+---+----+------------+------------+
    |  Variable Name  | Operation| DSP48E| FF| LUT| Bitwidth P0| Bitwidth P1|
    +-----------------+----------+-------+---+----+------------+------------+
    |ap_block_state1  |    or    |      0|  0|   2|           1|           1|
    +-----------------+----------+-------+---+----+------------+------------+
    |Total            |          |      0|  0|   2|           1|           1|
    +-----------------+----------+-------+---+----+------------+------------+

    * Multiplexer: 
    +--------------------------------------+----+-----------+-----+-----------+
    |                 Name                 | LUT| Input Size| Bits| Total Bits|
    +--------------------------------------+----+-----------+-----+-----------+
    |SocketTable_0_myPort_V_out_blk_n      |   9|          2|    1|          2|
    |SocketTable_0_theirIP_V_out_blk_n     |   9|          2|    1|          2|
    |SocketTable_0_theirPort_V_out_blk_n   |   9|          2|    1|          2|
    |SocketTable_0_valid_V_out_blk_n       |   9|          2|    1|          2|
    |SocketTable_10_myPort_V_out_blk_n     |   9|          2|    1|          2|
    |SocketTable_10_theirIP_V_out_blk_n    |   9|          2|    1|          2|
    |SocketTable_10_theirPort_V_out_blk_n  |   9|          2|    1|          2|
    |SocketTable_10_valid_V_out_blk_n      |   9|          2|    1|          2|
    |SocketTable_11_myPort_V_out_blk_n     |   9|          2|    1|          2|
    |SocketTable_11_theirIP_V_out_blk_n    |   9|          2|    1|          2|
    |SocketTable_11_theirPort_V_out_blk_n  |   9|          2|    1|          2|
    |SocketTable_11_valid_V_out_blk_n      |   9|          2|    1|          2|
    |SocketTable_12_myPort_V_out_blk_n     |   9|          2|    1|          2|
    |SocketTable_12_theirIP_V_out_blk_n    |   9|          2|    1|          2|
    |SocketTable_12_theirPort_V_out_blk_n  |   9|          2|    1|          2|
    |SocketTable_12_valid_V_out_blk_n      |   9|          2|    1|          2|
    |SocketTable_13_myPort_V_out_blk_n     |   9|          2|    1|          2|
    |SocketTable_13_theirIP_V_out_blk_n    |   9|          2|    1|          2|
    |SocketTable_13_theirPort_V_out_blk_n  |   9|          2|    1|          2|
    |SocketTable_13_valid_V_out_blk_n      |   9|          2|    1|          2|
    |SocketTable_14_myPort_V_out_blk_n     |   9|          2|    1|          2|
    |SocketTable_14_theirIP_V_out_blk_n    |   9|          2|    1|          2|
    |SocketTable_14_theirPort_V_out_blk_n  |   9|          2|    1|          2|
    |SocketTable_14_valid_V_out_blk_n      |   9|          2|    1|          2|
    |SocketTable_15_myPort_V_out_blk_n     |   9|          2|    1|          2|
    |SocketTable_15_theirIP_V_out_blk_n    |   9|          2|    1|          2|
    |SocketTable_15_theirPort_V_out_blk_n  |   9|          2|    1|          2|
    |SocketTable_15_valid_V_out_blk_n      |   9|          2|    1|          2|
    |SocketTable_1_myPort_V_out_blk_n      |   9|          2|    1|          2|
    |SocketTable_1_theirIP_V_out_blk_n     |   9|          2|    1|          2|
    |SocketTable_1_theirPort_V_out_blk_n   |   9|          2|    1|          2|
    |SocketTable_1_valid_V_out_blk_n       |   9|          2|    1|          2|
    |SocketTable_2_myPort_V_out_blk_n      |   9|          2|    1|          2|
    |SocketTable_2_theirIP_V_out_blk_n     |   9|          2|    1|          2|
    |SocketTable_2_theirPort_V_out_blk_n   |   9|          2|    1|          2|
    |SocketTable_2_valid_V_out_blk_n       |   9|          2|    1|          2|
    |SocketTable_3_myPort_V_out_blk_n      |   9|          2|    1|          2|
    |SocketTable_3_theirIP_V_out_blk_n     |   9|          2|    1|          2|
    |SocketTable_3_theirPort_V_out_blk_n   |   9|          2|    1|          2|
    |SocketTable_3_valid_V_out_blk_n       |   9|          2|    1|          2|
    |SocketTable_4_myPort_V_out_blk_n      |   9|          2|    1|          2|
    |SocketTable_4_theirIP_V_out_blk_n     |   9|          2|    1|          2|
    |SocketTable_4_theirPort_V_out_blk_n   |   9|          2|    1|          2|
    |SocketTable_4_valid_V_out_blk_n       |   9|          2|    1|          2|
    |SocketTable_5_myPort_V_out_blk_n      |   9|          2|    1|          2|
    |SocketTable_5_theirIP_V_out_blk_n     |   9|          2|    1|          2|
    |SocketTable_5_theirPort_V_out_blk_n   |   9|          2|    1|          2|
    |SocketTable_5_valid_V_out_blk_n       |   9|          2|    1|          2|
    |SocketTable_6_myPort_V_out_blk_n      |   9|          2|    1|          2|
    |SocketTable_6_theirIP_V_out_blk_n     |   9|          2|    1|          2|
    |SocketTable_6_theirPort_V_out_blk_n   |   9|          2|    1|          2|
    |SocketTable_6_valid_V_out_blk_n       |   9|          2|    1|          2|
    |SocketTable_7_myPort_V_out_blk_n      |   9|          2|    1|          2|
    |SocketTable_7_theirIP_V_out_blk_n     |   9|          2|    1|          2|
    |SocketTable_7_theirPort_V_out_blk_n   |   9|          2|    1|          2|
    |SocketTable_7_valid_V_out_blk_n       |   9|          2|    1|          2|
    |SocketTable_8_myPort_V_out_blk_n      |   9|          2|    1|          2|
    |SocketTable_8_theirIP_V_out_blk_n     |   9|          2|    1|          2|
    |SocketTable_8_theirPort_V_out_blk_n   |   9|          2|    1|          2|
    |SocketTable_8_valid_V_out_blk_n       |   9|          2|    1|          2|
    |SocketTable_9_myPort_V_out_blk_n      |   9|          2|    1|          2|
    |SocketTable_9_theirIP_V_out_blk_n     |   9|          2|    1|          2|
    |SocketTable_9_theirPort_V_out_blk_n   |   9|          2|    1|          2|
    |SocketTable_9_valid_V_out_blk_n       |   9|          2|    1|          2|
    |ap_done                               |   9|          2|    1|          2|
    +--------------------------------------+----+-----------+-----+-----------+
    |Total                                 | 585|        130|   65|        130|
    +--------------------------------------+----+-----------+-----+-----------+

    * Register: 
    +-------------+---+----+-----+-----------+
    |     Name    | FF| LUT| Bits| Const Bits|
    +-------------+---+----+-----+-----------+
    |ap_CS_fsm    |  1|   0|    1|          0|
    |ap_done_reg  |  1|   0|    1|          0|
    +-------------+---+----+-----+-----------+
    |Total        |  2|   0|    2|          0|
    +-------------+---+----+-----+-----------+



================================================================
== Interface
================================================================
* Summary: 
+---------------------------------------+-----+-----+------------+--------------------------------+--------------+
|               RTL Ports               | Dir | Bits|  Protocol  |          Source Object         |    C Type    |
+---------------------------------------+-----+-----+------------+--------------------------------+--------------+
|ap_clk                                 |  in |    1| ap_ctrl_hs |           udp.entry3           | return value |
|ap_rst                                 |  in |    1| ap_ctrl_hs |           udp.entry3           | return value |
|ap_start                               |  in |    1| ap_ctrl_hs |           udp.entry3           | return value |
|ap_done                                | out |    1| ap_ctrl_hs |           udp.entry3           | return value |
|ap_continue                            |  in |    1| ap_ctrl_hs |           udp.entry3           | return value |
|ap_idle                                | out |    1| ap_ctrl_hs |           udp.entry3           | return value |
|ap_ready                               | out |    1| ap_ctrl_hs |           udp.entry3           | return value |
|SocketTable_0_theirIP_V                |  in |   32|   ap_none  |     SocketTable_0_theirIP_V    |    pointer   |
|SocketTable_1_theirIP_V                |  in |   32|   ap_none  |     SocketTable_1_theirIP_V    |    pointer   |
|SocketTable_2_theirIP_V                |  in |   32|   ap_none  |     SocketTable_2_theirIP_V    |    pointer   |
|SocketTable_3_theirIP_V                |  in |   32|   ap_none  |     SocketTable_3_theirIP_V    |    pointer   |
|SocketTable_4_theirIP_V                |  in |   32|   ap_none  |     SocketTable_4_theirIP_V    |    pointer   |
|SocketTable_5_theirIP_V                |  in |   32|   ap_none  |     SocketTable_5_theirIP_V    |    pointer   |
|SocketTable_6_theirIP_V                |  in |   32|   ap_none  |     SocketTable_6_theirIP_V    |    pointer   |
|SocketTable_7_theirIP_V                |  in |   32|   ap_none  |     SocketTable_7_theirIP_V    |    pointer   |
|SocketTable_8_theirIP_V                |  in |   32|   ap_none  |     SocketTable_8_theirIP_V    |    pointer   |
|SocketTable_9_theirIP_V                |  in |   32|   ap_none  |     SocketTable_9_theirIP_V    |    pointer   |
|SocketTable_10_theirIP_V               |  in |   32|   ap_none  |    SocketTable_10_theirIP_V    |    pointer   |
|SocketTable_11_theirIP_V               |  in |   32|   ap_none  |    SocketTable_11_theirIP_V    |    pointer   |
|SocketTable_12_theirIP_V               |  in |   32|   ap_none  |    SocketTable_12_theirIP_V    |    pointer   |
|SocketTable_13_theirIP_V               |  in |   32|   ap_none  |    SocketTable_13_theirIP_V    |    pointer   |
|SocketTable_14_theirIP_V               |  in |   32|   ap_none  |    SocketTable_14_theirIP_V    |    pointer   |
|SocketTable_15_theirIP_V               |  in |   32|   ap_none  |    SocketTable_15_theirIP_V    |    pointer   |
|SocketTable_0_theirPort_V              |  in |   16|   ap_none  |    SocketTable_0_theirPort_V   |    pointer   |
|SocketTable_1_theirPort_V              |  in |   16|   ap_none  |    SocketTable_1_theirPort_V   |    pointer   |
|SocketTable_2_theirPort_V              |  in |   16|   ap_none  |    SocketTable_2_theirPort_V   |    pointer   |
|SocketTable_3_theirPort_V              |  in |   16|   ap_none  |    SocketTable_3_theirPort_V   |    pointer   |
|SocketTable_4_theirPort_V              |  in |   16|   ap_none  |    SocketTable_4_theirPort_V   |    pointer   |
|SocketTable_5_theirPort_V              |  in |   16|   ap_none  |    SocketTable_5_theirPort_V   |    pointer   |
|SocketTable_6_theirPort_V              |  in |   16|   ap_none  |    SocketTable_6_theirPort_V   |    pointer   |
|SocketTable_7_theirPort_V              |  in |   16|   ap_none  |    SocketTable_7_theirPort_V   |    pointer   |
|SocketTable_8_theirPort_V              |  in |   16|   ap_none  |    SocketTable_8_theirPort_V   |    pointer   |
|SocketTable_9_theirPort_V              |  in |   16|   ap_none  |    SocketTable_9_theirPort_V   |    pointer   |
|SocketTable_10_theirPort_V             |  in |   16|   ap_none  |   SocketTable_10_theirPort_V   |    pointer   |
|SocketTable_11_theirPort_V             |  in |   16|   ap_none  |   SocketTable_11_theirPort_V   |    pointer   |
|SocketTable_12_theirPort_V             |  in |   16|   ap_none  |   SocketTable_12_theirPort_V   |    pointer   |
|SocketTable_13_theirPort_V             |  in |   16|   ap_none  |   SocketTable_13_theirPort_V   |    pointer   |
|SocketTable_14_theirPort_V             |  in |   16|   ap_none  |   SocketTable_14_theirPort_V   |    pointer   |
|SocketTable_15_theirPort_V             |  in |   16|   ap_none  |   SocketTable_15_theirPort_V   |    pointer   |
|SocketTable_0_myPort_V                 |  in |   16|   ap_none  |     SocketTable_0_myPort_V     |    pointer   |
|SocketTable_1_myPort_V                 |  in |   16|   ap_none  |     SocketTable_1_myPort_V     |    pointer   |
|SocketTable_2_myPort_V                 |  in |   16|   ap_none  |     SocketTable_2_myPort_V     |    pointer   |
|SocketTable_3_myPort_V                 |  in |   16|   ap_none  |     SocketTable_3_myPort_V     |    pointer   |
|SocketTable_4_myPort_V                 |  in |   16|   ap_none  |     SocketTable_4_myPort_V     |    pointer   |
|SocketTable_5_myPort_V                 |  in |   16|   ap_none  |     SocketTable_5_myPort_V     |    pointer   |
|SocketTable_6_myPort_V                 |  in |   16|   ap_none  |     SocketTable_6_myPort_V     |    pointer   |
|SocketTable_7_myPort_V                 |  in |   16|   ap_none  |     SocketTable_7_myPort_V     |    pointer   |
|SocketTable_8_myPort_V                 |  in |   16|   ap_none  |     SocketTable_8_myPort_V     |    pointer   |
|SocketTable_9_myPort_V                 |  in |   16|   ap_none  |     SocketTable_9_myPort_V     |    pointer   |
|SocketTable_10_myPort_V                |  in |   16|   ap_none  |     SocketTable_10_myPort_V    |    pointer   |
|SocketTable_11_myPort_V                |  in |   16|   ap_none  |     SocketTable_11_myPort_V    |    pointer   |
|SocketTable_12_myPort_V                |  in |   16|   ap_none  |     SocketTable_12_myPort_V    |    pointer   |
|SocketTable_13_myPort_V                |  in |   16|   ap_none  |     SocketTable_13_myPort_V    |    pointer   |
|SocketTable_14_myPort_V                |  in |   16|   ap_none  |     SocketTable_14_myPort_V    |    pointer   |
|SocketTable_15_myPort_V                |  in |   16|   ap_none  |     SocketTable_15_myPort_V    |    pointer   |
|SocketTable_0_valid_V                  |  in |    1|   ap_none  |      SocketTable_0_valid_V     |    pointer   |
|SocketTable_1_valid_V                  |  in |    1|   ap_none  |      SocketTable_1_valid_V     |    pointer   |
|SocketTable_2_valid_V                  |  in |    1|   ap_none  |      SocketTable_2_valid_V     |    pointer   |
|SocketTable_3_valid_V                  |  in |    1|   ap_none  |      SocketTable_3_valid_V     |    pointer   |
|SocketTable_4_valid_V                  |  in |    1|   ap_none  |      SocketTable_4_valid_V     |    pointer   |
|SocketTable_5_valid_V                  |  in |    1|   ap_none  |      SocketTable_5_valid_V     |    pointer   |
|SocketTable_6_valid_V                  |  in |    1|   ap_none  |      SocketTable_6_valid_V     |    pointer   |
|SocketTable_7_valid_V                  |  in |    1|   ap_none  |      SocketTable_7_valid_V     |    pointer   |
|SocketTable_8_valid_V                  |  in |    1|   ap_none  |      SocketTable_8_valid_V     |    pointer   |
|SocketTable_9_valid_V                  |  in |    1|   ap_none  |      SocketTable_9_valid_V     |    pointer   |
|SocketTable_10_valid_V                 |  in |    1|   ap_none  |     SocketTable_10_valid_V     |    pointer   |
|SocketTable_11_valid_V                 |  in |    1|   ap_none  |     SocketTable_11_valid_V     |    pointer   |
|SocketTable_12_valid_V                 |  in |    1|   ap_none  |     SocketTable_12_valid_V     |    pointer   |
|SocketTable_13_valid_V                 |  in |    1|   ap_none  |     SocketTable_13_valid_V     |    pointer   |
|SocketTable_14_valid_V                 |  in |    1|   ap_none  |     SocketTable_14_valid_V     |    pointer   |
|SocketTable_15_valid_V                 |  in |    1|   ap_none  |     SocketTable_15_valid_V     |    pointer   |
|SocketTable_0_theirIP_V_out_din        | out |   32|   ap_fifo  |   SocketTable_0_theirIP_V_out  |    pointer   |
|SocketTable_0_theirIP_V_out_full_n     |  in |    1|   ap_fifo  |   SocketTable_0_theirIP_V_out  |    pointer   |
|SocketTable_0_theirIP_V_out_write      | out |    1|   ap_fifo  |   SocketTable_0_theirIP_V_out  |    pointer   |
|SocketTable_1_theirIP_V_out_din        | out |   32|   ap_fifo  |   SocketTable_1_theirIP_V_out  |    pointer   |
|SocketTable_1_theirIP_V_out_full_n     |  in |    1|   ap_fifo  |   SocketTable_1_theirIP_V_out  |    pointer   |
|SocketTable_1_theirIP_V_out_write      | out |    1|   ap_fifo  |   SocketTable_1_theirIP_V_out  |    pointer   |
|SocketTable_2_theirIP_V_out_din        | out |   32|   ap_fifo  |   SocketTable_2_theirIP_V_out  |    pointer   |
|SocketTable_2_theirIP_V_out_full_n     |  in |    1|   ap_fifo  |   SocketTable_2_theirIP_V_out  |    pointer   |
|SocketTable_2_theirIP_V_out_write      | out |    1|   ap_fifo  |   SocketTable_2_theirIP_V_out  |    pointer   |
|SocketTable_3_theirIP_V_out_din        | out |   32|   ap_fifo  |   SocketTable_3_theirIP_V_out  |    pointer   |
|SocketTable_3_theirIP_V_out_full_n     |  in |    1|   ap_fifo  |   SocketTable_3_theirIP_V_out  |    pointer   |
|SocketTable_3_theirIP_V_out_write      | out |    1|   ap_fifo  |   SocketTable_3_theirIP_V_out  |    pointer   |
|SocketTable_4_theirIP_V_out_din        | out |   32|   ap_fifo  |   SocketTable_4_theirIP_V_out  |    pointer   |
|SocketTable_4_theirIP_V_out_full_n     |  in |    1|   ap_fifo  |   SocketTable_4_theirIP_V_out  |    pointer   |
|SocketTable_4_theirIP_V_out_write      | out |    1|   ap_fifo  |   SocketTable_4_theirIP_V_out  |    pointer   |
|SocketTable_5_theirIP_V_out_din        | out |   32|   ap_fifo  |   SocketTable_5_theirIP_V_out  |    pointer   |
|SocketTable_5_theirIP_V_out_full_n     |  in |    1|   ap_fifo  |   SocketTable_5_theirIP_V_out  |    pointer   |
|SocketTable_5_theirIP_V_out_write      | out |    1|   ap_fifo  |   SocketTable_5_theirIP_V_out  |    pointer   |
|SocketTable_6_theirIP_V_out_din        | out |   32|   ap_fifo  |   SocketTable_6_theirIP_V_out  |    pointer   |
|SocketTable_6_theirIP_V_out_full_n     |  in |    1|   ap_fifo  |   SocketTable_6_theirIP_V_out  |    pointer   |
|SocketTable_6_theirIP_V_out_write      | out |    1|   ap_fifo  |   SocketTable_6_theirIP_V_out  |    pointer   |
|SocketTable_7_theirIP_V_out_din        | out |   32|   ap_fifo  |   SocketTable_7_theirIP_V_out  |    pointer   |
|SocketTable_7_theirIP_V_out_full_n     |  in |    1|   ap_fifo  |   SocketTable_7_theirIP_V_out  |    pointer   |
|SocketTable_7_theirIP_V_out_write      | out |    1|   ap_fifo  |   SocketTable_7_theirIP_V_out  |    pointer   |
|SocketTable_8_theirIP_V_out_din        | out |   32|   ap_fifo  |   SocketTable_8_theirIP_V_out  |    pointer   |
|SocketTable_8_theirIP_V_out_full_n     |  in |    1|   ap_fifo  |   SocketTable_8_theirIP_V_out  |    pointer   |
|SocketTable_8_theirIP_V_out_write      | out |    1|   ap_fifo  |   SocketTable_8_theirIP_V_out  |    pointer   |
|SocketTable_9_theirIP_V_out_din        | out |   32|   ap_fifo  |   SocketTable_9_theirIP_V_out  |    pointer   |
|SocketTable_9_theirIP_V_out_full_n     |  in |    1|   ap_fifo  |   SocketTable_9_theirIP_V_out  |    pointer   |
|SocketTable_9_theirIP_V_out_write      | out |    1|   ap_fifo  |   SocketTable_9_theirIP_V_out  |    pointer   |
|SocketTable_10_theirIP_V_out_din       | out |   32|   ap_fifo  |  SocketTable_10_theirIP_V_out  |    pointer   |
|SocketTable_10_theirIP_V_out_full_n    |  in |    1|   ap_fifo  |  SocketTable_10_theirIP_V_out  |    pointer   |
|SocketTable_10_theirIP_V_out_write     | out |    1|   ap_fifo  |  SocketTable_10_theirIP_V_out  |    pointer   |
|SocketTable_11_theirIP_V_out_din       | out |   32|   ap_fifo  |  SocketTable_11_theirIP_V_out  |    pointer   |
|SocketTable_11_theirIP_V_out_full_n    |  in |    1|   ap_fifo  |  SocketTable_11_theirIP_V_out  |    pointer   |
|SocketTable_11_theirIP_V_out_write     | out |    1|   ap_fifo  |  SocketTable_11_theirIP_V_out  |    pointer   |
|SocketTable_12_theirIP_V_out_din       | out |   32|   ap_fifo  |  SocketTable_12_theirIP_V_out  |    pointer   |
|SocketTable_12_theirIP_V_out_full_n    |  in |    1|   ap_fifo  |  SocketTable_12_theirIP_V_out  |    pointer   |
|SocketTable_12_theirIP_V_out_write     | out |    1|   ap_fifo  |  SocketTable_12_theirIP_V_out  |    pointer   |
|SocketTable_13_theirIP_V_out_din       | out |   32|   ap_fifo  |  SocketTable_13_theirIP_V_out  |    pointer   |
|SocketTable_13_theirIP_V_out_full_n    |  in |    1|   ap_fifo  |  SocketTable_13_theirIP_V_out  |    pointer   |
|SocketTable_13_theirIP_V_out_write     | out |    1|   ap_fifo  |  SocketTable_13_theirIP_V_out  |    pointer   |
|SocketTable_14_theirIP_V_out_din       | out |   32|   ap_fifo  |  SocketTable_14_theirIP_V_out  |    pointer   |
|SocketTable_14_theirIP_V_out_full_n    |  in |    1|   ap_fifo  |  SocketTable_14_theirIP_V_out  |    pointer   |
|SocketTable_14_theirIP_V_out_write     | out |    1|   ap_fifo  |  SocketTable_14_theirIP_V_out  |    pointer   |
|SocketTable_15_theirIP_V_out_din       | out |   32|   ap_fifo  |  SocketTable_15_theirIP_V_out  |    pointer   |
|SocketTable_15_theirIP_V_out_full_n    |  in |    1|   ap_fifo  |  SocketTable_15_theirIP_V_out  |    pointer   |
|SocketTable_15_theirIP_V_out_write     | out |    1|   ap_fifo  |  SocketTable_15_theirIP_V_out  |    pointer   |
|SocketTable_0_theirPort_V_out_din      | out |   16|   ap_fifo  |  SocketTable_0_theirPort_V_out |    pointer   |
|SocketTable_0_theirPort_V_out_full_n   |  in |    1|   ap_fifo  |  SocketTable_0_theirPort_V_out |    pointer   |
|SocketTable_0_theirPort_V_out_write    | out |    1|   ap_fifo  |  SocketTable_0_theirPort_V_out |    pointer   |
|SocketTable_1_theirPort_V_out_din      | out |   16|   ap_fifo  |  SocketTable_1_theirPort_V_out |    pointer   |
|SocketTable_1_theirPort_V_out_full_n   |  in |    1|   ap_fifo  |  SocketTable_1_theirPort_V_out |    pointer   |
|SocketTable_1_theirPort_V_out_write    | out |    1|   ap_fifo  |  SocketTable_1_theirPort_V_out |    pointer   |
|SocketTable_2_theirPort_V_out_din      | out |   16|   ap_fifo  |  SocketTable_2_theirPort_V_out |    pointer   |
|SocketTable_2_theirPort_V_out_full_n   |  in |    1|   ap_fifo  |  SocketTable_2_theirPort_V_out |    pointer   |
|SocketTable_2_theirPort_V_out_write    | out |    1|   ap_fifo  |  SocketTable_2_theirPort_V_out |    pointer   |
|SocketTable_3_theirPort_V_out_din      | out |   16|   ap_fifo  |  SocketTable_3_theirPort_V_out |    pointer   |
|SocketTable_3_theirPort_V_out_full_n   |  in |    1|   ap_fifo  |  SocketTable_3_theirPort_V_out |    pointer   |
|SocketTable_3_theirPort_V_out_write    | out |    1|   ap_fifo  |  SocketTable_3_theirPort_V_out |    pointer   |
|SocketTable_4_theirPort_V_out_din      | out |   16|   ap_fifo  |  SocketTable_4_theirPort_V_out |    pointer   |
|SocketTable_4_theirPort_V_out_full_n   |  in |    1|   ap_fifo  |  SocketTable_4_theirPort_V_out |    pointer   |
|SocketTable_4_theirPort_V_out_write    | out |    1|   ap_fifo  |  SocketTable_4_theirPort_V_out |    pointer   |
|SocketTable_5_theirPort_V_out_din      | out |   16|   ap_fifo  |  SocketTable_5_theirPort_V_out |    pointer   |
|SocketTable_5_theirPort_V_out_full_n   |  in |    1|   ap_fifo  |  SocketTable_5_theirPort_V_out |    pointer   |
|SocketTable_5_theirPort_V_out_write    | out |    1|   ap_fifo  |  SocketTable_5_theirPort_V_out |    pointer   |
|SocketTable_6_theirPort_V_out_din      | out |   16|   ap_fifo  |  SocketTable_6_theirPort_V_out |    pointer   |
|SocketTable_6_theirPort_V_out_full_n   |  in |    1|   ap_fifo  |  SocketTable_6_theirPort_V_out |    pointer   |
|SocketTable_6_theirPort_V_out_write    | out |    1|   ap_fifo  |  SocketTable_6_theirPort_V_out |    pointer   |
|SocketTable_7_theirPort_V_out_din      | out |   16|   ap_fifo  |  SocketTable_7_theirPort_V_out |    pointer   |
|SocketTable_7_theirPort_V_out_full_n   |  in |    1|   ap_fifo  |  SocketTable_7_theirPort_V_out |    pointer   |
|SocketTable_7_theirPort_V_out_write    | out |    1|   ap_fifo  |  SocketTable_7_theirPort_V_out |    pointer   |
|SocketTable_8_theirPort_V_out_din      | out |   16|   ap_fifo  |  SocketTable_8_theirPort_V_out |    pointer   |
|SocketTable_8_theirPort_V_out_full_n   |  in |    1|   ap_fifo  |  SocketTable_8_theirPort_V_out |    pointer   |
|SocketTable_8_theirPort_V_out_write    | out |    1|   ap_fifo  |  SocketTable_8_theirPort_V_out |    pointer   |
|SocketTable_9_theirPort_V_out_din      | out |   16|   ap_fifo  |  SocketTable_9_theirPort_V_out |    pointer   |
|SocketTable_9_theirPort_V_out_full_n   |  in |    1|   ap_fifo  |  SocketTable_9_theirPort_V_out |    pointer   |
|SocketTable_9_theirPort_V_out_write    | out |    1|   ap_fifo  |  SocketTable_9_theirPort_V_out |    pointer   |
|SocketTable_10_theirPort_V_out_din     | out |   16|   ap_fifo  | SocketTable_10_theirPort_V_out |    pointer   |
|SocketTable_10_theirPort_V_out_full_n  |  in |    1|   ap_fifo  | SocketTable_10_theirPort_V_out |    pointer   |
|SocketTable_10_theirPort_V_out_write   | out |    1|   ap_fifo  | SocketTable_10_theirPort_V_out |    pointer   |
|SocketTable_11_theirPort_V_out_din     | out |   16|   ap_fifo  | SocketTable_11_theirPort_V_out |    pointer   |
|SocketTable_11_theirPort_V_out_full_n  |  in |    1|   ap_fifo  | SocketTable_11_theirPort_V_out |    pointer   |
|SocketTable_11_theirPort_V_out_write   | out |    1|   ap_fifo  | SocketTable_11_theirPort_V_out |    pointer   |
|SocketTable_12_theirPort_V_out_din     | out |   16|   ap_fifo  | SocketTable_12_theirPort_V_out |    pointer   |
|SocketTable_12_theirPort_V_out_full_n  |  in |    1|   ap_fifo  | SocketTable_12_theirPort_V_out |    pointer   |
|SocketTable_12_theirPort_V_out_write   | out |    1|   ap_fifo  | SocketTable_12_theirPort_V_out |    pointer   |
|SocketTable_13_theirPort_V_out_din     | out |   16|   ap_fifo  | SocketTable_13_theirPort_V_out |    pointer   |
|SocketTable_13_theirPort_V_out_full_n  |  in |    1|   ap_fifo  | SocketTable_13_theirPort_V_out |    pointer   |
|SocketTable_13_theirPort_V_out_write   | out |    1|   ap_fifo  | SocketTable_13_theirPort_V_out |    pointer   |
|SocketTable_14_theirPort_V_out_din     | out |   16|   ap_fifo  | SocketTable_14_theirPort_V_out |    pointer   |
|SocketTable_14_theirPort_V_out_full_n  |  in |    1|   ap_fifo  | SocketTable_14_theirPort_V_out |    pointer   |
|SocketTable_14_theirPort_V_out_write   | out |    1|   ap_fifo  | SocketTable_14_theirPort_V_out |    pointer   |
|SocketTable_15_theirPort_V_out_din     | out |   16|   ap_fifo  | SocketTable_15_theirPort_V_out |    pointer   |
|SocketTable_15_theirPort_V_out_full_n  |  in |    1|   ap_fifo  | SocketTable_15_theirPort_V_out |    pointer   |
|SocketTable_15_theirPort_V_out_write   | out |    1|   ap_fifo  | SocketTable_15_theirPort_V_out |    pointer   |
|SocketTable_0_myPort_V_out_din         | out |   16|   ap_fifo  |   SocketTable_0_myPort_V_out   |    pointer   |
|SocketTable_0_myPort_V_out_full_n      |  in |    1|   ap_fifo  |   SocketTable_0_myPort_V_out   |    pointer   |
|SocketTable_0_myPort_V_out_write       | out |    1|   ap_fifo  |   SocketTable_0_myPort_V_out   |    pointer   |
|SocketTable_1_myPort_V_out_din         | out |   16|   ap_fifo  |   SocketTable_1_myPort_V_out   |    pointer   |
|SocketTable_1_myPort_V_out_full_n      |  in |    1|   ap_fifo  |   SocketTable_1_myPort_V_out   |    pointer   |
|SocketTable_1_myPort_V_out_write       | out |    1|   ap_fifo  |   SocketTable_1_myPort_V_out   |    pointer   |
|SocketTable_2_myPort_V_out_din         | out |   16|   ap_fifo  |   SocketTable_2_myPort_V_out   |    pointer   |
|SocketTable_2_myPort_V_out_full_n      |  in |    1|   ap_fifo  |   SocketTable_2_myPort_V_out   |    pointer   |
|SocketTable_2_myPort_V_out_write       | out |    1|   ap_fifo  |   SocketTable_2_myPort_V_out   |    pointer   |
|SocketTable_3_myPort_V_out_din         | out |   16|   ap_fifo  |   SocketTable_3_myPort_V_out   |    pointer   |
|SocketTable_3_myPort_V_out_full_n      |  in |    1|   ap_fifo  |   SocketTable_3_myPort_V_out   |    pointer   |
|SocketTable_3_myPort_V_out_write       | out |    1|   ap_fifo  |   SocketTable_3_myPort_V_out   |    pointer   |
|SocketTable_4_myPort_V_out_din         | out |   16|   ap_fifo  |   SocketTable_4_myPort_V_out   |    pointer   |
|SocketTable_4_myPort_V_out_full_n      |  in |    1|   ap_fifo  |   SocketTable_4_myPort_V_out   |    pointer   |
|SocketTable_4_myPort_V_out_write       | out |    1|   ap_fifo  |   SocketTable_4_myPort_V_out   |    pointer   |
|SocketTable_5_myPort_V_out_din         | out |   16|   ap_fifo  |   SocketTable_5_myPort_V_out   |    pointer   |
|SocketTable_5_myPort_V_out_full_n      |  in |    1|   ap_fifo  |   SocketTable_5_myPort_V_out   |    pointer   |
|SocketTable_5_myPort_V_out_write       | out |    1|   ap_fifo  |   SocketTable_5_myPort_V_out   |    pointer   |
|SocketTable_6_myPort_V_out_din         | out |   16|   ap_fifo  |   SocketTable_6_myPort_V_out   |    pointer   |
|SocketTable_6_myPort_V_out_full_n      |  in |    1|   ap_fifo  |   SocketTable_6_myPort_V_out   |    pointer   |
|SocketTable_6_myPort_V_out_write       | out |    1|   ap_fifo  |   SocketTable_6_myPort_V_out   |    pointer   |
|SocketTable_7_myPort_V_out_din         | out |   16|   ap_fifo  |   SocketTable_7_myPort_V_out   |    pointer   |
|SocketTable_7_myPort_V_out_full_n      |  in |    1|   ap_fifo  |   SocketTable_7_myPort_V_out   |    pointer   |
|SocketTable_7_myPort_V_out_write       | out |    1|   ap_fifo  |   SocketTable_7_myPort_V_out   |    pointer   |
|SocketTable_8_myPort_V_out_din         | out |   16|   ap_fifo  |   SocketTable_8_myPort_V_out   |    pointer   |
|SocketTable_8_myPort_V_out_full_n      |  in |    1|   ap_fifo  |   SocketTable_8_myPort_V_out   |    pointer   |
|SocketTable_8_myPort_V_out_write       | out |    1|   ap_fifo  |   SocketTable_8_myPort_V_out   |    pointer   |
|SocketTable_9_myPort_V_out_din         | out |   16|   ap_fifo  |   SocketTable_9_myPort_V_out   |    pointer   |
|SocketTable_9_myPort_V_out_full_n      |  in |    1|   ap_fifo  |   SocketTable_9_myPort_V_out   |    pointer   |
|SocketTable_9_myPort_V_out_write       | out |    1|   ap_fifo  |   SocketTable_9_myPort_V_out   |    pointer   |
|SocketTable_10_myPort_V_out_din        | out |   16|   ap_fifo  |   SocketTable_10_myPort_V_out  |    pointer   |
|SocketTable_10_myPort_V_out_full_n     |  in |    1|   ap_fifo  |   SocketTable_10_myPort_V_out  |    pointer   |
|SocketTable_10_myPort_V_out_write      | out |    1|   ap_fifo  |   SocketTable_10_myPort_V_out  |    pointer   |
|SocketTable_11_myPort_V_out_din        | out |   16|   ap_fifo  |   SocketTable_11_myPort_V_out  |    pointer   |
|SocketTable_11_myPort_V_out_full_n     |  in |    1|   ap_fifo  |   SocketTable_11_myPort_V_out  |    pointer   |
|SocketTable_11_myPort_V_out_write      | out |    1|   ap_fifo  |   SocketTable_11_myPort_V_out  |    pointer   |
|SocketTable_12_myPort_V_out_din        | out |   16|   ap_fifo  |   SocketTable_12_myPort_V_out  |    pointer   |
|SocketTable_12_myPort_V_out_full_n     |  in |    1|   ap_fifo  |   SocketTable_12_myPort_V_out  |    pointer   |
|SocketTable_12_myPort_V_out_write      | out |    1|   ap_fifo  |   SocketTable_12_myPort_V_out  |    pointer   |
|SocketTable_13_myPort_V_out_din        | out |   16|   ap_fifo  |   SocketTable_13_myPort_V_out  |    pointer   |
|SocketTable_13_myPort_V_out_full_n     |  in |    1|   ap_fifo  |   SocketTable_13_myPort_V_out  |    pointer   |
|SocketTable_13_myPort_V_out_write      | out |    1|   ap_fifo  |   SocketTable_13_myPort_V_out  |    pointer   |
|SocketTable_14_myPort_V_out_din        | out |   16|   ap_fifo  |   SocketTable_14_myPort_V_out  |    pointer   |
|SocketTable_14_myPort_V_out_full_n     |  in |    1|   ap_fifo  |   SocketTable_14_myPort_V_out  |    pointer   |
|SocketTable_14_myPort_V_out_write      | out |    1|   ap_fifo  |   SocketTable_14_myPort_V_out  |    pointer   |
|SocketTable_15_myPort_V_out_din        | out |   16|   ap_fifo  |   SocketTable_15_myPort_V_out  |    pointer   |
|SocketTable_15_myPort_V_out_full_n     |  in |    1|   ap_fifo  |   SocketTable_15_myPort_V_out  |    pointer   |
|SocketTable_15_myPort_V_out_write      | out |    1|   ap_fifo  |   SocketTable_15_myPort_V_out  |    pointer   |
|SocketTable_0_valid_V_out_din          | out |    1|   ap_fifo  |    SocketTable_0_valid_V_out   |    pointer   |
|SocketTable_0_valid_V_out_full_n       |  in |    1|   ap_fifo  |    SocketTable_0_valid_V_out   |    pointer   |
|SocketTable_0_valid_V_out_write        | out |    1|   ap_fifo  |    SocketTable_0_valid_V_out   |    pointer   |
|SocketTable_1_valid_V_out_din          | out |    1|   ap_fifo  |    SocketTable_1_valid_V_out   |    pointer   |
|SocketTable_1_valid_V_out_full_n       |  in |    1|   ap_fifo  |    SocketTable_1_valid_V_out   |    pointer   |
|SocketTable_1_valid_V_out_write        | out |    1|   ap_fifo  |    SocketTable_1_valid_V_out   |    pointer   |
|SocketTable_2_valid_V_out_din          | out |    1|   ap_fifo  |    SocketTable_2_valid_V_out   |    pointer   |
|SocketTable_2_valid_V_out_full_n       |  in |    1|   ap_fifo  |    SocketTable_2_valid_V_out   |    pointer   |
|SocketTable_2_valid_V_out_write        | out |    1|   ap_fifo  |    SocketTable_2_valid_V_out   |    pointer   |
|SocketTable_3_valid_V_out_din          | out |    1|   ap_fifo  |    SocketTable_3_valid_V_out   |    pointer   |
|SocketTable_3_valid_V_out_full_n       |  in |    1|   ap_fifo  |    SocketTable_3_valid_V_out   |    pointer   |
|SocketTable_3_valid_V_out_write        | out |    1|   ap_fifo  |    SocketTable_3_valid_V_out   |    pointer   |
|SocketTable_4_valid_V_out_din          | out |    1|   ap_fifo  |    SocketTable_4_valid_V_out   |    pointer   |
|SocketTable_4_valid_V_out_full_n       |  in |    1|   ap_fifo  |    SocketTable_4_valid_V_out   |    pointer   |
|SocketTable_4_valid_V_out_write        | out |    1|   ap_fifo  |    SocketTable_4_valid_V_out   |    pointer   |
|SocketTable_5_valid_V_out_din          | out |    1|   ap_fifo  |    SocketTable_5_valid_V_out   |    pointer   |
|SocketTable_5_valid_V_out_full_n       |  in |    1|   ap_fifo  |    SocketTable_5_valid_V_out   |    pointer   |
|SocketTable_5_valid_V_out_write        | out |    1|   ap_fifo  |    SocketTable_5_valid_V_out   |    pointer   |
|SocketTable_6_valid_V_out_din          | out |    1|   ap_fifo  |    SocketTable_6_valid_V_out   |    pointer   |
|SocketTable_6_valid_V_out_full_n       |  in |    1|   ap_fifo  |    SocketTable_6_valid_V_out   |    pointer   |
|SocketTable_6_valid_V_out_write        | out |    1|   ap_fifo  |    SocketTable_6_valid_V_out   |    pointer   |
|SocketTable_7_valid_V_out_din          | out |    1|   ap_fifo  |    SocketTable_7_valid_V_out   |    pointer   |
|SocketTable_7_valid_V_out_full_n       |  in |    1|   ap_fifo  |    SocketTable_7_valid_V_out   |    pointer   |
|SocketTable_7_valid_V_out_write        | out |    1|   ap_fifo  |    SocketTable_7_valid_V_out   |    pointer   |
|SocketTable_8_valid_V_out_din          | out |    1|   ap_fifo  |    SocketTable_8_valid_V_out   |    pointer   |
|SocketTable_8_valid_V_out_full_n       |  in |    1|   ap_fifo  |    SocketTable_8_valid_V_out   |    pointer   |
|SocketTable_8_valid_V_out_write        | out |    1|   ap_fifo  |    SocketTable_8_valid_V_out   |    pointer   |
|SocketTable_9_valid_V_out_din          | out |    1|   ap_fifo  |    SocketTable_9_valid_V_out   |    pointer   |
|SocketTable_9_valid_V_out_full_n       |  in |    1|   ap_fifo  |    SocketTable_9_valid_V_out   |    pointer   |
|SocketTable_9_valid_V_out_write        | out |    1|   ap_fifo  |    SocketTable_9_valid_V_out   |    pointer   |
|SocketTable_10_valid_V_out_din         | out |    1|   ap_fifo  |   SocketTable_10_valid_V_out   |    pointer   |
|SocketTable_10_valid_V_out_full_n      |  in |    1|   ap_fifo  |   SocketTable_10_valid_V_out   |    pointer   |
|SocketTable_10_valid_V_out_write       | out |    1|   ap_fifo  |   SocketTable_10_valid_V_out   |    pointer   |
|SocketTable_11_valid_V_out_din         | out |    1|   ap_fifo  |   SocketTable_11_valid_V_out   |    pointer   |
|SocketTable_11_valid_V_out_full_n      |  in |    1|   ap_fifo  |   SocketTable_11_valid_V_out   |    pointer   |
|SocketTable_11_valid_V_out_write       | out |    1|   ap_fifo  |   SocketTable_11_valid_V_out   |    pointer   |
|SocketTable_12_valid_V_out_din         | out |    1|   ap_fifo  |   SocketTable_12_valid_V_out   |    pointer   |
|SocketTable_12_valid_V_out_full_n      |  in |    1|   ap_fifo  |   SocketTable_12_valid_V_out   |    pointer   |
|SocketTable_12_valid_V_out_write       | out |    1|   ap_fifo  |   SocketTable_12_valid_V_out   |    pointer   |
|SocketTable_13_valid_V_out_din         | out |    1|   ap_fifo  |   SocketTable_13_valid_V_out   |    pointer   |
|SocketTable_13_valid_V_out_full_n      |  in |    1|   ap_fifo  |   SocketTable_13_valid_V_out   |    pointer   |
|SocketTable_13_valid_V_out_write       | out |    1|   ap_fifo  |   SocketTable_13_valid_V_out   |    pointer   |
|SocketTable_14_valid_V_out_din         | out |    1|   ap_fifo  |   SocketTable_14_valid_V_out   |    pointer   |
|SocketTable_14_valid_V_out_full_n      |  in |    1|   ap_fifo  |   SocketTable_14_valid_V_out   |    pointer   |
|SocketTable_14_valid_V_out_write       | out |    1|   ap_fifo  |   SocketTable_14_valid_V_out   |    pointer   |
|SocketTable_15_valid_V_out_din         | out |    1|   ap_fifo  |   SocketTable_15_valid_V_out   |    pointer   |
|SocketTable_15_valid_V_out_full_n      |  in |    1|   ap_fifo  |   SocketTable_15_valid_V_out   |    pointer   |
|SocketTable_15_valid_V_out_write       | out |    1|   ap_fifo  |   SocketTable_15_valid_V_out   |    pointer   |
+---------------------------------------+-----+-----+------------+--------------------------------+--------------+

