

================================================================
== Vivado HLS Report for 'udp_entry266'
================================================================
* Date:           Thu Aug  5 18:58:23 2021

* Version:        2020.1 (Build 2897737 on Wed May 27 20:21:37 MDT 2020)
* Project:        UDP_prj
* Solution:       ultrascale_plus
* Product family: virtexuplus
* Target device:  xcu280-fsvh2892-2L-e


================================================================
== Performance Estimates
================================================================
+ Timing: 
    * Summary: 
    +--------+---------+----------+------------+
    |  Clock |  Target | Estimated| Uncertainty|
    +--------+---------+----------+------------+
    |ap_clk  | 2.50 ns | 2.300 ns |   0.20 ns  |
    +--------+---------+----------+------------+

+ Latency: 
    * Summary: 
    +---------+---------+----------+----------+-----+-----+---------+
    |  Latency (cycles) |  Latency (absolute) |  Interval | Pipeline|
    |   min   |   max   |    min   |    max   | min | max |   Type  |
    +---------+---------+----------+----------+-----+-----+---------+
    |        0|        0|   0 ns   |   0 ns   |    0|    0|   none  |
    +---------+---------+----------+----------+-----+-----+---------+

    + Detail: 
        * Instance: 
        N/A

        * Loop: 
        N/A



================================================================
== Utilization Estimates
================================================================
* Summary: 
+---------------------+---------+-------+---------+---------+-----+
|         Name        | BRAM_18K| DSP48E|    FF   |   LUT   | URAM|
+---------------------+---------+-------+---------+---------+-----+
|DSP                  |        -|      -|        -|        -|    -|
|Expression           |        -|      -|        0|        2|    -|
|FIFO                 |        -|      -|        -|        -|    -|
|Instance             |        -|      -|        -|        -|    -|
|Memory               |        -|      -|        -|        -|    -|
|Multiplexer          |        -|      -|        -|     1593|    -|
|Register             |        -|      -|        2|        -|    -|
+---------------------+---------+-------+---------+---------+-----+
|Total                |        0|      0|        2|     1595|    0|
+---------------------+---------+-------+---------+---------+-----+
|Available SLR        |     1344|   3008|   869120|   434560|  320|
+---------------------+---------+-------+---------+---------+-----+
|Utilization SLR (%)  |        0|      0|    ~0   |    ~0   |    0|
+---------------------+---------+-------+---------+---------+-----+
|Available            |     4032|   9024|  2607360|  1303680|  960|
+---------------------+---------+-------+---------+---------+-----+
|Utilization (%)      |        0|      0|    ~0   |    ~0   |    0|
+---------------------+---------+-------+---------+---------+-----+

+ Detail: 
    * Instance: 
    N/A

    * DSP48E: 
    N/A

    * Memory: 
    N/A

    * FIFO: 
    N/A

    * Expression: 
    +-----------------+----------+-------+---+----+------------+------------+
    |  Variable Name  | Operation| DSP48E| FF| LUT| Bitwidth P0| Bitwidth P1|
    +-----------------+----------+-------+---+----+------------+------------+
    |ap_block_state1  |    or    |      0|  0|   2|           1|           1|
    +-----------------+----------+-------+---+----+------------+------------+
    |Total            |          |      0|  0|   2|           1|           1|
    +-----------------+----------+-------+---+----+------------+------------+

    * Multiplexer: 
    +----------------------------------------+----+-----------+-----+-----------+
    |                  Name                  | LUT| Input Size| Bits| Total Bits|
    +----------------------------------------+----+-----------+-----+-----------+
    |SocketTable_0_myPort_V_blk_n            |   9|          2|    1|          2|
    |SocketTable_0_myPort_V_out33_blk_n      |   9|          2|    1|          2|
    |SocketTable_0_myPort_V_out_blk_n        |   9|          2|    1|          2|
    |SocketTable_0_theirIP_V_blk_n           |   9|          2|    1|          2|
    |SocketTable_0_theirIP_V_out1_blk_n      |   9|          2|    1|          2|
    |SocketTable_0_theirIP_V_out_blk_n       |   9|          2|    1|          2|
    |SocketTable_0_theirPort_V_blk_n         |   9|          2|    1|          2|
    |SocketTable_0_theirPort_V_out17_blk_n   |   9|          2|    1|          2|
    |SocketTable_0_theirPort_V_out_blk_n     |   9|          2|    1|          2|
    |SocketTable_0_valid_V_blk_n             |   9|          2|    1|          2|
    |SocketTable_0_valid_V_out_blk_n         |   9|          2|    1|          2|
    |SocketTable_10_myPort_V_blk_n           |   9|          2|    1|          2|
    |SocketTable_10_myPort_V_out43_blk_n     |   9|          2|    1|          2|
    |SocketTable_10_myPort_V_out_blk_n       |   9|          2|    1|          2|
    |SocketTable_10_theirIP_V_blk_n          |   9|          2|    1|          2|
    |SocketTable_10_theirIP_V_out11_blk_n    |   9|          2|    1|          2|
    |SocketTable_10_theirIP_V_out_blk_n      |   9|          2|    1|          2|
    |SocketTable_10_theirPort_V_blk_n        |   9|          2|    1|          2|
    |SocketTable_10_theirPort_V_out27_blk_n  |   9|          2|    1|          2|
    |SocketTable_10_theirPort_V_out_blk_n    |   9|          2|    1|          2|
    |SocketTable_10_valid_V_blk_n            |   9|          2|    1|          2|
    |SocketTable_10_valid_V_out_blk_n        |   9|          2|    1|          2|
    |SocketTable_11_myPort_V_blk_n           |   9|          2|    1|          2|
    |SocketTable_11_myPort_V_out44_blk_n     |   9|          2|    1|          2|
    |SocketTable_11_myPort_V_out_blk_n       |   9|          2|    1|          2|
    |SocketTable_11_theirIP_V_blk_n          |   9|          2|    1|          2|
    |SocketTable_11_theirIP_V_out12_blk_n    |   9|          2|    1|          2|
    |SocketTable_11_theirIP_V_out_blk_n      |   9|          2|    1|          2|
    |SocketTable_11_theirPort_V_blk_n        |   9|          2|    1|          2|
    |SocketTable_11_theirPort_V_out28_blk_n  |   9|          2|    1|          2|
    |SocketTable_11_theirPort_V_out_blk_n    |   9|          2|    1|          2|
    |SocketTable_11_valid_V_blk_n            |   9|          2|    1|          2|
    |SocketTable_11_valid_V_out_blk_n        |   9|          2|    1|          2|
    |SocketTable_12_myPort_V_blk_n           |   9|          2|    1|          2|
    |SocketTable_12_myPort_V_out45_blk_n     |   9|          2|    1|          2|
    |SocketTable_12_myPort_V_out_blk_n       |   9|          2|    1|          2|
    |SocketTable_12_theirIP_V_blk_n          |   9|          2|    1|          2|
    |SocketTable_12_theirIP_V_out13_blk_n    |   9|          2|    1|          2|
    |SocketTable_12_theirIP_V_out_blk_n      |   9|          2|    1|          2|
    |SocketTable_12_theirPort_V_blk_n        |   9|          2|    1|          2|
    |SocketTable_12_theirPort_V_out29_blk_n  |   9|          2|    1|          2|
    |SocketTable_12_theirPort_V_out_blk_n    |   9|          2|    1|          2|
    |SocketTable_12_valid_V_blk_n            |   9|          2|    1|          2|
    |SocketTable_12_valid_V_out_blk_n        |   9|          2|    1|          2|
    |SocketTable_13_myPort_V_blk_n           |   9|          2|    1|          2|
    |SocketTable_13_myPort_V_out46_blk_n     |   9|          2|    1|          2|
    |SocketTable_13_myPort_V_out_blk_n       |   9|          2|    1|          2|
    |SocketTable_13_theirIP_V_blk_n          |   9|          2|    1|          2|
    |SocketTable_13_theirIP_V_out14_blk_n    |   9|          2|    1|          2|
    |SocketTable_13_theirIP_V_out_blk_n      |   9|          2|    1|          2|
    |SocketTable_13_theirPort_V_blk_n        |   9|          2|    1|          2|
    |SocketTable_13_theirPort_V_out30_blk_n  |   9|          2|    1|          2|
    |SocketTable_13_theirPort_V_out_blk_n    |   9|          2|    1|          2|
    |SocketTable_13_valid_V_blk_n            |   9|          2|    1|          2|
    |SocketTable_13_valid_V_out_blk_n        |   9|          2|    1|          2|
    |SocketTable_14_myPort_V_blk_n           |   9|          2|    1|          2|
    |SocketTable_14_myPort_V_out47_blk_n     |   9|          2|    1|          2|
    |SocketTable_14_myPort_V_out_blk_n       |   9|          2|    1|          2|
    |SocketTable_14_theirIP_V_blk_n          |   9|          2|    1|          2|
    |SocketTable_14_theirIP_V_out15_blk_n    |   9|          2|    1|          2|
    |SocketTable_14_theirIP_V_out_blk_n      |   9|          2|    1|          2|
    |SocketTable_14_theirPort_V_blk_n        |   9|          2|    1|          2|
    |SocketTable_14_theirPort_V_out31_blk_n  |   9|          2|    1|          2|
    |SocketTable_14_theirPort_V_out_blk_n    |   9|          2|    1|          2|
    |SocketTable_14_valid_V_blk_n            |   9|          2|    1|          2|
    |SocketTable_14_valid_V_out_blk_n        |   9|          2|    1|          2|
    |SocketTable_15_myPort_V_blk_n           |   9|          2|    1|          2|
    |SocketTable_15_myPort_V_out48_blk_n     |   9|          2|    1|          2|
    |SocketTable_15_myPort_V_out_blk_n       |   9|          2|    1|          2|
    |SocketTable_15_theirIP_V_blk_n          |   9|          2|    1|          2|
    |SocketTable_15_theirIP_V_out16_blk_n    |   9|          2|    1|          2|
    |SocketTable_15_theirIP_V_out_blk_n      |   9|          2|    1|          2|
    |SocketTable_15_theirPort_V_blk_n        |   9|          2|    1|          2|
    |SocketTable_15_theirPort_V_out32_blk_n  |   9|          2|    1|          2|
    |SocketTable_15_theirPort_V_out_blk_n    |   9|          2|    1|          2|
    |SocketTable_15_valid_V_blk_n            |   9|          2|    1|          2|
    |SocketTable_15_valid_V_out_blk_n        |   9|          2|    1|          2|
    |SocketTable_1_myPort_V_blk_n            |   9|          2|    1|          2|
    |SocketTable_1_myPort_V_out34_blk_n      |   9|          2|    1|          2|
    |SocketTable_1_myPort_V_out_blk_n        |   9|          2|    1|          2|
    |SocketTable_1_theirIP_V_blk_n           |   9|          2|    1|          2|
    |SocketTable_1_theirIP_V_out2_blk_n      |   9|          2|    1|          2|
    |SocketTable_1_theirIP_V_out_blk_n       |   9|          2|    1|          2|
    |SocketTable_1_theirPort_V_blk_n         |   9|          2|    1|          2|
    |SocketTable_1_theirPort_V_out18_blk_n   |   9|          2|    1|          2|
    |SocketTable_1_theirPort_V_out_blk_n     |   9|          2|    1|          2|
    |SocketTable_1_valid_V_blk_n             |   9|          2|    1|          2|
    |SocketTable_1_valid_V_out_blk_n         |   9|          2|    1|          2|
    |SocketTable_2_myPort_V_blk_n            |   9|          2|    1|          2|
    |SocketTable_2_myPort_V_out35_blk_n      |   9|          2|    1|          2|
    |SocketTable_2_myPort_V_out_blk_n        |   9|          2|    1|          2|
    |SocketTable_2_theirIP_V_blk_n           |   9|          2|    1|          2|
    |SocketTable_2_theirIP_V_out3_blk_n      |   9|          2|    1|          2|
    |SocketTable_2_theirIP_V_out_blk_n       |   9|          2|    1|          2|
    |SocketTable_2_theirPort_V_blk_n         |   9|          2|    1|          2|
    |SocketTable_2_theirPort_V_out19_blk_n   |   9|          2|    1|          2|
    |SocketTable_2_theirPort_V_out_blk_n     |   9|          2|    1|          2|
    |SocketTable_2_valid_V_blk_n             |   9|          2|    1|          2|
    |SocketTable_2_valid_V_out_blk_n         |   9|          2|    1|          2|
    |SocketTable_3_myPort_V_blk_n            |   9|          2|    1|          2|
    |SocketTable_3_myPort_V_out36_blk_n      |   9|          2|    1|          2|
    |SocketTable_3_myPort_V_out_blk_n        |   9|          2|    1|          2|
    |SocketTable_3_theirIP_V_blk_n           |   9|          2|    1|          2|
    |SocketTable_3_theirIP_V_out4_blk_n      |   9|          2|    1|          2|
    |SocketTable_3_theirIP_V_out_blk_n       |   9|          2|    1|          2|
    |SocketTable_3_theirPort_V_blk_n         |   9|          2|    1|          2|
    |SocketTable_3_theirPort_V_out20_blk_n   |   9|          2|    1|          2|
    |SocketTable_3_theirPort_V_out_blk_n     |   9|          2|    1|          2|
    |SocketTable_3_valid_V_blk_n             |   9|          2|    1|          2|
    |SocketTable_3_valid_V_out_blk_n         |   9|          2|    1|          2|
    |SocketTable_4_myPort_V_blk_n            |   9|          2|    1|          2|
    |SocketTable_4_myPort_V_out37_blk_n      |   9|          2|    1|          2|
    |SocketTable_4_myPort_V_out_blk_n        |   9|          2|    1|          2|
    |SocketTable_4_theirIP_V_blk_n           |   9|          2|    1|          2|
    |SocketTable_4_theirIP_V_out5_blk_n      |   9|          2|    1|          2|
    |SocketTable_4_theirIP_V_out_blk_n       |   9|          2|    1|          2|
    |SocketTable_4_theirPort_V_blk_n         |   9|          2|    1|          2|
    |SocketTable_4_theirPort_V_out21_blk_n   |   9|          2|    1|          2|
    |SocketTable_4_theirPort_V_out_blk_n     |   9|          2|    1|          2|
    |SocketTable_4_valid_V_blk_n             |   9|          2|    1|          2|
    |SocketTable_4_valid_V_out_blk_n         |   9|          2|    1|          2|
    |SocketTable_5_myPort_V_blk_n            |   9|          2|    1|          2|
    |SocketTable_5_myPort_V_out38_blk_n      |   9|          2|    1|          2|
    |SocketTable_5_myPort_V_out_blk_n        |   9|          2|    1|          2|
    |SocketTable_5_theirIP_V_blk_n           |   9|          2|    1|          2|
    |SocketTable_5_theirIP_V_out6_blk_n      |   9|          2|    1|          2|
    |SocketTable_5_theirIP_V_out_blk_n       |   9|          2|    1|          2|
    |SocketTable_5_theirPort_V_blk_n         |   9|          2|    1|          2|
    |SocketTable_5_theirPort_V_out22_blk_n   |   9|          2|    1|          2|
    |SocketTable_5_theirPort_V_out_blk_n     |   9|          2|    1|          2|
    |SocketTable_5_valid_V_blk_n             |   9|          2|    1|          2|
    |SocketTable_5_valid_V_out_blk_n         |   9|          2|    1|          2|
    |SocketTable_6_myPort_V_blk_n            |   9|          2|    1|          2|
    |SocketTable_6_myPort_V_out39_blk_n      |   9|          2|    1|          2|
    |SocketTable_6_myPort_V_out_blk_n        |   9|          2|    1|          2|
    |SocketTable_6_theirIP_V_blk_n           |   9|          2|    1|          2|
    |SocketTable_6_theirIP_V_out7_blk_n      |   9|          2|    1|          2|
    |SocketTable_6_theirIP_V_out_blk_n       |   9|          2|    1|          2|
    |SocketTable_6_theirPort_V_blk_n         |   9|          2|    1|          2|
    |SocketTable_6_theirPort_V_out23_blk_n   |   9|          2|    1|          2|
    |SocketTable_6_theirPort_V_out_blk_n     |   9|          2|    1|          2|
    |SocketTable_6_valid_V_blk_n             |   9|          2|    1|          2|
    |SocketTable_6_valid_V_out_blk_n         |   9|          2|    1|          2|
    |SocketTable_7_myPort_V_blk_n            |   9|          2|    1|          2|
    |SocketTable_7_myPort_V_out40_blk_n      |   9|          2|    1|          2|
    |SocketTable_7_myPort_V_out_blk_n        |   9|          2|    1|          2|
    |SocketTable_7_theirIP_V_blk_n           |   9|          2|    1|          2|
    |SocketTable_7_theirIP_V_out8_blk_n      |   9|          2|    1|          2|
    |SocketTable_7_theirIP_V_out_blk_n       |   9|          2|    1|          2|
    |SocketTable_7_theirPort_V_blk_n         |   9|          2|    1|          2|
    |SocketTable_7_theirPort_V_out24_blk_n   |   9|          2|    1|          2|
    |SocketTable_7_theirPort_V_out_blk_n     |   9|          2|    1|          2|
    |SocketTable_7_valid_V_blk_n             |   9|          2|    1|          2|
    |SocketTable_7_valid_V_out_blk_n         |   9|          2|    1|          2|
    |SocketTable_8_myPort_V_blk_n            |   9|          2|    1|          2|
    |SocketTable_8_myPort_V_out41_blk_n      |   9|          2|    1|          2|
    |SocketTable_8_myPort_V_out_blk_n        |   9|          2|    1|          2|
    |SocketTable_8_theirIP_V_blk_n           |   9|          2|    1|          2|
    |SocketTable_8_theirIP_V_out9_blk_n      |   9|          2|    1|          2|
    |SocketTable_8_theirIP_V_out_blk_n       |   9|          2|    1|          2|
    |SocketTable_8_theirPort_V_blk_n         |   9|          2|    1|          2|
    |SocketTable_8_theirPort_V_out25_blk_n   |   9|          2|    1|          2|
    |SocketTable_8_theirPort_V_out_blk_n     |   9|          2|    1|          2|
    |SocketTable_8_valid_V_blk_n             |   9|          2|    1|          2|
    |SocketTable_8_valid_V_out_blk_n         |   9|          2|    1|          2|
    |SocketTable_9_myPort_V_blk_n            |   9|          2|    1|          2|
    |SocketTable_9_myPort_V_out42_blk_n      |   9|          2|    1|          2|
    |SocketTable_9_myPort_V_out_blk_n        |   9|          2|    1|          2|
    |SocketTable_9_theirIP_V_blk_n           |   9|          2|    1|          2|
    |SocketTable_9_theirIP_V_out10_blk_n     |   9|          2|    1|          2|
    |SocketTable_9_theirIP_V_out_blk_n       |   9|          2|    1|          2|
    |SocketTable_9_theirPort_V_blk_n         |   9|          2|    1|          2|
    |SocketTable_9_theirPort_V_out26_blk_n   |   9|          2|    1|          2|
    |SocketTable_9_theirPort_V_out_blk_n     |   9|          2|    1|          2|
    |SocketTable_9_valid_V_blk_n             |   9|          2|    1|          2|
    |SocketTable_9_valid_V_out_blk_n         |   9|          2|    1|          2|
    |ap_done                                 |   9|          2|    1|          2|
    +----------------------------------------+----+-----------+-----+-----------+
    |Total                                   |1593|        354|  177|        354|
    +----------------------------------------+----+-----------+-----+-----------+

    * Register: 
    +-------------+---+----+-----+-----------+
    |     Name    | FF| LUT| Bits| Const Bits|
    +-------------+---+----+-----+-----------+
    |ap_CS_fsm    |  1|   0|    1|          0|
    |ap_done_reg  |  1|   0|    1|          0|
    +-------------+---+----+-----+-----------+
    |Total        |  2|   0|    2|          0|
    +-------------+---+----+-----+-----------+



================================================================
== Interface
================================================================
* Summary: 
+-----------------------------------------+-----+-----+------------+----------------------------------+--------------+
|                RTL Ports                | Dir | Bits|  Protocol  |           Source Object          |    C Type    |
+-----------------------------------------+-----+-----+------------+----------------------------------+--------------+
|ap_clk                                   |  in |    1| ap_ctrl_hs |           udp.entry266           | return value |
|ap_rst                                   |  in |    1| ap_ctrl_hs |           udp.entry266           | return value |
|ap_start                                 |  in |    1| ap_ctrl_hs |           udp.entry266           | return value |
|ap_done                                  | out |    1| ap_ctrl_hs |           udp.entry266           | return value |
|ap_continue                              |  in |    1| ap_ctrl_hs |           udp.entry266           | return value |
|ap_idle                                  | out |    1| ap_ctrl_hs |           udp.entry266           | return value |
|ap_ready                                 | out |    1| ap_ctrl_hs |           udp.entry266           | return value |
|SocketTable_0_theirIP_V_dout             |  in |   32|   ap_fifo  |      SocketTable_0_theirIP_V     |    pointer   |
|SocketTable_0_theirIP_V_empty_n          |  in |    1|   ap_fifo  |      SocketTable_0_theirIP_V     |    pointer   |
|SocketTable_0_theirIP_V_read             | out |    1|   ap_fifo  |      SocketTable_0_theirIP_V     |    pointer   |
|SocketTable_1_theirIP_V_dout             |  in |   32|   ap_fifo  |      SocketTable_1_theirIP_V     |    pointer   |
|SocketTable_1_theirIP_V_empty_n          |  in |    1|   ap_fifo  |      SocketTable_1_theirIP_V     |    pointer   |
|SocketTable_1_theirIP_V_read             | out |    1|   ap_fifo  |      SocketTable_1_theirIP_V     |    pointer   |
|SocketTable_2_theirIP_V_dout             |  in |   32|   ap_fifo  |      SocketTable_2_theirIP_V     |    pointer   |
|SocketTable_2_theirIP_V_empty_n          |  in |    1|   ap_fifo  |      SocketTable_2_theirIP_V     |    pointer   |
|SocketTable_2_theirIP_V_read             | out |    1|   ap_fifo  |      SocketTable_2_theirIP_V     |    pointer   |
|SocketTable_3_theirIP_V_dout             |  in |   32|   ap_fifo  |      SocketTable_3_theirIP_V     |    pointer   |
|SocketTable_3_theirIP_V_empty_n          |  in |    1|   ap_fifo  |      SocketTable_3_theirIP_V     |    pointer   |
|SocketTable_3_theirIP_V_read             | out |    1|   ap_fifo  |      SocketTable_3_theirIP_V     |    pointer   |
|SocketTable_4_theirIP_V_dout             |  in |   32|   ap_fifo  |      SocketTable_4_theirIP_V     |    pointer   |
|SocketTable_4_theirIP_V_empty_n          |  in |    1|   ap_fifo  |      SocketTable_4_theirIP_V     |    pointer   |
|SocketTable_4_theirIP_V_read             | out |    1|   ap_fifo  |      SocketTable_4_theirIP_V     |    pointer   |
|SocketTable_5_theirIP_V_dout             |  in |   32|   ap_fifo  |      SocketTable_5_theirIP_V     |    pointer   |
|SocketTable_5_theirIP_V_empty_n          |  in |    1|   ap_fifo  |      SocketTable_5_theirIP_V     |    pointer   |
|SocketTable_5_theirIP_V_read             | out |    1|   ap_fifo  |      SocketTable_5_theirIP_V     |    pointer   |
|SocketTable_6_theirIP_V_dout             |  in |   32|   ap_fifo  |      SocketTable_6_theirIP_V     |    pointer   |
|SocketTable_6_theirIP_V_empty_n          |  in |    1|   ap_fifo  |      SocketTable_6_theirIP_V     |    pointer   |
|SocketTable_6_theirIP_V_read             | out |    1|   ap_fifo  |      SocketTable_6_theirIP_V     |    pointer   |
|SocketTable_7_theirIP_V_dout             |  in |   32|   ap_fifo  |      SocketTable_7_theirIP_V     |    pointer   |
|SocketTable_7_theirIP_V_empty_n          |  in |    1|   ap_fifo  |      SocketTable_7_theirIP_V     |    pointer   |
|SocketTable_7_theirIP_V_read             | out |    1|   ap_fifo  |      SocketTable_7_theirIP_V     |    pointer   |
|SocketTable_8_theirIP_V_dout             |  in |   32|   ap_fifo  |      SocketTable_8_theirIP_V     |    pointer   |
|SocketTable_8_theirIP_V_empty_n          |  in |    1|   ap_fifo  |      SocketTable_8_theirIP_V     |    pointer   |
|SocketTable_8_theirIP_V_read             | out |    1|   ap_fifo  |      SocketTable_8_theirIP_V     |    pointer   |
|SocketTable_9_theirIP_V_dout             |  in |   32|   ap_fifo  |      SocketTable_9_theirIP_V     |    pointer   |
|SocketTable_9_theirIP_V_empty_n          |  in |    1|   ap_fifo  |      SocketTable_9_theirIP_V     |    pointer   |
|SocketTable_9_theirIP_V_read             | out |    1|   ap_fifo  |      SocketTable_9_theirIP_V     |    pointer   |
|SocketTable_10_theirIP_V_dout            |  in |   32|   ap_fifo  |     SocketTable_10_theirIP_V     |    pointer   |
|SocketTable_10_theirIP_V_empty_n         |  in |    1|   ap_fifo  |     SocketTable_10_theirIP_V     |    pointer   |
|SocketTable_10_theirIP_V_read            | out |    1|   ap_fifo  |     SocketTable_10_theirIP_V     |    pointer   |
|SocketTable_11_theirIP_V_dout            |  in |   32|   ap_fifo  |     SocketTable_11_theirIP_V     |    pointer   |
|SocketTable_11_theirIP_V_empty_n         |  in |    1|   ap_fifo  |     SocketTable_11_theirIP_V     |    pointer   |
|SocketTable_11_theirIP_V_read            | out |    1|   ap_fifo  |     SocketTable_11_theirIP_V     |    pointer   |
|SocketTable_12_theirIP_V_dout            |  in |   32|   ap_fifo  |     SocketTable_12_theirIP_V     |    pointer   |
|SocketTable_12_theirIP_V_empty_n         |  in |    1|   ap_fifo  |     SocketTable_12_theirIP_V     |    pointer   |
|SocketTable_12_theirIP_V_read            | out |    1|   ap_fifo  |     SocketTable_12_theirIP_V     |    pointer   |
|SocketTable_13_theirIP_V_dout            |  in |   32|   ap_fifo  |     SocketTable_13_theirIP_V     |    pointer   |
|SocketTable_13_theirIP_V_empty_n         |  in |    1|   ap_fifo  |     SocketTable_13_theirIP_V     |    pointer   |
|SocketTable_13_theirIP_V_read            | out |    1|   ap_fifo  |     SocketTable_13_theirIP_V     |    pointer   |
|SocketTable_14_theirIP_V_dout            |  in |   32|   ap_fifo  |     SocketTable_14_theirIP_V     |    pointer   |
|SocketTable_14_theirIP_V_empty_n         |  in |    1|   ap_fifo  |     SocketTable_14_theirIP_V     |    pointer   |
|SocketTable_14_theirIP_V_read            | out |    1|   ap_fifo  |     SocketTable_14_theirIP_V     |    pointer   |
|SocketTable_15_theirIP_V_dout            |  in |   32|   ap_fifo  |     SocketTable_15_theirIP_V     |    pointer   |
|SocketTable_15_theirIP_V_empty_n         |  in |    1|   ap_fifo  |     SocketTable_15_theirIP_V     |    pointer   |
|SocketTable_15_theirIP_V_read            | out |    1|   ap_fifo  |     SocketTable_15_theirIP_V     |    pointer   |
|SocketTable_0_theirPort_V_dout           |  in |   16|   ap_fifo  |     SocketTable_0_theirPort_V    |    pointer   |
|SocketTable_0_theirPort_V_empty_n        |  in |    1|   ap_fifo  |     SocketTable_0_theirPort_V    |    pointer   |
|SocketTable_0_theirPort_V_read           | out |    1|   ap_fifo  |     SocketTable_0_theirPort_V    |    pointer   |
|SocketTable_1_theirPort_V_dout           |  in |   16|   ap_fifo  |     SocketTable_1_theirPort_V    |    pointer   |
|SocketTable_1_theirPort_V_empty_n        |  in |    1|   ap_fifo  |     SocketTable_1_theirPort_V    |    pointer   |
|SocketTable_1_theirPort_V_read           | out |    1|   ap_fifo  |     SocketTable_1_theirPort_V    |    pointer   |
|SocketTable_2_theirPort_V_dout           |  in |   16|   ap_fifo  |     SocketTable_2_theirPort_V    |    pointer   |
|SocketTable_2_theirPort_V_empty_n        |  in |    1|   ap_fifo  |     SocketTable_2_theirPort_V    |    pointer   |
|SocketTable_2_theirPort_V_read           | out |    1|   ap_fifo  |     SocketTable_2_theirPort_V    |    pointer   |
|SocketTable_3_theirPort_V_dout           |  in |   16|   ap_fifo  |     SocketTable_3_theirPort_V    |    pointer   |
|SocketTable_3_theirPort_V_empty_n        |  in |    1|   ap_fifo  |     SocketTable_3_theirPort_V    |    pointer   |
|SocketTable_3_theirPort_V_read           | out |    1|   ap_fifo  |     SocketTable_3_theirPort_V    |    pointer   |
|SocketTable_4_theirPort_V_dout           |  in |   16|   ap_fifo  |     SocketTable_4_theirPort_V    |    pointer   |
|SocketTable_4_theirPort_V_empty_n        |  in |    1|   ap_fifo  |     SocketTable_4_theirPort_V    |    pointer   |
|SocketTable_4_theirPort_V_read           | out |    1|   ap_fifo  |     SocketTable_4_theirPort_V    |    pointer   |
|SocketTable_5_theirPort_V_dout           |  in |   16|   ap_fifo  |     SocketTable_5_theirPort_V    |    pointer   |
|SocketTable_5_theirPort_V_empty_n        |  in |    1|   ap_fifo  |     SocketTable_5_theirPort_V    |    pointer   |
|SocketTable_5_theirPort_V_read           | out |    1|   ap_fifo  |     SocketTable_5_theirPort_V    |    pointer   |
|SocketTable_6_theirPort_V_dout           |  in |   16|   ap_fifo  |     SocketTable_6_theirPort_V    |    pointer   |
|SocketTable_6_theirPort_V_empty_n        |  in |    1|   ap_fifo  |     SocketTable_6_theirPort_V    |    pointer   |
|SocketTable_6_theirPort_V_read           | out |    1|   ap_fifo  |     SocketTable_6_theirPort_V    |    pointer   |
|SocketTable_7_theirPort_V_dout           |  in |   16|   ap_fifo  |     SocketTable_7_theirPort_V    |    pointer   |
|SocketTable_7_theirPort_V_empty_n        |  in |    1|   ap_fifo  |     SocketTable_7_theirPort_V    |    pointer   |
|SocketTable_7_theirPort_V_read           | out |    1|   ap_fifo  |     SocketTable_7_theirPort_V    |    pointer   |
|SocketTable_8_theirPort_V_dout           |  in |   16|   ap_fifo  |     SocketTable_8_theirPort_V    |    pointer   |
|SocketTable_8_theirPort_V_empty_n        |  in |    1|   ap_fifo  |     SocketTable_8_theirPort_V    |    pointer   |
|SocketTable_8_theirPort_V_read           | out |    1|   ap_fifo  |     SocketTable_8_theirPort_V    |    pointer   |
|SocketTable_9_theirPort_V_dout           |  in |   16|   ap_fifo  |     SocketTable_9_theirPort_V    |    pointer   |
|SocketTable_9_theirPort_V_empty_n        |  in |    1|   ap_fifo  |     SocketTable_9_theirPort_V    |    pointer   |
|SocketTable_9_theirPort_V_read           | out |    1|   ap_fifo  |     SocketTable_9_theirPort_V    |    pointer   |
|SocketTable_10_theirPort_V_dout          |  in |   16|   ap_fifo  |    SocketTable_10_theirPort_V    |    pointer   |
|SocketTable_10_theirPort_V_empty_n       |  in |    1|   ap_fifo  |    SocketTable_10_theirPort_V    |    pointer   |
|SocketTable_10_theirPort_V_read          | out |    1|   ap_fifo  |    SocketTable_10_theirPort_V    |    pointer   |
|SocketTable_11_theirPort_V_dout          |  in |   16|   ap_fifo  |    SocketTable_11_theirPort_V    |    pointer   |
|SocketTable_11_theirPort_V_empty_n       |  in |    1|   ap_fifo  |    SocketTable_11_theirPort_V    |    pointer   |
|SocketTable_11_theirPort_V_read          | out |    1|   ap_fifo  |    SocketTable_11_theirPort_V    |    pointer   |
|SocketTable_12_theirPort_V_dout          |  in |   16|   ap_fifo  |    SocketTable_12_theirPort_V    |    pointer   |
|SocketTable_12_theirPort_V_empty_n       |  in |    1|   ap_fifo  |    SocketTable_12_theirPort_V    |    pointer   |
|SocketTable_12_theirPort_V_read          | out |    1|   ap_fifo  |    SocketTable_12_theirPort_V    |    pointer   |
|SocketTable_13_theirPort_V_dout          |  in |   16|   ap_fifo  |    SocketTable_13_theirPort_V    |    pointer   |
|SocketTable_13_theirPort_V_empty_n       |  in |    1|   ap_fifo  |    SocketTable_13_theirPort_V    |    pointer   |
|SocketTable_13_theirPort_V_read          | out |    1|   ap_fifo  |    SocketTable_13_theirPort_V    |    pointer   |
|SocketTable_14_theirPort_V_dout          |  in |   16|   ap_fifo  |    SocketTable_14_theirPort_V    |    pointer   |
|SocketTable_14_theirPort_V_empty_n       |  in |    1|   ap_fifo  |    SocketTable_14_theirPort_V    |    pointer   |
|SocketTable_14_theirPort_V_read          | out |    1|   ap_fifo  |    SocketTable_14_theirPort_V    |    pointer   |
|SocketTable_15_theirPort_V_dout          |  in |   16|   ap_fifo  |    SocketTable_15_theirPort_V    |    pointer   |
|SocketTable_15_theirPort_V_empty_n       |  in |    1|   ap_fifo  |    SocketTable_15_theirPort_V    |    pointer   |
|SocketTable_15_theirPort_V_read          | out |    1|   ap_fifo  |    SocketTable_15_theirPort_V    |    pointer   |
|SocketTable_0_myPort_V_dout              |  in |   16|   ap_fifo  |      SocketTable_0_myPort_V      |    pointer   |
|SocketTable_0_myPort_V_empty_n           |  in |    1|   ap_fifo  |      SocketTable_0_myPort_V      |    pointer   |
|SocketTable_0_myPort_V_read              | out |    1|   ap_fifo  |      SocketTable_0_myPort_V      |    pointer   |
|SocketTable_1_myPort_V_dout              |  in |   16|   ap_fifo  |      SocketTable_1_myPort_V      |    pointer   |
|SocketTable_1_myPort_V_empty_n           |  in |    1|   ap_fifo  |      SocketTable_1_myPort_V      |    pointer   |
|SocketTable_1_myPort_V_read              | out |    1|   ap_fifo  |      SocketTable_1_myPort_V      |    pointer   |
|SocketTable_2_myPort_V_dout              |  in |   16|   ap_fifo  |      SocketTable_2_myPort_V      |    pointer   |
|SocketTable_2_myPort_V_empty_n           |  in |    1|   ap_fifo  |      SocketTable_2_myPort_V      |    pointer   |
|SocketTable_2_myPort_V_read              | out |    1|   ap_fifo  |      SocketTable_2_myPort_V      |    pointer   |
|SocketTable_3_myPort_V_dout              |  in |   16|   ap_fifo  |      SocketTable_3_myPort_V      |    pointer   |
|SocketTable_3_myPort_V_empty_n           |  in |    1|   ap_fifo  |      SocketTable_3_myPort_V      |    pointer   |
|SocketTable_3_myPort_V_read              | out |    1|   ap_fifo  |      SocketTable_3_myPort_V      |    pointer   |
|SocketTable_4_myPort_V_dout              |  in |   16|   ap_fifo  |      SocketTable_4_myPort_V      |    pointer   |
|SocketTable_4_myPort_V_empty_n           |  in |    1|   ap_fifo  |      SocketTable_4_myPort_V      |    pointer   |
|SocketTable_4_myPort_V_read              | out |    1|   ap_fifo  |      SocketTable_4_myPort_V      |    pointer   |
|SocketTable_5_myPort_V_dout              |  in |   16|   ap_fifo  |      SocketTable_5_myPort_V      |    pointer   |
|SocketTable_5_myPort_V_empty_n           |  in |    1|   ap_fifo  |      SocketTable_5_myPort_V      |    pointer   |
|SocketTable_5_myPort_V_read              | out |    1|   ap_fifo  |      SocketTable_5_myPort_V      |    pointer   |
|SocketTable_6_myPort_V_dout              |  in |   16|   ap_fifo  |      SocketTable_6_myPort_V      |    pointer   |
|SocketTable_6_myPort_V_empty_n           |  in |    1|   ap_fifo  |      SocketTable_6_myPort_V      |    pointer   |
|SocketTable_6_myPort_V_read              | out |    1|   ap_fifo  |      SocketTable_6_myPort_V      |    pointer   |
|SocketTable_7_myPort_V_dout              |  in |   16|   ap_fifo  |      SocketTable_7_myPort_V      |    pointer   |
|SocketTable_7_myPort_V_empty_n           |  in |    1|   ap_fifo  |      SocketTable_7_myPort_V      |    pointer   |
|SocketTable_7_myPort_V_read              | out |    1|   ap_fifo  |      SocketTable_7_myPort_V      |    pointer   |
|SocketTable_8_myPort_V_dout              |  in |   16|   ap_fifo  |      SocketTable_8_myPort_V      |    pointer   |
|SocketTable_8_myPort_V_empty_n           |  in |    1|   ap_fifo  |      SocketTable_8_myPort_V      |    pointer   |
|SocketTable_8_myPort_V_read              | out |    1|   ap_fifo  |      SocketTable_8_myPort_V      |    pointer   |
|SocketTable_9_myPort_V_dout              |  in |   16|   ap_fifo  |      SocketTable_9_myPort_V      |    pointer   |
|SocketTable_9_myPort_V_empty_n           |  in |    1|   ap_fifo  |      SocketTable_9_myPort_V      |    pointer   |
|SocketTable_9_myPort_V_read              | out |    1|   ap_fifo  |      SocketTable_9_myPort_V      |    pointer   |
|SocketTable_10_myPort_V_dout             |  in |   16|   ap_fifo  |      SocketTable_10_myPort_V     |    pointer   |
|SocketTable_10_myPort_V_empty_n          |  in |    1|   ap_fifo  |      SocketTable_10_myPort_V     |    pointer   |
|SocketTable_10_myPort_V_read             | out |    1|   ap_fifo  |      SocketTable_10_myPort_V     |    pointer   |
|SocketTable_11_myPort_V_dout             |  in |   16|   ap_fifo  |      SocketTable_11_myPort_V     |    pointer   |
|SocketTable_11_myPort_V_empty_n          |  in |    1|   ap_fifo  |      SocketTable_11_myPort_V     |    pointer   |
|SocketTable_11_myPort_V_read             | out |    1|   ap_fifo  |      SocketTable_11_myPort_V     |    pointer   |
|SocketTable_12_myPort_V_dout             |  in |   16|   ap_fifo  |      SocketTable_12_myPort_V     |    pointer   |
|SocketTable_12_myPort_V_empty_n          |  in |    1|   ap_fifo  |      SocketTable_12_myPort_V     |    pointer   |
|SocketTable_12_myPort_V_read             | out |    1|   ap_fifo  |      SocketTable_12_myPort_V     |    pointer   |
|SocketTable_13_myPort_V_dout             |  in |   16|   ap_fifo  |      SocketTable_13_myPort_V     |    pointer   |
|SocketTable_13_myPort_V_empty_n          |  in |    1|   ap_fifo  |      SocketTable_13_myPort_V     |    pointer   |
|SocketTable_13_myPort_V_read             | out |    1|   ap_fifo  |      SocketTable_13_myPort_V     |    pointer   |
|SocketTable_14_myPort_V_dout             |  in |   16|   ap_fifo  |      SocketTable_14_myPort_V     |    pointer   |
|SocketTable_14_myPort_V_empty_n          |  in |    1|   ap_fifo  |      SocketTable_14_myPort_V     |    pointer   |
|SocketTable_14_myPort_V_read             | out |    1|   ap_fifo  |      SocketTable_14_myPort_V     |    pointer   |
|SocketTable_15_myPort_V_dout             |  in |   16|   ap_fifo  |      SocketTable_15_myPort_V     |    pointer   |
|SocketTable_15_myPort_V_empty_n          |  in |    1|   ap_fifo  |      SocketTable_15_myPort_V     |    pointer   |
|SocketTable_15_myPort_V_read             | out |    1|   ap_fifo  |      SocketTable_15_myPort_V     |    pointer   |
|SocketTable_0_valid_V_dout               |  in |    1|   ap_fifo  |       SocketTable_0_valid_V      |    pointer   |
|SocketTable_0_valid_V_empty_n            |  in |    1|   ap_fifo  |       SocketTable_0_valid_V      |    pointer   |
|SocketTable_0_valid_V_read               | out |    1|   ap_fifo  |       SocketTable_0_valid_V      |    pointer   |
|SocketTable_1_valid_V_dout               |  in |    1|   ap_fifo  |       SocketTable_1_valid_V      |    pointer   |
|SocketTable_1_valid_V_empty_n            |  in |    1|   ap_fifo  |       SocketTable_1_valid_V      |    pointer   |
|SocketTable_1_valid_V_read               | out |    1|   ap_fifo  |       SocketTable_1_valid_V      |    pointer   |
|SocketTable_2_valid_V_dout               |  in |    1|   ap_fifo  |       SocketTable_2_valid_V      |    pointer   |
|SocketTable_2_valid_V_empty_n            |  in |    1|   ap_fifo  |       SocketTable_2_valid_V      |    pointer   |
|SocketTable_2_valid_V_read               | out |    1|   ap_fifo  |       SocketTable_2_valid_V      |    pointer   |
|SocketTable_3_valid_V_dout               |  in |    1|   ap_fifo  |       SocketTable_3_valid_V      |    pointer   |
|SocketTable_3_valid_V_empty_n            |  in |    1|   ap_fifo  |       SocketTable_3_valid_V      |    pointer   |
|SocketTable_3_valid_V_read               | out |    1|   ap_fifo  |       SocketTable_3_valid_V      |    pointer   |
|SocketTable_4_valid_V_dout               |  in |    1|   ap_fifo  |       SocketTable_4_valid_V      |    pointer   |
|SocketTable_4_valid_V_empty_n            |  in |    1|   ap_fifo  |       SocketTable_4_valid_V      |    pointer   |
|SocketTable_4_valid_V_read               | out |    1|   ap_fifo  |       SocketTable_4_valid_V      |    pointer   |
|SocketTable_5_valid_V_dout               |  in |    1|   ap_fifo  |       SocketTable_5_valid_V      |    pointer   |
|SocketTable_5_valid_V_empty_n            |  in |    1|   ap_fifo  |       SocketTable_5_valid_V      |    pointer   |
|SocketTable_5_valid_V_read               | out |    1|   ap_fifo  |       SocketTable_5_valid_V      |    pointer   |
|SocketTable_6_valid_V_dout               |  in |    1|   ap_fifo  |       SocketTable_6_valid_V      |    pointer   |
|SocketTable_6_valid_V_empty_n            |  in |    1|   ap_fifo  |       SocketTable_6_valid_V      |    pointer   |
|SocketTable_6_valid_V_read               | out |    1|   ap_fifo  |       SocketTable_6_valid_V      |    pointer   |
|SocketTable_7_valid_V_dout               |  in |    1|   ap_fifo  |       SocketTable_7_valid_V      |    pointer   |
|SocketTable_7_valid_V_empty_n            |  in |    1|   ap_fifo  |       SocketTable_7_valid_V      |    pointer   |
|SocketTable_7_valid_V_read               | out |    1|   ap_fifo  |       SocketTable_7_valid_V      |    pointer   |
|SocketTable_8_valid_V_dout               |  in |    1|   ap_fifo  |       SocketTable_8_valid_V      |    pointer   |
|SocketTable_8_valid_V_empty_n            |  in |    1|   ap_fifo  |       SocketTable_8_valid_V      |    pointer   |
|SocketTable_8_valid_V_read               | out |    1|   ap_fifo  |       SocketTable_8_valid_V      |    pointer   |
|SocketTable_9_valid_V_dout               |  in |    1|   ap_fifo  |       SocketTable_9_valid_V      |    pointer   |
|SocketTable_9_valid_V_empty_n            |  in |    1|   ap_fifo  |       SocketTable_9_valid_V      |    pointer   |
|SocketTable_9_valid_V_read               | out |    1|   ap_fifo  |       SocketTable_9_valid_V      |    pointer   |
|SocketTable_10_valid_V_dout              |  in |    1|   ap_fifo  |      SocketTable_10_valid_V      |    pointer   |
|SocketTable_10_valid_V_empty_n           |  in |    1|   ap_fifo  |      SocketTable_10_valid_V      |    pointer   |
|SocketTable_10_valid_V_read              | out |    1|   ap_fifo  |      SocketTable_10_valid_V      |    pointer   |
|SocketTable_11_valid_V_dout              |  in |    1|   ap_fifo  |      SocketTable_11_valid_V      |    pointer   |
|SocketTable_11_valid_V_empty_n           |  in |    1|   ap_fifo  |      SocketTable_11_valid_V      |    pointer   |
|SocketTable_11_valid_V_read              | out |    1|   ap_fifo  |      SocketTable_11_valid_V      |    pointer   |
|SocketTable_12_valid_V_dout              |  in |    1|   ap_fifo  |      SocketTable_12_valid_V      |    pointer   |
|SocketTable_12_valid_V_empty_n           |  in |    1|   ap_fifo  |      SocketTable_12_valid_V      |    pointer   |
|SocketTable_12_valid_V_read              | out |    1|   ap_fifo  |      SocketTable_12_valid_V      |    pointer   |
|SocketTable_13_valid_V_dout              |  in |    1|   ap_fifo  |      SocketTable_13_valid_V      |    pointer   |
|SocketTable_13_valid_V_empty_n           |  in |    1|   ap_fifo  |      SocketTable_13_valid_V      |    pointer   |
|SocketTable_13_valid_V_read              | out |    1|   ap_fifo  |      SocketTable_13_valid_V      |    pointer   |
|SocketTable_14_valid_V_dout              |  in |    1|   ap_fifo  |      SocketTable_14_valid_V      |    pointer   |
|SocketTable_14_valid_V_empty_n           |  in |    1|   ap_fifo  |      SocketTable_14_valid_V      |    pointer   |
|SocketTable_14_valid_V_read              | out |    1|   ap_fifo  |      SocketTable_14_valid_V      |    pointer   |
|SocketTable_15_valid_V_dout              |  in |    1|   ap_fifo  |      SocketTable_15_valid_V      |    pointer   |
|SocketTable_15_valid_V_empty_n           |  in |    1|   ap_fifo  |      SocketTable_15_valid_V      |    pointer   |
|SocketTable_15_valid_V_read              | out |    1|   ap_fifo  |      SocketTable_15_valid_V      |    pointer   |
|SocketTable_0_theirIP_V_out_din          | out |   32|   ap_fifo  |    SocketTable_0_theirIP_V_out   |    pointer   |
|SocketTable_0_theirIP_V_out_full_n       |  in |    1|   ap_fifo  |    SocketTable_0_theirIP_V_out   |    pointer   |
|SocketTable_0_theirIP_V_out_write        | out |    1|   ap_fifo  |    SocketTable_0_theirIP_V_out   |    pointer   |
|SocketTable_0_theirIP_V_out1_din         | out |   32|   ap_fifo  |   SocketTable_0_theirIP_V_out1   |    pointer   |
|SocketTable_0_theirIP_V_out1_full_n      |  in |    1|   ap_fifo  |   SocketTable_0_theirIP_V_out1   |    pointer   |
|SocketTable_0_theirIP_V_out1_write       | out |    1|   ap_fifo  |   SocketTable_0_theirIP_V_out1   |    pointer   |
|SocketTable_1_theirIP_V_out_din          | out |   32|   ap_fifo  |    SocketTable_1_theirIP_V_out   |    pointer   |
|SocketTable_1_theirIP_V_out_full_n       |  in |    1|   ap_fifo  |    SocketTable_1_theirIP_V_out   |    pointer   |
|SocketTable_1_theirIP_V_out_write        | out |    1|   ap_fifo  |    SocketTable_1_theirIP_V_out   |    pointer   |
|SocketTable_1_theirIP_V_out2_din         | out |   32|   ap_fifo  |   SocketTable_1_theirIP_V_out2   |    pointer   |
|SocketTable_1_theirIP_V_out2_full_n      |  in |    1|   ap_fifo  |   SocketTable_1_theirIP_V_out2   |    pointer   |
|SocketTable_1_theirIP_V_out2_write       | out |    1|   ap_fifo  |   SocketTable_1_theirIP_V_out2   |    pointer   |
|SocketTable_2_theirIP_V_out_din          | out |   32|   ap_fifo  |    SocketTable_2_theirIP_V_out   |    pointer   |
|SocketTable_2_theirIP_V_out_full_n       |  in |    1|   ap_fifo  |    SocketTable_2_theirIP_V_out   |    pointer   |
|SocketTable_2_theirIP_V_out_write        | out |    1|   ap_fifo  |    SocketTable_2_theirIP_V_out   |    pointer   |
|SocketTable_2_theirIP_V_out3_din         | out |   32|   ap_fifo  |   SocketTable_2_theirIP_V_out3   |    pointer   |
|SocketTable_2_theirIP_V_out3_full_n      |  in |    1|   ap_fifo  |   SocketTable_2_theirIP_V_out3   |    pointer   |
|SocketTable_2_theirIP_V_out3_write       | out |    1|   ap_fifo  |   SocketTable_2_theirIP_V_out3   |    pointer   |
|SocketTable_3_theirIP_V_out_din          | out |   32|   ap_fifo  |    SocketTable_3_theirIP_V_out   |    pointer   |
|SocketTable_3_theirIP_V_out_full_n       |  in |    1|   ap_fifo  |    SocketTable_3_theirIP_V_out   |    pointer   |
|SocketTable_3_theirIP_V_out_write        | out |    1|   ap_fifo  |    SocketTable_3_theirIP_V_out   |    pointer   |
|SocketTable_3_theirIP_V_out4_din         | out |   32|   ap_fifo  |   SocketTable_3_theirIP_V_out4   |    pointer   |
|SocketTable_3_theirIP_V_out4_full_n      |  in |    1|   ap_fifo  |   SocketTable_3_theirIP_V_out4   |    pointer   |
|SocketTable_3_theirIP_V_out4_write       | out |    1|   ap_fifo  |   SocketTable_3_theirIP_V_out4   |    pointer   |
|SocketTable_4_theirIP_V_out_din          | out |   32|   ap_fifo  |    SocketTable_4_theirIP_V_out   |    pointer   |
|SocketTable_4_theirIP_V_out_full_n       |  in |    1|   ap_fifo  |    SocketTable_4_theirIP_V_out   |    pointer   |
|SocketTable_4_theirIP_V_out_write        | out |    1|   ap_fifo  |    SocketTable_4_theirIP_V_out   |    pointer   |
|SocketTable_4_theirIP_V_out5_din         | out |   32|   ap_fifo  |   SocketTable_4_theirIP_V_out5   |    pointer   |
|SocketTable_4_theirIP_V_out5_full_n      |  in |    1|   ap_fifo  |   SocketTable_4_theirIP_V_out5   |    pointer   |
|SocketTable_4_theirIP_V_out5_write       | out |    1|   ap_fifo  |   SocketTable_4_theirIP_V_out5   |    pointer   |
|SocketTable_5_theirIP_V_out_din          | out |   32|   ap_fifo  |    SocketTable_5_theirIP_V_out   |    pointer   |
|SocketTable_5_theirIP_V_out_full_n       |  in |    1|   ap_fifo  |    SocketTable_5_theirIP_V_out   |    pointer   |
|SocketTable_5_theirIP_V_out_write        | out |    1|   ap_fifo  |    SocketTable_5_theirIP_V_out   |    pointer   |
|SocketTable_5_theirIP_V_out6_din         | out |   32|   ap_fifo  |   SocketTable_5_theirIP_V_out6   |    pointer   |
|SocketTable_5_theirIP_V_out6_full_n      |  in |    1|   ap_fifo  |   SocketTable_5_theirIP_V_out6   |    pointer   |
|SocketTable_5_theirIP_V_out6_write       | out |    1|   ap_fifo  |   SocketTable_5_theirIP_V_out6   |    pointer   |
|SocketTable_6_theirIP_V_out_din          | out |   32|   ap_fifo  |    SocketTable_6_theirIP_V_out   |    pointer   |
|SocketTable_6_theirIP_V_out_full_n       |  in |    1|   ap_fifo  |    SocketTable_6_theirIP_V_out   |    pointer   |
|SocketTable_6_theirIP_V_out_write        | out |    1|   ap_fifo  |    SocketTable_6_theirIP_V_out   |    pointer   |
|SocketTable_6_theirIP_V_out7_din         | out |   32|   ap_fifo  |   SocketTable_6_theirIP_V_out7   |    pointer   |
|SocketTable_6_theirIP_V_out7_full_n      |  in |    1|   ap_fifo  |   SocketTable_6_theirIP_V_out7   |    pointer   |
|SocketTable_6_theirIP_V_out7_write       | out |    1|   ap_fifo  |   SocketTable_6_theirIP_V_out7   |    pointer   |
|SocketTable_7_theirIP_V_out_din          | out |   32|   ap_fifo  |    SocketTable_7_theirIP_V_out   |    pointer   |
|SocketTable_7_theirIP_V_out_full_n       |  in |    1|   ap_fifo  |    SocketTable_7_theirIP_V_out   |    pointer   |
|SocketTable_7_theirIP_V_out_write        | out |    1|   ap_fifo  |    SocketTable_7_theirIP_V_out   |    pointer   |
|SocketTable_7_theirIP_V_out8_din         | out |   32|   ap_fifo  |   SocketTable_7_theirIP_V_out8   |    pointer   |
|SocketTable_7_theirIP_V_out8_full_n      |  in |    1|   ap_fifo  |   SocketTable_7_theirIP_V_out8   |    pointer   |
|SocketTable_7_theirIP_V_out8_write       | out |    1|   ap_fifo  |   SocketTable_7_theirIP_V_out8   |    pointer   |
|SocketTable_8_theirIP_V_out_din          | out |   32|   ap_fifo  |    SocketTable_8_theirIP_V_out   |    pointer   |
|SocketTable_8_theirIP_V_out_full_n       |  in |    1|   ap_fifo  |    SocketTable_8_theirIP_V_out   |    pointer   |
|SocketTable_8_theirIP_V_out_write        | out |    1|   ap_fifo  |    SocketTable_8_theirIP_V_out   |    pointer   |
|SocketTable_8_theirIP_V_out9_din         | out |   32|   ap_fifo  |   SocketTable_8_theirIP_V_out9   |    pointer   |
|SocketTable_8_theirIP_V_out9_full_n      |  in |    1|   ap_fifo  |   SocketTable_8_theirIP_V_out9   |    pointer   |
|SocketTable_8_theirIP_V_out9_write       | out |    1|   ap_fifo  |   SocketTable_8_theirIP_V_out9   |    pointer   |
|SocketTable_9_theirIP_V_out_din          | out |   32|   ap_fifo  |    SocketTable_9_theirIP_V_out   |    pointer   |
|SocketTable_9_theirIP_V_out_full_n       |  in |    1|   ap_fifo  |    SocketTable_9_theirIP_V_out   |    pointer   |
|SocketTable_9_theirIP_V_out_write        | out |    1|   ap_fifo  |    SocketTable_9_theirIP_V_out   |    pointer   |
|SocketTable_9_theirIP_V_out10_din        | out |   32|   ap_fifo  |   SocketTable_9_theirIP_V_out10  |    pointer   |
|SocketTable_9_theirIP_V_out10_full_n     |  in |    1|   ap_fifo  |   SocketTable_9_theirIP_V_out10  |    pointer   |
|SocketTable_9_theirIP_V_out10_write      | out |    1|   ap_fifo  |   SocketTable_9_theirIP_V_out10  |    pointer   |
|SocketTable_10_theirIP_V_out_din         | out |   32|   ap_fifo  |   SocketTable_10_theirIP_V_out   |    pointer   |
|SocketTable_10_theirIP_V_out_full_n      |  in |    1|   ap_fifo  |   SocketTable_10_theirIP_V_out   |    pointer   |
|SocketTable_10_theirIP_V_out_write       | out |    1|   ap_fifo  |   SocketTable_10_theirIP_V_out   |    pointer   |
|SocketTable_10_theirIP_V_out11_din       | out |   32|   ap_fifo  |  SocketTable_10_theirIP_V_out11  |    pointer   |
|SocketTable_10_theirIP_V_out11_full_n    |  in |    1|   ap_fifo  |  SocketTable_10_theirIP_V_out11  |    pointer   |
|SocketTable_10_theirIP_V_out11_write     | out |    1|   ap_fifo  |  SocketTable_10_theirIP_V_out11  |    pointer   |
|SocketTable_11_theirIP_V_out_din         | out |   32|   ap_fifo  |   SocketTable_11_theirIP_V_out   |    pointer   |
|SocketTable_11_theirIP_V_out_full_n      |  in |    1|   ap_fifo  |   SocketTable_11_theirIP_V_out   |    pointer   |
|SocketTable_11_theirIP_V_out_write       | out |    1|   ap_fifo  |   SocketTable_11_theirIP_V_out   |    pointer   |
|SocketTable_11_theirIP_V_out12_din       | out |   32|   ap_fifo  |  SocketTable_11_theirIP_V_out12  |    pointer   |
|SocketTable_11_theirIP_V_out12_full_n    |  in |    1|   ap_fifo  |  SocketTable_11_theirIP_V_out12  |    pointer   |
|SocketTable_11_theirIP_V_out12_write     | out |    1|   ap_fifo  |  SocketTable_11_theirIP_V_out12  |    pointer   |
|SocketTable_12_theirIP_V_out_din         | out |   32|   ap_fifo  |   SocketTable_12_theirIP_V_out   |    pointer   |
|SocketTable_12_theirIP_V_out_full_n      |  in |    1|   ap_fifo  |   SocketTable_12_theirIP_V_out   |    pointer   |
|SocketTable_12_theirIP_V_out_write       | out |    1|   ap_fifo  |   SocketTable_12_theirIP_V_out   |    pointer   |
|SocketTable_12_theirIP_V_out13_din       | out |   32|   ap_fifo  |  SocketTable_12_theirIP_V_out13  |    pointer   |
|SocketTable_12_theirIP_V_out13_full_n    |  in |    1|   ap_fifo  |  SocketTable_12_theirIP_V_out13  |    pointer   |
|SocketTable_12_theirIP_V_out13_write     | out |    1|   ap_fifo  |  SocketTable_12_theirIP_V_out13  |    pointer   |
|SocketTable_13_theirIP_V_out_din         | out |   32|   ap_fifo  |   SocketTable_13_theirIP_V_out   |    pointer   |
|SocketTable_13_theirIP_V_out_full_n      |  in |    1|   ap_fifo  |   SocketTable_13_theirIP_V_out   |    pointer   |
|SocketTable_13_theirIP_V_out_write       | out |    1|   ap_fifo  |   SocketTable_13_theirIP_V_out   |    pointer   |
|SocketTable_13_theirIP_V_out14_din       | out |   32|   ap_fifo  |  SocketTable_13_theirIP_V_out14  |    pointer   |
|SocketTable_13_theirIP_V_out14_full_n    |  in |    1|   ap_fifo  |  SocketTable_13_theirIP_V_out14  |    pointer   |
|SocketTable_13_theirIP_V_out14_write     | out |    1|   ap_fifo  |  SocketTable_13_theirIP_V_out14  |    pointer   |
|SocketTable_14_theirIP_V_out_din         | out |   32|   ap_fifo  |   SocketTable_14_theirIP_V_out   |    pointer   |
|SocketTable_14_theirIP_V_out_full_n      |  in |    1|   ap_fifo  |   SocketTable_14_theirIP_V_out   |    pointer   |
|SocketTable_14_theirIP_V_out_write       | out |    1|   ap_fifo  |   SocketTable_14_theirIP_V_out   |    pointer   |
|SocketTable_14_theirIP_V_out15_din       | out |   32|   ap_fifo  |  SocketTable_14_theirIP_V_out15  |    pointer   |
|SocketTable_14_theirIP_V_out15_full_n    |  in |    1|   ap_fifo  |  SocketTable_14_theirIP_V_out15  |    pointer   |
|SocketTable_14_theirIP_V_out15_write     | out |    1|   ap_fifo  |  SocketTable_14_theirIP_V_out15  |    pointer   |
|SocketTable_15_theirIP_V_out_din         | out |   32|   ap_fifo  |   SocketTable_15_theirIP_V_out   |    pointer   |
|SocketTable_15_theirIP_V_out_full_n      |  in |    1|   ap_fifo  |   SocketTable_15_theirIP_V_out   |    pointer   |
|SocketTable_15_theirIP_V_out_write       | out |    1|   ap_fifo  |   SocketTable_15_theirIP_V_out   |    pointer   |
|SocketTable_15_theirIP_V_out16_din       | out |   32|   ap_fifo  |  SocketTable_15_theirIP_V_out16  |    pointer   |
|SocketTable_15_theirIP_V_out16_full_n    |  in |    1|   ap_fifo  |  SocketTable_15_theirIP_V_out16  |    pointer   |
|SocketTable_15_theirIP_V_out16_write     | out |    1|   ap_fifo  |  SocketTable_15_theirIP_V_out16  |    pointer   |
|SocketTable_0_theirPort_V_out_din        | out |   16|   ap_fifo  |   SocketTable_0_theirPort_V_out  |    pointer   |
|SocketTable_0_theirPort_V_out_full_n     |  in |    1|   ap_fifo  |   SocketTable_0_theirPort_V_out  |    pointer   |
|SocketTable_0_theirPort_V_out_write      | out |    1|   ap_fifo  |   SocketTable_0_theirPort_V_out  |    pointer   |
|SocketTable_0_theirPort_V_out17_din      | out |   16|   ap_fifo  |  SocketTable_0_theirPort_V_out17 |    pointer   |
|SocketTable_0_theirPort_V_out17_full_n   |  in |    1|   ap_fifo  |  SocketTable_0_theirPort_V_out17 |    pointer   |
|SocketTable_0_theirPort_V_out17_write    | out |    1|   ap_fifo  |  SocketTable_0_theirPort_V_out17 |    pointer   |
|SocketTable_1_theirPort_V_out_din        | out |   16|   ap_fifo  |   SocketTable_1_theirPort_V_out  |    pointer   |
|SocketTable_1_theirPort_V_out_full_n     |  in |    1|   ap_fifo  |   SocketTable_1_theirPort_V_out  |    pointer   |
|SocketTable_1_theirPort_V_out_write      | out |    1|   ap_fifo  |   SocketTable_1_theirPort_V_out  |    pointer   |
|SocketTable_1_theirPort_V_out18_din      | out |   16|   ap_fifo  |  SocketTable_1_theirPort_V_out18 |    pointer   |
|SocketTable_1_theirPort_V_out18_full_n   |  in |    1|   ap_fifo  |  SocketTable_1_theirPort_V_out18 |    pointer   |
|SocketTable_1_theirPort_V_out18_write    | out |    1|   ap_fifo  |  SocketTable_1_theirPort_V_out18 |    pointer   |
|SocketTable_2_theirPort_V_out_din        | out |   16|   ap_fifo  |   SocketTable_2_theirPort_V_out  |    pointer   |
|SocketTable_2_theirPort_V_out_full_n     |  in |    1|   ap_fifo  |   SocketTable_2_theirPort_V_out  |    pointer   |
|SocketTable_2_theirPort_V_out_write      | out |    1|   ap_fifo  |   SocketTable_2_theirPort_V_out  |    pointer   |
|SocketTable_2_theirPort_V_out19_din      | out |   16|   ap_fifo  |  SocketTable_2_theirPort_V_out19 |    pointer   |
|SocketTable_2_theirPort_V_out19_full_n   |  in |    1|   ap_fifo  |  SocketTable_2_theirPort_V_out19 |    pointer   |
|SocketTable_2_theirPort_V_out19_write    | out |    1|   ap_fifo  |  SocketTable_2_theirPort_V_out19 |    pointer   |
|SocketTable_3_theirPort_V_out_din        | out |   16|   ap_fifo  |   SocketTable_3_theirPort_V_out  |    pointer   |
|SocketTable_3_theirPort_V_out_full_n     |  in |    1|   ap_fifo  |   SocketTable_3_theirPort_V_out  |    pointer   |
|SocketTable_3_theirPort_V_out_write      | out |    1|   ap_fifo  |   SocketTable_3_theirPort_V_out  |    pointer   |
|SocketTable_3_theirPort_V_out20_din      | out |   16|   ap_fifo  |  SocketTable_3_theirPort_V_out20 |    pointer   |
|SocketTable_3_theirPort_V_out20_full_n   |  in |    1|   ap_fifo  |  SocketTable_3_theirPort_V_out20 |    pointer   |
|SocketTable_3_theirPort_V_out20_write    | out |    1|   ap_fifo  |  SocketTable_3_theirPort_V_out20 |    pointer   |
|SocketTable_4_theirPort_V_out_din        | out |   16|   ap_fifo  |   SocketTable_4_theirPort_V_out  |    pointer   |
|SocketTable_4_theirPort_V_out_full_n     |  in |    1|   ap_fifo  |   SocketTable_4_theirPort_V_out  |    pointer   |
|SocketTable_4_theirPort_V_out_write      | out |    1|   ap_fifo  |   SocketTable_4_theirPort_V_out  |    pointer   |
|SocketTable_4_theirPort_V_out21_din      | out |   16|   ap_fifo  |  SocketTable_4_theirPort_V_out21 |    pointer   |
|SocketTable_4_theirPort_V_out21_full_n   |  in |    1|   ap_fifo  |  SocketTable_4_theirPort_V_out21 |    pointer   |
|SocketTable_4_theirPort_V_out21_write    | out |    1|   ap_fifo  |  SocketTable_4_theirPort_V_out21 |    pointer   |
|SocketTable_5_theirPort_V_out_din        | out |   16|   ap_fifo  |   SocketTable_5_theirPort_V_out  |    pointer   |
|SocketTable_5_theirPort_V_out_full_n     |  in |    1|   ap_fifo  |   SocketTable_5_theirPort_V_out  |    pointer   |
|SocketTable_5_theirPort_V_out_write      | out |    1|   ap_fifo  |   SocketTable_5_theirPort_V_out  |    pointer   |
|SocketTable_5_theirPort_V_out22_din      | out |   16|   ap_fifo  |  SocketTable_5_theirPort_V_out22 |    pointer   |
|SocketTable_5_theirPort_V_out22_full_n   |  in |    1|   ap_fifo  |  SocketTable_5_theirPort_V_out22 |    pointer   |
|SocketTable_5_theirPort_V_out22_write    | out |    1|   ap_fifo  |  SocketTable_5_theirPort_V_out22 |    pointer   |
|SocketTable_6_theirPort_V_out_din        | out |   16|   ap_fifo  |   SocketTable_6_theirPort_V_out  |    pointer   |
|SocketTable_6_theirPort_V_out_full_n     |  in |    1|   ap_fifo  |   SocketTable_6_theirPort_V_out  |    pointer   |
|SocketTable_6_theirPort_V_out_write      | out |    1|   ap_fifo  |   SocketTable_6_theirPort_V_out  |    pointer   |
|SocketTable_6_theirPort_V_out23_din      | out |   16|   ap_fifo  |  SocketTable_6_theirPort_V_out23 |    pointer   |
|SocketTable_6_theirPort_V_out23_full_n   |  in |    1|   ap_fifo  |  SocketTable_6_theirPort_V_out23 |    pointer   |
|SocketTable_6_theirPort_V_out23_write    | out |    1|   ap_fifo  |  SocketTable_6_theirPort_V_out23 |    pointer   |
|SocketTable_7_theirPort_V_out_din        | out |   16|   ap_fifo  |   SocketTable_7_theirPort_V_out  |    pointer   |
|SocketTable_7_theirPort_V_out_full_n     |  in |    1|   ap_fifo  |   SocketTable_7_theirPort_V_out  |    pointer   |
|SocketTable_7_theirPort_V_out_write      | out |    1|   ap_fifo  |   SocketTable_7_theirPort_V_out  |    pointer   |
|SocketTable_7_theirPort_V_out24_din      | out |   16|   ap_fifo  |  SocketTable_7_theirPort_V_out24 |    pointer   |
|SocketTable_7_theirPort_V_out24_full_n   |  in |    1|   ap_fifo  |  SocketTable_7_theirPort_V_out24 |    pointer   |
|SocketTable_7_theirPort_V_out24_write    | out |    1|   ap_fifo  |  SocketTable_7_theirPort_V_out24 |    pointer   |
|SocketTable_8_theirPort_V_out_din        | out |   16|   ap_fifo  |   SocketTable_8_theirPort_V_out  |    pointer   |
|SocketTable_8_theirPort_V_out_full_n     |  in |    1|   ap_fifo  |   SocketTable_8_theirPort_V_out  |    pointer   |
|SocketTable_8_theirPort_V_out_write      | out |    1|   ap_fifo  |   SocketTable_8_theirPort_V_out  |    pointer   |
|SocketTable_8_theirPort_V_out25_din      | out |   16|   ap_fifo  |  SocketTable_8_theirPort_V_out25 |    pointer   |
|SocketTable_8_theirPort_V_out25_full_n   |  in |    1|   ap_fifo  |  SocketTable_8_theirPort_V_out25 |    pointer   |
|SocketTable_8_theirPort_V_out25_write    | out |    1|   ap_fifo  |  SocketTable_8_theirPort_V_out25 |    pointer   |
|SocketTable_9_theirPort_V_out_din        | out |   16|   ap_fifo  |   SocketTable_9_theirPort_V_out  |    pointer   |
|SocketTable_9_theirPort_V_out_full_n     |  in |    1|   ap_fifo  |   SocketTable_9_theirPort_V_out  |    pointer   |
|SocketTable_9_theirPort_V_out_write      | out |    1|   ap_fifo  |   SocketTable_9_theirPort_V_out  |    pointer   |
|SocketTable_9_theirPort_V_out26_din      | out |   16|   ap_fifo  |  SocketTable_9_theirPort_V_out26 |    pointer   |
|SocketTable_9_theirPort_V_out26_full_n   |  in |    1|   ap_fifo  |  SocketTable_9_theirPort_V_out26 |    pointer   |
|SocketTable_9_theirPort_V_out26_write    | out |    1|   ap_fifo  |  SocketTable_9_theirPort_V_out26 |    pointer   |
|SocketTable_10_theirPort_V_out_din       | out |   16|   ap_fifo  |  SocketTable_10_theirPort_V_out  |    pointer   |
|SocketTable_10_theirPort_V_out_full_n    |  in |    1|   ap_fifo  |  SocketTable_10_theirPort_V_out  |    pointer   |
|SocketTable_10_theirPort_V_out_write     | out |    1|   ap_fifo  |  SocketTable_10_theirPort_V_out  |    pointer   |
|SocketTable_10_theirPort_V_out27_din     | out |   16|   ap_fifo  | SocketTable_10_theirPort_V_out27 |    pointer   |
|SocketTable_10_theirPort_V_out27_full_n  |  in |    1|   ap_fifo  | SocketTable_10_theirPort_V_out27 |    pointer   |
|SocketTable_10_theirPort_V_out27_write   | out |    1|   ap_fifo  | SocketTable_10_theirPort_V_out27 |    pointer   |
|SocketTable_11_theirPort_V_out_din       | out |   16|   ap_fifo  |  SocketTable_11_theirPort_V_out  |    pointer   |
|SocketTable_11_theirPort_V_out_full_n    |  in |    1|   ap_fifo  |  SocketTable_11_theirPort_V_out  |    pointer   |
|SocketTable_11_theirPort_V_out_write     | out |    1|   ap_fifo  |  SocketTable_11_theirPort_V_out  |    pointer   |
|SocketTable_11_theirPort_V_out28_din     | out |   16|   ap_fifo  | SocketTable_11_theirPort_V_out28 |    pointer   |
|SocketTable_11_theirPort_V_out28_full_n  |  in |    1|   ap_fifo  | SocketTable_11_theirPort_V_out28 |    pointer   |
|SocketTable_11_theirPort_V_out28_write   | out |    1|   ap_fifo  | SocketTable_11_theirPort_V_out28 |    pointer   |
|SocketTable_12_theirPort_V_out_din       | out |   16|   ap_fifo  |  SocketTable_12_theirPort_V_out  |    pointer   |
|SocketTable_12_theirPort_V_out_full_n    |  in |    1|   ap_fifo  |  SocketTable_12_theirPort_V_out  |    pointer   |
|SocketTable_12_theirPort_V_out_write     | out |    1|   ap_fifo  |  SocketTable_12_theirPort_V_out  |    pointer   |
|SocketTable_12_theirPort_V_out29_din     | out |   16|   ap_fifo  | SocketTable_12_theirPort_V_out29 |    pointer   |
|SocketTable_12_theirPort_V_out29_full_n  |  in |    1|   ap_fifo  | SocketTable_12_theirPort_V_out29 |    pointer   |
|SocketTable_12_theirPort_V_out29_write   | out |    1|   ap_fifo  | SocketTable_12_theirPort_V_out29 |    pointer   |
|SocketTable_13_theirPort_V_out_din       | out |   16|   ap_fifo  |  SocketTable_13_theirPort_V_out  |    pointer   |
|SocketTable_13_theirPort_V_out_full_n    |  in |    1|   ap_fifo  |  SocketTable_13_theirPort_V_out  |    pointer   |
|SocketTable_13_theirPort_V_out_write     | out |    1|   ap_fifo  |  SocketTable_13_theirPort_V_out  |    pointer   |
|SocketTable_13_theirPort_V_out30_din     | out |   16|   ap_fifo  | SocketTable_13_theirPort_V_out30 |    pointer   |
|SocketTable_13_theirPort_V_out30_full_n  |  in |    1|   ap_fifo  | SocketTable_13_theirPort_V_out30 |    pointer   |
|SocketTable_13_theirPort_V_out30_write   | out |    1|   ap_fifo  | SocketTable_13_theirPort_V_out30 |    pointer   |
|SocketTable_14_theirPort_V_out_din       | out |   16|   ap_fifo  |  SocketTable_14_theirPort_V_out  |    pointer   |
|SocketTable_14_theirPort_V_out_full_n    |  in |    1|   ap_fifo  |  SocketTable_14_theirPort_V_out  |    pointer   |
|SocketTable_14_theirPort_V_out_write     | out |    1|   ap_fifo  |  SocketTable_14_theirPort_V_out  |    pointer   |
|SocketTable_14_theirPort_V_out31_din     | out |   16|   ap_fifo  | SocketTable_14_theirPort_V_out31 |    pointer   |
|SocketTable_14_theirPort_V_out31_full_n  |  in |    1|   ap_fifo  | SocketTable_14_theirPort_V_out31 |    pointer   |
|SocketTable_14_theirPort_V_out31_write   | out |    1|   ap_fifo  | SocketTable_14_theirPort_V_out31 |    pointer   |
|SocketTable_15_theirPort_V_out_din       | out |   16|   ap_fifo  |  SocketTable_15_theirPort_V_out  |    pointer   |
|SocketTable_15_theirPort_V_out_full_n    |  in |    1|   ap_fifo  |  SocketTable_15_theirPort_V_out  |    pointer   |
|SocketTable_15_theirPort_V_out_write     | out |    1|   ap_fifo  |  SocketTable_15_theirPort_V_out  |    pointer   |
|SocketTable_15_theirPort_V_out32_din     | out |   16|   ap_fifo  | SocketTable_15_theirPort_V_out32 |    pointer   |
|SocketTable_15_theirPort_V_out32_full_n  |  in |    1|   ap_fifo  | SocketTable_15_theirPort_V_out32 |    pointer   |
|SocketTable_15_theirPort_V_out32_write   | out |    1|   ap_fifo  | SocketTable_15_theirPort_V_out32 |    pointer   |
|SocketTable_0_myPort_V_out_din           | out |   16|   ap_fifo  |    SocketTable_0_myPort_V_out    |    pointer   |
|SocketTable_0_myPort_V_out_full_n        |  in |    1|   ap_fifo  |    SocketTable_0_myPort_V_out    |    pointer   |
|SocketTable_0_myPort_V_out_write         | out |    1|   ap_fifo  |    SocketTable_0_myPort_V_out    |    pointer   |
|SocketTable_0_myPort_V_out33_din         | out |   16|   ap_fifo  |   SocketTable_0_myPort_V_out33   |    pointer   |
|SocketTable_0_myPort_V_out33_full_n      |  in |    1|   ap_fifo  |   SocketTable_0_myPort_V_out33   |    pointer   |
|SocketTable_0_myPort_V_out33_write       | out |    1|   ap_fifo  |   SocketTable_0_myPort_V_out33   |    pointer   |
|SocketTable_1_myPort_V_out_din           | out |   16|   ap_fifo  |    SocketTable_1_myPort_V_out    |    pointer   |
|SocketTable_1_myPort_V_out_full_n        |  in |    1|   ap_fifo  |    SocketTable_1_myPort_V_out    |    pointer   |
|SocketTable_1_myPort_V_out_write         | out |    1|   ap_fifo  |    SocketTable_1_myPort_V_out    |    pointer   |
|SocketTable_1_myPort_V_out34_din         | out |   16|   ap_fifo  |   SocketTable_1_myPort_V_out34   |    pointer   |
|SocketTable_1_myPort_V_out34_full_n      |  in |    1|   ap_fifo  |   SocketTable_1_myPort_V_out34   |    pointer   |
|SocketTable_1_myPort_V_out34_write       | out |    1|   ap_fifo  |   SocketTable_1_myPort_V_out34   |    pointer   |
|SocketTable_2_myPort_V_out_din           | out |   16|   ap_fifo  |    SocketTable_2_myPort_V_out    |    pointer   |
|SocketTable_2_myPort_V_out_full_n        |  in |    1|   ap_fifo  |    SocketTable_2_myPort_V_out    |    pointer   |
|SocketTable_2_myPort_V_out_write         | out |    1|   ap_fifo  |    SocketTable_2_myPort_V_out    |    pointer   |
|SocketTable_2_myPort_V_out35_din         | out |   16|   ap_fifo  |   SocketTable_2_myPort_V_out35   |    pointer   |
|SocketTable_2_myPort_V_out35_full_n      |  in |    1|   ap_fifo  |   SocketTable_2_myPort_V_out35   |    pointer   |
|SocketTable_2_myPort_V_out35_write       | out |    1|   ap_fifo  |   SocketTable_2_myPort_V_out35   |    pointer   |
|SocketTable_3_myPort_V_out_din           | out |   16|   ap_fifo  |    SocketTable_3_myPort_V_out    |    pointer   |
|SocketTable_3_myPort_V_out_full_n        |  in |    1|   ap_fifo  |    SocketTable_3_myPort_V_out    |    pointer   |
|SocketTable_3_myPort_V_out_write         | out |    1|   ap_fifo  |    SocketTable_3_myPort_V_out    |    pointer   |
|SocketTable_3_myPort_V_out36_din         | out |   16|   ap_fifo  |   SocketTable_3_myPort_V_out36   |    pointer   |
|SocketTable_3_myPort_V_out36_full_n      |  in |    1|   ap_fifo  |   SocketTable_3_myPort_V_out36   |    pointer   |
|SocketTable_3_myPort_V_out36_write       | out |    1|   ap_fifo  |   SocketTable_3_myPort_V_out36   |    pointer   |
|SocketTable_4_myPort_V_out_din           | out |   16|   ap_fifo  |    SocketTable_4_myPort_V_out    |    pointer   |
|SocketTable_4_myPort_V_out_full_n        |  in |    1|   ap_fifo  |    SocketTable_4_myPort_V_out    |    pointer   |
|SocketTable_4_myPort_V_out_write         | out |    1|   ap_fifo  |    SocketTable_4_myPort_V_out    |    pointer   |
|SocketTable_4_myPort_V_out37_din         | out |   16|   ap_fifo  |   SocketTable_4_myPort_V_out37   |    pointer   |
|SocketTable_4_myPort_V_out37_full_n      |  in |    1|   ap_fifo  |   SocketTable_4_myPort_V_out37   |    pointer   |
|SocketTable_4_myPort_V_out37_write       | out |    1|   ap_fifo  |   SocketTable_4_myPort_V_out37   |    pointer   |
|SocketTable_5_myPort_V_out_din           | out |   16|   ap_fifo  |    SocketTable_5_myPort_V_out    |    pointer   |
|SocketTable_5_myPort_V_out_full_n        |  in |    1|   ap_fifo  |    SocketTable_5_myPort_V_out    |    pointer   |
|SocketTable_5_myPort_V_out_write         | out |    1|   ap_fifo  |    SocketTable_5_myPort_V_out    |    pointer   |
|SocketTable_5_myPort_V_out38_din         | out |   16|   ap_fifo  |   SocketTable_5_myPort_V_out38   |    pointer   |
|SocketTable_5_myPort_V_out38_full_n      |  in |    1|   ap_fifo  |   SocketTable_5_myPort_V_out38   |    pointer   |
|SocketTable_5_myPort_V_out38_write       | out |    1|   ap_fifo  |   SocketTable_5_myPort_V_out38   |    pointer   |
|SocketTable_6_myPort_V_out_din           | out |   16|   ap_fifo  |    SocketTable_6_myPort_V_out    |    pointer   |
|SocketTable_6_myPort_V_out_full_n        |  in |    1|   ap_fifo  |    SocketTable_6_myPort_V_out    |    pointer   |
|SocketTable_6_myPort_V_out_write         | out |    1|   ap_fifo  |    SocketTable_6_myPort_V_out    |    pointer   |
|SocketTable_6_myPort_V_out39_din         | out |   16|   ap_fifo  |   SocketTable_6_myPort_V_out39   |    pointer   |
|SocketTable_6_myPort_V_out39_full_n      |  in |    1|   ap_fifo  |   SocketTable_6_myPort_V_out39   |    pointer   |
|SocketTable_6_myPort_V_out39_write       | out |    1|   ap_fifo  |   SocketTable_6_myPort_V_out39   |    pointer   |
|SocketTable_7_myPort_V_out_din           | out |   16|   ap_fifo  |    SocketTable_7_myPort_V_out    |    pointer   |
|SocketTable_7_myPort_V_out_full_n        |  in |    1|   ap_fifo  |    SocketTable_7_myPort_V_out    |    pointer   |
|SocketTable_7_myPort_V_out_write         | out |    1|   ap_fifo  |    SocketTable_7_myPort_V_out    |    pointer   |
|SocketTable_7_myPort_V_out40_din         | out |   16|   ap_fifo  |   SocketTable_7_myPort_V_out40   |    pointer   |
|SocketTable_7_myPort_V_out40_full_n      |  in |    1|   ap_fifo  |   SocketTable_7_myPort_V_out40   |    pointer   |
|SocketTable_7_myPort_V_out40_write       | out |    1|   ap_fifo  |   SocketTable_7_myPort_V_out40   |    pointer   |
|SocketTable_8_myPort_V_out_din           | out |   16|   ap_fifo  |    SocketTable_8_myPort_V_out    |    pointer   |
|SocketTable_8_myPort_V_out_full_n        |  in |    1|   ap_fifo  |    SocketTable_8_myPort_V_out    |    pointer   |
|SocketTable_8_myPort_V_out_write         | out |    1|   ap_fifo  |    SocketTable_8_myPort_V_out    |    pointer   |
|SocketTable_8_myPort_V_out41_din         | out |   16|   ap_fifo  |   SocketTable_8_myPort_V_out41   |    pointer   |
|SocketTable_8_myPort_V_out41_full_n      |  in |    1|   ap_fifo  |   SocketTable_8_myPort_V_out41   |    pointer   |
|SocketTable_8_myPort_V_out41_write       | out |    1|   ap_fifo  |   SocketTable_8_myPort_V_out41   |    pointer   |
|SocketTable_9_myPort_V_out_din           | out |   16|   ap_fifo  |    SocketTable_9_myPort_V_out    |    pointer   |
|SocketTable_9_myPort_V_out_full_n        |  in |    1|   ap_fifo  |    SocketTable_9_myPort_V_out    |    pointer   |
|SocketTable_9_myPort_V_out_write         | out |    1|   ap_fifo  |    SocketTable_9_myPort_V_out    |    pointer   |
|SocketTable_9_myPort_V_out42_din         | out |   16|   ap_fifo  |   SocketTable_9_myPort_V_out42   |    pointer   |
|SocketTable_9_myPort_V_out42_full_n      |  in |    1|   ap_fifo  |   SocketTable_9_myPort_V_out42   |    pointer   |
|SocketTable_9_myPort_V_out42_write       | out |    1|   ap_fifo  |   SocketTable_9_myPort_V_out42   |    pointer   |
|SocketTable_10_myPort_V_out_din          | out |   16|   ap_fifo  |    SocketTable_10_myPort_V_out   |    pointer   |
|SocketTable_10_myPort_V_out_full_n       |  in |    1|   ap_fifo  |    SocketTable_10_myPort_V_out   |    pointer   |
|SocketTable_10_myPort_V_out_write        | out |    1|   ap_fifo  |    SocketTable_10_myPort_V_out   |    pointer   |
|SocketTable_10_myPort_V_out43_din        | out |   16|   ap_fifo  |   SocketTable_10_myPort_V_out43  |    pointer   |
|SocketTable_10_myPort_V_out43_full_n     |  in |    1|   ap_fifo  |   SocketTable_10_myPort_V_out43  |    pointer   |
|SocketTable_10_myPort_V_out43_write      | out |    1|   ap_fifo  |   SocketTable_10_myPort_V_out43  |    pointer   |
|SocketTable_11_myPort_V_out_din          | out |   16|   ap_fifo  |    SocketTable_11_myPort_V_out   |    pointer   |
|SocketTable_11_myPort_V_out_full_n       |  in |    1|   ap_fifo  |    SocketTable_11_myPort_V_out   |    pointer   |
|SocketTable_11_myPort_V_out_write        | out |    1|   ap_fifo  |    SocketTable_11_myPort_V_out   |    pointer   |
|SocketTable_11_myPort_V_out44_din        | out |   16|   ap_fifo  |   SocketTable_11_myPort_V_out44  |    pointer   |
|SocketTable_11_myPort_V_out44_full_n     |  in |    1|   ap_fifo  |   SocketTable_11_myPort_V_out44  |    pointer   |
|SocketTable_11_myPort_V_out44_write      | out |    1|   ap_fifo  |   SocketTable_11_myPort_V_out44  |    pointer   |
|SocketTable_12_myPort_V_out_din          | out |   16|   ap_fifo  |    SocketTable_12_myPort_V_out   |    pointer   |
|SocketTable_12_myPort_V_out_full_n       |  in |    1|   ap_fifo  |    SocketTable_12_myPort_V_out   |    pointer   |
|SocketTable_12_myPort_V_out_write        | out |    1|   ap_fifo  |    SocketTable_12_myPort_V_out   |    pointer   |
|SocketTable_12_myPort_V_out45_din        | out |   16|   ap_fifo  |   SocketTable_12_myPort_V_out45  |    pointer   |
|SocketTable_12_myPort_V_out45_full_n     |  in |    1|   ap_fifo  |   SocketTable_12_myPort_V_out45  |    pointer   |
|SocketTable_12_myPort_V_out45_write      | out |    1|   ap_fifo  |   SocketTable_12_myPort_V_out45  |    pointer   |
|SocketTable_13_myPort_V_out_din          | out |   16|   ap_fifo  |    SocketTable_13_myPort_V_out   |    pointer   |
|SocketTable_13_myPort_V_out_full_n       |  in |    1|   ap_fifo  |    SocketTable_13_myPort_V_out   |    pointer   |
|SocketTable_13_myPort_V_out_write        | out |    1|   ap_fifo  |    SocketTable_13_myPort_V_out   |    pointer   |
|SocketTable_13_myPort_V_out46_din        | out |   16|   ap_fifo  |   SocketTable_13_myPort_V_out46  |    pointer   |
|SocketTable_13_myPort_V_out46_full_n     |  in |    1|   ap_fifo  |   SocketTable_13_myPort_V_out46  |    pointer   |
|SocketTable_13_myPort_V_out46_write      | out |    1|   ap_fifo  |   SocketTable_13_myPort_V_out46  |    pointer   |
|SocketTable_14_myPort_V_out_din          | out |   16|   ap_fifo  |    SocketTable_14_myPort_V_out   |    pointer   |
|SocketTable_14_myPort_V_out_full_n       |  in |    1|   ap_fifo  |    SocketTable_14_myPort_V_out   |    pointer   |
|SocketTable_14_myPort_V_out_write        | out |    1|   ap_fifo  |    SocketTable_14_myPort_V_out   |    pointer   |
|SocketTable_14_myPort_V_out47_din        | out |   16|   ap_fifo  |   SocketTable_14_myPort_V_out47  |    pointer   |
|SocketTable_14_myPort_V_out47_full_n     |  in |    1|   ap_fifo  |   SocketTable_14_myPort_V_out47  |    pointer   |
|SocketTable_14_myPort_V_out47_write      | out |    1|   ap_fifo  |   SocketTable_14_myPort_V_out47  |    pointer   |
|SocketTable_15_myPort_V_out_din          | out |   16|   ap_fifo  |    SocketTable_15_myPort_V_out   |    pointer   |
|SocketTable_15_myPort_V_out_full_n       |  in |    1|   ap_fifo  |    SocketTable_15_myPort_V_out   |    pointer   |
|SocketTable_15_myPort_V_out_write        | out |    1|   ap_fifo  |    SocketTable_15_myPort_V_out   |    pointer   |
|SocketTable_15_myPort_V_out48_din        | out |   16|   ap_fifo  |   SocketTable_15_myPort_V_out48  |    pointer   |
|SocketTable_15_myPort_V_out48_full_n     |  in |    1|   ap_fifo  |   SocketTable_15_myPort_V_out48  |    pointer   |
|SocketTable_15_myPort_V_out48_write      | out |    1|   ap_fifo  |   SocketTable_15_myPort_V_out48  |    pointer   |
|SocketTable_0_valid_V_out_din            | out |    1|   ap_fifo  |     SocketTable_0_valid_V_out    |    pointer   |
|SocketTable_0_valid_V_out_full_n         |  in |    1|   ap_fifo  |     SocketTable_0_valid_V_out    |    pointer   |
|SocketTable_0_valid_V_out_write          | out |    1|   ap_fifo  |     SocketTable_0_valid_V_out    |    pointer   |
|SocketTable_1_valid_V_out_din            | out |    1|   ap_fifo  |     SocketTable_1_valid_V_out    |    pointer   |
|SocketTable_1_valid_V_out_full_n         |  in |    1|   ap_fifo  |     SocketTable_1_valid_V_out    |    pointer   |
|SocketTable_1_valid_V_out_write          | out |    1|   ap_fifo  |     SocketTable_1_valid_V_out    |    pointer   |
|SocketTable_2_valid_V_out_din            | out |    1|   ap_fifo  |     SocketTable_2_valid_V_out    |    pointer   |
|SocketTable_2_valid_V_out_full_n         |  in |    1|   ap_fifo  |     SocketTable_2_valid_V_out    |    pointer   |
|SocketTable_2_valid_V_out_write          | out |    1|   ap_fifo  |     SocketTable_2_valid_V_out    |    pointer   |
|SocketTable_3_valid_V_out_din            | out |    1|   ap_fifo  |     SocketTable_3_valid_V_out    |    pointer   |
|SocketTable_3_valid_V_out_full_n         |  in |    1|   ap_fifo  |     SocketTable_3_valid_V_out    |    pointer   |
|SocketTable_3_valid_V_out_write          | out |    1|   ap_fifo  |     SocketTable_3_valid_V_out    |    pointer   |
|SocketTable_4_valid_V_out_din            | out |    1|   ap_fifo  |     SocketTable_4_valid_V_out    |    pointer   |
|SocketTable_4_valid_V_out_full_n         |  in |    1|   ap_fifo  |     SocketTable_4_valid_V_out    |    pointer   |
|SocketTable_4_valid_V_out_write          | out |    1|   ap_fifo  |     SocketTable_4_valid_V_out    |    pointer   |
|SocketTable_5_valid_V_out_din            | out |    1|   ap_fifo  |     SocketTable_5_valid_V_out    |    pointer   |
|SocketTable_5_valid_V_out_full_n         |  in |    1|   ap_fifo  |     SocketTable_5_valid_V_out    |    pointer   |
|SocketTable_5_valid_V_out_write          | out |    1|   ap_fifo  |     SocketTable_5_valid_V_out    |    pointer   |
|SocketTable_6_valid_V_out_din            | out |    1|   ap_fifo  |     SocketTable_6_valid_V_out    |    pointer   |
|SocketTable_6_valid_V_out_full_n         |  in |    1|   ap_fifo  |     SocketTable_6_valid_V_out    |    pointer   |
|SocketTable_6_valid_V_out_write          | out |    1|   ap_fifo  |     SocketTable_6_valid_V_out    |    pointer   |
|SocketTable_7_valid_V_out_din            | out |    1|   ap_fifo  |     SocketTable_7_valid_V_out    |    pointer   |
|SocketTable_7_valid_V_out_full_n         |  in |    1|   ap_fifo  |     SocketTable_7_valid_V_out    |    pointer   |
|SocketTable_7_valid_V_out_write          | out |    1|   ap_fifo  |     SocketTable_7_valid_V_out    |    pointer   |
|SocketTable_8_valid_V_out_din            | out |    1|   ap_fifo  |     SocketTable_8_valid_V_out    |    pointer   |
|SocketTable_8_valid_V_out_full_n         |  in |    1|   ap_fifo  |     SocketTable_8_valid_V_out    |    pointer   |
|SocketTable_8_valid_V_out_write          | out |    1|   ap_fifo  |     SocketTable_8_valid_V_out    |    pointer   |
|SocketTable_9_valid_V_out_din            | out |    1|   ap_fifo  |     SocketTable_9_valid_V_out    |    pointer   |
|SocketTable_9_valid_V_out_full_n         |  in |    1|   ap_fifo  |     SocketTable_9_valid_V_out    |    pointer   |
|SocketTable_9_valid_V_out_write          | out |    1|   ap_fifo  |     SocketTable_9_valid_V_out    |    pointer   |
|SocketTable_10_valid_V_out_din           | out |    1|   ap_fifo  |    SocketTable_10_valid_V_out    |    pointer   |
|SocketTable_10_valid_V_out_full_n        |  in |    1|   ap_fifo  |    SocketTable_10_valid_V_out    |    pointer   |
|SocketTable_10_valid_V_out_write         | out |    1|   ap_fifo  |    SocketTable_10_valid_V_out    |    pointer   |
|SocketTable_11_valid_V_out_din           | out |    1|   ap_fifo  |    SocketTable_11_valid_V_out    |    pointer   |
|SocketTable_11_valid_V_out_full_n        |  in |    1|   ap_fifo  |    SocketTable_11_valid_V_out    |    pointer   |
|SocketTable_11_valid_V_out_write         | out |    1|   ap_fifo  |    SocketTable_11_valid_V_out    |    pointer   |
|SocketTable_12_valid_V_out_din           | out |    1|   ap_fifo  |    SocketTable_12_valid_V_out    |    pointer   |
|SocketTable_12_valid_V_out_full_n        |  in |    1|   ap_fifo  |    SocketTable_12_valid_V_out    |    pointer   |
|SocketTable_12_valid_V_out_write         | out |    1|   ap_fifo  |    SocketTable_12_valid_V_out    |    pointer   |
|SocketTable_13_valid_V_out_din           | out |    1|   ap_fifo  |    SocketTable_13_valid_V_out    |    pointer   |
|SocketTable_13_valid_V_out_full_n        |  in |    1|   ap_fifo  |    SocketTable_13_valid_V_out    |    pointer   |
|SocketTable_13_valid_V_out_write         | out |    1|   ap_fifo  |    SocketTable_13_valid_V_out    |    pointer   |
|SocketTable_14_valid_V_out_din           | out |    1|   ap_fifo  |    SocketTable_14_valid_V_out    |    pointer   |
|SocketTable_14_valid_V_out_full_n        |  in |    1|   ap_fifo  |    SocketTable_14_valid_V_out    |    pointer   |
|SocketTable_14_valid_V_out_write         | out |    1|   ap_fifo  |    SocketTable_14_valid_V_out    |    pointer   |
|SocketTable_15_valid_V_out_din           | out |    1|   ap_fifo  |    SocketTable_15_valid_V_out    |    pointer   |
|SocketTable_15_valid_V_out_full_n        |  in |    1|   ap_fifo  |    SocketTable_15_valid_V_out    |    pointer   |
|SocketTable_15_valid_V_out_write         | out |    1|   ap_fifo  |    SocketTable_15_valid_V_out    |    pointer   |
+-----------------------------------------+-----+-----+------------+----------------------------------+--------------+

