

================================================================
== Vitis HLS Report for 'arp_table'
================================================================
* Date:           Fri Sep  8 14:08:17 2023

* Version:        2023.1 (Build 3854077 on May  4 2023)
* Project:        ARP_hls_prj
* Solution:       ultrascale_plus (Vivado IP Flow Target)
* Product family: virtexuplusHBM
* Target device:  xcu280-fsvh2892-2L-e


================================================================
== Performance Estimates
================================================================
+ Timing: 
    * Summary: 
    +--------+---------+----------+------------+
    |  Clock |  Target | Estimated| Uncertainty|
    +--------+---------+----------+------------+
    |ap_clk  |  3.10 ns|  2.633 ns|     0.20 ns|
    +--------+---------+----------+------------+

+ Latency: 
    * Summary: 
    +---------+---------+-----------+-----------+-----+-----+---------+
    |  Latency (cycles) |   Latency (absolute)  |  Interval | Pipeline|
    |   min   |   max   |    min    |    max    | min | max |   Type  |
    +---------+---------+-----------+-----------+-----+-----+---------+
    |        4|        4|  12.400 ns|  12.400 ns|    2|    2|      yes|
    +---------+---------+-----------+-----------+-----+-----+---------+

    + Detail: 
        * Instance: 
        N/A

        * Loop: 
        N/A

============================================================
+ Verbose Summary: Synthesis Manager
============================================================
InlineROM: 1
ExposeGlobal: 0
============================================================
+ Verbose Summary: CDFG Model
============================================================
IsTopModel: 0
ResetActiveHigh: 1
IsCombinational: 2
IsDatapathOnly: 0
HasWiredReturn: 1
HasMFsm: 2
HasVarLatency: 0
IsPipeline: 1
IsRtlPipelined: 1
IsInstanceOverlapped: 0
IsDontTouch: 0
HasImplIP: 0
IsGatedGlobalClock: 0

+ Individual pipeline summary: 
  * Pipeline-0: initiation interval (II) = 2, depth = 5


============================================================
+ Verbose Summary: Schedule
============================================================
* Number of FSM states : 5
* Pipeline : 1
  Pipeline-0 : II = 2, D = 5, States = { 1 2 3 4 5 }
* Dataflow Pipeline: 0

* FSM state transitions: 
1 --> 2 
2 --> 3 
3 --> 4 
4 --> 5 
5 --> 

* FSM state operations: 

State 1 <SV = 0> <Delay = 0.00>
ST_1 : Operation 6 [1/1] (0.00ns)   --->   "%tmp_i = nbreadreq i1 @_ssdm_op_NbReadReq.ap_fifo.i128P0A, i128 %arpTableInsertFifo, i32 1" [/home/ubuntu/xup_vitis_network_example/NetLayers/100G-fpga-network-stack-core/synthesis_results_HBM/..//hls/arp_server/arp_server.cpp:224]   --->   Operation 6 'nbreadreq' 'tmp_i' <Predicate = true> <Delay = 0.00> <CoreInst = "FIFO_SRL">   --->   Core 81 'FIFO_SRL' <Latency = 0> <II = 1> <Delay = 1.41> <Storage> <Opcode : 'read' 'write' 'nbread' 'nbwrite'> <Ports = 0> <Width = 128> <Depth = 4> <FIFO>
ST_1 : Operation 7 [1/1] (0.00ns)   --->   "%br_ln224 = br i1 %tmp_i, void %if.else.i, void %if.then.i" [/home/ubuntu/xup_vitis_network_example/NetLayers/100G-fpga-network-stack-core/synthesis_results_HBM/..//hls/arp_server/arp_server.cpp:224]   --->   Operation 7 'br' 'br_ln224' <Predicate = true> <Delay = 0.00>
ST_1 : Operation 8 [1/1] (0.00ns)   --->   "%tmp_i_29 = nbreadreq i1 @_ssdm_op_NbReadReq.ap_fifo.i32P0A, i32 %macIpEncode_i, i32 1" [/home/ubuntu/xup_vitis_network_example/NetLayers/100G-fpga-network-stack-core/synthesis_results_HBM/..//hls/arp_server/arp_server.cpp:228]   --->   Operation 8 'nbreadreq' 'tmp_i_29' <Predicate = (!tmp_i)> <Delay = 0.00> <CoreInst = "FIFO_SRL">   --->   Core 81 'FIFO_SRL' <Latency = 0> <II = 1> <Delay = 1.46> <Storage> <Opcode : 'read' 'write' 'nbread' 'nbwrite'> <Ports = 0> <Width = 32> <Depth = 4> <FIFO>
ST_1 : Operation 9 [1/1] (0.00ns)   --->   "%br_ln228 = br i1 %tmp_i_29, void %if.end14.i, void %if.then3.i" [/home/ubuntu/xup_vitis_network_example/NetLayers/100G-fpga-network-stack-core/synthesis_results_HBM/..//hls/arp_server/arp_server.cpp:228]   --->   Operation 9 'br' 'br_ln228' <Predicate = (!tmp_i)> <Delay = 0.00>

State 2 <SV = 1> <Delay = 2.63>
ST_2 : Operation 10 [1/1] (0.00ns)   --->   "%specinterface_ln0 = specinterface void @_ssdm_op_SpecInterface, i32 %networkMask, void @ap_fifo_str, i32 0, i32 0, void @p_str, i32 0, i32 0, void @p_str, void @p_str, void @p_str, i32 2, i32 2, i32 16, i32 16, void @p_str, void @ScalarProp_str, i32 4294967295, i32 0"   --->   Operation 10 'specinterface' 'specinterface_ln0' <Predicate = true> <Delay = 0.00>
ST_2 : Operation 11 [1/1] (1.45ns)   --->   "%networkMask_read = read i32 @_ssdm_op_Read.ap_fifo.i32P0A, i32 %networkMask"   --->   Operation 11 'read' 'networkMask_read' <Predicate = true> <Delay = 1.45> <CoreInst = "FIFO_SRL">   --->   Core 81 'FIFO_SRL' <Latency = 0> <II = 1> <Delay = 1.46> <Storage> <Opcode : 'read' 'write' 'nbread' 'nbwrite'> <Ports = 0> <Width = 32> <Depth = 3> <FIFO>
ST_2 : Operation 12 [1/1] (0.00ns)   --->   "%specinterface_ln0 = specinterface void @_ssdm_op_SpecInterface, i32 %gatewayIP, void @ap_fifo_str, i32 0, i32 0, void @p_str, i32 0, i32 0, void @p_str, void @p_str, void @p_str, i32 2, i32 2, i32 16, i32 16, void @p_str, void @ScalarProp_str, i32 4294967295, i32 0"   --->   Operation 12 'specinterface' 'specinterface_ln0' <Predicate = true> <Delay = 0.00>
ST_2 : Operation 13 [1/1] (1.45ns)   --->   "%auxIP = read i32 @_ssdm_op_Read.ap_fifo.i32P0A, i32 %gatewayIP"   --->   Operation 13 'read' 'auxIP' <Predicate = true> <Delay = 1.45> <CoreInst = "FIFO_SRL">   --->   Core 81 'FIFO_SRL' <Latency = 0> <II = 1> <Delay = 1.46> <Storage> <Opcode : 'read' 'write' 'nbread' 'nbwrite'> <Ports = 0> <Width = 32> <Depth = 3> <FIFO>
ST_2 : Operation 14 [1/1] (0.00ns)   --->   "%specinterface_ln0 = specinterface void @_ssdm_op_SpecInterface, i32 %myIpAddress, void @ap_fifo_str, i32 0, i32 0, void @p_str, i32 0, i32 0, void @p_str, void @p_str, void @p_str, i32 2, i32 2, i32 16, i32 16, void @p_str, void @ScalarProp_str, i32 4294967295, i32 0"   --->   Operation 14 'specinterface' 'specinterface_ln0' <Predicate = true> <Delay = 0.00>
ST_2 : Operation 15 [1/1] (1.39ns)   --->   "%myIpAddress_read = read i32 @_ssdm_op_Read.ap_fifo.i32P0A, i32 %myIpAddress" [/home/ubuntu/xup_vitis_network_example/NetLayers/100G-fpga-network-stack-core/synthesis_results_HBM/..//hls/arp_server/arp_server.cpp:205]   --->   Operation 15 'read' 'myIpAddress_read' <Predicate = true> <Delay = 1.39> <CoreInst = "FIFO_SRL">   --->   Core 81 'FIFO_SRL' <Latency = 0> <II = 1> <Delay = 1.39> <Storage> <Opcode : 'read' 'write' 'nbread' 'nbwrite'> <Ports = 0> <Width = 32> <Depth = 2> <FIFO>
ST_2 : Operation 16 [1/1] (0.00ns)   --->   "%specinterface_ln0 = specinterface void @_ssdm_op_SpecInterface, i32 %arpRequestFifo, void @empty_4, i32 0, i32 0, void @empty_14, i32 0, i32 0, void @empty_14, void @empty_14, void @empty_14, i32 0, i32 0, i32 0, i32 0, void @empty_14, void @empty_14, i32 4294967295, i32 0"   --->   Operation 16 'specinterface' 'specinterface_ln0' <Predicate = true> <Delay = 0.00>
ST_2 : Operation 17 [1/1] (0.00ns)   --->   "%specinterface_ln0 = specinterface void @_ssdm_op_SpecInterface, i32 %arpRequestFifo, void @empty_4, i32 0, i32 0, void @empty_14, i32 0, i32 0, void @empty_14, void @empty_14, void @empty_14, i32 0, i32 0, i32 0, i32 0, void @empty_14, void @empty_14, i32 4294967295, i32 0"   --->   Operation 17 'specinterface' 'specinterface_ln0' <Predicate = true> <Delay = 0.00>
ST_2 : Operation 18 [1/1] (0.00ns)   --->   "%specinterface_ln0 = specinterface void @_ssdm_op_SpecInterface, i32 %arpRequestFifo, void @empty_4, i32 0, i32 0, void @empty_14, i32 0, i32 0, void @empty_14, void @empty_14, void @empty_14, i32 0, i32 0, i32 0, i32 0, void @empty_14, void @empty_14, i32 4294967295, i32 0"   --->   Operation 18 'specinterface' 'specinterface_ln0' <Predicate = true> <Delay = 0.00>
ST_2 : Operation 19 [1/1] (0.00ns)   --->   "%specinterface_ln0 = specinterface void @_ssdm_op_SpecInterface, i128 %arpTableInsertFifo, void @empty_4, i32 0, i32 0, void @empty_14, i32 0, i32 0, void @empty_14, void @empty_14, void @empty_14, i32 0, i32 0, i32 0, i32 0, void @empty_14, void @empty_14, i32 4294967295, i32 0"   --->   Operation 19 'specinterface' 'specinterface_ln0' <Predicate = true> <Delay = 0.00>
ST_2 : Operation 20 [1/1] (0.00ns)   --->   "%specinterface_ln0 = specinterface void @_ssdm_op_SpecInterface, i128 %arpTableInsertFifo, void @empty_4, i32 0, i32 0, void @empty_14, i32 0, i32 0, void @empty_14, void @empty_14, void @empty_14, i32 0, i32 0, i32 0, i32 0, void @empty_14, void @empty_14, i32 4294967295, i32 0"   --->   Operation 20 'specinterface' 'specinterface_ln0' <Predicate = true> <Delay = 0.00>
ST_2 : Operation 21 [1/1] (0.00ns)   --->   "%specinterface_ln0 = specinterface void @_ssdm_op_SpecInterface, i128 %arpTableInsertFifo, void @empty_4, i32 0, i32 0, void @empty_14, i32 0, i32 0, void @empty_14, void @empty_14, void @empty_14, i32 0, i32 0, i32 0, i32 0, void @empty_14, void @empty_14, i32 4294967295, i32 0"   --->   Operation 21 'specinterface' 'specinterface_ln0' <Predicate = true> <Delay = 0.00>
ST_2 : Operation 22 [1/1] (0.00ns)   --->   "%specinterface_ln0 = specinterface void @_ssdm_op_SpecInterface, i32 %macIpEncode_i, void @empty_4, i32 0, i32 0, void @empty_14, i32 0, i32 0, void @empty_14, void @empty_14, void @empty_14, i32 0, i32 0, i32 0, i32 0, void @empty_14, void @empty_14, i32 4294967295, i32 0"   --->   Operation 22 'specinterface' 'specinterface_ln0' <Predicate = true> <Delay = 0.00>
ST_2 : Operation 23 [1/1] (0.00ns)   --->   "%specinterface_ln0 = specinterface void @_ssdm_op_SpecInterface, i32 %macIpEncode_i, void @empty_4, i32 0, i32 0, void @empty_14, i32 0, i32 0, void @empty_14, void @empty_14, void @empty_14, i32 0, i32 0, i32 0, i32 0, void @empty_14, void @empty_14, i32 4294967295, i32 0"   --->   Operation 23 'specinterface' 'specinterface_ln0' <Predicate = true> <Delay = 0.00>
ST_2 : Operation 24 [1/1] (0.00ns)   --->   "%specinterface_ln0 = specinterface void @_ssdm_op_SpecInterface, i32 %macIpEncode_i, void @empty_4, i32 0, i32 0, void @empty_14, i32 0, i32 0, void @empty_14, void @empty_14, void @empty_14, i32 0, i32 0, i32 0, i32 0, void @empty_14, void @empty_14, i32 4294967295, i32 0"   --->   Operation 24 'specinterface' 'specinterface_ln0' <Predicate = true> <Delay = 0.00>
ST_2 : Operation 25 [1/1] (0.00ns)   --->   "%specinterface_ln0 = specinterface void @_ssdm_op_SpecInterface, i128 %macIpEncode_rsp_i, void @empty_4, i32 0, i32 0, void @empty_14, i32 0, i32 0, void @empty_14, void @empty_14, void @empty_14, i32 0, i32 0, i32 0, i32 0, void @empty_14, void @empty_14, i32 4294967295, i32 0"   --->   Operation 25 'specinterface' 'specinterface_ln0' <Predicate = true> <Delay = 0.00>
ST_2 : Operation 26 [1/1] (0.00ns)   --->   "%specinterface_ln0 = specinterface void @_ssdm_op_SpecInterface, i128 %macIpEncode_rsp_i, void @empty_4, i32 0, i32 0, void @empty_14, i32 0, i32 0, void @empty_14, void @empty_14, void @empty_14, i32 0, i32 0, i32 0, i32 0, void @empty_14, void @empty_14, i32 4294967295, i32 0"   --->   Operation 26 'specinterface' 'specinterface_ln0' <Predicate = true> <Delay = 0.00>
ST_2 : Operation 27 [1/1] (0.00ns)   --->   "%specinterface_ln0 = specinterface void @_ssdm_op_SpecInterface, i128 %macIpEncode_rsp_i, void @empty_4, i32 0, i32 0, void @empty_14, i32 0, i32 0, void @empty_14, void @empty_14, void @empty_14, i32 0, i32 0, i32 0, i32 0, void @empty_14, void @empty_14, i32 4294967295, i32 0"   --->   Operation 27 'specinterface' 'specinterface_ln0' <Predicate = true> <Delay = 0.00>
ST_2 : Operation 28 [1/1] (0.00ns)   --->   "%specmemcore_ln0 = specmemcore void @_ssdm_op_SpecMemCore, i1 %arpTable_valid, i64 666, i64 207, i64 1"   --->   Operation 28 'specmemcore' 'specmemcore_ln0' <Predicate = true> <Delay = 0.00>
ST_2 : Operation 29 [1/1] (0.00ns)   --->   "%specmemcore_ln0 = specmemcore void @_ssdm_op_SpecMemCore, i32 %arpTable_ipAddress, i64 666, i64 207, i64 1"   --->   Operation 29 'specmemcore' 'specmemcore_ln0' <Predicate = true> <Delay = 0.00>
ST_2 : Operation 30 [1/1] (0.00ns)   --->   "%specmemcore_ln0 = specmemcore void @_ssdm_op_SpecMemCore, i48 %arpTable_macAddress, i64 666, i64 207, i64 1"   --->   Operation 30 'specmemcore' 'specmemcore_ln0' <Predicate = true> <Delay = 0.00>
ST_2 : Operation 31 [1/1] (0.00ns)   --->   "%specinterface_ln0 = specinterface void @_ssdm_op_SpecInterface, i32 %arpRequestFifo, void @empty_4, i32 0, i32 0, void @empty_14, i32 0, i32 0, void @empty_14, void @empty_14, void @empty_14, i32 0, i32 0, i32 0, i32 0, void @empty_14, void @empty_14, i32 4294967295, i32 0"   --->   Operation 31 'specinterface' 'specinterface_ln0' <Predicate = true> <Delay = 0.00>
ST_2 : Operation 32 [1/1] (0.00ns)   --->   "%specinterface_ln0 = specinterface void @_ssdm_op_SpecInterface, i128 %arpTableInsertFifo, void @empty_4, i32 0, i32 0, void @empty_14, i32 0, i32 0, void @empty_14, void @empty_14, void @empty_14, i32 0, i32 0, i32 0, i32 0, void @empty_14, void @empty_14, i32 4294967295, i32 0"   --->   Operation 32 'specinterface' 'specinterface_ln0' <Predicate = true> <Delay = 0.00>
ST_2 : Operation 33 [1/1] (0.00ns)   --->   "%specinterface_ln0 = specinterface void @_ssdm_op_SpecInterface, i128 %macIpEncode_rsp_i, void @empty_4, i32 0, i32 0, void @empty_14, i32 0, i32 0, void @empty_14, void @empty_14, void @empty_14, i32 0, i32 0, i32 0, i32 0, void @empty_14, void @empty_14, i32 4294967295, i32 0"   --->   Operation 33 'specinterface' 'specinterface_ln0' <Predicate = true> <Delay = 0.00>
ST_2 : Operation 34 [1/1] (0.00ns)   --->   "%specinterface_ln0 = specinterface void @_ssdm_op_SpecInterface, i32 %macIpEncode_i, void @empty_4, i32 0, i32 0, void @empty_14, i32 0, i32 0, void @empty_14, void @empty_14, void @empty_14, i32 0, i32 0, i32 0, i32 0, void @empty_14, void @empty_14, i32 4294967295, i32 0"   --->   Operation 34 'specinterface' 'specinterface_ln0' <Predicate = true> <Delay = 0.00>
ST_2 : Operation 35 [1/1] (0.00ns)   --->   "%specinterface_ln0 = specinterface void @_ssdm_op_SpecInterface, i1 %arpTable_valid, void @empty_10, i32 0, i32 0, void @empty_14, i32 1, i32 0, void @empty_14, void @empty_14, void @empty_14, i32 0, i32 0, i32 0, i32 0, void @empty_14, void @empty_14, i32 4294967295, i32 0"   --->   Operation 35 'specinterface' 'specinterface_ln0' <Predicate = true> <Delay = 0.00>
ST_2 : Operation 36 [1/1] (0.00ns)   --->   "%specinterface_ln0 = specinterface void @_ssdm_op_SpecInterface, i32 %arpTable_ipAddress, void @empty_10, i32 0, i32 0, void @empty_14, i32 1, i32 0, void @empty_14, void @empty_14, void @empty_14, i32 0, i32 0, i32 0, i32 0, void @empty_14, void @empty_14, i32 4294967295, i32 0"   --->   Operation 36 'specinterface' 'specinterface_ln0' <Predicate = true> <Delay = 0.00>
ST_2 : Operation 37 [1/1] (0.00ns)   --->   "%specinterface_ln0 = specinterface void @_ssdm_op_SpecInterface, i48 %arpTable_macAddress, void @empty_10, i32 0, i32 0, void @empty_14, i32 1, i32 0, void @empty_14, void @empty_14, void @empty_14, i32 0, i32 0, i32 0, i32 0, void @empty_14, void @empty_14, i32 4294967295, i32 0"   --->   Operation 37 'specinterface' 'specinterface_ln0' <Predicate = true> <Delay = 0.00>
ST_2 : Operation 38 [1/1] (0.00ns)   --->   "%specpipeline_ln205 = specpipeline void @_ssdm_op_SpecPipeline, i32 1, i32 0, i32 0, i32 0, void @empty_14" [/home/ubuntu/xup_vitis_network_example/NetLayers/100G-fpga-network-stack-core/synthesis_results_HBM/..//hls/arp_server/arp_server.cpp:205]   --->   Operation 38 'specpipeline' 'specpipeline_ln205' <Predicate = true> <Delay = 0.00>
ST_2 : Operation 39 [1/1] (1.45ns)   --->   "%query_ip = read i32 @_ssdm_op_Read.ap_fifo.volatile.i32P0A, i32 %macIpEncode_i" [/home/ubuntu/xup_vitis_network_example/NetLayers/100G-fpga-network-stack-core/synthesis_results_HBM/..//hls/arp_server/arp_server.cpp:229]   --->   Operation 39 'read' 'query_ip' <Predicate = (!tmp_i & tmp_i_29)> <Delay = 1.45> <CoreInst = "FIFO_SRL">   --->   Core 81 'FIFO_SRL' <Latency = 0> <II = 1> <Delay = 1.46> <Storage> <Opcode : 'read' 'write' 'nbread' 'nbwrite'> <Ports = 0> <Width = 32> <Depth = 4> <FIFO>
ST_2 : Operation 40 [1/1] (0.00ns) (grouped into LUT with out node icmp_ln232)   --->   "%xor_ln232 = xor i32 %myIpAddress_read, i32 %query_ip" [/home/ubuntu/xup_vitis_network_example/NetLayers/100G-fpga-network-stack-core/synthesis_results_HBM/..//hls/arp_server/arp_server.cpp:232]   --->   Operation 40 'xor' 'xor_ln232' <Predicate = (!tmp_i & tmp_i_29)> <Delay = 0.00> <CoreInst = "LogicGate">   --->   Core 74 'LogicGate' <Latency = 0> <II = 1> <Delay = 0.21> <FuncUnit> <Opcode : 'and' 'or' 'xor'> <InPorts = 2> <OutPorts = 1>
ST_2 : Operation 41 [1/1] (0.00ns) (grouped into LUT with out node icmp_ln232)   --->   "%and_ln232 = and i32 %networkMask_read, i32 %xor_ln232" [/home/ubuntu/xup_vitis_network_example/NetLayers/100G-fpga-network-stack-core/synthesis_results_HBM/..//hls/arp_server/arp_server.cpp:232]   --->   Operation 41 'and' 'and_ln232' <Predicate = (!tmp_i & tmp_i_29)> <Delay = 0.00> <CoreInst = "LogicGate">   --->   Core 74 'LogicGate' <Latency = 0> <II = 1> <Delay = 0.21> <FuncUnit> <Opcode : 'and' 'or' 'xor'> <InPorts = 2> <OutPorts = 1>
ST_2 : Operation 42 [1/1] (0.88ns) (out node of the LUT)   --->   "%icmp_ln232 = icmp_eq  i32 %and_ln232, i32 0" [/home/ubuntu/xup_vitis_network_example/NetLayers/100G-fpga-network-stack-core/synthesis_results_HBM/..//hls/arp_server/arp_server.cpp:232]   --->   Operation 42 'icmp' 'icmp_ln232' <Predicate = (!tmp_i & tmp_i_29)> <Delay = 0.88> <CoreInst = "Cmp">   --->   Core 9 'Cmp' <Latency = 0> <II = 1> <Delay = 0.88> <FuncUnit> <Opcode : 'icmp'> <InPorts = 2> <OutPorts = 1>
ST_2 : Operation 43 [1/1] (0.00ns)   --->   "%tmp_7_i = partselect i8 @_ssdm_op_PartSelect.i8.i32.i32.i32, i32 %query_ip, i32 24, i32 31" [/home/ubuntu/xup_vitis_network_example/NetLayers/100G-fpga-network-stack-core/synthesis_results_HBM/..//hls/arp_server/arp_server.cpp:237]   --->   Operation 43 'partselect' 'tmp_7_i' <Predicate = (!tmp_i & tmp_i_29)> <Delay = 0.00>
ST_2 : Operation 44 [1/1] (0.00ns)   --->   "%tmp_8_i = partselect i8 @_ssdm_op_PartSelect.i8.i32.i32.i32, i32 %auxIP, i32 24, i32 31" [/home/ubuntu/xup_vitis_network_example/NetLayers/100G-fpga-network-stack-core/synthesis_results_HBM/..//hls/arp_server/arp_server.cpp:237]   --->   Operation 44 'partselect' 'tmp_8_i' <Predicate = (!tmp_i & tmp_i_29)> <Delay = 0.00>
ST_2 : Operation 45 [1/1] (0.30ns)   --->   "%select_ln232 = select i1 %icmp_ln232, i8 %tmp_7_i, i8 %tmp_8_i" [/home/ubuntu/xup_vitis_network_example/NetLayers/100G-fpga-network-stack-core/synthesis_results_HBM/..//hls/arp_server/arp_server.cpp:232]   --->   Operation 45 'select' 'select_ln232' <Predicate = (!tmp_i & tmp_i_29)> <Delay = 0.30> <CoreInst = "Sel">   --->   Core 73 'Sel' <Latency = 0> <II = 1> <Delay = 0.30> <FuncUnit> <Opcode : 'select'> <InPorts = 3> <OutPorts = 1>
ST_2 : Operation 46 [1/1] (1.41ns)   --->   "%arpTableInsertFifo_read = read i128 @_ssdm_op_Read.ap_fifo.volatile.i128P0A, i128 %arpTableInsertFifo" [/home/ubuntu/xup_vitis_network_example/NetLayers/100G-fpga-network-stack-core/synthesis_results_HBM/..//hls/arp_server/arp_server.cpp:225]   --->   Operation 46 'read' 'arpTableInsertFifo_read' <Predicate = (tmp_i)> <Delay = 1.41> <CoreInst = "FIFO_SRL">   --->   Core 81 'FIFO_SRL' <Latency = 0> <II = 1> <Delay = 1.41> <Storage> <Opcode : 'read' 'write' 'nbread' 'nbwrite'> <Ports = 0> <Width = 128> <Depth = 4> <FIFO>
ST_2 : Operation 47 [1/1] (0.00ns)   --->   "%currEntry_macAddress = trunc i128 %arpTableInsertFifo_read" [/home/ubuntu/xup_vitis_network_example/NetLayers/100G-fpga-network-stack-core/synthesis_results_HBM/..//hls/arp_server/arp_server.cpp:225]   --->   Operation 47 'trunc' 'currEntry_macAddress' <Predicate = (tmp_i)> <Delay = 0.00>
ST_2 : Operation 48 [1/1] (0.00ns)   --->   "%currEntry_ipAddress = partselect i32 @_ssdm_op_PartSelect.i32.i128.i32.i32, i128 %arpTableInsertFifo_read, i32 64, i32 95" [/home/ubuntu/xup_vitis_network_example/NetLayers/100G-fpga-network-stack-core/synthesis_results_HBM/..//hls/arp_server/arp_server.cpp:225]   --->   Operation 48 'partselect' 'currEntry_ipAddress' <Predicate = (tmp_i)> <Delay = 0.00>
ST_2 : Operation 49 [1/1] (0.00ns)   --->   "%currEntry_valid = bitselect i1 @_ssdm_op_BitSelect.i1.i128.i128, i128 %arpTableInsertFifo_read, i128 96" [/home/ubuntu/xup_vitis_network_example/NetLayers/100G-fpga-network-stack-core/synthesis_results_HBM/..//hls/arp_server/arp_server.cpp:225]   --->   Operation 49 'bitselect' 'currEntry_valid' <Predicate = (tmp_i)> <Delay = 0.00>
ST_2 : Operation 50 [1/1] (0.00ns)   --->   "%tmp_9_i = partselect i8 @_ssdm_op_PartSelect.i8.i128.i32.i32, i128 %arpTableInsertFifo_read, i32 88, i32 95" [/home/ubuntu/xup_vitis_network_example/NetLayers/100G-fpga-network-stack-core/synthesis_results_HBM/..//hls/arp_server/arp_server.hpp:73->/home/ubuntu/xup_vitis_network_example/NetLayers/100G-fpga-network-stack-core/synthesis_results_HBM/..//hls/arp_server/arp_server.cpp:226]   --->   Operation 50 'partselect' 'tmp_9_i' <Predicate = (tmp_i)> <Delay = 0.00>
ST_2 : Operation 51 [1/1] (0.00ns)   --->   "%zext_ln226 = zext i8 %tmp_9_i" [/home/ubuntu/xup_vitis_network_example/NetLayers/100G-fpga-network-stack-core/synthesis_results_HBM/..//hls/arp_server/arp_server.cpp:226]   --->   Operation 51 'zext' 'zext_ln226' <Predicate = (tmp_i)> <Delay = 0.00>
ST_2 : Operation 52 [1/1] (0.00ns)   --->   "%arpTable_macAddress_addr = getelementptr i48 %arpTable_macAddress, i64 0, i64 %zext_ln226" [/home/ubuntu/xup_vitis_network_example/NetLayers/100G-fpga-network-stack-core/synthesis_results_HBM/..//hls/arp_server/arp_server.cpp:226]   --->   Operation 52 'getelementptr' 'arpTable_macAddress_addr' <Predicate = (tmp_i)> <Delay = 0.00>
ST_2 : Operation 53 [1/1] (1.20ns)   --->   "%store_ln226 = store i48 %currEntry_macAddress, i8 %arpTable_macAddress_addr" [/home/ubuntu/xup_vitis_network_example/NetLayers/100G-fpga-network-stack-core/synthesis_results_HBM/..//hls/arp_server/arp_server.cpp:226]   --->   Operation 53 'store' 'store_ln226' <Predicate = (tmp_i)> <Delay = 1.20> <CoreInst = "RAM_1P">   --->   Core 88 'RAM_1P' <Latency = 1> <II = 1> <Delay = 1.20> <Storage> <Opcode : 'load' 'store'> <Ports = 1> <Width = 48> <Depth = 256> <RAM>
ST_2 : Operation 54 [1/1] (0.00ns)   --->   "%arpTable_ipAddress_addr = getelementptr i32 %arpTable_ipAddress, i64 0, i64 %zext_ln226" [/home/ubuntu/xup_vitis_network_example/NetLayers/100G-fpga-network-stack-core/synthesis_results_HBM/..//hls/arp_server/arp_server.cpp:226]   --->   Operation 54 'getelementptr' 'arpTable_ipAddress_addr' <Predicate = (tmp_i)> <Delay = 0.00>
ST_2 : Operation 55 [1/1] (1.19ns)   --->   "%store_ln226 = store i32 %currEntry_ipAddress, i8 %arpTable_ipAddress_addr" [/home/ubuntu/xup_vitis_network_example/NetLayers/100G-fpga-network-stack-core/synthesis_results_HBM/..//hls/arp_server/arp_server.cpp:226]   --->   Operation 55 'store' 'store_ln226' <Predicate = (tmp_i)> <Delay = 1.19> <CoreInst = "RAM_1P">   --->   Core 88 'RAM_1P' <Latency = 1> <II = 1> <Delay = 1.19> <Storage> <Opcode : 'load' 'store'> <Ports = 1> <Width = 32> <Depth = 256> <RAM>
ST_2 : Operation 56 [1/1] (0.00ns)   --->   "%arpTable_valid_addr = getelementptr i1 %arpTable_valid, i64 0, i64 %zext_ln226" [/home/ubuntu/xup_vitis_network_example/NetLayers/100G-fpga-network-stack-core/synthesis_results_HBM/..//hls/arp_server/arp_server.cpp:226]   --->   Operation 56 'getelementptr' 'arpTable_valid_addr' <Predicate = (tmp_i)> <Delay = 0.00>
ST_2 : Operation 57 [1/1] (0.59ns)   --->   "%store_ln226 = store i1 %currEntry_valid, i8 %arpTable_valid_addr" [/home/ubuntu/xup_vitis_network_example/NetLayers/100G-fpga-network-stack-core/synthesis_results_HBM/..//hls/arp_server/arp_server.cpp:226]   --->   Operation 57 'store' 'store_ln226' <Predicate = (tmp_i)> <Delay = 0.59> <CoreInst = "RAM_1P">   --->   Core 88 'RAM_1P' <Latency = 1> <II = 1> <Delay = 0.59> <Storage> <Opcode : 'load' 'store'> <Ports = 1> <Width = 1> <Depth = 256> <RAM>
ST_2 : Operation 58 [1/1] (0.00ns)   --->   "%br_ln227 = br void %arp_table.exit" [/home/ubuntu/xup_vitis_network_example/NetLayers/100G-fpga-network-stack-core/synthesis_results_HBM/..//hls/arp_server/arp_server.cpp:227]   --->   Operation 58 'br' 'br_ln227' <Predicate = (tmp_i)> <Delay = 0.00>

State 3 <SV = 2> <Delay = 1.20>
ST_3 : Operation 59 [1/1] (0.00ns)   --->   "%zext_ln237 = zext i8 %select_ln232" [/home/ubuntu/xup_vitis_network_example/NetLayers/100G-fpga-network-stack-core/synthesis_results_HBM/..//hls/arp_server/arp_server.cpp:237]   --->   Operation 59 'zext' 'zext_ln237' <Predicate = (!tmp_i & tmp_i_29)> <Delay = 0.00>
ST_3 : Operation 60 [1/1] (0.00ns)   --->   "%arpTable_macAddress_addr_1 = getelementptr i48 %arpTable_macAddress, i64 0, i64 %zext_ln237" [/home/ubuntu/xup_vitis_network_example/NetLayers/100G-fpga-network-stack-core/synthesis_results_HBM/..//hls/arp_server/arp_server.cpp:237]   --->   Operation 60 'getelementptr' 'arpTable_macAddress_addr_1' <Predicate = (!tmp_i & tmp_i_29)> <Delay = 0.00>
ST_3 : Operation 61 [2/2] (1.20ns)   --->   "%currEntry_macAddress_1 = load i8 %arpTable_macAddress_addr_1" [/home/ubuntu/xup_vitis_network_example/NetLayers/100G-fpga-network-stack-core/synthesis_results_HBM/..//hls/arp_server/arp_server.cpp:237]   --->   Operation 61 'load' 'currEntry_macAddress_1' <Predicate = (!tmp_i & tmp_i_29)> <Delay = 1.20> <CoreInst = "RAM_1P">   --->   Core 88 'RAM_1P' <Latency = 1> <II = 1> <Delay = 1.20> <Storage> <Opcode : 'load' 'store'> <Ports = 1> <Width = 48> <Depth = 256> <RAM>
ST_3 : Operation 62 [1/1] (0.00ns)   --->   "%arpTable_ipAddress_addr_1 = getelementptr i32 %arpTable_ipAddress, i64 0, i64 %zext_ln237" [/home/ubuntu/xup_vitis_network_example/NetLayers/100G-fpga-network-stack-core/synthesis_results_HBM/..//hls/arp_server/arp_server.cpp:237]   --->   Operation 62 'getelementptr' 'arpTable_ipAddress_addr_1' <Predicate = (!tmp_i & tmp_i_29)> <Delay = 0.00>
ST_3 : Operation 63 [2/2] (1.19ns)   --->   "%currEntry_ipAddress_1 = load i8 %arpTable_ipAddress_addr_1" [/home/ubuntu/xup_vitis_network_example/NetLayers/100G-fpga-network-stack-core/synthesis_results_HBM/..//hls/arp_server/arp_server.cpp:237]   --->   Operation 63 'load' 'currEntry_ipAddress_1' <Predicate = (!tmp_i & tmp_i_29)> <Delay = 1.19> <CoreInst = "RAM_1P">   --->   Core 88 'RAM_1P' <Latency = 1> <II = 1> <Delay = 1.19> <Storage> <Opcode : 'load' 'store'> <Ports = 1> <Width = 32> <Depth = 256> <RAM>
ST_3 : Operation 64 [1/1] (0.00ns)   --->   "%arpTable_valid_addr_1 = getelementptr i1 %arpTable_valid, i64 0, i64 %zext_ln237" [/home/ubuntu/xup_vitis_network_example/NetLayers/100G-fpga-network-stack-core/synthesis_results_HBM/..//hls/arp_server/arp_server.cpp:237]   --->   Operation 64 'getelementptr' 'arpTable_valid_addr_1' <Predicate = (!tmp_i & tmp_i_29)> <Delay = 0.00>
ST_3 : Operation 65 [2/2] (0.59ns)   --->   "%currEntry_valid_1 = load i8 %arpTable_valid_addr_1" [/home/ubuntu/xup_vitis_network_example/NetLayers/100G-fpga-network-stack-core/synthesis_results_HBM/..//hls/arp_server/arp_server.cpp:237]   --->   Operation 65 'load' 'currEntry_valid_1' <Predicate = (!tmp_i & tmp_i_29)> <Delay = 0.59> <CoreInst = "RAM_1P">   --->   Core 88 'RAM_1P' <Latency = 1> <II = 1> <Delay = 0.59> <Storage> <Opcode : 'load' 'store'> <Ports = 1> <Width = 1> <Depth = 256> <RAM>

State 4 <SV = 3> <Delay = 2.61>
ST_4 : Operation 66 [1/2] (1.20ns)   --->   "%currEntry_macAddress_1 = load i8 %arpTable_macAddress_addr_1" [/home/ubuntu/xup_vitis_network_example/NetLayers/100G-fpga-network-stack-core/synthesis_results_HBM/..//hls/arp_server/arp_server.cpp:237]   --->   Operation 66 'load' 'currEntry_macAddress_1' <Predicate = (!tmp_i & tmp_i_29)> <Delay = 1.20> <CoreInst = "RAM_1P">   --->   Core 88 'RAM_1P' <Latency = 1> <II = 1> <Delay = 1.20> <Storage> <Opcode : 'load' 'store'> <Ports = 1> <Width = 48> <Depth = 256> <RAM>
ST_4 : Operation 67 [1/2] (1.19ns)   --->   "%currEntry_ipAddress_1 = load i8 %arpTable_ipAddress_addr_1" [/home/ubuntu/xup_vitis_network_example/NetLayers/100G-fpga-network-stack-core/synthesis_results_HBM/..//hls/arp_server/arp_server.cpp:237]   --->   Operation 67 'load' 'currEntry_ipAddress_1' <Predicate = (!tmp_i & tmp_i_29)> <Delay = 1.19> <CoreInst = "RAM_1P">   --->   Core 88 'RAM_1P' <Latency = 1> <II = 1> <Delay = 1.19> <Storage> <Opcode : 'load' 'store'> <Ports = 1> <Width = 32> <Depth = 256> <RAM>
ST_4 : Operation 68 [1/2] (0.59ns)   --->   "%currEntry_valid_1 = load i8 %arpTable_valid_addr_1" [/home/ubuntu/xup_vitis_network_example/NetLayers/100G-fpga-network-stack-core/synthesis_results_HBM/..//hls/arp_server/arp_server.cpp:237]   --->   Operation 68 'load' 'currEntry_valid_1' <Predicate = (!tmp_i & tmp_i_29)> <Delay = 0.59> <CoreInst = "RAM_1P">   --->   Core 88 'RAM_1P' <Latency = 1> <II = 1> <Delay = 0.59> <Storage> <Opcode : 'load' 'store'> <Ports = 1> <Width = 1> <Depth = 256> <RAM>
ST_4 : Operation 69 [1/1] (0.00ns)   --->   "%br_ln239 = br i1 %currEntry_valid_1, void %if.then12.i, void %if.end13.i" [/home/ubuntu/xup_vitis_network_example/NetLayers/100G-fpga-network-stack-core/synthesis_results_HBM/..//hls/arp_server/arp_server.cpp:239]   --->   Operation 69 'br' 'br_ln239' <Predicate = (!tmp_i & tmp_i_29)> <Delay = 0.00>
ST_4 : Operation 70 [1/1] (0.00ns)   --->   "%tmp_10_i = bitconcatenate i97 @_ssdm_op_BitConcatenate.i97.i1.i32.i16.i48, i1 %currEntry_valid_1, i32 %currEntry_ipAddress_1, i16 0, i48 %currEntry_macAddress_1" [/home/ubuntu/xup_vitis_network_example/NetLayers/100G-fpga-network-stack-core/synthesis_results_HBM/..//hls/arp_server/arp_server.cpp:243]   --->   Operation 70 'bitconcatenate' 'tmp_10_i' <Predicate = (!tmp_i & tmp_i_29)> <Delay = 0.00>
ST_4 : Operation 71 [1/1] (0.00ns)   --->   "%zext_ln243 = zext i97 %tmp_10_i" [/home/ubuntu/xup_vitis_network_example/NetLayers/100G-fpga-network-stack-core/synthesis_results_HBM/..//hls/arp_server/arp_server.cpp:243]   --->   Operation 71 'zext' 'zext_ln243' <Predicate = (!tmp_i & tmp_i_29)> <Delay = 0.00>
ST_4 : Operation 72 [1/1] (1.41ns)   --->   "%write_ln243 = write void @_ssdm_op_Write.ap_fifo.volatile.i128P0A, i128 %macIpEncode_rsp_i, i128 %zext_ln243" [/home/ubuntu/xup_vitis_network_example/NetLayers/100G-fpga-network-stack-core/synthesis_results_HBM/..//hls/arp_server/arp_server.cpp:243]   --->   Operation 72 'write' 'write_ln243' <Predicate = (!tmp_i & tmp_i_29)> <Delay = 1.41> <CoreInst = "FIFO_SRL">   --->   Core 81 'FIFO_SRL' <Latency = 0> <II = 1> <Delay = 1.41> <Storage> <Opcode : 'read' 'write' 'nbread' 'nbwrite'> <Ports = 0> <Width = 128> <Depth = 4> <FIFO>
ST_4 : Operation 73 [1/1] (0.00ns)   --->   "%br_ln244 = br void %if.end14.i" [/home/ubuntu/xup_vitis_network_example/NetLayers/100G-fpga-network-stack-core/synthesis_results_HBM/..//hls/arp_server/arp_server.cpp:244]   --->   Operation 73 'br' 'br_ln244' <Predicate = (!tmp_i & tmp_i_29)> <Delay = 0.00>

State 5 <SV = 4> <Delay = 1.45>
ST_5 : Operation 74 [1/1] (1.45ns)   --->   "%write_ln240 = write void @_ssdm_op_Write.ap_fifo.volatile.i32P0A, i32 %arpRequestFifo, i32 %query_ip" [/home/ubuntu/xup_vitis_network_example/NetLayers/100G-fpga-network-stack-core/synthesis_results_HBM/..//hls/arp_server/arp_server.cpp:240]   --->   Operation 74 'write' 'write_ln240' <Predicate = (!tmp_i & tmp_i_29 & !currEntry_valid_1)> <Delay = 1.45> <CoreInst = "FIFO_SRL">   --->   Core 81 'FIFO_SRL' <Latency = 0> <II = 1> <Delay = 1.46> <Storage> <Opcode : 'read' 'write' 'nbread' 'nbwrite'> <Ports = 0> <Width = 32> <Depth = 4> <FIFO>
ST_5 : Operation 75 [1/1] (0.00ns)   --->   "%br_ln241 = br void %if.end13.i" [/home/ubuntu/xup_vitis_network_example/NetLayers/100G-fpga-network-stack-core/synthesis_results_HBM/..//hls/arp_server/arp_server.cpp:241]   --->   Operation 75 'br' 'br_ln241' <Predicate = (!tmp_i & tmp_i_29 & !currEntry_valid_1)> <Delay = 0.00>
ST_5 : Operation 76 [1/1] (0.00ns)   --->   "%br_ln0 = br void %arp_table.exit"   --->   Operation 76 'br' 'br_ln0' <Predicate = (!tmp_i)> <Delay = 0.00>
ST_5 : Operation 77 [1/1] (0.00ns)   --->   "%ret_ln0 = ret"   --->   Operation 77 'ret' 'ret_ln0' <Predicate = true> <Delay = 0.00>


============================================================
+ Verbose Summary: Timing violations
============================================================
Target clock period: 3.100ns, clock uncertainty: 0.200ns.

 <State 1>: 0.000ns
The critical path consists of the following:

 <State 2>: 2.633ns
The critical path consists of the following:
	fifo read operation ('networkMask_read') on port 'networkMask' [12]  (1.450 ns)
	'and' operation ('and_ln232', /home/ubuntu/xup_vitis_network_example/NetLayers/100G-fpga-network-stack-core/synthesis_results_HBM/..//hls/arp_server/arp_server.cpp:232) [48]  (0.000 ns)
	'icmp' operation ('icmp_ln232', /home/ubuntu/xup_vitis_network_example/NetLayers/100G-fpga-network-stack-core/synthesis_results_HBM/..//hls/arp_server/arp_server.cpp:232) [49]  (0.880 ns)
	'select' operation ('select_ln232', /home/ubuntu/xup_vitis_network_example/NetLayers/100G-fpga-network-stack-core/synthesis_results_HBM/..//hls/arp_server/arp_server.cpp:232) [52]  (0.303 ns)

 <State 3>: 1.200ns
The critical path consists of the following:
	'getelementptr' operation ('arpTable_macAddress_addr_1', /home/ubuntu/xup_vitis_network_example/NetLayers/100G-fpga-network-stack-core/synthesis_results_HBM/..//hls/arp_server/arp_server.cpp:237) [54]  (0.000 ns)
	'load' operation ('currEntry.macAddress', /home/ubuntu/xup_vitis_network_example/NetLayers/100G-fpga-network-stack-core/synthesis_results_HBM/..//hls/arp_server/arp_server.cpp:237) on array 'arpTable_macAddress' [55]  (1.200 ns)

 <State 4>: 2.612ns
The critical path consists of the following:
	'load' operation ('currEntry.macAddress', /home/ubuntu/xup_vitis_network_example/NetLayers/100G-fpga-network-stack-core/synthesis_results_HBM/..//hls/arp_server/arp_server.cpp:237) on array 'arpTable_macAddress' [55]  (1.200 ns)
	fifo write operation ('write_ln243', /home/ubuntu/xup_vitis_network_example/NetLayers/100G-fpga-network-stack-core/synthesis_results_HBM/..//hls/arp_server/arp_server.cpp:243) on port 'macIpEncode_rsp_i' (/home/ubuntu/xup_vitis_network_example/NetLayers/100G-fpga-network-stack-core/synthesis_results_HBM/..//hls/arp_server/arp_server.cpp:243) [67]  (1.412 ns)

 <State 5>: 1.450ns
The critical path consists of the following:
	fifo write operation ('write_ln240', /home/ubuntu/xup_vitis_network_example/NetLayers/100G-fpga-network-stack-core/synthesis_results_HBM/..//hls/arp_server/arp_server.cpp:240) on port 'arpRequestFifo' (/home/ubuntu/xup_vitis_network_example/NetLayers/100G-fpga-network-stack-core/synthesis_results_HBM/..//hls/arp_server/arp_server.cpp:240) [62]  (1.450 ns)


============================================================
+ Verbose Summary: Binding
============================================================
N/A
* FSMD analyzer results:
  - Output states:
 - Input state : 
  - Chain level:
	State 1
	State 2
	State 3
	State 4
	State 5


============================================================
+ Verbose Summary: Datapath Resource usage 
============================================================
N/A
