

================================================================
== Vitis HLS Report for 'arp_server'
================================================================
* Date:           Wed Mar  8 19:14:17 2023

* Version:        2021.2 (Build 3367213 on Tue Oct 19 02:47:39 MDT 2021)
* Project:        ARP_hls_prj
* Solution:       ultrascale_plus (Vivado IP Flow Target)
* Product family: virtexuplus
* Target device:  xcu280-fsvh2892-2L-e


================================================================
== Performance Estimates
================================================================
+ Timing: 
    * Summary: 
    +--------+---------+----------+------------+
    |  Clock |  Target | Estimated| Uncertainty|
    +--------+---------+----------+------------+
    |ap_clk  |  3.10 ns|  2.612 ns|     0.20 ns|
    +--------+---------+----------+------------+

+ Latency: 
    * Summary: 
    +---------+---------+-----------+-----------+-----+-----+----------+
    |  Latency (cycles) |   Latency (absolute)  |  Interval | Pipeline |
    |   min   |   max   |    min    |    max    | min | max |   Type   |
    +---------+---------+-----------+-----------+-----+-----+----------+
    |        6|        6|  18.600 ns|  18.600 ns|    2|    2|  dataflow|
    +---------+---------+-----------+-----------+-----+-----+----------+

    + Detail: 
        * Instance: 
        +-----------------------------+------------------+---------+---------+-----------+-----------+-----+-----+---------+
        |                             |                  |  Latency (cycles) |   Latency (absolute)  |  Interval | Pipeline|
        |           Instance          |      Module      |   min   |   max   |    min    |    max    | min | max |   Type  |
        +-----------------------------+------------------+---------+---------+-----------+-----------+-----+-----+---------+
        |grp_arp_pkg_receiver_fu_202  |arp_pkg_receiver  |        1|        1|   3.100 ns|   3.100 ns|    1|    1|      yes|
        |call_ln0_entry_proc_fu_224   |entry_proc        |        0|        0|       0 ns|       0 ns|    0|    0|       no|
        |grp_genARPDiscovery_fu_239   |genARPDiscovery   |        2|        2|   6.200 ns|   6.200 ns|    1|    1|      yes|
        |grp_arp_pkg_sender_fu_263    |arp_pkg_sender    |        2|        2|   6.200 ns|   6.200 ns|    1|    1|      yes|
        |grp_arp_table_fu_303         |arp_table         |        4|        4|  12.400 ns|  12.400 ns|    2|    2|      yes|
        +-----------------------------+------------------+---------+---------+-----------+-----------+-----+-----+---------+

        * Loop: 
        N/A

============================================================
+ Verbose Summary: Synthesis Manager
============================================================
InlineROM: 1
ExposeGlobal: 0
============================================================
+ Verbose Summary: CDFG Model
============================================================
IsTopModel: 1
ResetActiveHigh: 1
IsCombinational: 2
IsDatapathOnly: 0
HasWiredReturn: 1
HasMFsm: 0
HasVarLatency: 1
IsPipeline: 0
IsRtlPipelined: 0
IsInstanceOverlapped: 0
IsDontTouch: 0
HasImplIP: 0
IsGatedGlobalClock: 0


============================================================
+ Verbose Summary: Schedule
============================================================
* Number of FSM states : 11
* Pipeline : 0
* Dataflow Pipeline: 1
  DF-Pipeline-0: Size = 11, States = { 1 2 3 4 5 6 7 8 9 10 11 }

* FSM state transitions: 
1 --> 2 
2 --> 3 
3 --> 4 
4 --> 5 
5 --> 6 
6 --> 7 
7 --> 8 
8 --> 9 
9 --> 10 
10 --> 11 
11 --> 

* FSM state operations: 

State 1 <SV = 0> <Delay = 0.00>
ST_1 : Operation 12 [1/1] (0.00ns)   --->   "%networkMask_c13 = alloca i64 1"   --->   Operation 12 'alloca' 'networkMask_c13' <Predicate = true> <Delay = 0.00> <CoreInst = "FIFO_SRL">   --->   Core 81 'FIFO_SRL' <Latency = 0> <II = 1> <Delay = 1.46> <Storage> <Opcode : 'read' 'write' 'nbread' 'nbwrite'> <Ports = 0> <Width = 32> <Depth = 3> <FIFO>
ST_1 : Operation 13 [1/1] (0.00ns)   --->   "%networkMask_c = alloca i64 1"   --->   Operation 13 'alloca' 'networkMask_c' <Predicate = true> <Delay = 0.00> <CoreInst = "FIFO_SRL">   --->   Core 81 'FIFO_SRL' <Latency = 0> <II = 1> <Delay = 1.46> <Storage> <Opcode : 'read' 'write' 'nbread' 'nbwrite'> <Ports = 0> <Width = 32> <Depth = 3> <FIFO>
ST_1 : Operation 14 [1/1] (0.00ns)   --->   "%gatewayIP_c12 = alloca i64 1"   --->   Operation 14 'alloca' 'gatewayIP_c12' <Predicate = true> <Delay = 0.00> <CoreInst = "FIFO_SRL">   --->   Core 81 'FIFO_SRL' <Latency = 0> <II = 1> <Delay = 1.46> <Storage> <Opcode : 'read' 'write' 'nbread' 'nbwrite'> <Ports = 0> <Width = 32> <Depth = 3> <FIFO>
ST_1 : Operation 15 [1/1] (0.00ns)   --->   "%gatewayIP_c = alloca i64 1"   --->   Operation 15 'alloca' 'gatewayIP_c' <Predicate = true> <Delay = 0.00> <CoreInst = "FIFO_SRL">   --->   Core 81 'FIFO_SRL' <Latency = 0> <II = 1> <Delay = 1.46> <Storage> <Opcode : 'read' 'write' 'nbread' 'nbwrite'> <Ports = 0> <Width = 32> <Depth = 3> <FIFO>
ST_1 : Operation 16 [1/1] (0.00ns)   --->   "%myIpAddress_c11 = alloca i64 1"   --->   Operation 16 'alloca' 'myIpAddress_c11' <Predicate = true> <Delay = 0.00> <CoreInst = "FIFO_SRL">   --->   Core 81 'FIFO_SRL' <Latency = 0> <II = 1> <Delay = 1.39> <Storage> <Opcode : 'read' 'write' 'nbread' 'nbwrite'> <Ports = 0> <Width = 32> <Depth = 2> <FIFO>
ST_1 : Operation 17 [1/1] (0.00ns)   --->   "%myIpAddress_c = alloca i64 1"   --->   Operation 17 'alloca' 'myIpAddress_c' <Predicate = true> <Delay = 0.00> <CoreInst = "FIFO_SRL">   --->   Core 81 'FIFO_SRL' <Latency = 0> <II = 1> <Delay = 1.39> <Storage> <Opcode : 'read' 'write' 'nbread' 'nbwrite'> <Ports = 0> <Width = 32> <Depth = 2> <FIFO>
ST_1 : Operation 18 [1/1] (0.00ns)   --->   "%myMacAddress_c = alloca i64 1"   --->   Operation 18 'alloca' 'myMacAddress_c' <Predicate = true> <Delay = 0.00> <CoreInst = "FIFO_SRL">   --->   Core 81 'FIFO_SRL' <Latency = 0> <II = 1> <Delay = 1.41> <Storage> <Opcode : 'read' 'write' 'nbread' 'nbwrite'> <Ports = 0> <Width = 48> <Depth = 3> <FIFO>

State 2 <SV = 1> <Delay = 1.39>
ST_2 : Operation 19 [2/2] (1.39ns)   --->   "%call_ln409 = call void @arp_pkg_receiver, i512 %arpDataIn_V_data_V, i64 %arpDataIn_V_keep_V, i64 %arpDataIn_V_strb_V, i1 %arpDataIn_V_last_V, i32 %myIpAddress, i32 %myIpAddress_c, i32 %myIpAddress_c11, i4 %wordCount_V, i256 %arpReplyFifo, i128 %arpTableInsertFifo" [/home/ubuntu/xup_vitis_network_example/NetLayers/100G-fpga-network-stack-core/synthesis_results_HBM/..//hls/arp_server/arp_server.cpp:409]   --->   Operation 19 'call' 'call_ln409' <Predicate = true> <Delay = 1.39> <CoreType = "Generic">   --->   Core 0 '' <Latency = 0> <II = 1> <Delay = 1.00> <Generic> <Opcode : >

State 3 <SV = 2> <Delay = 1.45>
ST_3 : Operation 20 [1/1] (1.45ns)   --->   "%call_ln0 = call void @entry_proc, i48 %myMacAddress, i48 %myMacAddress_c, i32 %gatewayIP, i32 %gatewayIP_c, i32 %gatewayIP_c12, i32 %networkMask, i32 %networkMask_c, i32 %networkMask_c13"   --->   Operation 20 'call' 'call_ln0' <Predicate = true> <Delay = 1.45> <CoreType = "Generic">   --->   Core 0 '' <Latency = 0> <II = 1> <Delay = 1.00> <Generic> <Opcode : >
ST_3 : Operation 21 [1/2] (0.00ns)   --->   "%call_ln409 = call void @arp_pkg_receiver, i512 %arpDataIn_V_data_V, i64 %arpDataIn_V_keep_V, i64 %arpDataIn_V_strb_V, i1 %arpDataIn_V_last_V, i32 %myIpAddress, i32 %myIpAddress_c, i32 %myIpAddress_c11, i4 %wordCount_V, i256 %arpReplyFifo, i128 %arpTableInsertFifo" [/home/ubuntu/xup_vitis_network_example/NetLayers/100G-fpga-network-stack-core/synthesis_results_HBM/..//hls/arp_server/arp_server.cpp:409]   --->   Operation 21 'call' 'call_ln409' <Predicate = true> <Delay = 0.00> <CoreType = "Generic">   --->   Core 0 '' <Latency = 0> <II = 1> <Delay = 1.00> <Generic> <Opcode : >

State 4 <SV = 3> <Delay = 0.65>
ST_4 : Operation 22 [3/3] (0.65ns)   --->   "%call_ln401 = call void @genARPDiscovery, i32 %macIpEncode_req, i128 %macIpEncode_rsp, i1 %arp_scan, i32 %myIpAddress, i3 %gia_fsm_state, i8 %ip_lsb_V, i32 %time_counter, i32 %macIpEncode_i, i128 %macIpEncode_rsp_i, i1 %arp_scan_1d_V" [/home/ubuntu/xup_vitis_network_example/NetLayers/100G-fpga-network-stack-core/synthesis_results_HBM/..//hls/arp_server/arp_server.cpp:401]   --->   Operation 22 'call' 'call_ln401' <Predicate = true> <Delay = 0.65> <CoreType = "Generic">   --->   Core 0 '' <Latency = 0> <II = 1> <Delay = 1.00> <Generic> <Opcode : >
ST_4 : Operation 23 [3/3] (0.00ns)   --->   "%call_ln415 = call void @arp_pkg_sender, i512 %arpDataOut_V_data_V, i64 %arpDataOut_V_keep_V, i64 %arpDataOut_V_strb_V, i1 %arpDataOut_V_last_V, i48 %myMacAddress_c, i32 %myIpAddress_c11, i32 %gatewayIP_c12, i32 %networkMask_c13, i2 %aps_fsmState, i256 %arpReplyFifo, i48 %replyMeta_srcMac_V, i16 %replyMeta_ethType_V, i16 %replyMeta_hwType_V, i16 %replyMeta_protoType_V, i8 %replyMeta_hwLen_V, i8 %replyMeta_protoLen_V, i48 %replyMeta_hwAddrSrc_V, i32 %replyMeta_protoAddrSrc_V, i32 %arpRequestFifo, i32 %inputIP_V" [/home/ubuntu/xup_vitis_network_example/NetLayers/100G-fpga-network-stack-core/synthesis_results_HBM/..//hls/arp_server/arp_server.cpp:415]   --->   Operation 23 'call' 'call_ln415' <Predicate = true> <Delay = 0.00> <CoreType = "Generic">   --->   Core 0 '' <Latency = 0> <II = 1> <Delay = 1.00> <Generic> <Opcode : >

State 5 <SV = 4> <Delay = 2.53>
ST_5 : Operation 24 [2/3] (0.00ns)   --->   "%call_ln401 = call void @genARPDiscovery, i32 %macIpEncode_req, i128 %macIpEncode_rsp, i1 %arp_scan, i32 %myIpAddress, i3 %gia_fsm_state, i8 %ip_lsb_V, i32 %time_counter, i32 %macIpEncode_i, i128 %macIpEncode_rsp_i, i1 %arp_scan_1d_V" [/home/ubuntu/xup_vitis_network_example/NetLayers/100G-fpga-network-stack-core/synthesis_results_HBM/..//hls/arp_server/arp_server.cpp:401]   --->   Operation 24 'call' 'call_ln401' <Predicate = true> <Delay = 0.00> <CoreType = "Generic">   --->   Core 0 '' <Latency = 0> <II = 1> <Delay = 1.00> <Generic> <Opcode : >
ST_5 : Operation 25 [2/3] (2.53ns)   --->   "%call_ln415 = call void @arp_pkg_sender, i512 %arpDataOut_V_data_V, i64 %arpDataOut_V_keep_V, i64 %arpDataOut_V_strb_V, i1 %arpDataOut_V_last_V, i48 %myMacAddress_c, i32 %myIpAddress_c11, i32 %gatewayIP_c12, i32 %networkMask_c13, i2 %aps_fsmState, i256 %arpReplyFifo, i48 %replyMeta_srcMac_V, i16 %replyMeta_ethType_V, i16 %replyMeta_hwType_V, i16 %replyMeta_protoType_V, i8 %replyMeta_hwLen_V, i8 %replyMeta_protoLen_V, i48 %replyMeta_hwAddrSrc_V, i32 %replyMeta_protoAddrSrc_V, i32 %arpRequestFifo, i32 %inputIP_V" [/home/ubuntu/xup_vitis_network_example/NetLayers/100G-fpga-network-stack-core/synthesis_results_HBM/..//hls/arp_server/arp_server.cpp:415]   --->   Operation 25 'call' 'call_ln415' <Predicate = true> <Delay = 2.53> <CoreType = "Generic">   --->   Core 0 '' <Latency = 0> <II = 1> <Delay = 1.00> <Generic> <Opcode : >

State 6 <SV = 5> <Delay = 0.38>
ST_6 : Operation 26 [1/3] (0.38ns)   --->   "%call_ln401 = call void @genARPDiscovery, i32 %macIpEncode_req, i128 %macIpEncode_rsp, i1 %arp_scan, i32 %myIpAddress, i3 %gia_fsm_state, i8 %ip_lsb_V, i32 %time_counter, i32 %macIpEncode_i, i128 %macIpEncode_rsp_i, i1 %arp_scan_1d_V" [/home/ubuntu/xup_vitis_network_example/NetLayers/100G-fpga-network-stack-core/synthesis_results_HBM/..//hls/arp_server/arp_server.cpp:401]   --->   Operation 26 'call' 'call_ln401' <Predicate = true> <Delay = 0.38> <CoreType = "Generic">   --->   Core 0 '' <Latency = 0> <II = 1> <Delay = 1.00> <Generic> <Opcode : >
ST_6 : Operation 27 [1/3] (0.00ns)   --->   "%call_ln415 = call void @arp_pkg_sender, i512 %arpDataOut_V_data_V, i64 %arpDataOut_V_keep_V, i64 %arpDataOut_V_strb_V, i1 %arpDataOut_V_last_V, i48 %myMacAddress_c, i32 %myIpAddress_c11, i32 %gatewayIP_c12, i32 %networkMask_c13, i2 %aps_fsmState, i256 %arpReplyFifo, i48 %replyMeta_srcMac_V, i16 %replyMeta_ethType_V, i16 %replyMeta_hwType_V, i16 %replyMeta_protoType_V, i8 %replyMeta_hwLen_V, i8 %replyMeta_protoLen_V, i48 %replyMeta_hwAddrSrc_V, i32 %replyMeta_protoAddrSrc_V, i32 %arpRequestFifo, i32 %inputIP_V" [/home/ubuntu/xup_vitis_network_example/NetLayers/100G-fpga-network-stack-core/synthesis_results_HBM/..//hls/arp_server/arp_server.cpp:415]   --->   Operation 27 'call' 'call_ln415' <Predicate = true> <Delay = 0.00> <CoreType = "Generic">   --->   Core 0 '' <Latency = 0> <II = 1> <Delay = 1.00> <Generic> <Opcode : >

State 7 <SV = 6> <Delay = 0.00>
ST_7 : Operation 28 [5/5] (0.00ns)   --->   "%call_ln424 = call void @arp_table, i48 %arpTable_macAddress, i32 %arpTable_ipAddress, i1 %arpTable_valid, i32 %myIpAddress_c, i32 %gatewayIP_c, i32 %networkMask_c, i128 %arpTableInsertFifo, i32 %macIpEncode_i, i32 %arpRequestFifo, i128 %macIpEncode_rsp_i" [/home/ubuntu/xup_vitis_network_example/NetLayers/100G-fpga-network-stack-core/synthesis_results_HBM/..//hls/arp_server/arp_server.cpp:424]   --->   Operation 28 'call' 'call_ln424' <Predicate = true> <Delay = 0.00> <CoreType = "Generic">   --->   Core 0 '' <Latency = 0> <II = 1> <Delay = 1.00> <Generic> <Opcode : >

State 8 <SV = 7> <Delay = 0.00>
ST_8 : Operation 29 [4/5] (0.00ns)   --->   "%call_ln424 = call void @arp_table, i48 %arpTable_macAddress, i32 %arpTable_ipAddress, i1 %arpTable_valid, i32 %myIpAddress_c, i32 %gatewayIP_c, i32 %networkMask_c, i128 %arpTableInsertFifo, i32 %macIpEncode_i, i32 %arpRequestFifo, i128 %macIpEncode_rsp_i" [/home/ubuntu/xup_vitis_network_example/NetLayers/100G-fpga-network-stack-core/synthesis_results_HBM/..//hls/arp_server/arp_server.cpp:424]   --->   Operation 29 'call' 'call_ln424' <Predicate = true> <Delay = 0.00> <CoreType = "Generic">   --->   Core 0 '' <Latency = 0> <II = 1> <Delay = 1.00> <Generic> <Opcode : >

State 9 <SV = 8> <Delay = 0.00>
ST_9 : Operation 30 [3/5] (0.00ns)   --->   "%call_ln424 = call void @arp_table, i48 %arpTable_macAddress, i32 %arpTable_ipAddress, i1 %arpTable_valid, i32 %myIpAddress_c, i32 %gatewayIP_c, i32 %networkMask_c, i128 %arpTableInsertFifo, i32 %macIpEncode_i, i32 %arpRequestFifo, i128 %macIpEncode_rsp_i" [/home/ubuntu/xup_vitis_network_example/NetLayers/100G-fpga-network-stack-core/synthesis_results_HBM/..//hls/arp_server/arp_server.cpp:424]   --->   Operation 30 'call' 'call_ln424' <Predicate = true> <Delay = 0.00> <CoreType = "Generic">   --->   Core 0 '' <Latency = 0> <II = 1> <Delay = 1.00> <Generic> <Opcode : >

State 10 <SV = 9> <Delay = 0.00>
ST_10 : Operation 31 [2/5] (0.00ns)   --->   "%call_ln424 = call void @arp_table, i48 %arpTable_macAddress, i32 %arpTable_ipAddress, i1 %arpTable_valid, i32 %myIpAddress_c, i32 %gatewayIP_c, i32 %networkMask_c, i128 %arpTableInsertFifo, i32 %macIpEncode_i, i32 %arpRequestFifo, i128 %macIpEncode_rsp_i" [/home/ubuntu/xup_vitis_network_example/NetLayers/100G-fpga-network-stack-core/synthesis_results_HBM/..//hls/arp_server/arp_server.cpp:424]   --->   Operation 31 'call' 'call_ln424' <Predicate = true> <Delay = 0.00> <CoreType = "Generic">   --->   Core 0 '' <Latency = 0> <II = 1> <Delay = 1.00> <Generic> <Opcode : >

State 11 <SV = 10> <Delay = 0.00>
ST_11 : Operation 32 [1/1] (0.00ns)   --->   "%empty = specchannel i32 @_ssdm_op_SpecChannel, void @networkMask_c13_str, i32 1, void @p_str, void @p_str, i32 3, i32 0, i32 %networkMask_c13, i32 %networkMask_c13"   --->   Operation 32 'specchannel' 'empty' <Predicate = true> <Delay = 0.00>
ST_11 : Operation 33 [1/1] (0.00ns)   --->   "%specinterface_ln0 = specinterface void @_ssdm_op_SpecInterface, i32 %networkMask_c13, void @ap_fifo_str, i32 0, i32 0, void @p_str, i32 0, i32 0, void @p_str, void @p_str, void @p_str, i32 2, i32 2, i32 16, i32 16, void @p_str, void @p_str"   --->   Operation 33 'specinterface' 'specinterface_ln0' <Predicate = true> <Delay = 0.00>
ST_11 : Operation 34 [1/1] (0.00ns)   --->   "%empty_27 = specchannel i32 @_ssdm_op_SpecChannel, void @networkMask_c_str, i32 1, void @p_str, void @p_str, i32 3, i32 0, i32 %networkMask_c, i32 %networkMask_c"   --->   Operation 34 'specchannel' 'empty_27' <Predicate = true> <Delay = 0.00>
ST_11 : Operation 35 [1/1] (0.00ns)   --->   "%specinterface_ln0 = specinterface void @_ssdm_op_SpecInterface, i32 %networkMask_c, void @ap_fifo_str, i32 0, i32 0, void @p_str, i32 0, i32 0, void @p_str, void @p_str, void @p_str, i32 2, i32 2, i32 16, i32 16, void @p_str, void @p_str"   --->   Operation 35 'specinterface' 'specinterface_ln0' <Predicate = true> <Delay = 0.00>
ST_11 : Operation 36 [1/1] (0.00ns)   --->   "%empty_28 = specchannel i32 @_ssdm_op_SpecChannel, void @gatewayIP_c12_str, i32 1, void @p_str, void @p_str, i32 3, i32 0, i32 %gatewayIP_c12, i32 %gatewayIP_c12"   --->   Operation 36 'specchannel' 'empty_28' <Predicate = true> <Delay = 0.00>
ST_11 : Operation 37 [1/1] (0.00ns)   --->   "%specinterface_ln0 = specinterface void @_ssdm_op_SpecInterface, i32 %gatewayIP_c12, void @ap_fifo_str, i32 0, i32 0, void @p_str, i32 0, i32 0, void @p_str, void @p_str, void @p_str, i32 2, i32 2, i32 16, i32 16, void @p_str, void @p_str"   --->   Operation 37 'specinterface' 'specinterface_ln0' <Predicate = true> <Delay = 0.00>
ST_11 : Operation 38 [1/1] (0.00ns)   --->   "%empty_29 = specchannel i32 @_ssdm_op_SpecChannel, void @gatewayIP_c_str, i32 1, void @p_str, void @p_str, i32 3, i32 0, i32 %gatewayIP_c, i32 %gatewayIP_c"   --->   Operation 38 'specchannel' 'empty_29' <Predicate = true> <Delay = 0.00>
ST_11 : Operation 39 [1/1] (0.00ns)   --->   "%specinterface_ln0 = specinterface void @_ssdm_op_SpecInterface, i32 %gatewayIP_c, void @ap_fifo_str, i32 0, i32 0, void @p_str, i32 0, i32 0, void @p_str, void @p_str, void @p_str, i32 2, i32 2, i32 16, i32 16, void @p_str, void @p_str"   --->   Operation 39 'specinterface' 'specinterface_ln0' <Predicate = true> <Delay = 0.00>
ST_11 : Operation 40 [1/1] (0.00ns)   --->   "%empty_30 = specchannel i32 @_ssdm_op_SpecChannel, void @myIpAddress_c11_str, i32 1, void @p_str, void @p_str, i32 2, i32 0, i32 %myIpAddress_c11, i32 %myIpAddress_c11"   --->   Operation 40 'specchannel' 'empty_30' <Predicate = true> <Delay = 0.00>
ST_11 : Operation 41 [1/1] (0.00ns)   --->   "%specinterface_ln0 = specinterface void @_ssdm_op_SpecInterface, i32 %myIpAddress_c11, void @ap_fifo_str, i32 0, i32 0, void @p_str, i32 0, i32 0, void @p_str, void @p_str, void @p_str, i32 2, i32 2, i32 16, i32 16, void @p_str, void @p_str"   --->   Operation 41 'specinterface' 'specinterface_ln0' <Predicate = true> <Delay = 0.00>
ST_11 : Operation 42 [1/1] (0.00ns)   --->   "%empty_31 = specchannel i32 @_ssdm_op_SpecChannel, void @myIpAddress_c_str, i32 1, void @p_str, void @p_str, i32 2, i32 0, i32 %myIpAddress_c, i32 %myIpAddress_c"   --->   Operation 42 'specchannel' 'empty_31' <Predicate = true> <Delay = 0.00>
ST_11 : Operation 43 [1/1] (0.00ns)   --->   "%specinterface_ln0 = specinterface void @_ssdm_op_SpecInterface, i32 %myIpAddress_c, void @ap_fifo_str, i32 0, i32 0, void @p_str, i32 0, i32 0, void @p_str, void @p_str, void @p_str, i32 2, i32 2, i32 16, i32 16, void @p_str, void @p_str"   --->   Operation 43 'specinterface' 'specinterface_ln0' <Predicate = true> <Delay = 0.00>
ST_11 : Operation 44 [1/1] (0.00ns)   --->   "%empty_32 = specchannel i32 @_ssdm_op_SpecChannel, void @myMacAddress_c_str, i32 1, void @p_str, void @p_str, i32 3, i32 0, i48 %myMacAddress_c, i48 %myMacAddress_c"   --->   Operation 44 'specchannel' 'empty_32' <Predicate = true> <Delay = 0.00>
ST_11 : Operation 45 [1/1] (0.00ns)   --->   "%specinterface_ln0 = specinterface void @_ssdm_op_SpecInterface, i48 %myMacAddress_c, void @ap_fifo_str, i32 0, i32 0, void @p_str, i32 0, i32 0, void @p_str, void @p_str, void @p_str, i32 2, i32 2, i32 16, i32 16, void @p_str, void @p_str"   --->   Operation 45 'specinterface' 'specinterface_ln0' <Predicate = true> <Delay = 0.00>
ST_11 : Operation 46 [1/1] (0.00ns)   --->   "%specdataflowpipeline_ln0 = specdataflowpipeline void @_ssdm_op_SpecDataflowPipeline, i32 4294967295, i32 0, void @empty_5"   --->   Operation 46 'specdataflowpipeline' 'specdataflowpipeline_ln0' <Predicate = true> <Delay = 0.00>
ST_11 : Operation 47 [1/1] (0.00ns)   --->   "%empty_33 = specchannel i32 @_ssdm_op_SpecChannel, void @arpReplyFifo_str, i32 1, void @p_str, void @p_str, i32 4, i32 4, i256 %arpReplyFifo, i256 %arpReplyFifo"   --->   Operation 47 'specchannel' 'empty_33' <Predicate = true> <Delay = 0.00>
ST_11 : Operation 48 [1/1] (0.00ns)   --->   "%empty_34 = specchannel i32 @_ssdm_op_SpecChannel, void @arpRequestFifo_str, i32 1, void @p_str, void @p_str, i32 4, i32 4, i32 %arpRequestFifo, i32 %arpRequestFifo"   --->   Operation 48 'specchannel' 'empty_34' <Predicate = true> <Delay = 0.00>
ST_11 : Operation 49 [1/1] (0.00ns)   --->   "%empty_35 = specchannel i32 @_ssdm_op_SpecChannel, void @arpTableInsertFifo_str, i32 1, void @p_str, void @p_str, i32 4, i32 4, i128 %arpTableInsertFifo, i128 %arpTableInsertFifo"   --->   Operation 49 'specchannel' 'empty_35' <Predicate = true> <Delay = 0.00>
ST_11 : Operation 50 [1/1] (0.00ns)   --->   "%empty_36 = specchannel i32 @_ssdm_op_SpecChannel, void @macIpEncode_i_str, i32 1, void @p_str, void @p_str, i32 4, i32 4, i32 %macIpEncode_i, i32 %macIpEncode_i"   --->   Operation 50 'specchannel' 'empty_36' <Predicate = true> <Delay = 0.00>
ST_11 : Operation 51 [1/1] (0.00ns)   --->   "%empty_37 = specchannel i32 @_ssdm_op_SpecChannel, void @macIpEncode_rsp_i_str, i32 1, void @p_str, void @p_str, i32 4, i32 4, i128 %macIpEncode_rsp_i, i128 %macIpEncode_rsp_i"   --->   Operation 51 'specchannel' 'empty_37' <Predicate = true> <Delay = 0.00>
ST_11 : Operation 52 [1/1] (0.00ns)   --->   "%spectopmodule_ln0 = spectopmodule void @_ssdm_op_SpecTopModule, void @empty_6"   --->   Operation 52 'spectopmodule' 'spectopmodule_ln0' <Predicate = true> <Delay = 0.00>
ST_11 : Operation 53 [1/1] (0.00ns)   --->   "%specinterface_ln0 = specinterface void @_ssdm_op_SpecInterface, i32 0, void @empty_7, i32 0, i32 0, void @empty_5, i32 0, i32 0, void @empty_5, void @empty_5, void @empty_5, i32 0, i32 0, i32 0, i32 0, void @empty_5, void @empty_5"   --->   Operation 53 'specinterface' 'specinterface_ln0' <Predicate = true> <Delay = 0.00>
ST_11 : Operation 54 [1/1] (0.00ns)   --->   "%specinterface_ln0 = specinterface void @_ssdm_op_SpecInterface, i512 %arpDataIn_V_data_V, i64 %arpDataIn_V_keep_V, i64 %arpDataIn_V_strb_V, i1 %arpDataIn_V_last_V, void @empty_12, i32 1, i32 1, void @empty_9, i32 0, i32 0, void @empty_5, void @empty_5, void @empty_5, i32 0, i32 0, i32 0, i32 0, void @empty_5, void @empty_5"   --->   Operation 54 'specinterface' 'specinterface_ln0' <Predicate = true> <Delay = 0.00>
ST_11 : Operation 55 [1/1] (0.00ns)   --->   "%specbitsmap_ln0 = specbitsmap void @_ssdm_op_SpecBitsMap, i512 %arpDataIn_V_data_V"   --->   Operation 55 'specbitsmap' 'specbitsmap_ln0' <Predicate = true> <Delay = 0.00>
ST_11 : Operation 56 [1/1] (0.00ns)   --->   "%specbitsmap_ln0 = specbitsmap void @_ssdm_op_SpecBitsMap, i64 %arpDataIn_V_keep_V"   --->   Operation 56 'specbitsmap' 'specbitsmap_ln0' <Predicate = true> <Delay = 0.00>
ST_11 : Operation 57 [1/1] (0.00ns)   --->   "%specbitsmap_ln0 = specbitsmap void @_ssdm_op_SpecBitsMap, i64 %arpDataIn_V_strb_V"   --->   Operation 57 'specbitsmap' 'specbitsmap_ln0' <Predicate = true> <Delay = 0.00>
ST_11 : Operation 58 [1/1] (0.00ns)   --->   "%specbitsmap_ln0 = specbitsmap void @_ssdm_op_SpecBitsMap, i1 %arpDataIn_V_last_V"   --->   Operation 58 'specbitsmap' 'specbitsmap_ln0' <Predicate = true> <Delay = 0.00>
ST_11 : Operation 59 [1/1] (0.00ns)   --->   "%specinterface_ln0 = specinterface void @_ssdm_op_SpecInterface, i32 %macIpEncode_req, void @empty_12, i32 1, i32 1, void @empty_9, i32 0, i32 0, void @empty_5, void @empty_5, void @empty_5, i32 0, i32 0, i32 0, i32 0, void @empty_5, void @empty_5"   --->   Operation 59 'specinterface' 'specinterface_ln0' <Predicate = true> <Delay = 0.00>
ST_11 : Operation 60 [1/1] (0.00ns)   --->   "%specbitsmap_ln0 = specbitsmap void @_ssdm_op_SpecBitsMap, i32 %macIpEncode_req"   --->   Operation 60 'specbitsmap' 'specbitsmap_ln0' <Predicate = true> <Delay = 0.00>
ST_11 : Operation 61 [1/1] (0.00ns)   --->   "%specinterface_ln0 = specinterface void @_ssdm_op_SpecInterface, i512 %arpDataOut_V_data_V, i64 %arpDataOut_V_keep_V, i64 %arpDataOut_V_strb_V, i1 %arpDataOut_V_last_V, void @empty_12, i32 1, i32 1, void @empty_9, i32 0, i32 0, void @empty_5, void @empty_5, void @empty_5, i32 0, i32 0, i32 0, i32 0, void @empty_5, void @empty_5"   --->   Operation 61 'specinterface' 'specinterface_ln0' <Predicate = true> <Delay = 0.00>
ST_11 : Operation 62 [1/1] (0.00ns)   --->   "%specbitsmap_ln0 = specbitsmap void @_ssdm_op_SpecBitsMap, i512 %arpDataOut_V_data_V"   --->   Operation 62 'specbitsmap' 'specbitsmap_ln0' <Predicate = true> <Delay = 0.00>
ST_11 : Operation 63 [1/1] (0.00ns)   --->   "%specbitsmap_ln0 = specbitsmap void @_ssdm_op_SpecBitsMap, i64 %arpDataOut_V_keep_V"   --->   Operation 63 'specbitsmap' 'specbitsmap_ln0' <Predicate = true> <Delay = 0.00>
ST_11 : Operation 64 [1/1] (0.00ns)   --->   "%specbitsmap_ln0 = specbitsmap void @_ssdm_op_SpecBitsMap, i64 %arpDataOut_V_strb_V"   --->   Operation 64 'specbitsmap' 'specbitsmap_ln0' <Predicate = true> <Delay = 0.00>
ST_11 : Operation 65 [1/1] (0.00ns)   --->   "%specbitsmap_ln0 = specbitsmap void @_ssdm_op_SpecBitsMap, i1 %arpDataOut_V_last_V"   --->   Operation 65 'specbitsmap' 'specbitsmap_ln0' <Predicate = true> <Delay = 0.00>
ST_11 : Operation 66 [1/1] (0.00ns)   --->   "%specinterface_ln0 = specinterface void @_ssdm_op_SpecInterface, i128 %macIpEncode_rsp, void @empty_12, i32 1, i32 1, void @empty_9, i32 0, i32 0, void @empty_5, void @empty_5, void @empty_5, i32 0, i32 0, i32 0, i32 0, void @empty_5, void @empty_5"   --->   Operation 66 'specinterface' 'specinterface_ln0' <Predicate = true> <Delay = 0.00>
ST_11 : Operation 67 [1/1] (0.00ns)   --->   "%specbitsmap_ln0 = specbitsmap void @_ssdm_op_SpecBitsMap, i128 %macIpEncode_rsp"   --->   Operation 67 'specbitsmap' 'specbitsmap_ln0' <Predicate = true> <Delay = 0.00>
ST_11 : Operation 68 [1/1] (0.00ns)   --->   "%specinterface_ln0 = specinterface void @_ssdm_op_SpecInterface, i48 %arpTable_macAddress, void @empty_2, i32 0, i32 0, void @empty_5, i32 0, i32 0, void @empty_2, void @empty_1, void @empty_5, i32 0, i32 0, i32 0, i32 0, void @empty_5, void @empty_5"   --->   Operation 68 'specinterface' 'specinterface_ln0' <Predicate = true> <Delay = 0.00>
ST_11 : Operation 69 [1/1] (0.00ns)   --->   "%specinterface_ln0 = specinterface void @_ssdm_op_SpecInterface, i48 %arpTable_macAddress, void @empty_8, i32 0, i32 0, void @empty_5, i32 1, i32 0, void @empty_5, void @empty_5, void @empty_5, i32 0, i32 0, i32 0, i32 0, void @empty_5, void @empty_5"   --->   Operation 69 'specinterface' 'specinterface_ln0' <Predicate = true> <Delay = 0.00>
ST_11 : Operation 70 [1/1] (0.00ns)   --->   "%specmemcore_ln0 = specmemcore void @_ssdm_op_SpecMemCore, i48 %arpTable_macAddress, i64 666, i64 207, i64 1"   --->   Operation 70 'specmemcore' 'specmemcore_ln0' <Predicate = true> <Delay = 0.00>
ST_11 : Operation 71 [1/1] (0.00ns)   --->   "%specbitsmap_ln0 = specbitsmap void @_ssdm_op_SpecBitsMap, i48 %arpTable_macAddress"   --->   Operation 71 'specbitsmap' 'specbitsmap_ln0' <Predicate = true> <Delay = 0.00>
ST_11 : Operation 72 [1/1] (0.00ns)   --->   "%specinterface_ln0 = specinterface void @_ssdm_op_SpecInterface, i32 %arpTable_ipAddress, void @empty_2, i32 0, i32 0, void @empty_5, i32 0, i32 0, void @empty_2, void @empty_0, void @empty_5, i32 0, i32 0, i32 0, i32 0, void @empty_5, void @empty_5"   --->   Operation 72 'specinterface' 'specinterface_ln0' <Predicate = true> <Delay = 0.00>
ST_11 : Operation 73 [1/1] (0.00ns)   --->   "%specinterface_ln0 = specinterface void @_ssdm_op_SpecInterface, i32 %arpTable_ipAddress, void @empty_8, i32 0, i32 0, void @empty_5, i32 1, i32 0, void @empty_5, void @empty_5, void @empty_5, i32 0, i32 0, i32 0, i32 0, void @empty_5, void @empty_5"   --->   Operation 73 'specinterface' 'specinterface_ln0' <Predicate = true> <Delay = 0.00>
ST_11 : Operation 74 [1/1] (0.00ns)   --->   "%specmemcore_ln0 = specmemcore void @_ssdm_op_SpecMemCore, i32 %arpTable_ipAddress, i64 666, i64 207, i64 1"   --->   Operation 74 'specmemcore' 'specmemcore_ln0' <Predicate = true> <Delay = 0.00>
ST_11 : Operation 75 [1/1] (0.00ns)   --->   "%specbitsmap_ln0 = specbitsmap void @_ssdm_op_SpecBitsMap, i32 %arpTable_ipAddress"   --->   Operation 75 'specbitsmap' 'specbitsmap_ln0' <Predicate = true> <Delay = 0.00>
ST_11 : Operation 76 [1/1] (0.00ns)   --->   "%specinterface_ln0 = specinterface void @_ssdm_op_SpecInterface, i1 %arpTable_valid, void @empty_2, i32 0, i32 0, void @empty_5, i32 0, i32 0, void @empty_2, void @empty, void @empty_5, i32 0, i32 0, i32 0, i32 0, void @empty_5, void @empty_5"   --->   Operation 76 'specinterface' 'specinterface_ln0' <Predicate = true> <Delay = 0.00>
ST_11 : Operation 77 [1/1] (0.00ns)   --->   "%specinterface_ln0 = specinterface void @_ssdm_op_SpecInterface, i1 %arpTable_valid, void @empty_8, i32 0, i32 0, void @empty_5, i32 1, i32 0, void @empty_5, void @empty_5, void @empty_5, i32 0, i32 0, i32 0, i32 0, void @empty_5, void @empty_5"   --->   Operation 77 'specinterface' 'specinterface_ln0' <Predicate = true> <Delay = 0.00>
ST_11 : Operation 78 [1/1] (0.00ns)   --->   "%specmemcore_ln0 = specmemcore void @_ssdm_op_SpecMemCore, i1 %arpTable_valid, i64 666, i64 207, i64 1"   --->   Operation 78 'specmemcore' 'specmemcore_ln0' <Predicate = true> <Delay = 0.00>
ST_11 : Operation 79 [1/1] (0.00ns)   --->   "%specbitsmap_ln0 = specbitsmap void @_ssdm_op_SpecBitsMap, i1 %arpTable_valid"   --->   Operation 79 'specbitsmap' 'specbitsmap_ln0' <Predicate = true> <Delay = 0.00>
ST_11 : Operation 80 [1/1] (0.00ns)   --->   "%specbitsmap_ln0 = specbitsmap void @_ssdm_op_SpecBitsMap, i1 %arp_scan"   --->   Operation 80 'specbitsmap' 'specbitsmap_ln0' <Predicate = true> <Delay = 0.00>
ST_11 : Operation 81 [1/1] (0.00ns)   --->   "%specinterface_ln0 = specinterface void @_ssdm_op_SpecInterface, i1 %arp_scan, void @empty_2, i32 0, i32 0, void @empty_5, i32 0, i32 0, void @empty_2, void @empty_4, void @empty_5, i32 0, i32 0, i32 0, i32 0, void @empty_5, void @empty_5"   --->   Operation 81 'specinterface' 'specinterface_ln0' <Predicate = true> <Delay = 0.00>
ST_11 : Operation 82 [1/1] (0.00ns)   --->   "%specinterface_ln0 = specinterface void @_ssdm_op_SpecInterface, i1 %arp_scan, void @empty_3, i32 0, i32 0, void @empty_5, i32 0, i32 0, void @empty_5, void @empty_5, void @empty_5, i32 0, i32 0, i32 0, i32 0, void @empty_5, void @empty_5"   --->   Operation 82 'specinterface' 'specinterface_ln0' <Predicate = true> <Delay = 0.00>
ST_11 : Operation 83 [1/1] (0.00ns)   --->   "%specbitsmap_ln0 = specbitsmap void @_ssdm_op_SpecBitsMap, i48 %myMacAddress"   --->   Operation 83 'specbitsmap' 'specbitsmap_ln0' <Predicate = true> <Delay = 0.00>
ST_11 : Operation 84 [1/1] (0.00ns)   --->   "%specinterface_ln0 = specinterface void @_ssdm_op_SpecInterface, i48 %myMacAddress, void @empty_10, i32 1, i32 1, void @empty_9, i32 0, i32 0, void @empty_5, void @empty_5, void @empty_5, i32 0, i32 0, i32 0, i32 0, void @empty_5, void @empty_5"   --->   Operation 84 'specinterface' 'specinterface_ln0' <Predicate = true> <Delay = 0.00>
ST_11 : Operation 85 [1/1] (0.00ns)   --->   "%specbitsmap_ln0 = specbitsmap void @_ssdm_op_SpecBitsMap, i32 %myIpAddress"   --->   Operation 85 'specbitsmap' 'specbitsmap_ln0' <Predicate = true> <Delay = 0.00>
ST_11 : Operation 86 [1/1] (0.00ns)   --->   "%specinterface_ln0 = specinterface void @_ssdm_op_SpecInterface, i32 %myIpAddress, void @empty_10, i32 1, i32 1, void @empty_9, i32 0, i32 0, void @empty_5, void @empty_5, void @empty_5, i32 0, i32 0, i32 0, i32 0, void @empty_5, void @empty_5"   --->   Operation 86 'specinterface' 'specinterface_ln0' <Predicate = true> <Delay = 0.00>
ST_11 : Operation 87 [1/1] (0.00ns)   --->   "%specbitsmap_ln0 = specbitsmap void @_ssdm_op_SpecBitsMap, i32 %gatewayIP"   --->   Operation 87 'specbitsmap' 'specbitsmap_ln0' <Predicate = true> <Delay = 0.00>
ST_11 : Operation 88 [1/1] (0.00ns)   --->   "%specinterface_ln0 = specinterface void @_ssdm_op_SpecInterface, i32 %gatewayIP, void @empty_10, i32 1, i32 1, void @empty_9, i32 0, i32 0, void @empty_5, void @empty_5, void @empty_5, i32 0, i32 0, i32 0, i32 0, void @empty_5, void @empty_5"   --->   Operation 88 'specinterface' 'specinterface_ln0' <Predicate = true> <Delay = 0.00>
ST_11 : Operation 89 [1/1] (0.00ns)   --->   "%specbitsmap_ln0 = specbitsmap void @_ssdm_op_SpecBitsMap, i32 %networkMask"   --->   Operation 89 'specbitsmap' 'specbitsmap_ln0' <Predicate = true> <Delay = 0.00>
ST_11 : Operation 90 [1/1] (0.00ns)   --->   "%specinterface_ln0 = specinterface void @_ssdm_op_SpecInterface, i32 %networkMask, void @empty_10, i32 1, i32 1, void @empty_9, i32 0, i32 0, void @empty_5, void @empty_5, void @empty_5, i32 0, i32 0, i32 0, i32 0, void @empty_5, void @empty_5"   --->   Operation 90 'specinterface' 'specinterface_ln0' <Predicate = true> <Delay = 0.00>
ST_11 : Operation 91 [1/1] (0.00ns)   --->   "%specinterface_ln0 = specinterface void @_ssdm_op_SpecInterface, i32 %macIpEncode_i, void @empty_11, i32 0, i32 0, void @empty_5, i32 0, i32 0, void @empty_5, void @empty_5, void @empty_5, i32 0, i32 0, i32 0, i32 0, void @empty_5, void @empty_5"   --->   Operation 91 'specinterface' 'specinterface_ln0' <Predicate = true> <Delay = 0.00>
ST_11 : Operation 92 [1/1] (0.00ns)   --->   "%specinterface_ln0 = specinterface void @_ssdm_op_SpecInterface, i128 %macIpEncode_rsp_i, void @empty_11, i32 0, i32 0, void @empty_5, i32 0, i32 0, void @empty_5, void @empty_5, void @empty_5, i32 0, i32 0, i32 0, i32 0, void @empty_5, void @empty_5"   --->   Operation 92 'specinterface' 'specinterface_ln0' <Predicate = true> <Delay = 0.00>
ST_11 : Operation 93 [1/1] (0.00ns)   --->   "%specinterface_ln0 = specinterface void @_ssdm_op_SpecInterface, i256 %arpReplyFifo, void @empty_11, i32 0, i32 0, void @empty_5, i32 0, i32 0, void @empty_5, void @empty_5, void @empty_5, i32 0, i32 0, i32 0, i32 0, void @empty_5, void @empty_5"   --->   Operation 93 'specinterface' 'specinterface_ln0' <Predicate = true> <Delay = 0.00>
ST_11 : Operation 94 [1/1] (0.00ns)   --->   "%specinterface_ln0 = specinterface void @_ssdm_op_SpecInterface, i128 %arpTableInsertFifo, void @empty_11, i32 0, i32 0, void @empty_5, i32 0, i32 0, void @empty_5, void @empty_5, void @empty_5, i32 0, i32 0, i32 0, i32 0, void @empty_5, void @empty_5"   --->   Operation 94 'specinterface' 'specinterface_ln0' <Predicate = true> <Delay = 0.00>
ST_11 : Operation 95 [1/1] (0.00ns)   --->   "%specinterface_ln0 = specinterface void @_ssdm_op_SpecInterface, i32 %arpRequestFifo, void @empty_11, i32 0, i32 0, void @empty_5, i32 0, i32 0, void @empty_5, void @empty_5, void @empty_5, i32 0, i32 0, i32 0, i32 0, void @empty_5, void @empty_5"   --->   Operation 95 'specinterface' 'specinterface_ln0' <Predicate = true> <Delay = 0.00>
ST_11 : Operation 96 [1/5] (0.00ns)   --->   "%call_ln424 = call void @arp_table, i48 %arpTable_macAddress, i32 %arpTable_ipAddress, i1 %arpTable_valid, i32 %myIpAddress_c, i32 %gatewayIP_c, i32 %networkMask_c, i128 %arpTableInsertFifo, i32 %macIpEncode_i, i32 %arpRequestFifo, i128 %macIpEncode_rsp_i" [/home/ubuntu/xup_vitis_network_example/NetLayers/100G-fpga-network-stack-core/synthesis_results_HBM/..//hls/arp_server/arp_server.cpp:424]   --->   Operation 96 'call' 'call_ln424' <Predicate = true> <Delay = 0.00> <CoreType = "Generic">   --->   Core 0 '' <Latency = 0> <II = 1> <Delay = 1.00> <Generic> <Opcode : >
ST_11 : Operation 97 [1/1] (0.00ns)   --->   "%ret_ln433 = ret" [/home/ubuntu/xup_vitis_network_example/NetLayers/100G-fpga-network-stack-core/synthesis_results_HBM/..//hls/arp_server/arp_server.cpp:433]   --->   Operation 97 'ret' 'ret_ln433' <Predicate = true> <Delay = 0.00>


============================================================
+ Verbose Summary: Binding
============================================================
STG Binding: 
---------------- STG Properties BEGIN ----------------
- Is combinational: 0
- Is one-state seq: 0
- Is datapath-only: 0
- Is pipelined: 0
- Is top level: 1
Port [ Return ] is wired: 1; IO mode=ap_ctrl_none:ce=0
Port [ arpDataIn_V_data_V]:  wired=1; compound=1; hidden=0; nouse=0; global=0; static=0; extern=0; dir=0; type=0; pingpong=0; private_global=0; IO mode=axis:ce=0
Port [ arpDataIn_V_keep_V]:  wired=1; compound=1; hidden=0; nouse=0; global=0; static=0; extern=0; dir=0; type=0; pingpong=0; private_global=0; IO mode=axis:ce=0
Port [ arpDataIn_V_strb_V]:  wired=1; compound=1; hidden=0; nouse=0; global=0; static=0; extern=0; dir=0; type=0; pingpong=0; private_global=0; IO mode=axis:ce=0
Port [ arpDataIn_V_last_V]:  wired=1; compound=1; hidden=0; nouse=0; global=0; static=0; extern=0; dir=0; type=0; pingpong=0; private_global=0; IO mode=axis:ce=0
Port [ macIpEncode_req]:  wired=1; compound=1; hidden=0; nouse=0; global=0; static=0; extern=0; dir=0; type=0; pingpong=0; private_global=0; IO mode=axis:ce=0
Port [ arpDataOut_V_data_V]:  wired=1; compound=1; hidden=0; nouse=0; global=0; static=0; extern=0; dir=1; type=0; pingpong=0; private_global=0; IO mode=axis:ce=0
Port [ arpDataOut_V_keep_V]:  wired=1; compound=1; hidden=0; nouse=0; global=0; static=0; extern=0; dir=1; type=0; pingpong=0; private_global=0; IO mode=axis:ce=0
Port [ arpDataOut_V_strb_V]:  wired=1; compound=1; hidden=0; nouse=0; global=0; static=0; extern=0; dir=1; type=0; pingpong=0; private_global=0; IO mode=axis:ce=0
Port [ arpDataOut_V_last_V]:  wired=1; compound=1; hidden=0; nouse=0; global=0; static=0; extern=0; dir=1; type=0; pingpong=0; private_global=0; IO mode=axis:ce=0
Port [ macIpEncode_rsp]:  wired=1; compound=1; hidden=0; nouse=0; global=0; static=0; extern=0; dir=1; type=0; pingpong=0; private_global=0; IO mode=axis:ce=0
Port [ arpTable_macAddress]:  wired=1; compound=1; hidden=0; nouse=0; global=0; static=0; extern=0; dir=2; type=1; pingpong=0; private_global=0; MemPort=[2]; IO mode=ap_memory:ce=0
Port [ arpTable_ipAddress]:  wired=1; compound=1; hidden=0; nouse=0; global=0; static=0; extern=0; dir=2; type=1; pingpong=0; private_global=0; MemPort=[2]; IO mode=ap_memory:ce=0
Port [ arpTable_valid]:  wired=1; compound=1; hidden=0; nouse=0; global=0; static=0; extern=0; dir=2; type=1; pingpong=0; private_global=0; MemPort=[2]; IO mode=ap_memory:ce=0
Port [ arp_scan]:  wired=1; compound=0; hidden=0; nouse=0; global=0; static=0; extern=0; dir=2; type=0; pingpong=0; private_global=0; IO mode=ap_ovld:ce=0
Port [ myMacAddress]:  wired=1; compound=0; hidden=0; nouse=0; global=0; static=0; extern=0; dir=0; type=0; pingpong=0; private_global=0; IO mode=ap_none:ce=0
Port [ myIpAddress]:  wired=1; compound=0; hidden=0; nouse=0; global=0; static=0; extern=0; dir=0; type=0; pingpong=0; private_global=0; IO mode=ap_none:ce=0
Port [ gatewayIP]:  wired=1; compound=0; hidden=0; nouse=0; global=0; static=0; extern=0; dir=0; type=0; pingpong=0; private_global=0; IO mode=ap_none:ce=0
Port [ networkMask]:  wired=1; compound=0; hidden=0; nouse=0; global=0; static=0; extern=0; dir=0; type=0; pingpong=0; private_global=0; IO mode=ap_none:ce=0
Port [ gia_fsm_state]:  wired=0; compound=0; hidden=1; nouse=1; global=1; static=1; extern=0; dir=2; type=0; pingpong=0; private_global=0; IO mode=ap_ovld:ce=0
Port [ ip_lsb_V]:  wired=0; compound=0; hidden=1; nouse=1; global=1; static=1; extern=0; dir=2; type=0; pingpong=0; private_global=0; IO mode=ap_ovld:ce=0
Port [ time_counter]:  wired=0; compound=0; hidden=1; nouse=1; global=1; static=1; extern=0; dir=2; type=0; pingpong=0; private_global=0; IO mode=ap_ovld:ce=0
Port [ macIpEncode_i]:  wired=0; compound=1; hidden=1; nouse=0; global=1; static=1; extern=0; dir=2; type=3; pingpong=0; private_global=1; IO mode=ap_fifo:ce=0
Port [ macIpEncode_rsp_i]:  wired=0; compound=1; hidden=1; nouse=0; global=1; static=1; extern=0; dir=2; type=3; pingpong=0; private_global=1; IO mode=ap_fifo:ce=0
Port [ arp_scan_1d_V]:  wired=0; compound=0; hidden=1; nouse=1; global=1; static=1; extern=0; dir=2; type=0; pingpong=0; private_global=0; IO mode=ap_ovld:ce=0
Port [ wordCount_V]:  wired=0; compound=0; hidden=1; nouse=1; global=1; static=1; extern=0; dir=2; type=0; pingpong=0; private_global=0; IO mode=ap_ovld:ce=0
Port [ arpReplyFifo]:  wired=0; compound=1; hidden=1; nouse=0; global=1; static=1; extern=0; dir=2; type=3; pingpong=0; private_global=1; IO mode=ap_fifo:ce=0
Port [ arpTableInsertFifo]:  wired=0; compound=1; hidden=1; nouse=0; global=1; static=1; extern=0; dir=2; type=3; pingpong=0; private_global=1; IO mode=ap_fifo:ce=0
Port [ aps_fsmState]:  wired=0; compound=0; hidden=1; nouse=1; global=1; static=1; extern=0; dir=2; type=0; pingpong=0; private_global=0; IO mode=ap_ovld:ce=0
Port [ replyMeta_srcMac_V]:  wired=0; compound=0; hidden=1; nouse=1; global=1; static=1; extern=0; dir=2; type=0; pingpong=0; private_global=0; IO mode=ap_ovld:ce=0
Port [ replyMeta_ethType_V]:  wired=0; compound=0; hidden=1; nouse=1; global=1; static=1; extern=0; dir=2; type=0; pingpong=0; private_global=0; IO mode=ap_ovld:ce=0
Port [ replyMeta_hwType_V]:  wired=0; compound=0; hidden=1; nouse=1; global=1; static=1; extern=0; dir=2; type=0; pingpong=0; private_global=0; IO mode=ap_ovld:ce=0
Port [ replyMeta_protoType_V]:  wired=0; compound=0; hidden=1; nouse=1; global=1; static=1; extern=0; dir=2; type=0; pingpong=0; private_global=0; IO mode=ap_ovld:ce=0
Port [ replyMeta_hwLen_V]:  wired=0; compound=0; hidden=1; nouse=1; global=1; static=1; extern=0; dir=2; type=0; pingpong=0; private_global=0; IO mode=ap_ovld:ce=0
Port [ replyMeta_protoLen_V]:  wired=0; compound=0; hidden=1; nouse=1; global=1; static=1; extern=0; dir=2; type=0; pingpong=0; private_global=0; IO mode=ap_ovld:ce=0
Port [ replyMeta_hwAddrSrc_V]:  wired=0; compound=0; hidden=1; nouse=1; global=1; static=1; extern=0; dir=2; type=0; pingpong=0; private_global=0; IO mode=ap_ovld:ce=0
Port [ replyMeta_protoAddrSrc_V]:  wired=0; compound=0; hidden=1; nouse=1; global=1; static=1; extern=0; dir=2; type=0; pingpong=0; private_global=0; IO mode=ap_ovld:ce=0
Port [ arpRequestFifo]:  wired=0; compound=1; hidden=1; nouse=0; global=1; static=1; extern=0; dir=2; type=3; pingpong=0; private_global=1; IO mode=ap_fifo:ce=0
Port [ inputIP_V]:  wired=0; compound=0; hidden=1; nouse=1; global=1; static=1; extern=0; dir=2; type=0; pingpong=0; private_global=0; IO mode=ap_ovld:ce=0
---------------- STG Properties END ------------------

---------------- Datapath Model BEGIN ----------------

<LifeTime>
<method=bitvector/>
networkMask_c13          (alloca              ) [ 001111111111]
networkMask_c            (alloca              ) [ 001111111111]
gatewayIP_c12            (alloca              ) [ 001111111111]
gatewayIP_c              (alloca              ) [ 001111111111]
myIpAddress_c11          (alloca              ) [ 001111111111]
myIpAddress_c            (alloca              ) [ 001111111111]
myMacAddress_c           (alloca              ) [ 001111111111]
call_ln0                 (call                ) [ 000000000000]
call_ln409               (call                ) [ 000000000000]
call_ln401               (call                ) [ 000000000000]
call_ln415               (call                ) [ 000000000000]
empty                    (specchannel         ) [ 000000000000]
specinterface_ln0        (specinterface       ) [ 000000000000]
empty_27                 (specchannel         ) [ 000000000000]
specinterface_ln0        (specinterface       ) [ 000000000000]
empty_28                 (specchannel         ) [ 000000000000]
specinterface_ln0        (specinterface       ) [ 000000000000]
empty_29                 (specchannel         ) [ 000000000000]
specinterface_ln0        (specinterface       ) [ 000000000000]
empty_30                 (specchannel         ) [ 000000000000]
specinterface_ln0        (specinterface       ) [ 000000000000]
empty_31                 (specchannel         ) [ 000000000000]
specinterface_ln0        (specinterface       ) [ 000000000000]
empty_32                 (specchannel         ) [ 000000000000]
specinterface_ln0        (specinterface       ) [ 000000000000]
specdataflowpipeline_ln0 (specdataflowpipeline) [ 000000000000]
empty_33                 (specchannel         ) [ 000000000000]
empty_34                 (specchannel         ) [ 000000000000]
empty_35                 (specchannel         ) [ 000000000000]
empty_36                 (specchannel         ) [ 000000000000]
empty_37                 (specchannel         ) [ 000000000000]
spectopmodule_ln0        (spectopmodule       ) [ 000000000000]
specinterface_ln0        (specinterface       ) [ 000000000000]
specinterface_ln0        (specinterface       ) [ 000000000000]
specbitsmap_ln0          (specbitsmap         ) [ 000000000000]
specbitsmap_ln0          (specbitsmap         ) [ 000000000000]
specbitsmap_ln0          (specbitsmap         ) [ 000000000000]
specbitsmap_ln0          (specbitsmap         ) [ 000000000000]
specinterface_ln0        (specinterface       ) [ 000000000000]
specbitsmap_ln0          (specbitsmap         ) [ 000000000000]
specinterface_ln0        (specinterface       ) [ 000000000000]
specbitsmap_ln0          (specbitsmap         ) [ 000000000000]
specbitsmap_ln0          (specbitsmap         ) [ 000000000000]
specbitsmap_ln0          (specbitsmap         ) [ 000000000000]
specbitsmap_ln0          (specbitsmap         ) [ 000000000000]
specinterface_ln0        (specinterface       ) [ 000000000000]
specbitsmap_ln0          (specbitsmap         ) [ 000000000000]
specinterface_ln0        (specinterface       ) [ 000000000000]
specinterface_ln0        (specinterface       ) [ 000000000000]
specmemcore_ln0          (specmemcore         ) [ 000000000000]
specbitsmap_ln0          (specbitsmap         ) [ 000000000000]
specinterface_ln0        (specinterface       ) [ 000000000000]
specinterface_ln0        (specinterface       ) [ 000000000000]
specmemcore_ln0          (specmemcore         ) [ 000000000000]
specbitsmap_ln0          (specbitsmap         ) [ 000000000000]
specinterface_ln0        (specinterface       ) [ 000000000000]
specinterface_ln0        (specinterface       ) [ 000000000000]
specmemcore_ln0          (specmemcore         ) [ 000000000000]
specbitsmap_ln0          (specbitsmap         ) [ 000000000000]
specbitsmap_ln0          (specbitsmap         ) [ 000000000000]
specinterface_ln0        (specinterface       ) [ 000000000000]
specinterface_ln0        (specinterface       ) [ 000000000000]
specbitsmap_ln0          (specbitsmap         ) [ 000000000000]
specinterface_ln0        (specinterface       ) [ 000000000000]
specbitsmap_ln0          (specbitsmap         ) [ 000000000000]
specinterface_ln0        (specinterface       ) [ 000000000000]
specbitsmap_ln0          (specbitsmap         ) [ 000000000000]
specinterface_ln0        (specinterface       ) [ 000000000000]
specbitsmap_ln0          (specbitsmap         ) [ 000000000000]
specinterface_ln0        (specinterface       ) [ 000000000000]
specinterface_ln0        (specinterface       ) [ 000000000000]
specinterface_ln0        (specinterface       ) [ 000000000000]
specinterface_ln0        (specinterface       ) [ 000000000000]
specinterface_ln0        (specinterface       ) [ 000000000000]
specinterface_ln0        (specinterface       ) [ 000000000000]
call_ln424               (call                ) [ 000000000000]
ret_ln433                (ret                 ) [ 000000000000]
</LifeTime>

<model>

<comp_list>
<comp id="0" class="1000" name="arpDataIn_V_data_V">
<pin_list>
<pin id="1" dir="1" index="0" bw="1" slack="0"/>
</pin_list>
<bind>
<StgValue><ssdm name="arpDataIn_V_data_V"/></StgValue>
</bind>
</comp>

<comp id="2" class="1000" name="arpDataIn_V_keep_V">
<pin_list>
<pin id="3" dir="1" index="0" bw="1" slack="0"/>
</pin_list>
<bind>
<StgValue><ssdm name="arpDataIn_V_keep_V"/></StgValue>
</bind>
</comp>

<comp id="4" class="1000" name="arpDataIn_V_strb_V">
<pin_list>
<pin id="5" dir="1" index="0" bw="1" slack="0"/>
</pin_list>
<bind>
<StgValue><ssdm name="arpDataIn_V_strb_V"/></StgValue>
</bind>
</comp>

<comp id="6" class="1000" name="arpDataIn_V_last_V">
<pin_list>
<pin id="7" dir="1" index="0" bw="1" slack="0"/>
</pin_list>
<bind>
<StgValue><ssdm name="arpDataIn_V_last_V"/></StgValue>
</bind>
</comp>

<comp id="8" class="1000" name="macIpEncode_req">
<pin_list>
<pin id="9" dir="1" index="0" bw="1" slack="0"/>
</pin_list>
<bind>
<StgValue><ssdm name="macIpEncode_req"/></StgValue>
</bind>
</comp>

<comp id="10" class="1000" name="arpDataOut_V_data_V">
<pin_list>
<pin id="11" dir="1" index="0" bw="1" slack="0"/>
</pin_list>
<bind>
<StgValue><ssdm name="arpDataOut_V_data_V"/></StgValue>
</bind>
</comp>

<comp id="12" class="1000" name="arpDataOut_V_keep_V">
<pin_list>
<pin id="13" dir="1" index="0" bw="1" slack="0"/>
</pin_list>
<bind>
<StgValue><ssdm name="arpDataOut_V_keep_V"/></StgValue>
</bind>
</comp>

<comp id="14" class="1000" name="arpDataOut_V_strb_V">
<pin_list>
<pin id="15" dir="1" index="0" bw="1" slack="0"/>
</pin_list>
<bind>
<StgValue><ssdm name="arpDataOut_V_strb_V"/></StgValue>
</bind>
</comp>

<comp id="16" class="1000" name="arpDataOut_V_last_V">
<pin_list>
<pin id="17" dir="1" index="0" bw="1" slack="0"/>
</pin_list>
<bind>
<StgValue><ssdm name="arpDataOut_V_last_V"/></StgValue>
</bind>
</comp>

<comp id="18" class="1000" name="macIpEncode_rsp">
<pin_list>
<pin id="19" dir="1" index="0" bw="1" slack="0"/>
</pin_list>
<bind>
<StgValue><ssdm name="macIpEncode_rsp"/></StgValue>
</bind>
</comp>

<comp id="20" class="1000" name="arpTable_macAddress">
<pin_list>
<pin id="21" dir="1" index="0" bw="1" slack="0"/>
</pin_list>
<bind>
<StgValue><ssdm name="arpTable_macAddress"/><MemPortTyVec>2 </MemPortTyVec>
</StgValue>
</bind>
</comp>

<comp id="22" class="1000" name="arpTable_ipAddress">
<pin_list>
<pin id="23" dir="1" index="0" bw="1" slack="0"/>
</pin_list>
<bind>
<StgValue><ssdm name="arpTable_ipAddress"/><MemPortTyVec>2 </MemPortTyVec>
</StgValue>
</bind>
</comp>

<comp id="24" class="1000" name="arpTable_valid">
<pin_list>
<pin id="25" dir="1" index="0" bw="1" slack="0"/>
</pin_list>
<bind>
<StgValue><ssdm name="arpTable_valid"/><MemPortTyVec>2 </MemPortTyVec>
</StgValue>
</bind>
</comp>

<comp id="26" class="1000" name="arp_scan">
<pin_list>
<pin id="27" dir="1" index="0" bw="1" slack="0"/>
</pin_list>
<bind>
<StgValue><ssdm name="arp_scan"/></StgValue>
</bind>
</comp>

<comp id="28" class="1000" name="myMacAddress">
<pin_list>
<pin id="29" dir="1" index="0" bw="1" slack="0"/>
</pin_list>
<bind>
<StgValue><ssdm name="myMacAddress"/></StgValue>
</bind>
</comp>

<comp id="30" class="1000" name="myIpAddress">
<pin_list>
<pin id="31" dir="1" index="0" bw="1" slack="0"/>
</pin_list>
<bind>
<StgValue><ssdm name="myIpAddress"/></StgValue>
</bind>
</comp>

<comp id="32" class="1000" name="gatewayIP">
<pin_list>
<pin id="33" dir="1" index="0" bw="1" slack="0"/>
</pin_list>
<bind>
<StgValue><ssdm name="gatewayIP"/></StgValue>
</bind>
</comp>

<comp id="34" class="1000" name="networkMask">
<pin_list>
<pin id="35" dir="1" index="0" bw="1" slack="0"/>
</pin_list>
<bind>
<StgValue><ssdm name="networkMask"/></StgValue>
</bind>
</comp>

<comp id="36" class="1000" name="gia_fsm_state">
<pin_list>
<pin id="37" dir="1" index="0" bw="1" slack="0"/>
</pin_list>
<bind>
<StgValue><ssdm name="gia_fsm_state"/></StgValue>
</bind>
</comp>

<comp id="38" class="1000" name="ip_lsb_V">
<pin_list>
<pin id="39" dir="1" index="0" bw="1" slack="0"/>
</pin_list>
<bind>
<StgValue><ssdm name="ip_lsb_V"/></StgValue>
</bind>
</comp>

<comp id="40" class="1000" name="time_counter">
<pin_list>
<pin id="41" dir="1" index="0" bw="1" slack="0"/>
</pin_list>
<bind>
<StgValue><ssdm name="time_counter"/></StgValue>
</bind>
</comp>

<comp id="42" class="1000" name="macIpEncode_i">
<pin_list>
<pin id="43" dir="1" index="0" bw="1" slack="0"/>
</pin_list>
<bind>
<StgValue><ssdm name="macIpEncode_i"/></StgValue>
</bind>
</comp>

<comp id="44" class="1000" name="macIpEncode_rsp_i">
<pin_list>
<pin id="45" dir="1" index="0" bw="1" slack="0"/>
</pin_list>
<bind>
<StgValue><ssdm name="macIpEncode_rsp_i"/></StgValue>
</bind>
</comp>

<comp id="46" class="1000" name="arp_scan_1d_V">
<pin_list>
<pin id="47" dir="1" index="0" bw="1" slack="0"/>
</pin_list>
<bind>
<StgValue><ssdm name="arp_scan_1d_V"/></StgValue>
</bind>
</comp>

<comp id="48" class="1000" name="wordCount_V">
<pin_list>
<pin id="49" dir="1" index="0" bw="1" slack="0"/>
</pin_list>
<bind>
<StgValue><ssdm name="wordCount_V"/></StgValue>
</bind>
</comp>

<comp id="50" class="1000" name="arpReplyFifo">
<pin_list>
<pin id="51" dir="1" index="0" bw="1" slack="0"/>
</pin_list>
<bind>
<StgValue><ssdm name="arpReplyFifo"/></StgValue>
</bind>
</comp>

<comp id="52" class="1000" name="arpTableInsertFifo">
<pin_list>
<pin id="53" dir="1" index="0" bw="1" slack="0"/>
</pin_list>
<bind>
<StgValue><ssdm name="arpTableInsertFifo"/></StgValue>
</bind>
</comp>

<comp id="54" class="1000" name="aps_fsmState">
<pin_list>
<pin id="55" dir="1" index="0" bw="1" slack="0"/>
</pin_list>
<bind>
<StgValue><ssdm name="aps_fsmState"/></StgValue>
</bind>
</comp>

<comp id="56" class="1000" name="replyMeta_srcMac_V">
<pin_list>
<pin id="57" dir="1" index="0" bw="1" slack="0"/>
</pin_list>
<bind>
<StgValue><ssdm name="replyMeta_srcMac_V"/></StgValue>
</bind>
</comp>

<comp id="58" class="1000" name="replyMeta_ethType_V">
<pin_list>
<pin id="59" dir="1" index="0" bw="1" slack="0"/>
</pin_list>
<bind>
<StgValue><ssdm name="replyMeta_ethType_V"/></StgValue>
</bind>
</comp>

<comp id="60" class="1000" name="replyMeta_hwType_V">
<pin_list>
<pin id="61" dir="1" index="0" bw="1" slack="0"/>
</pin_list>
<bind>
<StgValue><ssdm name="replyMeta_hwType_V"/></StgValue>
</bind>
</comp>

<comp id="62" class="1000" name="replyMeta_protoType_V">
<pin_list>
<pin id="63" dir="1" index="0" bw="1" slack="0"/>
</pin_list>
<bind>
<StgValue><ssdm name="replyMeta_protoType_V"/></StgValue>
</bind>
</comp>

<comp id="64" class="1000" name="replyMeta_hwLen_V">
<pin_list>
<pin id="65" dir="1" index="0" bw="1" slack="0"/>
</pin_list>
<bind>
<StgValue><ssdm name="replyMeta_hwLen_V"/></StgValue>
</bind>
</comp>

<comp id="66" class="1000" name="replyMeta_protoLen_V">
<pin_list>
<pin id="67" dir="1" index="0" bw="1" slack="0"/>
</pin_list>
<bind>
<StgValue><ssdm name="replyMeta_protoLen_V"/></StgValue>
</bind>
</comp>

<comp id="68" class="1000" name="replyMeta_hwAddrSrc_V">
<pin_list>
<pin id="69" dir="1" index="0" bw="1" slack="0"/>
</pin_list>
<bind>
<StgValue><ssdm name="replyMeta_hwAddrSrc_V"/></StgValue>
</bind>
</comp>

<comp id="70" class="1000" name="replyMeta_protoAddrSrc_V">
<pin_list>
<pin id="71" dir="1" index="0" bw="1" slack="0"/>
</pin_list>
<bind>
<StgValue><ssdm name="replyMeta_protoAddrSrc_V"/></StgValue>
</bind>
</comp>

<comp id="72" class="1000" name="arpRequestFifo">
<pin_list>
<pin id="73" dir="1" index="0" bw="1" slack="0"/>
</pin_list>
<bind>
<StgValue><ssdm name="arpRequestFifo"/></StgValue>
</bind>
</comp>

<comp id="74" class="1000" name="inputIP_V">
<pin_list>
<pin id="75" dir="1" index="0" bw="1" slack="0"/>
</pin_list>
<bind>
<StgValue><ssdm name="inputIP_V"/></StgValue>
</bind>
</comp>

<comp id="76" class="1001" name="const_76">
<pin_list>
<pin id="77" dir="1" index="0" bw="1" slack="0"/>
</pin_list>
<bind>
<StgValue><ssdm name=""/></StgValue>
</bind>
</comp>

<comp id="78" class="1001" name="const_78">
<pin_list>
<pin id="79" dir="1" index="0" bw="1" slack="0"/>
</pin_list>
<bind>
<StgValue><ssdm name="arp_pkg_receiver"/></StgValue>
</bind>
</comp>

<comp id="80" class="1001" name="const_80">
<pin_list>
<pin id="81" dir="1" index="0" bw="1" slack="0"/>
</pin_list>
<bind>
<StgValue><ssdm name="entry_proc"/></StgValue>
</bind>
</comp>

<comp id="82" class="1001" name="const_82">
<pin_list>
<pin id="83" dir="1" index="0" bw="1" slack="0"/>
</pin_list>
<bind>
<StgValue><ssdm name="genARPDiscovery"/></StgValue>
</bind>
</comp>

<comp id="84" class="1001" name="const_84">
<pin_list>
<pin id="85" dir="1" index="0" bw="1" slack="0"/>
</pin_list>
<bind>
<StgValue><ssdm name="arp_pkg_sender"/></StgValue>
</bind>
</comp>

<comp id="86" class="1001" name="const_86">
<pin_list>
<pin id="87" dir="1" index="0" bw="1" slack="0"/>
</pin_list>
<bind>
<StgValue><ssdm name="arp_table"/></StgValue>
</bind>
</comp>

<comp id="88" class="1001" name="const_88">
<pin_list>
<pin id="89" dir="1" index="0" bw="1" slack="2147483647"/>
</pin_list>
<bind>
<StgValue><ssdm name="_ssdm_op_SpecChannel"/></StgValue>
</bind>
</comp>

<comp id="90" class="1001" name="const_90">
<pin_list>
<pin id="91" dir="1" index="0" bw="1" slack="2147483647"/>
</pin_list>
<bind>
<StgValue><ssdm name="networkMask_c13_str"/></StgValue>
</bind>
</comp>

<comp id="92" class="1001" name="const_92">
<pin_list>
<pin id="93" dir="1" index="0" bw="1" slack="2147483647"/>
</pin_list>
<bind>
<StgValue><ssdm name=""/></StgValue>
</bind>
</comp>

<comp id="94" class="1001" name="const_94">
<pin_list>
<pin id="95" dir="1" index="0" bw="1" slack="2147483647"/>
</pin_list>
<bind>
<StgValue><ssdm name="p_str"/></StgValue>
</bind>
</comp>

<comp id="96" class="1001" name="const_96">
<pin_list>
<pin id="97" dir="1" index="0" bw="1" slack="2147483647"/>
</pin_list>
<bind>
<StgValue><ssdm name=""/></StgValue>
</bind>
</comp>

<comp id="98" class="1001" name="const_98">
<pin_list>
<pin id="99" dir="1" index="0" bw="1" slack="2147483647"/>
</pin_list>
<bind>
<StgValue><ssdm name=""/></StgValue>
</bind>
</comp>

<comp id="100" class="1001" name="const_100">
<pin_list>
<pin id="101" dir="1" index="0" bw="1" slack="2147483647"/>
</pin_list>
<bind>
<StgValue><ssdm name="_ssdm_op_SpecInterface"/></StgValue>
</bind>
</comp>

<comp id="102" class="1001" name="const_102">
<pin_list>
<pin id="103" dir="1" index="0" bw="1" slack="2147483647"/>
</pin_list>
<bind>
<StgValue><ssdm name="ap_fifo_str"/></StgValue>
</bind>
</comp>

<comp id="104" class="1001" name="const_104">
<pin_list>
<pin id="105" dir="1" index="0" bw="1" slack="2147483647"/>
</pin_list>
<bind>
<StgValue><ssdm name=""/></StgValue>
</bind>
</comp>

<comp id="106" class="1001" name="const_106">
<pin_list>
<pin id="107" dir="1" index="0" bw="1" slack="2147483647"/>
</pin_list>
<bind>
<StgValue><ssdm name=""/></StgValue>
</bind>
</comp>

<comp id="108" class="1001" name="const_108">
<pin_list>
<pin id="109" dir="1" index="0" bw="1" slack="2147483647"/>
</pin_list>
<bind>
<StgValue><ssdm name="networkMask_c_str"/></StgValue>
</bind>
</comp>

<comp id="110" class="1001" name="const_110">
<pin_list>
<pin id="111" dir="1" index="0" bw="1" slack="2147483647"/>
</pin_list>
<bind>
<StgValue><ssdm name="gatewayIP_c12_str"/></StgValue>
</bind>
</comp>

<comp id="112" class="1001" name="const_112">
<pin_list>
<pin id="113" dir="1" index="0" bw="1" slack="2147483647"/>
</pin_list>
<bind>
<StgValue><ssdm name="gatewayIP_c_str"/></StgValue>
</bind>
</comp>

<comp id="114" class="1001" name="const_114">
<pin_list>
<pin id="115" dir="1" index="0" bw="1" slack="2147483647"/>
</pin_list>
<bind>
<StgValue><ssdm name="myIpAddress_c11_str"/></StgValue>
</bind>
</comp>

<comp id="116" class="1001" name="const_116">
<pin_list>
<pin id="117" dir="1" index="0" bw="1" slack="2147483647"/>
</pin_list>
<bind>
<StgValue><ssdm name="myIpAddress_c_str"/></StgValue>
</bind>
</comp>

<comp id="118" class="1001" name="const_118">
<pin_list>
<pin id="119" dir="1" index="0" bw="1" slack="2147483647"/>
</pin_list>
<bind>
<StgValue><ssdm name="myMacAddress_c_str"/></StgValue>
</bind>
</comp>

<comp id="120" class="1001" name="const_120">
<pin_list>
<pin id="121" dir="1" index="0" bw="1" slack="2147483647"/>
</pin_list>
<bind>
<StgValue><ssdm name="_ssdm_op_SpecDataflowPipeline"/></StgValue>
</bind>
</comp>

<comp id="122" class="1001" name="const_122">
<pin_list>
<pin id="123" dir="1" index="0" bw="1" slack="2147483647"/>
</pin_list>
<bind>
<StgValue><ssdm name=""/></StgValue>
</bind>
</comp>

<comp id="124" class="1001" name="const_124">
<pin_list>
<pin id="125" dir="1" index="0" bw="1" slack="2147483647"/>
</pin_list>
<bind>
<StgValue><ssdm name="empty_5"/></StgValue>
</bind>
</comp>

<comp id="126" class="1001" name="const_126">
<pin_list>
<pin id="127" dir="1" index="0" bw="1" slack="2147483647"/>
</pin_list>
<bind>
<StgValue><ssdm name="arpReplyFifo_str"/></StgValue>
</bind>
</comp>

<comp id="128" class="1001" name="const_128">
<pin_list>
<pin id="129" dir="1" index="0" bw="1" slack="2147483647"/>
</pin_list>
<bind>
<StgValue><ssdm name=""/></StgValue>
</bind>
</comp>

<comp id="130" class="1001" name="const_130">
<pin_list>
<pin id="131" dir="1" index="0" bw="1" slack="2147483647"/>
</pin_list>
<bind>
<StgValue><ssdm name="arpRequestFifo_str"/></StgValue>
</bind>
</comp>

<comp id="132" class="1001" name="const_132">
<pin_list>
<pin id="133" dir="1" index="0" bw="1" slack="2147483647"/>
</pin_list>
<bind>
<StgValue><ssdm name="arpTableInsertFifo_str"/></StgValue>
</bind>
</comp>

<comp id="134" class="1001" name="const_134">
<pin_list>
<pin id="135" dir="1" index="0" bw="1" slack="2147483647"/>
</pin_list>
<bind>
<StgValue><ssdm name="macIpEncode_i_str"/></StgValue>
</bind>
</comp>

<comp id="136" class="1001" name="const_136">
<pin_list>
<pin id="137" dir="1" index="0" bw="1" slack="2147483647"/>
</pin_list>
<bind>
<StgValue><ssdm name="macIpEncode_rsp_i_str"/></StgValue>
</bind>
</comp>

<comp id="138" class="1001" name="const_138">
<pin_list>
<pin id="139" dir="1" index="0" bw="1" slack="2147483647"/>
</pin_list>
<bind>
<StgValue><ssdm name="_ssdm_op_SpecTopModule"/></StgValue>
</bind>
</comp>

<comp id="140" class="1001" name="const_140">
<pin_list>
<pin id="141" dir="1" index="0" bw="1" slack="2147483647"/>
</pin_list>
<bind>
<StgValue><ssdm name="empty_6"/></StgValue>
</bind>
</comp>

<comp id="142" class="1001" name="const_142">
<pin_list>
<pin id="143" dir="1" index="0" bw="1" slack="2147483647"/>
</pin_list>
<bind>
<StgValue><ssdm name="empty_7"/></StgValue>
</bind>
</comp>

<comp id="144" class="1001" name="const_144">
<pin_list>
<pin id="145" dir="1" index="0" bw="1" slack="2147483647"/>
</pin_list>
<bind>
<StgValue><ssdm name="empty_12"/></StgValue>
</bind>
</comp>

<comp id="146" class="1001" name="const_146">
<pin_list>
<pin id="147" dir="1" index="0" bw="1" slack="2147483647"/>
</pin_list>
<bind>
<StgValue><ssdm name="empty_9"/></StgValue>
</bind>
</comp>

<comp id="148" class="1001" name="const_148">
<pin_list>
<pin id="149" dir="1" index="0" bw="1" slack="2147483647"/>
</pin_list>
<bind>
<StgValue><ssdm name="_ssdm_op_SpecBitsMap"/></StgValue>
</bind>
</comp>

<comp id="150" class="1001" name="const_150">
<pin_list>
<pin id="151" dir="1" index="0" bw="1" slack="2147483647"/>
</pin_list>
<bind>
<StgValue><ssdm name="empty_2"/></StgValue>
</bind>
</comp>

<comp id="152" class="1001" name="const_152">
<pin_list>
<pin id="153" dir="1" index="0" bw="1" slack="2147483647"/>
</pin_list>
<bind>
<StgValue><ssdm name="empty_1"/></StgValue>
</bind>
</comp>

<comp id="154" class="1001" name="const_154">
<pin_list>
<pin id="155" dir="1" index="0" bw="1" slack="2147483647"/>
</pin_list>
<bind>
<StgValue><ssdm name="empty_8"/></StgValue>
</bind>
</comp>

<comp id="156" class="1001" name="const_156">
<pin_list>
<pin id="157" dir="1" index="0" bw="1" slack="2147483647"/>
</pin_list>
<bind>
<StgValue><ssdm name="_ssdm_op_SpecMemCore"/></StgValue>
</bind>
</comp>

<comp id="158" class="1001" name="const_158">
<pin_list>
<pin id="159" dir="1" index="0" bw="1" slack="2147483647"/>
</pin_list>
<bind>
<StgValue><ssdm name=""/></StgValue>
</bind>
</comp>

<comp id="160" class="1001" name="const_160">
<pin_list>
<pin id="161" dir="1" index="0" bw="1" slack="2147483647"/>
</pin_list>
<bind>
<StgValue><ssdm name=""/></StgValue>
</bind>
</comp>

<comp id="162" class="1001" name="const_162">
<pin_list>
<pin id="163" dir="1" index="0" bw="1" slack="2147483647"/>
</pin_list>
<bind>
<StgValue><ssdm name="empty_0"/></StgValue>
</bind>
</comp>

<comp id="164" class="1001" name="const_164">
<pin_list>
<pin id="165" dir="1" index="0" bw="1" slack="2147483647"/>
</pin_list>
<bind>
<StgValue><ssdm name="empty"/></StgValue>
</bind>
</comp>

<comp id="166" class="1001" name="const_166">
<pin_list>
<pin id="167" dir="1" index="0" bw="1" slack="2147483647"/>
</pin_list>
<bind>
<StgValue><ssdm name="empty_4"/></StgValue>
</bind>
</comp>

<comp id="168" class="1001" name="const_168">
<pin_list>
<pin id="169" dir="1" index="0" bw="1" slack="2147483647"/>
</pin_list>
<bind>
<StgValue><ssdm name="empty_3"/></StgValue>
</bind>
</comp>

<comp id="170" class="1001" name="const_170">
<pin_list>
<pin id="171" dir="1" index="0" bw="1" slack="2147483647"/>
</pin_list>
<bind>
<StgValue><ssdm name="empty_10"/></StgValue>
</bind>
</comp>

<comp id="172" class="1001" name="const_172">
<pin_list>
<pin id="173" dir="1" index="0" bw="1" slack="2147483647"/>
</pin_list>
<bind>
<StgValue><ssdm name="empty_11"/></StgValue>
</bind>
</comp>

<comp id="174" class="1004" name="networkMask_c13_fu_174">
<pin_list>
<pin id="175" dir="0" index="0" bw="1" slack="0"/>
<pin id="176" dir="1" index="1" bw="32" slack="2"/>
</pin_list>
<bind>
<opcode="alloca(26) " fcode="alloca"/>
<opset="networkMask_c13/1 "/>
</bind>
</comp>

<comp id="178" class="1004" name="networkMask_c_fu_178">
<pin_list>
<pin id="179" dir="0" index="0" bw="1" slack="0"/>
<pin id="180" dir="1" index="1" bw="32" slack="2"/>
</pin_list>
<bind>
<opcode="alloca(26) " fcode="alloca"/>
<opset="networkMask_c/1 "/>
</bind>
</comp>

<comp id="182" class="1004" name="gatewayIP_c12_fu_182">
<pin_list>
<pin id="183" dir="0" index="0" bw="1" slack="0"/>
<pin id="184" dir="1" index="1" bw="32" slack="2"/>
</pin_list>
<bind>
<opcode="alloca(26) " fcode="alloca"/>
<opset="gatewayIP_c12/1 "/>
</bind>
</comp>

<comp id="186" class="1004" name="gatewayIP_c_fu_186">
<pin_list>
<pin id="187" dir="0" index="0" bw="1" slack="0"/>
<pin id="188" dir="1" index="1" bw="32" slack="2"/>
</pin_list>
<bind>
<opcode="alloca(26) " fcode="alloca"/>
<opset="gatewayIP_c/1 "/>
</bind>
</comp>

<comp id="190" class="1004" name="myIpAddress_c11_fu_190">
<pin_list>
<pin id="191" dir="0" index="0" bw="1" slack="0"/>
<pin id="192" dir="1" index="1" bw="32" slack="1"/>
</pin_list>
<bind>
<opcode="alloca(26) " fcode="alloca"/>
<opset="myIpAddress_c11/1 "/>
</bind>
</comp>

<comp id="194" class="1004" name="myIpAddress_c_fu_194">
<pin_list>
<pin id="195" dir="0" index="0" bw="1" slack="0"/>
<pin id="196" dir="1" index="1" bw="32" slack="1"/>
</pin_list>
<bind>
<opcode="alloca(26) " fcode="alloca"/>
<opset="myIpAddress_c/1 "/>
</bind>
</comp>

<comp id="198" class="1004" name="myMacAddress_c_fu_198">
<pin_list>
<pin id="199" dir="0" index="0" bw="1" slack="0"/>
<pin id="200" dir="1" index="1" bw="48" slack="2"/>
</pin_list>
<bind>
<opcode="alloca(26) " fcode="alloca"/>
<opset="myMacAddress_c/1 "/>
</bind>
</comp>

<comp id="202" class="1004" name="grp_arp_pkg_receiver_fu_202">
<pin_list>
<pin id="203" dir="0" index="0" bw="0" slack="0"/>
<pin id="204" dir="0" index="1" bw="512" slack="0"/>
<pin id="205" dir="0" index="2" bw="64" slack="0"/>
<pin id="206" dir="0" index="3" bw="64" slack="0"/>
<pin id="207" dir="0" index="4" bw="1" slack="0"/>
<pin id="208" dir="0" index="5" bw="32" slack="0"/>
<pin id="209" dir="0" index="6" bw="32" slack="1"/>
<pin id="210" dir="0" index="7" bw="32" slack="1"/>
<pin id="211" dir="0" index="8" bw="4" slack="0"/>
<pin id="212" dir="0" index="9" bw="256" slack="0"/>
<pin id="213" dir="0" index="10" bw="128" slack="0"/>
<pin id="214" dir="1" index="11" bw="0" slack="2147483647"/>
</pin_list>
<bind>
<opcode="call(48) " fcode="call"/>
<opset="call_ln409/2 "/>
</bind>
</comp>

<comp id="224" class="1004" name="call_ln0_entry_proc_fu_224">
<pin_list>
<pin id="225" dir="0" index="0" bw="0" slack="0"/>
<pin id="226" dir="0" index="1" bw="48" slack="0"/>
<pin id="227" dir="0" index="2" bw="48" slack="2"/>
<pin id="228" dir="0" index="3" bw="32" slack="0"/>
<pin id="229" dir="0" index="4" bw="32" slack="2"/>
<pin id="230" dir="0" index="5" bw="32" slack="2"/>
<pin id="231" dir="0" index="6" bw="32" slack="0"/>
<pin id="232" dir="0" index="7" bw="32" slack="2"/>
<pin id="233" dir="0" index="8" bw="32" slack="2"/>
<pin id="234" dir="1" index="9" bw="0" slack="2147483647"/>
</pin_list>
<bind>
<opcode="call(48) " fcode="call"/>
<opset="call_ln0/3 "/>
</bind>
</comp>

<comp id="239" class="1004" name="grp_genARPDiscovery_fu_239">
<pin_list>
<pin id="240" dir="0" index="0" bw="0" slack="0"/>
<pin id="241" dir="0" index="1" bw="32" slack="0"/>
<pin id="242" dir="0" index="2" bw="128" slack="0"/>
<pin id="243" dir="0" index="3" bw="1" slack="0"/>
<pin id="244" dir="0" index="4" bw="32" slack="0"/>
<pin id="245" dir="0" index="5" bw="3" slack="0"/>
<pin id="246" dir="0" index="6" bw="8" slack="0"/>
<pin id="247" dir="0" index="7" bw="32" slack="0"/>
<pin id="248" dir="0" index="8" bw="32" slack="0"/>
<pin id="249" dir="0" index="9" bw="128" slack="0"/>
<pin id="250" dir="0" index="10" bw="1" slack="0"/>
<pin id="251" dir="1" index="11" bw="0" slack="2147483647"/>
</pin_list>
<bind>
<opcode="call(48) " fcode="call"/>
<opset="call_ln401/4 "/>
</bind>
</comp>

<comp id="263" class="1004" name="grp_arp_pkg_sender_fu_263">
<pin_list>
<pin id="264" dir="0" index="0" bw="0" slack="0"/>
<pin id="265" dir="0" index="1" bw="512" slack="0"/>
<pin id="266" dir="0" index="2" bw="64" slack="0"/>
<pin id="267" dir="0" index="3" bw="64" slack="0"/>
<pin id="268" dir="0" index="4" bw="1" slack="0"/>
<pin id="269" dir="0" index="5" bw="48" slack="3"/>
<pin id="270" dir="0" index="6" bw="32" slack="3"/>
<pin id="271" dir="0" index="7" bw="32" slack="3"/>
<pin id="272" dir="0" index="8" bw="32" slack="3"/>
<pin id="273" dir="0" index="9" bw="2" slack="0"/>
<pin id="274" dir="0" index="10" bw="256" slack="0"/>
<pin id="275" dir="0" index="11" bw="48" slack="0"/>
<pin id="276" dir="0" index="12" bw="16" slack="0"/>
<pin id="277" dir="0" index="13" bw="16" slack="0"/>
<pin id="278" dir="0" index="14" bw="16" slack="0"/>
<pin id="279" dir="0" index="15" bw="8" slack="0"/>
<pin id="280" dir="0" index="16" bw="8" slack="0"/>
<pin id="281" dir="0" index="17" bw="48" slack="0"/>
<pin id="282" dir="0" index="18" bw="32" slack="0"/>
<pin id="283" dir="0" index="19" bw="32" slack="0"/>
<pin id="284" dir="0" index="20" bw="32" slack="0"/>
<pin id="285" dir="1" index="21" bw="0" slack="2147483647"/>
</pin_list>
<bind>
<opcode="call(48) " fcode="call"/>
<opset="call_ln415/4 "/>
</bind>
</comp>

<comp id="303" class="1004" name="grp_arp_table_fu_303">
<pin_list>
<pin id="304" dir="0" index="0" bw="0" slack="0"/>
<pin id="305" dir="0" index="1" bw="48" slack="0"/>
<pin id="306" dir="0" index="2" bw="32" slack="0"/>
<pin id="307" dir="0" index="3" bw="1" slack="0"/>
<pin id="308" dir="0" index="4" bw="32" slack="6"/>
<pin id="309" dir="0" index="5" bw="32" slack="6"/>
<pin id="310" dir="0" index="6" bw="32" slack="6"/>
<pin id="311" dir="0" index="7" bw="128" slack="0"/>
<pin id="312" dir="0" index="8" bw="32" slack="0"/>
<pin id="313" dir="0" index="9" bw="32" slack="0"/>
<pin id="314" dir="0" index="10" bw="128" slack="0"/>
<pin id="315" dir="1" index="11" bw="0" slack="2147483647"/>
</pin_list>
<bind>
<opcode="call(48) " fcode="call"/>
<opset="call_ln424/7 "/>
</bind>
</comp>

<comp id="324" class="1005" name="networkMask_c13_reg_324">
<pin_list>
<pin id="325" dir="0" index="0" bw="32" slack="2"/>
<pin id="326" dir="1" index="1" bw="32" slack="2"/>
</pin_list>
<bind>
<opset="networkMask_c13 "/>
</bind>
</comp>

<comp id="330" class="1005" name="networkMask_c_reg_330">
<pin_list>
<pin id="331" dir="0" index="0" bw="32" slack="2"/>
<pin id="332" dir="1" index="1" bw="32" slack="2"/>
</pin_list>
<bind>
<opset="networkMask_c "/>
</bind>
</comp>

<comp id="336" class="1005" name="gatewayIP_c12_reg_336">
<pin_list>
<pin id="337" dir="0" index="0" bw="32" slack="2"/>
<pin id="338" dir="1" index="1" bw="32" slack="2"/>
</pin_list>
<bind>
<opset="gatewayIP_c12 "/>
</bind>
</comp>

<comp id="342" class="1005" name="gatewayIP_c_reg_342">
<pin_list>
<pin id="343" dir="0" index="0" bw="32" slack="2"/>
<pin id="344" dir="1" index="1" bw="32" slack="2"/>
</pin_list>
<bind>
<opset="gatewayIP_c "/>
</bind>
</comp>

<comp id="348" class="1005" name="myIpAddress_c11_reg_348">
<pin_list>
<pin id="349" dir="0" index="0" bw="32" slack="1"/>
<pin id="350" dir="1" index="1" bw="32" slack="1"/>
</pin_list>
<bind>
<opset="myIpAddress_c11 "/>
</bind>
</comp>

<comp id="354" class="1005" name="myIpAddress_c_reg_354">
<pin_list>
<pin id="355" dir="0" index="0" bw="32" slack="1"/>
<pin id="356" dir="1" index="1" bw="32" slack="1"/>
</pin_list>
<bind>
<opset="myIpAddress_c "/>
</bind>
</comp>

<comp id="360" class="1005" name="myMacAddress_c_reg_360">
<pin_list>
<pin id="361" dir="0" index="0" bw="48" slack="2"/>
<pin id="362" dir="1" index="1" bw="48" slack="2"/>
</pin_list>
<bind>
<opset="myMacAddress_c "/>
</bind>
</comp>

</comp_list>

<net_list>
<net id="177"><net_src comp="76" pin="0"/><net_sink comp="174" pin=0"/></net>

<net id="181"><net_src comp="76" pin="0"/><net_sink comp="178" pin=0"/></net>

<net id="185"><net_src comp="76" pin="0"/><net_sink comp="182" pin=0"/></net>

<net id="189"><net_src comp="76" pin="0"/><net_sink comp="186" pin=0"/></net>

<net id="193"><net_src comp="76" pin="0"/><net_sink comp="190" pin=0"/></net>

<net id="197"><net_src comp="76" pin="0"/><net_sink comp="194" pin=0"/></net>

<net id="201"><net_src comp="76" pin="0"/><net_sink comp="198" pin=0"/></net>

<net id="215"><net_src comp="78" pin="0"/><net_sink comp="202" pin=0"/></net>

<net id="216"><net_src comp="0" pin="0"/><net_sink comp="202" pin=1"/></net>

<net id="217"><net_src comp="2" pin="0"/><net_sink comp="202" pin=2"/></net>

<net id="218"><net_src comp="4" pin="0"/><net_sink comp="202" pin=3"/></net>

<net id="219"><net_src comp="6" pin="0"/><net_sink comp="202" pin=4"/></net>

<net id="220"><net_src comp="30" pin="0"/><net_sink comp="202" pin=5"/></net>

<net id="221"><net_src comp="48" pin="0"/><net_sink comp="202" pin=8"/></net>

<net id="222"><net_src comp="50" pin="0"/><net_sink comp="202" pin=9"/></net>

<net id="223"><net_src comp="52" pin="0"/><net_sink comp="202" pin=10"/></net>

<net id="235"><net_src comp="80" pin="0"/><net_sink comp="224" pin=0"/></net>

<net id="236"><net_src comp="28" pin="0"/><net_sink comp="224" pin=1"/></net>

<net id="237"><net_src comp="32" pin="0"/><net_sink comp="224" pin=3"/></net>

<net id="238"><net_src comp="34" pin="0"/><net_sink comp="224" pin=6"/></net>

<net id="252"><net_src comp="82" pin="0"/><net_sink comp="239" pin=0"/></net>

<net id="253"><net_src comp="8" pin="0"/><net_sink comp="239" pin=1"/></net>

<net id="254"><net_src comp="18" pin="0"/><net_sink comp="239" pin=2"/></net>

<net id="255"><net_src comp="26" pin="0"/><net_sink comp="239" pin=3"/></net>

<net id="256"><net_src comp="30" pin="0"/><net_sink comp="239" pin=4"/></net>

<net id="257"><net_src comp="36" pin="0"/><net_sink comp="239" pin=5"/></net>

<net id="258"><net_src comp="38" pin="0"/><net_sink comp="239" pin=6"/></net>

<net id="259"><net_src comp="40" pin="0"/><net_sink comp="239" pin=7"/></net>

<net id="260"><net_src comp="42" pin="0"/><net_sink comp="239" pin=8"/></net>

<net id="261"><net_src comp="44" pin="0"/><net_sink comp="239" pin=9"/></net>

<net id="262"><net_src comp="46" pin="0"/><net_sink comp="239" pin=10"/></net>

<net id="286"><net_src comp="84" pin="0"/><net_sink comp="263" pin=0"/></net>

<net id="287"><net_src comp="10" pin="0"/><net_sink comp="263" pin=1"/></net>

<net id="288"><net_src comp="12" pin="0"/><net_sink comp="263" pin=2"/></net>

<net id="289"><net_src comp="14" pin="0"/><net_sink comp="263" pin=3"/></net>

<net id="290"><net_src comp="16" pin="0"/><net_sink comp="263" pin=4"/></net>

<net id="291"><net_src comp="54" pin="0"/><net_sink comp="263" pin=9"/></net>

<net id="292"><net_src comp="50" pin="0"/><net_sink comp="263" pin=10"/></net>

<net id="293"><net_src comp="56" pin="0"/><net_sink comp="263" pin=11"/></net>

<net id="294"><net_src comp="58" pin="0"/><net_sink comp="263" pin=12"/></net>

<net id="295"><net_src comp="60" pin="0"/><net_sink comp="263" pin=13"/></net>

<net id="296"><net_src comp="62" pin="0"/><net_sink comp="263" pin=14"/></net>

<net id="297"><net_src comp="64" pin="0"/><net_sink comp="263" pin=15"/></net>

<net id="298"><net_src comp="66" pin="0"/><net_sink comp="263" pin=16"/></net>

<net id="299"><net_src comp="68" pin="0"/><net_sink comp="263" pin=17"/></net>

<net id="300"><net_src comp="70" pin="0"/><net_sink comp="263" pin=18"/></net>

<net id="301"><net_src comp="72" pin="0"/><net_sink comp="263" pin=19"/></net>

<net id="302"><net_src comp="74" pin="0"/><net_sink comp="263" pin=20"/></net>

<net id="316"><net_src comp="86" pin="0"/><net_sink comp="303" pin=0"/></net>

<net id="317"><net_src comp="20" pin="0"/><net_sink comp="303" pin=1"/></net>

<net id="318"><net_src comp="22" pin="0"/><net_sink comp="303" pin=2"/></net>

<net id="319"><net_src comp="24" pin="0"/><net_sink comp="303" pin=3"/></net>

<net id="320"><net_src comp="52" pin="0"/><net_sink comp="303" pin=7"/></net>

<net id="321"><net_src comp="42" pin="0"/><net_sink comp="303" pin=8"/></net>

<net id="322"><net_src comp="72" pin="0"/><net_sink comp="303" pin=9"/></net>

<net id="323"><net_src comp="44" pin="0"/><net_sink comp="303" pin=10"/></net>

<net id="327"><net_src comp="174" pin="1"/><net_sink comp="324" pin=0"/></net>

<net id="328"><net_src comp="324" pin="1"/><net_sink comp="224" pin=8"/></net>

<net id="329"><net_src comp="324" pin="1"/><net_sink comp="263" pin=8"/></net>

<net id="333"><net_src comp="178" pin="1"/><net_sink comp="330" pin=0"/></net>

<net id="334"><net_src comp="330" pin="1"/><net_sink comp="224" pin=7"/></net>

<net id="335"><net_src comp="330" pin="1"/><net_sink comp="303" pin=6"/></net>

<net id="339"><net_src comp="182" pin="1"/><net_sink comp="336" pin=0"/></net>

<net id="340"><net_src comp="336" pin="1"/><net_sink comp="224" pin=5"/></net>

<net id="341"><net_src comp="336" pin="1"/><net_sink comp="263" pin=7"/></net>

<net id="345"><net_src comp="186" pin="1"/><net_sink comp="342" pin=0"/></net>

<net id="346"><net_src comp="342" pin="1"/><net_sink comp="224" pin=4"/></net>

<net id="347"><net_src comp="342" pin="1"/><net_sink comp="303" pin=5"/></net>

<net id="351"><net_src comp="190" pin="1"/><net_sink comp="348" pin=0"/></net>

<net id="352"><net_src comp="348" pin="1"/><net_sink comp="202" pin=7"/></net>

<net id="353"><net_src comp="348" pin="1"/><net_sink comp="263" pin=6"/></net>

<net id="357"><net_src comp="194" pin="1"/><net_sink comp="354" pin=0"/></net>

<net id="358"><net_src comp="354" pin="1"/><net_sink comp="202" pin=6"/></net>

<net id="359"><net_src comp="354" pin="1"/><net_sink comp="303" pin=4"/></net>

<net id="363"><net_src comp="198" pin="1"/><net_sink comp="360" pin=0"/></net>

<net id="364"><net_src comp="360" pin="1"/><net_sink comp="224" pin=2"/></net>

<net id="365"><net_src comp="360" pin="1"/><net_sink comp="263" pin=5"/></net>

</net_list>

</model> 
---------------- Datapath Model END ------------------

* FSMD analyzer results:
  - Output states:
	Port: arpDataOut_V_data_V | {6 }
	Port: arpDataOut_V_keep_V | {6 }
	Port: arpDataOut_V_strb_V | {6 }
	Port: arpDataOut_V_last_V | {6 }
	Port: macIpEncode_rsp | {6 }
	Port: arpTable_macAddress | {8 }
	Port: arpTable_ipAddress | {8 }
	Port: arpTable_valid | {8 }
	Port: arp_scan | {4 }
	Port: gia_fsm_state | {4 }
	Port: ip_lsb_V | {4 }
	Port: time_counter | {4 }
	Port: macIpEncode_i | {5 }
	Port: macIpEncode_rsp_i | {10 }
	Port: arp_scan_1d_V | {4 }
	Port: wordCount_V | {2 }
	Port: arpReplyFifo | {3 }
	Port: arpTableInsertFifo | {3 }
	Port: aps_fsmState | {4 }
	Port: replyMeta_srcMac_V | {4 }
	Port: replyMeta_ethType_V | {4 }
	Port: replyMeta_hwType_V | {4 }
	Port: replyMeta_protoType_V | {4 }
	Port: replyMeta_hwLen_V | {4 }
	Port: replyMeta_protoLen_V | {4 }
	Port: replyMeta_hwAddrSrc_V | {4 }
	Port: replyMeta_protoAddrSrc_V | {4 }
	Port: arpRequestFifo | {11 }
	Port: inputIP_V | {4 }
 - Input state : 
	Port: arp_server : arpDataIn_V_data_V | {2 }
	Port: arp_server : arpDataIn_V_keep_V | {2 }
	Port: arp_server : arpDataIn_V_strb_V | {2 }
	Port: arp_server : arpDataIn_V_last_V | {2 }
	Port: arp_server : macIpEncode_req | {4 }
	Port: arp_server : arpTable_macAddress | {9 10 }
	Port: arp_server : arpTable_ipAddress | {9 10 }
	Port: arp_server : arpTable_valid | {9 10 }
	Port: arp_server : arp_scan | {4 }
	Port: arp_server : myMacAddress | {3 }
	Port: arp_server : myIpAddress | {2 4 }
	Port: arp_server : gatewayIP | {3 }
	Port: arp_server : networkMask | {3 }
	Port: arp_server : gia_fsm_state | {4 }
	Port: arp_server : ip_lsb_V | {4 }
	Port: arp_server : time_counter | {4 }
	Port: arp_server : macIpEncode_i | {7 8 }
	Port: arp_server : macIpEncode_rsp_i | {4 }
	Port: arp_server : arp_scan_1d_V | {4 }
	Port: arp_server : wordCount_V | {2 }
	Port: arp_server : arpReplyFifo | {4 }
	Port: arp_server : arpTableInsertFifo | {7 8 }
	Port: arp_server : aps_fsmState | {4 }
	Port: arp_server : replyMeta_srcMac_V | {5 }
	Port: arp_server : replyMeta_ethType_V | {5 }
	Port: arp_server : replyMeta_hwType_V | {5 }
	Port: arp_server : replyMeta_protoType_V | {5 }
	Port: arp_server : replyMeta_hwLen_V | {5 }
	Port: arp_server : replyMeta_protoLen_V | {5 }
	Port: arp_server : replyMeta_hwAddrSrc_V | {5 }
	Port: arp_server : replyMeta_protoAddrSrc_V | {5 }
	Port: arp_server : arpRequestFifo | {4 }
	Port: arp_server : inputIP_V | {5 }
  - Chain level:
	State 1
	State 2
	State 3
	State 4
	State 5
	State 6
	State 7
	State 8
	State 9
	State 10
	State 11


============================================================
+ Verbose Summary: Datapath Resource usage 
============================================================

* Functional unit list:
|----------|-----------------------------|---------|---------|---------|
| Operation|       Functional Unit       |  Delay  |    FF   |   LUT   |
|----------|-----------------------------|---------|---------|---------|
|          | grp_arp_pkg_receiver_fu_202 |    0    |   212   |    45   |
|          |  call_ln0_entry_proc_fu_224 |    0    |    0    |    0    |
|   call   |  grp_genARPDiscovery_fu_239 |  0.774  |   248   |   110   |
|          |  grp_arp_pkg_sender_fu_263  | 0.452714|   1026  |   136   |
|          |     grp_arp_table_fu_303    | 1.25957 |    67   |   134   |
|----------|-----------------------------|---------|---------|---------|
|   Total  |                             | 2.48629 |   1553  |   425   |
|----------|-----------------------------|---------|---------|---------|

Memories:
N/A

* Register list:
+-----------------------+--------+
|                       |   FF   |
+-----------------------+--------+
| gatewayIP_c12_reg_336 |   32   |
|  gatewayIP_c_reg_342  |   32   |
|myIpAddress_c11_reg_348|   32   |
| myIpAddress_c_reg_354 |   32   |
| myMacAddress_c_reg_360|   48   |
|networkMask_c13_reg_324|   32   |
| networkMask_c_reg_330 |   32   |
+-----------------------+--------+
|         Total         |   240  |
+-----------------------+--------+

* Multiplexer (MUX) list: 
|--------|------|------|------|--------|
|  Comp  |  Pin | Size |  BW  | S x BW |
|--------|------|------|------|--------|
|  Total |      |      |      |    0   |
|--------|------|------|------|--------|



* Summary:
+-----------+--------+--------+--------+
|           |  Delay |   FF   |   LUT  |
+-----------+--------+--------+--------+
|  Function |    2   |  1553  |   425  |
|   Memory  |    -   |    -   |    -   |
|Multiplexer|    -   |    -   |    -   |
|  Register |    -   |   240  |    -   |
+-----------+--------+--------+--------+
|   Total   |    2   |  1793  |   425  |
+-----------+--------+--------+--------+
