

================================================================
== Vitis HLS Report for 'arp_table'
================================================================
* Date:           Wed Mar  8 19:14:18 2023

* Version:        2021.2 (Build 3367213 on Tue Oct 19 02:47:39 MDT 2021)
* Project:        ARP_hls_prj
* Solution:       ultrascale_plus (Vivado IP Flow Target)
* Product family: virtexuplus
* Target device:  xcu280-fsvh2892-2L-e


================================================================
== Performance Estimates
================================================================
+ Timing: 
    * Summary: 
    +--------+---------+----------+------------+
    |  Clock |  Target | Estimated| Uncertainty|
    +--------+---------+----------+------------+
    |ap_clk  |  3.10 ns|  2.612 ns|     0.20 ns|
    +--------+---------+----------+------------+

+ Latency: 
    * Summary: 
    +---------+---------+-----------+-----------+-----+-----+---------+
    |  Latency (cycles) |   Latency (absolute)  |  Interval | Pipeline|
    |   min   |   max   |    min    |    max    | min | max |   Type  |
    +---------+---------+-----------+-----------+-----+-----+---------+
    |        4|        4|  12.400 ns|  12.400 ns|    2|    2|      yes|
    +---------+---------+-----------+-----------+-----+-----+---------+

    + Detail: 
        * Instance: 
        N/A

        * Loop: 
        N/A



================================================================
== Utilization Estimates
================================================================
* Summary: 
+---------------------+---------+------+---------+---------+-----+
|         Name        | BRAM_18K|  DSP |    FF   |   LUT   | URAM|
+---------------------+---------+------+---------+---------+-----+
|DSP                  |        -|     -|        -|        -|    -|
|Expression           |        -|     -|        0|      122|    -|
|FIFO                 |        -|     -|        -|        -|    -|
|Instance             |        -|     -|        -|        -|    -|
|Memory               |        -|     -|        -|        -|    -|
|Multiplexer          |        -|     -|        -|      146|    -|
|Register             |        -|     -|       83|        -|    -|
+---------------------+---------+------+---------+---------+-----+
|Total                |        0|     0|       83|      268|    0|
+---------------------+---------+------+---------+---------+-----+
|Available SLR        |     1344|  3008|   869120|   434560|  320|
+---------------------+---------+------+---------+---------+-----+
|Utilization SLR (%)  |        0|     0|       ~0|       ~0|    0|
+---------------------+---------+------+---------+---------+-----+
|Available            |     4032|  9024|  2607360|  1303680|  960|
+---------------------+---------+------+---------+---------+-----+
|Utilization (%)      |        0|     0|       ~0|       ~0|    0|
+---------------------+---------+------+---------+---------+-----+

+ Detail: 
    * Instance: 
    N/A

    * DSP: 
    N/A

    * Memory: 
    N/A

    * FIFO: 
    N/A

    * Expression: 
    +-----------------------------------+----------+----+---+----+------------+------------+
    |           Variable Name           | Operation| DSP| FF| LUT| Bitwidth P0| Bitwidth P1|
    +-----------------------------------+----------+----+---+----+------------+------------+
    |and_ln1064_fu_221_p2               |       and|   0|  0|  32|          32|          32|
    |ap_block_state4_pp0_stage1_iter1   |       and|   0|  0|   2|           1|           1|
    |ap_block_state5_pp0_stage0_iter2   |       and|   0|  0|   2|           1|           1|
    |ap_enable_state2_pp0_iter0_stage1  |       and|   0|  0|   2|           1|           1|
    |ap_enable_state3_pp0_iter1_stage0  |       and|   0|  0|   2|           1|           1|
    |ap_enable_state4_pp0_iter1_stage1  |       and|   0|  0|   2|           1|           1|
    |ap_predicate_op39_read_state2      |       and|   0|  0|   2|           1|           1|
    |ap_predicate_op66_load_state4      |       and|   0|  0|   2|           1|           1|
    |ap_predicate_op74_write_state5     |       and|   0|  0|   2|           1|           1|
    |tmp_6_i_nbreadreq_fu_100_p3        |       and|   0|  0|   2|           1|           0|
    |tmp_i_nbreadreq_fu_92_p3           |       and|   0|  0|   2|           1|           0|
    |icmp_ln1064_fu_227_p2              |      icmp|   0|  0|  20|          32|           1|
    |ap_block_pp0                       |        or|   0|  0|   2|           1|           1|
    |ap_block_pp0_stage0_01001          |        or|   0|  0|   2|           1|           1|
    |ap_block_pp0_stage1_01001          |        or|   0|  0|   2|           1|           1|
    |ap_block_state2_pp0_stage1_iter0   |        or|   0|  0|   2|           1|           1|
    |select_ln232_fu_253_p3             |    select|   0|  0|   8|           1|           8|
    |ap_enable_pp0                      |       xor|   0|  0|   2|           1|           2|
    |xor_ln1064_fu_215_p2               |       xor|   0|  0|  32|          32|          32|
    +-----------------------------------+----------+----+---+----+------------+------------+
    |Total                              |          |   0|  0| 122|         112|          87|
    +-----------------------------------+----------+----+---+----+------------+------------+

    * Multiplexer: 
    +------------------------------+----+-----------+-----+-----------+
    |             Name             | LUT| Input Size| Bits| Total Bits|
    +------------------------------+----+-----------+-----+-----------+
    |ap_NS_fsm                     |  14|          3|    1|          3|
    |ap_done                       |   9|          2|    1|          2|
    |ap_enable_reg_pp0_iter0       |   9|          2|    1|          2|
    |ap_enable_reg_pp0_iter2       |   9|          2|    1|          2|
    |arpRequestFifo_blk_n          |   9|          2|    1|          2|
    |arpTableInsertFifo_blk_n      |   9|          2|    1|          2|
    |arpTable_ipAddress_address0   |  14|          3|    8|         24|
    |arpTable_macAddress_address0  |  14|          3|    8|         24|
    |arpTable_valid_address0       |  14|          3|    8|         24|
    |gatewayIP_blk_n               |   9|          2|    1|          2|
    |macIpEncode_i_blk_n           |   9|          2|    1|          2|
    |macIpEncode_rsp_i_blk_n       |   9|          2|    1|          2|
    |myIpAddress_blk_n             |   9|          2|    1|          2|
    |networkMask_blk_n             |   9|          2|    1|          2|
    +------------------------------+----+-----------+-----+-----------+
    |Total                         | 146|         32|   35|         95|
    +------------------------------+----+-----------+-----+-----------+

    * Register: 
    +----------------------------------+----+----+-----+-----------+
    |               Name               | FF | LUT| Bits| Const Bits|
    +----------------------------------+----+----+-----+-----------+
    |ap_CS_fsm                         |   2|   0|    2|          0|
    |ap_done_reg                       |   1|   0|    1|          0|
    |ap_enable_reg_pp0_iter0_reg       |   1|   0|    1|          0|
    |ap_enable_reg_pp0_iter1           |   1|   0|    1|          0|
    |ap_enable_reg_pp0_iter2           |   1|   0|    1|          0|
    |currEntry_valid_V_1_reg_359       |   1|   0|    1|          0|
    |query_ip_V_reg_334                |  32|   0|   32|          0|
    |query_ip_V_reg_334_pp0_iter1_reg  |  32|   0|   32|          0|
    |select_ln232_reg_339              |   8|   0|    8|          0|
    |tmp_6_i_reg_330                   |   1|   0|    1|          0|
    |tmp_6_i_reg_330_pp0_iter1_reg     |   1|   0|    1|          0|
    |tmp_i_reg_326                     |   1|   0|    1|          0|
    |tmp_i_reg_326_pp0_iter1_reg       |   1|   0|    1|          0|
    +----------------------------------+----+----+-----+-----------+
    |Total                             |  83|   0|   83|          0|
    +----------------------------------+----+----+-----+-----------+



================================================================
== Interface
================================================================
* Summary: 
+------------------------------+-----+-----+------------+---------------------+--------------+
|           RTL Ports          | Dir | Bits|  Protocol  |    Source Object    |    C Type    |
+------------------------------+-----+-----+------------+---------------------+--------------+
|ap_clk                        |   in|    1|  ap_ctrl_hs|            arp_table|  return value|
|ap_rst                        |   in|    1|  ap_ctrl_hs|            arp_table|  return value|
|ap_start                      |   in|    1|  ap_ctrl_hs|            arp_table|  return value|
|ap_done                       |  out|    1|  ap_ctrl_hs|            arp_table|  return value|
|ap_continue                   |   in|    1|  ap_ctrl_hs|            arp_table|  return value|
|ap_idle                       |  out|    1|  ap_ctrl_hs|            arp_table|  return value|
|ap_ready                      |  out|    1|  ap_ctrl_hs|            arp_table|  return value|
|networkMask_dout              |   in|   32|     ap_fifo|          networkMask|       pointer|
|networkMask_empty_n           |   in|    1|     ap_fifo|          networkMask|       pointer|
|networkMask_read              |  out|    1|     ap_fifo|          networkMask|       pointer|
|gatewayIP_dout                |   in|   32|     ap_fifo|            gatewayIP|       pointer|
|gatewayIP_empty_n             |   in|    1|     ap_fifo|            gatewayIP|       pointer|
|gatewayIP_read                |  out|    1|     ap_fifo|            gatewayIP|       pointer|
|myIpAddress_dout              |   in|   32|     ap_fifo|          myIpAddress|       pointer|
|myIpAddress_empty_n           |   in|    1|     ap_fifo|          myIpAddress|       pointer|
|myIpAddress_read              |  out|    1|     ap_fifo|          myIpAddress|       pointer|
|macIpEncode_i_dout            |   in|   32|     ap_fifo|        macIpEncode_i|       pointer|
|macIpEncode_i_empty_n         |   in|    1|     ap_fifo|        macIpEncode_i|       pointer|
|macIpEncode_i_read            |  out|    1|     ap_fifo|        macIpEncode_i|       pointer|
|arpTableInsertFifo_dout       |   in|  128|     ap_fifo|   arpTableInsertFifo|       pointer|
|arpTableInsertFifo_empty_n    |   in|    1|     ap_fifo|   arpTableInsertFifo|       pointer|
|arpTableInsertFifo_read       |  out|    1|     ap_fifo|   arpTableInsertFifo|       pointer|
|macIpEncode_rsp_i_din         |  out|  128|     ap_fifo|    macIpEncode_rsp_i|       pointer|
|macIpEncode_rsp_i_full_n      |   in|    1|     ap_fifo|    macIpEncode_rsp_i|       pointer|
|macIpEncode_rsp_i_write       |  out|    1|     ap_fifo|    macIpEncode_rsp_i|       pointer|
|arpTable_macAddress_address0  |  out|    8|   ap_memory|  arpTable_macAddress|         array|
|arpTable_macAddress_ce0       |  out|    1|   ap_memory|  arpTable_macAddress|         array|
|arpTable_macAddress_we0       |  out|    1|   ap_memory|  arpTable_macAddress|         array|
|arpTable_macAddress_d0        |  out|   48|   ap_memory|  arpTable_macAddress|         array|
|arpTable_macAddress_q0        |   in|   48|   ap_memory|  arpTable_macAddress|         array|
|arpTable_ipAddress_address0   |  out|    8|   ap_memory|   arpTable_ipAddress|         array|
|arpTable_ipAddress_ce0        |  out|    1|   ap_memory|   arpTable_ipAddress|         array|
|arpTable_ipAddress_we0        |  out|    1|   ap_memory|   arpTable_ipAddress|         array|
|arpTable_ipAddress_d0         |  out|   32|   ap_memory|   arpTable_ipAddress|         array|
|arpTable_ipAddress_q0         |   in|   32|   ap_memory|   arpTable_ipAddress|         array|
|arpTable_valid_address0       |  out|    8|   ap_memory|       arpTable_valid|         array|
|arpTable_valid_ce0            |  out|    1|   ap_memory|       arpTable_valid|         array|
|arpTable_valid_we0            |  out|    1|   ap_memory|       arpTable_valid|         array|
|arpTable_valid_d0             |  out|    1|   ap_memory|       arpTable_valid|         array|
|arpTable_valid_q0             |   in|    1|   ap_memory|       arpTable_valid|         array|
|arpRequestFifo_din            |  out|   32|     ap_fifo|       arpRequestFifo|       pointer|
|arpRequestFifo_full_n         |   in|    1|     ap_fifo|       arpRequestFifo|       pointer|
|arpRequestFifo_write          |  out|    1|     ap_fifo|       arpRequestFifo|       pointer|
+------------------------------+-----+-----+------------+---------------------+--------------+

============================================================
+ Verbose Summary: Synthesis Manager
============================================================
InlineROM: 1
ExposeGlobal: 0
============================================================
+ Verbose Summary: CDFG Model
============================================================
IsTopModel: 0
ResetActiveHigh: 1
IsCombinational: 2
IsDatapathOnly: 0
HasWiredReturn: 1
HasMFsm: 2
HasVarLatency: 0
IsPipeline: 1
IsRtlPipelined: 1
IsInstanceOverlapped: 0
IsDontTouch: 0
HasImplIP: 0
IsGatedGlobalClock: 0

+ Individual pipeline summary: 
  * Pipeline-0: initiation interval (II) = 2, depth = 5


============================================================
+ Verbose Summary: Schedule
============================================================
* Number of FSM states : 5
* Pipeline : 1
  Pipeline-0 : II = 2, D = 5, States = { 1 2 3 4 5 }
* Dataflow Pipeline: 0

* FSM state transitions: 
1 --> 2 
2 --> 3 
3 --> 4 
4 --> 5 
5 --> 

* FSM state operations: 

State 1 <SV = 0> <Delay = 0.00>
ST_1 : Operation 6 [1/1] (0.00ns)   --->   "%tmp_i = nbreadreq i1 @_ssdm_op_NbReadReq.ap_fifo.i128P0A, i128 %arpTableInsertFifo, i32 1" [/tools/Xilinx/Vitis_HLS/2021.2/common/technology/autopilot/hls_stream_39.h:135]   --->   Operation 6 'nbreadreq' 'tmp_i' <Predicate = true> <Delay = 0.00> <CoreInst = "FIFO_SRL">   --->   Core 81 'FIFO_SRL' <Latency = 0> <II = 1> <Delay = 1.41> <Storage> <Opcode : 'read' 'write' 'nbread' 'nbwrite'> <Ports = 0> <Width = 128> <Depth = 4> <FIFO>
ST_1 : Operation 7 [1/1] (0.00ns)   --->   "%br_ln224 = br i1 %tmp_i, void, void" [/home/ubuntu/xup_vitis_network_example/NetLayers/100G-fpga-network-stack-core/synthesis_results_HBM/..//hls/arp_server/arp_server.cpp:224]   --->   Operation 7 'br' 'br_ln224' <Predicate = true> <Delay = 0.00>
ST_1 : Operation 8 [1/1] (0.00ns)   --->   "%tmp_6_i = nbreadreq i1 @_ssdm_op_NbReadReq.ap_fifo.i32P0A, i32 %macIpEncode_i, i32 1" [/tools/Xilinx/Vitis_HLS/2021.2/common/technology/autopilot/hls_stream_39.h:135]   --->   Operation 8 'nbreadreq' 'tmp_6_i' <Predicate = (!tmp_i)> <Delay = 0.00> <CoreInst = "FIFO_SRL">   --->   Core 81 'FIFO_SRL' <Latency = 0> <II = 1> <Delay = 1.46> <Storage> <Opcode : 'read' 'write' 'nbread' 'nbwrite'> <Ports = 0> <Width = 32> <Depth = 4> <FIFO>
ST_1 : Operation 9 [1/1] (0.00ns)   --->   "%br_ln228 = br i1 %tmp_6_i, void %._crit_edge.i, void" [/home/ubuntu/xup_vitis_network_example/NetLayers/100G-fpga-network-stack-core/synthesis_results_HBM/..//hls/arp_server/arp_server.cpp:228]   --->   Operation 9 'br' 'br_ln228' <Predicate = (!tmp_i)> <Delay = 0.00>

State 2 <SV = 1> <Delay = 2.61>
ST_2 : Operation 10 [1/1] (0.00ns)   --->   "%specinterface_ln0 = specinterface void @_ssdm_op_SpecInterface, i32 %networkMask, void @ap_fifo_str, i32 0, i32 0, void @p_str, i32 0, i32 0, void @p_str, void @p_str, void @p_str, i32 2, i32 2, i32 16, i32 16, void @p_str, void @ScalarProp_str"   --->   Operation 10 'specinterface' 'specinterface_ln0' <Predicate = true> <Delay = 0.00>
ST_2 : Operation 11 [1/1] (1.45ns)   --->   "%rhs_V = read i32 @_ssdm_op_Read.ap_fifo.i32P0A, i32 %networkMask"   --->   Operation 11 'read' 'rhs_V' <Predicate = true> <Delay = 1.45> <CoreInst = "FIFO_SRL">   --->   Core 81 'FIFO_SRL' <Latency = 0> <II = 1> <Delay = 1.46> <Storage> <Opcode : 'read' 'write' 'nbread' 'nbwrite'> <Ports = 0> <Width = 32> <Depth = 3> <FIFO>
ST_2 : Operation 12 [1/1] (0.00ns)   --->   "%specinterface_ln0 = specinterface void @_ssdm_op_SpecInterface, i32 %gatewayIP, void @ap_fifo_str, i32 0, i32 0, void @p_str, i32 0, i32 0, void @p_str, void @p_str, void @p_str, i32 2, i32 2, i32 16, i32 16, void @p_str, void @ScalarProp_str"   --->   Operation 12 'specinterface' 'specinterface_ln0' <Predicate = true> <Delay = 0.00>
ST_2 : Operation 13 [1/1] (1.45ns)   --->   "%auxIP_V = read i32 @_ssdm_op_Read.ap_fifo.i32P0A, i32 %gatewayIP"   --->   Operation 13 'read' 'auxIP_V' <Predicate = true> <Delay = 1.45> <CoreInst = "FIFO_SRL">   --->   Core 81 'FIFO_SRL' <Latency = 0> <II = 1> <Delay = 1.46> <Storage> <Opcode : 'read' 'write' 'nbread' 'nbwrite'> <Ports = 0> <Width = 32> <Depth = 3> <FIFO>
ST_2 : Operation 14 [1/1] (0.00ns)   --->   "%specinterface_ln0 = specinterface void @_ssdm_op_SpecInterface, i32 %myIpAddress, void @ap_fifo_str, i32 0, i32 0, void @p_str, i32 0, i32 0, void @p_str, void @p_str, void @p_str, i32 2, i32 2, i32 16, i32 16, void @p_str, void @ScalarProp_str"   --->   Operation 14 'specinterface' 'specinterface_ln0' <Predicate = true> <Delay = 0.00>
ST_2 : Operation 15 [1/1] (1.39ns)   --->   "%lhs_V_1 = read i32 @_ssdm_op_Read.ap_fifo.i32P0A, i32 %myIpAddress" [/home/ubuntu/xup_vitis_network_example/NetLayers/100G-fpga-network-stack-core/synthesis_results_HBM/..//hls/arp_server/arp_server.cpp:205]   --->   Operation 15 'read' 'lhs_V_1' <Predicate = true> <Delay = 1.39> <CoreInst = "FIFO_SRL">   --->   Core 81 'FIFO_SRL' <Latency = 0> <II = 1> <Delay = 1.39> <Storage> <Opcode : 'read' 'write' 'nbread' 'nbwrite'> <Ports = 0> <Width = 32> <Depth = 2> <FIFO>
ST_2 : Operation 16 [1/1] (0.00ns)   --->   "%specinterface_ln0 = specinterface void @_ssdm_op_SpecInterface, i32 %arpRequestFifo, void @empty_11, i32 0, i32 0, void @empty_5, i32 0, i32 0, void @empty_5, void @empty_5, void @empty_5, i32 0, i32 0, i32 0, i32 0, void @empty_5, void @empty_5"   --->   Operation 16 'specinterface' 'specinterface_ln0' <Predicate = true> <Delay = 0.00>
ST_2 : Operation 17 [1/1] (0.00ns)   --->   "%specinterface_ln0 = specinterface void @_ssdm_op_SpecInterface, i32 %arpRequestFifo, void @empty_11, i32 0, i32 0, void @empty_5, i32 0, i32 0, void @empty_5, void @empty_5, void @empty_5, i32 0, i32 0, i32 0, i32 0, void @empty_5, void @empty_5"   --->   Operation 17 'specinterface' 'specinterface_ln0' <Predicate = true> <Delay = 0.00>
ST_2 : Operation 18 [1/1] (0.00ns)   --->   "%specinterface_ln0 = specinterface void @_ssdm_op_SpecInterface, i32 %arpRequestFifo, void @empty_11, i32 0, i32 0, void @empty_5, i32 0, i32 0, void @empty_5, void @empty_5, void @empty_5, i32 0, i32 0, i32 0, i32 0, void @empty_5, void @empty_5"   --->   Operation 18 'specinterface' 'specinterface_ln0' <Predicate = true> <Delay = 0.00>
ST_2 : Operation 19 [1/1] (0.00ns)   --->   "%specinterface_ln0 = specinterface void @_ssdm_op_SpecInterface, i128 %arpTableInsertFifo, void @empty_11, i32 0, i32 0, void @empty_5, i32 0, i32 0, void @empty_5, void @empty_5, void @empty_5, i32 0, i32 0, i32 0, i32 0, void @empty_5, void @empty_5"   --->   Operation 19 'specinterface' 'specinterface_ln0' <Predicate = true> <Delay = 0.00>
ST_2 : Operation 20 [1/1] (0.00ns)   --->   "%specinterface_ln0 = specinterface void @_ssdm_op_SpecInterface, i128 %arpTableInsertFifo, void @empty_11, i32 0, i32 0, void @empty_5, i32 0, i32 0, void @empty_5, void @empty_5, void @empty_5, i32 0, i32 0, i32 0, i32 0, void @empty_5, void @empty_5"   --->   Operation 20 'specinterface' 'specinterface_ln0' <Predicate = true> <Delay = 0.00>
ST_2 : Operation 21 [1/1] (0.00ns)   --->   "%specinterface_ln0 = specinterface void @_ssdm_op_SpecInterface, i128 %arpTableInsertFifo, void @empty_11, i32 0, i32 0, void @empty_5, i32 0, i32 0, void @empty_5, void @empty_5, void @empty_5, i32 0, i32 0, i32 0, i32 0, void @empty_5, void @empty_5"   --->   Operation 21 'specinterface' 'specinterface_ln0' <Predicate = true> <Delay = 0.00>
ST_2 : Operation 22 [1/1] (0.00ns)   --->   "%specinterface_ln0 = specinterface void @_ssdm_op_SpecInterface, i32 %macIpEncode_i, void @empty_11, i32 0, i32 0, void @empty_5, i32 0, i32 0, void @empty_5, void @empty_5, void @empty_5, i32 0, i32 0, i32 0, i32 0, void @empty_5, void @empty_5"   --->   Operation 22 'specinterface' 'specinterface_ln0' <Predicate = true> <Delay = 0.00>
ST_2 : Operation 23 [1/1] (0.00ns)   --->   "%specinterface_ln0 = specinterface void @_ssdm_op_SpecInterface, i32 %macIpEncode_i, void @empty_11, i32 0, i32 0, void @empty_5, i32 0, i32 0, void @empty_5, void @empty_5, void @empty_5, i32 0, i32 0, i32 0, i32 0, void @empty_5, void @empty_5"   --->   Operation 23 'specinterface' 'specinterface_ln0' <Predicate = true> <Delay = 0.00>
ST_2 : Operation 24 [1/1] (0.00ns)   --->   "%specinterface_ln0 = specinterface void @_ssdm_op_SpecInterface, i32 %macIpEncode_i, void @empty_11, i32 0, i32 0, void @empty_5, i32 0, i32 0, void @empty_5, void @empty_5, void @empty_5, i32 0, i32 0, i32 0, i32 0, void @empty_5, void @empty_5"   --->   Operation 24 'specinterface' 'specinterface_ln0' <Predicate = true> <Delay = 0.00>
ST_2 : Operation 25 [1/1] (0.00ns)   --->   "%specinterface_ln0 = specinterface void @_ssdm_op_SpecInterface, i128 %macIpEncode_rsp_i, void @empty_11, i32 0, i32 0, void @empty_5, i32 0, i32 0, void @empty_5, void @empty_5, void @empty_5, i32 0, i32 0, i32 0, i32 0, void @empty_5, void @empty_5"   --->   Operation 25 'specinterface' 'specinterface_ln0' <Predicate = true> <Delay = 0.00>
ST_2 : Operation 26 [1/1] (0.00ns)   --->   "%specinterface_ln0 = specinterface void @_ssdm_op_SpecInterface, i128 %macIpEncode_rsp_i, void @empty_11, i32 0, i32 0, void @empty_5, i32 0, i32 0, void @empty_5, void @empty_5, void @empty_5, i32 0, i32 0, i32 0, i32 0, void @empty_5, void @empty_5"   --->   Operation 26 'specinterface' 'specinterface_ln0' <Predicate = true> <Delay = 0.00>
ST_2 : Operation 27 [1/1] (0.00ns)   --->   "%specinterface_ln0 = specinterface void @_ssdm_op_SpecInterface, i128 %macIpEncode_rsp_i, void @empty_11, i32 0, i32 0, void @empty_5, i32 0, i32 0, void @empty_5, void @empty_5, void @empty_5, i32 0, i32 0, i32 0, i32 0, void @empty_5, void @empty_5"   --->   Operation 27 'specinterface' 'specinterface_ln0' <Predicate = true> <Delay = 0.00>
ST_2 : Operation 28 [1/1] (0.00ns)   --->   "%specmemcore_ln0 = specmemcore void @_ssdm_op_SpecMemCore, i1 %arpTable_valid, i64 666, i64 207, i64 1"   --->   Operation 28 'specmemcore' 'specmemcore_ln0' <Predicate = true> <Delay = 0.00>
ST_2 : Operation 29 [1/1] (0.00ns)   --->   "%specmemcore_ln0 = specmemcore void @_ssdm_op_SpecMemCore, i32 %arpTable_ipAddress, i64 666, i64 207, i64 1"   --->   Operation 29 'specmemcore' 'specmemcore_ln0' <Predicate = true> <Delay = 0.00>
ST_2 : Operation 30 [1/1] (0.00ns)   --->   "%specmemcore_ln0 = specmemcore void @_ssdm_op_SpecMemCore, i48 %arpTable_macAddress, i64 666, i64 207, i64 1"   --->   Operation 30 'specmemcore' 'specmemcore_ln0' <Predicate = true> <Delay = 0.00>
ST_2 : Operation 31 [1/1] (0.00ns)   --->   "%specinterface_ln0 = specinterface void @_ssdm_op_SpecInterface, i32 %arpRequestFifo, void @empty_11, i32 0, i32 0, void @empty_5, i32 0, i32 0, void @empty_5, void @empty_5, void @empty_5, i32 0, i32 0, i32 0, i32 0, void @empty_5, void @empty_5"   --->   Operation 31 'specinterface' 'specinterface_ln0' <Predicate = true> <Delay = 0.00>
ST_2 : Operation 32 [1/1] (0.00ns)   --->   "%specinterface_ln0 = specinterface void @_ssdm_op_SpecInterface, i128 %arpTableInsertFifo, void @empty_11, i32 0, i32 0, void @empty_5, i32 0, i32 0, void @empty_5, void @empty_5, void @empty_5, i32 0, i32 0, i32 0, i32 0, void @empty_5, void @empty_5"   --->   Operation 32 'specinterface' 'specinterface_ln0' <Predicate = true> <Delay = 0.00>
ST_2 : Operation 33 [1/1] (0.00ns)   --->   "%specinterface_ln0 = specinterface void @_ssdm_op_SpecInterface, i128 %macIpEncode_rsp_i, void @empty_11, i32 0, i32 0, void @empty_5, i32 0, i32 0, void @empty_5, void @empty_5, void @empty_5, i32 0, i32 0, i32 0, i32 0, void @empty_5, void @empty_5"   --->   Operation 33 'specinterface' 'specinterface_ln0' <Predicate = true> <Delay = 0.00>
ST_2 : Operation 34 [1/1] (0.00ns)   --->   "%specinterface_ln0 = specinterface void @_ssdm_op_SpecInterface, i32 %macIpEncode_i, void @empty_11, i32 0, i32 0, void @empty_5, i32 0, i32 0, void @empty_5, void @empty_5, void @empty_5, i32 0, i32 0, i32 0, i32 0, void @empty_5, void @empty_5"   --->   Operation 34 'specinterface' 'specinterface_ln0' <Predicate = true> <Delay = 0.00>
ST_2 : Operation 35 [1/1] (0.00ns)   --->   "%specinterface_ln0 = specinterface void @_ssdm_op_SpecInterface, i1 %arpTable_valid, void @empty_8, i32 0, i32 0, void @empty_5, i32 1, i32 0, void @empty_5, void @empty_5, void @empty_5, i32 0, i32 0, i32 0, i32 0, void @empty_5, void @empty_5"   --->   Operation 35 'specinterface' 'specinterface_ln0' <Predicate = true> <Delay = 0.00>
ST_2 : Operation 36 [1/1] (0.00ns)   --->   "%specinterface_ln0 = specinterface void @_ssdm_op_SpecInterface, i32 %arpTable_ipAddress, void @empty_8, i32 0, i32 0, void @empty_5, i32 1, i32 0, void @empty_5, void @empty_5, void @empty_5, i32 0, i32 0, i32 0, i32 0, void @empty_5, void @empty_5"   --->   Operation 36 'specinterface' 'specinterface_ln0' <Predicate = true> <Delay = 0.00>
ST_2 : Operation 37 [1/1] (0.00ns)   --->   "%specinterface_ln0 = specinterface void @_ssdm_op_SpecInterface, i48 %arpTable_macAddress, void @empty_8, i32 0, i32 0, void @empty_5, i32 1, i32 0, void @empty_5, void @empty_5, void @empty_5, i32 0, i32 0, i32 0, i32 0, void @empty_5, void @empty_5"   --->   Operation 37 'specinterface' 'specinterface_ln0' <Predicate = true> <Delay = 0.00>
ST_2 : Operation 38 [1/1] (0.00ns)   --->   "%specpipeline_ln205 = specpipeline void @_ssdm_op_SpecPipeline, i32 1, i32 0, i32 0, i32 0, void @empty_5" [/home/ubuntu/xup_vitis_network_example/NetLayers/100G-fpga-network-stack-core/synthesis_results_HBM/..//hls/arp_server/arp_server.cpp:205]   --->   Operation 38 'specpipeline' 'specpipeline_ln205' <Predicate = true> <Delay = 0.00>
ST_2 : Operation 39 [1/1] (1.45ns)   --->   "%query_ip_V = read i32 @_ssdm_op_Read.ap_fifo.volatile.i32P0A, i32 %macIpEncode_i" [/tools/Xilinx/Vitis_HLS/2021.2/common/technology/autopilot/hls_stream_39.h:144]   --->   Operation 39 'read' 'query_ip_V' <Predicate = (!tmp_i & tmp_6_i)> <Delay = 1.45> <CoreInst = "FIFO_SRL">   --->   Core 81 'FIFO_SRL' <Latency = 0> <II = 1> <Delay = 1.46> <Storage> <Opcode : 'read' 'write' 'nbread' 'nbwrite'> <Ports = 0> <Width = 32> <Depth = 4> <FIFO>
ST_2 : Operation 40 [1/1] (0.00ns) (grouped into LUT with out node icmp_ln1064)   --->   "%xor_ln1064 = xor i32 %lhs_V_1, i32 %query_ip_V"   --->   Operation 40 'xor' 'xor_ln1064' <Predicate = (!tmp_i & tmp_6_i)> <Delay = 0.00> <CoreInst = "LogicGate">   --->   Core 74 'LogicGate' <Latency = 0> <II = 1> <Delay = 0.21> <FuncUnit> <Opcode : 'and' 'or' 'xor'> <InPorts = 2> <OutPorts = 1>
ST_2 : Operation 41 [1/1] (0.00ns) (grouped into LUT with out node icmp_ln1064)   --->   "%and_ln1064 = and i32 %rhs_V, i32 %xor_ln1064"   --->   Operation 41 'and' 'and_ln1064' <Predicate = (!tmp_i & tmp_6_i)> <Delay = 0.00> <CoreInst = "LogicGate">   --->   Core 74 'LogicGate' <Latency = 0> <II = 1> <Delay = 0.21> <FuncUnit> <Opcode : 'and' 'or' 'xor'> <InPorts = 2> <OutPorts = 1>
ST_2 : Operation 42 [1/1] (0.85ns) (out node of the LUT)   --->   "%icmp_ln1064 = icmp_eq  i32 %and_ln1064, i32 0"   --->   Operation 42 'icmp' 'icmp_ln1064' <Predicate = (!tmp_i & tmp_6_i)> <Delay = 0.85> <CoreInst = "Cmp">   --->   Core 9 'Cmp' <Latency = 0> <II = 1> <Delay = 0.85> <FuncUnit> <Opcode : 'icmp'> <InPorts = 2> <OutPorts = 1>
ST_2 : Operation 43 [1/1] (0.00ns)   --->   "%tmp_7_i = partselect i8 @_ssdm_op_PartSelect.i8.i32.i32.i32, i32 %query_ip_V, i32 24, i32 31"   --->   Operation 43 'partselect' 'tmp_7_i' <Predicate = (!tmp_i & tmp_6_i)> <Delay = 0.00>
ST_2 : Operation 44 [1/1] (0.00ns)   --->   "%tmp_8_i = partselect i8 @_ssdm_op_PartSelect.i8.i32.i32.i32, i32 %auxIP_V, i32 24, i32 31"   --->   Operation 44 'partselect' 'tmp_8_i' <Predicate = (!tmp_i & tmp_6_i)> <Delay = 0.00>
ST_2 : Operation 45 [1/1] (0.30ns)   --->   "%select_ln232 = select i1 %icmp_ln1064, i8 %tmp_7_i, i8 %tmp_8_i" [/home/ubuntu/xup_vitis_network_example/NetLayers/100G-fpga-network-stack-core/synthesis_results_HBM/..//hls/arp_server/arp_server.cpp:232]   --->   Operation 45 'select' 'select_ln232' <Predicate = (!tmp_i & tmp_6_i)> <Delay = 0.30> <CoreInst = "Sel">   --->   Core 73 'Sel' <Latency = 0> <II = 1> <Delay = 0.30> <FuncUnit> <Opcode : 'select'> <InPorts = 3> <OutPorts = 1>
ST_2 : Operation 46 [1/1] (1.41ns)   --->   "%arpTableInsertFifo_read = read i128 @_ssdm_op_Read.ap_fifo.volatile.i128P0A, i128 %arpTableInsertFifo" [/tools/Xilinx/Vitis_HLS/2021.2/common/technology/autopilot/hls_stream_39.h:144]   --->   Operation 46 'read' 'arpTableInsertFifo_read' <Predicate = (tmp_i)> <Delay = 1.41> <CoreInst = "FIFO_SRL">   --->   Core 81 'FIFO_SRL' <Latency = 0> <II = 1> <Delay = 1.41> <Storage> <Opcode : 'read' 'write' 'nbread' 'nbwrite'> <Ports = 0> <Width = 128> <Depth = 4> <FIFO>
ST_2 : Operation 47 [1/1] (0.00ns)   --->   "%currEntry_macAddress_V = trunc i128 %arpTableInsertFifo_read" [/tools/Xilinx/Vitis_HLS/2021.2/common/technology/autopilot/hls_stream_39.h:144]   --->   Operation 47 'trunc' 'currEntry_macAddress_V' <Predicate = (tmp_i)> <Delay = 0.00>
ST_2 : Operation 48 [1/1] (0.00ns)   --->   "%currEntry_ipAddress_V_2 = partselect i32 @_ssdm_op_PartSelect.i32.i128.i32.i32, i128 %arpTableInsertFifo_read, i32 64, i32 95" [/tools/Xilinx/Vitis_HLS/2021.2/common/technology/autopilot/hls_stream_39.h:144]   --->   Operation 48 'partselect' 'currEntry_ipAddress_V_2' <Predicate = (tmp_i)> <Delay = 0.00>
ST_2 : Operation 49 [1/1] (0.00ns)   --->   "%currEntry_valid_V = bitselect i1 @_ssdm_op_BitSelect.i1.i128.i32, i128 %arpTableInsertFifo_read, i32 96" [/tools/Xilinx/Vitis_HLS/2021.2/common/technology/autopilot/hls_stream_39.h:144]   --->   Operation 49 'bitselect' 'currEntry_valid_V' <Predicate = (tmp_i)> <Delay = 0.00>
ST_2 : Operation 50 [1/1] (0.00ns)   --->   "%p_Result_4_i = partselect i8 @_ssdm_op_PartSelect.i8.i128.i32.i32, i128 %arpTableInsertFifo_read, i32 88, i32 95"   --->   Operation 50 'partselect' 'p_Result_4_i' <Predicate = (tmp_i)> <Delay = 0.00>
ST_2 : Operation 51 [1/1] (0.00ns)   --->   "%zext_ln587 = zext i8 %p_Result_4_i"   --->   Operation 51 'zext' 'zext_ln587' <Predicate = (tmp_i)> <Delay = 0.00>
ST_2 : Operation 52 [1/1] (0.00ns)   --->   "%arpTable_macAddress_addr = getelementptr i48 %arpTable_macAddress, i64 0, i64 %zext_ln587" [/home/ubuntu/xup_vitis_network_example/NetLayers/100G-fpga-network-stack-core/synthesis_results_HBM/..//hls/arp_server/arp_server.cpp:226]   --->   Operation 52 'getelementptr' 'arpTable_macAddress_addr' <Predicate = (tmp_i)> <Delay = 0.00>
ST_2 : Operation 53 [1/1] (1.20ns)   --->   "%store_ln226 = store i48 %currEntry_macAddress_V, i8 %arpTable_macAddress_addr" [/home/ubuntu/xup_vitis_network_example/NetLayers/100G-fpga-network-stack-core/synthesis_results_HBM/..//hls/arp_server/arp_server.cpp:226]   --->   Operation 53 'store' 'store_ln226' <Predicate = (tmp_i)> <Delay = 1.20> <CoreInst = "RAM_1P">   --->   Core 88 'RAM_1P' <Latency = 1> <II = 1> <Delay = 1.20> <Storage> <Opcode : 'load' 'store'> <Ports = 1> <Width = 48> <Depth = 256> <RAM>
ST_2 : Operation 54 [1/1] (0.00ns)   --->   "%arpTable_ipAddress_addr = getelementptr i32 %arpTable_ipAddress, i64 0, i64 %zext_ln587" [/home/ubuntu/xup_vitis_network_example/NetLayers/100G-fpga-network-stack-core/synthesis_results_HBM/..//hls/arp_server/arp_server.cpp:226]   --->   Operation 54 'getelementptr' 'arpTable_ipAddress_addr' <Predicate = (tmp_i)> <Delay = 0.00>
ST_2 : Operation 55 [1/1] (1.19ns)   --->   "%store_ln226 = store i32 %currEntry_ipAddress_V_2, i8 %arpTable_ipAddress_addr" [/home/ubuntu/xup_vitis_network_example/NetLayers/100G-fpga-network-stack-core/synthesis_results_HBM/..//hls/arp_server/arp_server.cpp:226]   --->   Operation 55 'store' 'store_ln226' <Predicate = (tmp_i)> <Delay = 1.19> <CoreInst = "RAM_1P">   --->   Core 88 'RAM_1P' <Latency = 1> <II = 1> <Delay = 1.19> <Storage> <Opcode : 'load' 'store'> <Ports = 1> <Width = 32> <Depth = 256> <RAM>
ST_2 : Operation 56 [1/1] (0.00ns)   --->   "%arpTable_valid_addr = getelementptr i1 %arpTable_valid, i64 0, i64 %zext_ln587" [/home/ubuntu/xup_vitis_network_example/NetLayers/100G-fpga-network-stack-core/synthesis_results_HBM/..//hls/arp_server/arp_server.cpp:226]   --->   Operation 56 'getelementptr' 'arpTable_valid_addr' <Predicate = (tmp_i)> <Delay = 0.00>
ST_2 : Operation 57 [1/1] (0.59ns)   --->   "%store_ln226 = store i1 %currEntry_valid_V, i8 %arpTable_valid_addr" [/home/ubuntu/xup_vitis_network_example/NetLayers/100G-fpga-network-stack-core/synthesis_results_HBM/..//hls/arp_server/arp_server.cpp:226]   --->   Operation 57 'store' 'store_ln226' <Predicate = (tmp_i)> <Delay = 0.59> <CoreInst = "RAM_1P">   --->   Core 88 'RAM_1P' <Latency = 1> <II = 1> <Delay = 0.59> <Storage> <Opcode : 'load' 'store'> <Ports = 1> <Width = 1> <Depth = 256> <RAM>
ST_2 : Operation 58 [1/1] (0.00ns)   --->   "%br_ln227 = br void %arp_table.exit" [/home/ubuntu/xup_vitis_network_example/NetLayers/100G-fpga-network-stack-core/synthesis_results_HBM/..//hls/arp_server/arp_server.cpp:227]   --->   Operation 58 'br' 'br_ln227' <Predicate = (tmp_i)> <Delay = 0.00>

State 3 <SV = 2> <Delay = 1.20>
ST_3 : Operation 59 [1/1] (0.00ns)   --->   "%zext_ln708 = zext i8 %select_ln232"   --->   Operation 59 'zext' 'zext_ln708' <Predicate = (!tmp_i & tmp_6_i)> <Delay = 0.00>
ST_3 : Operation 60 [1/1] (0.00ns)   --->   "%arpTable_macAddress_addr_1 = getelementptr i48 %arpTable_macAddress, i64 0, i64 %zext_ln708" [/home/ubuntu/xup_vitis_network_example/NetLayers/100G-fpga-network-stack-core/synthesis_results_HBM/..//hls/arp_server/arp_server.cpp:237]   --->   Operation 60 'getelementptr' 'arpTable_macAddress_addr_1' <Predicate = (!tmp_i & tmp_6_i)> <Delay = 0.00>
ST_3 : Operation 61 [2/2] (1.20ns)   --->   "%currEntry_macAddress_V_1 = load i8 %arpTable_macAddress_addr_1" [/home/ubuntu/xup_vitis_network_example/NetLayers/100G-fpga-network-stack-core/synthesis_results_HBM/..//hls/arp_server/arp_server.cpp:237]   --->   Operation 61 'load' 'currEntry_macAddress_V_1' <Predicate = (!tmp_i & tmp_6_i)> <Delay = 1.20> <CoreInst = "RAM_1P">   --->   Core 88 'RAM_1P' <Latency = 1> <II = 1> <Delay = 1.20> <Storage> <Opcode : 'load' 'store'> <Ports = 1> <Width = 48> <Depth = 256> <RAM>
ST_3 : Operation 62 [1/1] (0.00ns)   --->   "%arpTable_ipAddress_addr_1 = getelementptr i32 %arpTable_ipAddress, i64 0, i64 %zext_ln708" [/home/ubuntu/xup_vitis_network_example/NetLayers/100G-fpga-network-stack-core/synthesis_results_HBM/..//hls/arp_server/arp_server.cpp:237]   --->   Operation 62 'getelementptr' 'arpTable_ipAddress_addr_1' <Predicate = (!tmp_i & tmp_6_i)> <Delay = 0.00>
ST_3 : Operation 63 [2/2] (1.19ns)   --->   "%currEntry_ipAddress_V = load i8 %arpTable_ipAddress_addr_1" [/home/ubuntu/xup_vitis_network_example/NetLayers/100G-fpga-network-stack-core/synthesis_results_HBM/..//hls/arp_server/arp_server.cpp:237]   --->   Operation 63 'load' 'currEntry_ipAddress_V' <Predicate = (!tmp_i & tmp_6_i)> <Delay = 1.19> <CoreInst = "RAM_1P">   --->   Core 88 'RAM_1P' <Latency = 1> <II = 1> <Delay = 1.19> <Storage> <Opcode : 'load' 'store'> <Ports = 1> <Width = 32> <Depth = 256> <RAM>
ST_3 : Operation 64 [1/1] (0.00ns)   --->   "%arpTable_valid_addr_1 = getelementptr i1 %arpTable_valid, i64 0, i64 %zext_ln708" [/home/ubuntu/xup_vitis_network_example/NetLayers/100G-fpga-network-stack-core/synthesis_results_HBM/..//hls/arp_server/arp_server.cpp:237]   --->   Operation 64 'getelementptr' 'arpTable_valid_addr_1' <Predicate = (!tmp_i & tmp_6_i)> <Delay = 0.00>
ST_3 : Operation 65 [2/2] (0.59ns)   --->   "%currEntry_valid_V_1 = load i8 %arpTable_valid_addr_1" [/home/ubuntu/xup_vitis_network_example/NetLayers/100G-fpga-network-stack-core/synthesis_results_HBM/..//hls/arp_server/arp_server.cpp:237]   --->   Operation 65 'load' 'currEntry_valid_V_1' <Predicate = (!tmp_i & tmp_6_i)> <Delay = 0.59> <CoreInst = "RAM_1P">   --->   Core 88 'RAM_1P' <Latency = 1> <II = 1> <Delay = 0.59> <Storage> <Opcode : 'load' 'store'> <Ports = 1> <Width = 1> <Depth = 256> <RAM>

State 4 <SV = 3> <Delay = 2.61>
ST_4 : Operation 66 [1/2] (1.20ns)   --->   "%currEntry_macAddress_V_1 = load i8 %arpTable_macAddress_addr_1" [/home/ubuntu/xup_vitis_network_example/NetLayers/100G-fpga-network-stack-core/synthesis_results_HBM/..//hls/arp_server/arp_server.cpp:237]   --->   Operation 66 'load' 'currEntry_macAddress_V_1' <Predicate = (!tmp_i & tmp_6_i)> <Delay = 1.20> <CoreInst = "RAM_1P">   --->   Core 88 'RAM_1P' <Latency = 1> <II = 1> <Delay = 1.20> <Storage> <Opcode : 'load' 'store'> <Ports = 1> <Width = 48> <Depth = 256> <RAM>
ST_4 : Operation 67 [1/2] (1.19ns)   --->   "%currEntry_ipAddress_V = load i8 %arpTable_ipAddress_addr_1" [/home/ubuntu/xup_vitis_network_example/NetLayers/100G-fpga-network-stack-core/synthesis_results_HBM/..//hls/arp_server/arp_server.cpp:237]   --->   Operation 67 'load' 'currEntry_ipAddress_V' <Predicate = (!tmp_i & tmp_6_i)> <Delay = 1.19> <CoreInst = "RAM_1P">   --->   Core 88 'RAM_1P' <Latency = 1> <II = 1> <Delay = 1.19> <Storage> <Opcode : 'load' 'store'> <Ports = 1> <Width = 32> <Depth = 256> <RAM>
ST_4 : Operation 68 [1/2] (0.59ns)   --->   "%currEntry_valid_V_1 = load i8 %arpTable_valid_addr_1" [/home/ubuntu/xup_vitis_network_example/NetLayers/100G-fpga-network-stack-core/synthesis_results_HBM/..//hls/arp_server/arp_server.cpp:237]   --->   Operation 68 'load' 'currEntry_valid_V_1' <Predicate = (!tmp_i & tmp_6_i)> <Delay = 0.59> <CoreInst = "RAM_1P">   --->   Core 88 'RAM_1P' <Latency = 1> <II = 1> <Delay = 0.59> <Storage> <Opcode : 'load' 'store'> <Ports = 1> <Width = 1> <Depth = 256> <RAM>
ST_4 : Operation 69 [1/1] (0.00ns)   --->   "%br_ln239 = br i1 %currEntry_valid_V_1, void, void %._crit_edge1.i" [/home/ubuntu/xup_vitis_network_example/NetLayers/100G-fpga-network-stack-core/synthesis_results_HBM/..//hls/arp_server/arp_server.cpp:239]   --->   Operation 69 'br' 'br_ln239' <Predicate = (!tmp_i & tmp_6_i)> <Delay = 0.00>
ST_4 : Operation 70 [1/1] (0.00ns)   --->   "%tmp_9_i = bitconcatenate i97 @_ssdm_op_BitConcatenate.i97.i1.i32.i16.i48, i1 %currEntry_valid_V_1, i32 %currEntry_ipAddress_V, i16 0, i48 %currEntry_macAddress_V_1" [/tools/Xilinx/Vitis_HLS/2021.2/common/technology/autopilot/hls_stream_39.h:173]   --->   Operation 70 'bitconcatenate' 'tmp_9_i' <Predicate = (!tmp_i & tmp_6_i)> <Delay = 0.00>
ST_4 : Operation 71 [1/1] (0.00ns)   --->   "%zext_ln173 = zext i97 %tmp_9_i" [/tools/Xilinx/Vitis_HLS/2021.2/common/technology/autopilot/hls_stream_39.h:173]   --->   Operation 71 'zext' 'zext_ln173' <Predicate = (!tmp_i & tmp_6_i)> <Delay = 0.00>
ST_4 : Operation 72 [1/1] (1.41ns)   --->   "%write_ln173 = write void @_ssdm_op_Write.ap_fifo.volatile.i128P0A, i128 %macIpEncode_rsp_i, i128 %zext_ln173" [/tools/Xilinx/Vitis_HLS/2021.2/common/technology/autopilot/hls_stream_39.h:173]   --->   Operation 72 'write' 'write_ln173' <Predicate = (!tmp_i & tmp_6_i)> <Delay = 1.41> <CoreInst = "FIFO_SRL">   --->   Core 81 'FIFO_SRL' <Latency = 0> <II = 1> <Delay = 1.41> <Storage> <Opcode : 'read' 'write' 'nbread' 'nbwrite'> <Ports = 0> <Width = 128> <Depth = 4> <FIFO>
ST_4 : Operation 73 [1/1] (0.00ns)   --->   "%br_ln244 = br void %._crit_edge.i" [/home/ubuntu/xup_vitis_network_example/NetLayers/100G-fpga-network-stack-core/synthesis_results_HBM/..//hls/arp_server/arp_server.cpp:244]   --->   Operation 73 'br' 'br_ln244' <Predicate = (!tmp_i & tmp_6_i)> <Delay = 0.00>

State 5 <SV = 4> <Delay = 1.45>
ST_5 : Operation 74 [1/1] (1.45ns)   --->   "%write_ln173 = write void @_ssdm_op_Write.ap_fifo.volatile.i32P0A, i32 %arpRequestFifo, i32 %query_ip_V" [/tools/Xilinx/Vitis_HLS/2021.2/common/technology/autopilot/hls_stream_39.h:173]   --->   Operation 74 'write' 'write_ln173' <Predicate = (!tmp_i & tmp_6_i & !currEntry_valid_V_1)> <Delay = 1.45> <CoreInst = "FIFO_SRL">   --->   Core 81 'FIFO_SRL' <Latency = 0> <II = 1> <Delay = 1.46> <Storage> <Opcode : 'read' 'write' 'nbread' 'nbwrite'> <Ports = 0> <Width = 32> <Depth = 4> <FIFO>
ST_5 : Operation 75 [1/1] (0.00ns)   --->   "%br_ln241 = br void %._crit_edge1.i" [/home/ubuntu/xup_vitis_network_example/NetLayers/100G-fpga-network-stack-core/synthesis_results_HBM/..//hls/arp_server/arp_server.cpp:241]   --->   Operation 75 'br' 'br_ln241' <Predicate = (!tmp_i & tmp_6_i & !currEntry_valid_V_1)> <Delay = 0.00>
ST_5 : Operation 76 [1/1] (0.00ns)   --->   "%br_ln0 = br void %arp_table.exit"   --->   Operation 76 'br' 'br_ln0' <Predicate = (!tmp_i)> <Delay = 0.00>
ST_5 : Operation 77 [1/1] (0.00ns)   --->   "%ret_ln0 = ret"   --->   Operation 77 'ret' 'ret_ln0' <Predicate = true> <Delay = 0.00>


============================================================
+ Verbose Summary: Binding
============================================================
STG Binding: 
---------------- STG Properties BEGIN ----------------
- Is combinational: 0
- Is one-state seq: 0
- Is datapath-only: 0
- Is pipelined: 1
- Is top level: 0
Port [ Return ] is wired: 1; IO mode=ap_ctrl_hs:ce=0
Port [ arpTable_macAddress]:  wired=1; compound=1; hidden=0; nouse=0; global=0; static=0; extern=0; dir=2; type=1; pingpong=0; private_global=0; MemPort=[2]; IO mode=ap_memory:ce=0
Port [ arpTable_ipAddress]:  wired=1; compound=1; hidden=0; nouse=0; global=0; static=0; extern=0; dir=2; type=1; pingpong=0; private_global=0; MemPort=[2]; IO mode=ap_memory:ce=0
Port [ arpTable_valid]:  wired=1; compound=1; hidden=0; nouse=0; global=0; static=0; extern=0; dir=2; type=1; pingpong=0; private_global=0; MemPort=[2]; IO mode=ap_memory:ce=0
Port [ myIpAddress]:  wired=1; compound=1; hidden=0; nouse=0; global=0; static=0; extern=0; dir=0; type=3; pingpong=0; private_global=0; IO mode=ap_fifo:ce=0
Port [ gatewayIP]:  wired=1; compound=1; hidden=0; nouse=0; global=0; static=0; extern=0; dir=0; type=3; pingpong=0; private_global=0; IO mode=ap_fifo:ce=0
Port [ networkMask]:  wired=1; compound=1; hidden=0; nouse=0; global=0; static=0; extern=0; dir=0; type=3; pingpong=0; private_global=0; IO mode=ap_fifo:ce=0
Port [ arpTableInsertFifo]:  wired=1; compound=1; hidden=0; nouse=0; global=1; static=1; extern=0; dir=0; type=3; pingpong=0; private_global=0; IO mode=ap_fifo:ce=0
Port [ macIpEncode_i]:  wired=1; compound=1; hidden=0; nouse=0; global=1; static=1; extern=0; dir=0; type=3; pingpong=0; private_global=0; IO mode=ap_fifo:ce=0
Port [ arpRequestFifo]:  wired=1; compound=1; hidden=0; nouse=0; global=1; static=1; extern=0; dir=1; type=3; pingpong=0; private_global=0; IO mode=ap_fifo:ce=0
Port [ macIpEncode_rsp_i]:  wired=1; compound=1; hidden=0; nouse=0; global=1; static=1; extern=0; dir=1; type=3; pingpong=0; private_global=0; IO mode=ap_fifo:ce=0
---------------- STG Properties END ------------------

---------------- Datapath Model BEGIN ----------------

<LifeTime>
<method=bitvector/>
tmp_i                      (nbreadreq     ) [ 011111]
br_ln224                   (br            ) [ 000000]
tmp_6_i                    (nbreadreq     ) [ 011111]
br_ln228                   (br            ) [ 000000]
specinterface_ln0          (specinterface ) [ 000000]
rhs_V                      (read          ) [ 000000]
specinterface_ln0          (specinterface ) [ 000000]
auxIP_V                    (read          ) [ 000000]
specinterface_ln0          (specinterface ) [ 000000]
lhs_V_1                    (read          ) [ 000000]
specinterface_ln0          (specinterface ) [ 000000]
specinterface_ln0          (specinterface ) [ 000000]
specinterface_ln0          (specinterface ) [ 000000]
specinterface_ln0          (specinterface ) [ 000000]
specinterface_ln0          (specinterface ) [ 000000]
specinterface_ln0          (specinterface ) [ 000000]
specinterface_ln0          (specinterface ) [ 000000]
specinterface_ln0          (specinterface ) [ 000000]
specinterface_ln0          (specinterface ) [ 000000]
specinterface_ln0          (specinterface ) [ 000000]
specinterface_ln0          (specinterface ) [ 000000]
specinterface_ln0          (specinterface ) [ 000000]
specmemcore_ln0            (specmemcore   ) [ 000000]
specmemcore_ln0            (specmemcore   ) [ 000000]
specmemcore_ln0            (specmemcore   ) [ 000000]
specinterface_ln0          (specinterface ) [ 000000]
specinterface_ln0          (specinterface ) [ 000000]
specinterface_ln0          (specinterface ) [ 000000]
specinterface_ln0          (specinterface ) [ 000000]
specinterface_ln0          (specinterface ) [ 000000]
specinterface_ln0          (specinterface ) [ 000000]
specinterface_ln0          (specinterface ) [ 000000]
specpipeline_ln205         (specpipeline  ) [ 000000]
query_ip_V                 (read          ) [ 011111]
xor_ln1064                 (xor           ) [ 000000]
and_ln1064                 (and           ) [ 000000]
icmp_ln1064                (icmp          ) [ 000000]
tmp_7_i                    (partselect    ) [ 000000]
tmp_8_i                    (partselect    ) [ 000000]
select_ln232               (select        ) [ 010100]
arpTableInsertFifo_read    (read          ) [ 000000]
currEntry_macAddress_V     (trunc         ) [ 000000]
currEntry_ipAddress_V_2    (partselect    ) [ 000000]
currEntry_valid_V          (bitselect     ) [ 000000]
p_Result_4_i               (partselect    ) [ 000000]
zext_ln587                 (zext          ) [ 000000]
arpTable_macAddress_addr   (getelementptr ) [ 000000]
store_ln226                (store         ) [ 000000]
arpTable_ipAddress_addr    (getelementptr ) [ 000000]
store_ln226                (store         ) [ 000000]
arpTable_valid_addr        (getelementptr ) [ 000000]
store_ln226                (store         ) [ 000000]
br_ln227                   (br            ) [ 000000]
zext_ln708                 (zext          ) [ 000000]
arpTable_macAddress_addr_1 (getelementptr ) [ 001010]
arpTable_ipAddress_addr_1  (getelementptr ) [ 001010]
arpTable_valid_addr_1      (getelementptr ) [ 001010]
currEntry_macAddress_V_1   (load          ) [ 000000]
currEntry_ipAddress_V      (load          ) [ 000000]
currEntry_valid_V_1        (load          ) [ 010001]
br_ln239                   (br            ) [ 000000]
tmp_9_i                    (bitconcatenate) [ 000000]
zext_ln173                 (zext          ) [ 000000]
write_ln173                (write         ) [ 000000]
br_ln244                   (br            ) [ 000000]
write_ln173                (write         ) [ 000000]
br_ln241                   (br            ) [ 000000]
br_ln0                     (br            ) [ 000000]
ret_ln0                    (ret           ) [ 000000]
</LifeTime>

<model>

<comp_list>
<comp id="0" class="1000" name="arpTable_macAddress">
<pin_list>
<pin id="1" dir="1" index="0" bw="1" slack="0"/>
</pin_list>
<bind>
<StgValue><ssdm name="arpTable_macAddress"/><MemPortTyVec>2 </MemPortTyVec>
</StgValue>
</bind>
</comp>

<comp id="2" class="1000" name="arpTable_ipAddress">
<pin_list>
<pin id="3" dir="1" index="0" bw="1" slack="0"/>
</pin_list>
<bind>
<StgValue><ssdm name="arpTable_ipAddress"/><MemPortTyVec>2 </MemPortTyVec>
</StgValue>
</bind>
</comp>

<comp id="4" class="1000" name="arpTable_valid">
<pin_list>
<pin id="5" dir="1" index="0" bw="1" slack="0"/>
</pin_list>
<bind>
<StgValue><ssdm name="arpTable_valid"/><MemPortTyVec>2 </MemPortTyVec>
</StgValue>
</bind>
</comp>

<comp id="6" class="1000" name="myIpAddress">
<pin_list>
<pin id="7" dir="1" index="0" bw="1" slack="0"/>
</pin_list>
<bind>
<StgValue><ssdm name="myIpAddress"/></StgValue>
</bind>
</comp>

<comp id="8" class="1000" name="gatewayIP">
<pin_list>
<pin id="9" dir="1" index="0" bw="1" slack="0"/>
</pin_list>
<bind>
<StgValue><ssdm name="gatewayIP"/></StgValue>
</bind>
</comp>

<comp id="10" class="1000" name="networkMask">
<pin_list>
<pin id="11" dir="1" index="0" bw="1" slack="0"/>
</pin_list>
<bind>
<StgValue><ssdm name="networkMask"/></StgValue>
</bind>
</comp>

<comp id="12" class="1000" name="arpTableInsertFifo">
<pin_list>
<pin id="13" dir="1" index="0" bw="1" slack="0"/>
</pin_list>
<bind>
<StgValue><ssdm name="arpTableInsertFifo"/></StgValue>
</bind>
</comp>

<comp id="14" class="1000" name="macIpEncode_i">
<pin_list>
<pin id="15" dir="1" index="0" bw="1" slack="0"/>
</pin_list>
<bind>
<StgValue><ssdm name="macIpEncode_i"/></StgValue>
</bind>
</comp>

<comp id="16" class="1000" name="arpRequestFifo">
<pin_list>
<pin id="17" dir="1" index="0" bw="1" slack="0"/>
</pin_list>
<bind>
<StgValue><ssdm name="arpRequestFifo"/></StgValue>
</bind>
</comp>

<comp id="18" class="1000" name="macIpEncode_rsp_i">
<pin_list>
<pin id="19" dir="1" index="0" bw="1" slack="0"/>
</pin_list>
<bind>
<StgValue><ssdm name="macIpEncode_rsp_i"/></StgValue>
</bind>
</comp>

<comp id="20" class="1001" name="const_20">
<pin_list>
<pin id="21" dir="1" index="0" bw="1" slack="0"/>
</pin_list>
<bind>
<StgValue><ssdm name="_ssdm_op_NbReadReq.ap_fifo.i128P0A"/></StgValue>
</bind>
</comp>

<comp id="22" class="1001" name="const_22">
<pin_list>
<pin id="23" dir="1" index="0" bw="1" slack="0"/>
</pin_list>
<bind>
<StgValue><ssdm name=""/></StgValue>
</bind>
</comp>

<comp id="24" class="1001" name="const_24">
<pin_list>
<pin id="25" dir="1" index="0" bw="1" slack="0"/>
</pin_list>
<bind>
<StgValue><ssdm name="_ssdm_op_NbReadReq.ap_fifo.i32P0A"/></StgValue>
</bind>
</comp>

<comp id="26" class="1001" name="const_26">
<pin_list>
<pin id="27" dir="1" index="0" bw="1" slack="2147483647"/>
</pin_list>
<bind>
<StgValue><ssdm name="_ssdm_op_SpecInterface"/></StgValue>
</bind>
</comp>

<comp id="28" class="1001" name="const_28">
<pin_list>
<pin id="29" dir="1" index="0" bw="1" slack="2147483647"/>
</pin_list>
<bind>
<StgValue><ssdm name="ap_fifo_str"/></StgValue>
</bind>
</comp>

<comp id="30" class="1001" name="const_30">
<pin_list>
<pin id="31" dir="1" index="0" bw="1" slack="0"/>
</pin_list>
<bind>
<StgValue><ssdm name=""/></StgValue>
</bind>
</comp>

<comp id="32" class="1001" name="const_32">
<pin_list>
<pin id="33" dir="1" index="0" bw="1" slack="2147483647"/>
</pin_list>
<bind>
<StgValue><ssdm name="p_str"/></StgValue>
</bind>
</comp>

<comp id="34" class="1001" name="const_34">
<pin_list>
<pin id="35" dir="1" index="0" bw="1" slack="2147483647"/>
</pin_list>
<bind>
<StgValue><ssdm name=""/></StgValue>
</bind>
</comp>

<comp id="36" class="1001" name="const_36">
<pin_list>
<pin id="37" dir="1" index="0" bw="1" slack="2147483647"/>
</pin_list>
<bind>
<StgValue><ssdm name=""/></StgValue>
</bind>
</comp>

<comp id="38" class="1001" name="const_38">
<pin_list>
<pin id="39" dir="1" index="0" bw="1" slack="2147483647"/>
</pin_list>
<bind>
<StgValue><ssdm name="ScalarProp_str"/></StgValue>
</bind>
</comp>

<comp id="40" class="1001" name="const_40">
<pin_list>
<pin id="41" dir="1" index="0" bw="1" slack="0"/>
</pin_list>
<bind>
<StgValue><ssdm name="_ssdm_op_Read.ap_fifo.i32P0A"/></StgValue>
</bind>
</comp>

<comp id="42" class="1001" name="const_42">
<pin_list>
<pin id="43" dir="1" index="0" bw="1" slack="2147483647"/>
</pin_list>
<bind>
<StgValue><ssdm name="empty_11"/></StgValue>
</bind>
</comp>

<comp id="44" class="1001" name="const_44">
<pin_list>
<pin id="45" dir="1" index="0" bw="1" slack="2147483647"/>
</pin_list>
<bind>
<StgValue><ssdm name="empty_5"/></StgValue>
</bind>
</comp>

<comp id="46" class="1001" name="const_46">
<pin_list>
<pin id="47" dir="1" index="0" bw="1" slack="2147483647"/>
</pin_list>
<bind>
<StgValue><ssdm name="_ssdm_op_SpecMemCore"/></StgValue>
</bind>
</comp>

<comp id="48" class="1001" name="const_48">
<pin_list>
<pin id="49" dir="1" index="0" bw="1" slack="2147483647"/>
</pin_list>
<bind>
<StgValue><ssdm name=""/></StgValue>
</bind>
</comp>

<comp id="50" class="1001" name="const_50">
<pin_list>
<pin id="51" dir="1" index="0" bw="1" slack="2147483647"/>
</pin_list>
<bind>
<StgValue><ssdm name=""/></StgValue>
</bind>
</comp>

<comp id="52" class="1001" name="const_52">
<pin_list>
<pin id="53" dir="1" index="0" bw="1" slack="2147483647"/>
</pin_list>
<bind>
<StgValue><ssdm name=""/></StgValue>
</bind>
</comp>

<comp id="54" class="1001" name="const_54">
<pin_list>
<pin id="55" dir="1" index="0" bw="1" slack="2147483647"/>
</pin_list>
<bind>
<StgValue><ssdm name="empty_8"/></StgValue>
</bind>
</comp>

<comp id="56" class="1001" name="const_56">
<pin_list>
<pin id="57" dir="1" index="0" bw="1" slack="2147483647"/>
</pin_list>
<bind>
<StgValue><ssdm name="_ssdm_op_SpecPipeline"/></StgValue>
</bind>
</comp>

<comp id="58" class="1001" name="const_58">
<pin_list>
<pin id="59" dir="1" index="0" bw="1" slack="0"/>
</pin_list>
<bind>
<StgValue><ssdm name="_ssdm_op_Read.ap_fifo.volatile.i32P0A"/></StgValue>
</bind>
</comp>

<comp id="60" class="1001" name="const_60">
<pin_list>
<pin id="61" dir="1" index="0" bw="1" slack="0"/>
</pin_list>
<bind>
<StgValue><ssdm name="_ssdm_op_PartSelect.i8.i32.i32.i32"/></StgValue>
</bind>
</comp>

<comp id="62" class="1001" name="const_62">
<pin_list>
<pin id="63" dir="1" index="0" bw="1" slack="0"/>
</pin_list>
<bind>
<StgValue><ssdm name=""/></StgValue>
</bind>
</comp>

<comp id="64" class="1001" name="const_64">
<pin_list>
<pin id="65" dir="1" index="0" bw="1" slack="0"/>
</pin_list>
<bind>
<StgValue><ssdm name=""/></StgValue>
</bind>
</comp>

<comp id="66" class="1001" name="const_66">
<pin_list>
<pin id="67" dir="1" index="0" bw="1" slack="0"/>
</pin_list>
<bind>
<StgValue><ssdm name="_ssdm_op_Read.ap_fifo.volatile.i128P0A"/></StgValue>
</bind>
</comp>

<comp id="68" class="1001" name="const_68">
<pin_list>
<pin id="69" dir="1" index="0" bw="1" slack="0"/>
</pin_list>
<bind>
<StgValue><ssdm name="_ssdm_op_PartSelect.i32.i128.i32.i32"/></StgValue>
</bind>
</comp>

<comp id="70" class="1001" name="const_70">
<pin_list>
<pin id="71" dir="1" index="0" bw="1" slack="0"/>
</pin_list>
<bind>
<StgValue><ssdm name=""/></StgValue>
</bind>
</comp>

<comp id="72" class="1001" name="const_72">
<pin_list>
<pin id="73" dir="1" index="0" bw="1" slack="0"/>
</pin_list>
<bind>
<StgValue><ssdm name=""/></StgValue>
</bind>
</comp>

<comp id="74" class="1001" name="const_74">
<pin_list>
<pin id="75" dir="1" index="0" bw="1" slack="0"/>
</pin_list>
<bind>
<StgValue><ssdm name="_ssdm_op_BitSelect.i1.i128.i32"/></StgValue>
</bind>
</comp>

<comp id="76" class="1001" name="const_76">
<pin_list>
<pin id="77" dir="1" index="0" bw="1" slack="0"/>
</pin_list>
<bind>
<StgValue><ssdm name=""/></StgValue>
</bind>
</comp>

<comp id="78" class="1001" name="const_78">
<pin_list>
<pin id="79" dir="1" index="0" bw="1" slack="0"/>
</pin_list>
<bind>
<StgValue><ssdm name="_ssdm_op_PartSelect.i8.i128.i32.i32"/></StgValue>
</bind>
</comp>

<comp id="80" class="1001" name="const_80">
<pin_list>
<pin id="81" dir="1" index="0" bw="1" slack="0"/>
</pin_list>
<bind>
<StgValue><ssdm name=""/></StgValue>
</bind>
</comp>

<comp id="82" class="1001" name="const_82">
<pin_list>
<pin id="83" dir="1" index="0" bw="1" slack="0"/>
</pin_list>
<bind>
<StgValue><ssdm name=""/></StgValue>
</bind>
</comp>

<comp id="84" class="1001" name="const_84">
<pin_list>
<pin id="85" dir="1" index="0" bw="1" slack="0"/>
</pin_list>
<bind>
<StgValue><ssdm name="_ssdm_op_BitConcatenate.i97.i1.i32.i16.i48"/></StgValue>
</bind>
</comp>

<comp id="86" class="1001" name="const_86">
<pin_list>
<pin id="87" dir="1" index="0" bw="1" slack="0"/>
</pin_list>
<bind>
<StgValue><ssdm name=""/></StgValue>
</bind>
</comp>

<comp id="88" class="1001" name="const_88">
<pin_list>
<pin id="89" dir="1" index="0" bw="1" slack="0"/>
</pin_list>
<bind>
<StgValue><ssdm name="_ssdm_op_Write.ap_fifo.volatile.i128P0A"/></StgValue>
</bind>
</comp>

<comp id="90" class="1001" name="const_90">
<pin_list>
<pin id="91" dir="1" index="0" bw="1" slack="0"/>
</pin_list>
<bind>
<StgValue><ssdm name="_ssdm_op_Write.ap_fifo.volatile.i32P0A"/></StgValue>
</bind>
</comp>

<comp id="92" class="1004" name="tmp_i_nbreadreq_fu_92">
<pin_list>
<pin id="93" dir="0" index="0" bw="1" slack="0"/>
<pin id="94" dir="0" index="1" bw="128" slack="0"/>
<pin id="95" dir="0" index="2" bw="1" slack="0"/>
<pin id="96" dir="1" index="3" bw="1" slack="1"/>
</pin_list>
<bind>
<opcode="nbreadreq(1156) " fcode="nbreadreq"/>
<opset="tmp_i/1 "/>
</bind>
</comp>

<comp id="100" class="1004" name="tmp_6_i_nbreadreq_fu_100">
<pin_list>
<pin id="101" dir="0" index="0" bw="1" slack="0"/>
<pin id="102" dir="0" index="1" bw="32" slack="0"/>
<pin id="103" dir="0" index="2" bw="1" slack="0"/>
<pin id="104" dir="1" index="3" bw="1" slack="1"/>
</pin_list>
<bind>
<opcode="nbreadreq(1156) " fcode="nbreadreq"/>
<opset="tmp_6_i/1 "/>
</bind>
</comp>

<comp id="108" class="1004" name="rhs_V_read_fu_108">
<pin_list>
<pin id="109" dir="0" index="0" bw="32" slack="0"/>
<pin id="110" dir="0" index="1" bw="32" slack="0"/>
<pin id="111" dir="1" index="2" bw="32" slack="0"/>
</pin_list>
<bind>
<opcode="read(1150) " fcode="read"/>
<opset="rhs_V/2 "/>
</bind>
</comp>

<comp id="114" class="1004" name="auxIP_V_read_fu_114">
<pin_list>
<pin id="115" dir="0" index="0" bw="32" slack="0"/>
<pin id="116" dir="0" index="1" bw="32" slack="0"/>
<pin id="117" dir="1" index="2" bw="32" slack="0"/>
</pin_list>
<bind>
<opcode="read(1150) " fcode="read"/>
<opset="auxIP_V/2 "/>
</bind>
</comp>

<comp id="120" class="1004" name="lhs_V_1_read_fu_120">
<pin_list>
<pin id="121" dir="0" index="0" bw="32" slack="0"/>
<pin id="122" dir="0" index="1" bw="32" slack="0"/>
<pin id="123" dir="1" index="2" bw="32" slack="0"/>
</pin_list>
<bind>
<opcode="read(1150) " fcode="read"/>
<opset="lhs_V_1/2 "/>
</bind>
</comp>

<comp id="126" class="1004" name="query_ip_V_read_fu_126">
<pin_list>
<pin id="127" dir="0" index="0" bw="32" slack="0"/>
<pin id="128" dir="0" index="1" bw="32" slack="0"/>
<pin id="129" dir="1" index="2" bw="32" slack="0"/>
</pin_list>
<bind>
<opcode="read(1150) " fcode="read"/>
<opset="query_ip_V/2 "/>
</bind>
</comp>

<comp id="132" class="1004" name="arpTableInsertFifo_read_read_fu_132">
<pin_list>
<pin id="133" dir="0" index="0" bw="128" slack="0"/>
<pin id="134" dir="0" index="1" bw="128" slack="0"/>
<pin id="135" dir="1" index="2" bw="128" slack="0"/>
</pin_list>
<bind>
<opcode="read(1150) " fcode="read"/>
<opset="arpTableInsertFifo_read/2 "/>
</bind>
</comp>

<comp id="138" class="1004" name="write_ln173_write_fu_138">
<pin_list>
<pin id="139" dir="0" index="0" bw="0" slack="0"/>
<pin id="140" dir="0" index="1" bw="128" slack="0"/>
<pin id="141" dir="0" index="2" bw="97" slack="0"/>
<pin id="142" dir="1" index="3" bw="0" slack="2147483647"/>
</pin_list>
<bind>
<opcode="write(1151) " fcode="write"/>
<opset="write_ln173/4 "/>
</bind>
</comp>

<comp id="145" class="1004" name="write_ln173_write_fu_145">
<pin_list>
<pin id="146" dir="0" index="0" bw="0" slack="0"/>
<pin id="147" dir="0" index="1" bw="32" slack="0"/>
<pin id="148" dir="0" index="2" bw="32" slack="3"/>
<pin id="149" dir="1" index="3" bw="0" slack="2147483647"/>
</pin_list>
<bind>
<opcode="write(1151) " fcode="write"/>
<opset="write_ln173/5 "/>
</bind>
</comp>

<comp id="152" class="1004" name="arpTable_macAddress_addr_gep_fu_152">
<pin_list>
<pin id="153" dir="0" index="0" bw="48" slack="0"/>
<pin id="154" dir="0" index="1" bw="1" slack="0"/>
<pin id="155" dir="0" index="2" bw="8" slack="0"/>
<pin id="156" dir="1" index="3" bw="8" slack="0"/>
</pin_list>
<bind>
<opcode="getelementptr(29) " fcode="getelementptr"/>
<opset="arpTable_macAddress_addr/2 "/>
</bind>
</comp>

<comp id="159" class="1004" name="grp_access_fu_159">
<pin_list>
<pin id="160" dir="0" index="0" bw="8" slack="0"/>
<pin id="161" dir="0" index="1" bw="48" slack="0"/>
<pin id="162" dir="0" index="2" bw="0" slack="2147483647"/>
<pin id="163" dir="1" index="3" bw="48" slack="0"/>
</pin_list>
<bind>
<opcode="load(27) store(28) " fcode="load"/>
<opset="store_ln226/2 currEntry_macAddress_V_1/3 "/>
</bind>
</comp>

<comp id="165" class="1004" name="arpTable_ipAddress_addr_gep_fu_165">
<pin_list>
<pin id="166" dir="0" index="0" bw="32" slack="0"/>
<pin id="167" dir="0" index="1" bw="1" slack="0"/>
<pin id="168" dir="0" index="2" bw="8" slack="0"/>
<pin id="169" dir="1" index="3" bw="8" slack="0"/>
</pin_list>
<bind>
<opcode="getelementptr(29) " fcode="getelementptr"/>
<opset="arpTable_ipAddress_addr/2 "/>
</bind>
</comp>

<comp id="172" class="1004" name="grp_access_fu_172">
<pin_list>
<pin id="173" dir="0" index="0" bw="8" slack="0"/>
<pin id="174" dir="0" index="1" bw="32" slack="0"/>
<pin id="175" dir="0" index="2" bw="0" slack="2147483647"/>
<pin id="176" dir="1" index="3" bw="32" slack="0"/>
</pin_list>
<bind>
<opcode="load(27) store(28) " fcode="load"/>
<opset="store_ln226/2 currEntry_ipAddress_V/3 "/>
</bind>
</comp>

<comp id="178" class="1004" name="arpTable_valid_addr_gep_fu_178">
<pin_list>
<pin id="179" dir="0" index="0" bw="1" slack="0"/>
<pin id="180" dir="0" index="1" bw="1" slack="0"/>
<pin id="181" dir="0" index="2" bw="8" slack="0"/>
<pin id="182" dir="1" index="3" bw="8" slack="0"/>
</pin_list>
<bind>
<opcode="getelementptr(29) " fcode="getelementptr"/>
<opset="arpTable_valid_addr/2 "/>
</bind>
</comp>

<comp id="185" class="1004" name="grp_access_fu_185">
<pin_list>
<pin id="186" dir="0" index="0" bw="8" slack="0"/>
<pin id="187" dir="0" index="1" bw="1" slack="0"/>
<pin id="188" dir="0" index="2" bw="0" slack="2147483647"/>
<pin id="189" dir="1" index="3" bw="1" slack="0"/>
</pin_list>
<bind>
<opcode="load(27) store(28) " fcode="load"/>
<opset="store_ln226/2 currEntry_valid_V_1/3 "/>
</bind>
</comp>

<comp id="191" class="1004" name="arpTable_macAddress_addr_1_gep_fu_191">
<pin_list>
<pin id="192" dir="0" index="0" bw="48" slack="0"/>
<pin id="193" dir="0" index="1" bw="1" slack="0"/>
<pin id="194" dir="0" index="2" bw="8" slack="0"/>
<pin id="195" dir="1" index="3" bw="8" slack="0"/>
</pin_list>
<bind>
<opcode="getelementptr(29) " fcode="getelementptr"/>
<opset="arpTable_macAddress_addr_1/3 "/>
</bind>
</comp>

<comp id="199" class="1004" name="arpTable_ipAddress_addr_1_gep_fu_199">
<pin_list>
<pin id="200" dir="0" index="0" bw="32" slack="0"/>
<pin id="201" dir="0" index="1" bw="1" slack="0"/>
<pin id="202" dir="0" index="2" bw="8" slack="0"/>
<pin id="203" dir="1" index="3" bw="8" slack="0"/>
</pin_list>
<bind>
<opcode="getelementptr(29) " fcode="getelementptr"/>
<opset="arpTable_ipAddress_addr_1/3 "/>
</bind>
</comp>

<comp id="207" class="1004" name="arpTable_valid_addr_1_gep_fu_207">
<pin_list>
<pin id="208" dir="0" index="0" bw="1" slack="0"/>
<pin id="209" dir="0" index="1" bw="1" slack="0"/>
<pin id="210" dir="0" index="2" bw="8" slack="0"/>
<pin id="211" dir="1" index="3" bw="8" slack="0"/>
</pin_list>
<bind>
<opcode="getelementptr(29) " fcode="getelementptr"/>
<opset="arpTable_valid_addr_1/3 "/>
</bind>
</comp>

<comp id="215" class="1004" name="xor_ln1064_fu_215">
<pin_list>
<pin id="216" dir="0" index="0" bw="32" slack="0"/>
<pin id="217" dir="0" index="1" bw="32" slack="0"/>
<pin id="218" dir="1" index="2" bw="32" slack="0"/>
</pin_list>
<bind>
<opcode="xor(25) " fcode="xor"/>
<opset="xor_ln1064/2 "/>
</bind>
</comp>

<comp id="221" class="1004" name="and_ln1064_fu_221">
<pin_list>
<pin id="222" dir="0" index="0" bw="32" slack="0"/>
<pin id="223" dir="0" index="1" bw="32" slack="0"/>
<pin id="224" dir="1" index="2" bw="32" slack="0"/>
</pin_list>
<bind>
<opcode="and(23) " fcode="and"/>
<opset="and_ln1064/2 "/>
</bind>
</comp>

<comp id="227" class="1004" name="icmp_ln1064_fu_227">
<pin_list>
<pin id="228" dir="0" index="0" bw="32" slack="0"/>
<pin id="229" dir="0" index="1" bw="32" slack="0"/>
<pin id="230" dir="1" index="2" bw="1" slack="0"/>
</pin_list>
<bind>
<opcode="icmp(45) " fcode="icmp"/>
<opset="icmp_ln1064/2 "/>
</bind>
</comp>

<comp id="233" class="1004" name="tmp_7_i_fu_233">
<pin_list>
<pin id="234" dir="0" index="0" bw="8" slack="0"/>
<pin id="235" dir="0" index="1" bw="32" slack="0"/>
<pin id="236" dir="0" index="2" bw="6" slack="0"/>
<pin id="237" dir="0" index="3" bw="6" slack="0"/>
<pin id="238" dir="1" index="4" bw="8" slack="0"/>
</pin_list>
<bind>
<opcode="partselect(1002) " fcode="partselect"/>
<opset="tmp_7_i/2 "/>
</bind>
</comp>

<comp id="243" class="1004" name="tmp_8_i_fu_243">
<pin_list>
<pin id="244" dir="0" index="0" bw="8" slack="0"/>
<pin id="245" dir="0" index="1" bw="32" slack="0"/>
<pin id="246" dir="0" index="2" bw="6" slack="0"/>
<pin id="247" dir="0" index="3" bw="6" slack="0"/>
<pin id="248" dir="1" index="4" bw="8" slack="0"/>
</pin_list>
<bind>
<opcode="partselect(1002) " fcode="partselect"/>
<opset="tmp_8_i/2 "/>
</bind>
</comp>

<comp id="253" class="1004" name="select_ln232_fu_253">
<pin_list>
<pin id="254" dir="0" index="0" bw="1" slack="0"/>
<pin id="255" dir="0" index="1" bw="8" slack="0"/>
<pin id="256" dir="0" index="2" bw="8" slack="0"/>
<pin id="257" dir="1" index="3" bw="8" slack="1"/>
</pin_list>
<bind>
<opcode="select(49) " fcode="select"/>
<opset="select_ln232/2 "/>
</bind>
</comp>

<comp id="261" class="1004" name="currEntry_macAddress_V_fu_261">
<pin_list>
<pin id="262" dir="0" index="0" bw="128" slack="0"/>
<pin id="263" dir="1" index="1" bw="48" slack="0"/>
</pin_list>
<bind>
<opcode="trunc(33) " fcode="trunc"/>
<opset="currEntry_macAddress_V/2 "/>
</bind>
</comp>

<comp id="266" class="1004" name="currEntry_ipAddress_V_2_fu_266">
<pin_list>
<pin id="267" dir="0" index="0" bw="32" slack="0"/>
<pin id="268" dir="0" index="1" bw="128" slack="0"/>
<pin id="269" dir="0" index="2" bw="8" slack="0"/>
<pin id="270" dir="0" index="3" bw="8" slack="0"/>
<pin id="271" dir="1" index="4" bw="32" slack="0"/>
</pin_list>
<bind>
<opcode="partselect(1002) " fcode="partselect"/>
<opset="currEntry_ipAddress_V_2/2 "/>
</bind>
</comp>

<comp id="277" class="1004" name="currEntry_valid_V_fu_277">
<pin_list>
<pin id="278" dir="0" index="0" bw="1" slack="0"/>
<pin id="279" dir="0" index="1" bw="128" slack="0"/>
<pin id="280" dir="0" index="2" bw="8" slack="0"/>
<pin id="281" dir="1" index="3" bw="1" slack="0"/>
</pin_list>
<bind>
<opcode="bitselect(1000) " fcode="bitselect"/>
<opset="currEntry_valid_V/2 "/>
</bind>
</comp>

<comp id="286" class="1004" name="p_Result_4_i_fu_286">
<pin_list>
<pin id="287" dir="0" index="0" bw="8" slack="0"/>
<pin id="288" dir="0" index="1" bw="128" slack="0"/>
<pin id="289" dir="0" index="2" bw="8" slack="0"/>
<pin id="290" dir="0" index="3" bw="8" slack="0"/>
<pin id="291" dir="1" index="4" bw="8" slack="0"/>
</pin_list>
<bind>
<opcode="partselect(1002) " fcode="partselect"/>
<opset="p_Result_4_i/2 "/>
</bind>
</comp>

<comp id="296" class="1004" name="zext_ln587_fu_296">
<pin_list>
<pin id="297" dir="0" index="0" bw="8" slack="0"/>
<pin id="298" dir="1" index="1" bw="64" slack="0"/>
</pin_list>
<bind>
<opcode="zext(34) " fcode="zext"/>
<opset="zext_ln587/2 "/>
</bind>
</comp>

<comp id="303" class="1004" name="zext_ln708_fu_303">
<pin_list>
<pin id="304" dir="0" index="0" bw="8" slack="1"/>
<pin id="305" dir="1" index="1" bw="64" slack="0"/>
</pin_list>
<bind>
<opcode="zext(34) " fcode="zext"/>
<opset="zext_ln708/3 "/>
</bind>
</comp>

<comp id="309" class="1004" name="tmp_9_i_fu_309">
<pin_list>
<pin id="310" dir="0" index="0" bw="97" slack="0"/>
<pin id="311" dir="0" index="1" bw="1" slack="0"/>
<pin id="312" dir="0" index="2" bw="32" slack="0"/>
<pin id="313" dir="0" index="3" bw="1" slack="0"/>
<pin id="314" dir="0" index="4" bw="48" slack="0"/>
<pin id="315" dir="1" index="5" bw="97" slack="0"/>
</pin_list>
<bind>
<opcode="bitconcatenate(1004) " fcode="bitconcatenate"/>
<opset="tmp_9_i/4 "/>
</bind>
</comp>

<comp id="321" class="1004" name="zext_ln173_fu_321">
<pin_list>
<pin id="322" dir="0" index="0" bw="97" slack="0"/>
<pin id="323" dir="1" index="1" bw="128" slack="0"/>
</pin_list>
<bind>
<opcode="zext(34) " fcode="zext"/>
<opset="zext_ln173/4 "/>
</bind>
</comp>

<comp id="326" class="1005" name="tmp_i_reg_326">
<pin_list>
<pin id="327" dir="0" index="0" bw="1" slack="1"/>
<pin id="328" dir="1" index="1" bw="1" slack="2147483647"/>
</pin_list>
<bind>
<opset="tmp_i "/>
</bind>
</comp>

<comp id="330" class="1005" name="tmp_6_i_reg_330">
<pin_list>
<pin id="331" dir="0" index="0" bw="1" slack="1"/>
<pin id="332" dir="1" index="1" bw="1" slack="2147483647"/>
</pin_list>
<bind>
<opset="tmp_6_i "/>
</bind>
</comp>

<comp id="334" class="1005" name="query_ip_V_reg_334">
<pin_list>
<pin id="335" dir="0" index="0" bw="32" slack="3"/>
<pin id="336" dir="1" index="1" bw="32" slack="3"/>
</pin_list>
<bind>
<opset="query_ip_V "/>
</bind>
</comp>

<comp id="339" class="1005" name="select_ln232_reg_339">
<pin_list>
<pin id="340" dir="0" index="0" bw="8" slack="1"/>
<pin id="341" dir="1" index="1" bw="8" slack="1"/>
</pin_list>
<bind>
<opset="select_ln232 "/>
</bind>
</comp>

<comp id="344" class="1005" name="arpTable_macAddress_addr_1_reg_344">
<pin_list>
<pin id="345" dir="0" index="0" bw="8" slack="1"/>
<pin id="346" dir="1" index="1" bw="8" slack="1"/>
</pin_list>
<bind>
<opset="arpTable_macAddress_addr_1 "/>
</bind>
</comp>

<comp id="349" class="1005" name="arpTable_ipAddress_addr_1_reg_349">
<pin_list>
<pin id="350" dir="0" index="0" bw="8" slack="1"/>
<pin id="351" dir="1" index="1" bw="8" slack="1"/>
</pin_list>
<bind>
<opset="arpTable_ipAddress_addr_1 "/>
</bind>
</comp>

<comp id="354" class="1005" name="arpTable_valid_addr_1_reg_354">
<pin_list>
<pin id="355" dir="0" index="0" bw="8" slack="1"/>
<pin id="356" dir="1" index="1" bw="8" slack="1"/>
</pin_list>
<bind>
<opset="arpTable_valid_addr_1 "/>
</bind>
</comp>

<comp id="359" class="1005" name="currEntry_valid_V_1_reg_359">
<pin_list>
<pin id="360" dir="0" index="0" bw="1" slack="1"/>
<pin id="361" dir="1" index="1" bw="1" slack="2147483647"/>
</pin_list>
<bind>
<opset="currEntry_valid_V_1 "/>
</bind>
</comp>

</comp_list>

<net_list>
<net id="97"><net_src comp="20" pin="0"/><net_sink comp="92" pin=0"/></net>

<net id="98"><net_src comp="12" pin="0"/><net_sink comp="92" pin=1"/></net>

<net id="99"><net_src comp="22" pin="0"/><net_sink comp="92" pin=2"/></net>

<net id="105"><net_src comp="24" pin="0"/><net_sink comp="100" pin=0"/></net>

<net id="106"><net_src comp="14" pin="0"/><net_sink comp="100" pin=1"/></net>

<net id="107"><net_src comp="22" pin="0"/><net_sink comp="100" pin=2"/></net>

<net id="112"><net_src comp="40" pin="0"/><net_sink comp="108" pin=0"/></net>

<net id="113"><net_src comp="10" pin="0"/><net_sink comp="108" pin=1"/></net>

<net id="118"><net_src comp="40" pin="0"/><net_sink comp="114" pin=0"/></net>

<net id="119"><net_src comp="8" pin="0"/><net_sink comp="114" pin=1"/></net>

<net id="124"><net_src comp="40" pin="0"/><net_sink comp="120" pin=0"/></net>

<net id="125"><net_src comp="6" pin="0"/><net_sink comp="120" pin=1"/></net>

<net id="130"><net_src comp="58" pin="0"/><net_sink comp="126" pin=0"/></net>

<net id="131"><net_src comp="14" pin="0"/><net_sink comp="126" pin=1"/></net>

<net id="136"><net_src comp="66" pin="0"/><net_sink comp="132" pin=0"/></net>

<net id="137"><net_src comp="12" pin="0"/><net_sink comp="132" pin=1"/></net>

<net id="143"><net_src comp="88" pin="0"/><net_sink comp="138" pin=0"/></net>

<net id="144"><net_src comp="18" pin="0"/><net_sink comp="138" pin=1"/></net>

<net id="150"><net_src comp="90" pin="0"/><net_sink comp="145" pin=0"/></net>

<net id="151"><net_src comp="16" pin="0"/><net_sink comp="145" pin=1"/></net>

<net id="157"><net_src comp="0" pin="0"/><net_sink comp="152" pin=0"/></net>

<net id="158"><net_src comp="82" pin="0"/><net_sink comp="152" pin=1"/></net>

<net id="164"><net_src comp="152" pin="3"/><net_sink comp="159" pin=0"/></net>

<net id="170"><net_src comp="2" pin="0"/><net_sink comp="165" pin=0"/></net>

<net id="171"><net_src comp="82" pin="0"/><net_sink comp="165" pin=1"/></net>

<net id="177"><net_src comp="165" pin="3"/><net_sink comp="172" pin=0"/></net>

<net id="183"><net_src comp="4" pin="0"/><net_sink comp="178" pin=0"/></net>

<net id="184"><net_src comp="82" pin="0"/><net_sink comp="178" pin=1"/></net>

<net id="190"><net_src comp="178" pin="3"/><net_sink comp="185" pin=0"/></net>

<net id="196"><net_src comp="0" pin="0"/><net_sink comp="191" pin=0"/></net>

<net id="197"><net_src comp="82" pin="0"/><net_sink comp="191" pin=1"/></net>

<net id="198"><net_src comp="191" pin="3"/><net_sink comp="159" pin=0"/></net>

<net id="204"><net_src comp="2" pin="0"/><net_sink comp="199" pin=0"/></net>

<net id="205"><net_src comp="82" pin="0"/><net_sink comp="199" pin=1"/></net>

<net id="206"><net_src comp="199" pin="3"/><net_sink comp="172" pin=0"/></net>

<net id="212"><net_src comp="4" pin="0"/><net_sink comp="207" pin=0"/></net>

<net id="213"><net_src comp="82" pin="0"/><net_sink comp="207" pin=1"/></net>

<net id="214"><net_src comp="207" pin="3"/><net_sink comp="185" pin=0"/></net>

<net id="219"><net_src comp="120" pin="2"/><net_sink comp="215" pin=0"/></net>

<net id="220"><net_src comp="126" pin="2"/><net_sink comp="215" pin=1"/></net>

<net id="225"><net_src comp="108" pin="2"/><net_sink comp="221" pin=0"/></net>

<net id="226"><net_src comp="215" pin="2"/><net_sink comp="221" pin=1"/></net>

<net id="231"><net_src comp="221" pin="2"/><net_sink comp="227" pin=0"/></net>

<net id="232"><net_src comp="30" pin="0"/><net_sink comp="227" pin=1"/></net>

<net id="239"><net_src comp="60" pin="0"/><net_sink comp="233" pin=0"/></net>

<net id="240"><net_src comp="126" pin="2"/><net_sink comp="233" pin=1"/></net>

<net id="241"><net_src comp="62" pin="0"/><net_sink comp="233" pin=2"/></net>

<net id="242"><net_src comp="64" pin="0"/><net_sink comp="233" pin=3"/></net>

<net id="249"><net_src comp="60" pin="0"/><net_sink comp="243" pin=0"/></net>

<net id="250"><net_src comp="114" pin="2"/><net_sink comp="243" pin=1"/></net>

<net id="251"><net_src comp="62" pin="0"/><net_sink comp="243" pin=2"/></net>

<net id="252"><net_src comp="64" pin="0"/><net_sink comp="243" pin=3"/></net>

<net id="258"><net_src comp="227" pin="2"/><net_sink comp="253" pin=0"/></net>

<net id="259"><net_src comp="233" pin="4"/><net_sink comp="253" pin=1"/></net>

<net id="260"><net_src comp="243" pin="4"/><net_sink comp="253" pin=2"/></net>

<net id="264"><net_src comp="132" pin="2"/><net_sink comp="261" pin=0"/></net>

<net id="265"><net_src comp="261" pin="1"/><net_sink comp="159" pin=1"/></net>

<net id="272"><net_src comp="68" pin="0"/><net_sink comp="266" pin=0"/></net>

<net id="273"><net_src comp="132" pin="2"/><net_sink comp="266" pin=1"/></net>

<net id="274"><net_src comp="70" pin="0"/><net_sink comp="266" pin=2"/></net>

<net id="275"><net_src comp="72" pin="0"/><net_sink comp="266" pin=3"/></net>

<net id="276"><net_src comp="266" pin="4"/><net_sink comp="172" pin=1"/></net>

<net id="282"><net_src comp="74" pin="0"/><net_sink comp="277" pin=0"/></net>

<net id="283"><net_src comp="132" pin="2"/><net_sink comp="277" pin=1"/></net>

<net id="284"><net_src comp="76" pin="0"/><net_sink comp="277" pin=2"/></net>

<net id="285"><net_src comp="277" pin="3"/><net_sink comp="185" pin=1"/></net>

<net id="292"><net_src comp="78" pin="0"/><net_sink comp="286" pin=0"/></net>

<net id="293"><net_src comp="132" pin="2"/><net_sink comp="286" pin=1"/></net>

<net id="294"><net_src comp="80" pin="0"/><net_sink comp="286" pin=2"/></net>

<net id="295"><net_src comp="72" pin="0"/><net_sink comp="286" pin=3"/></net>

<net id="299"><net_src comp="286" pin="4"/><net_sink comp="296" pin=0"/></net>

<net id="300"><net_src comp="296" pin="1"/><net_sink comp="152" pin=2"/></net>

<net id="301"><net_src comp="296" pin="1"/><net_sink comp="165" pin=2"/></net>

<net id="302"><net_src comp="296" pin="1"/><net_sink comp="178" pin=2"/></net>

<net id="306"><net_src comp="303" pin="1"/><net_sink comp="191" pin=2"/></net>

<net id="307"><net_src comp="303" pin="1"/><net_sink comp="199" pin=2"/></net>

<net id="308"><net_src comp="303" pin="1"/><net_sink comp="207" pin=2"/></net>

<net id="316"><net_src comp="84" pin="0"/><net_sink comp="309" pin=0"/></net>

<net id="317"><net_src comp="185" pin="3"/><net_sink comp="309" pin=1"/></net>

<net id="318"><net_src comp="172" pin="3"/><net_sink comp="309" pin=2"/></net>

<net id="319"><net_src comp="86" pin="0"/><net_sink comp="309" pin=3"/></net>

<net id="320"><net_src comp="159" pin="3"/><net_sink comp="309" pin=4"/></net>

<net id="324"><net_src comp="309" pin="5"/><net_sink comp="321" pin=0"/></net>

<net id="325"><net_src comp="321" pin="1"/><net_sink comp="138" pin=2"/></net>

<net id="329"><net_src comp="92" pin="3"/><net_sink comp="326" pin=0"/></net>

<net id="333"><net_src comp="100" pin="3"/><net_sink comp="330" pin=0"/></net>

<net id="337"><net_src comp="126" pin="2"/><net_sink comp="334" pin=0"/></net>

<net id="338"><net_src comp="334" pin="1"/><net_sink comp="145" pin=2"/></net>

<net id="342"><net_src comp="253" pin="3"/><net_sink comp="339" pin=0"/></net>

<net id="343"><net_src comp="339" pin="1"/><net_sink comp="303" pin=0"/></net>

<net id="347"><net_src comp="191" pin="3"/><net_sink comp="344" pin=0"/></net>

<net id="348"><net_src comp="344" pin="1"/><net_sink comp="159" pin=0"/></net>

<net id="352"><net_src comp="199" pin="3"/><net_sink comp="349" pin=0"/></net>

<net id="353"><net_src comp="349" pin="1"/><net_sink comp="172" pin=0"/></net>

<net id="357"><net_src comp="207" pin="3"/><net_sink comp="354" pin=0"/></net>

<net id="358"><net_src comp="354" pin="1"/><net_sink comp="185" pin=0"/></net>

<net id="362"><net_src comp="185" pin="3"/><net_sink comp="359" pin=0"/></net>

</net_list>

</model> 
---------------- Datapath Model END ------------------

* FSMD analyzer results:
  - Output states:
	Port: arpTable_macAddress | {2 }
	Port: arpTable_ipAddress | {2 }
	Port: arpTable_valid | {2 }
	Port: myIpAddress | {}
	Port: gatewayIP | {}
	Port: networkMask | {}
	Port: arpTableInsertFifo | {}
	Port: macIpEncode_i | {}
	Port: arpRequestFifo | {5 }
	Port: macIpEncode_rsp_i | {4 }
 - Input state : 
	Port: arp_table : arpTable_macAddress | {3 4 }
	Port: arp_table : arpTable_ipAddress | {3 4 }
	Port: arp_table : arpTable_valid | {3 4 }
	Port: arp_table : myIpAddress | {2 }
	Port: arp_table : gatewayIP | {2 }
	Port: arp_table : networkMask | {2 }
	Port: arp_table : arpTableInsertFifo | {1 2 }
	Port: arp_table : macIpEncode_i | {1 2 }
	Port: arp_table : arpRequestFifo | {}
	Port: arp_table : macIpEncode_rsp_i | {}
  - Chain level:
	State 1
	State 2
		select_ln232 : 1
		zext_ln587 : 1
		arpTable_macAddress_addr : 2
		store_ln226 : 3
		arpTable_ipAddress_addr : 2
		store_ln226 : 3
		arpTable_valid_addr : 2
		store_ln226 : 3
	State 3
		arpTable_macAddress_addr_1 : 1
		currEntry_macAddress_V_1 : 2
		arpTable_ipAddress_addr_1 : 1
		currEntry_ipAddress_V : 2
		arpTable_valid_addr_1 : 1
		currEntry_valid_V_1 : 2
	State 4
		br_ln239 : 1
		tmp_9_i : 1
		zext_ln173 : 2
		write_ln173 : 3
	State 5


============================================================
+ Verbose Summary: Datapath Resource usage 
============================================================

* Functional unit list:
|----------|-------------------------------------|---------|---------|
| Operation|           Functional Unit           |    FF   |   LUT   |
|----------|-------------------------------------|---------|---------|
|    xor   |          xor_ln1064_fu_215          |    0    |    32   |
|----------|-------------------------------------|---------|---------|
|    and   |          and_ln1064_fu_221          |    0    |    32   |
|----------|-------------------------------------|---------|---------|
|   icmp   |          icmp_ln1064_fu_227         |    0    |    20   |
|----------|-------------------------------------|---------|---------|
|  select  |         select_ln232_fu_253         |    0    |    8    |
|----------|-------------------------------------|---------|---------|
| nbreadreq|        tmp_i_nbreadreq_fu_92        |    0    |    0    |
|          |       tmp_6_i_nbreadreq_fu_100      |    0    |    0    |
|----------|-------------------------------------|---------|---------|
|          |          rhs_V_read_fu_108          |    0    |    0    |
|          |         auxIP_V_read_fu_114         |    0    |    0    |
|   read   |         lhs_V_1_read_fu_120         |    0    |    0    |
|          |        query_ip_V_read_fu_126       |    0    |    0    |
|          | arpTableInsertFifo_read_read_fu_132 |    0    |    0    |
|----------|-------------------------------------|---------|---------|
|   write  |       write_ln173_write_fu_138      |    0    |    0    |
|          |       write_ln173_write_fu_145      |    0    |    0    |
|----------|-------------------------------------|---------|---------|
|          |            tmp_7_i_fu_233           |    0    |    0    |
|partselect|            tmp_8_i_fu_243           |    0    |    0    |
|          |    currEntry_ipAddress_V_2_fu_266   |    0    |    0    |
|          |         p_Result_4_i_fu_286         |    0    |    0    |
|----------|-------------------------------------|---------|---------|
|   trunc  |    currEntry_macAddress_V_fu_261    |    0    |    0    |
|----------|-------------------------------------|---------|---------|
| bitselect|       currEntry_valid_V_fu_277      |    0    |    0    |
|----------|-------------------------------------|---------|---------|
|          |          zext_ln587_fu_296          |    0    |    0    |
|   zext   |          zext_ln708_fu_303          |    0    |    0    |
|          |          zext_ln173_fu_321          |    0    |    0    |
|----------|-------------------------------------|---------|---------|
|bitconcatenate|            tmp_9_i_fu_309           |    0    |    0    |
|----------|-------------------------------------|---------|---------|
|   Total  |                                     |    0    |    92   |
|----------|-------------------------------------|---------|---------|

Memories:
N/A

* Register list:
+----------------------------------+--------+
|                                  |   FF   |
+----------------------------------+--------+
| arpTable_ipAddress_addr_1_reg_349|    8   |
|arpTable_macAddress_addr_1_reg_344|    8   |
|   arpTable_valid_addr_1_reg_354  |    8   |
|    currEntry_valid_V_1_reg_359   |    1   |
|        query_ip_V_reg_334        |   32   |
|       select_ln232_reg_339       |    8   |
|          tmp_6_i_reg_330         |    1   |
|           tmp_i_reg_326          |    1   |
+----------------------------------+--------+
|               Total              |   67   |
+----------------------------------+--------+

* Multiplexer (MUX) list: 
|-------------------|------|------|------|--------||---------||---------|
|        Comp       |  Pin | Size |  BW  | S x BW ||  Delay  ||   LUT   |
|-------------------|------|------|------|--------||---------||---------|
| grp_access_fu_159 |  p0  |   3  |   8  |   24   ||    14   |
| grp_access_fu_172 |  p0  |   3  |   8  |   24   ||    14   |
| grp_access_fu_185 |  p0  |   3  |   8  |   24   ||    14   |
|-------------------|------|------|------|--------||---------||---------|
|       Total       |      |      |      |   72   || 1.25957 ||    42   |
|-------------------|------|------|------|--------||---------||---------|



* Summary:
+-----------+--------+--------+--------+
|           |  Delay |   FF   |   LUT  |
+-----------+--------+--------+--------+
|  Function |    -   |    0   |   92   |
|   Memory  |    -   |    -   |    -   |
|Multiplexer|    1   |    -   |   42   |
|  Register |    -   |   67   |    -   |
+-----------+--------+--------+--------+
|   Total   |    1   |   67   |   134  |
+-----------+--------+--------+--------+
