

================================================================
== Vitis HLS Report for 'arp_pkg_sender'
================================================================
* Date:           Fri Sep  8 14:08:16 2023

* Version:        2023.1 (Build 3854077 on May  4 2023)
* Project:        ARP_hls_prj
* Solution:       ultrascale_plus (Vivado IP Flow Target)
* Product family: virtexuplusHBM
* Target device:  xcu280-fsvh2892-2L-e


================================================================
== Performance Estimates
================================================================
+ Timing: 
    * Summary: 
    +--------+---------+----------+------------+
    |  Clock |  Target | Estimated| Uncertainty|
    +--------+---------+----------+------------+
    |ap_clk  |  3.10 ns|  2.557 ns|     0.20 ns|
    +--------+---------+----------+------------+

+ Latency: 
    * Summary: 
    +---------+---------+----------+----------+-----+-----+---------+
    |  Latency (cycles) |  Latency (absolute) |  Interval | Pipeline|
    |   min   |   max   |    min   |    max   | min | max |   Type  |
    +---------+---------+----------+----------+-----+-----+---------+
    |        2|        2|  6.200 ns|  6.200 ns|    1|    1|      yes|
    +---------+---------+----------+----------+-----+-----+---------+

    + Detail: 
        * Instance: 
        N/A

        * Loop: 
        N/A

============================================================
+ Verbose Summary: Synthesis Manager
============================================================
InlineROM: 1
ExposeGlobal: 0
============================================================
+ Verbose Summary: CDFG Model
============================================================
IsTopModel: 0
ResetActiveHigh: 1
IsCombinational: 2
IsDatapathOnly: 0
HasWiredReturn: 1
HasMFsm: 2
HasVarLatency: 0
IsPipeline: 1
IsRtlPipelined: 1
IsInstanceOverlapped: 0
IsDontTouch: 0
HasImplIP: 0
IsGatedGlobalClock: 0

+ Individual pipeline summary: 
  * Pipeline-0: initiation interval (II) = 1, depth = 3


============================================================
+ Verbose Summary: Schedule
============================================================
* Number of FSM states : 3
* Pipeline : 1
  Pipeline-0 : II = 1, D = 3, States = { 1 2 3 }
* Dataflow Pipeline: 0

* FSM state transitions: 
1 --> 2 
2 --> 3 
3 --> 

* FSM state operations: 

State 1 <SV = 0> <Delay = 1.57>
ST_1 : Operation 4 [1/1] (0.00ns)   --->   "%aps_fsmState_load = load i2 %aps_fsmState" [/home/ubuntu/xup_vitis_network_example/NetLayers/100G-fpga-network-stack-core/synthesis_results_HBM/..//hls/arp_server/arp_server.cpp:119]   --->   Operation 4 'load' 'aps_fsmState_load' <Predicate = true> <Delay = 0.00>
ST_1 : Operation 5 [1/1] (0.66ns)   --->   "%switch_ln119 = switch i2 %aps_fsmState_load, void %sw.bb.i, i2 1, void %sw.bb55.i, i2 2, void %sw.bb7.i" [/home/ubuntu/xup_vitis_network_example/NetLayers/100G-fpga-network-stack-core/synthesis_results_HBM/..//hls/arp_server/arp_server.cpp:119]   --->   Operation 5 'switch' 'switch_ln119' <Predicate = true> <Delay = 0.66>
ST_1 : Operation 6 [1/1] (0.41ns)   --->   "%store_ln159 = store i2 0, i2 %aps_fsmState" [/home/ubuntu/xup_vitis_network_example/NetLayers/100G-fpga-network-stack-core/synthesis_results_HBM/..//hls/arp_server/arp_server.cpp:159]   --->   Operation 6 'store' 'store_ln159' <Predicate = (aps_fsmState_load == 2)> <Delay = 0.41>
ST_1 : Operation 7 [1/1] (0.41ns)   --->   "%store_ln184 = store i2 0, i2 %aps_fsmState" [/home/ubuntu/xup_vitis_network_example/NetLayers/100G-fpga-network-stack-core/synthesis_results_HBM/..//hls/arp_server/arp_server.cpp:184]   --->   Operation 7 'store' 'store_ln184' <Predicate = (aps_fsmState_load == 1)> <Delay = 0.41>
ST_1 : Operation 8 [1/1] (0.00ns)   --->   "%tmp_i = nbreadreq i1 @_ssdm_op_NbReadReq.ap_fifo.i256P0A, i256 %arpReplyFifo, i32 1" [/home/ubuntu/xup_vitis_network_example/NetLayers/100G-fpga-network-stack-core/synthesis_results_HBM/..//hls/arp_server/arp_server.cpp:121]   --->   Operation 8 'nbreadreq' 'tmp_i' <Predicate = (aps_fsmState_load != 1 & aps_fsmState_load != 2)> <Delay = 0.00> <CoreInst = "FIFO_SRL">   --->   Core 81 'FIFO_SRL' <Latency = 0> <II = 1> <Delay = 0.98> <Storage> <Opcode : 'read' 'write' 'nbread' 'nbwrite'> <Ports = 0> <Width = 256> <Depth = 4> <FIFO>
ST_1 : Operation 9 [1/1] (0.00ns)   --->   "%br_ln121 = br i1 %tmp_i, void %if.else.i, void %if.then.i" [/home/ubuntu/xup_vitis_network_example/NetLayers/100G-fpga-network-stack-core/synthesis_results_HBM/..//hls/arp_server/arp_server.cpp:121]   --->   Operation 9 'br' 'br_ln121' <Predicate = (aps_fsmState_load != 1 & aps_fsmState_load != 2)> <Delay = 0.00>
ST_1 : Operation 10 [1/1] (0.00ns)   --->   "%tmp_8_i = nbreadreq i1 @_ssdm_op_NbReadReq.ap_fifo.i32P0A, i32 %arpRequestFifo, i32 1" [/home/ubuntu/xup_vitis_network_example/NetLayers/100G-fpga-network-stack-core/synthesis_results_HBM/..//hls/arp_server/arp_server.cpp:125]   --->   Operation 10 'nbreadreq' 'tmp_8_i' <Predicate = (aps_fsmState_load != 1 & aps_fsmState_load != 2 & !tmp_i)> <Delay = 0.00> <CoreInst = "FIFO_SRL">   --->   Core 81 'FIFO_SRL' <Latency = 0> <II = 1> <Delay = 1.46> <Storage> <Opcode : 'read' 'write' 'nbread' 'nbwrite'> <Ports = 0> <Width = 32> <Depth = 4> <FIFO>
ST_1 : Operation 11 [1/1] (0.00ns)   --->   "%br_ln125 = br i1 %tmp_8_i, void %if.end.i, void %if.then5.i" [/home/ubuntu/xup_vitis_network_example/NetLayers/100G-fpga-network-stack-core/synthesis_results_HBM/..//hls/arp_server/arp_server.cpp:125]   --->   Operation 11 'br' 'br_ln125' <Predicate = (aps_fsmState_load != 1 & aps_fsmState_load != 2 & !tmp_i)> <Delay = 0.00>
ST_1 : Operation 12 [1/1] (1.45ns)   --->   "%arpRequestFifo_read = read i32 @_ssdm_op_Read.ap_fifo.volatile.i32P0A, i32 %arpRequestFifo" [/home/ubuntu/xup_vitis_network_example/NetLayers/100G-fpga-network-stack-core/synthesis_results_HBM/..//hls/arp_server/arp_server.cpp:126]   --->   Operation 12 'read' 'arpRequestFifo_read' <Predicate = (aps_fsmState_load != 1 & aps_fsmState_load != 2 & !tmp_i & tmp_8_i)> <Delay = 1.45> <CoreInst = "FIFO_SRL">   --->   Core 81 'FIFO_SRL' <Latency = 0> <II = 1> <Delay = 1.46> <Storage> <Opcode : 'read' 'write' 'nbread' 'nbwrite'> <Ports = 0> <Width = 32> <Depth = 4> <FIFO>
ST_1 : Operation 13 [1/1] (0.00ns)   --->   "%store_ln126 = store i32 %arpRequestFifo_read, i32 %inputIP" [/home/ubuntu/xup_vitis_network_example/NetLayers/100G-fpga-network-stack-core/synthesis_results_HBM/..//hls/arp_server/arp_server.cpp:126]   --->   Operation 13 'store' 'store_ln126' <Predicate = (aps_fsmState_load != 1 & aps_fsmState_load != 2 & !tmp_i & tmp_8_i)> <Delay = 0.00>
ST_1 : Operation 14 [1/1] (0.41ns)   --->   "%store_ln127 = store i2 2, i2 %aps_fsmState" [/home/ubuntu/xup_vitis_network_example/NetLayers/100G-fpga-network-stack-core/synthesis_results_HBM/..//hls/arp_server/arp_server.cpp:127]   --->   Operation 14 'store' 'store_ln127' <Predicate = (aps_fsmState_load != 1 & aps_fsmState_load != 2 & !tmp_i & tmp_8_i)> <Delay = 0.41>
ST_1 : Operation 15 [1/1] (0.00ns)   --->   "%br_ln128 = br void %if.end.i" [/home/ubuntu/xup_vitis_network_example/NetLayers/100G-fpga-network-stack-core/synthesis_results_HBM/..//hls/arp_server/arp_server.cpp:128]   --->   Operation 15 'br' 'br_ln128' <Predicate = (aps_fsmState_load != 1 & aps_fsmState_load != 2 & !tmp_i & tmp_8_i)> <Delay = 0.00>
ST_1 : Operation 16 [1/1] (0.00ns)   --->   "%br_ln0 = br void %if.end6.i"   --->   Operation 16 'br' 'br_ln0' <Predicate = (aps_fsmState_load != 1 & aps_fsmState_load != 2 & !tmp_i)> <Delay = 0.00>
ST_1 : Operation 17 [1/1] (0.98ns)   --->   "%arpReplyFifo_read = read i256 @_ssdm_op_Read.ap_fifo.volatile.i256P0A, i256 %arpReplyFifo" [/home/ubuntu/xup_vitis_network_example/NetLayers/100G-fpga-network-stack-core/synthesis_results_HBM/..//hls/arp_server/arp_server.cpp:122]   --->   Operation 17 'read' 'arpReplyFifo_read' <Predicate = (aps_fsmState_load != 1 & aps_fsmState_load != 2 & tmp_i)> <Delay = 0.98> <CoreInst = "FIFO_SRL">   --->   Core 81 'FIFO_SRL' <Latency = 0> <II = 1> <Delay = 0.98> <Storage> <Opcode : 'read' 'write' 'nbread' 'nbwrite'> <Ports = 0> <Width = 256> <Depth = 4> <FIFO>
ST_1 : Operation 18 [1/1] (0.00ns)   --->   "%trunc_ln122 = trunc i256 %arpReplyFifo_read" [/home/ubuntu/xup_vitis_network_example/NetLayers/100G-fpga-network-stack-core/synthesis_results_HBM/..//hls/arp_server/arp_server.cpp:122]   --->   Operation 18 'trunc' 'trunc_ln122' <Predicate = (aps_fsmState_load != 1 & aps_fsmState_load != 2 & tmp_i)> <Delay = 0.00>
ST_1 : Operation 19 [1/1] (0.00ns)   --->   "%store_ln122 = store i48 %trunc_ln122, i48 %replyMeta_srcMac" [/home/ubuntu/xup_vitis_network_example/NetLayers/100G-fpga-network-stack-core/synthesis_results_HBM/..//hls/arp_server/arp_server.cpp:122]   --->   Operation 19 'store' 'store_ln122' <Predicate = (aps_fsmState_load != 1 & aps_fsmState_load != 2 & tmp_i)> <Delay = 0.00>
ST_1 : Operation 20 [1/1] (0.00ns)   --->   "%tmp_i_41 = partselect i16 @_ssdm_op_PartSelect.i16.i256.i32.i32, i256 %arpReplyFifo_read, i32 64, i32 79" [/home/ubuntu/xup_vitis_network_example/NetLayers/100G-fpga-network-stack-core/synthesis_results_HBM/..//hls/arp_server/arp_server.cpp:122]   --->   Operation 20 'partselect' 'tmp_i_41' <Predicate = (aps_fsmState_load != 1 & aps_fsmState_load != 2 & tmp_i)> <Delay = 0.00>
ST_1 : Operation 21 [1/1] (0.00ns)   --->   "%store_ln122 = store i16 %tmp_i_41, i16 %replyMeta_ethType" [/home/ubuntu/xup_vitis_network_example/NetLayers/100G-fpga-network-stack-core/synthesis_results_HBM/..//hls/arp_server/arp_server.cpp:122]   --->   Operation 21 'store' 'store_ln122' <Predicate = (aps_fsmState_load != 1 & aps_fsmState_load != 2 & tmp_i)> <Delay = 0.00>
ST_1 : Operation 22 [1/1] (0.00ns)   --->   "%tmp_2_i = partselect i16 @_ssdm_op_PartSelect.i16.i256.i32.i32, i256 %arpReplyFifo_read, i32 80, i32 95" [/home/ubuntu/xup_vitis_network_example/NetLayers/100G-fpga-network-stack-core/synthesis_results_HBM/..//hls/arp_server/arp_server.cpp:122]   --->   Operation 22 'partselect' 'tmp_2_i' <Predicate = (aps_fsmState_load != 1 & aps_fsmState_load != 2 & tmp_i)> <Delay = 0.00>
ST_1 : Operation 23 [1/1] (0.00ns)   --->   "%store_ln122 = store i16 %tmp_2_i, i16 %replyMeta_hwType" [/home/ubuntu/xup_vitis_network_example/NetLayers/100G-fpga-network-stack-core/synthesis_results_HBM/..//hls/arp_server/arp_server.cpp:122]   --->   Operation 23 'store' 'store_ln122' <Predicate = (aps_fsmState_load != 1 & aps_fsmState_load != 2 & tmp_i)> <Delay = 0.00>
ST_1 : Operation 24 [1/1] (0.00ns)   --->   "%tmp_3_i = partselect i16 @_ssdm_op_PartSelect.i16.i256.i32.i32, i256 %arpReplyFifo_read, i32 96, i32 111" [/home/ubuntu/xup_vitis_network_example/NetLayers/100G-fpga-network-stack-core/synthesis_results_HBM/..//hls/arp_server/arp_server.cpp:122]   --->   Operation 24 'partselect' 'tmp_3_i' <Predicate = (aps_fsmState_load != 1 & aps_fsmState_load != 2 & tmp_i)> <Delay = 0.00>
ST_1 : Operation 25 [1/1] (0.00ns)   --->   "%store_ln122 = store i16 %tmp_3_i, i16 %replyMeta_protoType" [/home/ubuntu/xup_vitis_network_example/NetLayers/100G-fpga-network-stack-core/synthesis_results_HBM/..//hls/arp_server/arp_server.cpp:122]   --->   Operation 25 'store' 'store_ln122' <Predicate = (aps_fsmState_load != 1 & aps_fsmState_load != 2 & tmp_i)> <Delay = 0.00>
ST_1 : Operation 26 [1/1] (0.00ns)   --->   "%tmp_4_i = partselect i8 @_ssdm_op_PartSelect.i8.i256.i32.i32, i256 %arpReplyFifo_read, i32 112, i32 119" [/home/ubuntu/xup_vitis_network_example/NetLayers/100G-fpga-network-stack-core/synthesis_results_HBM/..//hls/arp_server/arp_server.cpp:122]   --->   Operation 26 'partselect' 'tmp_4_i' <Predicate = (aps_fsmState_load != 1 & aps_fsmState_load != 2 & tmp_i)> <Delay = 0.00>
ST_1 : Operation 27 [1/1] (0.00ns)   --->   "%store_ln122 = store i8 %tmp_4_i, i8 %replyMeta_hwLen" [/home/ubuntu/xup_vitis_network_example/NetLayers/100G-fpga-network-stack-core/synthesis_results_HBM/..//hls/arp_server/arp_server.cpp:122]   --->   Operation 27 'store' 'store_ln122' <Predicate = (aps_fsmState_load != 1 & aps_fsmState_load != 2 & tmp_i)> <Delay = 0.00>
ST_1 : Operation 28 [1/1] (0.00ns)   --->   "%tmp_5_i = partselect i8 @_ssdm_op_PartSelect.i8.i256.i32.i32, i256 %arpReplyFifo_read, i32 120, i32 127" [/home/ubuntu/xup_vitis_network_example/NetLayers/100G-fpga-network-stack-core/synthesis_results_HBM/..//hls/arp_server/arp_server.cpp:122]   --->   Operation 28 'partselect' 'tmp_5_i' <Predicate = (aps_fsmState_load != 1 & aps_fsmState_load != 2 & tmp_i)> <Delay = 0.00>
ST_1 : Operation 29 [1/1] (0.00ns)   --->   "%store_ln122 = store i8 %tmp_5_i, i8 %replyMeta_protoLen" [/home/ubuntu/xup_vitis_network_example/NetLayers/100G-fpga-network-stack-core/synthesis_results_HBM/..//hls/arp_server/arp_server.cpp:122]   --->   Operation 29 'store' 'store_ln122' <Predicate = (aps_fsmState_load != 1 & aps_fsmState_load != 2 & tmp_i)> <Delay = 0.00>
ST_1 : Operation 30 [1/1] (0.00ns)   --->   "%tmp_6_i = partselect i48 @_ssdm_op_PartSelect.i48.i256.i32.i32, i256 %arpReplyFifo_read, i32 128, i32 175" [/home/ubuntu/xup_vitis_network_example/NetLayers/100G-fpga-network-stack-core/synthesis_results_HBM/..//hls/arp_server/arp_server.cpp:122]   --->   Operation 30 'partselect' 'tmp_6_i' <Predicate = (aps_fsmState_load != 1 & aps_fsmState_load != 2 & tmp_i)> <Delay = 0.00>
ST_1 : Operation 31 [1/1] (0.00ns)   --->   "%store_ln122 = store i48 %tmp_6_i, i48 %replyMeta_hwAddrSrc" [/home/ubuntu/xup_vitis_network_example/NetLayers/100G-fpga-network-stack-core/synthesis_results_HBM/..//hls/arp_server/arp_server.cpp:122]   --->   Operation 31 'store' 'store_ln122' <Predicate = (aps_fsmState_load != 1 & aps_fsmState_load != 2 & tmp_i)> <Delay = 0.00>
ST_1 : Operation 32 [1/1] (0.00ns)   --->   "%tmp_7_i = partselect i32 @_ssdm_op_PartSelect.i32.i256.i32.i32, i256 %arpReplyFifo_read, i32 192, i32 223" [/home/ubuntu/xup_vitis_network_example/NetLayers/100G-fpga-network-stack-core/synthesis_results_HBM/..//hls/arp_server/arp_server.cpp:122]   --->   Operation 32 'partselect' 'tmp_7_i' <Predicate = (aps_fsmState_load != 1 & aps_fsmState_load != 2 & tmp_i)> <Delay = 0.00>
ST_1 : Operation 33 [1/1] (0.00ns)   --->   "%store_ln122 = store i32 %tmp_7_i, i32 %replyMeta_protoAddrSrc" [/home/ubuntu/xup_vitis_network_example/NetLayers/100G-fpga-network-stack-core/synthesis_results_HBM/..//hls/arp_server/arp_server.cpp:122]   --->   Operation 33 'store' 'store_ln122' <Predicate = (aps_fsmState_load != 1 & aps_fsmState_load != 2 & tmp_i)> <Delay = 0.00>
ST_1 : Operation 34 [1/1] (0.41ns)   --->   "%store_ln123 = store i2 1, i2 %aps_fsmState" [/home/ubuntu/xup_vitis_network_example/NetLayers/100G-fpga-network-stack-core/synthesis_results_HBM/..//hls/arp_server/arp_server.cpp:123]   --->   Operation 34 'store' 'store_ln123' <Predicate = (aps_fsmState_load != 1 & aps_fsmState_load != 2 & tmp_i)> <Delay = 0.41>
ST_1 : Operation 35 [1/1] (0.00ns)   --->   "%br_ln124 = br void %if.end6.i" [/home/ubuntu/xup_vitis_network_example/NetLayers/100G-fpga-network-stack-core/synthesis_results_HBM/..//hls/arp_server/arp_server.cpp:124]   --->   Operation 35 'br' 'br_ln124' <Predicate = (aps_fsmState_load != 1 & aps_fsmState_load != 2 & tmp_i)> <Delay = 0.00>
ST_1 : Operation 36 [1/1] (0.00ns)   --->   "%br_ln129 = br void %arp_pkg_sender.exit" [/home/ubuntu/xup_vitis_network_example/NetLayers/100G-fpga-network-stack-core/synthesis_results_HBM/..//hls/arp_server/arp_server.cpp:129]   --->   Operation 36 'br' 'br_ln129' <Predicate = (aps_fsmState_load != 1 & aps_fsmState_load != 2)> <Delay = 0.00>

State 2 <SV = 1> <Delay = 2.55>
ST_2 : Operation 37 [1/1] (0.00ns)   --->   "%specinterface_ln0 = specinterface void @_ssdm_op_SpecInterface, i32 %networkMask, void @ap_fifo_str, i32 0, i32 0, void @p_str, i32 0, i32 0, void @p_str, void @p_str, void @p_str, i32 2, i32 2, i32 16, i32 16, void @p_str, void @ScalarProp_str, i32 4294967295, i32 0"   --->   Operation 37 'specinterface' 'specinterface_ln0' <Predicate = true> <Delay = 0.00>
ST_2 : Operation 38 [1/1] (1.45ns)   --->   "%networkMask_read = read i32 @_ssdm_op_Read.ap_fifo.i32P0A, i32 %networkMask"   --->   Operation 38 'read' 'networkMask_read' <Predicate = true> <Delay = 1.45> <CoreInst = "FIFO_SRL">   --->   Core 81 'FIFO_SRL' <Latency = 0> <II = 1> <Delay = 1.46> <Storage> <Opcode : 'read' 'write' 'nbread' 'nbwrite'> <Ports = 0> <Width = 32> <Depth = 3> <FIFO>
ST_2 : Operation 39 [1/1] (0.00ns)   --->   "%specinterface_ln0 = specinterface void @_ssdm_op_SpecInterface, i32 %gatewayIP, void @ap_fifo_str, i32 0, i32 0, void @p_str, i32 0, i32 0, void @p_str, void @p_str, void @p_str, i32 2, i32 2, i32 16, i32 16, void @p_str, void @ScalarProp_str, i32 4294967295, i32 0"   --->   Operation 39 'specinterface' 'specinterface_ln0' <Predicate = true> <Delay = 0.00>
ST_2 : Operation 40 [1/1] (1.45ns)   --->   "%auxQueryIP_1 = read i32 @_ssdm_op_Read.ap_fifo.i32P0A, i32 %gatewayIP"   --->   Operation 40 'read' 'auxQueryIP_1' <Predicate = true> <Delay = 1.45> <CoreInst = "FIFO_SRL">   --->   Core 81 'FIFO_SRL' <Latency = 0> <II = 1> <Delay = 1.46> <Storage> <Opcode : 'read' 'write' 'nbread' 'nbwrite'> <Ports = 0> <Width = 32> <Depth = 3> <FIFO>
ST_2 : Operation 41 [1/1] (0.00ns)   --->   "%specinterface_ln0 = specinterface void @_ssdm_op_SpecInterface, i32 %myIpAddress, void @ap_fifo_str, i32 0, i32 0, void @p_str, i32 0, i32 0, void @p_str, void @p_str, void @p_str, i32 2, i32 2, i32 16, i32 16, void @p_str, void @ScalarProp_str, i32 4294967295, i32 0"   --->   Operation 41 'specinterface' 'specinterface_ln0' <Predicate = true> <Delay = 0.00>
ST_2 : Operation 42 [1/1] (1.39ns)   --->   "%myIpAddress_read = read i32 @_ssdm_op_Read.ap_fifo.i32P0A, i32 %myIpAddress"   --->   Operation 42 'read' 'myIpAddress_read' <Predicate = true> <Delay = 1.39> <CoreInst = "FIFO_SRL">   --->   Core 81 'FIFO_SRL' <Latency = 0> <II = 1> <Delay = 1.39> <Storage> <Opcode : 'read' 'write' 'nbread' 'nbwrite'> <Ports = 0> <Width = 32> <Depth = 2> <FIFO>
ST_2 : Operation 43 [1/1] (0.00ns)   --->   "%specinterface_ln0 = specinterface void @_ssdm_op_SpecInterface, i48 %myMacAddress, void @ap_fifo_str, i32 0, i32 0, void @p_str, i32 0, i32 0, void @p_str, void @p_str, void @p_str, i32 2, i32 2, i32 16, i32 16, void @p_str, void @ScalarProp_str, i32 4294967295, i32 0"   --->   Operation 43 'specinterface' 'specinterface_ln0' <Predicate = true> <Delay = 0.00>
ST_2 : Operation 44 [1/1] (1.41ns)   --->   "%myMacAddress_read = read i48 @_ssdm_op_Read.ap_fifo.i48P0A, i48 %myMacAddress"   --->   Operation 44 'read' 'myMacAddress_read' <Predicate = true> <Delay = 1.41> <CoreInst = "FIFO_SRL">   --->   Core 81 'FIFO_SRL' <Latency = 0> <II = 1> <Delay = 1.41> <Storage> <Opcode : 'read' 'write' 'nbread' 'nbwrite'> <Ports = 0> <Width = 48> <Depth = 3> <FIFO>
ST_2 : Operation 45 [1/1] (0.00ns)   --->   "%specinterface_ln0 = specinterface void @_ssdm_op_SpecInterface, i256 %arpReplyFifo, void @empty_4, i32 0, i32 0, void @empty_14, i32 0, i32 0, void @empty_14, void @empty_14, void @empty_14, i32 0, i32 0, i32 0, i32 0, void @empty_14, void @empty_14, i32 4294967295, i32 0"   --->   Operation 45 'specinterface' 'specinterface_ln0' <Predicate = true> <Delay = 0.00>
ST_2 : Operation 46 [1/1] (0.00ns)   --->   "%specinterface_ln0 = specinterface void @_ssdm_op_SpecInterface, i256 %arpReplyFifo, void @empty_4, i32 0, i32 0, void @empty_14, i32 0, i32 0, void @empty_14, void @empty_14, void @empty_14, i32 0, i32 0, i32 0, i32 0, void @empty_14, void @empty_14, i32 4294967295, i32 0"   --->   Operation 46 'specinterface' 'specinterface_ln0' <Predicate = true> <Delay = 0.00>
ST_2 : Operation 47 [1/1] (0.00ns)   --->   "%specinterface_ln0 = specinterface void @_ssdm_op_SpecInterface, i256 %arpReplyFifo, void @empty_4, i32 0, i32 0, void @empty_14, i32 0, i32 0, void @empty_14, void @empty_14, void @empty_14, i32 0, i32 0, i32 0, i32 0, void @empty_14, void @empty_14, i32 4294967295, i32 0"   --->   Operation 47 'specinterface' 'specinterface_ln0' <Predicate = true> <Delay = 0.00>
ST_2 : Operation 48 [1/1] (0.00ns)   --->   "%specinterface_ln0 = specinterface void @_ssdm_op_SpecInterface, i32 %arpRequestFifo, void @empty_4, i32 0, i32 0, void @empty_14, i32 0, i32 0, void @empty_14, void @empty_14, void @empty_14, i32 0, i32 0, i32 0, i32 0, void @empty_14, void @empty_14, i32 4294967295, i32 0"   --->   Operation 48 'specinterface' 'specinterface_ln0' <Predicate = true> <Delay = 0.00>
ST_2 : Operation 49 [1/1] (0.00ns)   --->   "%specinterface_ln0 = specinterface void @_ssdm_op_SpecInterface, i32 %arpRequestFifo, void @empty_4, i32 0, i32 0, void @empty_14, i32 0, i32 0, void @empty_14, void @empty_14, void @empty_14, i32 0, i32 0, i32 0, i32 0, void @empty_14, void @empty_14, i32 4294967295, i32 0"   --->   Operation 49 'specinterface' 'specinterface_ln0' <Predicate = true> <Delay = 0.00>
ST_2 : Operation 50 [1/1] (0.00ns)   --->   "%specinterface_ln0 = specinterface void @_ssdm_op_SpecInterface, i32 %arpRequestFifo, void @empty_4, i32 0, i32 0, void @empty_14, i32 0, i32 0, void @empty_14, void @empty_14, void @empty_14, i32 0, i32 0, i32 0, i32 0, void @empty_14, void @empty_14, i32 4294967295, i32 0"   --->   Operation 50 'specinterface' 'specinterface_ln0' <Predicate = true> <Delay = 0.00>
ST_2 : Operation 51 [1/1] (0.00ns)   --->   "%specaxissidechannel_ln0 = specaxissidechannel void @_ssdm_op_SpecAXISSideChannel, i512 %arpDataOut_V_data_V, i64 %arpDataOut_V_keep_V, i64 %arpDataOut_V_strb_V, i1 0, i1 %arpDataOut_V_last_V, i1 0, i1 0, void @empty_8"   --->   Operation 51 'specaxissidechannel' 'specaxissidechannel_ln0' <Predicate = true> <Delay = 0.00>
ST_2 : Operation 52 [1/1] (0.00ns)   --->   "%specinterface_ln0 = specinterface void @_ssdm_op_SpecInterface, i32 %arpRequestFifo, void @empty_4, i32 0, i32 0, void @empty_14, i32 0, i32 0, void @empty_14, void @empty_14, void @empty_14, i32 0, i32 0, i32 0, i32 0, void @empty_14, void @empty_14, i32 4294967295, i32 0"   --->   Operation 52 'specinterface' 'specinterface_ln0' <Predicate = true> <Delay = 0.00>
ST_2 : Operation 53 [1/1] (0.00ns)   --->   "%specinterface_ln0 = specinterface void @_ssdm_op_SpecInterface, i256 %arpReplyFifo, void @empty_4, i32 0, i32 0, void @empty_14, i32 0, i32 0, void @empty_14, void @empty_14, void @empty_14, i32 0, i32 0, i32 0, i32 0, void @empty_14, void @empty_14, i32 4294967295, i32 0"   --->   Operation 53 'specinterface' 'specinterface_ln0' <Predicate = true> <Delay = 0.00>
ST_2 : Operation 54 [1/1] (0.00ns)   --->   "%specinterface_ln0 = specinterface void @_ssdm_op_SpecInterface, i1 %arpDataOut_V_last_V, i64 %arpDataOut_V_strb_V, i64 %arpDataOut_V_keep_V, i512 %arpDataOut_V_data_V, void @empty_13, i32 1, i32 1, void @empty_12, i32 0, i32 0, void @empty_14, void @empty_14, void @empty_14, i32 0, i32 0, i32 0, i32 0, void @empty_14, void @empty_14, i32 4294967295, i32 0"   --->   Operation 54 'specinterface' 'specinterface_ln0' <Predicate = true> <Delay = 0.00>
ST_2 : Operation 55 [1/1] (0.00ns)   --->   "%specpipeline_ln0 = specpipeline void @_ssdm_op_SpecPipeline, i32 1, i32 0, i32 0, i32 0, void @empty_14"   --->   Operation 55 'specpipeline' 'specpipeline_ln0' <Predicate = true> <Delay = 0.00>
ST_2 : Operation 56 [1/1] (0.00ns)   --->   "%auxQueryIP = load i32 %inputIP" [/home/ubuntu/xup_vitis_network_example/NetLayers/100G-fpga-network-stack-core/synthesis_results_HBM/..//hls/arp_server/arp_server.cpp:136]   --->   Operation 56 'load' 'auxQueryIP' <Predicate = (aps_fsmState_load == 2)> <Delay = 0.00>
ST_2 : Operation 57 [1/1] (0.00ns) (grouped into LUT with out node icmp_ln136)   --->   "%xor_ln136 = xor i32 %myIpAddress_read, i32 %auxQueryIP" [/home/ubuntu/xup_vitis_network_example/NetLayers/100G-fpga-network-stack-core/synthesis_results_HBM/..//hls/arp_server/arp_server.cpp:136]   --->   Operation 57 'xor' 'xor_ln136' <Predicate = (aps_fsmState_load == 2)> <Delay = 0.00> <CoreInst = "LogicGate">   --->   Core 74 'LogicGate' <Latency = 0> <II = 1> <Delay = 0.21> <FuncUnit> <Opcode : 'and' 'or' 'xor'> <InPorts = 2> <OutPorts = 1>
ST_2 : Operation 58 [1/1] (0.00ns) (grouped into LUT with out node icmp_ln136)   --->   "%and_ln136 = and i32 %networkMask_read, i32 %xor_ln136" [/home/ubuntu/xup_vitis_network_example/NetLayers/100G-fpga-network-stack-core/synthesis_results_HBM/..//hls/arp_server/arp_server.cpp:136]   --->   Operation 58 'and' 'and_ln136' <Predicate = (aps_fsmState_load == 2)> <Delay = 0.00> <CoreInst = "LogicGate">   --->   Core 74 'LogicGate' <Latency = 0> <II = 1> <Delay = 0.21> <FuncUnit> <Opcode : 'and' 'or' 'xor'> <InPorts = 2> <OutPorts = 1>
ST_2 : Operation 59 [1/1] (0.88ns) (out node of the LUT)   --->   "%icmp_ln136 = icmp_eq  i32 %and_ln136, i32 0" [/home/ubuntu/xup_vitis_network_example/NetLayers/100G-fpga-network-stack-core/synthesis_results_HBM/..//hls/arp_server/arp_server.cpp:136]   --->   Operation 59 'icmp' 'icmp_ln136' <Predicate = (aps_fsmState_load == 2)> <Delay = 0.88> <CoreInst = "Cmp">   --->   Core 9 'Cmp' <Latency = 0> <II = 1> <Delay = 0.88> <FuncUnit> <Opcode : 'icmp'> <InPorts = 2> <OutPorts = 1>
ST_2 : Operation 60 [1/1] (0.22ns)   --->   "%auxQueryIP_2 = select i1 %icmp_ln136, i32 %auxQueryIP, i32 %auxQueryIP_1" [/home/ubuntu/xup_vitis_network_example/NetLayers/100G-fpga-network-stack-core/synthesis_results_HBM/..//hls/arp_server/arp_server.cpp:136]   --->   Operation 60 'select' 'auxQueryIP_2' <Predicate = (aps_fsmState_load == 2)> <Delay = 0.22> <CoreInst = "Sel">   --->   Core 73 'Sel' <Latency = 0> <II = 1> <Delay = 0.22> <FuncUnit> <Opcode : 'select'> <InPorts = 3> <OutPorts = 1>
ST_2 : Operation 61 [1/1] (0.00ns)   --->   "%sendWord_data_1 = bitconcatenate i431 @_ssdm_op_BitConcatenate.i431.i95.i32.i48.i32.i48.i80.i48.i48, i95 21438213421863513942334111744, i32 %auxQueryIP_2, i48 0, i32 %myIpAddress_read, i48 %myMacAddress_read, i80 4722656402130033706504, i48 %myMacAddress_read, i48 281474976710655" [/home/ubuntu/xup_vitis_network_example/NetLayers/100G-fpga-network-stack-core/synthesis_results_HBM/..//hls/arp_server/arp_server.cpp:117]   --->   Operation 61 'bitconcatenate' 'sendWord_data_1' <Predicate = (aps_fsmState_load == 2)> <Delay = 0.00>
ST_2 : Operation 62 [1/1] (0.00ns)   --->   "%zext_ln117_1 = zext i431 %sendWord_data_1" [/home/ubuntu/xup_vitis_network_example/NetLayers/100G-fpga-network-stack-core/synthesis_results_HBM/..//hls/arp_server/arp_server.cpp:117]   --->   Operation 62 'zext' 'zext_ln117_1' <Predicate = (aps_fsmState_load == 2)> <Delay = 0.00>
ST_2 : Operation 63 [2/2] (0.00ns)   --->   "%write_ln161 = write void @_ssdm_op_Write.axis.volatile.i512P0A.i64P0A.i64P0A.i1P0A, i512 %arpDataOut_V_data_V, i64 %arpDataOut_V_keep_V, i64 %arpDataOut_V_strb_V, i1 %arpDataOut_V_last_V, i512 %zext_ln117_1, i64 1152921504606846975, i64 0, i1 1" [/home/ubuntu/xup_vitis_network_example/NetLayers/100G-fpga-network-stack-core/synthesis_results_HBM/..//hls/arp_server/arp_server.cpp:161]   --->   Operation 63 'write' 'write_ln161' <Predicate = (aps_fsmState_load == 2)> <Delay = 0.00> <CoreInst = "axis">   --->   Core 123 'axis' <Latency = 0> <II = 1> <Delay = 1.00> <Adapter> <Opcode : >
ST_2 : Operation 64 [1/1] (0.00ns)   --->   "%replyMeta_srcMac_load = load i48 %replyMeta_srcMac" [/home/ubuntu/xup_vitis_network_example/NetLayers/100G-fpga-network-stack-core/synthesis_results_HBM/..//hls/arp_server/arp_server.cpp:166]   --->   Operation 64 'load' 'replyMeta_srcMac_load' <Predicate = (aps_fsmState_load == 1)> <Delay = 0.00>
ST_2 : Operation 65 [1/1] (0.00ns)   --->   "%replyMeta_ethType_load = load i16 %replyMeta_ethType" [/home/ubuntu/xup_vitis_network_example/NetLayers/100G-fpga-network-stack-core/synthesis_results_HBM/..//hls/arp_server/arp_server.cpp:168]   --->   Operation 65 'load' 'replyMeta_ethType_load' <Predicate = (aps_fsmState_load == 1)> <Delay = 0.00>
ST_2 : Operation 66 [1/1] (0.00ns)   --->   "%replyMeta_hwType_load = load i16 %replyMeta_hwType" [/home/ubuntu/xup_vitis_network_example/NetLayers/100G-fpga-network-stack-core/synthesis_results_HBM/..//hls/arp_server/arp_server.cpp:170]   --->   Operation 66 'load' 'replyMeta_hwType_load' <Predicate = (aps_fsmState_load == 1)> <Delay = 0.00>
ST_2 : Operation 67 [1/1] (0.00ns)   --->   "%replyMeta_protoType_load = load i16 %replyMeta_protoType" [/home/ubuntu/xup_vitis_network_example/NetLayers/100G-fpga-network-stack-core/synthesis_results_HBM/..//hls/arp_server/arp_server.cpp:171]   --->   Operation 67 'load' 'replyMeta_protoType_load' <Predicate = (aps_fsmState_load == 1)> <Delay = 0.00>
ST_2 : Operation 68 [1/1] (0.00ns)   --->   "%replyMeta_hwLen_load = load i8 %replyMeta_hwLen" [/home/ubuntu/xup_vitis_network_example/NetLayers/100G-fpga-network-stack-core/synthesis_results_HBM/..//hls/arp_server/arp_server.cpp:172]   --->   Operation 68 'load' 'replyMeta_hwLen_load' <Predicate = (aps_fsmState_load == 1)> <Delay = 0.00>
ST_2 : Operation 69 [1/1] (0.00ns)   --->   "%replyMeta_protoLen_load = load i8 %replyMeta_protoLen" [/home/ubuntu/xup_vitis_network_example/NetLayers/100G-fpga-network-stack-core/synthesis_results_HBM/..//hls/arp_server/arp_server.cpp:173]   --->   Operation 69 'load' 'replyMeta_protoLen_load' <Predicate = (aps_fsmState_load == 1)> <Delay = 0.00>
ST_2 : Operation 70 [1/1] (0.00ns)   --->   "%replyMeta_hwAddrSrc_load = load i48 %replyMeta_hwAddrSrc" [/home/ubuntu/xup_vitis_network_example/NetLayers/100G-fpga-network-stack-core/synthesis_results_HBM/..//hls/arp_server/arp_server.cpp:177]   --->   Operation 70 'load' 'replyMeta_hwAddrSrc_load' <Predicate = (aps_fsmState_load == 1)> <Delay = 0.00>
ST_2 : Operation 71 [1/1] (0.00ns)   --->   "%replyMeta_protoAddrSrc_load = load i32 %replyMeta_protoAddrSrc" [/home/ubuntu/xup_vitis_network_example/NetLayers/100G-fpga-network-stack-core/synthesis_results_HBM/..//hls/arp_server/arp_server.cpp:178]   --->   Operation 71 'load' 'replyMeta_protoAddrSrc_load' <Predicate = (aps_fsmState_load == 1)> <Delay = 0.00>
ST_2 : Operation 72 [1/1] (0.00ns)   --->   "%sendWord_data = bitconcatenate i431 @_ssdm_op_BitConcatenate.i431.i95.i32.i48.i32.i48.i16.i8.i8.i16.i16.i16.i48.i48, i95 21438213421863513942334111744, i32 %replyMeta_protoAddrSrc_load, i48 %replyMeta_hwAddrSrc_load, i32 %myIpAddress_read, i48 %myMacAddress_read, i16 512, i8 %replyMeta_protoLen_load, i8 %replyMeta_hwLen_load, i16 %replyMeta_protoType_load, i16 %replyMeta_hwType_load, i16 %replyMeta_ethType_load, i48 %myMacAddress_read, i48 %replyMeta_srcMac_load" [/home/ubuntu/xup_vitis_network_example/NetLayers/100G-fpga-network-stack-core/synthesis_results_HBM/..//hls/arp_server/arp_server.cpp:117]   --->   Operation 72 'bitconcatenate' 'sendWord_data' <Predicate = (aps_fsmState_load == 1)> <Delay = 0.00>
ST_2 : Operation 73 [1/1] (0.00ns)   --->   "%zext_ln117 = zext i431 %sendWord_data" [/home/ubuntu/xup_vitis_network_example/NetLayers/100G-fpga-network-stack-core/synthesis_results_HBM/..//hls/arp_server/arp_server.cpp:117]   --->   Operation 73 'zext' 'zext_ln117' <Predicate = (aps_fsmState_load == 1)> <Delay = 0.00>
ST_2 : Operation 74 [2/2] (0.00ns)   --->   "%write_ln186 = write void @_ssdm_op_Write.axis.volatile.i512P0A.i64P0A.i64P0A.i1P0A, i512 %arpDataOut_V_data_V, i64 %arpDataOut_V_keep_V, i64 %arpDataOut_V_strb_V, i1 %arpDataOut_V_last_V, i512 %zext_ln117, i64 1152921504606846975, i64 0, i1 1" [/home/ubuntu/xup_vitis_network_example/NetLayers/100G-fpga-network-stack-core/synthesis_results_HBM/..//hls/arp_server/arp_server.cpp:186]   --->   Operation 74 'write' 'write_ln186' <Predicate = (aps_fsmState_load == 1)> <Delay = 0.00> <CoreInst = "axis">   --->   Core 123 'axis' <Latency = 0> <II = 1> <Delay = 1.00> <Adapter> <Opcode : >

State 3 <SV = 2> <Delay = 0.00>
ST_3 : Operation 75 [1/2] (0.00ns)   --->   "%write_ln161 = write void @_ssdm_op_Write.axis.volatile.i512P0A.i64P0A.i64P0A.i1P0A, i512 %arpDataOut_V_data_V, i64 %arpDataOut_V_keep_V, i64 %arpDataOut_V_strb_V, i1 %arpDataOut_V_last_V, i512 %zext_ln117_1, i64 1152921504606846975, i64 0, i1 1" [/home/ubuntu/xup_vitis_network_example/NetLayers/100G-fpga-network-stack-core/synthesis_results_HBM/..//hls/arp_server/arp_server.cpp:161]   --->   Operation 75 'write' 'write_ln161' <Predicate = (aps_fsmState_load == 2)> <Delay = 0.00> <CoreInst = "axis">   --->   Core 123 'axis' <Latency = 0> <II = 1> <Delay = 1.00> <Adapter> <Opcode : >
ST_3 : Operation 76 [1/1] (0.00ns)   --->   "%br_ln162 = br void %arp_pkg_sender.exit" [/home/ubuntu/xup_vitis_network_example/NetLayers/100G-fpga-network-stack-core/synthesis_results_HBM/..//hls/arp_server/arp_server.cpp:162]   --->   Operation 76 'br' 'br_ln162' <Predicate = (aps_fsmState_load == 2)> <Delay = 0.00>
ST_3 : Operation 77 [1/2] (0.00ns)   --->   "%write_ln186 = write void @_ssdm_op_Write.axis.volatile.i512P0A.i64P0A.i64P0A.i1P0A, i512 %arpDataOut_V_data_V, i64 %arpDataOut_V_keep_V, i64 %arpDataOut_V_strb_V, i1 %arpDataOut_V_last_V, i512 %zext_ln117, i64 1152921504606846975, i64 0, i1 1" [/home/ubuntu/xup_vitis_network_example/NetLayers/100G-fpga-network-stack-core/synthesis_results_HBM/..//hls/arp_server/arp_server.cpp:186]   --->   Operation 77 'write' 'write_ln186' <Predicate = (aps_fsmState_load == 1)> <Delay = 0.00> <CoreInst = "axis">   --->   Core 123 'axis' <Latency = 0> <II = 1> <Delay = 1.00> <Adapter> <Opcode : >
ST_3 : Operation 78 [1/1] (0.00ns)   --->   "%br_ln187 = br void %arp_pkg_sender.exit" [/home/ubuntu/xup_vitis_network_example/NetLayers/100G-fpga-network-stack-core/synthesis_results_HBM/..//hls/arp_server/arp_server.cpp:187]   --->   Operation 78 'br' 'br_ln187' <Predicate = (aps_fsmState_load == 1)> <Delay = 0.00>
ST_3 : Operation 79 [1/1] (0.00ns)   --->   "%ret_ln0 = ret"   --->   Operation 79 'ret' 'ret_ln0' <Predicate = true> <Delay = 0.00>


============================================================
+ Verbose Summary: Binding
============================================================
STG Binding: 
---------------- STG Properties BEGIN ----------------
- Is combinational: 0
- Is one-state seq: 0
- Is datapath-only: 0
- Is pipelined: 1
- Is top level: 0
Port [ Return ] is wired: 1; IO mode=ap_ctrl_hs:ce=0
Port [ arpDataOut_V_data_V]:  wired=1; compound=1; hidden=0; nouse=0; global=0; static=0; extern=0; dir=1; type=0; pingpong=0; private_global=0; IO mode=axis:ce=0
Port [ arpDataOut_V_keep_V]:  wired=1; compound=1; hidden=0; nouse=0; global=0; static=0; extern=0; dir=1; type=0; pingpong=0; private_global=0; IO mode=axis:ce=0
Port [ arpDataOut_V_strb_V]:  wired=1; compound=1; hidden=0; nouse=0; global=0; static=0; extern=0; dir=1; type=0; pingpong=0; private_global=0; IO mode=axis:ce=0
Port [ arpDataOut_V_last_V]:  wired=1; compound=1; hidden=0; nouse=0; global=0; static=0; extern=0; dir=1; type=0; pingpong=0; private_global=0; IO mode=axis:ce=0
Port [ myMacAddress]:  wired=1; compound=1; hidden=0; nouse=0; global=0; static=0; extern=0; dir=0; type=3; pingpong=0; private_global=0; IO mode=ap_fifo:ce=0
Port [ myIpAddress]:  wired=1; compound=1; hidden=0; nouse=0; global=0; static=0; extern=0; dir=0; type=3; pingpong=0; private_global=0; IO mode=ap_fifo:ce=0
Port [ gatewayIP]:  wired=1; compound=1; hidden=0; nouse=0; global=0; static=0; extern=0; dir=0; type=3; pingpong=0; private_global=0; IO mode=ap_fifo:ce=0
Port [ networkMask]:  wired=1; compound=1; hidden=0; nouse=0; global=0; static=0; extern=0; dir=0; type=3; pingpong=0; private_global=0; IO mode=ap_fifo:ce=0
Port [ aps_fsmState]:  wired=0; compound=0; hidden=1; nouse=0; global=1; static=1; extern=0; dir=2; type=0; pingpong=0; private_global=1; IO mode=ap_ovld:ce=0
Port [ arpReplyFifo]:  wired=1; compound=1; hidden=0; nouse=0; global=1; static=1; extern=0; dir=0; type=3; pingpong=0; private_global=0; IO mode=ap_fifo:ce=0
Port [ replyMeta_srcMac]:  wired=0; compound=0; hidden=1; nouse=0; global=1; static=1; extern=0; dir=2; type=0; pingpong=0; private_global=1; IO mode=ap_ovld:ce=0
Port [ replyMeta_ethType]:  wired=0; compound=0; hidden=1; nouse=0; global=1; static=1; extern=0; dir=2; type=0; pingpong=0; private_global=1; IO mode=ap_ovld:ce=0
Port [ replyMeta_hwType]:  wired=0; compound=0; hidden=1; nouse=0; global=1; static=1; extern=0; dir=2; type=0; pingpong=0; private_global=1; IO mode=ap_ovld:ce=0
Port [ replyMeta_protoType]:  wired=0; compound=0; hidden=1; nouse=0; global=1; static=1; extern=0; dir=2; type=0; pingpong=0; private_global=1; IO mode=ap_ovld:ce=0
Port [ replyMeta_hwLen]:  wired=0; compound=0; hidden=1; nouse=0; global=1; static=1; extern=0; dir=2; type=0; pingpong=0; private_global=1; IO mode=ap_ovld:ce=0
Port [ replyMeta_protoLen]:  wired=0; compound=0; hidden=1; nouse=0; global=1; static=1; extern=0; dir=2; type=0; pingpong=0; private_global=1; IO mode=ap_ovld:ce=0
Port [ replyMeta_hwAddrSrc]:  wired=0; compound=0; hidden=1; nouse=0; global=1; static=1; extern=0; dir=2; type=0; pingpong=0; private_global=1; IO mode=ap_ovld:ce=0
Port [ replyMeta_protoAddrSrc]:  wired=0; compound=0; hidden=1; nouse=0; global=1; static=1; extern=0; dir=2; type=0; pingpong=0; private_global=1; IO mode=ap_ovld:ce=0
Port [ arpRequestFifo]:  wired=1; compound=1; hidden=0; nouse=0; global=1; static=1; extern=0; dir=0; type=3; pingpong=0; private_global=0; IO mode=ap_fifo:ce=0
Port [ inputIP]:  wired=0; compound=0; hidden=1; nouse=0; global=1; static=1; extern=0; dir=2; type=0; pingpong=0; private_global=1; IO mode=ap_ovld:ce=0
---------------- STG Properties END ------------------

---------------- Datapath Model BEGIN ----------------

<LifeTime>
<method=bitvector/>
aps_fsmState_load           (load               ) [ 0111]
switch_ln119                (switch             ) [ 0000]
store_ln159                 (store              ) [ 0000]
store_ln184                 (store              ) [ 0000]
tmp_i                       (nbreadreq          ) [ 0100]
br_ln121                    (br                 ) [ 0000]
tmp_8_i                     (nbreadreq          ) [ 0100]
br_ln125                    (br                 ) [ 0000]
arpRequestFifo_read         (read               ) [ 0000]
store_ln126                 (store              ) [ 0000]
store_ln127                 (store              ) [ 0000]
br_ln128                    (br                 ) [ 0000]
br_ln0                      (br                 ) [ 0000]
arpReplyFifo_read           (read               ) [ 0000]
trunc_ln122                 (trunc              ) [ 0000]
store_ln122                 (store              ) [ 0000]
tmp_i_41                    (partselect         ) [ 0000]
store_ln122                 (store              ) [ 0000]
tmp_2_i                     (partselect         ) [ 0000]
store_ln122                 (store              ) [ 0000]
tmp_3_i                     (partselect         ) [ 0000]
store_ln122                 (store              ) [ 0000]
tmp_4_i                     (partselect         ) [ 0000]
store_ln122                 (store              ) [ 0000]
tmp_5_i                     (partselect         ) [ 0000]
store_ln122                 (store              ) [ 0000]
tmp_6_i                     (partselect         ) [ 0000]
store_ln122                 (store              ) [ 0000]
tmp_7_i                     (partselect         ) [ 0000]
store_ln122                 (store              ) [ 0000]
store_ln123                 (store              ) [ 0000]
br_ln124                    (br                 ) [ 0000]
br_ln129                    (br                 ) [ 0000]
specinterface_ln0           (specinterface      ) [ 0000]
networkMask_read            (read               ) [ 0000]
specinterface_ln0           (specinterface      ) [ 0000]
auxQueryIP_1                (read               ) [ 0000]
specinterface_ln0           (specinterface      ) [ 0000]
myIpAddress_read            (read               ) [ 0000]
specinterface_ln0           (specinterface      ) [ 0000]
myMacAddress_read           (read               ) [ 0000]
specinterface_ln0           (specinterface      ) [ 0000]
specinterface_ln0           (specinterface      ) [ 0000]
specinterface_ln0           (specinterface      ) [ 0000]
specinterface_ln0           (specinterface      ) [ 0000]
specinterface_ln0           (specinterface      ) [ 0000]
specinterface_ln0           (specinterface      ) [ 0000]
specaxissidechannel_ln0     (specaxissidechannel) [ 0000]
specinterface_ln0           (specinterface      ) [ 0000]
specinterface_ln0           (specinterface      ) [ 0000]
specinterface_ln0           (specinterface      ) [ 0000]
specpipeline_ln0            (specpipeline       ) [ 0000]
auxQueryIP                  (load               ) [ 0000]
xor_ln136                   (xor                ) [ 0000]
and_ln136                   (and                ) [ 0000]
icmp_ln136                  (icmp               ) [ 0000]
auxQueryIP_2                (select             ) [ 0000]
sendWord_data_1             (bitconcatenate     ) [ 0000]
zext_ln117_1                (zext               ) [ 0101]
replyMeta_srcMac_load       (load               ) [ 0000]
replyMeta_ethType_load      (load               ) [ 0000]
replyMeta_hwType_load       (load               ) [ 0000]
replyMeta_protoType_load    (load               ) [ 0000]
replyMeta_hwLen_load        (load               ) [ 0000]
replyMeta_protoLen_load     (load               ) [ 0000]
replyMeta_hwAddrSrc_load    (load               ) [ 0000]
replyMeta_protoAddrSrc_load (load               ) [ 0000]
sendWord_data               (bitconcatenate     ) [ 0000]
zext_ln117                  (zext               ) [ 0101]
write_ln161                 (write              ) [ 0000]
br_ln162                    (br                 ) [ 0000]
write_ln186                 (write              ) [ 0000]
br_ln187                    (br                 ) [ 0000]
ret_ln0                     (ret                ) [ 0000]
</LifeTime>

<model>

<comp_list>
<comp id="0" class="1000" name="arpDataOut_V_data_V">
<pin_list>
<pin id="1" dir="1" index="0" bw="1" slack="0"/>
</pin_list>
<bind>
<StgValue><ssdm name="arpDataOut_V_data_V"/></StgValue>
</bind>
</comp>

<comp id="2" class="1000" name="arpDataOut_V_keep_V">
<pin_list>
<pin id="3" dir="1" index="0" bw="1" slack="0"/>
</pin_list>
<bind>
<StgValue><ssdm name="arpDataOut_V_keep_V"/></StgValue>
</bind>
</comp>

<comp id="4" class="1000" name="arpDataOut_V_strb_V">
<pin_list>
<pin id="5" dir="1" index="0" bw="1" slack="0"/>
</pin_list>
<bind>
<StgValue><ssdm name="arpDataOut_V_strb_V"/></StgValue>
</bind>
</comp>

<comp id="6" class="1000" name="arpDataOut_V_last_V">
<pin_list>
<pin id="7" dir="1" index="0" bw="1" slack="0"/>
</pin_list>
<bind>
<StgValue><ssdm name="arpDataOut_V_last_V"/></StgValue>
</bind>
</comp>

<comp id="8" class="1000" name="myMacAddress">
<pin_list>
<pin id="9" dir="1" index="0" bw="1" slack="0"/>
</pin_list>
<bind>
<StgValue><ssdm name="myMacAddress"/></StgValue>
</bind>
</comp>

<comp id="10" class="1000" name="myIpAddress">
<pin_list>
<pin id="11" dir="1" index="0" bw="1" slack="0"/>
</pin_list>
<bind>
<StgValue><ssdm name="myIpAddress"/></StgValue>
</bind>
</comp>

<comp id="12" class="1000" name="gatewayIP">
<pin_list>
<pin id="13" dir="1" index="0" bw="1" slack="0"/>
</pin_list>
<bind>
<StgValue><ssdm name="gatewayIP"/></StgValue>
</bind>
</comp>

<comp id="14" class="1000" name="networkMask">
<pin_list>
<pin id="15" dir="1" index="0" bw="1" slack="0"/>
</pin_list>
<bind>
<StgValue><ssdm name="networkMask"/></StgValue>
</bind>
</comp>

<comp id="16" class="1000" name="aps_fsmState">
<pin_list>
<pin id="17" dir="1" index="0" bw="1" slack="0"/>
</pin_list>
<bind>
<StgValue><ssdm name="aps_fsmState"/></StgValue>
</bind>
</comp>

<comp id="18" class="1000" name="arpReplyFifo">
<pin_list>
<pin id="19" dir="1" index="0" bw="1" slack="0"/>
</pin_list>
<bind>
<StgValue><ssdm name="arpReplyFifo"/></StgValue>
</bind>
</comp>

<comp id="20" class="1000" name="replyMeta_srcMac">
<pin_list>
<pin id="21" dir="1" index="0" bw="1" slack="0"/>
</pin_list>
<bind>
<StgValue><ssdm name="replyMeta_srcMac"/></StgValue>
</bind>
</comp>

<comp id="22" class="1000" name="replyMeta_ethType">
<pin_list>
<pin id="23" dir="1" index="0" bw="1" slack="0"/>
</pin_list>
<bind>
<StgValue><ssdm name="replyMeta_ethType"/></StgValue>
</bind>
</comp>

<comp id="24" class="1000" name="replyMeta_hwType">
<pin_list>
<pin id="25" dir="1" index="0" bw="1" slack="0"/>
</pin_list>
<bind>
<StgValue><ssdm name="replyMeta_hwType"/></StgValue>
</bind>
</comp>

<comp id="26" class="1000" name="replyMeta_protoType">
<pin_list>
<pin id="27" dir="1" index="0" bw="1" slack="0"/>
</pin_list>
<bind>
<StgValue><ssdm name="replyMeta_protoType"/></StgValue>
</bind>
</comp>

<comp id="28" class="1000" name="replyMeta_hwLen">
<pin_list>
<pin id="29" dir="1" index="0" bw="1" slack="0"/>
</pin_list>
<bind>
<StgValue><ssdm name="replyMeta_hwLen"/></StgValue>
</bind>
</comp>

<comp id="30" class="1000" name="replyMeta_protoLen">
<pin_list>
<pin id="31" dir="1" index="0" bw="1" slack="0"/>
</pin_list>
<bind>
<StgValue><ssdm name="replyMeta_protoLen"/></StgValue>
</bind>
</comp>

<comp id="32" class="1000" name="replyMeta_hwAddrSrc">
<pin_list>
<pin id="33" dir="1" index="0" bw="1" slack="0"/>
</pin_list>
<bind>
<StgValue><ssdm name="replyMeta_hwAddrSrc"/></StgValue>
</bind>
</comp>

<comp id="34" class="1000" name="replyMeta_protoAddrSrc">
<pin_list>
<pin id="35" dir="1" index="0" bw="1" slack="0"/>
</pin_list>
<bind>
<StgValue><ssdm name="replyMeta_protoAddrSrc"/></StgValue>
</bind>
</comp>

<comp id="36" class="1000" name="arpRequestFifo">
<pin_list>
<pin id="37" dir="1" index="0" bw="1" slack="0"/>
</pin_list>
<bind>
<StgValue><ssdm name="arpRequestFifo"/></StgValue>
</bind>
</comp>

<comp id="38" class="1000" name="inputIP">
<pin_list>
<pin id="39" dir="1" index="0" bw="1" slack="0"/>
</pin_list>
<bind>
<StgValue><ssdm name="inputIP"/></StgValue>
</bind>
</comp>

<comp id="40" class="1001" name="const_40">
<pin_list>
<pin id="41" dir="1" index="0" bw="1" slack="0"/>
</pin_list>
<bind>
<StgValue><ssdm name=""/></StgValue>
</bind>
</comp>

<comp id="42" class="1001" name="const_42">
<pin_list>
<pin id="43" dir="1" index="0" bw="1" slack="0"/>
</pin_list>
<bind>
<StgValue><ssdm name=""/></StgValue>
</bind>
</comp>

<comp id="44" class="1001" name="const_44">
<pin_list>
<pin id="45" dir="1" index="0" bw="1" slack="0"/>
</pin_list>
<bind>
<StgValue><ssdm name=""/></StgValue>
</bind>
</comp>

<comp id="46" class="1001" name="const_46">
<pin_list>
<pin id="47" dir="1" index="0" bw="1" slack="0"/>
</pin_list>
<bind>
<StgValue><ssdm name="_ssdm_op_NbReadReq.ap_fifo.i256P0A"/></StgValue>
</bind>
</comp>

<comp id="48" class="1001" name="const_48">
<pin_list>
<pin id="49" dir="1" index="0" bw="1" slack="0"/>
</pin_list>
<bind>
<StgValue><ssdm name=""/></StgValue>
</bind>
</comp>

<comp id="50" class="1001" name="const_50">
<pin_list>
<pin id="51" dir="1" index="0" bw="1" slack="0"/>
</pin_list>
<bind>
<StgValue><ssdm name="_ssdm_op_NbReadReq.ap_fifo.i32P0A"/></StgValue>
</bind>
</comp>

<comp id="52" class="1001" name="const_52">
<pin_list>
<pin id="53" dir="1" index="0" bw="1" slack="0"/>
</pin_list>
<bind>
<StgValue><ssdm name="_ssdm_op_Read.ap_fifo.volatile.i32P0A"/></StgValue>
</bind>
</comp>

<comp id="54" class="1001" name="const_54">
<pin_list>
<pin id="55" dir="1" index="0" bw="1" slack="0"/>
</pin_list>
<bind>
<StgValue><ssdm name="_ssdm_op_Read.ap_fifo.volatile.i256P0A"/></StgValue>
</bind>
</comp>

<comp id="56" class="1001" name="const_56">
<pin_list>
<pin id="57" dir="1" index="0" bw="1" slack="0"/>
</pin_list>
<bind>
<StgValue><ssdm name="_ssdm_op_PartSelect.i16.i256.i32.i32"/></StgValue>
</bind>
</comp>

<comp id="58" class="1001" name="const_58">
<pin_list>
<pin id="59" dir="1" index="0" bw="1" slack="0"/>
</pin_list>
<bind>
<StgValue><ssdm name=""/></StgValue>
</bind>
</comp>

<comp id="60" class="1001" name="const_60">
<pin_list>
<pin id="61" dir="1" index="0" bw="1" slack="0"/>
</pin_list>
<bind>
<StgValue><ssdm name=""/></StgValue>
</bind>
</comp>

<comp id="62" class="1001" name="const_62">
<pin_list>
<pin id="63" dir="1" index="0" bw="1" slack="0"/>
</pin_list>
<bind>
<StgValue><ssdm name=""/></StgValue>
</bind>
</comp>

<comp id="64" class="1001" name="const_64">
<pin_list>
<pin id="65" dir="1" index="0" bw="1" slack="0"/>
</pin_list>
<bind>
<StgValue><ssdm name=""/></StgValue>
</bind>
</comp>

<comp id="66" class="1001" name="const_66">
<pin_list>
<pin id="67" dir="1" index="0" bw="1" slack="0"/>
</pin_list>
<bind>
<StgValue><ssdm name=""/></StgValue>
</bind>
</comp>

<comp id="68" class="1001" name="const_68">
<pin_list>
<pin id="69" dir="1" index="0" bw="1" slack="0"/>
</pin_list>
<bind>
<StgValue><ssdm name=""/></StgValue>
</bind>
</comp>

<comp id="70" class="1001" name="const_70">
<pin_list>
<pin id="71" dir="1" index="0" bw="1" slack="0"/>
</pin_list>
<bind>
<StgValue><ssdm name="_ssdm_op_PartSelect.i8.i256.i32.i32"/></StgValue>
</bind>
</comp>

<comp id="72" class="1001" name="const_72">
<pin_list>
<pin id="73" dir="1" index="0" bw="1" slack="0"/>
</pin_list>
<bind>
<StgValue><ssdm name=""/></StgValue>
</bind>
</comp>

<comp id="74" class="1001" name="const_74">
<pin_list>
<pin id="75" dir="1" index="0" bw="1" slack="0"/>
</pin_list>
<bind>
<StgValue><ssdm name=""/></StgValue>
</bind>
</comp>

<comp id="76" class="1001" name="const_76">
<pin_list>
<pin id="77" dir="1" index="0" bw="1" slack="0"/>
</pin_list>
<bind>
<StgValue><ssdm name=""/></StgValue>
</bind>
</comp>

<comp id="78" class="1001" name="const_78">
<pin_list>
<pin id="79" dir="1" index="0" bw="1" slack="0"/>
</pin_list>
<bind>
<StgValue><ssdm name=""/></StgValue>
</bind>
</comp>

<comp id="80" class="1001" name="const_80">
<pin_list>
<pin id="81" dir="1" index="0" bw="1" slack="0"/>
</pin_list>
<bind>
<StgValue><ssdm name="_ssdm_op_PartSelect.i48.i256.i32.i32"/></StgValue>
</bind>
</comp>

<comp id="82" class="1001" name="const_82">
<pin_list>
<pin id="83" dir="1" index="0" bw="1" slack="0"/>
</pin_list>
<bind>
<StgValue><ssdm name=""/></StgValue>
</bind>
</comp>

<comp id="84" class="1001" name="const_84">
<pin_list>
<pin id="85" dir="1" index="0" bw="1" slack="0"/>
</pin_list>
<bind>
<StgValue><ssdm name=""/></StgValue>
</bind>
</comp>

<comp id="86" class="1001" name="const_86">
<pin_list>
<pin id="87" dir="1" index="0" bw="1" slack="0"/>
</pin_list>
<bind>
<StgValue><ssdm name="_ssdm_op_PartSelect.i32.i256.i32.i32"/></StgValue>
</bind>
</comp>

<comp id="88" class="1001" name="const_88">
<pin_list>
<pin id="89" dir="1" index="0" bw="1" slack="0"/>
</pin_list>
<bind>
<StgValue><ssdm name=""/></StgValue>
</bind>
</comp>

<comp id="90" class="1001" name="const_90">
<pin_list>
<pin id="91" dir="1" index="0" bw="1" slack="0"/>
</pin_list>
<bind>
<StgValue><ssdm name=""/></StgValue>
</bind>
</comp>

<comp id="92" class="1001" name="const_92">
<pin_list>
<pin id="93" dir="1" index="0" bw="1" slack="2147483647"/>
</pin_list>
<bind>
<StgValue><ssdm name="_ssdm_op_SpecInterface"/></StgValue>
</bind>
</comp>

<comp id="94" class="1001" name="const_94">
<pin_list>
<pin id="95" dir="1" index="0" bw="1" slack="2147483647"/>
</pin_list>
<bind>
<StgValue><ssdm name="ap_fifo_str"/></StgValue>
</bind>
</comp>

<comp id="96" class="1001" name="const_96">
<pin_list>
<pin id="97" dir="1" index="0" bw="1" slack="0"/>
</pin_list>
<bind>
<StgValue><ssdm name=""/></StgValue>
</bind>
</comp>

<comp id="98" class="1001" name="const_98">
<pin_list>
<pin id="99" dir="1" index="0" bw="1" slack="2147483647"/>
</pin_list>
<bind>
<StgValue><ssdm name="p_str"/></StgValue>
</bind>
</comp>

<comp id="100" class="1001" name="const_100">
<pin_list>
<pin id="101" dir="1" index="0" bw="1" slack="2147483647"/>
</pin_list>
<bind>
<StgValue><ssdm name=""/></StgValue>
</bind>
</comp>

<comp id="102" class="1001" name="const_102">
<pin_list>
<pin id="103" dir="1" index="0" bw="1" slack="2147483647"/>
</pin_list>
<bind>
<StgValue><ssdm name=""/></StgValue>
</bind>
</comp>

<comp id="104" class="1001" name="const_104">
<pin_list>
<pin id="105" dir="1" index="0" bw="1" slack="2147483647"/>
</pin_list>
<bind>
<StgValue><ssdm name="ScalarProp_str"/></StgValue>
</bind>
</comp>

<comp id="106" class="1001" name="const_106">
<pin_list>
<pin id="107" dir="1" index="0" bw="1" slack="2147483647"/>
</pin_list>
<bind>
<StgValue><ssdm name=""/></StgValue>
</bind>
</comp>

<comp id="108" class="1001" name="const_108">
<pin_list>
<pin id="109" dir="1" index="0" bw="1" slack="0"/>
</pin_list>
<bind>
<StgValue><ssdm name="_ssdm_op_Read.ap_fifo.i32P0A"/></StgValue>
</bind>
</comp>

<comp id="110" class="1001" name="const_110">
<pin_list>
<pin id="111" dir="1" index="0" bw="1" slack="0"/>
</pin_list>
<bind>
<StgValue><ssdm name="_ssdm_op_Read.ap_fifo.i48P0A"/></StgValue>
</bind>
</comp>

<comp id="112" class="1001" name="const_112">
<pin_list>
<pin id="113" dir="1" index="0" bw="1" slack="2147483647"/>
</pin_list>
<bind>
<StgValue><ssdm name="empty_4"/></StgValue>
</bind>
</comp>

<comp id="114" class="1001" name="const_114">
<pin_list>
<pin id="115" dir="1" index="0" bw="1" slack="2147483647"/>
</pin_list>
<bind>
<StgValue><ssdm name="empty_14"/></StgValue>
</bind>
</comp>

<comp id="116" class="1001" name="const_116">
<pin_list>
<pin id="117" dir="1" index="0" bw="1" slack="2147483647"/>
</pin_list>
<bind>
<StgValue><ssdm name="_ssdm_op_SpecAXISSideChannel"/></StgValue>
</bind>
</comp>

<comp id="118" class="1001" name="const_118">
<pin_list>
<pin id="119" dir="1" index="0" bw="1" slack="2147483647"/>
</pin_list>
<bind>
<StgValue><ssdm name=""/></StgValue>
</bind>
</comp>

<comp id="120" class="1001" name="const_120">
<pin_list>
<pin id="121" dir="1" index="0" bw="1" slack="2147483647"/>
</pin_list>
<bind>
<StgValue><ssdm name="empty_8"/></StgValue>
</bind>
</comp>

<comp id="122" class="1001" name="const_122">
<pin_list>
<pin id="123" dir="1" index="0" bw="1" slack="2147483647"/>
</pin_list>
<bind>
<StgValue><ssdm name="empty_13"/></StgValue>
</bind>
</comp>

<comp id="124" class="1001" name="const_124">
<pin_list>
<pin id="125" dir="1" index="0" bw="1" slack="2147483647"/>
</pin_list>
<bind>
<StgValue><ssdm name="empty_12"/></StgValue>
</bind>
</comp>

<comp id="126" class="1001" name="const_126">
<pin_list>
<pin id="127" dir="1" index="0" bw="1" slack="2147483647"/>
</pin_list>
<bind>
<StgValue><ssdm name="_ssdm_op_SpecPipeline"/></StgValue>
</bind>
</comp>

<comp id="128" class="1001" name="const_128">
<pin_list>
<pin id="129" dir="1" index="0" bw="1" slack="0"/>
</pin_list>
<bind>
<StgValue><ssdm name="_ssdm_op_BitConcatenate.i431.i95.i32.i48.i32.i48.i80.i48.i48"/></StgValue>
</bind>
</comp>

<comp id="130" class="1001" name="const_130">
<pin_list>
<pin id="131" dir="1" index="0" bw="1" slack="0"/>
</pin_list>
<bind>
<StgValue><ssdm name=""/></StgValue>
</bind>
</comp>

<comp id="132" class="1001" name="const_132">
<pin_list>
<pin id="133" dir="1" index="0" bw="1" slack="0"/>
</pin_list>
<bind>
<StgValue><ssdm name=""/></StgValue>
</bind>
</comp>

<comp id="134" class="1001" name="const_134">
<pin_list>
<pin id="135" dir="1" index="0" bw="1" slack="0"/>
</pin_list>
<bind>
<StgValue><ssdm name=""/></StgValue>
</bind>
</comp>

<comp id="136" class="1001" name="const_136">
<pin_list>
<pin id="137" dir="1" index="0" bw="1" slack="0"/>
</pin_list>
<bind>
<StgValue><ssdm name=""/></StgValue>
</bind>
</comp>

<comp id="138" class="1001" name="const_138">
<pin_list>
<pin id="139" dir="1" index="0" bw="1" slack="0"/>
</pin_list>
<bind>
<StgValue><ssdm name="_ssdm_op_Write.axis.volatile.i512P0A.i64P0A.i64P0A.i1P0A"/></StgValue>
</bind>
</comp>

<comp id="140" class="1001" name="const_140">
<pin_list>
<pin id="141" dir="1" index="0" bw="1" slack="0"/>
</pin_list>
<bind>
<StgValue><ssdm name=""/></StgValue>
</bind>
</comp>

<comp id="142" class="1001" name="const_142">
<pin_list>
<pin id="143" dir="1" index="0" bw="1" slack="0"/>
</pin_list>
<bind>
<StgValue><ssdm name=""/></StgValue>
</bind>
</comp>

<comp id="144" class="1001" name="const_144">
<pin_list>
<pin id="145" dir="1" index="0" bw="1" slack="0"/>
</pin_list>
<bind>
<StgValue><ssdm name=""/></StgValue>
</bind>
</comp>

<comp id="146" class="1001" name="const_146">
<pin_list>
<pin id="147" dir="1" index="0" bw="1" slack="0"/>
</pin_list>
<bind>
<StgValue><ssdm name="_ssdm_op_BitConcatenate.i431.i95.i32.i48.i32.i48.i16.i8.i8.i16.i16.i16.i48.i48"/></StgValue>
</bind>
</comp>

<comp id="148" class="1001" name="const_148">
<pin_list>
<pin id="149" dir="1" index="0" bw="1" slack="0"/>
</pin_list>
<bind>
<StgValue><ssdm name=""/></StgValue>
</bind>
</comp>

<comp id="150" class="1004" name="tmp_i_nbreadreq_fu_150">
<pin_list>
<pin id="151" dir="0" index="0" bw="1" slack="0"/>
<pin id="152" dir="0" index="1" bw="256" slack="0"/>
<pin id="153" dir="0" index="2" bw="1" slack="0"/>
<pin id="154" dir="1" index="3" bw="1" slack="2147483647"/>
</pin_list>
<bind>
<opcode="nbreadreq(1156) " fcode="nbreadreq"/>
<opset="tmp_i/1 "/>
</bind>
</comp>

<comp id="158" class="1004" name="tmp_8_i_nbreadreq_fu_158">
<pin_list>
<pin id="159" dir="0" index="0" bw="1" slack="0"/>
<pin id="160" dir="0" index="1" bw="32" slack="0"/>
<pin id="161" dir="0" index="2" bw="1" slack="0"/>
<pin id="162" dir="1" index="3" bw="1" slack="2147483647"/>
</pin_list>
<bind>
<opcode="nbreadreq(1156) " fcode="nbreadreq"/>
<opset="tmp_8_i/1 "/>
</bind>
</comp>

<comp id="166" class="1004" name="arpRequestFifo_read_read_fu_166">
<pin_list>
<pin id="167" dir="0" index="0" bw="32" slack="0"/>
<pin id="168" dir="0" index="1" bw="32" slack="0"/>
<pin id="169" dir="1" index="2" bw="32" slack="0"/>
</pin_list>
<bind>
<opcode="read(1150) " fcode="read"/>
<opset="arpRequestFifo_read/1 "/>
</bind>
</comp>

<comp id="172" class="1004" name="arpReplyFifo_read_read_fu_172">
<pin_list>
<pin id="173" dir="0" index="0" bw="256" slack="0"/>
<pin id="174" dir="0" index="1" bw="256" slack="0"/>
<pin id="175" dir="1" index="2" bw="256" slack="0"/>
</pin_list>
<bind>
<opcode="read(1150) " fcode="read"/>
<opset="arpReplyFifo_read/1 "/>
</bind>
</comp>

<comp id="178" class="1004" name="networkMask_read_read_fu_178">
<pin_list>
<pin id="179" dir="0" index="0" bw="32" slack="0"/>
<pin id="180" dir="0" index="1" bw="32" slack="0"/>
<pin id="181" dir="1" index="2" bw="32" slack="0"/>
</pin_list>
<bind>
<opcode="read(1150) " fcode="read"/>
<opset="networkMask_read/2 "/>
</bind>
</comp>

<comp id="184" class="1004" name="auxQueryIP_1_read_fu_184">
<pin_list>
<pin id="185" dir="0" index="0" bw="32" slack="0"/>
<pin id="186" dir="0" index="1" bw="32" slack="0"/>
<pin id="187" dir="1" index="2" bw="32" slack="0"/>
</pin_list>
<bind>
<opcode="read(1150) " fcode="read"/>
<opset="auxQueryIP_1/2 "/>
</bind>
</comp>

<comp id="190" class="1004" name="myIpAddress_read_read_fu_190">
<pin_list>
<pin id="191" dir="0" index="0" bw="32" slack="0"/>
<pin id="192" dir="0" index="1" bw="32" slack="0"/>
<pin id="193" dir="1" index="2" bw="32" slack="0"/>
</pin_list>
<bind>
<opcode="read(1150) " fcode="read"/>
<opset="myIpAddress_read/2 "/>
</bind>
</comp>

<comp id="196" class="1004" name="myMacAddress_read_read_fu_196">
<pin_list>
<pin id="197" dir="0" index="0" bw="48" slack="0"/>
<pin id="198" dir="0" index="1" bw="48" slack="0"/>
<pin id="199" dir="1" index="2" bw="48" slack="0"/>
</pin_list>
<bind>
<opcode="read(1150) " fcode="read"/>
<opset="myMacAddress_read/2 "/>
</bind>
</comp>

<comp id="202" class="1004" name="grp_write_fu_202">
<pin_list>
<pin id="203" dir="0" index="0" bw="0" slack="0"/>
<pin id="204" dir="0" index="1" bw="512" slack="0"/>
<pin id="205" dir="0" index="2" bw="64" slack="0"/>
<pin id="206" dir="0" index="3" bw="64" slack="0"/>
<pin id="207" dir="0" index="4" bw="1" slack="0"/>
<pin id="208" dir="0" index="5" bw="431" slack="0"/>
<pin id="209" dir="0" index="6" bw="61" slack="0"/>
<pin id="210" dir="0" index="7" bw="1" slack="0"/>
<pin id="211" dir="0" index="8" bw="1" slack="0"/>
<pin id="212" dir="1" index="9" bw="0" slack="2147483647"/>
</pin_list>
<bind>
<opcode="write(1151) " fcode="write"/>
<opset="write_ln161/2 write_ln186/2 "/>
</bind>
</comp>

<comp id="221" class="1004" name="aps_fsmState_load_load_fu_221">
<pin_list>
<pin id="222" dir="0" index="0" bw="2" slack="0"/>
<pin id="223" dir="1" index="1" bw="2" slack="1"/>
</pin_list>
<bind>
<opcode="load(27) " fcode="load"/>
<opset="aps_fsmState_load/1 "/>
</bind>
</comp>

<comp id="225" class="1004" name="store_ln159_store_fu_225">
<pin_list>
<pin id="226" dir="0" index="0" bw="1" slack="0"/>
<pin id="227" dir="0" index="1" bw="2" slack="0"/>
<pin id="228" dir="1" index="2" bw="0" slack="2147483647"/>
</pin_list>
<bind>
<opcode="store(28) " fcode="store"/>
<opset="store_ln159/1 "/>
</bind>
</comp>

<comp id="231" class="1004" name="store_ln184_store_fu_231">
<pin_list>
<pin id="232" dir="0" index="0" bw="1" slack="0"/>
<pin id="233" dir="0" index="1" bw="2" slack="0"/>
<pin id="234" dir="1" index="2" bw="0" slack="2147483647"/>
</pin_list>
<bind>
<opcode="store(28) " fcode="store"/>
<opset="store_ln184/1 "/>
</bind>
</comp>

<comp id="237" class="1004" name="store_ln126_store_fu_237">
<pin_list>
<pin id="238" dir="0" index="0" bw="32" slack="0"/>
<pin id="239" dir="0" index="1" bw="32" slack="0"/>
<pin id="240" dir="1" index="2" bw="0" slack="2147483647"/>
</pin_list>
<bind>
<opcode="store(28) " fcode="store"/>
<opset="store_ln126/1 "/>
</bind>
</comp>

<comp id="243" class="1004" name="store_ln127_store_fu_243">
<pin_list>
<pin id="244" dir="0" index="0" bw="2" slack="0"/>
<pin id="245" dir="0" index="1" bw="2" slack="0"/>
<pin id="246" dir="1" index="2" bw="0" slack="2147483647"/>
</pin_list>
<bind>
<opcode="store(28) " fcode="store"/>
<opset="store_ln127/1 "/>
</bind>
</comp>

<comp id="249" class="1004" name="trunc_ln122_fu_249">
<pin_list>
<pin id="250" dir="0" index="0" bw="256" slack="0"/>
<pin id="251" dir="1" index="1" bw="48" slack="0"/>
</pin_list>
<bind>
<opcode="trunc(33) " fcode="trunc"/>
<opset="trunc_ln122/1 "/>
</bind>
</comp>

<comp id="253" class="1004" name="store_ln122_store_fu_253">
<pin_list>
<pin id="254" dir="0" index="0" bw="48" slack="0"/>
<pin id="255" dir="0" index="1" bw="48" slack="0"/>
<pin id="256" dir="1" index="2" bw="0" slack="2147483647"/>
</pin_list>
<bind>
<opcode="store(28) " fcode="store"/>
<opset="store_ln122/1 "/>
</bind>
</comp>

<comp id="259" class="1004" name="tmp_i_41_fu_259">
<pin_list>
<pin id="260" dir="0" index="0" bw="16" slack="0"/>
<pin id="261" dir="0" index="1" bw="256" slack="0"/>
<pin id="262" dir="0" index="2" bw="8" slack="0"/>
<pin id="263" dir="0" index="3" bw="8" slack="0"/>
<pin id="264" dir="1" index="4" bw="16" slack="0"/>
</pin_list>
<bind>
<opcode="partselect(1002) " fcode="partselect"/>
<opset="tmp_i_41/1 "/>
</bind>
</comp>

<comp id="269" class="1004" name="store_ln122_store_fu_269">
<pin_list>
<pin id="270" dir="0" index="0" bw="16" slack="0"/>
<pin id="271" dir="0" index="1" bw="16" slack="0"/>
<pin id="272" dir="1" index="2" bw="0" slack="2147483647"/>
</pin_list>
<bind>
<opcode="store(28) " fcode="store"/>
<opset="store_ln122/1 "/>
</bind>
</comp>

<comp id="275" class="1004" name="tmp_2_i_fu_275">
<pin_list>
<pin id="276" dir="0" index="0" bw="16" slack="0"/>
<pin id="277" dir="0" index="1" bw="256" slack="0"/>
<pin id="278" dir="0" index="2" bw="8" slack="0"/>
<pin id="279" dir="0" index="3" bw="8" slack="0"/>
<pin id="280" dir="1" index="4" bw="16" slack="0"/>
</pin_list>
<bind>
<opcode="partselect(1002) " fcode="partselect"/>
<opset="tmp_2_i/1 "/>
</bind>
</comp>

<comp id="285" class="1004" name="store_ln122_store_fu_285">
<pin_list>
<pin id="286" dir="0" index="0" bw="16" slack="0"/>
<pin id="287" dir="0" index="1" bw="16" slack="0"/>
<pin id="288" dir="1" index="2" bw="0" slack="2147483647"/>
</pin_list>
<bind>
<opcode="store(28) " fcode="store"/>
<opset="store_ln122/1 "/>
</bind>
</comp>

<comp id="291" class="1004" name="tmp_3_i_fu_291">
<pin_list>
<pin id="292" dir="0" index="0" bw="16" slack="0"/>
<pin id="293" dir="0" index="1" bw="256" slack="0"/>
<pin id="294" dir="0" index="2" bw="8" slack="0"/>
<pin id="295" dir="0" index="3" bw="8" slack="0"/>
<pin id="296" dir="1" index="4" bw="16" slack="0"/>
</pin_list>
<bind>
<opcode="partselect(1002) " fcode="partselect"/>
<opset="tmp_3_i/1 "/>
</bind>
</comp>

<comp id="301" class="1004" name="store_ln122_store_fu_301">
<pin_list>
<pin id="302" dir="0" index="0" bw="16" slack="0"/>
<pin id="303" dir="0" index="1" bw="16" slack="0"/>
<pin id="304" dir="1" index="2" bw="0" slack="2147483647"/>
</pin_list>
<bind>
<opcode="store(28) " fcode="store"/>
<opset="store_ln122/1 "/>
</bind>
</comp>

<comp id="307" class="1004" name="tmp_4_i_fu_307">
<pin_list>
<pin id="308" dir="0" index="0" bw="8" slack="0"/>
<pin id="309" dir="0" index="1" bw="256" slack="0"/>
<pin id="310" dir="0" index="2" bw="8" slack="0"/>
<pin id="311" dir="0" index="3" bw="8" slack="0"/>
<pin id="312" dir="1" index="4" bw="8" slack="0"/>
</pin_list>
<bind>
<opcode="partselect(1002) " fcode="partselect"/>
<opset="tmp_4_i/1 "/>
</bind>
</comp>

<comp id="317" class="1004" name="store_ln122_store_fu_317">
<pin_list>
<pin id="318" dir="0" index="0" bw="8" slack="0"/>
<pin id="319" dir="0" index="1" bw="8" slack="0"/>
<pin id="320" dir="1" index="2" bw="0" slack="2147483647"/>
</pin_list>
<bind>
<opcode="store(28) " fcode="store"/>
<opset="store_ln122/1 "/>
</bind>
</comp>

<comp id="323" class="1004" name="tmp_5_i_fu_323">
<pin_list>
<pin id="324" dir="0" index="0" bw="8" slack="0"/>
<pin id="325" dir="0" index="1" bw="256" slack="0"/>
<pin id="326" dir="0" index="2" bw="8" slack="0"/>
<pin id="327" dir="0" index="3" bw="8" slack="0"/>
<pin id="328" dir="1" index="4" bw="8" slack="0"/>
</pin_list>
<bind>
<opcode="partselect(1002) " fcode="partselect"/>
<opset="tmp_5_i/1 "/>
</bind>
</comp>

<comp id="333" class="1004" name="store_ln122_store_fu_333">
<pin_list>
<pin id="334" dir="0" index="0" bw="8" slack="0"/>
<pin id="335" dir="0" index="1" bw="8" slack="0"/>
<pin id="336" dir="1" index="2" bw="0" slack="2147483647"/>
</pin_list>
<bind>
<opcode="store(28) " fcode="store"/>
<opset="store_ln122/1 "/>
</bind>
</comp>

<comp id="339" class="1004" name="tmp_6_i_fu_339">
<pin_list>
<pin id="340" dir="0" index="0" bw="48" slack="0"/>
<pin id="341" dir="0" index="1" bw="256" slack="0"/>
<pin id="342" dir="0" index="2" bw="9" slack="0"/>
<pin id="343" dir="0" index="3" bw="9" slack="0"/>
<pin id="344" dir="1" index="4" bw="48" slack="0"/>
</pin_list>
<bind>
<opcode="partselect(1002) " fcode="partselect"/>
<opset="tmp_6_i/1 "/>
</bind>
</comp>

<comp id="349" class="1004" name="store_ln122_store_fu_349">
<pin_list>
<pin id="350" dir="0" index="0" bw="48" slack="0"/>
<pin id="351" dir="0" index="1" bw="48" slack="0"/>
<pin id="352" dir="1" index="2" bw="0" slack="2147483647"/>
</pin_list>
<bind>
<opcode="store(28) " fcode="store"/>
<opset="store_ln122/1 "/>
</bind>
</comp>

<comp id="355" class="1004" name="tmp_7_i_fu_355">
<pin_list>
<pin id="356" dir="0" index="0" bw="32" slack="0"/>
<pin id="357" dir="0" index="1" bw="256" slack="0"/>
<pin id="358" dir="0" index="2" bw="9" slack="0"/>
<pin id="359" dir="0" index="3" bw="9" slack="0"/>
<pin id="360" dir="1" index="4" bw="32" slack="0"/>
</pin_list>
<bind>
<opcode="partselect(1002) " fcode="partselect"/>
<opset="tmp_7_i/1 "/>
</bind>
</comp>

<comp id="365" class="1004" name="store_ln122_store_fu_365">
<pin_list>
<pin id="366" dir="0" index="0" bw="32" slack="0"/>
<pin id="367" dir="0" index="1" bw="32" slack="0"/>
<pin id="368" dir="1" index="2" bw="0" slack="2147483647"/>
</pin_list>
<bind>
<opcode="store(28) " fcode="store"/>
<opset="store_ln122/1 "/>
</bind>
</comp>

<comp id="371" class="1004" name="store_ln123_store_fu_371">
<pin_list>
<pin id="372" dir="0" index="0" bw="1" slack="0"/>
<pin id="373" dir="0" index="1" bw="2" slack="0"/>
<pin id="374" dir="1" index="2" bw="0" slack="2147483647"/>
</pin_list>
<bind>
<opcode="store(28) " fcode="store"/>
<opset="store_ln123/1 "/>
</bind>
</comp>

<comp id="377" class="1004" name="auxQueryIP_load_fu_377">
<pin_list>
<pin id="378" dir="0" index="0" bw="32" slack="0"/>
<pin id="379" dir="1" index="1" bw="32" slack="0"/>
</pin_list>
<bind>
<opcode="load(27) " fcode="load"/>
<opset="auxQueryIP/2 "/>
</bind>
</comp>

<comp id="381" class="1004" name="xor_ln136_fu_381">
<pin_list>
<pin id="382" dir="0" index="0" bw="32" slack="0"/>
<pin id="383" dir="0" index="1" bw="32" slack="0"/>
<pin id="384" dir="1" index="2" bw="32" slack="0"/>
</pin_list>
<bind>
<opcode="xor(25) " fcode="xor"/>
<opset="xor_ln136/2 "/>
</bind>
</comp>

<comp id="387" class="1004" name="and_ln136_fu_387">
<pin_list>
<pin id="388" dir="0" index="0" bw="32" slack="0"/>
<pin id="389" dir="0" index="1" bw="32" slack="0"/>
<pin id="390" dir="1" index="2" bw="32" slack="0"/>
</pin_list>
<bind>
<opcode="and(23) " fcode="and"/>
<opset="and_ln136/2 "/>
</bind>
</comp>

<comp id="393" class="1004" name="icmp_ln136_fu_393">
<pin_list>
<pin id="394" dir="0" index="0" bw="32" slack="0"/>
<pin id="395" dir="0" index="1" bw="1" slack="0"/>
<pin id="396" dir="1" index="2" bw="1" slack="0"/>
</pin_list>
<bind>
<opcode="icmp(45) " fcode="icmp"/>
<opset="icmp_ln136/2 "/>
</bind>
</comp>

<comp id="399" class="1004" name="auxQueryIP_2_fu_399">
<pin_list>
<pin id="400" dir="0" index="0" bw="1" slack="0"/>
<pin id="401" dir="0" index="1" bw="32" slack="0"/>
<pin id="402" dir="0" index="2" bw="32" slack="0"/>
<pin id="403" dir="1" index="3" bw="32" slack="0"/>
</pin_list>
<bind>
<opcode="select(49) " fcode="select"/>
<opset="auxQueryIP_2/2 "/>
</bind>
</comp>

<comp id="407" class="1004" name="sendWord_data_1_fu_407">
<pin_list>
<pin id="408" dir="0" index="0" bw="431" slack="0"/>
<pin id="409" dir="0" index="1" bw="95" slack="0"/>
<pin id="410" dir="0" index="2" bw="32" slack="0"/>
<pin id="411" dir="0" index="3" bw="1" slack="0"/>
<pin id="412" dir="0" index="4" bw="32" slack="0"/>
<pin id="413" dir="0" index="5" bw="48" slack="0"/>
<pin id="414" dir="0" index="6" bw="74" slack="0"/>
<pin id="415" dir="0" index="7" bw="48" slack="0"/>
<pin id="416" dir="0" index="8" bw="1" slack="0"/>
<pin id="417" dir="1" index="9" bw="431" slack="0"/>
</pin_list>
<bind>
<opcode="bitconcatenate(1004) " fcode="bitconcatenate"/>
<opset="sendWord_data_1/2 "/>
</bind>
</comp>

<comp id="427" class="1004" name="zext_ln117_1_fu_427">
<pin_list>
<pin id="428" dir="0" index="0" bw="431" slack="0"/>
<pin id="429" dir="1" index="1" bw="512" slack="0"/>
</pin_list>
<bind>
<opcode="zext(34) " fcode="zext"/>
<opset="zext_ln117_1/2 "/>
</bind>
</comp>

<comp id="432" class="1004" name="replyMeta_srcMac_load_load_fu_432">
<pin_list>
<pin id="433" dir="0" index="0" bw="48" slack="0"/>
<pin id="434" dir="1" index="1" bw="48" slack="0"/>
</pin_list>
<bind>
<opcode="load(27) " fcode="load"/>
<opset="replyMeta_srcMac_load/2 "/>
</bind>
</comp>

<comp id="436" class="1004" name="replyMeta_ethType_load_load_fu_436">
<pin_list>
<pin id="437" dir="0" index="0" bw="16" slack="0"/>
<pin id="438" dir="1" index="1" bw="16" slack="0"/>
</pin_list>
<bind>
<opcode="load(27) " fcode="load"/>
<opset="replyMeta_ethType_load/2 "/>
</bind>
</comp>

<comp id="440" class="1004" name="replyMeta_hwType_load_load_fu_440">
<pin_list>
<pin id="441" dir="0" index="0" bw="16" slack="0"/>
<pin id="442" dir="1" index="1" bw="16" slack="0"/>
</pin_list>
<bind>
<opcode="load(27) " fcode="load"/>
<opset="replyMeta_hwType_load/2 "/>
</bind>
</comp>

<comp id="444" class="1004" name="replyMeta_protoType_load_load_fu_444">
<pin_list>
<pin id="445" dir="0" index="0" bw="16" slack="0"/>
<pin id="446" dir="1" index="1" bw="16" slack="0"/>
</pin_list>
<bind>
<opcode="load(27) " fcode="load"/>
<opset="replyMeta_protoType_load/2 "/>
</bind>
</comp>

<comp id="448" class="1004" name="replyMeta_hwLen_load_load_fu_448">
<pin_list>
<pin id="449" dir="0" index="0" bw="8" slack="0"/>
<pin id="450" dir="1" index="1" bw="8" slack="0"/>
</pin_list>
<bind>
<opcode="load(27) " fcode="load"/>
<opset="replyMeta_hwLen_load/2 "/>
</bind>
</comp>

<comp id="452" class="1004" name="replyMeta_protoLen_load_load_fu_452">
<pin_list>
<pin id="453" dir="0" index="0" bw="8" slack="0"/>
<pin id="454" dir="1" index="1" bw="8" slack="0"/>
</pin_list>
<bind>
<opcode="load(27) " fcode="load"/>
<opset="replyMeta_protoLen_load/2 "/>
</bind>
</comp>

<comp id="456" class="1004" name="replyMeta_hwAddrSrc_load_load_fu_456">
<pin_list>
<pin id="457" dir="0" index="0" bw="48" slack="0"/>
<pin id="458" dir="1" index="1" bw="48" slack="0"/>
</pin_list>
<bind>
<opcode="load(27) " fcode="load"/>
<opset="replyMeta_hwAddrSrc_load/2 "/>
</bind>
</comp>

<comp id="460" class="1004" name="replyMeta_protoAddrSrc_load_load_fu_460">
<pin_list>
<pin id="461" dir="0" index="0" bw="32" slack="0"/>
<pin id="462" dir="1" index="1" bw="32" slack="0"/>
</pin_list>
<bind>
<opcode="load(27) " fcode="load"/>
<opset="replyMeta_protoAddrSrc_load/2 "/>
</bind>
</comp>

<comp id="464" class="1004" name="sendWord_data_fu_464">
<pin_list>
<pin id="465" dir="0" index="0" bw="431" slack="0"/>
<pin id="466" dir="0" index="1" bw="95" slack="0"/>
<pin id="467" dir="0" index="2" bw="32" slack="0"/>
<pin id="468" dir="0" index="3" bw="48" slack="0"/>
<pin id="469" dir="0" index="4" bw="32" slack="0"/>
<pin id="470" dir="0" index="5" bw="48" slack="0"/>
<pin id="471" dir="0" index="6" bw="11" slack="0"/>
<pin id="472" dir="0" index="7" bw="8" slack="0"/>
<pin id="473" dir="0" index="8" bw="8" slack="0"/>
<pin id="474" dir="0" index="9" bw="16" slack="0"/>
<pin id="475" dir="0" index="10" bw="16" slack="0"/>
<pin id="476" dir="0" index="11" bw="16" slack="0"/>
<pin id="477" dir="0" index="12" bw="48" slack="0"/>
<pin id="478" dir="0" index="13" bw="48" slack="0"/>
<pin id="479" dir="1" index="14" bw="431" slack="0"/>
</pin_list>
<bind>
<opcode="bitconcatenate(1004) " fcode="bitconcatenate"/>
<opset="sendWord_data/2 "/>
</bind>
</comp>

<comp id="494" class="1004" name="zext_ln117_fu_494">
<pin_list>
<pin id="495" dir="0" index="0" bw="431" slack="0"/>
<pin id="496" dir="1" index="1" bw="512" slack="0"/>
</pin_list>
<bind>
<opcode="zext(34) " fcode="zext"/>
<opset="zext_ln117/2 "/>
</bind>
</comp>

<comp id="499" class="1005" name="aps_fsmState_load_reg_499">
<pin_list>
<pin id="500" dir="0" index="0" bw="2" slack="1"/>
<pin id="501" dir="1" index="1" bw="2" slack="2147483647"/>
</pin_list>
<bind>
<opset="aps_fsmState_load "/>
</bind>
</comp>

<comp id="509" class="1005" name="zext_ln117_1_reg_509">
<pin_list>
<pin id="510" dir="0" index="0" bw="512" slack="1"/>
<pin id="511" dir="1" index="1" bw="512" slack="1"/>
</pin_list>
<bind>
<opset="zext_ln117_1 "/>
</bind>
</comp>

<comp id="514" class="1005" name="zext_ln117_reg_514">
<pin_list>
<pin id="515" dir="0" index="0" bw="512" slack="1"/>
<pin id="516" dir="1" index="1" bw="512" slack="1"/>
</pin_list>
<bind>
<opset="zext_ln117 "/>
</bind>
</comp>

</comp_list>

<net_list>
<net id="155"><net_src comp="46" pin="0"/><net_sink comp="150" pin=0"/></net>

<net id="156"><net_src comp="18" pin="0"/><net_sink comp="150" pin=1"/></net>

<net id="157"><net_src comp="48" pin="0"/><net_sink comp="150" pin=2"/></net>

<net id="163"><net_src comp="50" pin="0"/><net_sink comp="158" pin=0"/></net>

<net id="164"><net_src comp="36" pin="0"/><net_sink comp="158" pin=1"/></net>

<net id="165"><net_src comp="48" pin="0"/><net_sink comp="158" pin=2"/></net>

<net id="170"><net_src comp="52" pin="0"/><net_sink comp="166" pin=0"/></net>

<net id="171"><net_src comp="36" pin="0"/><net_sink comp="166" pin=1"/></net>

<net id="176"><net_src comp="54" pin="0"/><net_sink comp="172" pin=0"/></net>

<net id="177"><net_src comp="18" pin="0"/><net_sink comp="172" pin=1"/></net>

<net id="182"><net_src comp="108" pin="0"/><net_sink comp="178" pin=0"/></net>

<net id="183"><net_src comp="14" pin="0"/><net_sink comp="178" pin=1"/></net>

<net id="188"><net_src comp="108" pin="0"/><net_sink comp="184" pin=0"/></net>

<net id="189"><net_src comp="12" pin="0"/><net_sink comp="184" pin=1"/></net>

<net id="194"><net_src comp="108" pin="0"/><net_sink comp="190" pin=0"/></net>

<net id="195"><net_src comp="10" pin="0"/><net_sink comp="190" pin=1"/></net>

<net id="200"><net_src comp="110" pin="0"/><net_sink comp="196" pin=0"/></net>

<net id="201"><net_src comp="8" pin="0"/><net_sink comp="196" pin=1"/></net>

<net id="213"><net_src comp="138" pin="0"/><net_sink comp="202" pin=0"/></net>

<net id="214"><net_src comp="0" pin="0"/><net_sink comp="202" pin=1"/></net>

<net id="215"><net_src comp="2" pin="0"/><net_sink comp="202" pin=2"/></net>

<net id="216"><net_src comp="4" pin="0"/><net_sink comp="202" pin=3"/></net>

<net id="217"><net_src comp="6" pin="0"/><net_sink comp="202" pin=4"/></net>

<net id="218"><net_src comp="140" pin="0"/><net_sink comp="202" pin=6"/></net>

<net id="219"><net_src comp="142" pin="0"/><net_sink comp="202" pin=7"/></net>

<net id="220"><net_src comp="144" pin="0"/><net_sink comp="202" pin=8"/></net>

<net id="224"><net_src comp="16" pin="0"/><net_sink comp="221" pin=0"/></net>

<net id="229"><net_src comp="44" pin="0"/><net_sink comp="225" pin=0"/></net>

<net id="230"><net_src comp="16" pin="0"/><net_sink comp="225" pin=1"/></net>

<net id="235"><net_src comp="44" pin="0"/><net_sink comp="231" pin=0"/></net>

<net id="236"><net_src comp="16" pin="0"/><net_sink comp="231" pin=1"/></net>

<net id="241"><net_src comp="166" pin="2"/><net_sink comp="237" pin=0"/></net>

<net id="242"><net_src comp="38" pin="0"/><net_sink comp="237" pin=1"/></net>

<net id="247"><net_src comp="42" pin="0"/><net_sink comp="243" pin=0"/></net>

<net id="248"><net_src comp="16" pin="0"/><net_sink comp="243" pin=1"/></net>

<net id="252"><net_src comp="172" pin="2"/><net_sink comp="249" pin=0"/></net>

<net id="257"><net_src comp="249" pin="1"/><net_sink comp="253" pin=0"/></net>

<net id="258"><net_src comp="20" pin="0"/><net_sink comp="253" pin=1"/></net>

<net id="265"><net_src comp="56" pin="0"/><net_sink comp="259" pin=0"/></net>

<net id="266"><net_src comp="172" pin="2"/><net_sink comp="259" pin=1"/></net>

<net id="267"><net_src comp="58" pin="0"/><net_sink comp="259" pin=2"/></net>

<net id="268"><net_src comp="60" pin="0"/><net_sink comp="259" pin=3"/></net>

<net id="273"><net_src comp="259" pin="4"/><net_sink comp="269" pin=0"/></net>

<net id="274"><net_src comp="22" pin="0"/><net_sink comp="269" pin=1"/></net>

<net id="281"><net_src comp="56" pin="0"/><net_sink comp="275" pin=0"/></net>

<net id="282"><net_src comp="172" pin="2"/><net_sink comp="275" pin=1"/></net>

<net id="283"><net_src comp="62" pin="0"/><net_sink comp="275" pin=2"/></net>

<net id="284"><net_src comp="64" pin="0"/><net_sink comp="275" pin=3"/></net>

<net id="289"><net_src comp="275" pin="4"/><net_sink comp="285" pin=0"/></net>

<net id="290"><net_src comp="24" pin="0"/><net_sink comp="285" pin=1"/></net>

<net id="297"><net_src comp="56" pin="0"/><net_sink comp="291" pin=0"/></net>

<net id="298"><net_src comp="172" pin="2"/><net_sink comp="291" pin=1"/></net>

<net id="299"><net_src comp="66" pin="0"/><net_sink comp="291" pin=2"/></net>

<net id="300"><net_src comp="68" pin="0"/><net_sink comp="291" pin=3"/></net>

<net id="305"><net_src comp="291" pin="4"/><net_sink comp="301" pin=0"/></net>

<net id="306"><net_src comp="26" pin="0"/><net_sink comp="301" pin=1"/></net>

<net id="313"><net_src comp="70" pin="0"/><net_sink comp="307" pin=0"/></net>

<net id="314"><net_src comp="172" pin="2"/><net_sink comp="307" pin=1"/></net>

<net id="315"><net_src comp="72" pin="0"/><net_sink comp="307" pin=2"/></net>

<net id="316"><net_src comp="74" pin="0"/><net_sink comp="307" pin=3"/></net>

<net id="321"><net_src comp="307" pin="4"/><net_sink comp="317" pin=0"/></net>

<net id="322"><net_src comp="28" pin="0"/><net_sink comp="317" pin=1"/></net>

<net id="329"><net_src comp="70" pin="0"/><net_sink comp="323" pin=0"/></net>

<net id="330"><net_src comp="172" pin="2"/><net_sink comp="323" pin=1"/></net>

<net id="331"><net_src comp="76" pin="0"/><net_sink comp="323" pin=2"/></net>

<net id="332"><net_src comp="78" pin="0"/><net_sink comp="323" pin=3"/></net>

<net id="337"><net_src comp="323" pin="4"/><net_sink comp="333" pin=0"/></net>

<net id="338"><net_src comp="30" pin="0"/><net_sink comp="333" pin=1"/></net>

<net id="345"><net_src comp="80" pin="0"/><net_sink comp="339" pin=0"/></net>

<net id="346"><net_src comp="172" pin="2"/><net_sink comp="339" pin=1"/></net>

<net id="347"><net_src comp="82" pin="0"/><net_sink comp="339" pin=2"/></net>

<net id="348"><net_src comp="84" pin="0"/><net_sink comp="339" pin=3"/></net>

<net id="353"><net_src comp="339" pin="4"/><net_sink comp="349" pin=0"/></net>

<net id="354"><net_src comp="32" pin="0"/><net_sink comp="349" pin=1"/></net>

<net id="361"><net_src comp="86" pin="0"/><net_sink comp="355" pin=0"/></net>

<net id="362"><net_src comp="172" pin="2"/><net_sink comp="355" pin=1"/></net>

<net id="363"><net_src comp="88" pin="0"/><net_sink comp="355" pin=2"/></net>

<net id="364"><net_src comp="90" pin="0"/><net_sink comp="355" pin=3"/></net>

<net id="369"><net_src comp="355" pin="4"/><net_sink comp="365" pin=0"/></net>

<net id="370"><net_src comp="34" pin="0"/><net_sink comp="365" pin=1"/></net>

<net id="375"><net_src comp="40" pin="0"/><net_sink comp="371" pin=0"/></net>

<net id="376"><net_src comp="16" pin="0"/><net_sink comp="371" pin=1"/></net>

<net id="380"><net_src comp="38" pin="0"/><net_sink comp="377" pin=0"/></net>

<net id="385"><net_src comp="190" pin="2"/><net_sink comp="381" pin=0"/></net>

<net id="386"><net_src comp="377" pin="1"/><net_sink comp="381" pin=1"/></net>

<net id="391"><net_src comp="178" pin="2"/><net_sink comp="387" pin=0"/></net>

<net id="392"><net_src comp="381" pin="2"/><net_sink comp="387" pin=1"/></net>

<net id="397"><net_src comp="387" pin="2"/><net_sink comp="393" pin=0"/></net>

<net id="398"><net_src comp="96" pin="0"/><net_sink comp="393" pin=1"/></net>

<net id="404"><net_src comp="393" pin="2"/><net_sink comp="399" pin=0"/></net>

<net id="405"><net_src comp="377" pin="1"/><net_sink comp="399" pin=1"/></net>

<net id="406"><net_src comp="184" pin="2"/><net_sink comp="399" pin=2"/></net>

<net id="418"><net_src comp="128" pin="0"/><net_sink comp="407" pin=0"/></net>

<net id="419"><net_src comp="130" pin="0"/><net_sink comp="407" pin=1"/></net>

<net id="420"><net_src comp="399" pin="3"/><net_sink comp="407" pin=2"/></net>

<net id="421"><net_src comp="132" pin="0"/><net_sink comp="407" pin=3"/></net>

<net id="422"><net_src comp="190" pin="2"/><net_sink comp="407" pin=4"/></net>

<net id="423"><net_src comp="196" pin="2"/><net_sink comp="407" pin=5"/></net>

<net id="424"><net_src comp="134" pin="0"/><net_sink comp="407" pin=6"/></net>

<net id="425"><net_src comp="196" pin="2"/><net_sink comp="407" pin=7"/></net>

<net id="426"><net_src comp="136" pin="0"/><net_sink comp="407" pin=8"/></net>

<net id="430"><net_src comp="407" pin="9"/><net_sink comp="427" pin=0"/></net>

<net id="431"><net_src comp="427" pin="1"/><net_sink comp="202" pin=5"/></net>

<net id="435"><net_src comp="20" pin="0"/><net_sink comp="432" pin=0"/></net>

<net id="439"><net_src comp="22" pin="0"/><net_sink comp="436" pin=0"/></net>

<net id="443"><net_src comp="24" pin="0"/><net_sink comp="440" pin=0"/></net>

<net id="447"><net_src comp="26" pin="0"/><net_sink comp="444" pin=0"/></net>

<net id="451"><net_src comp="28" pin="0"/><net_sink comp="448" pin=0"/></net>

<net id="455"><net_src comp="30" pin="0"/><net_sink comp="452" pin=0"/></net>

<net id="459"><net_src comp="32" pin="0"/><net_sink comp="456" pin=0"/></net>

<net id="463"><net_src comp="34" pin="0"/><net_sink comp="460" pin=0"/></net>

<net id="480"><net_src comp="146" pin="0"/><net_sink comp="464" pin=0"/></net>

<net id="481"><net_src comp="130" pin="0"/><net_sink comp="464" pin=1"/></net>

<net id="482"><net_src comp="460" pin="1"/><net_sink comp="464" pin=2"/></net>

<net id="483"><net_src comp="456" pin="1"/><net_sink comp="464" pin=3"/></net>

<net id="484"><net_src comp="190" pin="2"/><net_sink comp="464" pin=4"/></net>

<net id="485"><net_src comp="196" pin="2"/><net_sink comp="464" pin=5"/></net>

<net id="486"><net_src comp="148" pin="0"/><net_sink comp="464" pin=6"/></net>

<net id="487"><net_src comp="452" pin="1"/><net_sink comp="464" pin=7"/></net>

<net id="488"><net_src comp="448" pin="1"/><net_sink comp="464" pin=8"/></net>

<net id="489"><net_src comp="444" pin="1"/><net_sink comp="464" pin=9"/></net>

<net id="490"><net_src comp="440" pin="1"/><net_sink comp="464" pin=10"/></net>

<net id="491"><net_src comp="436" pin="1"/><net_sink comp="464" pin=11"/></net>

<net id="492"><net_src comp="196" pin="2"/><net_sink comp="464" pin=12"/></net>

<net id="493"><net_src comp="432" pin="1"/><net_sink comp="464" pin=13"/></net>

<net id="497"><net_src comp="464" pin="14"/><net_sink comp="494" pin=0"/></net>

<net id="498"><net_src comp="494" pin="1"/><net_sink comp="202" pin=5"/></net>

<net id="502"><net_src comp="221" pin="1"/><net_sink comp="499" pin=0"/></net>

<net id="512"><net_src comp="427" pin="1"/><net_sink comp="509" pin=0"/></net>

<net id="513"><net_src comp="509" pin="1"/><net_sink comp="202" pin=5"/></net>

<net id="517"><net_src comp="494" pin="1"/><net_sink comp="514" pin=0"/></net>

<net id="518"><net_src comp="514" pin="1"/><net_sink comp="202" pin=5"/></net>

</net_list>

</model> 
---------------- Datapath Model END ------------------

* FSMD analyzer results:
  - Output states:
	Port: arpDataOut_V_data_V | {3 }
	Port: arpDataOut_V_keep_V | {3 }
	Port: arpDataOut_V_strb_V | {3 }
	Port: arpDataOut_V_last_V | {3 }
	Port: aps_fsmState | {1 }
	Port: replyMeta_srcMac | {1 }
	Port: replyMeta_ethType | {1 }
	Port: replyMeta_hwType | {1 }
	Port: replyMeta_protoType | {1 }
	Port: replyMeta_hwLen | {1 }
	Port: replyMeta_protoLen | {1 }
	Port: replyMeta_hwAddrSrc | {1 }
	Port: replyMeta_protoAddrSrc | {1 }
	Port: inputIP | {1 }
 - Input state : 
	Port: arp_pkg_sender : myMacAddress | {2 }
	Port: arp_pkg_sender : myIpAddress | {2 }
	Port: arp_pkg_sender : gatewayIP | {2 }
	Port: arp_pkg_sender : networkMask | {2 }
	Port: arp_pkg_sender : aps_fsmState | {1 }
	Port: arp_pkg_sender : arpReplyFifo | {1 }
	Port: arp_pkg_sender : replyMeta_srcMac | {2 }
	Port: arp_pkg_sender : replyMeta_ethType | {2 }
	Port: arp_pkg_sender : replyMeta_hwType | {2 }
	Port: arp_pkg_sender : replyMeta_protoType | {2 }
	Port: arp_pkg_sender : replyMeta_hwLen | {2 }
	Port: arp_pkg_sender : replyMeta_protoLen | {2 }
	Port: arp_pkg_sender : replyMeta_hwAddrSrc | {2 }
	Port: arp_pkg_sender : replyMeta_protoAddrSrc | {2 }
	Port: arp_pkg_sender : arpRequestFifo | {1 }
	Port: arp_pkg_sender : inputIP | {2 }
  - Chain level:
	State 1
		switch_ln119 : 1
		store_ln122 : 1
		store_ln122 : 1
		store_ln122 : 1
		store_ln122 : 1
		store_ln122 : 1
		store_ln122 : 1
		store_ln122 : 1
		store_ln122 : 1
	State 2
		xor_ln136 : 1
		and_ln136 : 1
		icmp_ln136 : 1
		auxQueryIP_2 : 2
		sendWord_data_1 : 3
		zext_ln117_1 : 4
		write_ln161 : 5
		sendWord_data : 1
		zext_ln117 : 2
		write_ln186 : 3
	State 3


============================================================
+ Verbose Summary: Datapath Resource usage 
============================================================

* Functional unit list:
|----------|---------------------------------|---------|---------|
| Operation|         Functional Unit         |    FF   |   LUT   |
|----------|---------------------------------|---------|---------|
|   icmp   |        icmp_ln136_fu_393        |    0    |    39   |
|----------|---------------------------------|---------|---------|
|    xor   |         xor_ln136_fu_381        |    0    |    32   |
|----------|---------------------------------|---------|---------|
|    and   |         and_ln136_fu_387        |    0    |    32   |
|----------|---------------------------------|---------|---------|
|  select  |       auxQueryIP_2_fu_399       |    0    |    32   |
|----------|---------------------------------|---------|---------|
| nbreadreq|      tmp_i_nbreadreq_fu_150     |    0    |    0    |
|          |     tmp_8_i_nbreadreq_fu_158    |    0    |    0    |
|----------|---------------------------------|---------|---------|
|          | arpRequestFifo_read_read_fu_166 |    0    |    0    |
|          |  arpReplyFifo_read_read_fu_172  |    0    |    0    |
|   read   |   networkMask_read_read_fu_178  |    0    |    0    |
|          |     auxQueryIP_1_read_fu_184    |    0    |    0    |
|          |   myIpAddress_read_read_fu_190  |    0    |    0    |
|          |  myMacAddress_read_read_fu_196  |    0    |    0    |
|----------|---------------------------------|---------|---------|
|   write  |         grp_write_fu_202        |    0    |    0    |
|----------|---------------------------------|---------|---------|
|   trunc  |        trunc_ln122_fu_249       |    0    |    0    |
|----------|---------------------------------|---------|---------|
|          |         tmp_i_41_fu_259         |    0    |    0    |
|          |          tmp_2_i_fu_275         |    0    |    0    |
|          |          tmp_3_i_fu_291         |    0    |    0    |
|partselect|          tmp_4_i_fu_307         |    0    |    0    |
|          |          tmp_5_i_fu_323         |    0    |    0    |
|          |          tmp_6_i_fu_339         |    0    |    0    |
|          |          tmp_7_i_fu_355         |    0    |    0    |
|----------|---------------------------------|---------|---------|
|bitconcatenate|      sendWord_data_1_fu_407     |    0    |    0    |
|          |       sendWord_data_fu_464      |    0    |    0    |
|----------|---------------------------------|---------|---------|
|   zext   |       zext_ln117_1_fu_427       |    0    |    0    |
|          |        zext_ln117_fu_494        |    0    |    0    |
|----------|---------------------------------|---------|---------|
|   Total  |                                 |    0    |   135   |
|----------|---------------------------------|---------|---------|

Memories:
N/A

* Register list:
+-------------------------+--------+
|                         |   FF   |
+-------------------------+--------+
|aps_fsmState_load_reg_499|    2   |
|   zext_ln117_1_reg_509  |   512  |
|    zext_ln117_reg_514   |   512  |
+-------------------------+--------+
|          Total          |  1026  |
+-------------------------+--------+

* Multiplexer (MUX) list: 
|------------------|------|------|------|--------||---------||---------|
|       Comp       |  Pin | Size |  BW  | S x BW ||  Delay  ||   LUT   |
|------------------|------|------|------|--------||---------||---------|
| grp_write_fu_202 |  p5  |   4  |  431 |  1724  ||    20   |
|------------------|------|------|------|--------||---------||---------|
|       Total      |      |      |      |  1724  || 0.452714||    20   |
|------------------|------|------|------|--------||---------||---------|



* Summary:
+-----------+--------+--------+--------+
|           |  Delay |   FF   |   LUT  |
+-----------+--------+--------+--------+
|  Function |    -   |    0   |   135  |
|   Memory  |    -   |    -   |    -   |
|Multiplexer|    0   |    -   |   20   |
|  Register |    -   |  1026  |    -   |
+-----------+--------+--------+--------+
|   Total   |    0   |  1026  |   155  |
+-----------+--------+--------+--------+
