

================================================================
== Vitis HLS Report for 'entry_proc'
================================================================
* Date:           Wed Mar  8 19:15:05 2023

* Version:        2021.2 (Build 3367213 on Tue Oct 19 02:47:39 MDT 2021)
* Project:        UDP_prj
* Solution:       ultrascale_plus (Vivado IP Flow Target)
* Product family: virtexuplus
* Target device:  xcu280-fsvh2892-2L-e


================================================================
== Performance Estimates
================================================================
+ Timing: 
    * Summary: 
    +--------+---------+----------+------------+
    |  Clock |  Target | Estimated| Uncertainty|
    +--------+---------+----------+------------+
    |ap_clk  |  2.50 ns|  1.150 ns|     0.20 ns|
    +--------+---------+----------+------------+

+ Latency: 
    * Summary: 
    +---------+---------+----------+----------+-----+-----+---------+
    |  Latency (cycles) |  Latency (absolute) |  Interval | Pipeline|
    |   min   |   max   |    min   |    max   | min | max |   Type  |
    +---------+---------+----------+----------+-----+-----+---------+
    |        0|        0|      0 ns|      0 ns|    0|    0|       no|
    +---------+---------+----------+----------+-----+-----+---------+

    + Detail: 
        * Instance: 
        N/A

        * Loop: 
        N/A



================================================================
== Utilization Estimates
================================================================
* Summary: 
+---------------------+---------+------+---------+---------+-----+
|         Name        | BRAM_18K|  DSP |    FF   |   LUT   | URAM|
+---------------------+---------+------+---------+---------+-----+
|DSP                  |        -|     -|        -|        -|    -|
|Expression           |        -|     -|        0|        2|    -|
|FIFO                 |        -|     -|        -|        -|    -|
|Instance             |        -|     -|        -|        -|    -|
|Memory               |        -|     -|        -|        -|    -|
|Multiplexer          |        -|     -|        -|      603|    -|
|Register             |        -|     -|        3|        -|    -|
+---------------------+---------+------+---------+---------+-----+
|Total                |        0|     0|        3|      605|    0|
+---------------------+---------+------+---------+---------+-----+
|Available SLR        |     1344|  3008|   869120|   434560|  320|
+---------------------+---------+------+---------+---------+-----+
|Utilization SLR (%)  |        0|     0|       ~0|       ~0|    0|
+---------------------+---------+------+---------+---------+-----+
|Available            |     4032|  9024|  2607360|  1303680|  960|
+---------------------+---------+------+---------+---------+-----+
|Utilization (%)      |        0|     0|       ~0|       ~0|    0|
+---------------------+---------+------+---------+---------+-----+

+ Detail: 
    * Instance: 
    N/A

    * DSP: 
    N/A

    * Memory: 
    N/A

    * FIFO: 
    N/A

    * Expression: 
    +-----------------+----------+----+---+----+------------+------------+
    |  Variable Name  | Operation| DSP| FF| LUT| Bitwidth P0| Bitwidth P1|
    +-----------------+----------+----+---+----+------------+------------+
    |ap_block_state1  |        or|   0|  0|   2|           1|           1|
    +-----------------+----------+----+---+----+------------+------------+
    |Total            |          |   0|  0|   2|           1|           1|
    +-----------------+----------+----+---+----+------------+------------+

    * Multiplexer: 
    +----------------------------------+----+-----------+-----+-----------+
    |               Name               | LUT| Input Size| Bits| Total Bits|
    +----------------------------------+----+-----------+-----+-----------+
    |SocketTable_myPort_0_c_blk_n      |   9|          2|    1|          2|
    |SocketTable_myPort_10_c_blk_n     |   9|          2|    1|          2|
    |SocketTable_myPort_11_c_blk_n     |   9|          2|    1|          2|
    |SocketTable_myPort_12_c_blk_n     |   9|          2|    1|          2|
    |SocketTable_myPort_13_c_blk_n     |   9|          2|    1|          2|
    |SocketTable_myPort_14_c_blk_n     |   9|          2|    1|          2|
    |SocketTable_myPort_15_c_blk_n     |   9|          2|    1|          2|
    |SocketTable_myPort_1_c_blk_n      |   9|          2|    1|          2|
    |SocketTable_myPort_2_c_blk_n      |   9|          2|    1|          2|
    |SocketTable_myPort_3_c_blk_n      |   9|          2|    1|          2|
    |SocketTable_myPort_4_c_blk_n      |   9|          2|    1|          2|
    |SocketTable_myPort_5_c_blk_n      |   9|          2|    1|          2|
    |SocketTable_myPort_6_c_blk_n      |   9|          2|    1|          2|
    |SocketTable_myPort_7_c_blk_n      |   9|          2|    1|          2|
    |SocketTable_myPort_8_c_blk_n      |   9|          2|    1|          2|
    |SocketTable_myPort_9_c_blk_n      |   9|          2|    1|          2|
    |SocketTable_theirIP_0_c_blk_n     |   9|          2|    1|          2|
    |SocketTable_theirIP_10_c_blk_n    |   9|          2|    1|          2|
    |SocketTable_theirIP_11_c_blk_n    |   9|          2|    1|          2|
    |SocketTable_theirIP_12_c_blk_n    |   9|          2|    1|          2|
    |SocketTable_theirIP_13_c_blk_n    |   9|          2|    1|          2|
    |SocketTable_theirIP_14_c_blk_n    |   9|          2|    1|          2|
    |SocketTable_theirIP_15_c_blk_n    |   9|          2|    1|          2|
    |SocketTable_theirIP_1_c_blk_n     |   9|          2|    1|          2|
    |SocketTable_theirIP_2_c_blk_n     |   9|          2|    1|          2|
    |SocketTable_theirIP_3_c_blk_n     |   9|          2|    1|          2|
    |SocketTable_theirIP_4_c_blk_n     |   9|          2|    1|          2|
    |SocketTable_theirIP_5_c_blk_n     |   9|          2|    1|          2|
    |SocketTable_theirIP_6_c_blk_n     |   9|          2|    1|          2|
    |SocketTable_theirIP_7_c_blk_n     |   9|          2|    1|          2|
    |SocketTable_theirIP_8_c_blk_n     |   9|          2|    1|          2|
    |SocketTable_theirIP_9_c_blk_n     |   9|          2|    1|          2|
    |SocketTable_theirPort_0_c_blk_n   |   9|          2|    1|          2|
    |SocketTable_theirPort_10_c_blk_n  |   9|          2|    1|          2|
    |SocketTable_theirPort_11_c_blk_n  |   9|          2|    1|          2|
    |SocketTable_theirPort_12_c_blk_n  |   9|          2|    1|          2|
    |SocketTable_theirPort_13_c_blk_n  |   9|          2|    1|          2|
    |SocketTable_theirPort_14_c_blk_n  |   9|          2|    1|          2|
    |SocketTable_theirPort_15_c_blk_n  |   9|          2|    1|          2|
    |SocketTable_theirPort_1_c_blk_n   |   9|          2|    1|          2|
    |SocketTable_theirPort_2_c_blk_n   |   9|          2|    1|          2|
    |SocketTable_theirPort_3_c_blk_n   |   9|          2|    1|          2|
    |SocketTable_theirPort_4_c_blk_n   |   9|          2|    1|          2|
    |SocketTable_theirPort_5_c_blk_n   |   9|          2|    1|          2|
    |SocketTable_theirPort_6_c_blk_n   |   9|          2|    1|          2|
    |SocketTable_theirPort_7_c_blk_n   |   9|          2|    1|          2|
    |SocketTable_theirPort_8_c_blk_n   |   9|          2|    1|          2|
    |SocketTable_theirPort_9_c_blk_n   |   9|          2|    1|          2|
    |SocketTable_valid_0_c_blk_n       |   9|          2|    1|          2|
    |SocketTable_valid_10_c_blk_n      |   9|          2|    1|          2|
    |SocketTable_valid_11_c_blk_n      |   9|          2|    1|          2|
    |SocketTable_valid_12_c_blk_n      |   9|          2|    1|          2|
    |SocketTable_valid_13_c_blk_n      |   9|          2|    1|          2|
    |SocketTable_valid_14_c_blk_n      |   9|          2|    1|          2|
    |SocketTable_valid_15_c_blk_n      |   9|          2|    1|          2|
    |SocketTable_valid_1_c_blk_n       |   9|          2|    1|          2|
    |SocketTable_valid_2_c_blk_n       |   9|          2|    1|          2|
    |SocketTable_valid_3_c_blk_n       |   9|          2|    1|          2|
    |SocketTable_valid_4_c_blk_n       |   9|          2|    1|          2|
    |SocketTable_valid_5_c_blk_n       |   9|          2|    1|          2|
    |SocketTable_valid_6_c_blk_n       |   9|          2|    1|          2|
    |SocketTable_valid_7_c_blk_n       |   9|          2|    1|          2|
    |SocketTable_valid_8_c_blk_n       |   9|          2|    1|          2|
    |SocketTable_valid_9_c_blk_n       |   9|          2|    1|          2|
    |ap_done                           |   9|          2|    1|          2|
    |myIpAddress_c_blk_n               |   9|          2|    1|          2|
    |real_start                        |   9|          2|    1|          2|
    +----------------------------------+----+-----------+-----+-----------+
    |Total                             | 603|        134|   67|        134|
    +----------------------------------+----+-----------+-----+-----------+

    * Register: 
    +----------------+---+----+-----+-----------+
    |      Name      | FF| LUT| Bits| Const Bits|
    +----------------+---+----+-----+-----------+
    |ap_CS_fsm       |  1|   0|    1|          0|
    |ap_done_reg     |  1|   0|    1|          0|
    |start_once_reg  |  1|   0|    1|          0|
    +----------------+---+----+-----+-----------+
    |Total           |  3|   0|    3|          0|
    +----------------+---+----+-----+-----------+



================================================================
== Interface
================================================================
* Summary: 
+-----------------------------------+-----+-----+------------+----------------------------+--------------+
|             RTL Ports             | Dir | Bits|  Protocol  |        Source Object       |    C Type    |
+-----------------------------------+-----+-----+------------+----------------------------+--------------+
|ap_clk                             |   in|    1|  ap_ctrl_hs|                  entry_proc|  return value|
|ap_rst                             |   in|    1|  ap_ctrl_hs|                  entry_proc|  return value|
|ap_start                           |   in|    1|  ap_ctrl_hs|                  entry_proc|  return value|
|start_full_n                       |   in|    1|  ap_ctrl_hs|                  entry_proc|  return value|
|ap_done                            |  out|    1|  ap_ctrl_hs|                  entry_proc|  return value|
|ap_continue                        |   in|    1|  ap_ctrl_hs|                  entry_proc|  return value|
|ap_idle                            |  out|    1|  ap_ctrl_hs|                  entry_proc|  return value|
|ap_ready                           |  out|    1|  ap_ctrl_hs|                  entry_proc|  return value|
|start_out                          |  out|    1|  ap_ctrl_hs|                  entry_proc|  return value|
|start_write                        |  out|    1|  ap_ctrl_hs|                  entry_proc|  return value|
|myIpAddress                        |   in|   32|     ap_none|                 myIpAddress|       pointer|
|myIpAddress_c_din                  |  out|   32|     ap_fifo|               myIpAddress_c|       pointer|
|myIpAddress_c_full_n               |   in|    1|     ap_fifo|               myIpAddress_c|       pointer|
|myIpAddress_c_write                |  out|    1|     ap_fifo|               myIpAddress_c|       pointer|
|SocketTable_theirIP_0              |   in|   32|     ap_none|       SocketTable_theirIP_0|       pointer|
|SocketTable_theirIP_0_c_din        |  out|   32|     ap_fifo|     SocketTable_theirIP_0_c|       pointer|
|SocketTable_theirIP_0_c_full_n     |   in|    1|     ap_fifo|     SocketTable_theirIP_0_c|       pointer|
|SocketTable_theirIP_0_c_write      |  out|    1|     ap_fifo|     SocketTable_theirIP_0_c|       pointer|
|SocketTable_theirIP_1              |   in|   32|     ap_none|       SocketTable_theirIP_1|       pointer|
|SocketTable_theirIP_1_c_din        |  out|   32|     ap_fifo|     SocketTable_theirIP_1_c|       pointer|
|SocketTable_theirIP_1_c_full_n     |   in|    1|     ap_fifo|     SocketTable_theirIP_1_c|       pointer|
|SocketTable_theirIP_1_c_write      |  out|    1|     ap_fifo|     SocketTable_theirIP_1_c|       pointer|
|SocketTable_theirIP_2              |   in|   32|     ap_none|       SocketTable_theirIP_2|       pointer|
|SocketTable_theirIP_2_c_din        |  out|   32|     ap_fifo|     SocketTable_theirIP_2_c|       pointer|
|SocketTable_theirIP_2_c_full_n     |   in|    1|     ap_fifo|     SocketTable_theirIP_2_c|       pointer|
|SocketTable_theirIP_2_c_write      |  out|    1|     ap_fifo|     SocketTable_theirIP_2_c|       pointer|
|SocketTable_theirIP_3              |   in|   32|     ap_none|       SocketTable_theirIP_3|       pointer|
|SocketTable_theirIP_3_c_din        |  out|   32|     ap_fifo|     SocketTable_theirIP_3_c|       pointer|
|SocketTable_theirIP_3_c_full_n     |   in|    1|     ap_fifo|     SocketTable_theirIP_3_c|       pointer|
|SocketTable_theirIP_3_c_write      |  out|    1|     ap_fifo|     SocketTable_theirIP_3_c|       pointer|
|SocketTable_theirIP_4              |   in|   32|     ap_none|       SocketTable_theirIP_4|       pointer|
|SocketTable_theirIP_4_c_din        |  out|   32|     ap_fifo|     SocketTable_theirIP_4_c|       pointer|
|SocketTable_theirIP_4_c_full_n     |   in|    1|     ap_fifo|     SocketTable_theirIP_4_c|       pointer|
|SocketTable_theirIP_4_c_write      |  out|    1|     ap_fifo|     SocketTable_theirIP_4_c|       pointer|
|SocketTable_theirIP_5              |   in|   32|     ap_none|       SocketTable_theirIP_5|       pointer|
|SocketTable_theirIP_5_c_din        |  out|   32|     ap_fifo|     SocketTable_theirIP_5_c|       pointer|
|SocketTable_theirIP_5_c_full_n     |   in|    1|     ap_fifo|     SocketTable_theirIP_5_c|       pointer|
|SocketTable_theirIP_5_c_write      |  out|    1|     ap_fifo|     SocketTable_theirIP_5_c|       pointer|
|SocketTable_theirIP_6              |   in|   32|     ap_none|       SocketTable_theirIP_6|       pointer|
|SocketTable_theirIP_6_c_din        |  out|   32|     ap_fifo|     SocketTable_theirIP_6_c|       pointer|
|SocketTable_theirIP_6_c_full_n     |   in|    1|     ap_fifo|     SocketTable_theirIP_6_c|       pointer|
|SocketTable_theirIP_6_c_write      |  out|    1|     ap_fifo|     SocketTable_theirIP_6_c|       pointer|
|SocketTable_theirIP_7              |   in|   32|     ap_none|       SocketTable_theirIP_7|       pointer|
|SocketTable_theirIP_7_c_din        |  out|   32|     ap_fifo|     SocketTable_theirIP_7_c|       pointer|
|SocketTable_theirIP_7_c_full_n     |   in|    1|     ap_fifo|     SocketTable_theirIP_7_c|       pointer|
|SocketTable_theirIP_7_c_write      |  out|    1|     ap_fifo|     SocketTable_theirIP_7_c|       pointer|
|SocketTable_theirIP_8              |   in|   32|     ap_none|       SocketTable_theirIP_8|       pointer|
|SocketTable_theirIP_8_c_din        |  out|   32|     ap_fifo|     SocketTable_theirIP_8_c|       pointer|
|SocketTable_theirIP_8_c_full_n     |   in|    1|     ap_fifo|     SocketTable_theirIP_8_c|       pointer|
|SocketTable_theirIP_8_c_write      |  out|    1|     ap_fifo|     SocketTable_theirIP_8_c|       pointer|
|SocketTable_theirIP_9              |   in|   32|     ap_none|       SocketTable_theirIP_9|       pointer|
|SocketTable_theirIP_9_c_din        |  out|   32|     ap_fifo|     SocketTable_theirIP_9_c|       pointer|
|SocketTable_theirIP_9_c_full_n     |   in|    1|     ap_fifo|     SocketTable_theirIP_9_c|       pointer|
|SocketTable_theirIP_9_c_write      |  out|    1|     ap_fifo|     SocketTable_theirIP_9_c|       pointer|
|SocketTable_theirIP_10             |   in|   32|     ap_none|      SocketTable_theirIP_10|       pointer|
|SocketTable_theirIP_10_c_din       |  out|   32|     ap_fifo|    SocketTable_theirIP_10_c|       pointer|
|SocketTable_theirIP_10_c_full_n    |   in|    1|     ap_fifo|    SocketTable_theirIP_10_c|       pointer|
|SocketTable_theirIP_10_c_write     |  out|    1|     ap_fifo|    SocketTable_theirIP_10_c|       pointer|
|SocketTable_theirIP_11             |   in|   32|     ap_none|      SocketTable_theirIP_11|       pointer|
|SocketTable_theirIP_11_c_din       |  out|   32|     ap_fifo|    SocketTable_theirIP_11_c|       pointer|
|SocketTable_theirIP_11_c_full_n    |   in|    1|     ap_fifo|    SocketTable_theirIP_11_c|       pointer|
|SocketTable_theirIP_11_c_write     |  out|    1|     ap_fifo|    SocketTable_theirIP_11_c|       pointer|
|SocketTable_theirIP_12             |   in|   32|     ap_none|      SocketTable_theirIP_12|       pointer|
|SocketTable_theirIP_12_c_din       |  out|   32|     ap_fifo|    SocketTable_theirIP_12_c|       pointer|
|SocketTable_theirIP_12_c_full_n    |   in|    1|     ap_fifo|    SocketTable_theirIP_12_c|       pointer|
|SocketTable_theirIP_12_c_write     |  out|    1|     ap_fifo|    SocketTable_theirIP_12_c|       pointer|
|SocketTable_theirIP_13             |   in|   32|     ap_none|      SocketTable_theirIP_13|       pointer|
|SocketTable_theirIP_13_c_din       |  out|   32|     ap_fifo|    SocketTable_theirIP_13_c|       pointer|
|SocketTable_theirIP_13_c_full_n    |   in|    1|     ap_fifo|    SocketTable_theirIP_13_c|       pointer|
|SocketTable_theirIP_13_c_write     |  out|    1|     ap_fifo|    SocketTable_theirIP_13_c|       pointer|
|SocketTable_theirIP_14             |   in|   32|     ap_none|      SocketTable_theirIP_14|       pointer|
|SocketTable_theirIP_14_c_din       |  out|   32|     ap_fifo|    SocketTable_theirIP_14_c|       pointer|
|SocketTable_theirIP_14_c_full_n    |   in|    1|     ap_fifo|    SocketTable_theirIP_14_c|       pointer|
|SocketTable_theirIP_14_c_write     |  out|    1|     ap_fifo|    SocketTable_theirIP_14_c|       pointer|
|SocketTable_theirIP_15             |   in|   32|     ap_none|      SocketTable_theirIP_15|       pointer|
|SocketTable_theirIP_15_c_din       |  out|   32|     ap_fifo|    SocketTable_theirIP_15_c|       pointer|
|SocketTable_theirIP_15_c_full_n    |   in|    1|     ap_fifo|    SocketTable_theirIP_15_c|       pointer|
|SocketTable_theirIP_15_c_write     |  out|    1|     ap_fifo|    SocketTable_theirIP_15_c|       pointer|
|SocketTable_theirPort_0            |   in|   16|     ap_none|     SocketTable_theirPort_0|       pointer|
|SocketTable_theirPort_0_c_din      |  out|   16|     ap_fifo|   SocketTable_theirPort_0_c|       pointer|
|SocketTable_theirPort_0_c_full_n   |   in|    1|     ap_fifo|   SocketTable_theirPort_0_c|       pointer|
|SocketTable_theirPort_0_c_write    |  out|    1|     ap_fifo|   SocketTable_theirPort_0_c|       pointer|
|SocketTable_theirPort_1            |   in|   16|     ap_none|     SocketTable_theirPort_1|       pointer|
|SocketTable_theirPort_1_c_din      |  out|   16|     ap_fifo|   SocketTable_theirPort_1_c|       pointer|
|SocketTable_theirPort_1_c_full_n   |   in|    1|     ap_fifo|   SocketTable_theirPort_1_c|       pointer|
|SocketTable_theirPort_1_c_write    |  out|    1|     ap_fifo|   SocketTable_theirPort_1_c|       pointer|
|SocketTable_theirPort_2            |   in|   16|     ap_none|     SocketTable_theirPort_2|       pointer|
|SocketTable_theirPort_2_c_din      |  out|   16|     ap_fifo|   SocketTable_theirPort_2_c|       pointer|
|SocketTable_theirPort_2_c_full_n   |   in|    1|     ap_fifo|   SocketTable_theirPort_2_c|       pointer|
|SocketTable_theirPort_2_c_write    |  out|    1|     ap_fifo|   SocketTable_theirPort_2_c|       pointer|
|SocketTable_theirPort_3            |   in|   16|     ap_none|     SocketTable_theirPort_3|       pointer|
|SocketTable_theirPort_3_c_din      |  out|   16|     ap_fifo|   SocketTable_theirPort_3_c|       pointer|
|SocketTable_theirPort_3_c_full_n   |   in|    1|     ap_fifo|   SocketTable_theirPort_3_c|       pointer|
|SocketTable_theirPort_3_c_write    |  out|    1|     ap_fifo|   SocketTable_theirPort_3_c|       pointer|
|SocketTable_theirPort_4            |   in|   16|     ap_none|     SocketTable_theirPort_4|       pointer|
|SocketTable_theirPort_4_c_din      |  out|   16|     ap_fifo|   SocketTable_theirPort_4_c|       pointer|
|SocketTable_theirPort_4_c_full_n   |   in|    1|     ap_fifo|   SocketTable_theirPort_4_c|       pointer|
|SocketTable_theirPort_4_c_write    |  out|    1|     ap_fifo|   SocketTable_theirPort_4_c|       pointer|
|SocketTable_theirPort_5            |   in|   16|     ap_none|     SocketTable_theirPort_5|       pointer|
|SocketTable_theirPort_5_c_din      |  out|   16|     ap_fifo|   SocketTable_theirPort_5_c|       pointer|
|SocketTable_theirPort_5_c_full_n   |   in|    1|     ap_fifo|   SocketTable_theirPort_5_c|       pointer|
|SocketTable_theirPort_5_c_write    |  out|    1|     ap_fifo|   SocketTable_theirPort_5_c|       pointer|
|SocketTable_theirPort_6            |   in|   16|     ap_none|     SocketTable_theirPort_6|       pointer|
|SocketTable_theirPort_6_c_din      |  out|   16|     ap_fifo|   SocketTable_theirPort_6_c|       pointer|
|SocketTable_theirPort_6_c_full_n   |   in|    1|     ap_fifo|   SocketTable_theirPort_6_c|       pointer|
|SocketTable_theirPort_6_c_write    |  out|    1|     ap_fifo|   SocketTable_theirPort_6_c|       pointer|
|SocketTable_theirPort_7            |   in|   16|     ap_none|     SocketTable_theirPort_7|       pointer|
|SocketTable_theirPort_7_c_din      |  out|   16|     ap_fifo|   SocketTable_theirPort_7_c|       pointer|
|SocketTable_theirPort_7_c_full_n   |   in|    1|     ap_fifo|   SocketTable_theirPort_7_c|       pointer|
|SocketTable_theirPort_7_c_write    |  out|    1|     ap_fifo|   SocketTable_theirPort_7_c|       pointer|
|SocketTable_theirPort_8            |   in|   16|     ap_none|     SocketTable_theirPort_8|       pointer|
|SocketTable_theirPort_8_c_din      |  out|   16|     ap_fifo|   SocketTable_theirPort_8_c|       pointer|
|SocketTable_theirPort_8_c_full_n   |   in|    1|     ap_fifo|   SocketTable_theirPort_8_c|       pointer|
|SocketTable_theirPort_8_c_write    |  out|    1|     ap_fifo|   SocketTable_theirPort_8_c|       pointer|
|SocketTable_theirPort_9            |   in|   16|     ap_none|     SocketTable_theirPort_9|       pointer|
|SocketTable_theirPort_9_c_din      |  out|   16|     ap_fifo|   SocketTable_theirPort_9_c|       pointer|
|SocketTable_theirPort_9_c_full_n   |   in|    1|     ap_fifo|   SocketTable_theirPort_9_c|       pointer|
|SocketTable_theirPort_9_c_write    |  out|    1|     ap_fifo|   SocketTable_theirPort_9_c|       pointer|
|SocketTable_theirPort_10           |   in|   16|     ap_none|    SocketTable_theirPort_10|       pointer|
|SocketTable_theirPort_10_c_din     |  out|   16|     ap_fifo|  SocketTable_theirPort_10_c|       pointer|
|SocketTable_theirPort_10_c_full_n  |   in|    1|     ap_fifo|  SocketTable_theirPort_10_c|       pointer|
|SocketTable_theirPort_10_c_write   |  out|    1|     ap_fifo|  SocketTable_theirPort_10_c|       pointer|
|SocketTable_theirPort_11           |   in|   16|     ap_none|    SocketTable_theirPort_11|       pointer|
|SocketTable_theirPort_11_c_din     |  out|   16|     ap_fifo|  SocketTable_theirPort_11_c|       pointer|
|SocketTable_theirPort_11_c_full_n  |   in|    1|     ap_fifo|  SocketTable_theirPort_11_c|       pointer|
|SocketTable_theirPort_11_c_write   |  out|    1|     ap_fifo|  SocketTable_theirPort_11_c|       pointer|
|SocketTable_theirPort_12           |   in|   16|     ap_none|    SocketTable_theirPort_12|       pointer|
|SocketTable_theirPort_12_c_din     |  out|   16|     ap_fifo|  SocketTable_theirPort_12_c|       pointer|
|SocketTable_theirPort_12_c_full_n  |   in|    1|     ap_fifo|  SocketTable_theirPort_12_c|       pointer|
|SocketTable_theirPort_12_c_write   |  out|    1|     ap_fifo|  SocketTable_theirPort_12_c|       pointer|
|SocketTable_theirPort_13           |   in|   16|     ap_none|    SocketTable_theirPort_13|       pointer|
|SocketTable_theirPort_13_c_din     |  out|   16|     ap_fifo|  SocketTable_theirPort_13_c|       pointer|
|SocketTable_theirPort_13_c_full_n  |   in|    1|     ap_fifo|  SocketTable_theirPort_13_c|       pointer|
|SocketTable_theirPort_13_c_write   |  out|    1|     ap_fifo|  SocketTable_theirPort_13_c|       pointer|
|SocketTable_theirPort_14           |   in|   16|     ap_none|    SocketTable_theirPort_14|       pointer|
|SocketTable_theirPort_14_c_din     |  out|   16|     ap_fifo|  SocketTable_theirPort_14_c|       pointer|
|SocketTable_theirPort_14_c_full_n  |   in|    1|     ap_fifo|  SocketTable_theirPort_14_c|       pointer|
|SocketTable_theirPort_14_c_write   |  out|    1|     ap_fifo|  SocketTable_theirPort_14_c|       pointer|
|SocketTable_theirPort_15           |   in|   16|     ap_none|    SocketTable_theirPort_15|       pointer|
|SocketTable_theirPort_15_c_din     |  out|   16|     ap_fifo|  SocketTable_theirPort_15_c|       pointer|
|SocketTable_theirPort_15_c_full_n  |   in|    1|     ap_fifo|  SocketTable_theirPort_15_c|       pointer|
|SocketTable_theirPort_15_c_write   |  out|    1|     ap_fifo|  SocketTable_theirPort_15_c|       pointer|
|SocketTable_myPort_0               |   in|   16|     ap_none|        SocketTable_myPort_0|       pointer|
|SocketTable_myPort_0_c_din         |  out|   16|     ap_fifo|      SocketTable_myPort_0_c|       pointer|
|SocketTable_myPort_0_c_full_n      |   in|    1|     ap_fifo|      SocketTable_myPort_0_c|       pointer|
|SocketTable_myPort_0_c_write       |  out|    1|     ap_fifo|      SocketTable_myPort_0_c|       pointer|
|SocketTable_myPort_1               |   in|   16|     ap_none|        SocketTable_myPort_1|       pointer|
|SocketTable_myPort_1_c_din         |  out|   16|     ap_fifo|      SocketTable_myPort_1_c|       pointer|
|SocketTable_myPort_1_c_full_n      |   in|    1|     ap_fifo|      SocketTable_myPort_1_c|       pointer|
|SocketTable_myPort_1_c_write       |  out|    1|     ap_fifo|      SocketTable_myPort_1_c|       pointer|
|SocketTable_myPort_2               |   in|   16|     ap_none|        SocketTable_myPort_2|       pointer|
|SocketTable_myPort_2_c_din         |  out|   16|     ap_fifo|      SocketTable_myPort_2_c|       pointer|
|SocketTable_myPort_2_c_full_n      |   in|    1|     ap_fifo|      SocketTable_myPort_2_c|       pointer|
|SocketTable_myPort_2_c_write       |  out|    1|     ap_fifo|      SocketTable_myPort_2_c|       pointer|
|SocketTable_myPort_3               |   in|   16|     ap_none|        SocketTable_myPort_3|       pointer|
|SocketTable_myPort_3_c_din         |  out|   16|     ap_fifo|      SocketTable_myPort_3_c|       pointer|
|SocketTable_myPort_3_c_full_n      |   in|    1|     ap_fifo|      SocketTable_myPort_3_c|       pointer|
|SocketTable_myPort_3_c_write       |  out|    1|     ap_fifo|      SocketTable_myPort_3_c|       pointer|
|SocketTable_myPort_4               |   in|   16|     ap_none|        SocketTable_myPort_4|       pointer|
|SocketTable_myPort_4_c_din         |  out|   16|     ap_fifo|      SocketTable_myPort_4_c|       pointer|
|SocketTable_myPort_4_c_full_n      |   in|    1|     ap_fifo|      SocketTable_myPort_4_c|       pointer|
|SocketTable_myPort_4_c_write       |  out|    1|     ap_fifo|      SocketTable_myPort_4_c|       pointer|
|SocketTable_myPort_5               |   in|   16|     ap_none|        SocketTable_myPort_5|       pointer|
|SocketTable_myPort_5_c_din         |  out|   16|     ap_fifo|      SocketTable_myPort_5_c|       pointer|
|SocketTable_myPort_5_c_full_n      |   in|    1|     ap_fifo|      SocketTable_myPort_5_c|       pointer|
|SocketTable_myPort_5_c_write       |  out|    1|     ap_fifo|      SocketTable_myPort_5_c|       pointer|
|SocketTable_myPort_6               |   in|   16|     ap_none|        SocketTable_myPort_6|       pointer|
|SocketTable_myPort_6_c_din         |  out|   16|     ap_fifo|      SocketTable_myPort_6_c|       pointer|
|SocketTable_myPort_6_c_full_n      |   in|    1|     ap_fifo|      SocketTable_myPort_6_c|       pointer|
|SocketTable_myPort_6_c_write       |  out|    1|     ap_fifo|      SocketTable_myPort_6_c|       pointer|
|SocketTable_myPort_7               |   in|   16|     ap_none|        SocketTable_myPort_7|       pointer|
|SocketTable_myPort_7_c_din         |  out|   16|     ap_fifo|      SocketTable_myPort_7_c|       pointer|
|SocketTable_myPort_7_c_full_n      |   in|    1|     ap_fifo|      SocketTable_myPort_7_c|       pointer|
|SocketTable_myPort_7_c_write       |  out|    1|     ap_fifo|      SocketTable_myPort_7_c|       pointer|
|SocketTable_myPort_8               |   in|   16|     ap_none|        SocketTable_myPort_8|       pointer|
|SocketTable_myPort_8_c_din         |  out|   16|     ap_fifo|      SocketTable_myPort_8_c|       pointer|
|SocketTable_myPort_8_c_full_n      |   in|    1|     ap_fifo|      SocketTable_myPort_8_c|       pointer|
|SocketTable_myPort_8_c_write       |  out|    1|     ap_fifo|      SocketTable_myPort_8_c|       pointer|
|SocketTable_myPort_9               |   in|   16|     ap_none|        SocketTable_myPort_9|       pointer|
|SocketTable_myPort_9_c_din         |  out|   16|     ap_fifo|      SocketTable_myPort_9_c|       pointer|
|SocketTable_myPort_9_c_full_n      |   in|    1|     ap_fifo|      SocketTable_myPort_9_c|       pointer|
|SocketTable_myPort_9_c_write       |  out|    1|     ap_fifo|      SocketTable_myPort_9_c|       pointer|
|SocketTable_myPort_10              |   in|   16|     ap_none|       SocketTable_myPort_10|       pointer|
|SocketTable_myPort_10_c_din        |  out|   16|     ap_fifo|     SocketTable_myPort_10_c|       pointer|
|SocketTable_myPort_10_c_full_n     |   in|    1|     ap_fifo|     SocketTable_myPort_10_c|       pointer|
|SocketTable_myPort_10_c_write      |  out|    1|     ap_fifo|     SocketTable_myPort_10_c|       pointer|
|SocketTable_myPort_11              |   in|   16|     ap_none|       SocketTable_myPort_11|       pointer|
|SocketTable_myPort_11_c_din        |  out|   16|     ap_fifo|     SocketTable_myPort_11_c|       pointer|
|SocketTable_myPort_11_c_full_n     |   in|    1|     ap_fifo|     SocketTable_myPort_11_c|       pointer|
|SocketTable_myPort_11_c_write      |  out|    1|     ap_fifo|     SocketTable_myPort_11_c|       pointer|
|SocketTable_myPort_12              |   in|   16|     ap_none|       SocketTable_myPort_12|       pointer|
|SocketTable_myPort_12_c_din        |  out|   16|     ap_fifo|     SocketTable_myPort_12_c|       pointer|
|SocketTable_myPort_12_c_full_n     |   in|    1|     ap_fifo|     SocketTable_myPort_12_c|       pointer|
|SocketTable_myPort_12_c_write      |  out|    1|     ap_fifo|     SocketTable_myPort_12_c|       pointer|
|SocketTable_myPort_13              |   in|   16|     ap_none|       SocketTable_myPort_13|       pointer|
|SocketTable_myPort_13_c_din        |  out|   16|     ap_fifo|     SocketTable_myPort_13_c|       pointer|
|SocketTable_myPort_13_c_full_n     |   in|    1|     ap_fifo|     SocketTable_myPort_13_c|       pointer|
|SocketTable_myPort_13_c_write      |  out|    1|     ap_fifo|     SocketTable_myPort_13_c|       pointer|
|SocketTable_myPort_14              |   in|   16|     ap_none|       SocketTable_myPort_14|       pointer|
|SocketTable_myPort_14_c_din        |  out|   16|     ap_fifo|     SocketTable_myPort_14_c|       pointer|
|SocketTable_myPort_14_c_full_n     |   in|    1|     ap_fifo|     SocketTable_myPort_14_c|       pointer|
|SocketTable_myPort_14_c_write      |  out|    1|     ap_fifo|     SocketTable_myPort_14_c|       pointer|
|SocketTable_myPort_15              |   in|   16|     ap_none|       SocketTable_myPort_15|       pointer|
|SocketTable_myPort_15_c_din        |  out|   16|     ap_fifo|     SocketTable_myPort_15_c|       pointer|
|SocketTable_myPort_15_c_full_n     |   in|    1|     ap_fifo|     SocketTable_myPort_15_c|       pointer|
|SocketTable_myPort_15_c_write      |  out|    1|     ap_fifo|     SocketTable_myPort_15_c|       pointer|
|SocketTable_valid_0                |   in|    1|     ap_none|         SocketTable_valid_0|       pointer|
|SocketTable_valid_0_c_din          |  out|    1|     ap_fifo|       SocketTable_valid_0_c|       pointer|
|SocketTable_valid_0_c_full_n       |   in|    1|     ap_fifo|       SocketTable_valid_0_c|       pointer|
|SocketTable_valid_0_c_write        |  out|    1|     ap_fifo|       SocketTable_valid_0_c|       pointer|
|SocketTable_valid_1                |   in|    1|     ap_none|         SocketTable_valid_1|       pointer|
|SocketTable_valid_1_c_din          |  out|    1|     ap_fifo|       SocketTable_valid_1_c|       pointer|
|SocketTable_valid_1_c_full_n       |   in|    1|     ap_fifo|       SocketTable_valid_1_c|       pointer|
|SocketTable_valid_1_c_write        |  out|    1|     ap_fifo|       SocketTable_valid_1_c|       pointer|
|SocketTable_valid_2                |   in|    1|     ap_none|         SocketTable_valid_2|       pointer|
|SocketTable_valid_2_c_din          |  out|    1|     ap_fifo|       SocketTable_valid_2_c|       pointer|
|SocketTable_valid_2_c_full_n       |   in|    1|     ap_fifo|       SocketTable_valid_2_c|       pointer|
|SocketTable_valid_2_c_write        |  out|    1|     ap_fifo|       SocketTable_valid_2_c|       pointer|
|SocketTable_valid_3                |   in|    1|     ap_none|         SocketTable_valid_3|       pointer|
|SocketTable_valid_3_c_din          |  out|    1|     ap_fifo|       SocketTable_valid_3_c|       pointer|
|SocketTable_valid_3_c_full_n       |   in|    1|     ap_fifo|       SocketTable_valid_3_c|       pointer|
|SocketTable_valid_3_c_write        |  out|    1|     ap_fifo|       SocketTable_valid_3_c|       pointer|
|SocketTable_valid_4                |   in|    1|     ap_none|         SocketTable_valid_4|       pointer|
|SocketTable_valid_4_c_din          |  out|    1|     ap_fifo|       SocketTable_valid_4_c|       pointer|
|SocketTable_valid_4_c_full_n       |   in|    1|     ap_fifo|       SocketTable_valid_4_c|       pointer|
|SocketTable_valid_4_c_write        |  out|    1|     ap_fifo|       SocketTable_valid_4_c|       pointer|
|SocketTable_valid_5                |   in|    1|     ap_none|         SocketTable_valid_5|       pointer|
|SocketTable_valid_5_c_din          |  out|    1|     ap_fifo|       SocketTable_valid_5_c|       pointer|
|SocketTable_valid_5_c_full_n       |   in|    1|     ap_fifo|       SocketTable_valid_5_c|       pointer|
|SocketTable_valid_5_c_write        |  out|    1|     ap_fifo|       SocketTable_valid_5_c|       pointer|
|SocketTable_valid_6                |   in|    1|     ap_none|         SocketTable_valid_6|       pointer|
|SocketTable_valid_6_c_din          |  out|    1|     ap_fifo|       SocketTable_valid_6_c|       pointer|
|SocketTable_valid_6_c_full_n       |   in|    1|     ap_fifo|       SocketTable_valid_6_c|       pointer|
|SocketTable_valid_6_c_write        |  out|    1|     ap_fifo|       SocketTable_valid_6_c|       pointer|
|SocketTable_valid_7                |   in|    1|     ap_none|         SocketTable_valid_7|       pointer|
|SocketTable_valid_7_c_din          |  out|    1|     ap_fifo|       SocketTable_valid_7_c|       pointer|
|SocketTable_valid_7_c_full_n       |   in|    1|     ap_fifo|       SocketTable_valid_7_c|       pointer|
|SocketTable_valid_7_c_write        |  out|    1|     ap_fifo|       SocketTable_valid_7_c|       pointer|
|SocketTable_valid_8                |   in|    1|     ap_none|         SocketTable_valid_8|       pointer|
|SocketTable_valid_8_c_din          |  out|    1|     ap_fifo|       SocketTable_valid_8_c|       pointer|
|SocketTable_valid_8_c_full_n       |   in|    1|     ap_fifo|       SocketTable_valid_8_c|       pointer|
|SocketTable_valid_8_c_write        |  out|    1|     ap_fifo|       SocketTable_valid_8_c|       pointer|
|SocketTable_valid_9                |   in|    1|     ap_none|         SocketTable_valid_9|       pointer|
|SocketTable_valid_9_c_din          |  out|    1|     ap_fifo|       SocketTable_valid_9_c|       pointer|
|SocketTable_valid_9_c_full_n       |   in|    1|     ap_fifo|       SocketTable_valid_9_c|       pointer|
|SocketTable_valid_9_c_write        |  out|    1|     ap_fifo|       SocketTable_valid_9_c|       pointer|
|SocketTable_valid_10               |   in|    1|     ap_none|        SocketTable_valid_10|       pointer|
|SocketTable_valid_10_c_din         |  out|    1|     ap_fifo|      SocketTable_valid_10_c|       pointer|
|SocketTable_valid_10_c_full_n      |   in|    1|     ap_fifo|      SocketTable_valid_10_c|       pointer|
|SocketTable_valid_10_c_write       |  out|    1|     ap_fifo|      SocketTable_valid_10_c|       pointer|
|SocketTable_valid_11               |   in|    1|     ap_none|        SocketTable_valid_11|       pointer|
|SocketTable_valid_11_c_din         |  out|    1|     ap_fifo|      SocketTable_valid_11_c|       pointer|
|SocketTable_valid_11_c_full_n      |   in|    1|     ap_fifo|      SocketTable_valid_11_c|       pointer|
|SocketTable_valid_11_c_write       |  out|    1|     ap_fifo|      SocketTable_valid_11_c|       pointer|
|SocketTable_valid_12               |   in|    1|     ap_none|        SocketTable_valid_12|       pointer|
|SocketTable_valid_12_c_din         |  out|    1|     ap_fifo|      SocketTable_valid_12_c|       pointer|
|SocketTable_valid_12_c_full_n      |   in|    1|     ap_fifo|      SocketTable_valid_12_c|       pointer|
|SocketTable_valid_12_c_write       |  out|    1|     ap_fifo|      SocketTable_valid_12_c|       pointer|
|SocketTable_valid_13               |   in|    1|     ap_none|        SocketTable_valid_13|       pointer|
|SocketTable_valid_13_c_din         |  out|    1|     ap_fifo|      SocketTable_valid_13_c|       pointer|
|SocketTable_valid_13_c_full_n      |   in|    1|     ap_fifo|      SocketTable_valid_13_c|       pointer|
|SocketTable_valid_13_c_write       |  out|    1|     ap_fifo|      SocketTable_valid_13_c|       pointer|
|SocketTable_valid_14               |   in|    1|     ap_none|        SocketTable_valid_14|       pointer|
|SocketTable_valid_14_c_din         |  out|    1|     ap_fifo|      SocketTable_valid_14_c|       pointer|
|SocketTable_valid_14_c_full_n      |   in|    1|     ap_fifo|      SocketTable_valid_14_c|       pointer|
|SocketTable_valid_14_c_write       |  out|    1|     ap_fifo|      SocketTable_valid_14_c|       pointer|
|SocketTable_valid_15               |   in|    1|     ap_none|        SocketTable_valid_15|       pointer|
|SocketTable_valid_15_c_din         |  out|    1|     ap_fifo|      SocketTable_valid_15_c|       pointer|
|SocketTable_valid_15_c_full_n      |   in|    1|     ap_fifo|      SocketTable_valid_15_c|       pointer|
|SocketTable_valid_15_c_write       |  out|    1|     ap_fifo|      SocketTable_valid_15_c|       pointer|
+-----------------------------------+-----+-----+------------+----------------------------+--------------+

