

================================================================
== Vitis HLS Report for 'TableHandler'
================================================================
* Date:           Fri Sep  8 14:09:02 2023

* Version:        2023.1 (Build 3854077 on May  4 2023)
* Project:        UDP_prj
* Solution:       ultrascale_plus (Vivado IP Flow Target)
* Product family: virtexuplusHBM
* Target device:  xcu280-fsvh2892-2L-e


================================================================
== Performance Estimates
================================================================
+ Timing: 
    * Summary: 
    +--------+---------+----------+------------+
    |  Clock |  Target | Estimated| Uncertainty|
    +--------+---------+----------+------------+
    |ap_clk  |  2.50 ns|  2.274 ns|     0.20 ns|
    +--------+---------+----------+------------+

+ Latency: 
    * Summary: 
    +---------+---------+----------+----------+-----+-----+---------+
    |  Latency (cycles) |  Latency (absolute) |  Interval | Pipeline|
    |   min   |   max   |    min   |    max   | min | max |   Type  |
    +---------+---------+----------+----------+-----+-----+---------+
    |        2|        2|  5.000 ns|  5.000 ns|    1|    1|      yes|
    +---------+---------+----------+----------+-----+-----+---------+

    + Detail: 
        * Instance: 
        N/A

        * Loop: 
        N/A



================================================================
== Utilization Estimates
================================================================
* Summary: 
+---------------------+---------+------+---------+---------+-----+
|         Name        | BRAM_18K|  DSP |    FF   |   LUT   | URAM|
+---------------------+---------+------+---------+---------+-----+
|DSP                  |        -|     -|        -|        -|    -|
|Expression           |        -|     -|        0|     1527|    -|
|FIFO                 |        -|     -|        -|        -|    -|
|Instance             |        -|     -|        0|      260|    -|
|Memory               |        -|     -|        -|        -|    -|
|Multiplexer          |        -|     -|        -|      720|    -|
|Register             |        -|     -|      549|        -|    -|
+---------------------+---------+------+---------+---------+-----+
|Total                |        0|     0|      549|     2507|    0|
+---------------------+---------+------+---------+---------+-----+
|Available SLR        |     1344|  3008|   869120|   434560|  320|
+---------------------+---------+------+---------+---------+-----+
|Utilization SLR (%)  |        0|     0|       ~0|       ~0|    0|
+---------------------+---------+------+---------+---------+-----+
|Available            |     4032|  9024|  2607360|  1303680|  960|
+---------------------+---------+------+---------+---------+-----+
|Utilization (%)      |        0|     0|       ~0|       ~0|    0|
+---------------------+---------+------+---------+---------+-----+

+ Detail: 
    * Instance: 
    +----------------------+-----------------+---------+----+---+----+-----+
    |       Instance       |      Module     | BRAM_18K| DSP| FF| LUT| URAM|
    +----------------------+-----------------+---------+----+---+----+-----+
    |mux_16_4_16_1_1_U142  |mux_16_4_16_1_1  |        0|   0|  0|  65|    0|
    |mux_16_4_16_1_1_U143  |mux_16_4_16_1_1  |        0|   0|  0|  65|    0|
    |mux_16_4_1_1_1_U144   |mux_16_4_1_1_1   |        0|   0|  0|  65|    0|
    |mux_16_4_32_1_1_U141  |mux_16_4_32_1_1  |        0|   0|  0|  65|    0|
    +----------------------+-----------------+---------+----+---+----+-----+
    |Total                 |                 |        0|   0|  0| 260|    0|
    +----------------------+-----------------+---------+----+---+----+-----+

    * DSP: 
    N/A

    * Memory: 
    N/A

    * FIFO: 
    N/A

    * Expression: 
    +----------------------------------+----------+----+---+----+------------+------------+
    |           Variable Name          | Operation| DSP| FF| LUT| Bitwidth P0| Bitwidth P1|
    +----------------------------------+----------+----+---+----+------------+------------+
    |and_ln60_10_fu_973_p2             |       and|   0|  0|   2|           1|           1|
    |and_ln60_11_fu_979_p2             |       and|   0|  0|   2|           1|           1|
    |and_ln60_12_fu_1003_p2            |       and|   0|  0|   2|           1|           1|
    |and_ln60_13_fu_1009_p2            |       and|   0|  0|   2|           1|           1|
    |and_ln60_14_fu_1033_p2            |       and|   0|  0|   2|           1|           1|
    |and_ln60_15_fu_1039_p2            |       and|   0|  0|   2|           1|           1|
    |and_ln60_16_fu_1063_p2            |       and|   0|  0|   2|           1|           1|
    |and_ln60_17_fu_1069_p2            |       and|   0|  0|   2|           1|           1|
    |and_ln60_18_fu_1093_p2            |       and|   0|  0|   2|           1|           1|
    |and_ln60_19_fu_1099_p2            |       and|   0|  0|   2|           1|           1|
    |and_ln60_1_fu_829_p2              |       and|   0|  0|   2|           1|           1|
    |and_ln60_20_fu_1123_p2            |       and|   0|  0|   2|           1|           1|
    |and_ln60_21_fu_1129_p2            |       and|   0|  0|   2|           1|           1|
    |and_ln60_22_fu_1153_p2            |       and|   0|  0|   2|           1|           1|
    |and_ln60_23_fu_1159_p2            |       and|   0|  0|   2|           1|           1|
    |and_ln60_24_fu_1183_p2            |       and|   0|  0|   2|           1|           1|
    |and_ln60_25_fu_1189_p2            |       and|   0|  0|   2|           1|           1|
    |and_ln60_26_fu_1213_p2            |       and|   0|  0|   2|           1|           1|
    |and_ln60_27_fu_1219_p2            |       and|   0|  0|   2|           1|           1|
    |and_ln60_28_fu_1243_p2            |       and|   0|  0|   2|           1|           1|
    |and_ln60_29_fu_1249_p2            |       and|   0|  0|   2|           1|           1|
    |and_ln60_2_fu_853_p2              |       and|   0|  0|   2|           1|           1|
    |and_ln60_30_fu_1429_p2            |       and|   0|  0|   2|           1|           1|
    |and_ln60_31_fu_1433_p2            |       and|   0|  0|   2|           1|           1|
    |and_ln60_3_fu_859_p2              |       and|   0|  0|   2|           1|           1|
    |and_ln60_4_fu_883_p2              |       and|   0|  0|   2|           1|           1|
    |and_ln60_5_fu_889_p2              |       and|   0|  0|   2|           1|           1|
    |and_ln60_6_fu_913_p2              |       and|   0|  0|   2|           1|           1|
    |and_ln60_7_fu_919_p2              |       and|   0|  0|   2|           1|           1|
    |and_ln60_8_fu_943_p2              |       and|   0|  0|   2|           1|           1|
    |and_ln60_9_fu_949_p2              |       and|   0|  0|   2|           1|           1|
    |and_ln60_fu_823_p2                |       and|   0|  0|   2|           1|           1|
    |ap_block_state2_pp0_stage0_iter1  |       and|   0|  0|   2|           1|           1|
    |ap_block_state3_pp0_stage0_iter2  |       and|   0|  0|   2|           1|           1|
    |ap_condition_851                  |       and|   0|  0|   2|           1|           1|
    |ap_condition_859                  |       and|   0|  0|   2|           1|           1|
    |ap_condition_866                  |       and|   0|  0|   2|           1|           1|
    |ap_condition_870                  |       and|   0|  0|   2|           1|           1|
    |ap_condition_874                  |       and|   0|  0|   2|           1|           1|
    |ap_condition_878                  |       and|   0|  0|   2|           1|           1|
    |ap_condition_882                  |       and|   0|  0|   2|           1|           1|
    |ap_condition_886                  |       and|   0|  0|   2|           1|           1|
    |ap_condition_890                  |       and|   0|  0|   2|           1|           1|
    |ap_condition_894                  |       and|   0|  0|   2|           1|           1|
    |ap_condition_898                  |       and|   0|  0|   2|           1|           1|
    |ap_condition_902                  |       and|   0|  0|   2|           1|           1|
    |ap_condition_906                  |       and|   0|  0|   2|           1|           1|
    |ap_condition_910                  |       and|   0|  0|   2|           1|           1|
    |ap_condition_914                  |       and|   0|  0|   2|           1|           1|
    |ap_condition_918                  |       and|   0|  0|   2|           1|           1|
    |tmp_69_i_nbreadreq_fu_668_p3      |       and|   0|  0|   2|           1|           0|
    |tmp_i_nbreadreq_fu_654_p3         |       and|   0|  0|   2|           1|           0|
    |icmp_ln60_10_fu_1105_p2           |      icmp|   0|  0|  39|          32|          32|
    |icmp_ln60_11_fu_1135_p2           |      icmp|   0|  0|  39|          32|          32|
    |icmp_ln60_12_fu_1165_p2           |      icmp|   0|  0|  39|          32|          32|
    |icmp_ln60_13_fu_1195_p2           |      icmp|   0|  0|  39|          32|          32|
    |icmp_ln60_14_fu_1225_p2           |      icmp|   0|  0|  39|          32|          32|
    |icmp_ln60_15_fu_1255_p2           |      icmp|   0|  0|  39|          32|          32|
    |icmp_ln60_1_fu_835_p2             |      icmp|   0|  0|  39|          32|          32|
    |icmp_ln60_2_fu_865_p2             |      icmp|   0|  0|  39|          32|          32|
    |icmp_ln60_3_fu_895_p2             |      icmp|   0|  0|  39|          32|          32|
    |icmp_ln60_4_fu_925_p2             |      icmp|   0|  0|  39|          32|          32|
    |icmp_ln60_5_fu_955_p2             |      icmp|   0|  0|  39|          32|          32|
    |icmp_ln60_6_fu_985_p2             |      icmp|   0|  0|  39|          32|          32|
    |icmp_ln60_7_fu_1015_p2            |      icmp|   0|  0|  39|          32|          32|
    |icmp_ln60_8_fu_1045_p2            |      icmp|   0|  0|  39|          32|          32|
    |icmp_ln60_9_fu_1075_p2            |      icmp|   0|  0|  39|          32|          32|
    |icmp_ln60_fu_805_p2               |      icmp|   0|  0|  39|          32|          32|
    |icmp_ln61_10_fu_1111_p2           |      icmp|   0|  0|  23|          16|          16|
    |icmp_ln61_11_fu_1141_p2           |      icmp|   0|  0|  23|          16|          16|
    |icmp_ln61_12_fu_1171_p2           |      icmp|   0|  0|  23|          16|          16|
    |icmp_ln61_13_fu_1201_p2           |      icmp|   0|  0|  23|          16|          16|
    |icmp_ln61_14_fu_1231_p2           |      icmp|   0|  0|  23|          16|          16|
    |icmp_ln61_15_fu_1261_p2           |      icmp|   0|  0|  23|          16|          16|
    |icmp_ln61_1_fu_841_p2             |      icmp|   0|  0|  23|          16|          16|
    |icmp_ln61_2_fu_871_p2             |      icmp|   0|  0|  23|          16|          16|
    |icmp_ln61_3_fu_901_p2             |      icmp|   0|  0|  23|          16|          16|
    |icmp_ln61_4_fu_931_p2             |      icmp|   0|  0|  23|          16|          16|
    |icmp_ln61_5_fu_961_p2             |      icmp|   0|  0|  23|          16|          16|
    |icmp_ln61_6_fu_991_p2             |      icmp|   0|  0|  23|          16|          16|
    |icmp_ln61_7_fu_1021_p2            |      icmp|   0|  0|  23|          16|          16|
    |icmp_ln61_8_fu_1051_p2            |      icmp|   0|  0|  23|          16|          16|
    |icmp_ln61_9_fu_1081_p2            |      icmp|   0|  0|  23|          16|          16|
    |icmp_ln61_fu_811_p2               |      icmp|   0|  0|  23|          16|          16|
    |icmp_ln62_10_fu_1117_p2           |      icmp|   0|  0|  23|          16|          16|
    |icmp_ln62_11_fu_1147_p2           |      icmp|   0|  0|  23|          16|          16|
    |icmp_ln62_12_fu_1177_p2           |      icmp|   0|  0|  23|          16|          16|
    |icmp_ln62_13_fu_1207_p2           |      icmp|   0|  0|  23|          16|          16|
    |icmp_ln62_14_fu_1237_p2           |      icmp|   0|  0|  23|          16|          16|
    |icmp_ln62_15_fu_1267_p2           |      icmp|   0|  0|  23|          16|          16|
    |icmp_ln62_1_fu_847_p2             |      icmp|   0|  0|  23|          16|          16|
    |icmp_ln62_2_fu_877_p2             |      icmp|   0|  0|  23|          16|          16|
    |icmp_ln62_3_fu_907_p2             |      icmp|   0|  0|  23|          16|          16|
    |icmp_ln62_4_fu_937_p2             |      icmp|   0|  0|  23|          16|          16|
    |icmp_ln62_5_fu_967_p2             |      icmp|   0|  0|  23|          16|          16|
    |icmp_ln62_6_fu_997_p2             |      icmp|   0|  0|  23|          16|          16|
    |icmp_ln62_7_fu_1027_p2            |      icmp|   0|  0|  23|          16|          16|
    |icmp_ln62_8_fu_1057_p2            |      icmp|   0|  0|  23|          16|          16|
    |icmp_ln62_9_fu_1087_p2            |      icmp|   0|  0|  23|          16|          16|
    |icmp_ln62_fu_817_p2               |      icmp|   0|  0|  23|          16|          16|
    |icmp_ln68_1_fu_1546_p2            |      icmp|   0|  0|  12|           5|           2|
    |icmp_ln68_fu_1541_p2              |      icmp|   0|  0|  39|          32|          32|
    |ap_block_pp0_stage0_01001         |        or|   0|  0|   2|           1|           1|
    |ap_block_state1_pp0_stage0_iter0  |        or|   0|  0|   2|           1|           1|
    |currResp_drop_fu_1552_p2          |        or|   0|  0|   2|           1|           1|
    |select_ln60_fu_1438_p3            |    select|   0|  0|   4|           1|           4|
    |ap_enable_pp0                     |       xor|   0|  0|   2|           1|           2|
    +----------------------------------+----------+----+---+----+------------+------------+
    |Total                             |          |   0|  0|1527|        1118|        1117|
    +----------------------------------+----------+----+---+----+------------+------------+

    * Multiplexer: 
    +------------------------------------+----+-----------+-----+-----------+
    |                Name                | LUT| Input Size| Bits| Total Bits|
    +------------------------------------+----+-----------+-----+-----------+
    |SocketTable_myPort_0_blk_n          |   9|          2|    1|          2|
    |SocketTable_myPort_10_blk_n         |   9|          2|    1|          2|
    |SocketTable_myPort_11_blk_n         |   9|          2|    1|          2|
    |SocketTable_myPort_12_blk_n         |   9|          2|    1|          2|
    |SocketTable_myPort_13_blk_n         |   9|          2|    1|          2|
    |SocketTable_myPort_14_blk_n         |   9|          2|    1|          2|
    |SocketTable_myPort_15_blk_n         |   9|          2|    1|          2|
    |SocketTable_myPort_1_blk_n          |   9|          2|    1|          2|
    |SocketTable_myPort_2_blk_n          |   9|          2|    1|          2|
    |SocketTable_myPort_3_blk_n          |   9|          2|    1|          2|
    |SocketTable_myPort_4_blk_n          |   9|          2|    1|          2|
    |SocketTable_myPort_5_blk_n          |   9|          2|    1|          2|
    |SocketTable_myPort_6_blk_n          |   9|          2|    1|          2|
    |SocketTable_myPort_7_blk_n          |   9|          2|    1|          2|
    |SocketTable_myPort_8_blk_n          |   9|          2|    1|          2|
    |SocketTable_myPort_9_blk_n          |   9|          2|    1|          2|
    |SocketTable_theirIP_0_blk_n         |   9|          2|    1|          2|
    |SocketTable_theirIP_10_blk_n        |   9|          2|    1|          2|
    |SocketTable_theirIP_11_blk_n        |   9|          2|    1|          2|
    |SocketTable_theirIP_12_blk_n        |   9|          2|    1|          2|
    |SocketTable_theirIP_13_blk_n        |   9|          2|    1|          2|
    |SocketTable_theirIP_14_blk_n        |   9|          2|    1|          2|
    |SocketTable_theirIP_15_blk_n        |   9|          2|    1|          2|
    |SocketTable_theirIP_1_blk_n         |   9|          2|    1|          2|
    |SocketTable_theirIP_2_blk_n         |   9|          2|    1|          2|
    |SocketTable_theirIP_3_blk_n         |   9|          2|    1|          2|
    |SocketTable_theirIP_4_blk_n         |   9|          2|    1|          2|
    |SocketTable_theirIP_5_blk_n         |   9|          2|    1|          2|
    |SocketTable_theirIP_6_blk_n         |   9|          2|    1|          2|
    |SocketTable_theirIP_7_blk_n         |   9|          2|    1|          2|
    |SocketTable_theirIP_8_blk_n         |   9|          2|    1|          2|
    |SocketTable_theirIP_9_blk_n         |   9|          2|    1|          2|
    |SocketTable_theirPort_0_blk_n       |   9|          2|    1|          2|
    |SocketTable_theirPort_10_blk_n      |   9|          2|    1|          2|
    |SocketTable_theirPort_11_blk_n      |   9|          2|    1|          2|
    |SocketTable_theirPort_12_blk_n      |   9|          2|    1|          2|
    |SocketTable_theirPort_13_blk_n      |   9|          2|    1|          2|
    |SocketTable_theirPort_14_blk_n      |   9|          2|    1|          2|
    |SocketTable_theirPort_15_blk_n      |   9|          2|    1|          2|
    |SocketTable_theirPort_1_blk_n       |   9|          2|    1|          2|
    |SocketTable_theirPort_2_blk_n       |   9|          2|    1|          2|
    |SocketTable_theirPort_3_blk_n       |   9|          2|    1|          2|
    |SocketTable_theirPort_4_blk_n       |   9|          2|    1|          2|
    |SocketTable_theirPort_5_blk_n       |   9|          2|    1|          2|
    |SocketTable_theirPort_6_blk_n       |   9|          2|    1|          2|
    |SocketTable_theirPort_7_blk_n       |   9|          2|    1|          2|
    |SocketTable_theirPort_8_blk_n       |   9|          2|    1|          2|
    |SocketTable_theirPort_9_blk_n       |   9|          2|    1|          2|
    |SocketTable_valid_0_blk_n           |   9|          2|    1|          2|
    |SocketTable_valid_10_blk_n          |   9|          2|    1|          2|
    |SocketTable_valid_11_blk_n          |   9|          2|    1|          2|
    |SocketTable_valid_12_blk_n          |   9|          2|    1|          2|
    |SocketTable_valid_13_blk_n          |   9|          2|    1|          2|
    |SocketTable_valid_14_blk_n          |   9|          2|    1|          2|
    |SocketTable_valid_15_blk_n          |   9|          2|    1|          2|
    |SocketTable_valid_1_blk_n           |   9|          2|    1|          2|
    |SocketTable_valid_2_blk_n           |   9|          2|    1|          2|
    |SocketTable_valid_3_blk_n           |   9|          2|    1|          2|
    |SocketTable_valid_4_blk_n           |   9|          2|    1|          2|
    |SocketTable_valid_5_blk_n           |   9|          2|    1|          2|
    |SocketTable_valid_6_blk_n           |   9|          2|    1|          2|
    |SocketTable_valid_7_blk_n           |   9|          2|    1|          2|
    |SocketTable_valid_8_blk_n           |   9|          2|    1|          2|
    |SocketTable_valid_9_blk_n           |   9|          2|    1|          2|
    |agmdIdOut_blk_n                     |   9|          2|    1|          2|
    |ap_done                             |   9|          2|    1|          2|
    |ap_phi_reg_pp0_iter2_index_reg_704  |  81|         17|    5|         85|
    |myIpAddress_blk_n                   |   9|          2|    1|          2|
    |numberSockets                       |   9|          2|    1|          2|
    |rthDropFifo_blk_n                   |   9|          2|    1|          2|
    |txthMetaData_blk_n                  |   9|          2|    1|          2|
    |ureMetaData_blk_n                   |   9|          2|    1|          2|
    +------------------------------------+----+-----------+-----+-----------+
    |Total                               | 720|        159|   76|        227|
    +------------------------------------+----+-----------+-----+-----------+

    * Register: 
    +-------------------------------------------+-----+----+-----+-----------+
    |                    Name                   |  FF | LUT| Bits| Const Bits|
    +-------------------------------------------+-----+----+-----+-----------+
    |and_ln60_11_reg_1660                       |    1|   0|    1|          0|
    |and_ln60_13_reg_1664                       |    1|   0|    1|          0|
    |and_ln60_15_reg_1668                       |    1|   0|    1|          0|
    |and_ln60_17_reg_1672                       |    1|   0|    1|          0|
    |and_ln60_19_reg_1676                       |    1|   0|    1|          0|
    |and_ln60_1_reg_1640                        |    1|   0|    1|          0|
    |and_ln60_21_reg_1680                       |    1|   0|    1|          0|
    |and_ln60_23_reg_1684                       |    1|   0|    1|          0|
    |and_ln60_25_reg_1688                       |    1|   0|    1|          0|
    |and_ln60_27_reg_1692                       |    1|   0|    1|          0|
    |and_ln60_29_reg_1696                       |    1|   0|    1|          0|
    |and_ln60_3_reg_1644                        |    1|   0|    1|          0|
    |and_ln60_5_reg_1648                        |    1|   0|    1|          0|
    |and_ln60_7_reg_1652                        |    1|   0|    1|          0|
    |and_ln60_9_reg_1656                        |    1|   0|    1|          0|
    |ap_CS_fsm                                  |    1|   0|    1|          0|
    |ap_done_reg                                |    1|   0|    1|          0|
    |ap_enable_reg_pp0_iter1                    |    1|   0|    1|          0|
    |ap_enable_reg_pp0_iter2                    |    1|   0|    1|          0|
    |ap_phi_reg_pp0_iter1_index_reg_704         |    5|   0|    5|          0|
    |ap_phi_reg_pp0_iter2_index_reg_704         |    5|   0|    5|          0|
    |cS_myPort_reg_1729                         |   16|   0|   16|          0|
    |cS_theirIP_reg_1719                        |   32|   0|   32|          0|
    |cS_theirPort_reg_1724                      |   16|   0|   16|          0|
    |cS_valid_reg_1734                          |    1|   0|    1|          0|
    |currRxMeta_myIP_reg_1635                   |   32|   0|   32|          0|
    |currRxMeta_myIP_reg_1635_pp0_iter1_reg     |   32|   0|   32|          0|
    |currRxMeta_theirIP_reg_1630                |   32|   0|   32|          0|
    |currRxMeta_theirIP_reg_1630_pp0_iter1_reg  |   32|   0|   32|          0|
    |icmp_ln60_15_reg_1700                      |    1|   0|    1|          0|
    |icmp_ln61_15_reg_1705                      |    1|   0|    1|          0|
    |icmp_ln62_15_reg_1710                      |    1|   0|    1|          0|
    |inputVector_reg_1608                       |   32|   0|   32|          0|
    |inputVector_reg_1608_pp0_iter1_reg         |   32|   0|   32|          0|
    |numberSockets_preg                         |    1|   0|   16|         15|
    |tmp_69_i_reg_1715                          |    1|   0|    1|          0|
    |tmp_i_reg_1620                             |    1|   0|    1|          0|
    |tmp_i_reg_1620_pp0_iter1_reg               |    1|   0|    1|          0|
    |ureMetaData_read_reg_1624                  |  128|   0|  128|          0|
    |ureMetaData_read_reg_1624_pp0_iter1_reg    |  128|   0|  128|          0|
    +-------------------------------------------+-----+----+-----+-----------+
    |Total                                      |  549|   0|  564|         15|
    +-------------------------------------------+-----+----+-----+-----------+



================================================================
== Interface
================================================================
* Summary: 
+-----------------------------------------+-----+-----+------------+--------------------------+--------------+
|                RTL Ports                | Dir | Bits|  Protocol  |       Source Object      |    C Type    |
+-----------------------------------------+-----+-----+------------+--------------------------+--------------+
|ap_clk                                   |   in|    1|  ap_ctrl_hs|              TableHandler|  return value|
|ap_rst                                   |   in|    1|  ap_ctrl_hs|              TableHandler|  return value|
|ap_start                                 |   in|    1|  ap_ctrl_hs|              TableHandler|  return value|
|ap_done                                  |  out|    1|  ap_ctrl_hs|              TableHandler|  return value|
|ap_continue                              |   in|    1|  ap_ctrl_hs|              TableHandler|  return value|
|ap_idle                                  |  out|    1|  ap_ctrl_hs|              TableHandler|  return value|
|ap_ready                                 |  out|    1|  ap_ctrl_hs|              TableHandler|  return value|
|SocketTable_valid_15_dout                |   in|    1|     ap_fifo|      SocketTable_valid_15|       pointer|
|SocketTable_valid_15_num_data_valid      |   in|    3|     ap_fifo|      SocketTable_valid_15|       pointer|
|SocketTable_valid_15_fifo_cap            |   in|    3|     ap_fifo|      SocketTable_valid_15|       pointer|
|SocketTable_valid_15_empty_n             |   in|    1|     ap_fifo|      SocketTable_valid_15|       pointer|
|SocketTable_valid_15_read                |  out|    1|     ap_fifo|      SocketTable_valid_15|       pointer|
|SocketTable_valid_14_dout                |   in|    1|     ap_fifo|      SocketTable_valid_14|       pointer|
|SocketTable_valid_14_num_data_valid      |   in|    3|     ap_fifo|      SocketTable_valid_14|       pointer|
|SocketTable_valid_14_fifo_cap            |   in|    3|     ap_fifo|      SocketTable_valid_14|       pointer|
|SocketTable_valid_14_empty_n             |   in|    1|     ap_fifo|      SocketTable_valid_14|       pointer|
|SocketTable_valid_14_read                |  out|    1|     ap_fifo|      SocketTable_valid_14|       pointer|
|SocketTable_valid_13_dout                |   in|    1|     ap_fifo|      SocketTable_valid_13|       pointer|
|SocketTable_valid_13_num_data_valid      |   in|    3|     ap_fifo|      SocketTable_valid_13|       pointer|
|SocketTable_valid_13_fifo_cap            |   in|    3|     ap_fifo|      SocketTable_valid_13|       pointer|
|SocketTable_valid_13_empty_n             |   in|    1|     ap_fifo|      SocketTable_valid_13|       pointer|
|SocketTable_valid_13_read                |  out|    1|     ap_fifo|      SocketTable_valid_13|       pointer|
|SocketTable_valid_12_dout                |   in|    1|     ap_fifo|      SocketTable_valid_12|       pointer|
|SocketTable_valid_12_num_data_valid      |   in|    3|     ap_fifo|      SocketTable_valid_12|       pointer|
|SocketTable_valid_12_fifo_cap            |   in|    3|     ap_fifo|      SocketTable_valid_12|       pointer|
|SocketTable_valid_12_empty_n             |   in|    1|     ap_fifo|      SocketTable_valid_12|       pointer|
|SocketTable_valid_12_read                |  out|    1|     ap_fifo|      SocketTable_valid_12|       pointer|
|SocketTable_valid_11_dout                |   in|    1|     ap_fifo|      SocketTable_valid_11|       pointer|
|SocketTable_valid_11_num_data_valid      |   in|    3|     ap_fifo|      SocketTable_valid_11|       pointer|
|SocketTable_valid_11_fifo_cap            |   in|    3|     ap_fifo|      SocketTable_valid_11|       pointer|
|SocketTable_valid_11_empty_n             |   in|    1|     ap_fifo|      SocketTable_valid_11|       pointer|
|SocketTable_valid_11_read                |  out|    1|     ap_fifo|      SocketTable_valid_11|       pointer|
|SocketTable_valid_10_dout                |   in|    1|     ap_fifo|      SocketTable_valid_10|       pointer|
|SocketTable_valid_10_num_data_valid      |   in|    3|     ap_fifo|      SocketTable_valid_10|       pointer|
|SocketTable_valid_10_fifo_cap            |   in|    3|     ap_fifo|      SocketTable_valid_10|       pointer|
|SocketTable_valid_10_empty_n             |   in|    1|     ap_fifo|      SocketTable_valid_10|       pointer|
|SocketTable_valid_10_read                |  out|    1|     ap_fifo|      SocketTable_valid_10|       pointer|
|SocketTable_valid_9_dout                 |   in|    1|     ap_fifo|       SocketTable_valid_9|       pointer|
|SocketTable_valid_9_num_data_valid       |   in|    3|     ap_fifo|       SocketTable_valid_9|       pointer|
|SocketTable_valid_9_fifo_cap             |   in|    3|     ap_fifo|       SocketTable_valid_9|       pointer|
|SocketTable_valid_9_empty_n              |   in|    1|     ap_fifo|       SocketTable_valid_9|       pointer|
|SocketTable_valid_9_read                 |  out|    1|     ap_fifo|       SocketTable_valid_9|       pointer|
|SocketTable_valid_8_dout                 |   in|    1|     ap_fifo|       SocketTable_valid_8|       pointer|
|SocketTable_valid_8_num_data_valid       |   in|    3|     ap_fifo|       SocketTable_valid_8|       pointer|
|SocketTable_valid_8_fifo_cap             |   in|    3|     ap_fifo|       SocketTable_valid_8|       pointer|
|SocketTable_valid_8_empty_n              |   in|    1|     ap_fifo|       SocketTable_valid_8|       pointer|
|SocketTable_valid_8_read                 |  out|    1|     ap_fifo|       SocketTable_valid_8|       pointer|
|SocketTable_valid_7_dout                 |   in|    1|     ap_fifo|       SocketTable_valid_7|       pointer|
|SocketTable_valid_7_num_data_valid       |   in|    3|     ap_fifo|       SocketTable_valid_7|       pointer|
|SocketTable_valid_7_fifo_cap             |   in|    3|     ap_fifo|       SocketTable_valid_7|       pointer|
|SocketTable_valid_7_empty_n              |   in|    1|     ap_fifo|       SocketTable_valid_7|       pointer|
|SocketTable_valid_7_read                 |  out|    1|     ap_fifo|       SocketTable_valid_7|       pointer|
|SocketTable_valid_6_dout                 |   in|    1|     ap_fifo|       SocketTable_valid_6|       pointer|
|SocketTable_valid_6_num_data_valid       |   in|    3|     ap_fifo|       SocketTable_valid_6|       pointer|
|SocketTable_valid_6_fifo_cap             |   in|    3|     ap_fifo|       SocketTable_valid_6|       pointer|
|SocketTable_valid_6_empty_n              |   in|    1|     ap_fifo|       SocketTable_valid_6|       pointer|
|SocketTable_valid_6_read                 |  out|    1|     ap_fifo|       SocketTable_valid_6|       pointer|
|SocketTable_valid_5_dout                 |   in|    1|     ap_fifo|       SocketTable_valid_5|       pointer|
|SocketTable_valid_5_num_data_valid       |   in|    3|     ap_fifo|       SocketTable_valid_5|       pointer|
|SocketTable_valid_5_fifo_cap             |   in|    3|     ap_fifo|       SocketTable_valid_5|       pointer|
|SocketTable_valid_5_empty_n              |   in|    1|     ap_fifo|       SocketTable_valid_5|       pointer|
|SocketTable_valid_5_read                 |  out|    1|     ap_fifo|       SocketTable_valid_5|       pointer|
|SocketTable_valid_4_dout                 |   in|    1|     ap_fifo|       SocketTable_valid_4|       pointer|
|SocketTable_valid_4_num_data_valid       |   in|    3|     ap_fifo|       SocketTable_valid_4|       pointer|
|SocketTable_valid_4_fifo_cap             |   in|    3|     ap_fifo|       SocketTable_valid_4|       pointer|
|SocketTable_valid_4_empty_n              |   in|    1|     ap_fifo|       SocketTable_valid_4|       pointer|
|SocketTable_valid_4_read                 |  out|    1|     ap_fifo|       SocketTable_valid_4|       pointer|
|SocketTable_valid_3_dout                 |   in|    1|     ap_fifo|       SocketTable_valid_3|       pointer|
|SocketTable_valid_3_num_data_valid       |   in|    3|     ap_fifo|       SocketTable_valid_3|       pointer|
|SocketTable_valid_3_fifo_cap             |   in|    3|     ap_fifo|       SocketTable_valid_3|       pointer|
|SocketTable_valid_3_empty_n              |   in|    1|     ap_fifo|       SocketTable_valid_3|       pointer|
|SocketTable_valid_3_read                 |  out|    1|     ap_fifo|       SocketTable_valid_3|       pointer|
|SocketTable_valid_2_dout                 |   in|    1|     ap_fifo|       SocketTable_valid_2|       pointer|
|SocketTable_valid_2_num_data_valid       |   in|    3|     ap_fifo|       SocketTable_valid_2|       pointer|
|SocketTable_valid_2_fifo_cap             |   in|    3|     ap_fifo|       SocketTable_valid_2|       pointer|
|SocketTable_valid_2_empty_n              |   in|    1|     ap_fifo|       SocketTable_valid_2|       pointer|
|SocketTable_valid_2_read                 |  out|    1|     ap_fifo|       SocketTable_valid_2|       pointer|
|SocketTable_valid_1_dout                 |   in|    1|     ap_fifo|       SocketTable_valid_1|       pointer|
|SocketTable_valid_1_num_data_valid       |   in|    3|     ap_fifo|       SocketTable_valid_1|       pointer|
|SocketTable_valid_1_fifo_cap             |   in|    3|     ap_fifo|       SocketTable_valid_1|       pointer|
|SocketTable_valid_1_empty_n              |   in|    1|     ap_fifo|       SocketTable_valid_1|       pointer|
|SocketTable_valid_1_read                 |  out|    1|     ap_fifo|       SocketTable_valid_1|       pointer|
|SocketTable_valid_0_dout                 |   in|    1|     ap_fifo|       SocketTable_valid_0|       pointer|
|SocketTable_valid_0_num_data_valid       |   in|    3|     ap_fifo|       SocketTable_valid_0|       pointer|
|SocketTable_valid_0_fifo_cap             |   in|    3|     ap_fifo|       SocketTable_valid_0|       pointer|
|SocketTable_valid_0_empty_n              |   in|    1|     ap_fifo|       SocketTable_valid_0|       pointer|
|SocketTable_valid_0_read                 |  out|    1|     ap_fifo|       SocketTable_valid_0|       pointer|
|SocketTable_myPort_15_dout               |   in|   16|     ap_fifo|     SocketTable_myPort_15|       pointer|
|SocketTable_myPort_15_num_data_valid     |   in|    3|     ap_fifo|     SocketTable_myPort_15|       pointer|
|SocketTable_myPort_15_fifo_cap           |   in|    3|     ap_fifo|     SocketTable_myPort_15|       pointer|
|SocketTable_myPort_15_empty_n            |   in|    1|     ap_fifo|     SocketTable_myPort_15|       pointer|
|SocketTable_myPort_15_read               |  out|    1|     ap_fifo|     SocketTable_myPort_15|       pointer|
|SocketTable_myPort_14_dout               |   in|   16|     ap_fifo|     SocketTable_myPort_14|       pointer|
|SocketTable_myPort_14_num_data_valid     |   in|    3|     ap_fifo|     SocketTable_myPort_14|       pointer|
|SocketTable_myPort_14_fifo_cap           |   in|    3|     ap_fifo|     SocketTable_myPort_14|       pointer|
|SocketTable_myPort_14_empty_n            |   in|    1|     ap_fifo|     SocketTable_myPort_14|       pointer|
|SocketTable_myPort_14_read               |  out|    1|     ap_fifo|     SocketTable_myPort_14|       pointer|
|SocketTable_myPort_13_dout               |   in|   16|     ap_fifo|     SocketTable_myPort_13|       pointer|
|SocketTable_myPort_13_num_data_valid     |   in|    3|     ap_fifo|     SocketTable_myPort_13|       pointer|
|SocketTable_myPort_13_fifo_cap           |   in|    3|     ap_fifo|     SocketTable_myPort_13|       pointer|
|SocketTable_myPort_13_empty_n            |   in|    1|     ap_fifo|     SocketTable_myPort_13|       pointer|
|SocketTable_myPort_13_read               |  out|    1|     ap_fifo|     SocketTable_myPort_13|       pointer|
|SocketTable_myPort_12_dout               |   in|   16|     ap_fifo|     SocketTable_myPort_12|       pointer|
|SocketTable_myPort_12_num_data_valid     |   in|    3|     ap_fifo|     SocketTable_myPort_12|       pointer|
|SocketTable_myPort_12_fifo_cap           |   in|    3|     ap_fifo|     SocketTable_myPort_12|       pointer|
|SocketTable_myPort_12_empty_n            |   in|    1|     ap_fifo|     SocketTable_myPort_12|       pointer|
|SocketTable_myPort_12_read               |  out|    1|     ap_fifo|     SocketTable_myPort_12|       pointer|
|SocketTable_myPort_11_dout               |   in|   16|     ap_fifo|     SocketTable_myPort_11|       pointer|
|SocketTable_myPort_11_num_data_valid     |   in|    3|     ap_fifo|     SocketTable_myPort_11|       pointer|
|SocketTable_myPort_11_fifo_cap           |   in|    3|     ap_fifo|     SocketTable_myPort_11|       pointer|
|SocketTable_myPort_11_empty_n            |   in|    1|     ap_fifo|     SocketTable_myPort_11|       pointer|
|SocketTable_myPort_11_read               |  out|    1|     ap_fifo|     SocketTable_myPort_11|       pointer|
|SocketTable_myPort_10_dout               |   in|   16|     ap_fifo|     SocketTable_myPort_10|       pointer|
|SocketTable_myPort_10_num_data_valid     |   in|    3|     ap_fifo|     SocketTable_myPort_10|       pointer|
|SocketTable_myPort_10_fifo_cap           |   in|    3|     ap_fifo|     SocketTable_myPort_10|       pointer|
|SocketTable_myPort_10_empty_n            |   in|    1|     ap_fifo|     SocketTable_myPort_10|       pointer|
|SocketTable_myPort_10_read               |  out|    1|     ap_fifo|     SocketTable_myPort_10|       pointer|
|SocketTable_myPort_9_dout                |   in|   16|     ap_fifo|      SocketTable_myPort_9|       pointer|
|SocketTable_myPort_9_num_data_valid      |   in|    3|     ap_fifo|      SocketTable_myPort_9|       pointer|
|SocketTable_myPort_9_fifo_cap            |   in|    3|     ap_fifo|      SocketTable_myPort_9|       pointer|
|SocketTable_myPort_9_empty_n             |   in|    1|     ap_fifo|      SocketTable_myPort_9|       pointer|
|SocketTable_myPort_9_read                |  out|    1|     ap_fifo|      SocketTable_myPort_9|       pointer|
|SocketTable_myPort_8_dout                |   in|   16|     ap_fifo|      SocketTable_myPort_8|       pointer|
|SocketTable_myPort_8_num_data_valid      |   in|    3|     ap_fifo|      SocketTable_myPort_8|       pointer|
|SocketTable_myPort_8_fifo_cap            |   in|    3|     ap_fifo|      SocketTable_myPort_8|       pointer|
|SocketTable_myPort_8_empty_n             |   in|    1|     ap_fifo|      SocketTable_myPort_8|       pointer|
|SocketTable_myPort_8_read                |  out|    1|     ap_fifo|      SocketTable_myPort_8|       pointer|
|SocketTable_myPort_7_dout                |   in|   16|     ap_fifo|      SocketTable_myPort_7|       pointer|
|SocketTable_myPort_7_num_data_valid      |   in|    3|     ap_fifo|      SocketTable_myPort_7|       pointer|
|SocketTable_myPort_7_fifo_cap            |   in|    3|     ap_fifo|      SocketTable_myPort_7|       pointer|
|SocketTable_myPort_7_empty_n             |   in|    1|     ap_fifo|      SocketTable_myPort_7|       pointer|
|SocketTable_myPort_7_read                |  out|    1|     ap_fifo|      SocketTable_myPort_7|       pointer|
|SocketTable_myPort_6_dout                |   in|   16|     ap_fifo|      SocketTable_myPort_6|       pointer|
|SocketTable_myPort_6_num_data_valid      |   in|    3|     ap_fifo|      SocketTable_myPort_6|       pointer|
|SocketTable_myPort_6_fifo_cap            |   in|    3|     ap_fifo|      SocketTable_myPort_6|       pointer|
|SocketTable_myPort_6_empty_n             |   in|    1|     ap_fifo|      SocketTable_myPort_6|       pointer|
|SocketTable_myPort_6_read                |  out|    1|     ap_fifo|      SocketTable_myPort_6|       pointer|
|SocketTable_myPort_5_dout                |   in|   16|     ap_fifo|      SocketTable_myPort_5|       pointer|
|SocketTable_myPort_5_num_data_valid      |   in|    3|     ap_fifo|      SocketTable_myPort_5|       pointer|
|SocketTable_myPort_5_fifo_cap            |   in|    3|     ap_fifo|      SocketTable_myPort_5|       pointer|
|SocketTable_myPort_5_empty_n             |   in|    1|     ap_fifo|      SocketTable_myPort_5|       pointer|
|SocketTable_myPort_5_read                |  out|    1|     ap_fifo|      SocketTable_myPort_5|       pointer|
|SocketTable_myPort_4_dout                |   in|   16|     ap_fifo|      SocketTable_myPort_4|       pointer|
|SocketTable_myPort_4_num_data_valid      |   in|    3|     ap_fifo|      SocketTable_myPort_4|       pointer|
|SocketTable_myPort_4_fifo_cap            |   in|    3|     ap_fifo|      SocketTable_myPort_4|       pointer|
|SocketTable_myPort_4_empty_n             |   in|    1|     ap_fifo|      SocketTable_myPort_4|       pointer|
|SocketTable_myPort_4_read                |  out|    1|     ap_fifo|      SocketTable_myPort_4|       pointer|
|SocketTable_myPort_3_dout                |   in|   16|     ap_fifo|      SocketTable_myPort_3|       pointer|
|SocketTable_myPort_3_num_data_valid      |   in|    3|     ap_fifo|      SocketTable_myPort_3|       pointer|
|SocketTable_myPort_3_fifo_cap            |   in|    3|     ap_fifo|      SocketTable_myPort_3|       pointer|
|SocketTable_myPort_3_empty_n             |   in|    1|     ap_fifo|      SocketTable_myPort_3|       pointer|
|SocketTable_myPort_3_read                |  out|    1|     ap_fifo|      SocketTable_myPort_3|       pointer|
|SocketTable_myPort_2_dout                |   in|   16|     ap_fifo|      SocketTable_myPort_2|       pointer|
|SocketTable_myPort_2_num_data_valid      |   in|    3|     ap_fifo|      SocketTable_myPort_2|       pointer|
|SocketTable_myPort_2_fifo_cap            |   in|    3|     ap_fifo|      SocketTable_myPort_2|       pointer|
|SocketTable_myPort_2_empty_n             |   in|    1|     ap_fifo|      SocketTable_myPort_2|       pointer|
|SocketTable_myPort_2_read                |  out|    1|     ap_fifo|      SocketTable_myPort_2|       pointer|
|SocketTable_myPort_1_dout                |   in|   16|     ap_fifo|      SocketTable_myPort_1|       pointer|
|SocketTable_myPort_1_num_data_valid      |   in|    3|     ap_fifo|      SocketTable_myPort_1|       pointer|
|SocketTable_myPort_1_fifo_cap            |   in|    3|     ap_fifo|      SocketTable_myPort_1|       pointer|
|SocketTable_myPort_1_empty_n             |   in|    1|     ap_fifo|      SocketTable_myPort_1|       pointer|
|SocketTable_myPort_1_read                |  out|    1|     ap_fifo|      SocketTable_myPort_1|       pointer|
|SocketTable_myPort_0_dout                |   in|   16|     ap_fifo|      SocketTable_myPort_0|       pointer|
|SocketTable_myPort_0_num_data_valid      |   in|    3|     ap_fifo|      SocketTable_myPort_0|       pointer|
|SocketTable_myPort_0_fifo_cap            |   in|    3|     ap_fifo|      SocketTable_myPort_0|       pointer|
|SocketTable_myPort_0_empty_n             |   in|    1|     ap_fifo|      SocketTable_myPort_0|       pointer|
|SocketTable_myPort_0_read                |  out|    1|     ap_fifo|      SocketTable_myPort_0|       pointer|
|SocketTable_theirPort_15_dout            |   in|   16|     ap_fifo|  SocketTable_theirPort_15|       pointer|
|SocketTable_theirPort_15_num_data_valid  |   in|    3|     ap_fifo|  SocketTable_theirPort_15|       pointer|
|SocketTable_theirPort_15_fifo_cap        |   in|    3|     ap_fifo|  SocketTable_theirPort_15|       pointer|
|SocketTable_theirPort_15_empty_n         |   in|    1|     ap_fifo|  SocketTable_theirPort_15|       pointer|
|SocketTable_theirPort_15_read            |  out|    1|     ap_fifo|  SocketTable_theirPort_15|       pointer|
|SocketTable_theirPort_14_dout            |   in|   16|     ap_fifo|  SocketTable_theirPort_14|       pointer|
|SocketTable_theirPort_14_num_data_valid  |   in|    3|     ap_fifo|  SocketTable_theirPort_14|       pointer|
|SocketTable_theirPort_14_fifo_cap        |   in|    3|     ap_fifo|  SocketTable_theirPort_14|       pointer|
|SocketTable_theirPort_14_empty_n         |   in|    1|     ap_fifo|  SocketTable_theirPort_14|       pointer|
|SocketTable_theirPort_14_read            |  out|    1|     ap_fifo|  SocketTable_theirPort_14|       pointer|
|SocketTable_theirPort_13_dout            |   in|   16|     ap_fifo|  SocketTable_theirPort_13|       pointer|
|SocketTable_theirPort_13_num_data_valid  |   in|    3|     ap_fifo|  SocketTable_theirPort_13|       pointer|
|SocketTable_theirPort_13_fifo_cap        |   in|    3|     ap_fifo|  SocketTable_theirPort_13|       pointer|
|SocketTable_theirPort_13_empty_n         |   in|    1|     ap_fifo|  SocketTable_theirPort_13|       pointer|
|SocketTable_theirPort_13_read            |  out|    1|     ap_fifo|  SocketTable_theirPort_13|       pointer|
|SocketTable_theirPort_12_dout            |   in|   16|     ap_fifo|  SocketTable_theirPort_12|       pointer|
|SocketTable_theirPort_12_num_data_valid  |   in|    3|     ap_fifo|  SocketTable_theirPort_12|       pointer|
|SocketTable_theirPort_12_fifo_cap        |   in|    3|     ap_fifo|  SocketTable_theirPort_12|       pointer|
|SocketTable_theirPort_12_empty_n         |   in|    1|     ap_fifo|  SocketTable_theirPort_12|       pointer|
|SocketTable_theirPort_12_read            |  out|    1|     ap_fifo|  SocketTable_theirPort_12|       pointer|
|SocketTable_theirPort_11_dout            |   in|   16|     ap_fifo|  SocketTable_theirPort_11|       pointer|
|SocketTable_theirPort_11_num_data_valid  |   in|    3|     ap_fifo|  SocketTable_theirPort_11|       pointer|
|SocketTable_theirPort_11_fifo_cap        |   in|    3|     ap_fifo|  SocketTable_theirPort_11|       pointer|
|SocketTable_theirPort_11_empty_n         |   in|    1|     ap_fifo|  SocketTable_theirPort_11|       pointer|
|SocketTable_theirPort_11_read            |  out|    1|     ap_fifo|  SocketTable_theirPort_11|       pointer|
|SocketTable_theirPort_10_dout            |   in|   16|     ap_fifo|  SocketTable_theirPort_10|       pointer|
|SocketTable_theirPort_10_num_data_valid  |   in|    3|     ap_fifo|  SocketTable_theirPort_10|       pointer|
|SocketTable_theirPort_10_fifo_cap        |   in|    3|     ap_fifo|  SocketTable_theirPort_10|       pointer|
|SocketTable_theirPort_10_empty_n         |   in|    1|     ap_fifo|  SocketTable_theirPort_10|       pointer|
|SocketTable_theirPort_10_read            |  out|    1|     ap_fifo|  SocketTable_theirPort_10|       pointer|
|SocketTable_theirPort_9_dout             |   in|   16|     ap_fifo|   SocketTable_theirPort_9|       pointer|
|SocketTable_theirPort_9_num_data_valid   |   in|    3|     ap_fifo|   SocketTable_theirPort_9|       pointer|
|SocketTable_theirPort_9_fifo_cap         |   in|    3|     ap_fifo|   SocketTable_theirPort_9|       pointer|
|SocketTable_theirPort_9_empty_n          |   in|    1|     ap_fifo|   SocketTable_theirPort_9|       pointer|
|SocketTable_theirPort_9_read             |  out|    1|     ap_fifo|   SocketTable_theirPort_9|       pointer|
|SocketTable_theirPort_8_dout             |   in|   16|     ap_fifo|   SocketTable_theirPort_8|       pointer|
|SocketTable_theirPort_8_num_data_valid   |   in|    3|     ap_fifo|   SocketTable_theirPort_8|       pointer|
|SocketTable_theirPort_8_fifo_cap         |   in|    3|     ap_fifo|   SocketTable_theirPort_8|       pointer|
|SocketTable_theirPort_8_empty_n          |   in|    1|     ap_fifo|   SocketTable_theirPort_8|       pointer|
|SocketTable_theirPort_8_read             |  out|    1|     ap_fifo|   SocketTable_theirPort_8|       pointer|
|SocketTable_theirPort_7_dout             |   in|   16|     ap_fifo|   SocketTable_theirPort_7|       pointer|
|SocketTable_theirPort_7_num_data_valid   |   in|    3|     ap_fifo|   SocketTable_theirPort_7|       pointer|
|SocketTable_theirPort_7_fifo_cap         |   in|    3|     ap_fifo|   SocketTable_theirPort_7|       pointer|
|SocketTable_theirPort_7_empty_n          |   in|    1|     ap_fifo|   SocketTable_theirPort_7|       pointer|
|SocketTable_theirPort_7_read             |  out|    1|     ap_fifo|   SocketTable_theirPort_7|       pointer|
|SocketTable_theirPort_6_dout             |   in|   16|     ap_fifo|   SocketTable_theirPort_6|       pointer|
|SocketTable_theirPort_6_num_data_valid   |   in|    3|     ap_fifo|   SocketTable_theirPort_6|       pointer|
|SocketTable_theirPort_6_fifo_cap         |   in|    3|     ap_fifo|   SocketTable_theirPort_6|       pointer|
|SocketTable_theirPort_6_empty_n          |   in|    1|     ap_fifo|   SocketTable_theirPort_6|       pointer|
|SocketTable_theirPort_6_read             |  out|    1|     ap_fifo|   SocketTable_theirPort_6|       pointer|
|SocketTable_theirPort_5_dout             |   in|   16|     ap_fifo|   SocketTable_theirPort_5|       pointer|
|SocketTable_theirPort_5_num_data_valid   |   in|    3|     ap_fifo|   SocketTable_theirPort_5|       pointer|
|SocketTable_theirPort_5_fifo_cap         |   in|    3|     ap_fifo|   SocketTable_theirPort_5|       pointer|
|SocketTable_theirPort_5_empty_n          |   in|    1|     ap_fifo|   SocketTable_theirPort_5|       pointer|
|SocketTable_theirPort_5_read             |  out|    1|     ap_fifo|   SocketTable_theirPort_5|       pointer|
|SocketTable_theirPort_4_dout             |   in|   16|     ap_fifo|   SocketTable_theirPort_4|       pointer|
|SocketTable_theirPort_4_num_data_valid   |   in|    3|     ap_fifo|   SocketTable_theirPort_4|       pointer|
|SocketTable_theirPort_4_fifo_cap         |   in|    3|     ap_fifo|   SocketTable_theirPort_4|       pointer|
|SocketTable_theirPort_4_empty_n          |   in|    1|     ap_fifo|   SocketTable_theirPort_4|       pointer|
|SocketTable_theirPort_4_read             |  out|    1|     ap_fifo|   SocketTable_theirPort_4|       pointer|
|SocketTable_theirPort_3_dout             |   in|   16|     ap_fifo|   SocketTable_theirPort_3|       pointer|
|SocketTable_theirPort_3_num_data_valid   |   in|    3|     ap_fifo|   SocketTable_theirPort_3|       pointer|
|SocketTable_theirPort_3_fifo_cap         |   in|    3|     ap_fifo|   SocketTable_theirPort_3|       pointer|
|SocketTable_theirPort_3_empty_n          |   in|    1|     ap_fifo|   SocketTable_theirPort_3|       pointer|
|SocketTable_theirPort_3_read             |  out|    1|     ap_fifo|   SocketTable_theirPort_3|       pointer|
|SocketTable_theirPort_2_dout             |   in|   16|     ap_fifo|   SocketTable_theirPort_2|       pointer|
|SocketTable_theirPort_2_num_data_valid   |   in|    3|     ap_fifo|   SocketTable_theirPort_2|       pointer|
|SocketTable_theirPort_2_fifo_cap         |   in|    3|     ap_fifo|   SocketTable_theirPort_2|       pointer|
|SocketTable_theirPort_2_empty_n          |   in|    1|     ap_fifo|   SocketTable_theirPort_2|       pointer|
|SocketTable_theirPort_2_read             |  out|    1|     ap_fifo|   SocketTable_theirPort_2|       pointer|
|SocketTable_theirPort_1_dout             |   in|   16|     ap_fifo|   SocketTable_theirPort_1|       pointer|
|SocketTable_theirPort_1_num_data_valid   |   in|    3|     ap_fifo|   SocketTable_theirPort_1|       pointer|
|SocketTable_theirPort_1_fifo_cap         |   in|    3|     ap_fifo|   SocketTable_theirPort_1|       pointer|
|SocketTable_theirPort_1_empty_n          |   in|    1|     ap_fifo|   SocketTable_theirPort_1|       pointer|
|SocketTable_theirPort_1_read             |  out|    1|     ap_fifo|   SocketTable_theirPort_1|       pointer|
|SocketTable_theirPort_0_dout             |   in|   16|     ap_fifo|   SocketTable_theirPort_0|       pointer|
|SocketTable_theirPort_0_num_data_valid   |   in|    3|     ap_fifo|   SocketTable_theirPort_0|       pointer|
|SocketTable_theirPort_0_fifo_cap         |   in|    3|     ap_fifo|   SocketTable_theirPort_0|       pointer|
|SocketTable_theirPort_0_empty_n          |   in|    1|     ap_fifo|   SocketTable_theirPort_0|       pointer|
|SocketTable_theirPort_0_read             |  out|    1|     ap_fifo|   SocketTable_theirPort_0|       pointer|
|SocketTable_theirIP_15_dout              |   in|   32|     ap_fifo|    SocketTable_theirIP_15|       pointer|
|SocketTable_theirIP_15_num_data_valid    |   in|    3|     ap_fifo|    SocketTable_theirIP_15|       pointer|
|SocketTable_theirIP_15_fifo_cap          |   in|    3|     ap_fifo|    SocketTable_theirIP_15|       pointer|
|SocketTable_theirIP_15_empty_n           |   in|    1|     ap_fifo|    SocketTable_theirIP_15|       pointer|
|SocketTable_theirIP_15_read              |  out|    1|     ap_fifo|    SocketTable_theirIP_15|       pointer|
|SocketTable_theirIP_14_dout              |   in|   32|     ap_fifo|    SocketTable_theirIP_14|       pointer|
|SocketTable_theirIP_14_num_data_valid    |   in|    3|     ap_fifo|    SocketTable_theirIP_14|       pointer|
|SocketTable_theirIP_14_fifo_cap          |   in|    3|     ap_fifo|    SocketTable_theirIP_14|       pointer|
|SocketTable_theirIP_14_empty_n           |   in|    1|     ap_fifo|    SocketTable_theirIP_14|       pointer|
|SocketTable_theirIP_14_read              |  out|    1|     ap_fifo|    SocketTable_theirIP_14|       pointer|
|SocketTable_theirIP_13_dout              |   in|   32|     ap_fifo|    SocketTable_theirIP_13|       pointer|
|SocketTable_theirIP_13_num_data_valid    |   in|    3|     ap_fifo|    SocketTable_theirIP_13|       pointer|
|SocketTable_theirIP_13_fifo_cap          |   in|    3|     ap_fifo|    SocketTable_theirIP_13|       pointer|
|SocketTable_theirIP_13_empty_n           |   in|    1|     ap_fifo|    SocketTable_theirIP_13|       pointer|
|SocketTable_theirIP_13_read              |  out|    1|     ap_fifo|    SocketTable_theirIP_13|       pointer|
|SocketTable_theirIP_12_dout              |   in|   32|     ap_fifo|    SocketTable_theirIP_12|       pointer|
|SocketTable_theirIP_12_num_data_valid    |   in|    3|     ap_fifo|    SocketTable_theirIP_12|       pointer|
|SocketTable_theirIP_12_fifo_cap          |   in|    3|     ap_fifo|    SocketTable_theirIP_12|       pointer|
|SocketTable_theirIP_12_empty_n           |   in|    1|     ap_fifo|    SocketTable_theirIP_12|       pointer|
|SocketTable_theirIP_12_read              |  out|    1|     ap_fifo|    SocketTable_theirIP_12|       pointer|
|SocketTable_theirIP_11_dout              |   in|   32|     ap_fifo|    SocketTable_theirIP_11|       pointer|
|SocketTable_theirIP_11_num_data_valid    |   in|    3|     ap_fifo|    SocketTable_theirIP_11|       pointer|
|SocketTable_theirIP_11_fifo_cap          |   in|    3|     ap_fifo|    SocketTable_theirIP_11|       pointer|
|SocketTable_theirIP_11_empty_n           |   in|    1|     ap_fifo|    SocketTable_theirIP_11|       pointer|
|SocketTable_theirIP_11_read              |  out|    1|     ap_fifo|    SocketTable_theirIP_11|       pointer|
|SocketTable_theirIP_10_dout              |   in|   32|     ap_fifo|    SocketTable_theirIP_10|       pointer|
|SocketTable_theirIP_10_num_data_valid    |   in|    3|     ap_fifo|    SocketTable_theirIP_10|       pointer|
|SocketTable_theirIP_10_fifo_cap          |   in|    3|     ap_fifo|    SocketTable_theirIP_10|       pointer|
|SocketTable_theirIP_10_empty_n           |   in|    1|     ap_fifo|    SocketTable_theirIP_10|       pointer|
|SocketTable_theirIP_10_read              |  out|    1|     ap_fifo|    SocketTable_theirIP_10|       pointer|
|SocketTable_theirIP_9_dout               |   in|   32|     ap_fifo|     SocketTable_theirIP_9|       pointer|
|SocketTable_theirIP_9_num_data_valid     |   in|    3|     ap_fifo|     SocketTable_theirIP_9|       pointer|
|SocketTable_theirIP_9_fifo_cap           |   in|    3|     ap_fifo|     SocketTable_theirIP_9|       pointer|
|SocketTable_theirIP_9_empty_n            |   in|    1|     ap_fifo|     SocketTable_theirIP_9|       pointer|
|SocketTable_theirIP_9_read               |  out|    1|     ap_fifo|     SocketTable_theirIP_9|       pointer|
|SocketTable_theirIP_8_dout               |   in|   32|     ap_fifo|     SocketTable_theirIP_8|       pointer|
|SocketTable_theirIP_8_num_data_valid     |   in|    3|     ap_fifo|     SocketTable_theirIP_8|       pointer|
|SocketTable_theirIP_8_fifo_cap           |   in|    3|     ap_fifo|     SocketTable_theirIP_8|       pointer|
|SocketTable_theirIP_8_empty_n            |   in|    1|     ap_fifo|     SocketTable_theirIP_8|       pointer|
|SocketTable_theirIP_8_read               |  out|    1|     ap_fifo|     SocketTable_theirIP_8|       pointer|
|SocketTable_theirIP_7_dout               |   in|   32|     ap_fifo|     SocketTable_theirIP_7|       pointer|
|SocketTable_theirIP_7_num_data_valid     |   in|    3|     ap_fifo|     SocketTable_theirIP_7|       pointer|
|SocketTable_theirIP_7_fifo_cap           |   in|    3|     ap_fifo|     SocketTable_theirIP_7|       pointer|
|SocketTable_theirIP_7_empty_n            |   in|    1|     ap_fifo|     SocketTable_theirIP_7|       pointer|
|SocketTable_theirIP_7_read               |  out|    1|     ap_fifo|     SocketTable_theirIP_7|       pointer|
|SocketTable_theirIP_6_dout               |   in|   32|     ap_fifo|     SocketTable_theirIP_6|       pointer|
|SocketTable_theirIP_6_num_data_valid     |   in|    3|     ap_fifo|     SocketTable_theirIP_6|       pointer|
|SocketTable_theirIP_6_fifo_cap           |   in|    3|     ap_fifo|     SocketTable_theirIP_6|       pointer|
|SocketTable_theirIP_6_empty_n            |   in|    1|     ap_fifo|     SocketTable_theirIP_6|       pointer|
|SocketTable_theirIP_6_read               |  out|    1|     ap_fifo|     SocketTable_theirIP_6|       pointer|
|SocketTable_theirIP_5_dout               |   in|   32|     ap_fifo|     SocketTable_theirIP_5|       pointer|
|SocketTable_theirIP_5_num_data_valid     |   in|    3|     ap_fifo|     SocketTable_theirIP_5|       pointer|
|SocketTable_theirIP_5_fifo_cap           |   in|    3|     ap_fifo|     SocketTable_theirIP_5|       pointer|
|SocketTable_theirIP_5_empty_n            |   in|    1|     ap_fifo|     SocketTable_theirIP_5|       pointer|
|SocketTable_theirIP_5_read               |  out|    1|     ap_fifo|     SocketTable_theirIP_5|       pointer|
|SocketTable_theirIP_4_dout               |   in|   32|     ap_fifo|     SocketTable_theirIP_4|       pointer|
|SocketTable_theirIP_4_num_data_valid     |   in|    3|     ap_fifo|     SocketTable_theirIP_4|       pointer|
|SocketTable_theirIP_4_fifo_cap           |   in|    3|     ap_fifo|     SocketTable_theirIP_4|       pointer|
|SocketTable_theirIP_4_empty_n            |   in|    1|     ap_fifo|     SocketTable_theirIP_4|       pointer|
|SocketTable_theirIP_4_read               |  out|    1|     ap_fifo|     SocketTable_theirIP_4|       pointer|
|SocketTable_theirIP_3_dout               |   in|   32|     ap_fifo|     SocketTable_theirIP_3|       pointer|
|SocketTable_theirIP_3_num_data_valid     |   in|    3|     ap_fifo|     SocketTable_theirIP_3|       pointer|
|SocketTable_theirIP_3_fifo_cap           |   in|    3|     ap_fifo|     SocketTable_theirIP_3|       pointer|
|SocketTable_theirIP_3_empty_n            |   in|    1|     ap_fifo|     SocketTable_theirIP_3|       pointer|
|SocketTable_theirIP_3_read               |  out|    1|     ap_fifo|     SocketTable_theirIP_3|       pointer|
|SocketTable_theirIP_2_dout               |   in|   32|     ap_fifo|     SocketTable_theirIP_2|       pointer|
|SocketTable_theirIP_2_num_data_valid     |   in|    3|     ap_fifo|     SocketTable_theirIP_2|       pointer|
|SocketTable_theirIP_2_fifo_cap           |   in|    3|     ap_fifo|     SocketTable_theirIP_2|       pointer|
|SocketTable_theirIP_2_empty_n            |   in|    1|     ap_fifo|     SocketTable_theirIP_2|       pointer|
|SocketTable_theirIP_2_read               |  out|    1|     ap_fifo|     SocketTable_theirIP_2|       pointer|
|SocketTable_theirIP_1_dout               |   in|   32|     ap_fifo|     SocketTable_theirIP_1|       pointer|
|SocketTable_theirIP_1_num_data_valid     |   in|    3|     ap_fifo|     SocketTable_theirIP_1|       pointer|
|SocketTable_theirIP_1_fifo_cap           |   in|    3|     ap_fifo|     SocketTable_theirIP_1|       pointer|
|SocketTable_theirIP_1_empty_n            |   in|    1|     ap_fifo|     SocketTable_theirIP_1|       pointer|
|SocketTable_theirIP_1_read               |  out|    1|     ap_fifo|     SocketTable_theirIP_1|       pointer|
|SocketTable_theirIP_0_dout               |   in|   32|     ap_fifo|     SocketTable_theirIP_0|       pointer|
|SocketTable_theirIP_0_num_data_valid     |   in|    3|     ap_fifo|     SocketTable_theirIP_0|       pointer|
|SocketTable_theirIP_0_fifo_cap           |   in|    3|     ap_fifo|     SocketTable_theirIP_0|       pointer|
|SocketTable_theirIP_0_empty_n            |   in|    1|     ap_fifo|     SocketTable_theirIP_0|       pointer|
|SocketTable_theirIP_0_read               |  out|    1|     ap_fifo|     SocketTable_theirIP_0|       pointer|
|myIpAddress_dout                         |   in|   32|     ap_fifo|               myIpAddress|       pointer|
|myIpAddress_num_data_valid               |   in|    3|     ap_fifo|               myIpAddress|       pointer|
|myIpAddress_fifo_cap                     |   in|    3|     ap_fifo|               myIpAddress|       pointer|
|myIpAddress_empty_n                      |   in|    1|     ap_fifo|               myIpAddress|       pointer|
|myIpAddress_read                         |  out|    1|     ap_fifo|               myIpAddress|       pointer|
|ureMetaData_dout                         |   in|  128|     ap_fifo|               ureMetaData|       pointer|
|ureMetaData_num_data_valid               |   in|    6|     ap_fifo|               ureMetaData|       pointer|
|ureMetaData_fifo_cap                     |   in|    6|     ap_fifo|               ureMetaData|       pointer|
|ureMetaData_empty_n                      |   in|    1|     ap_fifo|               ureMetaData|       pointer|
|ureMetaData_read                         |  out|    1|     ap_fifo|               ureMetaData|       pointer|
|agmdIdOut_dout                           |   in|   16|     ap_fifo|                 agmdIdOut|       pointer|
|agmdIdOut_num_data_valid                 |   in|    9|     ap_fifo|                 agmdIdOut|       pointer|
|agmdIdOut_fifo_cap                       |   in|    9|     ap_fifo|                 agmdIdOut|       pointer|
|agmdIdOut_empty_n                        |   in|    1|     ap_fifo|                 agmdIdOut|       pointer|
|agmdIdOut_read                           |  out|    1|     ap_fifo|                 agmdIdOut|       pointer|
|txthMetaData_din                         |  out|  128|     ap_fifo|              txthMetaData|       pointer|
|txthMetaData_num_data_valid              |   in|    6|     ap_fifo|              txthMetaData|       pointer|
|txthMetaData_fifo_cap                    |   in|    6|     ap_fifo|              txthMetaData|       pointer|
|txthMetaData_full_n                      |   in|    1|     ap_fifo|              txthMetaData|       pointer|
|txthMetaData_write                       |  out|    1|     ap_fifo|              txthMetaData|       pointer|
|rthDropFifo_din                          |  out|  160|     ap_fifo|               rthDropFifo|       pointer|
|rthDropFifo_num_data_valid               |   in|    6|     ap_fifo|               rthDropFifo|       pointer|
|rthDropFifo_fifo_cap                     |   in|    6|     ap_fifo|               rthDropFifo|       pointer|
|rthDropFifo_full_n                       |   in|    1|     ap_fifo|               rthDropFifo|       pointer|
|rthDropFifo_write                        |  out|    1|     ap_fifo|               rthDropFifo|       pointer|
|numberSockets                            |  out|   16|      ap_vld|             numberSockets|       pointer|
|numberSockets_ap_vld                     |  out|    1|      ap_vld|             numberSockets|       pointer|
+-----------------------------------------+-----+-----+------------+--------------------------+--------------+

