

================================================================
== Vitis HLS Report for 'entry_proc'
================================================================
* Date:           Wed Nov  3 14:23:58 2021

* Version:        2021.1 (Build 3247384 on Thu Jun 10 19:36:07 MDT 2021)
* Project:        UDP_prj
* Solution:       ultrascale_plus (Vivado IP Flow Target)
* Product family: virtexuplus
* Target device:  xcu280-fsvh2892-2L-e


================================================================
== Performance Estimates
================================================================
+ Timing: 
    * Summary: 
    +--------+---------+----------+------------+
    |  Clock |  Target | Estimated| Uncertainty|
    +--------+---------+----------+------------+
    |ap_clk  |  2.50 ns|      0 ns|     0.20 ns|
    +--------+---------+----------+------------+

+ Latency: 
    * Summary: 
    +---------+---------+----------+----------+-----+-----+---------+
    |  Latency (cycles) |  Latency (absolute) |  Interval | Pipeline|
    |   min   |   max   |    min   |    max   | min | max |   Type  |
    +---------+---------+----------+----------+-----+-----+---------+
    |        0|        0|      0 ns|      0 ns|    0|    0|       no|
    +---------+---------+----------+----------+-----+-----+---------+

    + Detail: 
        * Instance: 
        N/A

        * Loop: 
        N/A

============================================================
+ Verbose Summary: Synthesis Manager
============================================================
InlineROM: 1
ExposeGlobal: 0
============================================================
+ Verbose Summary: CDFG Model
============================================================
IsTopModel: 0
ResetActiveHigh: 1
IsCombinational: 2
IsDatapathOnly: 0
HasWiredReturn: 1
HasMFsm: 0
HasVarLatency: 0
IsPipeline: 0
IsRtlPipelined: 0
IsInstanceOverlapped: 0
IsDontTouch: 0
HasImplIP: 0
IsGatedGlobalClock: 0


============================================================
+ Verbose Summary: Schedule
============================================================
* Number of FSM states : 1
* Pipeline : 0
* Dataflow Pipeline: 0

* FSM state transitions: 
1 --> 

* FSM state operations: 

State 1 <SV = 0> <Delay = 0.00>
ST_1 : Operation 2 [1/1] (0.00ns)   --->   "%SocketTable_valid_15_read = read i1 @_ssdm_op_Read.ap_auto.i1P0A, i1 %SocketTable_valid_15"   --->   Operation 2 'read' 'SocketTable_valid_15_read' <Predicate = true> <Delay = 0.00>
ST_1 : Operation 3 [1/1] (0.00ns)   --->   "%SocketTable_valid_14_read = read i1 @_ssdm_op_Read.ap_auto.i1P0A, i1 %SocketTable_valid_14"   --->   Operation 3 'read' 'SocketTable_valid_14_read' <Predicate = true> <Delay = 0.00>
ST_1 : Operation 4 [1/1] (0.00ns)   --->   "%SocketTable_valid_13_read = read i1 @_ssdm_op_Read.ap_auto.i1P0A, i1 %SocketTable_valid_13"   --->   Operation 4 'read' 'SocketTable_valid_13_read' <Predicate = true> <Delay = 0.00>
ST_1 : Operation 5 [1/1] (0.00ns)   --->   "%SocketTable_valid_12_read = read i1 @_ssdm_op_Read.ap_auto.i1P0A, i1 %SocketTable_valid_12"   --->   Operation 5 'read' 'SocketTable_valid_12_read' <Predicate = true> <Delay = 0.00>
ST_1 : Operation 6 [1/1] (0.00ns)   --->   "%SocketTable_valid_11_read = read i1 @_ssdm_op_Read.ap_auto.i1P0A, i1 %SocketTable_valid_11"   --->   Operation 6 'read' 'SocketTable_valid_11_read' <Predicate = true> <Delay = 0.00>
ST_1 : Operation 7 [1/1] (0.00ns)   --->   "%SocketTable_valid_10_read = read i1 @_ssdm_op_Read.ap_auto.i1P0A, i1 %SocketTable_valid_10"   --->   Operation 7 'read' 'SocketTable_valid_10_read' <Predicate = true> <Delay = 0.00>
ST_1 : Operation 8 [1/1] (0.00ns)   --->   "%SocketTable_valid_9_read = read i1 @_ssdm_op_Read.ap_auto.i1P0A, i1 %SocketTable_valid_9"   --->   Operation 8 'read' 'SocketTable_valid_9_read' <Predicate = true> <Delay = 0.00>
ST_1 : Operation 9 [1/1] (0.00ns)   --->   "%SocketTable_valid_8_read = read i1 @_ssdm_op_Read.ap_auto.i1P0A, i1 %SocketTable_valid_8"   --->   Operation 9 'read' 'SocketTable_valid_8_read' <Predicate = true> <Delay = 0.00>
ST_1 : Operation 10 [1/1] (0.00ns)   --->   "%SocketTable_valid_7_read = read i1 @_ssdm_op_Read.ap_auto.i1P0A, i1 %SocketTable_valid_7"   --->   Operation 10 'read' 'SocketTable_valid_7_read' <Predicate = true> <Delay = 0.00>
ST_1 : Operation 11 [1/1] (0.00ns)   --->   "%SocketTable_valid_6_read = read i1 @_ssdm_op_Read.ap_auto.i1P0A, i1 %SocketTable_valid_6"   --->   Operation 11 'read' 'SocketTable_valid_6_read' <Predicate = true> <Delay = 0.00>
ST_1 : Operation 12 [1/1] (0.00ns)   --->   "%SocketTable_valid_5_read = read i1 @_ssdm_op_Read.ap_auto.i1P0A, i1 %SocketTable_valid_5"   --->   Operation 12 'read' 'SocketTable_valid_5_read' <Predicate = true> <Delay = 0.00>
ST_1 : Operation 13 [1/1] (0.00ns)   --->   "%SocketTable_valid_4_read = read i1 @_ssdm_op_Read.ap_auto.i1P0A, i1 %SocketTable_valid_4"   --->   Operation 13 'read' 'SocketTable_valid_4_read' <Predicate = true> <Delay = 0.00>
ST_1 : Operation 14 [1/1] (0.00ns)   --->   "%SocketTable_valid_3_read = read i1 @_ssdm_op_Read.ap_auto.i1P0A, i1 %SocketTable_valid_3"   --->   Operation 14 'read' 'SocketTable_valid_3_read' <Predicate = true> <Delay = 0.00>
ST_1 : Operation 15 [1/1] (0.00ns)   --->   "%SocketTable_valid_2_read = read i1 @_ssdm_op_Read.ap_auto.i1P0A, i1 %SocketTable_valid_2"   --->   Operation 15 'read' 'SocketTable_valid_2_read' <Predicate = true> <Delay = 0.00>
ST_1 : Operation 16 [1/1] (0.00ns)   --->   "%SocketTable_valid_1_read = read i1 @_ssdm_op_Read.ap_auto.i1P0A, i1 %SocketTable_valid_1"   --->   Operation 16 'read' 'SocketTable_valid_1_read' <Predicate = true> <Delay = 0.00>
ST_1 : Operation 17 [1/1] (0.00ns)   --->   "%SocketTable_valid_0_read = read i1 @_ssdm_op_Read.ap_auto.i1P0A, i1 %SocketTable_valid_0"   --->   Operation 17 'read' 'SocketTable_valid_0_read' <Predicate = true> <Delay = 0.00>
ST_1 : Operation 18 [1/1] (0.00ns)   --->   "%SocketTable_myPort_15_read = read i16 @_ssdm_op_Read.ap_auto.i16P0A, i16 %SocketTable_myPort_15"   --->   Operation 18 'read' 'SocketTable_myPort_15_read' <Predicate = true> <Delay = 0.00>
ST_1 : Operation 19 [1/1] (0.00ns)   --->   "%SocketTable_myPort_14_read = read i16 @_ssdm_op_Read.ap_auto.i16P0A, i16 %SocketTable_myPort_14"   --->   Operation 19 'read' 'SocketTable_myPort_14_read' <Predicate = true> <Delay = 0.00>
ST_1 : Operation 20 [1/1] (0.00ns)   --->   "%SocketTable_myPort_13_read = read i16 @_ssdm_op_Read.ap_auto.i16P0A, i16 %SocketTable_myPort_13"   --->   Operation 20 'read' 'SocketTable_myPort_13_read' <Predicate = true> <Delay = 0.00>
ST_1 : Operation 21 [1/1] (0.00ns)   --->   "%SocketTable_myPort_12_read = read i16 @_ssdm_op_Read.ap_auto.i16P0A, i16 %SocketTable_myPort_12"   --->   Operation 21 'read' 'SocketTable_myPort_12_read' <Predicate = true> <Delay = 0.00>
ST_1 : Operation 22 [1/1] (0.00ns)   --->   "%SocketTable_myPort_11_read = read i16 @_ssdm_op_Read.ap_auto.i16P0A, i16 %SocketTable_myPort_11"   --->   Operation 22 'read' 'SocketTable_myPort_11_read' <Predicate = true> <Delay = 0.00>
ST_1 : Operation 23 [1/1] (0.00ns)   --->   "%SocketTable_myPort_10_read = read i16 @_ssdm_op_Read.ap_auto.i16P0A, i16 %SocketTable_myPort_10"   --->   Operation 23 'read' 'SocketTable_myPort_10_read' <Predicate = true> <Delay = 0.00>
ST_1 : Operation 24 [1/1] (0.00ns)   --->   "%SocketTable_myPort_9_read = read i16 @_ssdm_op_Read.ap_auto.i16P0A, i16 %SocketTable_myPort_9"   --->   Operation 24 'read' 'SocketTable_myPort_9_read' <Predicate = true> <Delay = 0.00>
ST_1 : Operation 25 [1/1] (0.00ns)   --->   "%SocketTable_myPort_8_read = read i16 @_ssdm_op_Read.ap_auto.i16P0A, i16 %SocketTable_myPort_8"   --->   Operation 25 'read' 'SocketTable_myPort_8_read' <Predicate = true> <Delay = 0.00>
ST_1 : Operation 26 [1/1] (0.00ns)   --->   "%SocketTable_myPort_7_read = read i16 @_ssdm_op_Read.ap_auto.i16P0A, i16 %SocketTable_myPort_7"   --->   Operation 26 'read' 'SocketTable_myPort_7_read' <Predicate = true> <Delay = 0.00>
ST_1 : Operation 27 [1/1] (0.00ns)   --->   "%SocketTable_myPort_6_read = read i16 @_ssdm_op_Read.ap_auto.i16P0A, i16 %SocketTable_myPort_6"   --->   Operation 27 'read' 'SocketTable_myPort_6_read' <Predicate = true> <Delay = 0.00>
ST_1 : Operation 28 [1/1] (0.00ns)   --->   "%SocketTable_myPort_5_read = read i16 @_ssdm_op_Read.ap_auto.i16P0A, i16 %SocketTable_myPort_5"   --->   Operation 28 'read' 'SocketTable_myPort_5_read' <Predicate = true> <Delay = 0.00>
ST_1 : Operation 29 [1/1] (0.00ns)   --->   "%SocketTable_myPort_4_read = read i16 @_ssdm_op_Read.ap_auto.i16P0A, i16 %SocketTable_myPort_4"   --->   Operation 29 'read' 'SocketTable_myPort_4_read' <Predicate = true> <Delay = 0.00>
ST_1 : Operation 30 [1/1] (0.00ns)   --->   "%SocketTable_myPort_3_read = read i16 @_ssdm_op_Read.ap_auto.i16P0A, i16 %SocketTable_myPort_3"   --->   Operation 30 'read' 'SocketTable_myPort_3_read' <Predicate = true> <Delay = 0.00>
ST_1 : Operation 31 [1/1] (0.00ns)   --->   "%SocketTable_myPort_2_read = read i16 @_ssdm_op_Read.ap_auto.i16P0A, i16 %SocketTable_myPort_2"   --->   Operation 31 'read' 'SocketTable_myPort_2_read' <Predicate = true> <Delay = 0.00>
ST_1 : Operation 32 [1/1] (0.00ns)   --->   "%SocketTable_myPort_1_read = read i16 @_ssdm_op_Read.ap_auto.i16P0A, i16 %SocketTable_myPort_1"   --->   Operation 32 'read' 'SocketTable_myPort_1_read' <Predicate = true> <Delay = 0.00>
ST_1 : Operation 33 [1/1] (0.00ns)   --->   "%SocketTable_myPort_0_read = read i16 @_ssdm_op_Read.ap_auto.i16P0A, i16 %SocketTable_myPort_0"   --->   Operation 33 'read' 'SocketTable_myPort_0_read' <Predicate = true> <Delay = 0.00>
ST_1 : Operation 34 [1/1] (0.00ns)   --->   "%SocketTable_theirPort_15_read = read i16 @_ssdm_op_Read.ap_auto.i16P0A, i16 %SocketTable_theirPort_15"   --->   Operation 34 'read' 'SocketTable_theirPort_15_read' <Predicate = true> <Delay = 0.00>
ST_1 : Operation 35 [1/1] (0.00ns)   --->   "%SocketTable_theirPort_14_read = read i16 @_ssdm_op_Read.ap_auto.i16P0A, i16 %SocketTable_theirPort_14"   --->   Operation 35 'read' 'SocketTable_theirPort_14_read' <Predicate = true> <Delay = 0.00>
ST_1 : Operation 36 [1/1] (0.00ns)   --->   "%SocketTable_theirPort_13_read = read i16 @_ssdm_op_Read.ap_auto.i16P0A, i16 %SocketTable_theirPort_13"   --->   Operation 36 'read' 'SocketTable_theirPort_13_read' <Predicate = true> <Delay = 0.00>
ST_1 : Operation 37 [1/1] (0.00ns)   --->   "%SocketTable_theirPort_12_read = read i16 @_ssdm_op_Read.ap_auto.i16P0A, i16 %SocketTable_theirPort_12"   --->   Operation 37 'read' 'SocketTable_theirPort_12_read' <Predicate = true> <Delay = 0.00>
ST_1 : Operation 38 [1/1] (0.00ns)   --->   "%SocketTable_theirPort_11_read = read i16 @_ssdm_op_Read.ap_auto.i16P0A, i16 %SocketTable_theirPort_11"   --->   Operation 38 'read' 'SocketTable_theirPort_11_read' <Predicate = true> <Delay = 0.00>
ST_1 : Operation 39 [1/1] (0.00ns)   --->   "%SocketTable_theirPort_10_read = read i16 @_ssdm_op_Read.ap_auto.i16P0A, i16 %SocketTable_theirPort_10"   --->   Operation 39 'read' 'SocketTable_theirPort_10_read' <Predicate = true> <Delay = 0.00>
ST_1 : Operation 40 [1/1] (0.00ns)   --->   "%SocketTable_theirPort_9_read = read i16 @_ssdm_op_Read.ap_auto.i16P0A, i16 %SocketTable_theirPort_9"   --->   Operation 40 'read' 'SocketTable_theirPort_9_read' <Predicate = true> <Delay = 0.00>
ST_1 : Operation 41 [1/1] (0.00ns)   --->   "%SocketTable_theirPort_8_read = read i16 @_ssdm_op_Read.ap_auto.i16P0A, i16 %SocketTable_theirPort_8"   --->   Operation 41 'read' 'SocketTable_theirPort_8_read' <Predicate = true> <Delay = 0.00>
ST_1 : Operation 42 [1/1] (0.00ns)   --->   "%SocketTable_theirPort_7_read = read i16 @_ssdm_op_Read.ap_auto.i16P0A, i16 %SocketTable_theirPort_7"   --->   Operation 42 'read' 'SocketTable_theirPort_7_read' <Predicate = true> <Delay = 0.00>
ST_1 : Operation 43 [1/1] (0.00ns)   --->   "%SocketTable_theirPort_6_read = read i16 @_ssdm_op_Read.ap_auto.i16P0A, i16 %SocketTable_theirPort_6"   --->   Operation 43 'read' 'SocketTable_theirPort_6_read' <Predicate = true> <Delay = 0.00>
ST_1 : Operation 44 [1/1] (0.00ns)   --->   "%SocketTable_theirPort_5_read = read i16 @_ssdm_op_Read.ap_auto.i16P0A, i16 %SocketTable_theirPort_5"   --->   Operation 44 'read' 'SocketTable_theirPort_5_read' <Predicate = true> <Delay = 0.00>
ST_1 : Operation 45 [1/1] (0.00ns)   --->   "%SocketTable_theirPort_4_read = read i16 @_ssdm_op_Read.ap_auto.i16P0A, i16 %SocketTable_theirPort_4"   --->   Operation 45 'read' 'SocketTable_theirPort_4_read' <Predicate = true> <Delay = 0.00>
ST_1 : Operation 46 [1/1] (0.00ns)   --->   "%SocketTable_theirPort_3_read = read i16 @_ssdm_op_Read.ap_auto.i16P0A, i16 %SocketTable_theirPort_3"   --->   Operation 46 'read' 'SocketTable_theirPort_3_read' <Predicate = true> <Delay = 0.00>
ST_1 : Operation 47 [1/1] (0.00ns)   --->   "%SocketTable_theirPort_2_read = read i16 @_ssdm_op_Read.ap_auto.i16P0A, i16 %SocketTable_theirPort_2"   --->   Operation 47 'read' 'SocketTable_theirPort_2_read' <Predicate = true> <Delay = 0.00>
ST_1 : Operation 48 [1/1] (0.00ns)   --->   "%SocketTable_theirPort_1_read = read i16 @_ssdm_op_Read.ap_auto.i16P0A, i16 %SocketTable_theirPort_1"   --->   Operation 48 'read' 'SocketTable_theirPort_1_read' <Predicate = true> <Delay = 0.00>
ST_1 : Operation 49 [1/1] (0.00ns)   --->   "%SocketTable_theirPort_0_read = read i16 @_ssdm_op_Read.ap_auto.i16P0A, i16 %SocketTable_theirPort_0"   --->   Operation 49 'read' 'SocketTable_theirPort_0_read' <Predicate = true> <Delay = 0.00>
ST_1 : Operation 50 [1/1] (0.00ns)   --->   "%SocketTable_theirIP_15_read = read i32 @_ssdm_op_Read.ap_auto.i32P0A, i32 %SocketTable_theirIP_15"   --->   Operation 50 'read' 'SocketTable_theirIP_15_read' <Predicate = true> <Delay = 0.00>
ST_1 : Operation 51 [1/1] (0.00ns)   --->   "%SocketTable_theirIP_14_read = read i32 @_ssdm_op_Read.ap_auto.i32P0A, i32 %SocketTable_theirIP_14"   --->   Operation 51 'read' 'SocketTable_theirIP_14_read' <Predicate = true> <Delay = 0.00>
ST_1 : Operation 52 [1/1] (0.00ns)   --->   "%SocketTable_theirIP_13_read = read i32 @_ssdm_op_Read.ap_auto.i32P0A, i32 %SocketTable_theirIP_13"   --->   Operation 52 'read' 'SocketTable_theirIP_13_read' <Predicate = true> <Delay = 0.00>
ST_1 : Operation 53 [1/1] (0.00ns)   --->   "%SocketTable_theirIP_12_read = read i32 @_ssdm_op_Read.ap_auto.i32P0A, i32 %SocketTable_theirIP_12"   --->   Operation 53 'read' 'SocketTable_theirIP_12_read' <Predicate = true> <Delay = 0.00>
ST_1 : Operation 54 [1/1] (0.00ns)   --->   "%SocketTable_theirIP_11_read = read i32 @_ssdm_op_Read.ap_auto.i32P0A, i32 %SocketTable_theirIP_11"   --->   Operation 54 'read' 'SocketTable_theirIP_11_read' <Predicate = true> <Delay = 0.00>
ST_1 : Operation 55 [1/1] (0.00ns)   --->   "%SocketTable_theirIP_10_read = read i32 @_ssdm_op_Read.ap_auto.i32P0A, i32 %SocketTable_theirIP_10"   --->   Operation 55 'read' 'SocketTable_theirIP_10_read' <Predicate = true> <Delay = 0.00>
ST_1 : Operation 56 [1/1] (0.00ns)   --->   "%SocketTable_theirIP_9_read = read i32 @_ssdm_op_Read.ap_auto.i32P0A, i32 %SocketTable_theirIP_9"   --->   Operation 56 'read' 'SocketTable_theirIP_9_read' <Predicate = true> <Delay = 0.00>
ST_1 : Operation 57 [1/1] (0.00ns)   --->   "%SocketTable_theirIP_8_read = read i32 @_ssdm_op_Read.ap_auto.i32P0A, i32 %SocketTable_theirIP_8"   --->   Operation 57 'read' 'SocketTable_theirIP_8_read' <Predicate = true> <Delay = 0.00>
ST_1 : Operation 58 [1/1] (0.00ns)   --->   "%SocketTable_theirIP_7_read = read i32 @_ssdm_op_Read.ap_auto.i32P0A, i32 %SocketTable_theirIP_7"   --->   Operation 58 'read' 'SocketTable_theirIP_7_read' <Predicate = true> <Delay = 0.00>
ST_1 : Operation 59 [1/1] (0.00ns)   --->   "%SocketTable_theirIP_6_read = read i32 @_ssdm_op_Read.ap_auto.i32P0A, i32 %SocketTable_theirIP_6"   --->   Operation 59 'read' 'SocketTable_theirIP_6_read' <Predicate = true> <Delay = 0.00>
ST_1 : Operation 60 [1/1] (0.00ns)   --->   "%SocketTable_theirIP_5_read = read i32 @_ssdm_op_Read.ap_auto.i32P0A, i32 %SocketTable_theirIP_5"   --->   Operation 60 'read' 'SocketTable_theirIP_5_read' <Predicate = true> <Delay = 0.00>
ST_1 : Operation 61 [1/1] (0.00ns)   --->   "%SocketTable_theirIP_4_read = read i32 @_ssdm_op_Read.ap_auto.i32P0A, i32 %SocketTable_theirIP_4"   --->   Operation 61 'read' 'SocketTable_theirIP_4_read' <Predicate = true> <Delay = 0.00>
ST_1 : Operation 62 [1/1] (0.00ns)   --->   "%SocketTable_theirIP_3_read = read i32 @_ssdm_op_Read.ap_auto.i32P0A, i32 %SocketTable_theirIP_3"   --->   Operation 62 'read' 'SocketTable_theirIP_3_read' <Predicate = true> <Delay = 0.00>
ST_1 : Operation 63 [1/1] (0.00ns)   --->   "%SocketTable_theirIP_2_read = read i32 @_ssdm_op_Read.ap_auto.i32P0A, i32 %SocketTable_theirIP_2"   --->   Operation 63 'read' 'SocketTable_theirIP_2_read' <Predicate = true> <Delay = 0.00>
ST_1 : Operation 64 [1/1] (0.00ns)   --->   "%SocketTable_theirIP_1_read = read i32 @_ssdm_op_Read.ap_auto.i32P0A, i32 %SocketTable_theirIP_1"   --->   Operation 64 'read' 'SocketTable_theirIP_1_read' <Predicate = true> <Delay = 0.00>
ST_1 : Operation 65 [1/1] (0.00ns)   --->   "%SocketTable_theirIP_0_read = read i32 @_ssdm_op_Read.ap_auto.i32P0A, i32 %SocketTable_theirIP_0"   --->   Operation 65 'read' 'SocketTable_theirIP_0_read' <Predicate = true> <Delay = 0.00>
ST_1 : Operation 66 [1/1] (0.00ns)   --->   "%myIpAddress_read = read i32 @_ssdm_op_Read.ap_auto.i32P0A, i32 %myIpAddress"   --->   Operation 66 'read' 'myIpAddress_read' <Predicate = true> <Delay = 0.00>
ST_1 : Operation 67 [1/1] (0.00ns)   --->   "%mrv = insertvalue i1072 <undef>, i32 %myIpAddress_read"   --->   Operation 67 'insertvalue' 'mrv' <Predicate = true> <Delay = 0.00>
ST_1 : Operation 68 [1/1] (0.00ns)   --->   "%mrv_1 = insertvalue i1072 %mrv, i32 %SocketTable_theirIP_0_read"   --->   Operation 68 'insertvalue' 'mrv_1' <Predicate = true> <Delay = 0.00>
ST_1 : Operation 69 [1/1] (0.00ns)   --->   "%mrv_2 = insertvalue i1072 %mrv_1, i32 %SocketTable_theirIP_1_read"   --->   Operation 69 'insertvalue' 'mrv_2' <Predicate = true> <Delay = 0.00>
ST_1 : Operation 70 [1/1] (0.00ns)   --->   "%mrv_3 = insertvalue i1072 %mrv_2, i32 %SocketTable_theirIP_2_read"   --->   Operation 70 'insertvalue' 'mrv_3' <Predicate = true> <Delay = 0.00>
ST_1 : Operation 71 [1/1] (0.00ns)   --->   "%mrv_4 = insertvalue i1072 %mrv_3, i32 %SocketTable_theirIP_3_read"   --->   Operation 71 'insertvalue' 'mrv_4' <Predicate = true> <Delay = 0.00>
ST_1 : Operation 72 [1/1] (0.00ns)   --->   "%mrv_5 = insertvalue i1072 %mrv_4, i32 %SocketTable_theirIP_4_read"   --->   Operation 72 'insertvalue' 'mrv_5' <Predicate = true> <Delay = 0.00>
ST_1 : Operation 73 [1/1] (0.00ns)   --->   "%mrv_6 = insertvalue i1072 %mrv_5, i32 %SocketTable_theirIP_5_read"   --->   Operation 73 'insertvalue' 'mrv_6' <Predicate = true> <Delay = 0.00>
ST_1 : Operation 74 [1/1] (0.00ns)   --->   "%mrv_7 = insertvalue i1072 %mrv_6, i32 %SocketTable_theirIP_6_read"   --->   Operation 74 'insertvalue' 'mrv_7' <Predicate = true> <Delay = 0.00>
ST_1 : Operation 75 [1/1] (0.00ns)   --->   "%mrv_8 = insertvalue i1072 %mrv_7, i32 %SocketTable_theirIP_7_read"   --->   Operation 75 'insertvalue' 'mrv_8' <Predicate = true> <Delay = 0.00>
ST_1 : Operation 76 [1/1] (0.00ns)   --->   "%mrv_9 = insertvalue i1072 %mrv_8, i32 %SocketTable_theirIP_8_read"   --->   Operation 76 'insertvalue' 'mrv_9' <Predicate = true> <Delay = 0.00>
ST_1 : Operation 77 [1/1] (0.00ns)   --->   "%mrv_s = insertvalue i1072 %mrv_9, i32 %SocketTable_theirIP_9_read"   --->   Operation 77 'insertvalue' 'mrv_s' <Predicate = true> <Delay = 0.00>
ST_1 : Operation 78 [1/1] (0.00ns)   --->   "%mrv_10 = insertvalue i1072 %mrv_s, i32 %SocketTable_theirIP_10_read"   --->   Operation 78 'insertvalue' 'mrv_10' <Predicate = true> <Delay = 0.00>
ST_1 : Operation 79 [1/1] (0.00ns)   --->   "%mrv_11 = insertvalue i1072 %mrv_10, i32 %SocketTable_theirIP_11_read"   --->   Operation 79 'insertvalue' 'mrv_11' <Predicate = true> <Delay = 0.00>
ST_1 : Operation 80 [1/1] (0.00ns)   --->   "%mrv_12 = insertvalue i1072 %mrv_11, i32 %SocketTable_theirIP_12_read"   --->   Operation 80 'insertvalue' 'mrv_12' <Predicate = true> <Delay = 0.00>
ST_1 : Operation 81 [1/1] (0.00ns)   --->   "%mrv_13 = insertvalue i1072 %mrv_12, i32 %SocketTable_theirIP_13_read"   --->   Operation 81 'insertvalue' 'mrv_13' <Predicate = true> <Delay = 0.00>
ST_1 : Operation 82 [1/1] (0.00ns)   --->   "%mrv_14 = insertvalue i1072 %mrv_13, i32 %SocketTable_theirIP_14_read"   --->   Operation 82 'insertvalue' 'mrv_14' <Predicate = true> <Delay = 0.00>
ST_1 : Operation 83 [1/1] (0.00ns)   --->   "%mrv_15 = insertvalue i1072 %mrv_14, i32 %SocketTable_theirIP_15_read"   --->   Operation 83 'insertvalue' 'mrv_15' <Predicate = true> <Delay = 0.00>
ST_1 : Operation 84 [1/1] (0.00ns)   --->   "%mrv_16 = insertvalue i1072 %mrv_15, i16 %SocketTable_theirPort_0_read"   --->   Operation 84 'insertvalue' 'mrv_16' <Predicate = true> <Delay = 0.00>
ST_1 : Operation 85 [1/1] (0.00ns)   --->   "%mrv_17 = insertvalue i1072 %mrv_16, i16 %SocketTable_theirPort_1_read"   --->   Operation 85 'insertvalue' 'mrv_17' <Predicate = true> <Delay = 0.00>
ST_1 : Operation 86 [1/1] (0.00ns)   --->   "%mrv_18 = insertvalue i1072 %mrv_17, i16 %SocketTable_theirPort_2_read"   --->   Operation 86 'insertvalue' 'mrv_18' <Predicate = true> <Delay = 0.00>
ST_1 : Operation 87 [1/1] (0.00ns)   --->   "%mrv_19 = insertvalue i1072 %mrv_18, i16 %SocketTable_theirPort_3_read"   --->   Operation 87 'insertvalue' 'mrv_19' <Predicate = true> <Delay = 0.00>
ST_1 : Operation 88 [1/1] (0.00ns)   --->   "%mrv_20 = insertvalue i1072 %mrv_19, i16 %SocketTable_theirPort_4_read"   --->   Operation 88 'insertvalue' 'mrv_20' <Predicate = true> <Delay = 0.00>
ST_1 : Operation 89 [1/1] (0.00ns)   --->   "%mrv_21 = insertvalue i1072 %mrv_20, i16 %SocketTable_theirPort_5_read"   --->   Operation 89 'insertvalue' 'mrv_21' <Predicate = true> <Delay = 0.00>
ST_1 : Operation 90 [1/1] (0.00ns)   --->   "%mrv_22 = insertvalue i1072 %mrv_21, i16 %SocketTable_theirPort_6_read"   --->   Operation 90 'insertvalue' 'mrv_22' <Predicate = true> <Delay = 0.00>
ST_1 : Operation 91 [1/1] (0.00ns)   --->   "%mrv_23 = insertvalue i1072 %mrv_22, i16 %SocketTable_theirPort_7_read"   --->   Operation 91 'insertvalue' 'mrv_23' <Predicate = true> <Delay = 0.00>
ST_1 : Operation 92 [1/1] (0.00ns)   --->   "%mrv_24 = insertvalue i1072 %mrv_23, i16 %SocketTable_theirPort_8_read"   --->   Operation 92 'insertvalue' 'mrv_24' <Predicate = true> <Delay = 0.00>
ST_1 : Operation 93 [1/1] (0.00ns)   --->   "%mrv_25 = insertvalue i1072 %mrv_24, i16 %SocketTable_theirPort_9_read"   --->   Operation 93 'insertvalue' 'mrv_25' <Predicate = true> <Delay = 0.00>
ST_1 : Operation 94 [1/1] (0.00ns)   --->   "%mrv_26 = insertvalue i1072 %mrv_25, i16 %SocketTable_theirPort_10_read"   --->   Operation 94 'insertvalue' 'mrv_26' <Predicate = true> <Delay = 0.00>
ST_1 : Operation 95 [1/1] (0.00ns)   --->   "%mrv_27 = insertvalue i1072 %mrv_26, i16 %SocketTable_theirPort_11_read"   --->   Operation 95 'insertvalue' 'mrv_27' <Predicate = true> <Delay = 0.00>
ST_1 : Operation 96 [1/1] (0.00ns)   --->   "%mrv_28 = insertvalue i1072 %mrv_27, i16 %SocketTable_theirPort_12_read"   --->   Operation 96 'insertvalue' 'mrv_28' <Predicate = true> <Delay = 0.00>
ST_1 : Operation 97 [1/1] (0.00ns)   --->   "%mrv_29 = insertvalue i1072 %mrv_28, i16 %SocketTable_theirPort_13_read"   --->   Operation 97 'insertvalue' 'mrv_29' <Predicate = true> <Delay = 0.00>
ST_1 : Operation 98 [1/1] (0.00ns)   --->   "%mrv_30 = insertvalue i1072 %mrv_29, i16 %SocketTable_theirPort_14_read"   --->   Operation 98 'insertvalue' 'mrv_30' <Predicate = true> <Delay = 0.00>
ST_1 : Operation 99 [1/1] (0.00ns)   --->   "%mrv_31 = insertvalue i1072 %mrv_30, i16 %SocketTable_theirPort_15_read"   --->   Operation 99 'insertvalue' 'mrv_31' <Predicate = true> <Delay = 0.00>
ST_1 : Operation 100 [1/1] (0.00ns)   --->   "%mrv_32 = insertvalue i1072 %mrv_31, i16 %SocketTable_myPort_0_read"   --->   Operation 100 'insertvalue' 'mrv_32' <Predicate = true> <Delay = 0.00>
ST_1 : Operation 101 [1/1] (0.00ns)   --->   "%mrv_33 = insertvalue i1072 %mrv_32, i16 %SocketTable_myPort_1_read"   --->   Operation 101 'insertvalue' 'mrv_33' <Predicate = true> <Delay = 0.00>
ST_1 : Operation 102 [1/1] (0.00ns)   --->   "%mrv_34 = insertvalue i1072 %mrv_33, i16 %SocketTable_myPort_2_read"   --->   Operation 102 'insertvalue' 'mrv_34' <Predicate = true> <Delay = 0.00>
ST_1 : Operation 103 [1/1] (0.00ns)   --->   "%mrv_35 = insertvalue i1072 %mrv_34, i16 %SocketTable_myPort_3_read"   --->   Operation 103 'insertvalue' 'mrv_35' <Predicate = true> <Delay = 0.00>
ST_1 : Operation 104 [1/1] (0.00ns)   --->   "%mrv_36 = insertvalue i1072 %mrv_35, i16 %SocketTable_myPort_4_read"   --->   Operation 104 'insertvalue' 'mrv_36' <Predicate = true> <Delay = 0.00>
ST_1 : Operation 105 [1/1] (0.00ns)   --->   "%mrv_37 = insertvalue i1072 %mrv_36, i16 %SocketTable_myPort_5_read"   --->   Operation 105 'insertvalue' 'mrv_37' <Predicate = true> <Delay = 0.00>
ST_1 : Operation 106 [1/1] (0.00ns)   --->   "%mrv_38 = insertvalue i1072 %mrv_37, i16 %SocketTable_myPort_6_read"   --->   Operation 106 'insertvalue' 'mrv_38' <Predicate = true> <Delay = 0.00>
ST_1 : Operation 107 [1/1] (0.00ns)   --->   "%mrv_39 = insertvalue i1072 %mrv_38, i16 %SocketTable_myPort_7_read"   --->   Operation 107 'insertvalue' 'mrv_39' <Predicate = true> <Delay = 0.00>
ST_1 : Operation 108 [1/1] (0.00ns)   --->   "%mrv_40 = insertvalue i1072 %mrv_39, i16 %SocketTable_myPort_8_read"   --->   Operation 108 'insertvalue' 'mrv_40' <Predicate = true> <Delay = 0.00>
ST_1 : Operation 109 [1/1] (0.00ns)   --->   "%mrv_41 = insertvalue i1072 %mrv_40, i16 %SocketTable_myPort_9_read"   --->   Operation 109 'insertvalue' 'mrv_41' <Predicate = true> <Delay = 0.00>
ST_1 : Operation 110 [1/1] (0.00ns)   --->   "%mrv_42 = insertvalue i1072 %mrv_41, i16 %SocketTable_myPort_10_read"   --->   Operation 110 'insertvalue' 'mrv_42' <Predicate = true> <Delay = 0.00>
ST_1 : Operation 111 [1/1] (0.00ns)   --->   "%mrv_43 = insertvalue i1072 %mrv_42, i16 %SocketTable_myPort_11_read"   --->   Operation 111 'insertvalue' 'mrv_43' <Predicate = true> <Delay = 0.00>
ST_1 : Operation 112 [1/1] (0.00ns)   --->   "%mrv_44 = insertvalue i1072 %mrv_43, i16 %SocketTable_myPort_12_read"   --->   Operation 112 'insertvalue' 'mrv_44' <Predicate = true> <Delay = 0.00>
ST_1 : Operation 113 [1/1] (0.00ns)   --->   "%mrv_45 = insertvalue i1072 %mrv_44, i16 %SocketTable_myPort_13_read"   --->   Operation 113 'insertvalue' 'mrv_45' <Predicate = true> <Delay = 0.00>
ST_1 : Operation 114 [1/1] (0.00ns)   --->   "%mrv_46 = insertvalue i1072 %mrv_45, i16 %SocketTable_myPort_14_read"   --->   Operation 114 'insertvalue' 'mrv_46' <Predicate = true> <Delay = 0.00>
ST_1 : Operation 115 [1/1] (0.00ns)   --->   "%mrv_47 = insertvalue i1072 %mrv_46, i16 %SocketTable_myPort_15_read"   --->   Operation 115 'insertvalue' 'mrv_47' <Predicate = true> <Delay = 0.00>
ST_1 : Operation 116 [1/1] (0.00ns)   --->   "%mrv_48 = insertvalue i1072 %mrv_47, i1 %SocketTable_valid_0_read"   --->   Operation 116 'insertvalue' 'mrv_48' <Predicate = true> <Delay = 0.00>
ST_1 : Operation 117 [1/1] (0.00ns)   --->   "%mrv_49 = insertvalue i1072 %mrv_48, i1 %SocketTable_valid_1_read"   --->   Operation 117 'insertvalue' 'mrv_49' <Predicate = true> <Delay = 0.00>
ST_1 : Operation 118 [1/1] (0.00ns)   --->   "%mrv_50 = insertvalue i1072 %mrv_49, i1 %SocketTable_valid_2_read"   --->   Operation 118 'insertvalue' 'mrv_50' <Predicate = true> <Delay = 0.00>
ST_1 : Operation 119 [1/1] (0.00ns)   --->   "%mrv_51 = insertvalue i1072 %mrv_50, i1 %SocketTable_valid_3_read"   --->   Operation 119 'insertvalue' 'mrv_51' <Predicate = true> <Delay = 0.00>
ST_1 : Operation 120 [1/1] (0.00ns)   --->   "%mrv_52 = insertvalue i1072 %mrv_51, i1 %SocketTable_valid_4_read"   --->   Operation 120 'insertvalue' 'mrv_52' <Predicate = true> <Delay = 0.00>
ST_1 : Operation 121 [1/1] (0.00ns)   --->   "%mrv_53 = insertvalue i1072 %mrv_52, i1 %SocketTable_valid_5_read"   --->   Operation 121 'insertvalue' 'mrv_53' <Predicate = true> <Delay = 0.00>
ST_1 : Operation 122 [1/1] (0.00ns)   --->   "%mrv_54 = insertvalue i1072 %mrv_53, i1 %SocketTable_valid_6_read"   --->   Operation 122 'insertvalue' 'mrv_54' <Predicate = true> <Delay = 0.00>
ST_1 : Operation 123 [1/1] (0.00ns)   --->   "%mrv_55 = insertvalue i1072 %mrv_54, i1 %SocketTable_valid_7_read"   --->   Operation 123 'insertvalue' 'mrv_55' <Predicate = true> <Delay = 0.00>
ST_1 : Operation 124 [1/1] (0.00ns)   --->   "%mrv_56 = insertvalue i1072 %mrv_55, i1 %SocketTable_valid_8_read"   --->   Operation 124 'insertvalue' 'mrv_56' <Predicate = true> <Delay = 0.00>
ST_1 : Operation 125 [1/1] (0.00ns)   --->   "%mrv_57 = insertvalue i1072 %mrv_56, i1 %SocketTable_valid_9_read"   --->   Operation 125 'insertvalue' 'mrv_57' <Predicate = true> <Delay = 0.00>
ST_1 : Operation 126 [1/1] (0.00ns)   --->   "%mrv_58 = insertvalue i1072 %mrv_57, i1 %SocketTable_valid_10_read"   --->   Operation 126 'insertvalue' 'mrv_58' <Predicate = true> <Delay = 0.00>
ST_1 : Operation 127 [1/1] (0.00ns)   --->   "%mrv_59 = insertvalue i1072 %mrv_58, i1 %SocketTable_valid_11_read"   --->   Operation 127 'insertvalue' 'mrv_59' <Predicate = true> <Delay = 0.00>
ST_1 : Operation 128 [1/1] (0.00ns)   --->   "%mrv_60 = insertvalue i1072 %mrv_59, i1 %SocketTable_valid_12_read"   --->   Operation 128 'insertvalue' 'mrv_60' <Predicate = true> <Delay = 0.00>
ST_1 : Operation 129 [1/1] (0.00ns)   --->   "%mrv_61 = insertvalue i1072 %mrv_60, i1 %SocketTable_valid_13_read"   --->   Operation 129 'insertvalue' 'mrv_61' <Predicate = true> <Delay = 0.00>
ST_1 : Operation 130 [1/1] (0.00ns)   --->   "%mrv_62 = insertvalue i1072 %mrv_61, i1 %SocketTable_valid_14_read"   --->   Operation 130 'insertvalue' 'mrv_62' <Predicate = true> <Delay = 0.00>
ST_1 : Operation 131 [1/1] (0.00ns)   --->   "%mrv_63 = insertvalue i1072 %mrv_62, i1 %SocketTable_valid_15_read"   --->   Operation 131 'insertvalue' 'mrv_63' <Predicate = true> <Delay = 0.00>
ST_1 : Operation 132 [1/1] (0.00ns)   --->   "%ret_ln0 = ret i1072 %mrv_63"   --->   Operation 132 'ret' 'ret_ln0' <Predicate = true> <Delay = 0.00>


============================================================
+ Verbose Summary: Timing violations
============================================================
Target clock period: 2.5ns, clock uncertainty: 0.2ns.

 <State 1>: 0ns
The critical path consists of the following:


============================================================
+ Verbose Summary: Binding
============================================================
N/A
* FSMD analyzer results:
  - Output states:
 - Input state : 
  - Chain level:
	State 1


============================================================
+ Verbose Summary: Datapath Resource usage 
============================================================
N/A
