

================================================================
== Vivado HLS Report for 'keep2len'
================================================================
* Date:           Thu Aug  5 18:58:14 2021

* Version:        2020.1 (Build 2897737 on Wed May 27 20:21:37 MDT 2020)
* Project:        UDP_prj
* Solution:       ultrascale_plus
* Product family: virtexuplus
* Target device:  xcu280-fsvh2892-2L-e


================================================================
== Performance Estimates
================================================================
+ Timing: 
    * Summary: 
    +--------+---------+----------+------------+
    |  Clock |  Target | Estimated| Uncertainty|
    +--------+---------+----------+------------+
    |ap_clk  | 2.50 ns | 1.679 ns |   0.20 ns  |
    +--------+---------+----------+------------+

+ Latency: 
    * Summary: 
    +---------+---------+----------+----------+-----+-----+----------+
    |  Latency (cycles) |  Latency (absolute) |  Interval | Pipeline |
    |   min   |   max   |    min   |    max   | min | max |   Type   |
    +---------+---------+----------+----------+-----+-----+----------+
    |        0|        0|   0 ns   |   0 ns   |    1|    1| function |
    +---------+---------+----------+----------+-----+-----+----------+

    + Detail: 
        * Instance: 
        N/A

        * Loop: 
        N/A

============================================================
+ Verbose Summary: Synthesis Manager
============================================================
InlineROM: 1
ExposeGlobal: 0
============================================================
+ Verbose Summary: CDFG Model
============================================================
IsTopModel: 0
ResetActiveHigh: 1
IsCombinational: 0
IsDatapathOnly: 0
HasWiredReturn: 1
HasMFsm: 2
HasVarLatency: 0
IsPipeline: 1
IsRtlPipelined: 0
IsInstanceOverlapped: 0
IsDontTouch: 0
HasImplIP: 0
IsGatedGlobalClock: 0

+ Individual pipeline summary: 
  * Pipeline-0: initiation interval (II) = 1, depth = 1


============================================================
+ Verbose Summary: Schedule
============================================================
* Number of FSM states : 1
* Pipeline : 1
  Pipeline-0 : II = 1, D = 1, States = { 1 }
* Dataflow Pipeline: 0

* FSM state transitions: 
1 --> 

* FSM state operations: 

State 1 <SV = 0> <Delay = 1.67>
ST_1 : Operation 2 [1/1] (0.00ns)   --->   "%keepValue_V_read = call i64 @_ssdm_op_Read.ap_auto.i64(i64 %keepValue_V)" [/home/ubuntu/xup_vitis_network_example/NetLayers/100G-fpga-network-stack-core/synthesis_results_HMB/..//hls/TOE/common_utilities/common_utilities.cpp:42]   --->   Operation 2 'read' 'keepValue_V_read' <Predicate = true> <Delay = 0.00>
ST_1 : Operation 3 [1/1] (0.00ns)   --->   "%p_Result_s = call i1 @_ssdm_op_BitSelect.i1.i64.i32(i64 %keepValue_V_read, i32 63)" [/home/ubuntu/xup_vitis_network_example/NetLayers/100G-fpga-network-stack-core/synthesis_results_HMB/..//hls/TOE/common_utilities/common_utilities.cpp:42]   --->   Operation 3 'bitselect' 'p_Result_s' <Predicate = true> <Delay = 0.00>
ST_1 : Operation 4 [1/1] (1.67ns)   --->   "br i1 %p_Result_s, label %64, label %1" [/home/ubuntu/xup_vitis_network_example/NetLayers/100G-fpga-network-stack-core/synthesis_results_HMB/..//hls/TOE/common_utilities/common_utilities.cpp:42]   --->   Operation 4 'br' <Predicate = true> <Delay = 1.67>
ST_1 : Operation 5 [1/1] (0.00ns)   --->   "%tmp = call i1 @_ssdm_op_BitSelect.i1.i64.i32(i64 %keepValue_V_read, i32 62)" [/home/ubuntu/xup_vitis_network_example/NetLayers/100G-fpga-network-stack-core/synthesis_results_HMB/..//hls/TOE/common_utilities/common_utilities.cpp:44]   --->   Operation 5 'bitselect' 'tmp' <Predicate = (!p_Result_s)> <Delay = 0.00>
ST_1 : Operation 6 [1/1] (1.67ns)   --->   "br i1 %tmp, label %64, label %2" [/home/ubuntu/xup_vitis_network_example/NetLayers/100G-fpga-network-stack-core/synthesis_results_HMB/..//hls/TOE/common_utilities/common_utilities.cpp:44]   --->   Operation 6 'br' <Predicate = (!p_Result_s)> <Delay = 1.67>
ST_1 : Operation 7 [1/1] (0.00ns)   --->   "%tmp_15 = call i1 @_ssdm_op_BitSelect.i1.i64.i32(i64 %keepValue_V_read, i32 61)" [/home/ubuntu/xup_vitis_network_example/NetLayers/100G-fpga-network-stack-core/synthesis_results_HMB/..//hls/TOE/common_utilities/common_utilities.cpp:46]   --->   Operation 7 'bitselect' 'tmp_15' <Predicate = (!p_Result_s & !tmp)> <Delay = 0.00>
ST_1 : Operation 8 [1/1] (1.67ns)   --->   "br i1 %tmp_15, label %64, label %3" [/home/ubuntu/xup_vitis_network_example/NetLayers/100G-fpga-network-stack-core/synthesis_results_HMB/..//hls/TOE/common_utilities/common_utilities.cpp:46]   --->   Operation 8 'br' <Predicate = (!p_Result_s & !tmp)> <Delay = 1.67>
ST_1 : Operation 9 [1/1] (0.00ns)   --->   "%tmp_16 = call i1 @_ssdm_op_BitSelect.i1.i64.i32(i64 %keepValue_V_read, i32 60)" [/home/ubuntu/xup_vitis_network_example/NetLayers/100G-fpga-network-stack-core/synthesis_results_HMB/..//hls/TOE/common_utilities/common_utilities.cpp:48]   --->   Operation 9 'bitselect' 'tmp_16' <Predicate = (!p_Result_s & !tmp & !tmp_15)> <Delay = 0.00>
ST_1 : Operation 10 [1/1] (1.67ns)   --->   "br i1 %tmp_16, label %64, label %4" [/home/ubuntu/xup_vitis_network_example/NetLayers/100G-fpga-network-stack-core/synthesis_results_HMB/..//hls/TOE/common_utilities/common_utilities.cpp:48]   --->   Operation 10 'br' <Predicate = (!p_Result_s & !tmp & !tmp_15)> <Delay = 1.67>
ST_1 : Operation 11 [1/1] (0.00ns)   --->   "%tmp_17 = call i1 @_ssdm_op_BitSelect.i1.i64.i32(i64 %keepValue_V_read, i32 59)" [/home/ubuntu/xup_vitis_network_example/NetLayers/100G-fpga-network-stack-core/synthesis_results_HMB/..//hls/TOE/common_utilities/common_utilities.cpp:50]   --->   Operation 11 'bitselect' 'tmp_17' <Predicate = (!p_Result_s & !tmp & !tmp_15 & !tmp_16)> <Delay = 0.00>
ST_1 : Operation 12 [1/1] (1.67ns)   --->   "br i1 %tmp_17, label %64, label %5" [/home/ubuntu/xup_vitis_network_example/NetLayers/100G-fpga-network-stack-core/synthesis_results_HMB/..//hls/TOE/common_utilities/common_utilities.cpp:50]   --->   Operation 12 'br' <Predicate = (!p_Result_s & !tmp & !tmp_15 & !tmp_16)> <Delay = 1.67>
ST_1 : Operation 13 [1/1] (0.00ns)   --->   "%tmp_18 = call i1 @_ssdm_op_BitSelect.i1.i64.i32(i64 %keepValue_V_read, i32 58)" [/home/ubuntu/xup_vitis_network_example/NetLayers/100G-fpga-network-stack-core/synthesis_results_HMB/..//hls/TOE/common_utilities/common_utilities.cpp:52]   --->   Operation 13 'bitselect' 'tmp_18' <Predicate = (!p_Result_s & !tmp & !tmp_15 & !tmp_16 & !tmp_17)> <Delay = 0.00>
ST_1 : Operation 14 [1/1] (1.67ns)   --->   "br i1 %tmp_18, label %64, label %6" [/home/ubuntu/xup_vitis_network_example/NetLayers/100G-fpga-network-stack-core/synthesis_results_HMB/..//hls/TOE/common_utilities/common_utilities.cpp:52]   --->   Operation 14 'br' <Predicate = (!p_Result_s & !tmp & !tmp_15 & !tmp_16 & !tmp_17)> <Delay = 1.67>
ST_1 : Operation 15 [1/1] (0.00ns)   --->   "%tmp_19 = call i1 @_ssdm_op_BitSelect.i1.i64.i32(i64 %keepValue_V_read, i32 57)" [/home/ubuntu/xup_vitis_network_example/NetLayers/100G-fpga-network-stack-core/synthesis_results_HMB/..//hls/TOE/common_utilities/common_utilities.cpp:54]   --->   Operation 15 'bitselect' 'tmp_19' <Predicate = (!p_Result_s & !tmp & !tmp_15 & !tmp_16 & !tmp_17 & !tmp_18)> <Delay = 0.00>
ST_1 : Operation 16 [1/1] (1.67ns)   --->   "br i1 %tmp_19, label %64, label %7" [/home/ubuntu/xup_vitis_network_example/NetLayers/100G-fpga-network-stack-core/synthesis_results_HMB/..//hls/TOE/common_utilities/common_utilities.cpp:54]   --->   Operation 16 'br' <Predicate = (!p_Result_s & !tmp & !tmp_15 & !tmp_16 & !tmp_17 & !tmp_18)> <Delay = 1.67>
ST_1 : Operation 17 [1/1] (0.00ns)   --->   "%tmp_20 = call i1 @_ssdm_op_BitSelect.i1.i64.i32(i64 %keepValue_V_read, i32 56)" [/home/ubuntu/xup_vitis_network_example/NetLayers/100G-fpga-network-stack-core/synthesis_results_HMB/..//hls/TOE/common_utilities/common_utilities.cpp:56]   --->   Operation 17 'bitselect' 'tmp_20' <Predicate = (!p_Result_s & !tmp & !tmp_15 & !tmp_16 & !tmp_17 & !tmp_18 & !tmp_19)> <Delay = 0.00>
ST_1 : Operation 18 [1/1] (1.67ns)   --->   "br i1 %tmp_20, label %64, label %8" [/home/ubuntu/xup_vitis_network_example/NetLayers/100G-fpga-network-stack-core/synthesis_results_HMB/..//hls/TOE/common_utilities/common_utilities.cpp:56]   --->   Operation 18 'br' <Predicate = (!p_Result_s & !tmp & !tmp_15 & !tmp_16 & !tmp_17 & !tmp_18 & !tmp_19)> <Delay = 1.67>
ST_1 : Operation 19 [1/1] (0.00ns)   --->   "%tmp_21 = call i1 @_ssdm_op_BitSelect.i1.i64.i32(i64 %keepValue_V_read, i32 55)" [/home/ubuntu/xup_vitis_network_example/NetLayers/100G-fpga-network-stack-core/synthesis_results_HMB/..//hls/TOE/common_utilities/common_utilities.cpp:58]   --->   Operation 19 'bitselect' 'tmp_21' <Predicate = (!p_Result_s & !tmp & !tmp_15 & !tmp_16 & !tmp_17 & !tmp_18 & !tmp_19 & !tmp_20)> <Delay = 0.00>
ST_1 : Operation 20 [1/1] (1.67ns)   --->   "br i1 %tmp_21, label %64, label %9" [/home/ubuntu/xup_vitis_network_example/NetLayers/100G-fpga-network-stack-core/synthesis_results_HMB/..//hls/TOE/common_utilities/common_utilities.cpp:58]   --->   Operation 20 'br' <Predicate = (!p_Result_s & !tmp & !tmp_15 & !tmp_16 & !tmp_17 & !tmp_18 & !tmp_19 & !tmp_20)> <Delay = 1.67>
ST_1 : Operation 21 [1/1] (0.00ns)   --->   "%tmp_22 = call i1 @_ssdm_op_BitSelect.i1.i64.i32(i64 %keepValue_V_read, i32 54)" [/home/ubuntu/xup_vitis_network_example/NetLayers/100G-fpga-network-stack-core/synthesis_results_HMB/..//hls/TOE/common_utilities/common_utilities.cpp:60]   --->   Operation 21 'bitselect' 'tmp_22' <Predicate = (!p_Result_s & !tmp & !tmp_15 & !tmp_16 & !tmp_17 & !tmp_18 & !tmp_19 & !tmp_20 & !tmp_21)> <Delay = 0.00>
ST_1 : Operation 22 [1/1] (1.67ns)   --->   "br i1 %tmp_22, label %64, label %10" [/home/ubuntu/xup_vitis_network_example/NetLayers/100G-fpga-network-stack-core/synthesis_results_HMB/..//hls/TOE/common_utilities/common_utilities.cpp:60]   --->   Operation 22 'br' <Predicate = (!p_Result_s & !tmp & !tmp_15 & !tmp_16 & !tmp_17 & !tmp_18 & !tmp_19 & !tmp_20 & !tmp_21)> <Delay = 1.67>
ST_1 : Operation 23 [1/1] (0.00ns)   --->   "%tmp_23 = call i1 @_ssdm_op_BitSelect.i1.i64.i32(i64 %keepValue_V_read, i32 53)" [/home/ubuntu/xup_vitis_network_example/NetLayers/100G-fpga-network-stack-core/synthesis_results_HMB/..//hls/TOE/common_utilities/common_utilities.cpp:62]   --->   Operation 23 'bitselect' 'tmp_23' <Predicate = (!p_Result_s & !tmp & !tmp_15 & !tmp_16 & !tmp_17 & !tmp_18 & !tmp_19 & !tmp_20 & !tmp_21 & !tmp_22)> <Delay = 0.00>
ST_1 : Operation 24 [1/1] (1.67ns)   --->   "br i1 %tmp_23, label %64, label %11" [/home/ubuntu/xup_vitis_network_example/NetLayers/100G-fpga-network-stack-core/synthesis_results_HMB/..//hls/TOE/common_utilities/common_utilities.cpp:62]   --->   Operation 24 'br' <Predicate = (!p_Result_s & !tmp & !tmp_15 & !tmp_16 & !tmp_17 & !tmp_18 & !tmp_19 & !tmp_20 & !tmp_21 & !tmp_22)> <Delay = 1.67>
ST_1 : Operation 25 [1/1] (0.00ns)   --->   "%tmp_24 = call i1 @_ssdm_op_BitSelect.i1.i64.i32(i64 %keepValue_V_read, i32 52)" [/home/ubuntu/xup_vitis_network_example/NetLayers/100G-fpga-network-stack-core/synthesis_results_HMB/..//hls/TOE/common_utilities/common_utilities.cpp:64]   --->   Operation 25 'bitselect' 'tmp_24' <Predicate = (!p_Result_s & !tmp & !tmp_15 & !tmp_16 & !tmp_17 & !tmp_18 & !tmp_19 & !tmp_20 & !tmp_21 & !tmp_22 & !tmp_23)> <Delay = 0.00>
ST_1 : Operation 26 [1/1] (1.67ns)   --->   "br i1 %tmp_24, label %64, label %12" [/home/ubuntu/xup_vitis_network_example/NetLayers/100G-fpga-network-stack-core/synthesis_results_HMB/..//hls/TOE/common_utilities/common_utilities.cpp:64]   --->   Operation 26 'br' <Predicate = (!p_Result_s & !tmp & !tmp_15 & !tmp_16 & !tmp_17 & !tmp_18 & !tmp_19 & !tmp_20 & !tmp_21 & !tmp_22 & !tmp_23)> <Delay = 1.67>
ST_1 : Operation 27 [1/1] (0.00ns)   --->   "%tmp_25 = call i1 @_ssdm_op_BitSelect.i1.i64.i32(i64 %keepValue_V_read, i32 51)" [/home/ubuntu/xup_vitis_network_example/NetLayers/100G-fpga-network-stack-core/synthesis_results_HMB/..//hls/TOE/common_utilities/common_utilities.cpp:66]   --->   Operation 27 'bitselect' 'tmp_25' <Predicate = (!p_Result_s & !tmp & !tmp_15 & !tmp_16 & !tmp_17 & !tmp_18 & !tmp_19 & !tmp_20 & !tmp_21 & !tmp_22 & !tmp_23 & !tmp_24)> <Delay = 0.00>
ST_1 : Operation 28 [1/1] (1.67ns)   --->   "br i1 %tmp_25, label %64, label %13" [/home/ubuntu/xup_vitis_network_example/NetLayers/100G-fpga-network-stack-core/synthesis_results_HMB/..//hls/TOE/common_utilities/common_utilities.cpp:66]   --->   Operation 28 'br' <Predicate = (!p_Result_s & !tmp & !tmp_15 & !tmp_16 & !tmp_17 & !tmp_18 & !tmp_19 & !tmp_20 & !tmp_21 & !tmp_22 & !tmp_23 & !tmp_24)> <Delay = 1.67>
ST_1 : Operation 29 [1/1] (0.00ns)   --->   "%tmp_26 = call i1 @_ssdm_op_BitSelect.i1.i64.i32(i64 %keepValue_V_read, i32 50)" [/home/ubuntu/xup_vitis_network_example/NetLayers/100G-fpga-network-stack-core/synthesis_results_HMB/..//hls/TOE/common_utilities/common_utilities.cpp:68]   --->   Operation 29 'bitselect' 'tmp_26' <Predicate = (!p_Result_s & !tmp & !tmp_15 & !tmp_16 & !tmp_17 & !tmp_18 & !tmp_19 & !tmp_20 & !tmp_21 & !tmp_22 & !tmp_23 & !tmp_24 & !tmp_25)> <Delay = 0.00>
ST_1 : Operation 30 [1/1] (1.67ns)   --->   "br i1 %tmp_26, label %64, label %14" [/home/ubuntu/xup_vitis_network_example/NetLayers/100G-fpga-network-stack-core/synthesis_results_HMB/..//hls/TOE/common_utilities/common_utilities.cpp:68]   --->   Operation 30 'br' <Predicate = (!p_Result_s & !tmp & !tmp_15 & !tmp_16 & !tmp_17 & !tmp_18 & !tmp_19 & !tmp_20 & !tmp_21 & !tmp_22 & !tmp_23 & !tmp_24 & !tmp_25)> <Delay = 1.67>
ST_1 : Operation 31 [1/1] (0.00ns)   --->   "%tmp_27 = call i1 @_ssdm_op_BitSelect.i1.i64.i32(i64 %keepValue_V_read, i32 49)" [/home/ubuntu/xup_vitis_network_example/NetLayers/100G-fpga-network-stack-core/synthesis_results_HMB/..//hls/TOE/common_utilities/common_utilities.cpp:70]   --->   Operation 31 'bitselect' 'tmp_27' <Predicate = (!p_Result_s & !tmp & !tmp_15 & !tmp_16 & !tmp_17 & !tmp_18 & !tmp_19 & !tmp_20 & !tmp_21 & !tmp_22 & !tmp_23 & !tmp_24 & !tmp_25 & !tmp_26)> <Delay = 0.00>
ST_1 : Operation 32 [1/1] (1.67ns)   --->   "br i1 %tmp_27, label %64, label %15" [/home/ubuntu/xup_vitis_network_example/NetLayers/100G-fpga-network-stack-core/synthesis_results_HMB/..//hls/TOE/common_utilities/common_utilities.cpp:70]   --->   Operation 32 'br' <Predicate = (!p_Result_s & !tmp & !tmp_15 & !tmp_16 & !tmp_17 & !tmp_18 & !tmp_19 & !tmp_20 & !tmp_21 & !tmp_22 & !tmp_23 & !tmp_24 & !tmp_25 & !tmp_26)> <Delay = 1.67>
ST_1 : Operation 33 [1/1] (0.00ns)   --->   "%tmp_28 = call i1 @_ssdm_op_BitSelect.i1.i64.i32(i64 %keepValue_V_read, i32 48)" [/home/ubuntu/xup_vitis_network_example/NetLayers/100G-fpga-network-stack-core/synthesis_results_HMB/..//hls/TOE/common_utilities/common_utilities.cpp:72]   --->   Operation 33 'bitselect' 'tmp_28' <Predicate = (!p_Result_s & !tmp & !tmp_15 & !tmp_16 & !tmp_17 & !tmp_18 & !tmp_19 & !tmp_20 & !tmp_21 & !tmp_22 & !tmp_23 & !tmp_24 & !tmp_25 & !tmp_26 & !tmp_27)> <Delay = 0.00>
ST_1 : Operation 34 [1/1] (1.67ns)   --->   "br i1 %tmp_28, label %64, label %16" [/home/ubuntu/xup_vitis_network_example/NetLayers/100G-fpga-network-stack-core/synthesis_results_HMB/..//hls/TOE/common_utilities/common_utilities.cpp:72]   --->   Operation 34 'br' <Predicate = (!p_Result_s & !tmp & !tmp_15 & !tmp_16 & !tmp_17 & !tmp_18 & !tmp_19 & !tmp_20 & !tmp_21 & !tmp_22 & !tmp_23 & !tmp_24 & !tmp_25 & !tmp_26 & !tmp_27)> <Delay = 1.67>
ST_1 : Operation 35 [1/1] (0.00ns)   --->   "%tmp_29 = call i1 @_ssdm_op_BitSelect.i1.i64.i32(i64 %keepValue_V_read, i32 47)" [/home/ubuntu/xup_vitis_network_example/NetLayers/100G-fpga-network-stack-core/synthesis_results_HMB/..//hls/TOE/common_utilities/common_utilities.cpp:74]   --->   Operation 35 'bitselect' 'tmp_29' <Predicate = (!p_Result_s & !tmp & !tmp_15 & !tmp_16 & !tmp_17 & !tmp_18 & !tmp_19 & !tmp_20 & !tmp_21 & !tmp_22 & !tmp_23 & !tmp_24 & !tmp_25 & !tmp_26 & !tmp_27 & !tmp_28)> <Delay = 0.00>
ST_1 : Operation 36 [1/1] (1.67ns)   --->   "br i1 %tmp_29, label %64, label %17" [/home/ubuntu/xup_vitis_network_example/NetLayers/100G-fpga-network-stack-core/synthesis_results_HMB/..//hls/TOE/common_utilities/common_utilities.cpp:74]   --->   Operation 36 'br' <Predicate = (!p_Result_s & !tmp & !tmp_15 & !tmp_16 & !tmp_17 & !tmp_18 & !tmp_19 & !tmp_20 & !tmp_21 & !tmp_22 & !tmp_23 & !tmp_24 & !tmp_25 & !tmp_26 & !tmp_27 & !tmp_28)> <Delay = 1.67>
ST_1 : Operation 37 [1/1] (0.00ns)   --->   "%tmp_30 = call i1 @_ssdm_op_BitSelect.i1.i64.i32(i64 %keepValue_V_read, i32 46)" [/home/ubuntu/xup_vitis_network_example/NetLayers/100G-fpga-network-stack-core/synthesis_results_HMB/..//hls/TOE/common_utilities/common_utilities.cpp:76]   --->   Operation 37 'bitselect' 'tmp_30' <Predicate = (!p_Result_s & !tmp & !tmp_15 & !tmp_16 & !tmp_17 & !tmp_18 & !tmp_19 & !tmp_20 & !tmp_21 & !tmp_22 & !tmp_23 & !tmp_24 & !tmp_25 & !tmp_26 & !tmp_27 & !tmp_28 & !tmp_29)> <Delay = 0.00>
ST_1 : Operation 38 [1/1] (1.67ns)   --->   "br i1 %tmp_30, label %64, label %18" [/home/ubuntu/xup_vitis_network_example/NetLayers/100G-fpga-network-stack-core/synthesis_results_HMB/..//hls/TOE/common_utilities/common_utilities.cpp:76]   --->   Operation 38 'br' <Predicate = (!p_Result_s & !tmp & !tmp_15 & !tmp_16 & !tmp_17 & !tmp_18 & !tmp_19 & !tmp_20 & !tmp_21 & !tmp_22 & !tmp_23 & !tmp_24 & !tmp_25 & !tmp_26 & !tmp_27 & !tmp_28 & !tmp_29)> <Delay = 1.67>
ST_1 : Operation 39 [1/1] (0.00ns)   --->   "%tmp_31 = call i1 @_ssdm_op_BitSelect.i1.i64.i32(i64 %keepValue_V_read, i32 45)" [/home/ubuntu/xup_vitis_network_example/NetLayers/100G-fpga-network-stack-core/synthesis_results_HMB/..//hls/TOE/common_utilities/common_utilities.cpp:78]   --->   Operation 39 'bitselect' 'tmp_31' <Predicate = (!p_Result_s & !tmp & !tmp_15 & !tmp_16 & !tmp_17 & !tmp_18 & !tmp_19 & !tmp_20 & !tmp_21 & !tmp_22 & !tmp_23 & !tmp_24 & !tmp_25 & !tmp_26 & !tmp_27 & !tmp_28 & !tmp_29 & !tmp_30)> <Delay = 0.00>
ST_1 : Operation 40 [1/1] (1.67ns)   --->   "br i1 %tmp_31, label %64, label %19" [/home/ubuntu/xup_vitis_network_example/NetLayers/100G-fpga-network-stack-core/synthesis_results_HMB/..//hls/TOE/common_utilities/common_utilities.cpp:78]   --->   Operation 40 'br' <Predicate = (!p_Result_s & !tmp & !tmp_15 & !tmp_16 & !tmp_17 & !tmp_18 & !tmp_19 & !tmp_20 & !tmp_21 & !tmp_22 & !tmp_23 & !tmp_24 & !tmp_25 & !tmp_26 & !tmp_27 & !tmp_28 & !tmp_29 & !tmp_30)> <Delay = 1.67>
ST_1 : Operation 41 [1/1] (0.00ns)   --->   "%tmp_32 = call i1 @_ssdm_op_BitSelect.i1.i64.i32(i64 %keepValue_V_read, i32 44)" [/home/ubuntu/xup_vitis_network_example/NetLayers/100G-fpga-network-stack-core/synthesis_results_HMB/..//hls/TOE/common_utilities/common_utilities.cpp:80]   --->   Operation 41 'bitselect' 'tmp_32' <Predicate = (!p_Result_s & !tmp & !tmp_15 & !tmp_16 & !tmp_17 & !tmp_18 & !tmp_19 & !tmp_20 & !tmp_21 & !tmp_22 & !tmp_23 & !tmp_24 & !tmp_25 & !tmp_26 & !tmp_27 & !tmp_28 & !tmp_29 & !tmp_30 & !tmp_31)> <Delay = 0.00>
ST_1 : Operation 42 [1/1] (1.67ns)   --->   "br i1 %tmp_32, label %64, label %20" [/home/ubuntu/xup_vitis_network_example/NetLayers/100G-fpga-network-stack-core/synthesis_results_HMB/..//hls/TOE/common_utilities/common_utilities.cpp:80]   --->   Operation 42 'br' <Predicate = (!p_Result_s & !tmp & !tmp_15 & !tmp_16 & !tmp_17 & !tmp_18 & !tmp_19 & !tmp_20 & !tmp_21 & !tmp_22 & !tmp_23 & !tmp_24 & !tmp_25 & !tmp_26 & !tmp_27 & !tmp_28 & !tmp_29 & !tmp_30 & !tmp_31)> <Delay = 1.67>
ST_1 : Operation 43 [1/1] (0.00ns)   --->   "%tmp_33 = call i1 @_ssdm_op_BitSelect.i1.i64.i32(i64 %keepValue_V_read, i32 43)" [/home/ubuntu/xup_vitis_network_example/NetLayers/100G-fpga-network-stack-core/synthesis_results_HMB/..//hls/TOE/common_utilities/common_utilities.cpp:82]   --->   Operation 43 'bitselect' 'tmp_33' <Predicate = (!p_Result_s & !tmp & !tmp_15 & !tmp_16 & !tmp_17 & !tmp_18 & !tmp_19 & !tmp_20 & !tmp_21 & !tmp_22 & !tmp_23 & !tmp_24 & !tmp_25 & !tmp_26 & !tmp_27 & !tmp_28 & !tmp_29 & !tmp_30 & !tmp_31 & !tmp_32)> <Delay = 0.00>
ST_1 : Operation 44 [1/1] (1.67ns)   --->   "br i1 %tmp_33, label %64, label %21" [/home/ubuntu/xup_vitis_network_example/NetLayers/100G-fpga-network-stack-core/synthesis_results_HMB/..//hls/TOE/common_utilities/common_utilities.cpp:82]   --->   Operation 44 'br' <Predicate = (!p_Result_s & !tmp & !tmp_15 & !tmp_16 & !tmp_17 & !tmp_18 & !tmp_19 & !tmp_20 & !tmp_21 & !tmp_22 & !tmp_23 & !tmp_24 & !tmp_25 & !tmp_26 & !tmp_27 & !tmp_28 & !tmp_29 & !tmp_30 & !tmp_31 & !tmp_32)> <Delay = 1.67>
ST_1 : Operation 45 [1/1] (0.00ns)   --->   "%tmp_34 = call i1 @_ssdm_op_BitSelect.i1.i64.i32(i64 %keepValue_V_read, i32 42)" [/home/ubuntu/xup_vitis_network_example/NetLayers/100G-fpga-network-stack-core/synthesis_results_HMB/..//hls/TOE/common_utilities/common_utilities.cpp:84]   --->   Operation 45 'bitselect' 'tmp_34' <Predicate = (!p_Result_s & !tmp & !tmp_15 & !tmp_16 & !tmp_17 & !tmp_18 & !tmp_19 & !tmp_20 & !tmp_21 & !tmp_22 & !tmp_23 & !tmp_24 & !tmp_25 & !tmp_26 & !tmp_27 & !tmp_28 & !tmp_29 & !tmp_30 & !tmp_31 & !tmp_32 & !tmp_33)> <Delay = 0.00>
ST_1 : Operation 46 [1/1] (1.67ns)   --->   "br i1 %tmp_34, label %64, label %22" [/home/ubuntu/xup_vitis_network_example/NetLayers/100G-fpga-network-stack-core/synthesis_results_HMB/..//hls/TOE/common_utilities/common_utilities.cpp:84]   --->   Operation 46 'br' <Predicate = (!p_Result_s & !tmp & !tmp_15 & !tmp_16 & !tmp_17 & !tmp_18 & !tmp_19 & !tmp_20 & !tmp_21 & !tmp_22 & !tmp_23 & !tmp_24 & !tmp_25 & !tmp_26 & !tmp_27 & !tmp_28 & !tmp_29 & !tmp_30 & !tmp_31 & !tmp_32 & !tmp_33)> <Delay = 1.67>
ST_1 : Operation 47 [1/1] (0.00ns)   --->   "%tmp_35 = call i1 @_ssdm_op_BitSelect.i1.i64.i32(i64 %keepValue_V_read, i32 41)" [/home/ubuntu/xup_vitis_network_example/NetLayers/100G-fpga-network-stack-core/synthesis_results_HMB/..//hls/TOE/common_utilities/common_utilities.cpp:86]   --->   Operation 47 'bitselect' 'tmp_35' <Predicate = (!p_Result_s & !tmp & !tmp_15 & !tmp_16 & !tmp_17 & !tmp_18 & !tmp_19 & !tmp_20 & !tmp_21 & !tmp_22 & !tmp_23 & !tmp_24 & !tmp_25 & !tmp_26 & !tmp_27 & !tmp_28 & !tmp_29 & !tmp_30 & !tmp_31 & !tmp_32 & !tmp_33 & !tmp_34)> <Delay = 0.00>
ST_1 : Operation 48 [1/1] (1.67ns)   --->   "br i1 %tmp_35, label %64, label %23" [/home/ubuntu/xup_vitis_network_example/NetLayers/100G-fpga-network-stack-core/synthesis_results_HMB/..//hls/TOE/common_utilities/common_utilities.cpp:86]   --->   Operation 48 'br' <Predicate = (!p_Result_s & !tmp & !tmp_15 & !tmp_16 & !tmp_17 & !tmp_18 & !tmp_19 & !tmp_20 & !tmp_21 & !tmp_22 & !tmp_23 & !tmp_24 & !tmp_25 & !tmp_26 & !tmp_27 & !tmp_28 & !tmp_29 & !tmp_30 & !tmp_31 & !tmp_32 & !tmp_33 & !tmp_34)> <Delay = 1.67>
ST_1 : Operation 49 [1/1] (0.00ns)   --->   "%tmp_36 = call i1 @_ssdm_op_BitSelect.i1.i64.i32(i64 %keepValue_V_read, i32 40)" [/home/ubuntu/xup_vitis_network_example/NetLayers/100G-fpga-network-stack-core/synthesis_results_HMB/..//hls/TOE/common_utilities/common_utilities.cpp:88]   --->   Operation 49 'bitselect' 'tmp_36' <Predicate = (!p_Result_s & !tmp & !tmp_15 & !tmp_16 & !tmp_17 & !tmp_18 & !tmp_19 & !tmp_20 & !tmp_21 & !tmp_22 & !tmp_23 & !tmp_24 & !tmp_25 & !tmp_26 & !tmp_27 & !tmp_28 & !tmp_29 & !tmp_30 & !tmp_31 & !tmp_32 & !tmp_33 & !tmp_34 & !tmp_35)> <Delay = 0.00>
ST_1 : Operation 50 [1/1] (1.67ns)   --->   "br i1 %tmp_36, label %64, label %24" [/home/ubuntu/xup_vitis_network_example/NetLayers/100G-fpga-network-stack-core/synthesis_results_HMB/..//hls/TOE/common_utilities/common_utilities.cpp:88]   --->   Operation 50 'br' <Predicate = (!p_Result_s & !tmp & !tmp_15 & !tmp_16 & !tmp_17 & !tmp_18 & !tmp_19 & !tmp_20 & !tmp_21 & !tmp_22 & !tmp_23 & !tmp_24 & !tmp_25 & !tmp_26 & !tmp_27 & !tmp_28 & !tmp_29 & !tmp_30 & !tmp_31 & !tmp_32 & !tmp_33 & !tmp_34 & !tmp_35)> <Delay = 1.67>
ST_1 : Operation 51 [1/1] (0.00ns)   --->   "%tmp_37 = call i1 @_ssdm_op_BitSelect.i1.i64.i32(i64 %keepValue_V_read, i32 39)" [/home/ubuntu/xup_vitis_network_example/NetLayers/100G-fpga-network-stack-core/synthesis_results_HMB/..//hls/TOE/common_utilities/common_utilities.cpp:90]   --->   Operation 51 'bitselect' 'tmp_37' <Predicate = (!p_Result_s & !tmp & !tmp_15 & !tmp_16 & !tmp_17 & !tmp_18 & !tmp_19 & !tmp_20 & !tmp_21 & !tmp_22 & !tmp_23 & !tmp_24 & !tmp_25 & !tmp_26 & !tmp_27 & !tmp_28 & !tmp_29 & !tmp_30 & !tmp_31 & !tmp_32 & !tmp_33 & !tmp_34 & !tmp_35 & !tmp_36)> <Delay = 0.00>
ST_1 : Operation 52 [1/1] (1.67ns)   --->   "br i1 %tmp_37, label %64, label %25" [/home/ubuntu/xup_vitis_network_example/NetLayers/100G-fpga-network-stack-core/synthesis_results_HMB/..//hls/TOE/common_utilities/common_utilities.cpp:90]   --->   Operation 52 'br' <Predicate = (!p_Result_s & !tmp & !tmp_15 & !tmp_16 & !tmp_17 & !tmp_18 & !tmp_19 & !tmp_20 & !tmp_21 & !tmp_22 & !tmp_23 & !tmp_24 & !tmp_25 & !tmp_26 & !tmp_27 & !tmp_28 & !tmp_29 & !tmp_30 & !tmp_31 & !tmp_32 & !tmp_33 & !tmp_34 & !tmp_35 & !tmp_36)> <Delay = 1.67>
ST_1 : Operation 53 [1/1] (0.00ns)   --->   "%tmp_38 = call i1 @_ssdm_op_BitSelect.i1.i64.i32(i64 %keepValue_V_read, i32 38)" [/home/ubuntu/xup_vitis_network_example/NetLayers/100G-fpga-network-stack-core/synthesis_results_HMB/..//hls/TOE/common_utilities/common_utilities.cpp:92]   --->   Operation 53 'bitselect' 'tmp_38' <Predicate = (!p_Result_s & !tmp & !tmp_15 & !tmp_16 & !tmp_17 & !tmp_18 & !tmp_19 & !tmp_20 & !tmp_21 & !tmp_22 & !tmp_23 & !tmp_24 & !tmp_25 & !tmp_26 & !tmp_27 & !tmp_28 & !tmp_29 & !tmp_30 & !tmp_31 & !tmp_32 & !tmp_33 & !tmp_34 & !tmp_35 & !tmp_36 & !tmp_37)> <Delay = 0.00>
ST_1 : Operation 54 [1/1] (1.67ns)   --->   "br i1 %tmp_38, label %64, label %26" [/home/ubuntu/xup_vitis_network_example/NetLayers/100G-fpga-network-stack-core/synthesis_results_HMB/..//hls/TOE/common_utilities/common_utilities.cpp:92]   --->   Operation 54 'br' <Predicate = (!p_Result_s & !tmp & !tmp_15 & !tmp_16 & !tmp_17 & !tmp_18 & !tmp_19 & !tmp_20 & !tmp_21 & !tmp_22 & !tmp_23 & !tmp_24 & !tmp_25 & !tmp_26 & !tmp_27 & !tmp_28 & !tmp_29 & !tmp_30 & !tmp_31 & !tmp_32 & !tmp_33 & !tmp_34 & !tmp_35 & !tmp_36 & !tmp_37)> <Delay = 1.67>
ST_1 : Operation 55 [1/1] (0.00ns)   --->   "%tmp_39 = call i1 @_ssdm_op_BitSelect.i1.i64.i32(i64 %keepValue_V_read, i32 37)" [/home/ubuntu/xup_vitis_network_example/NetLayers/100G-fpga-network-stack-core/synthesis_results_HMB/..//hls/TOE/common_utilities/common_utilities.cpp:94]   --->   Operation 55 'bitselect' 'tmp_39' <Predicate = (!p_Result_s & !tmp & !tmp_15 & !tmp_16 & !tmp_17 & !tmp_18 & !tmp_19 & !tmp_20 & !tmp_21 & !tmp_22 & !tmp_23 & !tmp_24 & !tmp_25 & !tmp_26 & !tmp_27 & !tmp_28 & !tmp_29 & !tmp_30 & !tmp_31 & !tmp_32 & !tmp_33 & !tmp_34 & !tmp_35 & !tmp_36 & !tmp_37 & !tmp_38)> <Delay = 0.00>
ST_1 : Operation 56 [1/1] (1.67ns)   --->   "br i1 %tmp_39, label %64, label %27" [/home/ubuntu/xup_vitis_network_example/NetLayers/100G-fpga-network-stack-core/synthesis_results_HMB/..//hls/TOE/common_utilities/common_utilities.cpp:94]   --->   Operation 56 'br' <Predicate = (!p_Result_s & !tmp & !tmp_15 & !tmp_16 & !tmp_17 & !tmp_18 & !tmp_19 & !tmp_20 & !tmp_21 & !tmp_22 & !tmp_23 & !tmp_24 & !tmp_25 & !tmp_26 & !tmp_27 & !tmp_28 & !tmp_29 & !tmp_30 & !tmp_31 & !tmp_32 & !tmp_33 & !tmp_34 & !tmp_35 & !tmp_36 & !tmp_37 & !tmp_38)> <Delay = 1.67>
ST_1 : Operation 57 [1/1] (0.00ns)   --->   "%tmp_40 = call i1 @_ssdm_op_BitSelect.i1.i64.i32(i64 %keepValue_V_read, i32 36)" [/home/ubuntu/xup_vitis_network_example/NetLayers/100G-fpga-network-stack-core/synthesis_results_HMB/..//hls/TOE/common_utilities/common_utilities.cpp:96]   --->   Operation 57 'bitselect' 'tmp_40' <Predicate = (!p_Result_s & !tmp & !tmp_15 & !tmp_16 & !tmp_17 & !tmp_18 & !tmp_19 & !tmp_20 & !tmp_21 & !tmp_22 & !tmp_23 & !tmp_24 & !tmp_25 & !tmp_26 & !tmp_27 & !tmp_28 & !tmp_29 & !tmp_30 & !tmp_31 & !tmp_32 & !tmp_33 & !tmp_34 & !tmp_35 & !tmp_36 & !tmp_37 & !tmp_38 & !tmp_39)> <Delay = 0.00>
ST_1 : Operation 58 [1/1] (1.67ns)   --->   "br i1 %tmp_40, label %64, label %28" [/home/ubuntu/xup_vitis_network_example/NetLayers/100G-fpga-network-stack-core/synthesis_results_HMB/..//hls/TOE/common_utilities/common_utilities.cpp:96]   --->   Operation 58 'br' <Predicate = (!p_Result_s & !tmp & !tmp_15 & !tmp_16 & !tmp_17 & !tmp_18 & !tmp_19 & !tmp_20 & !tmp_21 & !tmp_22 & !tmp_23 & !tmp_24 & !tmp_25 & !tmp_26 & !tmp_27 & !tmp_28 & !tmp_29 & !tmp_30 & !tmp_31 & !tmp_32 & !tmp_33 & !tmp_34 & !tmp_35 & !tmp_36 & !tmp_37 & !tmp_38 & !tmp_39)> <Delay = 1.67>
ST_1 : Operation 59 [1/1] (0.00ns)   --->   "%tmp_41 = call i1 @_ssdm_op_BitSelect.i1.i64.i32(i64 %keepValue_V_read, i32 35)" [/home/ubuntu/xup_vitis_network_example/NetLayers/100G-fpga-network-stack-core/synthesis_results_HMB/..//hls/TOE/common_utilities/common_utilities.cpp:98]   --->   Operation 59 'bitselect' 'tmp_41' <Predicate = (!p_Result_s & !tmp & !tmp_15 & !tmp_16 & !tmp_17 & !tmp_18 & !tmp_19 & !tmp_20 & !tmp_21 & !tmp_22 & !tmp_23 & !tmp_24 & !tmp_25 & !tmp_26 & !tmp_27 & !tmp_28 & !tmp_29 & !tmp_30 & !tmp_31 & !tmp_32 & !tmp_33 & !tmp_34 & !tmp_35 & !tmp_36 & !tmp_37 & !tmp_38 & !tmp_39 & !tmp_40)> <Delay = 0.00>
ST_1 : Operation 60 [1/1] (1.67ns)   --->   "br i1 %tmp_41, label %64, label %29" [/home/ubuntu/xup_vitis_network_example/NetLayers/100G-fpga-network-stack-core/synthesis_results_HMB/..//hls/TOE/common_utilities/common_utilities.cpp:98]   --->   Operation 60 'br' <Predicate = (!p_Result_s & !tmp & !tmp_15 & !tmp_16 & !tmp_17 & !tmp_18 & !tmp_19 & !tmp_20 & !tmp_21 & !tmp_22 & !tmp_23 & !tmp_24 & !tmp_25 & !tmp_26 & !tmp_27 & !tmp_28 & !tmp_29 & !tmp_30 & !tmp_31 & !tmp_32 & !tmp_33 & !tmp_34 & !tmp_35 & !tmp_36 & !tmp_37 & !tmp_38 & !tmp_39 & !tmp_40)> <Delay = 1.67>
ST_1 : Operation 61 [1/1] (0.00ns)   --->   "%tmp_42 = call i1 @_ssdm_op_BitSelect.i1.i64.i32(i64 %keepValue_V_read, i32 34)" [/home/ubuntu/xup_vitis_network_example/NetLayers/100G-fpga-network-stack-core/synthesis_results_HMB/..//hls/TOE/common_utilities/common_utilities.cpp:100]   --->   Operation 61 'bitselect' 'tmp_42' <Predicate = (!p_Result_s & !tmp & !tmp_15 & !tmp_16 & !tmp_17 & !tmp_18 & !tmp_19 & !tmp_20 & !tmp_21 & !tmp_22 & !tmp_23 & !tmp_24 & !tmp_25 & !tmp_26 & !tmp_27 & !tmp_28 & !tmp_29 & !tmp_30 & !tmp_31 & !tmp_32 & !tmp_33 & !tmp_34 & !tmp_35 & !tmp_36 & !tmp_37 & !tmp_38 & !tmp_39 & !tmp_40 & !tmp_41)> <Delay = 0.00>
ST_1 : Operation 62 [1/1] (1.67ns)   --->   "br i1 %tmp_42, label %64, label %30" [/home/ubuntu/xup_vitis_network_example/NetLayers/100G-fpga-network-stack-core/synthesis_results_HMB/..//hls/TOE/common_utilities/common_utilities.cpp:100]   --->   Operation 62 'br' <Predicate = (!p_Result_s & !tmp & !tmp_15 & !tmp_16 & !tmp_17 & !tmp_18 & !tmp_19 & !tmp_20 & !tmp_21 & !tmp_22 & !tmp_23 & !tmp_24 & !tmp_25 & !tmp_26 & !tmp_27 & !tmp_28 & !tmp_29 & !tmp_30 & !tmp_31 & !tmp_32 & !tmp_33 & !tmp_34 & !tmp_35 & !tmp_36 & !tmp_37 & !tmp_38 & !tmp_39 & !tmp_40 & !tmp_41)> <Delay = 1.67>
ST_1 : Operation 63 [1/1] (0.00ns)   --->   "%tmp_43 = call i1 @_ssdm_op_BitSelect.i1.i64.i32(i64 %keepValue_V_read, i32 33)" [/home/ubuntu/xup_vitis_network_example/NetLayers/100G-fpga-network-stack-core/synthesis_results_HMB/..//hls/TOE/common_utilities/common_utilities.cpp:102]   --->   Operation 63 'bitselect' 'tmp_43' <Predicate = (!p_Result_s & !tmp & !tmp_15 & !tmp_16 & !tmp_17 & !tmp_18 & !tmp_19 & !tmp_20 & !tmp_21 & !tmp_22 & !tmp_23 & !tmp_24 & !tmp_25 & !tmp_26 & !tmp_27 & !tmp_28 & !tmp_29 & !tmp_30 & !tmp_31 & !tmp_32 & !tmp_33 & !tmp_34 & !tmp_35 & !tmp_36 & !tmp_37 & !tmp_38 & !tmp_39 & !tmp_40 & !tmp_41 & !tmp_42)> <Delay = 0.00>
ST_1 : Operation 64 [1/1] (1.67ns)   --->   "br i1 %tmp_43, label %64, label %31" [/home/ubuntu/xup_vitis_network_example/NetLayers/100G-fpga-network-stack-core/synthesis_results_HMB/..//hls/TOE/common_utilities/common_utilities.cpp:102]   --->   Operation 64 'br' <Predicate = (!p_Result_s & !tmp & !tmp_15 & !tmp_16 & !tmp_17 & !tmp_18 & !tmp_19 & !tmp_20 & !tmp_21 & !tmp_22 & !tmp_23 & !tmp_24 & !tmp_25 & !tmp_26 & !tmp_27 & !tmp_28 & !tmp_29 & !tmp_30 & !tmp_31 & !tmp_32 & !tmp_33 & !tmp_34 & !tmp_35 & !tmp_36 & !tmp_37 & !tmp_38 & !tmp_39 & !tmp_40 & !tmp_41 & !tmp_42)> <Delay = 1.67>
ST_1 : Operation 65 [1/1] (0.00ns)   --->   "%tmp_44 = call i1 @_ssdm_op_BitSelect.i1.i64.i32(i64 %keepValue_V_read, i32 32)" [/home/ubuntu/xup_vitis_network_example/NetLayers/100G-fpga-network-stack-core/synthesis_results_HMB/..//hls/TOE/common_utilities/common_utilities.cpp:104]   --->   Operation 65 'bitselect' 'tmp_44' <Predicate = (!p_Result_s & !tmp & !tmp_15 & !tmp_16 & !tmp_17 & !tmp_18 & !tmp_19 & !tmp_20 & !tmp_21 & !tmp_22 & !tmp_23 & !tmp_24 & !tmp_25 & !tmp_26 & !tmp_27 & !tmp_28 & !tmp_29 & !tmp_30 & !tmp_31 & !tmp_32 & !tmp_33 & !tmp_34 & !tmp_35 & !tmp_36 & !tmp_37 & !tmp_38 & !tmp_39 & !tmp_40 & !tmp_41 & !tmp_42 & !tmp_43)> <Delay = 0.00>
ST_1 : Operation 66 [1/1] (1.67ns)   --->   "br i1 %tmp_44, label %64, label %32" [/home/ubuntu/xup_vitis_network_example/NetLayers/100G-fpga-network-stack-core/synthesis_results_HMB/..//hls/TOE/common_utilities/common_utilities.cpp:104]   --->   Operation 66 'br' <Predicate = (!p_Result_s & !tmp & !tmp_15 & !tmp_16 & !tmp_17 & !tmp_18 & !tmp_19 & !tmp_20 & !tmp_21 & !tmp_22 & !tmp_23 & !tmp_24 & !tmp_25 & !tmp_26 & !tmp_27 & !tmp_28 & !tmp_29 & !tmp_30 & !tmp_31 & !tmp_32 & !tmp_33 & !tmp_34 & !tmp_35 & !tmp_36 & !tmp_37 & !tmp_38 & !tmp_39 & !tmp_40 & !tmp_41 & !tmp_42 & !tmp_43)> <Delay = 1.67>
ST_1 : Operation 67 [1/1] (0.00ns)   --->   "%tmp_45 = call i1 @_ssdm_op_BitSelect.i1.i64.i32(i64 %keepValue_V_read, i32 31)" [/home/ubuntu/xup_vitis_network_example/NetLayers/100G-fpga-network-stack-core/synthesis_results_HMB/..//hls/TOE/common_utilities/common_utilities.cpp:106]   --->   Operation 67 'bitselect' 'tmp_45' <Predicate = (!p_Result_s & !tmp & !tmp_15 & !tmp_16 & !tmp_17 & !tmp_18 & !tmp_19 & !tmp_20 & !tmp_21 & !tmp_22 & !tmp_23 & !tmp_24 & !tmp_25 & !tmp_26 & !tmp_27 & !tmp_28 & !tmp_29 & !tmp_30 & !tmp_31 & !tmp_32 & !tmp_33 & !tmp_34 & !tmp_35 & !tmp_36 & !tmp_37 & !tmp_38 & !tmp_39 & !tmp_40 & !tmp_41 & !tmp_42 & !tmp_43 & !tmp_44)> <Delay = 0.00>
ST_1 : Operation 68 [1/1] (1.67ns)   --->   "br i1 %tmp_45, label %64, label %33" [/home/ubuntu/xup_vitis_network_example/NetLayers/100G-fpga-network-stack-core/synthesis_results_HMB/..//hls/TOE/common_utilities/common_utilities.cpp:106]   --->   Operation 68 'br' <Predicate = (!p_Result_s & !tmp & !tmp_15 & !tmp_16 & !tmp_17 & !tmp_18 & !tmp_19 & !tmp_20 & !tmp_21 & !tmp_22 & !tmp_23 & !tmp_24 & !tmp_25 & !tmp_26 & !tmp_27 & !tmp_28 & !tmp_29 & !tmp_30 & !tmp_31 & !tmp_32 & !tmp_33 & !tmp_34 & !tmp_35 & !tmp_36 & !tmp_37 & !tmp_38 & !tmp_39 & !tmp_40 & !tmp_41 & !tmp_42 & !tmp_43 & !tmp_44)> <Delay = 1.67>
ST_1 : Operation 69 [1/1] (0.00ns)   --->   "%tmp_46 = call i1 @_ssdm_op_BitSelect.i1.i64.i32(i64 %keepValue_V_read, i32 30)" [/home/ubuntu/xup_vitis_network_example/NetLayers/100G-fpga-network-stack-core/synthesis_results_HMB/..//hls/TOE/common_utilities/common_utilities.cpp:108]   --->   Operation 69 'bitselect' 'tmp_46' <Predicate = (!p_Result_s & !tmp & !tmp_15 & !tmp_16 & !tmp_17 & !tmp_18 & !tmp_19 & !tmp_20 & !tmp_21 & !tmp_22 & !tmp_23 & !tmp_24 & !tmp_25 & !tmp_26 & !tmp_27 & !tmp_28 & !tmp_29 & !tmp_30 & !tmp_31 & !tmp_32 & !tmp_33 & !tmp_34 & !tmp_35 & !tmp_36 & !tmp_37 & !tmp_38 & !tmp_39 & !tmp_40 & !tmp_41 & !tmp_42 & !tmp_43 & !tmp_44 & !tmp_45)> <Delay = 0.00>
ST_1 : Operation 70 [1/1] (1.67ns)   --->   "br i1 %tmp_46, label %64, label %34" [/home/ubuntu/xup_vitis_network_example/NetLayers/100G-fpga-network-stack-core/synthesis_results_HMB/..//hls/TOE/common_utilities/common_utilities.cpp:108]   --->   Operation 70 'br' <Predicate = (!p_Result_s & !tmp & !tmp_15 & !tmp_16 & !tmp_17 & !tmp_18 & !tmp_19 & !tmp_20 & !tmp_21 & !tmp_22 & !tmp_23 & !tmp_24 & !tmp_25 & !tmp_26 & !tmp_27 & !tmp_28 & !tmp_29 & !tmp_30 & !tmp_31 & !tmp_32 & !tmp_33 & !tmp_34 & !tmp_35 & !tmp_36 & !tmp_37 & !tmp_38 & !tmp_39 & !tmp_40 & !tmp_41 & !tmp_42 & !tmp_43 & !tmp_44 & !tmp_45)> <Delay = 1.67>
ST_1 : Operation 71 [1/1] (0.00ns)   --->   "%tmp_47 = call i1 @_ssdm_op_BitSelect.i1.i64.i32(i64 %keepValue_V_read, i32 29)" [/home/ubuntu/xup_vitis_network_example/NetLayers/100G-fpga-network-stack-core/synthesis_results_HMB/..//hls/TOE/common_utilities/common_utilities.cpp:110]   --->   Operation 71 'bitselect' 'tmp_47' <Predicate = (!p_Result_s & !tmp & !tmp_15 & !tmp_16 & !tmp_17 & !tmp_18 & !tmp_19 & !tmp_20 & !tmp_21 & !tmp_22 & !tmp_23 & !tmp_24 & !tmp_25 & !tmp_26 & !tmp_27 & !tmp_28 & !tmp_29 & !tmp_30 & !tmp_31 & !tmp_32 & !tmp_33 & !tmp_34 & !tmp_35 & !tmp_36 & !tmp_37 & !tmp_38 & !tmp_39 & !tmp_40 & !tmp_41 & !tmp_42 & !tmp_43 & !tmp_44 & !tmp_45 & !tmp_46)> <Delay = 0.00>
ST_1 : Operation 72 [1/1] (1.67ns)   --->   "br i1 %tmp_47, label %64, label %35" [/home/ubuntu/xup_vitis_network_example/NetLayers/100G-fpga-network-stack-core/synthesis_results_HMB/..//hls/TOE/common_utilities/common_utilities.cpp:110]   --->   Operation 72 'br' <Predicate = (!p_Result_s & !tmp & !tmp_15 & !tmp_16 & !tmp_17 & !tmp_18 & !tmp_19 & !tmp_20 & !tmp_21 & !tmp_22 & !tmp_23 & !tmp_24 & !tmp_25 & !tmp_26 & !tmp_27 & !tmp_28 & !tmp_29 & !tmp_30 & !tmp_31 & !tmp_32 & !tmp_33 & !tmp_34 & !tmp_35 & !tmp_36 & !tmp_37 & !tmp_38 & !tmp_39 & !tmp_40 & !tmp_41 & !tmp_42 & !tmp_43 & !tmp_44 & !tmp_45 & !tmp_46)> <Delay = 1.67>
ST_1 : Operation 73 [1/1] (0.00ns)   --->   "%tmp_48 = call i1 @_ssdm_op_BitSelect.i1.i64.i32(i64 %keepValue_V_read, i32 28)" [/home/ubuntu/xup_vitis_network_example/NetLayers/100G-fpga-network-stack-core/synthesis_results_HMB/..//hls/TOE/common_utilities/common_utilities.cpp:112]   --->   Operation 73 'bitselect' 'tmp_48' <Predicate = (!p_Result_s & !tmp & !tmp_15 & !tmp_16 & !tmp_17 & !tmp_18 & !tmp_19 & !tmp_20 & !tmp_21 & !tmp_22 & !tmp_23 & !tmp_24 & !tmp_25 & !tmp_26 & !tmp_27 & !tmp_28 & !tmp_29 & !tmp_30 & !tmp_31 & !tmp_32 & !tmp_33 & !tmp_34 & !tmp_35 & !tmp_36 & !tmp_37 & !tmp_38 & !tmp_39 & !tmp_40 & !tmp_41 & !tmp_42 & !tmp_43 & !tmp_44 & !tmp_45 & !tmp_46 & !tmp_47)> <Delay = 0.00>
ST_1 : Operation 74 [1/1] (1.67ns)   --->   "br i1 %tmp_48, label %64, label %36" [/home/ubuntu/xup_vitis_network_example/NetLayers/100G-fpga-network-stack-core/synthesis_results_HMB/..//hls/TOE/common_utilities/common_utilities.cpp:112]   --->   Operation 74 'br' <Predicate = (!p_Result_s & !tmp & !tmp_15 & !tmp_16 & !tmp_17 & !tmp_18 & !tmp_19 & !tmp_20 & !tmp_21 & !tmp_22 & !tmp_23 & !tmp_24 & !tmp_25 & !tmp_26 & !tmp_27 & !tmp_28 & !tmp_29 & !tmp_30 & !tmp_31 & !tmp_32 & !tmp_33 & !tmp_34 & !tmp_35 & !tmp_36 & !tmp_37 & !tmp_38 & !tmp_39 & !tmp_40 & !tmp_41 & !tmp_42 & !tmp_43 & !tmp_44 & !tmp_45 & !tmp_46 & !tmp_47)> <Delay = 1.67>
ST_1 : Operation 75 [1/1] (0.00ns)   --->   "%tmp_49 = call i1 @_ssdm_op_BitSelect.i1.i64.i32(i64 %keepValue_V_read, i32 27)" [/home/ubuntu/xup_vitis_network_example/NetLayers/100G-fpga-network-stack-core/synthesis_results_HMB/..//hls/TOE/common_utilities/common_utilities.cpp:114]   --->   Operation 75 'bitselect' 'tmp_49' <Predicate = (!p_Result_s & !tmp & !tmp_15 & !tmp_16 & !tmp_17 & !tmp_18 & !tmp_19 & !tmp_20 & !tmp_21 & !tmp_22 & !tmp_23 & !tmp_24 & !tmp_25 & !tmp_26 & !tmp_27 & !tmp_28 & !tmp_29 & !tmp_30 & !tmp_31 & !tmp_32 & !tmp_33 & !tmp_34 & !tmp_35 & !tmp_36 & !tmp_37 & !tmp_38 & !tmp_39 & !tmp_40 & !tmp_41 & !tmp_42 & !tmp_43 & !tmp_44 & !tmp_45 & !tmp_46 & !tmp_47 & !tmp_48)> <Delay = 0.00>
ST_1 : Operation 76 [1/1] (1.67ns)   --->   "br i1 %tmp_49, label %64, label %37" [/home/ubuntu/xup_vitis_network_example/NetLayers/100G-fpga-network-stack-core/synthesis_results_HMB/..//hls/TOE/common_utilities/common_utilities.cpp:114]   --->   Operation 76 'br' <Predicate = (!p_Result_s & !tmp & !tmp_15 & !tmp_16 & !tmp_17 & !tmp_18 & !tmp_19 & !tmp_20 & !tmp_21 & !tmp_22 & !tmp_23 & !tmp_24 & !tmp_25 & !tmp_26 & !tmp_27 & !tmp_28 & !tmp_29 & !tmp_30 & !tmp_31 & !tmp_32 & !tmp_33 & !tmp_34 & !tmp_35 & !tmp_36 & !tmp_37 & !tmp_38 & !tmp_39 & !tmp_40 & !tmp_41 & !tmp_42 & !tmp_43 & !tmp_44 & !tmp_45 & !tmp_46 & !tmp_47 & !tmp_48)> <Delay = 1.67>
ST_1 : Operation 77 [1/1] (0.00ns)   --->   "%tmp_50 = call i1 @_ssdm_op_BitSelect.i1.i64.i32(i64 %keepValue_V_read, i32 26)" [/home/ubuntu/xup_vitis_network_example/NetLayers/100G-fpga-network-stack-core/synthesis_results_HMB/..//hls/TOE/common_utilities/common_utilities.cpp:116]   --->   Operation 77 'bitselect' 'tmp_50' <Predicate = (!p_Result_s & !tmp & !tmp_15 & !tmp_16 & !tmp_17 & !tmp_18 & !tmp_19 & !tmp_20 & !tmp_21 & !tmp_22 & !tmp_23 & !tmp_24 & !tmp_25 & !tmp_26 & !tmp_27 & !tmp_28 & !tmp_29 & !tmp_30 & !tmp_31 & !tmp_32 & !tmp_33 & !tmp_34 & !tmp_35 & !tmp_36 & !tmp_37 & !tmp_38 & !tmp_39 & !tmp_40 & !tmp_41 & !tmp_42 & !tmp_43 & !tmp_44 & !tmp_45 & !tmp_46 & !tmp_47 & !tmp_48 & !tmp_49)> <Delay = 0.00>
ST_1 : Operation 78 [1/1] (1.67ns)   --->   "br i1 %tmp_50, label %64, label %38" [/home/ubuntu/xup_vitis_network_example/NetLayers/100G-fpga-network-stack-core/synthesis_results_HMB/..//hls/TOE/common_utilities/common_utilities.cpp:116]   --->   Operation 78 'br' <Predicate = (!p_Result_s & !tmp & !tmp_15 & !tmp_16 & !tmp_17 & !tmp_18 & !tmp_19 & !tmp_20 & !tmp_21 & !tmp_22 & !tmp_23 & !tmp_24 & !tmp_25 & !tmp_26 & !tmp_27 & !tmp_28 & !tmp_29 & !tmp_30 & !tmp_31 & !tmp_32 & !tmp_33 & !tmp_34 & !tmp_35 & !tmp_36 & !tmp_37 & !tmp_38 & !tmp_39 & !tmp_40 & !tmp_41 & !tmp_42 & !tmp_43 & !tmp_44 & !tmp_45 & !tmp_46 & !tmp_47 & !tmp_48 & !tmp_49)> <Delay = 1.67>
ST_1 : Operation 79 [1/1] (0.00ns)   --->   "%tmp_51 = call i1 @_ssdm_op_BitSelect.i1.i64.i32(i64 %keepValue_V_read, i32 25)" [/home/ubuntu/xup_vitis_network_example/NetLayers/100G-fpga-network-stack-core/synthesis_results_HMB/..//hls/TOE/common_utilities/common_utilities.cpp:118]   --->   Operation 79 'bitselect' 'tmp_51' <Predicate = (!p_Result_s & !tmp & !tmp_15 & !tmp_16 & !tmp_17 & !tmp_18 & !tmp_19 & !tmp_20 & !tmp_21 & !tmp_22 & !tmp_23 & !tmp_24 & !tmp_25 & !tmp_26 & !tmp_27 & !tmp_28 & !tmp_29 & !tmp_30 & !tmp_31 & !tmp_32 & !tmp_33 & !tmp_34 & !tmp_35 & !tmp_36 & !tmp_37 & !tmp_38 & !tmp_39 & !tmp_40 & !tmp_41 & !tmp_42 & !tmp_43 & !tmp_44 & !tmp_45 & !tmp_46 & !tmp_47 & !tmp_48 & !tmp_49 & !tmp_50)> <Delay = 0.00>
ST_1 : Operation 80 [1/1] (1.67ns)   --->   "br i1 %tmp_51, label %64, label %39" [/home/ubuntu/xup_vitis_network_example/NetLayers/100G-fpga-network-stack-core/synthesis_results_HMB/..//hls/TOE/common_utilities/common_utilities.cpp:118]   --->   Operation 80 'br' <Predicate = (!p_Result_s & !tmp & !tmp_15 & !tmp_16 & !tmp_17 & !tmp_18 & !tmp_19 & !tmp_20 & !tmp_21 & !tmp_22 & !tmp_23 & !tmp_24 & !tmp_25 & !tmp_26 & !tmp_27 & !tmp_28 & !tmp_29 & !tmp_30 & !tmp_31 & !tmp_32 & !tmp_33 & !tmp_34 & !tmp_35 & !tmp_36 & !tmp_37 & !tmp_38 & !tmp_39 & !tmp_40 & !tmp_41 & !tmp_42 & !tmp_43 & !tmp_44 & !tmp_45 & !tmp_46 & !tmp_47 & !tmp_48 & !tmp_49 & !tmp_50)> <Delay = 1.67>
ST_1 : Operation 81 [1/1] (0.00ns)   --->   "%tmp_52 = call i1 @_ssdm_op_BitSelect.i1.i64.i32(i64 %keepValue_V_read, i32 24)" [/home/ubuntu/xup_vitis_network_example/NetLayers/100G-fpga-network-stack-core/synthesis_results_HMB/..//hls/TOE/common_utilities/common_utilities.cpp:120]   --->   Operation 81 'bitselect' 'tmp_52' <Predicate = (!p_Result_s & !tmp & !tmp_15 & !tmp_16 & !tmp_17 & !tmp_18 & !tmp_19 & !tmp_20 & !tmp_21 & !tmp_22 & !tmp_23 & !tmp_24 & !tmp_25 & !tmp_26 & !tmp_27 & !tmp_28 & !tmp_29 & !tmp_30 & !tmp_31 & !tmp_32 & !tmp_33 & !tmp_34 & !tmp_35 & !tmp_36 & !tmp_37 & !tmp_38 & !tmp_39 & !tmp_40 & !tmp_41 & !tmp_42 & !tmp_43 & !tmp_44 & !tmp_45 & !tmp_46 & !tmp_47 & !tmp_48 & !tmp_49 & !tmp_50 & !tmp_51)> <Delay = 0.00>
ST_1 : Operation 82 [1/1] (1.67ns)   --->   "br i1 %tmp_52, label %64, label %40" [/home/ubuntu/xup_vitis_network_example/NetLayers/100G-fpga-network-stack-core/synthesis_results_HMB/..//hls/TOE/common_utilities/common_utilities.cpp:120]   --->   Operation 82 'br' <Predicate = (!p_Result_s & !tmp & !tmp_15 & !tmp_16 & !tmp_17 & !tmp_18 & !tmp_19 & !tmp_20 & !tmp_21 & !tmp_22 & !tmp_23 & !tmp_24 & !tmp_25 & !tmp_26 & !tmp_27 & !tmp_28 & !tmp_29 & !tmp_30 & !tmp_31 & !tmp_32 & !tmp_33 & !tmp_34 & !tmp_35 & !tmp_36 & !tmp_37 & !tmp_38 & !tmp_39 & !tmp_40 & !tmp_41 & !tmp_42 & !tmp_43 & !tmp_44 & !tmp_45 & !tmp_46 & !tmp_47 & !tmp_48 & !tmp_49 & !tmp_50 & !tmp_51)> <Delay = 1.67>
ST_1 : Operation 83 [1/1] (0.00ns)   --->   "%tmp_53 = call i1 @_ssdm_op_BitSelect.i1.i64.i32(i64 %keepValue_V_read, i32 23)" [/home/ubuntu/xup_vitis_network_example/NetLayers/100G-fpga-network-stack-core/synthesis_results_HMB/..//hls/TOE/common_utilities/common_utilities.cpp:122]   --->   Operation 83 'bitselect' 'tmp_53' <Predicate = (!p_Result_s & !tmp & !tmp_15 & !tmp_16 & !tmp_17 & !tmp_18 & !tmp_19 & !tmp_20 & !tmp_21 & !tmp_22 & !tmp_23 & !tmp_24 & !tmp_25 & !tmp_26 & !tmp_27 & !tmp_28 & !tmp_29 & !tmp_30 & !tmp_31 & !tmp_32 & !tmp_33 & !tmp_34 & !tmp_35 & !tmp_36 & !tmp_37 & !tmp_38 & !tmp_39 & !tmp_40 & !tmp_41 & !tmp_42 & !tmp_43 & !tmp_44 & !tmp_45 & !tmp_46 & !tmp_47 & !tmp_48 & !tmp_49 & !tmp_50 & !tmp_51 & !tmp_52)> <Delay = 0.00>
ST_1 : Operation 84 [1/1] (1.67ns)   --->   "br i1 %tmp_53, label %64, label %41" [/home/ubuntu/xup_vitis_network_example/NetLayers/100G-fpga-network-stack-core/synthesis_results_HMB/..//hls/TOE/common_utilities/common_utilities.cpp:122]   --->   Operation 84 'br' <Predicate = (!p_Result_s & !tmp & !tmp_15 & !tmp_16 & !tmp_17 & !tmp_18 & !tmp_19 & !tmp_20 & !tmp_21 & !tmp_22 & !tmp_23 & !tmp_24 & !tmp_25 & !tmp_26 & !tmp_27 & !tmp_28 & !tmp_29 & !tmp_30 & !tmp_31 & !tmp_32 & !tmp_33 & !tmp_34 & !tmp_35 & !tmp_36 & !tmp_37 & !tmp_38 & !tmp_39 & !tmp_40 & !tmp_41 & !tmp_42 & !tmp_43 & !tmp_44 & !tmp_45 & !tmp_46 & !tmp_47 & !tmp_48 & !tmp_49 & !tmp_50 & !tmp_51 & !tmp_52)> <Delay = 1.67>
ST_1 : Operation 85 [1/1] (0.00ns)   --->   "%tmp_54 = call i1 @_ssdm_op_BitSelect.i1.i64.i32(i64 %keepValue_V_read, i32 22)" [/home/ubuntu/xup_vitis_network_example/NetLayers/100G-fpga-network-stack-core/synthesis_results_HMB/..//hls/TOE/common_utilities/common_utilities.cpp:124]   --->   Operation 85 'bitselect' 'tmp_54' <Predicate = (!p_Result_s & !tmp & !tmp_15 & !tmp_16 & !tmp_17 & !tmp_18 & !tmp_19 & !tmp_20 & !tmp_21 & !tmp_22 & !tmp_23 & !tmp_24 & !tmp_25 & !tmp_26 & !tmp_27 & !tmp_28 & !tmp_29 & !tmp_30 & !tmp_31 & !tmp_32 & !tmp_33 & !tmp_34 & !tmp_35 & !tmp_36 & !tmp_37 & !tmp_38 & !tmp_39 & !tmp_40 & !tmp_41 & !tmp_42 & !tmp_43 & !tmp_44 & !tmp_45 & !tmp_46 & !tmp_47 & !tmp_48 & !tmp_49 & !tmp_50 & !tmp_51 & !tmp_52 & !tmp_53)> <Delay = 0.00>
ST_1 : Operation 86 [1/1] (1.67ns)   --->   "br i1 %tmp_54, label %64, label %42" [/home/ubuntu/xup_vitis_network_example/NetLayers/100G-fpga-network-stack-core/synthesis_results_HMB/..//hls/TOE/common_utilities/common_utilities.cpp:124]   --->   Operation 86 'br' <Predicate = (!p_Result_s & !tmp & !tmp_15 & !tmp_16 & !tmp_17 & !tmp_18 & !tmp_19 & !tmp_20 & !tmp_21 & !tmp_22 & !tmp_23 & !tmp_24 & !tmp_25 & !tmp_26 & !tmp_27 & !tmp_28 & !tmp_29 & !tmp_30 & !tmp_31 & !tmp_32 & !tmp_33 & !tmp_34 & !tmp_35 & !tmp_36 & !tmp_37 & !tmp_38 & !tmp_39 & !tmp_40 & !tmp_41 & !tmp_42 & !tmp_43 & !tmp_44 & !tmp_45 & !tmp_46 & !tmp_47 & !tmp_48 & !tmp_49 & !tmp_50 & !tmp_51 & !tmp_52 & !tmp_53)> <Delay = 1.67>
ST_1 : Operation 87 [1/1] (0.00ns)   --->   "%tmp_55 = call i1 @_ssdm_op_BitSelect.i1.i64.i32(i64 %keepValue_V_read, i32 21)" [/home/ubuntu/xup_vitis_network_example/NetLayers/100G-fpga-network-stack-core/synthesis_results_HMB/..//hls/TOE/common_utilities/common_utilities.cpp:126]   --->   Operation 87 'bitselect' 'tmp_55' <Predicate = (!p_Result_s & !tmp & !tmp_15 & !tmp_16 & !tmp_17 & !tmp_18 & !tmp_19 & !tmp_20 & !tmp_21 & !tmp_22 & !tmp_23 & !tmp_24 & !tmp_25 & !tmp_26 & !tmp_27 & !tmp_28 & !tmp_29 & !tmp_30 & !tmp_31 & !tmp_32 & !tmp_33 & !tmp_34 & !tmp_35 & !tmp_36 & !tmp_37 & !tmp_38 & !tmp_39 & !tmp_40 & !tmp_41 & !tmp_42 & !tmp_43 & !tmp_44 & !tmp_45 & !tmp_46 & !tmp_47 & !tmp_48 & !tmp_49 & !tmp_50 & !tmp_51 & !tmp_52 & !tmp_53 & !tmp_54)> <Delay = 0.00>
ST_1 : Operation 88 [1/1] (1.67ns)   --->   "br i1 %tmp_55, label %64, label %43" [/home/ubuntu/xup_vitis_network_example/NetLayers/100G-fpga-network-stack-core/synthesis_results_HMB/..//hls/TOE/common_utilities/common_utilities.cpp:126]   --->   Operation 88 'br' <Predicate = (!p_Result_s & !tmp & !tmp_15 & !tmp_16 & !tmp_17 & !tmp_18 & !tmp_19 & !tmp_20 & !tmp_21 & !tmp_22 & !tmp_23 & !tmp_24 & !tmp_25 & !tmp_26 & !tmp_27 & !tmp_28 & !tmp_29 & !tmp_30 & !tmp_31 & !tmp_32 & !tmp_33 & !tmp_34 & !tmp_35 & !tmp_36 & !tmp_37 & !tmp_38 & !tmp_39 & !tmp_40 & !tmp_41 & !tmp_42 & !tmp_43 & !tmp_44 & !tmp_45 & !tmp_46 & !tmp_47 & !tmp_48 & !tmp_49 & !tmp_50 & !tmp_51 & !tmp_52 & !tmp_53 & !tmp_54)> <Delay = 1.67>
ST_1 : Operation 89 [1/1] (0.00ns)   --->   "%tmp_56 = call i1 @_ssdm_op_BitSelect.i1.i64.i32(i64 %keepValue_V_read, i32 20)" [/home/ubuntu/xup_vitis_network_example/NetLayers/100G-fpga-network-stack-core/synthesis_results_HMB/..//hls/TOE/common_utilities/common_utilities.cpp:128]   --->   Operation 89 'bitselect' 'tmp_56' <Predicate = (!p_Result_s & !tmp & !tmp_15 & !tmp_16 & !tmp_17 & !tmp_18 & !tmp_19 & !tmp_20 & !tmp_21 & !tmp_22 & !tmp_23 & !tmp_24 & !tmp_25 & !tmp_26 & !tmp_27 & !tmp_28 & !tmp_29 & !tmp_30 & !tmp_31 & !tmp_32 & !tmp_33 & !tmp_34 & !tmp_35 & !tmp_36 & !tmp_37 & !tmp_38 & !tmp_39 & !tmp_40 & !tmp_41 & !tmp_42 & !tmp_43 & !tmp_44 & !tmp_45 & !tmp_46 & !tmp_47 & !tmp_48 & !tmp_49 & !tmp_50 & !tmp_51 & !tmp_52 & !tmp_53 & !tmp_54 & !tmp_55)> <Delay = 0.00>
ST_1 : Operation 90 [1/1] (1.67ns)   --->   "br i1 %tmp_56, label %64, label %44" [/home/ubuntu/xup_vitis_network_example/NetLayers/100G-fpga-network-stack-core/synthesis_results_HMB/..//hls/TOE/common_utilities/common_utilities.cpp:128]   --->   Operation 90 'br' <Predicate = (!p_Result_s & !tmp & !tmp_15 & !tmp_16 & !tmp_17 & !tmp_18 & !tmp_19 & !tmp_20 & !tmp_21 & !tmp_22 & !tmp_23 & !tmp_24 & !tmp_25 & !tmp_26 & !tmp_27 & !tmp_28 & !tmp_29 & !tmp_30 & !tmp_31 & !tmp_32 & !tmp_33 & !tmp_34 & !tmp_35 & !tmp_36 & !tmp_37 & !tmp_38 & !tmp_39 & !tmp_40 & !tmp_41 & !tmp_42 & !tmp_43 & !tmp_44 & !tmp_45 & !tmp_46 & !tmp_47 & !tmp_48 & !tmp_49 & !tmp_50 & !tmp_51 & !tmp_52 & !tmp_53 & !tmp_54 & !tmp_55)> <Delay = 1.67>
ST_1 : Operation 91 [1/1] (0.00ns)   --->   "%tmp_57 = call i1 @_ssdm_op_BitSelect.i1.i64.i32(i64 %keepValue_V_read, i32 19)" [/home/ubuntu/xup_vitis_network_example/NetLayers/100G-fpga-network-stack-core/synthesis_results_HMB/..//hls/TOE/common_utilities/common_utilities.cpp:130]   --->   Operation 91 'bitselect' 'tmp_57' <Predicate = (!p_Result_s & !tmp & !tmp_15 & !tmp_16 & !tmp_17 & !tmp_18 & !tmp_19 & !tmp_20 & !tmp_21 & !tmp_22 & !tmp_23 & !tmp_24 & !tmp_25 & !tmp_26 & !tmp_27 & !tmp_28 & !tmp_29 & !tmp_30 & !tmp_31 & !tmp_32 & !tmp_33 & !tmp_34 & !tmp_35 & !tmp_36 & !tmp_37 & !tmp_38 & !tmp_39 & !tmp_40 & !tmp_41 & !tmp_42 & !tmp_43 & !tmp_44 & !tmp_45 & !tmp_46 & !tmp_47 & !tmp_48 & !tmp_49 & !tmp_50 & !tmp_51 & !tmp_52 & !tmp_53 & !tmp_54 & !tmp_55 & !tmp_56)> <Delay = 0.00>
ST_1 : Operation 92 [1/1] (1.67ns)   --->   "br i1 %tmp_57, label %64, label %45" [/home/ubuntu/xup_vitis_network_example/NetLayers/100G-fpga-network-stack-core/synthesis_results_HMB/..//hls/TOE/common_utilities/common_utilities.cpp:130]   --->   Operation 92 'br' <Predicate = (!p_Result_s & !tmp & !tmp_15 & !tmp_16 & !tmp_17 & !tmp_18 & !tmp_19 & !tmp_20 & !tmp_21 & !tmp_22 & !tmp_23 & !tmp_24 & !tmp_25 & !tmp_26 & !tmp_27 & !tmp_28 & !tmp_29 & !tmp_30 & !tmp_31 & !tmp_32 & !tmp_33 & !tmp_34 & !tmp_35 & !tmp_36 & !tmp_37 & !tmp_38 & !tmp_39 & !tmp_40 & !tmp_41 & !tmp_42 & !tmp_43 & !tmp_44 & !tmp_45 & !tmp_46 & !tmp_47 & !tmp_48 & !tmp_49 & !tmp_50 & !tmp_51 & !tmp_52 & !tmp_53 & !tmp_54 & !tmp_55 & !tmp_56)> <Delay = 1.67>
ST_1 : Operation 93 [1/1] (0.00ns)   --->   "%tmp_58 = call i1 @_ssdm_op_BitSelect.i1.i64.i32(i64 %keepValue_V_read, i32 18)" [/home/ubuntu/xup_vitis_network_example/NetLayers/100G-fpga-network-stack-core/synthesis_results_HMB/..//hls/TOE/common_utilities/common_utilities.cpp:132]   --->   Operation 93 'bitselect' 'tmp_58' <Predicate = (!p_Result_s & !tmp & !tmp_15 & !tmp_16 & !tmp_17 & !tmp_18 & !tmp_19 & !tmp_20 & !tmp_21 & !tmp_22 & !tmp_23 & !tmp_24 & !tmp_25 & !tmp_26 & !tmp_27 & !tmp_28 & !tmp_29 & !tmp_30 & !tmp_31 & !tmp_32 & !tmp_33 & !tmp_34 & !tmp_35 & !tmp_36 & !tmp_37 & !tmp_38 & !tmp_39 & !tmp_40 & !tmp_41 & !tmp_42 & !tmp_43 & !tmp_44 & !tmp_45 & !tmp_46 & !tmp_47 & !tmp_48 & !tmp_49 & !tmp_50 & !tmp_51 & !tmp_52 & !tmp_53 & !tmp_54 & !tmp_55 & !tmp_56 & !tmp_57)> <Delay = 0.00>
ST_1 : Operation 94 [1/1] (1.67ns)   --->   "br i1 %tmp_58, label %64, label %46" [/home/ubuntu/xup_vitis_network_example/NetLayers/100G-fpga-network-stack-core/synthesis_results_HMB/..//hls/TOE/common_utilities/common_utilities.cpp:132]   --->   Operation 94 'br' <Predicate = (!p_Result_s & !tmp & !tmp_15 & !tmp_16 & !tmp_17 & !tmp_18 & !tmp_19 & !tmp_20 & !tmp_21 & !tmp_22 & !tmp_23 & !tmp_24 & !tmp_25 & !tmp_26 & !tmp_27 & !tmp_28 & !tmp_29 & !tmp_30 & !tmp_31 & !tmp_32 & !tmp_33 & !tmp_34 & !tmp_35 & !tmp_36 & !tmp_37 & !tmp_38 & !tmp_39 & !tmp_40 & !tmp_41 & !tmp_42 & !tmp_43 & !tmp_44 & !tmp_45 & !tmp_46 & !tmp_47 & !tmp_48 & !tmp_49 & !tmp_50 & !tmp_51 & !tmp_52 & !tmp_53 & !tmp_54 & !tmp_55 & !tmp_56 & !tmp_57)> <Delay = 1.67>
ST_1 : Operation 95 [1/1] (0.00ns)   --->   "%tmp_59 = call i1 @_ssdm_op_BitSelect.i1.i64.i32(i64 %keepValue_V_read, i32 17)" [/home/ubuntu/xup_vitis_network_example/NetLayers/100G-fpga-network-stack-core/synthesis_results_HMB/..//hls/TOE/common_utilities/common_utilities.cpp:134]   --->   Operation 95 'bitselect' 'tmp_59' <Predicate = (!p_Result_s & !tmp & !tmp_15 & !tmp_16 & !tmp_17 & !tmp_18 & !tmp_19 & !tmp_20 & !tmp_21 & !tmp_22 & !tmp_23 & !tmp_24 & !tmp_25 & !tmp_26 & !tmp_27 & !tmp_28 & !tmp_29 & !tmp_30 & !tmp_31 & !tmp_32 & !tmp_33 & !tmp_34 & !tmp_35 & !tmp_36 & !tmp_37 & !tmp_38 & !tmp_39 & !tmp_40 & !tmp_41 & !tmp_42 & !tmp_43 & !tmp_44 & !tmp_45 & !tmp_46 & !tmp_47 & !tmp_48 & !tmp_49 & !tmp_50 & !tmp_51 & !tmp_52 & !tmp_53 & !tmp_54 & !tmp_55 & !tmp_56 & !tmp_57 & !tmp_58)> <Delay = 0.00>
ST_1 : Operation 96 [1/1] (1.67ns)   --->   "br i1 %tmp_59, label %64, label %47" [/home/ubuntu/xup_vitis_network_example/NetLayers/100G-fpga-network-stack-core/synthesis_results_HMB/..//hls/TOE/common_utilities/common_utilities.cpp:134]   --->   Operation 96 'br' <Predicate = (!p_Result_s & !tmp & !tmp_15 & !tmp_16 & !tmp_17 & !tmp_18 & !tmp_19 & !tmp_20 & !tmp_21 & !tmp_22 & !tmp_23 & !tmp_24 & !tmp_25 & !tmp_26 & !tmp_27 & !tmp_28 & !tmp_29 & !tmp_30 & !tmp_31 & !tmp_32 & !tmp_33 & !tmp_34 & !tmp_35 & !tmp_36 & !tmp_37 & !tmp_38 & !tmp_39 & !tmp_40 & !tmp_41 & !tmp_42 & !tmp_43 & !tmp_44 & !tmp_45 & !tmp_46 & !tmp_47 & !tmp_48 & !tmp_49 & !tmp_50 & !tmp_51 & !tmp_52 & !tmp_53 & !tmp_54 & !tmp_55 & !tmp_56 & !tmp_57 & !tmp_58)> <Delay = 1.67>
ST_1 : Operation 97 [1/1] (0.00ns)   --->   "%tmp_60 = call i1 @_ssdm_op_BitSelect.i1.i64.i32(i64 %keepValue_V_read, i32 16)" [/home/ubuntu/xup_vitis_network_example/NetLayers/100G-fpga-network-stack-core/synthesis_results_HMB/..//hls/TOE/common_utilities/common_utilities.cpp:136]   --->   Operation 97 'bitselect' 'tmp_60' <Predicate = (!p_Result_s & !tmp & !tmp_15 & !tmp_16 & !tmp_17 & !tmp_18 & !tmp_19 & !tmp_20 & !tmp_21 & !tmp_22 & !tmp_23 & !tmp_24 & !tmp_25 & !tmp_26 & !tmp_27 & !tmp_28 & !tmp_29 & !tmp_30 & !tmp_31 & !tmp_32 & !tmp_33 & !tmp_34 & !tmp_35 & !tmp_36 & !tmp_37 & !tmp_38 & !tmp_39 & !tmp_40 & !tmp_41 & !tmp_42 & !tmp_43 & !tmp_44 & !tmp_45 & !tmp_46 & !tmp_47 & !tmp_48 & !tmp_49 & !tmp_50 & !tmp_51 & !tmp_52 & !tmp_53 & !tmp_54 & !tmp_55 & !tmp_56 & !tmp_57 & !tmp_58 & !tmp_59)> <Delay = 0.00>
ST_1 : Operation 98 [1/1] (1.67ns)   --->   "br i1 %tmp_60, label %64, label %48" [/home/ubuntu/xup_vitis_network_example/NetLayers/100G-fpga-network-stack-core/synthesis_results_HMB/..//hls/TOE/common_utilities/common_utilities.cpp:136]   --->   Operation 98 'br' <Predicate = (!p_Result_s & !tmp & !tmp_15 & !tmp_16 & !tmp_17 & !tmp_18 & !tmp_19 & !tmp_20 & !tmp_21 & !tmp_22 & !tmp_23 & !tmp_24 & !tmp_25 & !tmp_26 & !tmp_27 & !tmp_28 & !tmp_29 & !tmp_30 & !tmp_31 & !tmp_32 & !tmp_33 & !tmp_34 & !tmp_35 & !tmp_36 & !tmp_37 & !tmp_38 & !tmp_39 & !tmp_40 & !tmp_41 & !tmp_42 & !tmp_43 & !tmp_44 & !tmp_45 & !tmp_46 & !tmp_47 & !tmp_48 & !tmp_49 & !tmp_50 & !tmp_51 & !tmp_52 & !tmp_53 & !tmp_54 & !tmp_55 & !tmp_56 & !tmp_57 & !tmp_58 & !tmp_59)> <Delay = 1.67>
ST_1 : Operation 99 [1/1] (0.00ns)   --->   "%tmp_61 = call i1 @_ssdm_op_BitSelect.i1.i64.i32(i64 %keepValue_V_read, i32 15)" [/home/ubuntu/xup_vitis_network_example/NetLayers/100G-fpga-network-stack-core/synthesis_results_HMB/..//hls/TOE/common_utilities/common_utilities.cpp:138]   --->   Operation 99 'bitselect' 'tmp_61' <Predicate = (!p_Result_s & !tmp & !tmp_15 & !tmp_16 & !tmp_17 & !tmp_18 & !tmp_19 & !tmp_20 & !tmp_21 & !tmp_22 & !tmp_23 & !tmp_24 & !tmp_25 & !tmp_26 & !tmp_27 & !tmp_28 & !tmp_29 & !tmp_30 & !tmp_31 & !tmp_32 & !tmp_33 & !tmp_34 & !tmp_35 & !tmp_36 & !tmp_37 & !tmp_38 & !tmp_39 & !tmp_40 & !tmp_41 & !tmp_42 & !tmp_43 & !tmp_44 & !tmp_45 & !tmp_46 & !tmp_47 & !tmp_48 & !tmp_49 & !tmp_50 & !tmp_51 & !tmp_52 & !tmp_53 & !tmp_54 & !tmp_55 & !tmp_56 & !tmp_57 & !tmp_58 & !tmp_59 & !tmp_60)> <Delay = 0.00>
ST_1 : Operation 100 [1/1] (1.67ns)   --->   "br i1 %tmp_61, label %64, label %49" [/home/ubuntu/xup_vitis_network_example/NetLayers/100G-fpga-network-stack-core/synthesis_results_HMB/..//hls/TOE/common_utilities/common_utilities.cpp:138]   --->   Operation 100 'br' <Predicate = (!p_Result_s & !tmp & !tmp_15 & !tmp_16 & !tmp_17 & !tmp_18 & !tmp_19 & !tmp_20 & !tmp_21 & !tmp_22 & !tmp_23 & !tmp_24 & !tmp_25 & !tmp_26 & !tmp_27 & !tmp_28 & !tmp_29 & !tmp_30 & !tmp_31 & !tmp_32 & !tmp_33 & !tmp_34 & !tmp_35 & !tmp_36 & !tmp_37 & !tmp_38 & !tmp_39 & !tmp_40 & !tmp_41 & !tmp_42 & !tmp_43 & !tmp_44 & !tmp_45 & !tmp_46 & !tmp_47 & !tmp_48 & !tmp_49 & !tmp_50 & !tmp_51 & !tmp_52 & !tmp_53 & !tmp_54 & !tmp_55 & !tmp_56 & !tmp_57 & !tmp_58 & !tmp_59 & !tmp_60)> <Delay = 1.67>
ST_1 : Operation 101 [1/1] (0.00ns)   --->   "%tmp_62 = call i1 @_ssdm_op_BitSelect.i1.i64.i32(i64 %keepValue_V_read, i32 14)" [/home/ubuntu/xup_vitis_network_example/NetLayers/100G-fpga-network-stack-core/synthesis_results_HMB/..//hls/TOE/common_utilities/common_utilities.cpp:140]   --->   Operation 101 'bitselect' 'tmp_62' <Predicate = (!p_Result_s & !tmp & !tmp_15 & !tmp_16 & !tmp_17 & !tmp_18 & !tmp_19 & !tmp_20 & !tmp_21 & !tmp_22 & !tmp_23 & !tmp_24 & !tmp_25 & !tmp_26 & !tmp_27 & !tmp_28 & !tmp_29 & !tmp_30 & !tmp_31 & !tmp_32 & !tmp_33 & !tmp_34 & !tmp_35 & !tmp_36 & !tmp_37 & !tmp_38 & !tmp_39 & !tmp_40 & !tmp_41 & !tmp_42 & !tmp_43 & !tmp_44 & !tmp_45 & !tmp_46 & !tmp_47 & !tmp_48 & !tmp_49 & !tmp_50 & !tmp_51 & !tmp_52 & !tmp_53 & !tmp_54 & !tmp_55 & !tmp_56 & !tmp_57 & !tmp_58 & !tmp_59 & !tmp_60 & !tmp_61)> <Delay = 0.00>
ST_1 : Operation 102 [1/1] (1.67ns)   --->   "br i1 %tmp_62, label %64, label %50" [/home/ubuntu/xup_vitis_network_example/NetLayers/100G-fpga-network-stack-core/synthesis_results_HMB/..//hls/TOE/common_utilities/common_utilities.cpp:140]   --->   Operation 102 'br' <Predicate = (!p_Result_s & !tmp & !tmp_15 & !tmp_16 & !tmp_17 & !tmp_18 & !tmp_19 & !tmp_20 & !tmp_21 & !tmp_22 & !tmp_23 & !tmp_24 & !tmp_25 & !tmp_26 & !tmp_27 & !tmp_28 & !tmp_29 & !tmp_30 & !tmp_31 & !tmp_32 & !tmp_33 & !tmp_34 & !tmp_35 & !tmp_36 & !tmp_37 & !tmp_38 & !tmp_39 & !tmp_40 & !tmp_41 & !tmp_42 & !tmp_43 & !tmp_44 & !tmp_45 & !tmp_46 & !tmp_47 & !tmp_48 & !tmp_49 & !tmp_50 & !tmp_51 & !tmp_52 & !tmp_53 & !tmp_54 & !tmp_55 & !tmp_56 & !tmp_57 & !tmp_58 & !tmp_59 & !tmp_60 & !tmp_61)> <Delay = 1.67>
ST_1 : Operation 103 [1/1] (0.00ns)   --->   "%tmp_63 = call i1 @_ssdm_op_BitSelect.i1.i64.i32(i64 %keepValue_V_read, i32 13)" [/home/ubuntu/xup_vitis_network_example/NetLayers/100G-fpga-network-stack-core/synthesis_results_HMB/..//hls/TOE/common_utilities/common_utilities.cpp:142]   --->   Operation 103 'bitselect' 'tmp_63' <Predicate = (!p_Result_s & !tmp & !tmp_15 & !tmp_16 & !tmp_17 & !tmp_18 & !tmp_19 & !tmp_20 & !tmp_21 & !tmp_22 & !tmp_23 & !tmp_24 & !tmp_25 & !tmp_26 & !tmp_27 & !tmp_28 & !tmp_29 & !tmp_30 & !tmp_31 & !tmp_32 & !tmp_33 & !tmp_34 & !tmp_35 & !tmp_36 & !tmp_37 & !tmp_38 & !tmp_39 & !tmp_40 & !tmp_41 & !tmp_42 & !tmp_43 & !tmp_44 & !tmp_45 & !tmp_46 & !tmp_47 & !tmp_48 & !tmp_49 & !tmp_50 & !tmp_51 & !tmp_52 & !tmp_53 & !tmp_54 & !tmp_55 & !tmp_56 & !tmp_57 & !tmp_58 & !tmp_59 & !tmp_60 & !tmp_61 & !tmp_62)> <Delay = 0.00>
ST_1 : Operation 104 [1/1] (1.67ns)   --->   "br i1 %tmp_63, label %64, label %51" [/home/ubuntu/xup_vitis_network_example/NetLayers/100G-fpga-network-stack-core/synthesis_results_HMB/..//hls/TOE/common_utilities/common_utilities.cpp:142]   --->   Operation 104 'br' <Predicate = (!p_Result_s & !tmp & !tmp_15 & !tmp_16 & !tmp_17 & !tmp_18 & !tmp_19 & !tmp_20 & !tmp_21 & !tmp_22 & !tmp_23 & !tmp_24 & !tmp_25 & !tmp_26 & !tmp_27 & !tmp_28 & !tmp_29 & !tmp_30 & !tmp_31 & !tmp_32 & !tmp_33 & !tmp_34 & !tmp_35 & !tmp_36 & !tmp_37 & !tmp_38 & !tmp_39 & !tmp_40 & !tmp_41 & !tmp_42 & !tmp_43 & !tmp_44 & !tmp_45 & !tmp_46 & !tmp_47 & !tmp_48 & !tmp_49 & !tmp_50 & !tmp_51 & !tmp_52 & !tmp_53 & !tmp_54 & !tmp_55 & !tmp_56 & !tmp_57 & !tmp_58 & !tmp_59 & !tmp_60 & !tmp_61 & !tmp_62)> <Delay = 1.67>
ST_1 : Operation 105 [1/1] (0.00ns)   --->   "%tmp_64 = call i1 @_ssdm_op_BitSelect.i1.i64.i32(i64 %keepValue_V_read, i32 12)" [/home/ubuntu/xup_vitis_network_example/NetLayers/100G-fpga-network-stack-core/synthesis_results_HMB/..//hls/TOE/common_utilities/common_utilities.cpp:144]   --->   Operation 105 'bitselect' 'tmp_64' <Predicate = (!p_Result_s & !tmp & !tmp_15 & !tmp_16 & !tmp_17 & !tmp_18 & !tmp_19 & !tmp_20 & !tmp_21 & !tmp_22 & !tmp_23 & !tmp_24 & !tmp_25 & !tmp_26 & !tmp_27 & !tmp_28 & !tmp_29 & !tmp_30 & !tmp_31 & !tmp_32 & !tmp_33 & !tmp_34 & !tmp_35 & !tmp_36 & !tmp_37 & !tmp_38 & !tmp_39 & !tmp_40 & !tmp_41 & !tmp_42 & !tmp_43 & !tmp_44 & !tmp_45 & !tmp_46 & !tmp_47 & !tmp_48 & !tmp_49 & !tmp_50 & !tmp_51 & !tmp_52 & !tmp_53 & !tmp_54 & !tmp_55 & !tmp_56 & !tmp_57 & !tmp_58 & !tmp_59 & !tmp_60 & !tmp_61 & !tmp_62 & !tmp_63)> <Delay = 0.00>
ST_1 : Operation 106 [1/1] (1.67ns)   --->   "br i1 %tmp_64, label %64, label %52" [/home/ubuntu/xup_vitis_network_example/NetLayers/100G-fpga-network-stack-core/synthesis_results_HMB/..//hls/TOE/common_utilities/common_utilities.cpp:144]   --->   Operation 106 'br' <Predicate = (!p_Result_s & !tmp & !tmp_15 & !tmp_16 & !tmp_17 & !tmp_18 & !tmp_19 & !tmp_20 & !tmp_21 & !tmp_22 & !tmp_23 & !tmp_24 & !tmp_25 & !tmp_26 & !tmp_27 & !tmp_28 & !tmp_29 & !tmp_30 & !tmp_31 & !tmp_32 & !tmp_33 & !tmp_34 & !tmp_35 & !tmp_36 & !tmp_37 & !tmp_38 & !tmp_39 & !tmp_40 & !tmp_41 & !tmp_42 & !tmp_43 & !tmp_44 & !tmp_45 & !tmp_46 & !tmp_47 & !tmp_48 & !tmp_49 & !tmp_50 & !tmp_51 & !tmp_52 & !tmp_53 & !tmp_54 & !tmp_55 & !tmp_56 & !tmp_57 & !tmp_58 & !tmp_59 & !tmp_60 & !tmp_61 & !tmp_62 & !tmp_63)> <Delay = 1.67>
ST_1 : Operation 107 [1/1] (0.00ns)   --->   "%tmp_65 = call i1 @_ssdm_op_BitSelect.i1.i64.i32(i64 %keepValue_V_read, i32 11)" [/home/ubuntu/xup_vitis_network_example/NetLayers/100G-fpga-network-stack-core/synthesis_results_HMB/..//hls/TOE/common_utilities/common_utilities.cpp:146]   --->   Operation 107 'bitselect' 'tmp_65' <Predicate = (!p_Result_s & !tmp & !tmp_15 & !tmp_16 & !tmp_17 & !tmp_18 & !tmp_19 & !tmp_20 & !tmp_21 & !tmp_22 & !tmp_23 & !tmp_24 & !tmp_25 & !tmp_26 & !tmp_27 & !tmp_28 & !tmp_29 & !tmp_30 & !tmp_31 & !tmp_32 & !tmp_33 & !tmp_34 & !tmp_35 & !tmp_36 & !tmp_37 & !tmp_38 & !tmp_39 & !tmp_40 & !tmp_41 & !tmp_42 & !tmp_43 & !tmp_44 & !tmp_45 & !tmp_46 & !tmp_47 & !tmp_48 & !tmp_49 & !tmp_50 & !tmp_51 & !tmp_52 & !tmp_53 & !tmp_54 & !tmp_55 & !tmp_56 & !tmp_57 & !tmp_58 & !tmp_59 & !tmp_60 & !tmp_61 & !tmp_62 & !tmp_63 & !tmp_64)> <Delay = 0.00>
ST_1 : Operation 108 [1/1] (1.67ns)   --->   "br i1 %tmp_65, label %64, label %53" [/home/ubuntu/xup_vitis_network_example/NetLayers/100G-fpga-network-stack-core/synthesis_results_HMB/..//hls/TOE/common_utilities/common_utilities.cpp:146]   --->   Operation 108 'br' <Predicate = (!p_Result_s & !tmp & !tmp_15 & !tmp_16 & !tmp_17 & !tmp_18 & !tmp_19 & !tmp_20 & !tmp_21 & !tmp_22 & !tmp_23 & !tmp_24 & !tmp_25 & !tmp_26 & !tmp_27 & !tmp_28 & !tmp_29 & !tmp_30 & !tmp_31 & !tmp_32 & !tmp_33 & !tmp_34 & !tmp_35 & !tmp_36 & !tmp_37 & !tmp_38 & !tmp_39 & !tmp_40 & !tmp_41 & !tmp_42 & !tmp_43 & !tmp_44 & !tmp_45 & !tmp_46 & !tmp_47 & !tmp_48 & !tmp_49 & !tmp_50 & !tmp_51 & !tmp_52 & !tmp_53 & !tmp_54 & !tmp_55 & !tmp_56 & !tmp_57 & !tmp_58 & !tmp_59 & !tmp_60 & !tmp_61 & !tmp_62 & !tmp_63 & !tmp_64)> <Delay = 1.67>
ST_1 : Operation 109 [1/1] (0.00ns)   --->   "%tmp_66 = call i1 @_ssdm_op_BitSelect.i1.i64.i32(i64 %keepValue_V_read, i32 10)" [/home/ubuntu/xup_vitis_network_example/NetLayers/100G-fpga-network-stack-core/synthesis_results_HMB/..//hls/TOE/common_utilities/common_utilities.cpp:148]   --->   Operation 109 'bitselect' 'tmp_66' <Predicate = (!p_Result_s & !tmp & !tmp_15 & !tmp_16 & !tmp_17 & !tmp_18 & !tmp_19 & !tmp_20 & !tmp_21 & !tmp_22 & !tmp_23 & !tmp_24 & !tmp_25 & !tmp_26 & !tmp_27 & !tmp_28 & !tmp_29 & !tmp_30 & !tmp_31 & !tmp_32 & !tmp_33 & !tmp_34 & !tmp_35 & !tmp_36 & !tmp_37 & !tmp_38 & !tmp_39 & !tmp_40 & !tmp_41 & !tmp_42 & !tmp_43 & !tmp_44 & !tmp_45 & !tmp_46 & !tmp_47 & !tmp_48 & !tmp_49 & !tmp_50 & !tmp_51 & !tmp_52 & !tmp_53 & !tmp_54 & !tmp_55 & !tmp_56 & !tmp_57 & !tmp_58 & !tmp_59 & !tmp_60 & !tmp_61 & !tmp_62 & !tmp_63 & !tmp_64 & !tmp_65)> <Delay = 0.00>
ST_1 : Operation 110 [1/1] (1.67ns)   --->   "br i1 %tmp_66, label %64, label %54" [/home/ubuntu/xup_vitis_network_example/NetLayers/100G-fpga-network-stack-core/synthesis_results_HMB/..//hls/TOE/common_utilities/common_utilities.cpp:148]   --->   Operation 110 'br' <Predicate = (!p_Result_s & !tmp & !tmp_15 & !tmp_16 & !tmp_17 & !tmp_18 & !tmp_19 & !tmp_20 & !tmp_21 & !tmp_22 & !tmp_23 & !tmp_24 & !tmp_25 & !tmp_26 & !tmp_27 & !tmp_28 & !tmp_29 & !tmp_30 & !tmp_31 & !tmp_32 & !tmp_33 & !tmp_34 & !tmp_35 & !tmp_36 & !tmp_37 & !tmp_38 & !tmp_39 & !tmp_40 & !tmp_41 & !tmp_42 & !tmp_43 & !tmp_44 & !tmp_45 & !tmp_46 & !tmp_47 & !tmp_48 & !tmp_49 & !tmp_50 & !tmp_51 & !tmp_52 & !tmp_53 & !tmp_54 & !tmp_55 & !tmp_56 & !tmp_57 & !tmp_58 & !tmp_59 & !tmp_60 & !tmp_61 & !tmp_62 & !tmp_63 & !tmp_64 & !tmp_65)> <Delay = 1.67>
ST_1 : Operation 111 [1/1] (0.00ns)   --->   "%tmp_67 = call i1 @_ssdm_op_BitSelect.i1.i64.i32(i64 %keepValue_V_read, i32 9)" [/home/ubuntu/xup_vitis_network_example/NetLayers/100G-fpga-network-stack-core/synthesis_results_HMB/..//hls/TOE/common_utilities/common_utilities.cpp:150]   --->   Operation 111 'bitselect' 'tmp_67' <Predicate = (!p_Result_s & !tmp & !tmp_15 & !tmp_16 & !tmp_17 & !tmp_18 & !tmp_19 & !tmp_20 & !tmp_21 & !tmp_22 & !tmp_23 & !tmp_24 & !tmp_25 & !tmp_26 & !tmp_27 & !tmp_28 & !tmp_29 & !tmp_30 & !tmp_31 & !tmp_32 & !tmp_33 & !tmp_34 & !tmp_35 & !tmp_36 & !tmp_37 & !tmp_38 & !tmp_39 & !tmp_40 & !tmp_41 & !tmp_42 & !tmp_43 & !tmp_44 & !tmp_45 & !tmp_46 & !tmp_47 & !tmp_48 & !tmp_49 & !tmp_50 & !tmp_51 & !tmp_52 & !tmp_53 & !tmp_54 & !tmp_55 & !tmp_56 & !tmp_57 & !tmp_58 & !tmp_59 & !tmp_60 & !tmp_61 & !tmp_62 & !tmp_63 & !tmp_64 & !tmp_65 & !tmp_66)> <Delay = 0.00>
ST_1 : Operation 112 [1/1] (1.67ns)   --->   "br i1 %tmp_67, label %64, label %55" [/home/ubuntu/xup_vitis_network_example/NetLayers/100G-fpga-network-stack-core/synthesis_results_HMB/..//hls/TOE/common_utilities/common_utilities.cpp:150]   --->   Operation 112 'br' <Predicate = (!p_Result_s & !tmp & !tmp_15 & !tmp_16 & !tmp_17 & !tmp_18 & !tmp_19 & !tmp_20 & !tmp_21 & !tmp_22 & !tmp_23 & !tmp_24 & !tmp_25 & !tmp_26 & !tmp_27 & !tmp_28 & !tmp_29 & !tmp_30 & !tmp_31 & !tmp_32 & !tmp_33 & !tmp_34 & !tmp_35 & !tmp_36 & !tmp_37 & !tmp_38 & !tmp_39 & !tmp_40 & !tmp_41 & !tmp_42 & !tmp_43 & !tmp_44 & !tmp_45 & !tmp_46 & !tmp_47 & !tmp_48 & !tmp_49 & !tmp_50 & !tmp_51 & !tmp_52 & !tmp_53 & !tmp_54 & !tmp_55 & !tmp_56 & !tmp_57 & !tmp_58 & !tmp_59 & !tmp_60 & !tmp_61 & !tmp_62 & !tmp_63 & !tmp_64 & !tmp_65 & !tmp_66)> <Delay = 1.67>
ST_1 : Operation 113 [1/1] (0.00ns)   --->   "%tmp_68 = call i1 @_ssdm_op_BitSelect.i1.i64.i32(i64 %keepValue_V_read, i32 8)" [/home/ubuntu/xup_vitis_network_example/NetLayers/100G-fpga-network-stack-core/synthesis_results_HMB/..//hls/TOE/common_utilities/common_utilities.cpp:152]   --->   Operation 113 'bitselect' 'tmp_68' <Predicate = (!p_Result_s & !tmp & !tmp_15 & !tmp_16 & !tmp_17 & !tmp_18 & !tmp_19 & !tmp_20 & !tmp_21 & !tmp_22 & !tmp_23 & !tmp_24 & !tmp_25 & !tmp_26 & !tmp_27 & !tmp_28 & !tmp_29 & !tmp_30 & !tmp_31 & !tmp_32 & !tmp_33 & !tmp_34 & !tmp_35 & !tmp_36 & !tmp_37 & !tmp_38 & !tmp_39 & !tmp_40 & !tmp_41 & !tmp_42 & !tmp_43 & !tmp_44 & !tmp_45 & !tmp_46 & !tmp_47 & !tmp_48 & !tmp_49 & !tmp_50 & !tmp_51 & !tmp_52 & !tmp_53 & !tmp_54 & !tmp_55 & !tmp_56 & !tmp_57 & !tmp_58 & !tmp_59 & !tmp_60 & !tmp_61 & !tmp_62 & !tmp_63 & !tmp_64 & !tmp_65 & !tmp_66 & !tmp_67)> <Delay = 0.00>
ST_1 : Operation 114 [1/1] (1.67ns)   --->   "br i1 %tmp_68, label %64, label %56" [/home/ubuntu/xup_vitis_network_example/NetLayers/100G-fpga-network-stack-core/synthesis_results_HMB/..//hls/TOE/common_utilities/common_utilities.cpp:152]   --->   Operation 114 'br' <Predicate = (!p_Result_s & !tmp & !tmp_15 & !tmp_16 & !tmp_17 & !tmp_18 & !tmp_19 & !tmp_20 & !tmp_21 & !tmp_22 & !tmp_23 & !tmp_24 & !tmp_25 & !tmp_26 & !tmp_27 & !tmp_28 & !tmp_29 & !tmp_30 & !tmp_31 & !tmp_32 & !tmp_33 & !tmp_34 & !tmp_35 & !tmp_36 & !tmp_37 & !tmp_38 & !tmp_39 & !tmp_40 & !tmp_41 & !tmp_42 & !tmp_43 & !tmp_44 & !tmp_45 & !tmp_46 & !tmp_47 & !tmp_48 & !tmp_49 & !tmp_50 & !tmp_51 & !tmp_52 & !tmp_53 & !tmp_54 & !tmp_55 & !tmp_56 & !tmp_57 & !tmp_58 & !tmp_59 & !tmp_60 & !tmp_61 & !tmp_62 & !tmp_63 & !tmp_64 & !tmp_65 & !tmp_66 & !tmp_67)> <Delay = 1.67>
ST_1 : Operation 115 [1/1] (0.00ns)   --->   "%tmp_69 = call i1 @_ssdm_op_BitSelect.i1.i64.i32(i64 %keepValue_V_read, i32 7)" [/home/ubuntu/xup_vitis_network_example/NetLayers/100G-fpga-network-stack-core/synthesis_results_HMB/..//hls/TOE/common_utilities/common_utilities.cpp:154]   --->   Operation 115 'bitselect' 'tmp_69' <Predicate = (!p_Result_s & !tmp & !tmp_15 & !tmp_16 & !tmp_17 & !tmp_18 & !tmp_19 & !tmp_20 & !tmp_21 & !tmp_22 & !tmp_23 & !tmp_24 & !tmp_25 & !tmp_26 & !tmp_27 & !tmp_28 & !tmp_29 & !tmp_30 & !tmp_31 & !tmp_32 & !tmp_33 & !tmp_34 & !tmp_35 & !tmp_36 & !tmp_37 & !tmp_38 & !tmp_39 & !tmp_40 & !tmp_41 & !tmp_42 & !tmp_43 & !tmp_44 & !tmp_45 & !tmp_46 & !tmp_47 & !tmp_48 & !tmp_49 & !tmp_50 & !tmp_51 & !tmp_52 & !tmp_53 & !tmp_54 & !tmp_55 & !tmp_56 & !tmp_57 & !tmp_58 & !tmp_59 & !tmp_60 & !tmp_61 & !tmp_62 & !tmp_63 & !tmp_64 & !tmp_65 & !tmp_66 & !tmp_67 & !tmp_68)> <Delay = 0.00>
ST_1 : Operation 116 [1/1] (1.67ns)   --->   "br i1 %tmp_69, label %64, label %57" [/home/ubuntu/xup_vitis_network_example/NetLayers/100G-fpga-network-stack-core/synthesis_results_HMB/..//hls/TOE/common_utilities/common_utilities.cpp:154]   --->   Operation 116 'br' <Predicate = (!p_Result_s & !tmp & !tmp_15 & !tmp_16 & !tmp_17 & !tmp_18 & !tmp_19 & !tmp_20 & !tmp_21 & !tmp_22 & !tmp_23 & !tmp_24 & !tmp_25 & !tmp_26 & !tmp_27 & !tmp_28 & !tmp_29 & !tmp_30 & !tmp_31 & !tmp_32 & !tmp_33 & !tmp_34 & !tmp_35 & !tmp_36 & !tmp_37 & !tmp_38 & !tmp_39 & !tmp_40 & !tmp_41 & !tmp_42 & !tmp_43 & !tmp_44 & !tmp_45 & !tmp_46 & !tmp_47 & !tmp_48 & !tmp_49 & !tmp_50 & !tmp_51 & !tmp_52 & !tmp_53 & !tmp_54 & !tmp_55 & !tmp_56 & !tmp_57 & !tmp_58 & !tmp_59 & !tmp_60 & !tmp_61 & !tmp_62 & !tmp_63 & !tmp_64 & !tmp_65 & !tmp_66 & !tmp_67 & !tmp_68)> <Delay = 1.67>
ST_1 : Operation 117 [1/1] (0.00ns)   --->   "%tmp_70 = call i1 @_ssdm_op_BitSelect.i1.i64.i32(i64 %keepValue_V_read, i32 6)" [/home/ubuntu/xup_vitis_network_example/NetLayers/100G-fpga-network-stack-core/synthesis_results_HMB/..//hls/TOE/common_utilities/common_utilities.cpp:156]   --->   Operation 117 'bitselect' 'tmp_70' <Predicate = (!p_Result_s & !tmp & !tmp_15 & !tmp_16 & !tmp_17 & !tmp_18 & !tmp_19 & !tmp_20 & !tmp_21 & !tmp_22 & !tmp_23 & !tmp_24 & !tmp_25 & !tmp_26 & !tmp_27 & !tmp_28 & !tmp_29 & !tmp_30 & !tmp_31 & !tmp_32 & !tmp_33 & !tmp_34 & !tmp_35 & !tmp_36 & !tmp_37 & !tmp_38 & !tmp_39 & !tmp_40 & !tmp_41 & !tmp_42 & !tmp_43 & !tmp_44 & !tmp_45 & !tmp_46 & !tmp_47 & !tmp_48 & !tmp_49 & !tmp_50 & !tmp_51 & !tmp_52 & !tmp_53 & !tmp_54 & !tmp_55 & !tmp_56 & !tmp_57 & !tmp_58 & !tmp_59 & !tmp_60 & !tmp_61 & !tmp_62 & !tmp_63 & !tmp_64 & !tmp_65 & !tmp_66 & !tmp_67 & !tmp_68 & !tmp_69)> <Delay = 0.00>
ST_1 : Operation 118 [1/1] (1.67ns)   --->   "br i1 %tmp_70, label %64, label %58" [/home/ubuntu/xup_vitis_network_example/NetLayers/100G-fpga-network-stack-core/synthesis_results_HMB/..//hls/TOE/common_utilities/common_utilities.cpp:156]   --->   Operation 118 'br' <Predicate = (!p_Result_s & !tmp & !tmp_15 & !tmp_16 & !tmp_17 & !tmp_18 & !tmp_19 & !tmp_20 & !tmp_21 & !tmp_22 & !tmp_23 & !tmp_24 & !tmp_25 & !tmp_26 & !tmp_27 & !tmp_28 & !tmp_29 & !tmp_30 & !tmp_31 & !tmp_32 & !tmp_33 & !tmp_34 & !tmp_35 & !tmp_36 & !tmp_37 & !tmp_38 & !tmp_39 & !tmp_40 & !tmp_41 & !tmp_42 & !tmp_43 & !tmp_44 & !tmp_45 & !tmp_46 & !tmp_47 & !tmp_48 & !tmp_49 & !tmp_50 & !tmp_51 & !tmp_52 & !tmp_53 & !tmp_54 & !tmp_55 & !tmp_56 & !tmp_57 & !tmp_58 & !tmp_59 & !tmp_60 & !tmp_61 & !tmp_62 & !tmp_63 & !tmp_64 & !tmp_65 & !tmp_66 & !tmp_67 & !tmp_68 & !tmp_69)> <Delay = 1.67>
ST_1 : Operation 119 [1/1] (0.00ns)   --->   "%tmp_71 = call i1 @_ssdm_op_BitSelect.i1.i64.i32(i64 %keepValue_V_read, i32 5)" [/home/ubuntu/xup_vitis_network_example/NetLayers/100G-fpga-network-stack-core/synthesis_results_HMB/..//hls/TOE/common_utilities/common_utilities.cpp:158]   --->   Operation 119 'bitselect' 'tmp_71' <Predicate = (!p_Result_s & !tmp & !tmp_15 & !tmp_16 & !tmp_17 & !tmp_18 & !tmp_19 & !tmp_20 & !tmp_21 & !tmp_22 & !tmp_23 & !tmp_24 & !tmp_25 & !tmp_26 & !tmp_27 & !tmp_28 & !tmp_29 & !tmp_30 & !tmp_31 & !tmp_32 & !tmp_33 & !tmp_34 & !tmp_35 & !tmp_36 & !tmp_37 & !tmp_38 & !tmp_39 & !tmp_40 & !tmp_41 & !tmp_42 & !tmp_43 & !tmp_44 & !tmp_45 & !tmp_46 & !tmp_47 & !tmp_48 & !tmp_49 & !tmp_50 & !tmp_51 & !tmp_52 & !tmp_53 & !tmp_54 & !tmp_55 & !tmp_56 & !tmp_57 & !tmp_58 & !tmp_59 & !tmp_60 & !tmp_61 & !tmp_62 & !tmp_63 & !tmp_64 & !tmp_65 & !tmp_66 & !tmp_67 & !tmp_68 & !tmp_69 & !tmp_70)> <Delay = 0.00>
ST_1 : Operation 120 [1/1] (1.67ns)   --->   "br i1 %tmp_71, label %64, label %59" [/home/ubuntu/xup_vitis_network_example/NetLayers/100G-fpga-network-stack-core/synthesis_results_HMB/..//hls/TOE/common_utilities/common_utilities.cpp:158]   --->   Operation 120 'br' <Predicate = (!p_Result_s & !tmp & !tmp_15 & !tmp_16 & !tmp_17 & !tmp_18 & !tmp_19 & !tmp_20 & !tmp_21 & !tmp_22 & !tmp_23 & !tmp_24 & !tmp_25 & !tmp_26 & !tmp_27 & !tmp_28 & !tmp_29 & !tmp_30 & !tmp_31 & !tmp_32 & !tmp_33 & !tmp_34 & !tmp_35 & !tmp_36 & !tmp_37 & !tmp_38 & !tmp_39 & !tmp_40 & !tmp_41 & !tmp_42 & !tmp_43 & !tmp_44 & !tmp_45 & !tmp_46 & !tmp_47 & !tmp_48 & !tmp_49 & !tmp_50 & !tmp_51 & !tmp_52 & !tmp_53 & !tmp_54 & !tmp_55 & !tmp_56 & !tmp_57 & !tmp_58 & !tmp_59 & !tmp_60 & !tmp_61 & !tmp_62 & !tmp_63 & !tmp_64 & !tmp_65 & !tmp_66 & !tmp_67 & !tmp_68 & !tmp_69 & !tmp_70)> <Delay = 1.67>
ST_1 : Operation 121 [1/1] (0.00ns)   --->   "%tmp_72 = call i1 @_ssdm_op_BitSelect.i1.i64.i32(i64 %keepValue_V_read, i32 4)" [/home/ubuntu/xup_vitis_network_example/NetLayers/100G-fpga-network-stack-core/synthesis_results_HMB/..//hls/TOE/common_utilities/common_utilities.cpp:160]   --->   Operation 121 'bitselect' 'tmp_72' <Predicate = (!p_Result_s & !tmp & !tmp_15 & !tmp_16 & !tmp_17 & !tmp_18 & !tmp_19 & !tmp_20 & !tmp_21 & !tmp_22 & !tmp_23 & !tmp_24 & !tmp_25 & !tmp_26 & !tmp_27 & !tmp_28 & !tmp_29 & !tmp_30 & !tmp_31 & !tmp_32 & !tmp_33 & !tmp_34 & !tmp_35 & !tmp_36 & !tmp_37 & !tmp_38 & !tmp_39 & !tmp_40 & !tmp_41 & !tmp_42 & !tmp_43 & !tmp_44 & !tmp_45 & !tmp_46 & !tmp_47 & !tmp_48 & !tmp_49 & !tmp_50 & !tmp_51 & !tmp_52 & !tmp_53 & !tmp_54 & !tmp_55 & !tmp_56 & !tmp_57 & !tmp_58 & !tmp_59 & !tmp_60 & !tmp_61 & !tmp_62 & !tmp_63 & !tmp_64 & !tmp_65 & !tmp_66 & !tmp_67 & !tmp_68 & !tmp_69 & !tmp_70 & !tmp_71)> <Delay = 0.00>
ST_1 : Operation 122 [1/1] (1.67ns)   --->   "br i1 %tmp_72, label %64, label %60" [/home/ubuntu/xup_vitis_network_example/NetLayers/100G-fpga-network-stack-core/synthesis_results_HMB/..//hls/TOE/common_utilities/common_utilities.cpp:160]   --->   Operation 122 'br' <Predicate = (!p_Result_s & !tmp & !tmp_15 & !tmp_16 & !tmp_17 & !tmp_18 & !tmp_19 & !tmp_20 & !tmp_21 & !tmp_22 & !tmp_23 & !tmp_24 & !tmp_25 & !tmp_26 & !tmp_27 & !tmp_28 & !tmp_29 & !tmp_30 & !tmp_31 & !tmp_32 & !tmp_33 & !tmp_34 & !tmp_35 & !tmp_36 & !tmp_37 & !tmp_38 & !tmp_39 & !tmp_40 & !tmp_41 & !tmp_42 & !tmp_43 & !tmp_44 & !tmp_45 & !tmp_46 & !tmp_47 & !tmp_48 & !tmp_49 & !tmp_50 & !tmp_51 & !tmp_52 & !tmp_53 & !tmp_54 & !tmp_55 & !tmp_56 & !tmp_57 & !tmp_58 & !tmp_59 & !tmp_60 & !tmp_61 & !tmp_62 & !tmp_63 & !tmp_64 & !tmp_65 & !tmp_66 & !tmp_67 & !tmp_68 & !tmp_69 & !tmp_70 & !tmp_71)> <Delay = 1.67>
ST_1 : Operation 123 [1/1] (0.00ns)   --->   "%tmp_73 = call i1 @_ssdm_op_BitSelect.i1.i64.i32(i64 %keepValue_V_read, i32 3)" [/home/ubuntu/xup_vitis_network_example/NetLayers/100G-fpga-network-stack-core/synthesis_results_HMB/..//hls/TOE/common_utilities/common_utilities.cpp:162]   --->   Operation 123 'bitselect' 'tmp_73' <Predicate = (!p_Result_s & !tmp & !tmp_15 & !tmp_16 & !tmp_17 & !tmp_18 & !tmp_19 & !tmp_20 & !tmp_21 & !tmp_22 & !tmp_23 & !tmp_24 & !tmp_25 & !tmp_26 & !tmp_27 & !tmp_28 & !tmp_29 & !tmp_30 & !tmp_31 & !tmp_32 & !tmp_33 & !tmp_34 & !tmp_35 & !tmp_36 & !tmp_37 & !tmp_38 & !tmp_39 & !tmp_40 & !tmp_41 & !tmp_42 & !tmp_43 & !tmp_44 & !tmp_45 & !tmp_46 & !tmp_47 & !tmp_48 & !tmp_49 & !tmp_50 & !tmp_51 & !tmp_52 & !tmp_53 & !tmp_54 & !tmp_55 & !tmp_56 & !tmp_57 & !tmp_58 & !tmp_59 & !tmp_60 & !tmp_61 & !tmp_62 & !tmp_63 & !tmp_64 & !tmp_65 & !tmp_66 & !tmp_67 & !tmp_68 & !tmp_69 & !tmp_70 & !tmp_71 & !tmp_72)> <Delay = 0.00>
ST_1 : Operation 124 [1/1] (1.67ns)   --->   "br i1 %tmp_73, label %64, label %61" [/home/ubuntu/xup_vitis_network_example/NetLayers/100G-fpga-network-stack-core/synthesis_results_HMB/..//hls/TOE/common_utilities/common_utilities.cpp:162]   --->   Operation 124 'br' <Predicate = (!p_Result_s & !tmp & !tmp_15 & !tmp_16 & !tmp_17 & !tmp_18 & !tmp_19 & !tmp_20 & !tmp_21 & !tmp_22 & !tmp_23 & !tmp_24 & !tmp_25 & !tmp_26 & !tmp_27 & !tmp_28 & !tmp_29 & !tmp_30 & !tmp_31 & !tmp_32 & !tmp_33 & !tmp_34 & !tmp_35 & !tmp_36 & !tmp_37 & !tmp_38 & !tmp_39 & !tmp_40 & !tmp_41 & !tmp_42 & !tmp_43 & !tmp_44 & !tmp_45 & !tmp_46 & !tmp_47 & !tmp_48 & !tmp_49 & !tmp_50 & !tmp_51 & !tmp_52 & !tmp_53 & !tmp_54 & !tmp_55 & !tmp_56 & !tmp_57 & !tmp_58 & !tmp_59 & !tmp_60 & !tmp_61 & !tmp_62 & !tmp_63 & !tmp_64 & !tmp_65 & !tmp_66 & !tmp_67 & !tmp_68 & !tmp_69 & !tmp_70 & !tmp_71 & !tmp_72)> <Delay = 1.67>
ST_1 : Operation 125 [1/1] (0.00ns)   --->   "%tmp_74 = call i1 @_ssdm_op_BitSelect.i1.i64.i32(i64 %keepValue_V_read, i32 2)" [/home/ubuntu/xup_vitis_network_example/NetLayers/100G-fpga-network-stack-core/synthesis_results_HMB/..//hls/TOE/common_utilities/common_utilities.cpp:164]   --->   Operation 125 'bitselect' 'tmp_74' <Predicate = (!p_Result_s & !tmp & !tmp_15 & !tmp_16 & !tmp_17 & !tmp_18 & !tmp_19 & !tmp_20 & !tmp_21 & !tmp_22 & !tmp_23 & !tmp_24 & !tmp_25 & !tmp_26 & !tmp_27 & !tmp_28 & !tmp_29 & !tmp_30 & !tmp_31 & !tmp_32 & !tmp_33 & !tmp_34 & !tmp_35 & !tmp_36 & !tmp_37 & !tmp_38 & !tmp_39 & !tmp_40 & !tmp_41 & !tmp_42 & !tmp_43 & !tmp_44 & !tmp_45 & !tmp_46 & !tmp_47 & !tmp_48 & !tmp_49 & !tmp_50 & !tmp_51 & !tmp_52 & !tmp_53 & !tmp_54 & !tmp_55 & !tmp_56 & !tmp_57 & !tmp_58 & !tmp_59 & !tmp_60 & !tmp_61 & !tmp_62 & !tmp_63 & !tmp_64 & !tmp_65 & !tmp_66 & !tmp_67 & !tmp_68 & !tmp_69 & !tmp_70 & !tmp_71 & !tmp_72 & !tmp_73)> <Delay = 0.00>
ST_1 : Operation 126 [1/1] (1.67ns)   --->   "br i1 %tmp_74, label %64, label %62" [/home/ubuntu/xup_vitis_network_example/NetLayers/100G-fpga-network-stack-core/synthesis_results_HMB/..//hls/TOE/common_utilities/common_utilities.cpp:164]   --->   Operation 126 'br' <Predicate = (!p_Result_s & !tmp & !tmp_15 & !tmp_16 & !tmp_17 & !tmp_18 & !tmp_19 & !tmp_20 & !tmp_21 & !tmp_22 & !tmp_23 & !tmp_24 & !tmp_25 & !tmp_26 & !tmp_27 & !tmp_28 & !tmp_29 & !tmp_30 & !tmp_31 & !tmp_32 & !tmp_33 & !tmp_34 & !tmp_35 & !tmp_36 & !tmp_37 & !tmp_38 & !tmp_39 & !tmp_40 & !tmp_41 & !tmp_42 & !tmp_43 & !tmp_44 & !tmp_45 & !tmp_46 & !tmp_47 & !tmp_48 & !tmp_49 & !tmp_50 & !tmp_51 & !tmp_52 & !tmp_53 & !tmp_54 & !tmp_55 & !tmp_56 & !tmp_57 & !tmp_58 & !tmp_59 & !tmp_60 & !tmp_61 & !tmp_62 & !tmp_63 & !tmp_64 & !tmp_65 & !tmp_66 & !tmp_67 & !tmp_68 & !tmp_69 & !tmp_70 & !tmp_71 & !tmp_72 & !tmp_73)> <Delay = 1.67>
ST_1 : Operation 127 [1/1] (0.00ns)   --->   "%tmp_75 = call i1 @_ssdm_op_BitSelect.i1.i64.i32(i64 %keepValue_V_read, i32 1)" [/home/ubuntu/xup_vitis_network_example/NetLayers/100G-fpga-network-stack-core/synthesis_results_HMB/..//hls/TOE/common_utilities/common_utilities.cpp:166]   --->   Operation 127 'bitselect' 'tmp_75' <Predicate = (!p_Result_s & !tmp & !tmp_15 & !tmp_16 & !tmp_17 & !tmp_18 & !tmp_19 & !tmp_20 & !tmp_21 & !tmp_22 & !tmp_23 & !tmp_24 & !tmp_25 & !tmp_26 & !tmp_27 & !tmp_28 & !tmp_29 & !tmp_30 & !tmp_31 & !tmp_32 & !tmp_33 & !tmp_34 & !tmp_35 & !tmp_36 & !tmp_37 & !tmp_38 & !tmp_39 & !tmp_40 & !tmp_41 & !tmp_42 & !tmp_43 & !tmp_44 & !tmp_45 & !tmp_46 & !tmp_47 & !tmp_48 & !tmp_49 & !tmp_50 & !tmp_51 & !tmp_52 & !tmp_53 & !tmp_54 & !tmp_55 & !tmp_56 & !tmp_57 & !tmp_58 & !tmp_59 & !tmp_60 & !tmp_61 & !tmp_62 & !tmp_63 & !tmp_64 & !tmp_65 & !tmp_66 & !tmp_67 & !tmp_68 & !tmp_69 & !tmp_70 & !tmp_71 & !tmp_72 & !tmp_73 & !tmp_74)> <Delay = 0.00>
ST_1 : Operation 128 [1/1] (1.67ns)   --->   "br i1 %tmp_75, label %64, label %63" [/home/ubuntu/xup_vitis_network_example/NetLayers/100G-fpga-network-stack-core/synthesis_results_HMB/..//hls/TOE/common_utilities/common_utilities.cpp:166]   --->   Operation 128 'br' <Predicate = (!p_Result_s & !tmp & !tmp_15 & !tmp_16 & !tmp_17 & !tmp_18 & !tmp_19 & !tmp_20 & !tmp_21 & !tmp_22 & !tmp_23 & !tmp_24 & !tmp_25 & !tmp_26 & !tmp_27 & !tmp_28 & !tmp_29 & !tmp_30 & !tmp_31 & !tmp_32 & !tmp_33 & !tmp_34 & !tmp_35 & !tmp_36 & !tmp_37 & !tmp_38 & !tmp_39 & !tmp_40 & !tmp_41 & !tmp_42 & !tmp_43 & !tmp_44 & !tmp_45 & !tmp_46 & !tmp_47 & !tmp_48 & !tmp_49 & !tmp_50 & !tmp_51 & !tmp_52 & !tmp_53 & !tmp_54 & !tmp_55 & !tmp_56 & !tmp_57 & !tmp_58 & !tmp_59 & !tmp_60 & !tmp_61 & !tmp_62 & !tmp_63 & !tmp_64 & !tmp_65 & !tmp_66 & !tmp_67 & !tmp_68 & !tmp_69 & !tmp_70 & !tmp_71 & !tmp_72 & !tmp_73 & !tmp_74)> <Delay = 1.67>
ST_1 : Operation 129 [1/1] (0.00ns)   --->   "%trunc_ln791 = trunc i64 %keepValue_V_read to i1" [/home/ubuntu/xup_vitis_network_example/NetLayers/100G-fpga-network-stack-core/synthesis_results_HMB/..//hls/TOE/common_utilities/common_utilities.cpp:168]   --->   Operation 129 'trunc' 'trunc_ln791' <Predicate = (!p_Result_s & !tmp & !tmp_15 & !tmp_16 & !tmp_17 & !tmp_18 & !tmp_19 & !tmp_20 & !tmp_21 & !tmp_22 & !tmp_23 & !tmp_24 & !tmp_25 & !tmp_26 & !tmp_27 & !tmp_28 & !tmp_29 & !tmp_30 & !tmp_31 & !tmp_32 & !tmp_33 & !tmp_34 & !tmp_35 & !tmp_36 & !tmp_37 & !tmp_38 & !tmp_39 & !tmp_40 & !tmp_41 & !tmp_42 & !tmp_43 & !tmp_44 & !tmp_45 & !tmp_46 & !tmp_47 & !tmp_48 & !tmp_49 & !tmp_50 & !tmp_51 & !tmp_52 & !tmp_53 & !tmp_54 & !tmp_55 & !tmp_56 & !tmp_57 & !tmp_58 & !tmp_59 & !tmp_60 & !tmp_61 & !tmp_62 & !tmp_63 & !tmp_64 & !tmp_65 & !tmp_66 & !tmp_67 & !tmp_68 & !tmp_69 & !tmp_70 & !tmp_71 & !tmp_72 & !tmp_73 & !tmp_74 & !tmp_75)> <Delay = 0.00>
ST_1 : Operation 130 [1/1] (0.00ns)   --->   "%zext_ln171 = zext i1 %trunc_ln791 to i7" [/home/ubuntu/xup_vitis_network_example/NetLayers/100G-fpga-network-stack-core/synthesis_results_HMB/..//hls/TOE/common_utilities/common_utilities.cpp:171]   --->   Operation 130 'zext' 'zext_ln171' <Predicate = (!p_Result_s & !tmp & !tmp_15 & !tmp_16 & !tmp_17 & !tmp_18 & !tmp_19 & !tmp_20 & !tmp_21 & !tmp_22 & !tmp_23 & !tmp_24 & !tmp_25 & !tmp_26 & !tmp_27 & !tmp_28 & !tmp_29 & !tmp_30 & !tmp_31 & !tmp_32 & !tmp_33 & !tmp_34 & !tmp_35 & !tmp_36 & !tmp_37 & !tmp_38 & !tmp_39 & !tmp_40 & !tmp_41 & !tmp_42 & !tmp_43 & !tmp_44 & !tmp_45 & !tmp_46 & !tmp_47 & !tmp_48 & !tmp_49 & !tmp_50 & !tmp_51 & !tmp_52 & !tmp_53 & !tmp_54 & !tmp_55 & !tmp_56 & !tmp_57 & !tmp_58 & !tmp_59 & !tmp_60 & !tmp_61 & !tmp_62 & !tmp_63 & !tmp_64 & !tmp_65 & !tmp_66 & !tmp_67 & !tmp_68 & !tmp_69 & !tmp_70 & !tmp_71 & !tmp_72 & !tmp_73 & !tmp_74 & !tmp_75)> <Delay = 0.00>
ST_1 : Operation 131 [1/1] (1.67ns)   --->   "br label %64" [/home/ubuntu/xup_vitis_network_example/NetLayers/100G-fpga-network-stack-core/synthesis_results_HMB/..//hls/TOE/common_utilities/common_utilities.cpp:171]   --->   Operation 131 'br' <Predicate = (!p_Result_s & !tmp & !tmp_15 & !tmp_16 & !tmp_17 & !tmp_18 & !tmp_19 & !tmp_20 & !tmp_21 & !tmp_22 & !tmp_23 & !tmp_24 & !tmp_25 & !tmp_26 & !tmp_27 & !tmp_28 & !tmp_29 & !tmp_30 & !tmp_31 & !tmp_32 & !tmp_33 & !tmp_34 & !tmp_35 & !tmp_36 & !tmp_37 & !tmp_38 & !tmp_39 & !tmp_40 & !tmp_41 & !tmp_42 & !tmp_43 & !tmp_44 & !tmp_45 & !tmp_46 & !tmp_47 & !tmp_48 & !tmp_49 & !tmp_50 & !tmp_51 & !tmp_52 & !tmp_53 & !tmp_54 & !tmp_55 & !tmp_56 & !tmp_57 & !tmp_58 & !tmp_59 & !tmp_60 & !tmp_61 & !tmp_62 & !tmp_63 & !tmp_64 & !tmp_65 & !tmp_66 & !tmp_67 & !tmp_68 & !tmp_69 & !tmp_70 & !tmp_71 & !tmp_72 & !tmp_73 & !tmp_74 & !tmp_75)> <Delay = 1.67>
ST_1 : Operation 132 [1/1] (0.00ns)   --->   "%agg_result_V_0 = phi i7 [ %zext_ln171, %63 ], [ -64, %0 ], [ 63, %1 ], [ 62, %2 ], [ 61, %3 ], [ 60, %4 ], [ 59, %5 ], [ 58, %6 ], [ 57, %7 ], [ 56, %8 ], [ 55, %9 ], [ 54, %10 ], [ 53, %11 ], [ 52, %12 ], [ 51, %13 ], [ 50, %14 ], [ 49, %15 ], [ 48, %16 ], [ 47, %17 ], [ 46, %18 ], [ 45, %19 ], [ 44, %20 ], [ 43, %21 ], [ 42, %22 ], [ 41, %23 ], [ 40, %24 ], [ 39, %25 ], [ 38, %26 ], [ 37, %27 ], [ 36, %28 ], [ 35, %29 ], [ 34, %30 ], [ 33, %31 ], [ 32, %32 ], [ 31, %33 ], [ 30, %34 ], [ 29, %35 ], [ 28, %36 ], [ 27, %37 ], [ 26, %38 ], [ 25, %39 ], [ 24, %40 ], [ 23, %41 ], [ 22, %42 ], [ 21, %43 ], [ 20, %44 ], [ 19, %45 ], [ 18, %46 ], [ 17, %47 ], [ 16, %48 ], [ 15, %49 ], [ 14, %50 ], [ 13, %51 ], [ 12, %52 ], [ 11, %53 ], [ 10, %54 ], [ 9, %55 ], [ 8, %56 ], [ 7, %57 ], [ 6, %58 ], [ 5, %59 ], [ 4, %60 ], [ 3, %61 ], [ 2, %62 ]" [/home/ubuntu/xup_vitis_network_example/NetLayers/100G-fpga-network-stack-core/synthesis_results_HMB/..//hls/TOE/common_utilities/common_utilities.cpp:171]   --->   Operation 132 'phi' 'agg_result_V_0' <Predicate = true> <Delay = 0.00>
ST_1 : Operation 133 [1/1] (0.00ns)   --->   "ret i7 %agg_result_V_0" [/home/ubuntu/xup_vitis_network_example/NetLayers/100G-fpga-network-stack-core/synthesis_results_HMB/..//hls/TOE/common_utilities/common_utilities.cpp:173]   --->   Operation 133 'ret' <Predicate = true> <Delay = 0.00>


============================================================
+ Verbose Summary: Timing violations
============================================================
Target clock period: 2.5ns, clock uncertainty: 0.2ns.

 <State 1>: 1.68ns
The critical path consists of the following:
	wire read on port 'keepValue_V' (/home/ubuntu/xup_vitis_network_example/NetLayers/100G-fpga-network-stack-core/synthesis_results_HMB/..//hls/TOE/common_utilities/common_utilities.cpp:42) [2]  (0 ns)
	multiplexor before 'phi' operation ('agg_result_V_0', /home/ubuntu/xup_vitis_network_example/NetLayers/100G-fpga-network-stack-core/synthesis_results_HMB/..//hls/TOE/common_utilities/common_utilities.cpp:171) with incoming values : ('zext_ln171', /home/ubuntu/xup_vitis_network_example/NetLayers/100G-fpga-network-stack-core/synthesis_results_HMB/..//hls/TOE/common_utilities/common_utilities.cpp:171) [196]  (1.68 ns)
	'phi' operation ('agg_result_V_0', /home/ubuntu/xup_vitis_network_example/NetLayers/100G-fpga-network-stack-core/synthesis_results_HMB/..//hls/TOE/common_utilities/common_utilities.cpp:171) with incoming values : ('zext_ln171', /home/ubuntu/xup_vitis_network_example/NetLayers/100G-fpga-network-stack-core/synthesis_results_HMB/..//hls/TOE/common_utilities/common_utilities.cpp:171) [196]  (0 ns)


============================================================
+ Verbose Summary: Binding
============================================================
N/A
* FSMD analyzer results:
  - Output states:
 - Input state : 
  - Chain level:
	State 1


============================================================
+ Verbose Summary: Datapath Resource usage 
============================================================
N/A
