/home/ubuntu/xup_vitis_network_example/NetLayers/100G-fpga-network-stack-core/synthesis_results_HBM/..//hls/packet_handler/packet_handler.cpp:55:9: warning: HLS pragma dump _XLX_SEP_ PragmaIsValid=1_XLX_SEP_ PragmaType=pipeline_XLX_SEP_ PragmaContext=_XLX_SEP_ PragmaFunction=ethernet_remover_XLX_SEP_ PragmaOptions=II=1_XLX_SEP_ [-Wdump-hls-pragmas]
#pragma HLS PIPELINE II=1
        ^
/home/ubuntu/xup_vitis_network_example/NetLayers/100G-fpga-network-stack-core/synthesis_results_HBM/..//hls/packet_handler/packet_handler.cpp:173:9: warning: HLS pragma dump _XLX_SEP_ PragmaIsValid=1_XLX_SEP_ PragmaType=pipeline_XLX_SEP_ PragmaContext=_XLX_SEP_ PragmaFunction=packet_identification_XLX_SEP_ PragmaOptions=II=1_XLX_SEP_ [-Wdump-hls-pragmas]
#pragma HLS PIPELINE II=1
        ^
/home/ubuntu/xup_vitis_network_example/NetLayers/100G-fpga-network-stack-core/scripts/packet_handler_script.tcl:20:9: warning: HLS pragma dump _XLX_SEP_ PragmaIsValid=1_XLX_SEP_ PragmaType=top_XLX_SEP_ PragmaContext=directive_XLX_SEP_ PragmaFunction=packet_handler_XLX_SEP_ PragmaOptions=name=packet_handler_XLX_SEP_ [-Wdump-hls-pragmas]
#pragma HLSDIRECTIVE TOP name=packet_handler
        ^
/home/ubuntu/xup_vitis_network_example/NetLayers/100G-fpga-network-stack-core/synthesis_results_HBM/..//hls/packet_handler/packet_handler.cpp:279:9: warning: HLS pragma dump _XLX_SEP_ PragmaIsValid=1_XLX_SEP_ PragmaType=interface_XLX_SEP_ PragmaContext=_XLX_SEP_ PragmaFunction=packet_handler_XLX_SEP_ PragmaOptions=ap_ctrl_none port=return_XLX_SEP_ [-Wdump-hls-pragmas]
#pragma HLS INTERFACE ap_ctrl_none port=return
        ^
/home/ubuntu/xup_vitis_network_example/NetLayers/100G-fpga-network-stack-core/synthesis_results_HBM/..//hls/packet_handler/packet_handler.cpp:280:9: warning: HLS pragma dump _XLX_SEP_ PragmaIsValid=1_XLX_SEP_ PragmaType=dataflow_XLX_SEP_ PragmaContext=_XLX_SEP_ PragmaFunction=packet_handler_XLX_SEP_ PragmaOptions=_XLX_SEP_ [-Wdump-hls-pragmas]
#pragma HLS DATAFLOW
        ^
/home/ubuntu/xup_vitis_network_example/NetLayers/100G-fpga-network-stack-core/synthesis_results_HBM/..//hls/packet_handler/packet_handler.cpp:282:9: warning: HLS pragma dump _XLX_SEP_ PragmaIsValid=1_XLX_SEP_ PragmaType=interface_XLX_SEP_ PragmaContext=_XLX_SEP_ PragmaFunction=packet_handler_XLX_SEP_ PragmaOptions=axis register both port=dataIn name=s_axis_XLX_SEP_ [-Wdump-hls-pragmas]
#pragma HLS INTERFACE axis register both port=dataIn name=s_axis
        ^
/home/ubuntu/xup_vitis_network_example/NetLayers/100G-fpga-network-stack-core/synthesis_results_HBM/..//hls/packet_handler/packet_handler.cpp:283:9: warning: HLS pragma dump _XLX_SEP_ PragmaIsValid=1_XLX_SEP_ PragmaType=interface_XLX_SEP_ PragmaContext=_XLX_SEP_ PragmaFunction=packet_handler_XLX_SEP_ PragmaOptions=axis register both port=dataOut name=m_axis_XLX_SEP_ [-Wdump-hls-pragmas]
#pragma HLS INTERFACE axis register both port=dataOut name=m_axis
        ^
/home/ubuntu/xup_vitis_network_example/NetLayers/100G-fpga-network-stack-core/synthesis_results_HBM/..//hls/packet_handler/packet_handler.cpp:286:9: warning: HLS pragma dump _XLX_SEP_ PragmaIsValid=1_XLX_SEP_ PragmaType=stream_XLX_SEP_ PragmaContext=_XLX_SEP_ PragmaFunction=packet_handler_XLX_SEP_ PragmaOptions=variable=eth_level_pkt depth=16_XLX_SEP_ [-Wdump-hls-pragmas]
#pragma HLS STREAM variable=eth_level_pkt depth=16
        ^
8 warnings generated.
