/home/ubuntu/xup_vitis_network_example/NetLayers/100G-fpga-network-stack-core/synthesis_results_HBM/PKT_HANDLER_prj/ultrascale_plus/.autopilot/db/packet_handler.pp.0.cpp:31954:7: warning: Added loop label VITIS_LOOP_1213_1:   [xilinx-label-all-loops]
      for (i = 0; i < __N - 1; ++i) {
      ^~~
      VITIS_LOOP_1213_1: 
/home/ubuntu/xup_vitis_network_example/NetLayers/100G-fpga-network-stack-core/synthesis_results_HBM/PKT_HANDLER_prj/ultrascale_plus/.autopilot/db/packet_handler.pp.0.cpp:31954:7: note: FIX-IT applied suggested code changes
/home/ubuntu/xup_vitis_network_example/NetLayers/100G-fpga-network-stack-core/synthesis_results_HBM/PKT_HANDLER_prj/ultrascale_plus/.autopilot/db/packet_handler.pp.0.cpp:32928:5: warning: Added loop label VITIS_LOOP_676_1:   [xilinx-label-all-loops]
    for (unsigned i = low; i != high; ++i) {
    ^~~
    VITIS_LOOP_676_1: 
/home/ubuntu/xup_vitis_network_example/NetLayers/100G-fpga-network-stack-core/synthesis_results_HBM/PKT_HANDLER_prj/ultrascale_plus/.autopilot/db/packet_handler.pp.0.cpp:32928:5: note: FIX-IT applied suggested code changes
/home/ubuntu/xup_vitis_network_example/NetLayers/100G-fpga-network-stack-core/synthesis_results_HBM/PKT_HANDLER_prj/ultrascale_plus/.autopilot/db/packet_handler.pp.0.cpp:32942:5: warning: Added loop label VITIS_LOOP_690_1:   [xilinx-label-all-loops]
    for (unsigned i = low; i != high; ++i) {
    ^~~
    VITIS_LOOP_690_1: 
/home/ubuntu/xup_vitis_network_example/NetLayers/100G-fpga-network-stack-core/synthesis_results_HBM/PKT_HANDLER_prj/ultrascale_plus/.autopilot/db/packet_handler.pp.0.cpp:32942:5: note: FIX-IT applied suggested code changes
/home/ubuntu/xup_vitis_network_example/NetLayers/100G-fpga-network-stack-core/synthesis_results_HBM/PKT_HANDLER_prj/ultrascale_plus/.autopilot/db/packet_handler.pp.0.cpp:32956:5: warning: Added loop label VITIS_LOOP_704_1:   [xilinx-label-all-loops]
    for (unsigned i = low; i != high; ++i) {
    ^~~
    VITIS_LOOP_704_1: 
/home/ubuntu/xup_vitis_network_example/NetLayers/100G-fpga-network-stack-core/synthesis_results_HBM/PKT_HANDLER_prj/ultrascale_plus/.autopilot/db/packet_handler.pp.0.cpp:32956:5: note: FIX-IT applied suggested code changes
/home/ubuntu/xup_vitis_network_example/NetLayers/100G-fpga-network-stack-core/synthesis_results_HBM/PKT_HANDLER_prj/ultrascale_plus/.autopilot/db/packet_handler.pp.0.cpp:34567:7: warning: Added loop label VITIS_LOOP_1247_1:   [xilinx-label-all-loops]
      for (i = 0; i < __N - 1; ++i) {
      ^~~
      VITIS_LOOP_1247_1: 
/home/ubuntu/xup_vitis_network_example/NetLayers/100G-fpga-network-stack-core/synthesis_results_HBM/PKT_HANDLER_prj/ultrascale_plus/.autopilot/db/packet_handler.pp.0.cpp:34567:7: note: FIX-IT applied suggested code changes
