/home/ubuntu/xup_vitis_network_example/NetLayers/100G-fpga-network-stack-core/synthesis_results_HBM/ICMP_hls_prj/ultrascale_plus/.autopilot/db/icmp_server.pp.0.cpp:36090:7: warning: Added loop label VITIS_LOOP_1213_1:   [xilinx-label-all-loops]
      for (i = 0; i < __N - 1; ++i) {
      ^~~
      VITIS_LOOP_1213_1: 
/home/ubuntu/xup_vitis_network_example/NetLayers/100G-fpga-network-stack-core/synthesis_results_HBM/ICMP_hls_prj/ultrascale_plus/.autopilot/db/icmp_server.pp.0.cpp:36090:7: note: FIX-IT applied suggested code changes
/home/ubuntu/xup_vitis_network_example/NetLayers/100G-fpga-network-stack-core/synthesis_results_HBM/ICMP_hls_prj/ultrascale_plus/.autopilot/db/icmp_server.pp.0.cpp:37064:5: warning: Added loop label VITIS_LOOP_676_1:   [xilinx-label-all-loops]
    for (unsigned i = low; i != high; ++i) {
    ^~~
    VITIS_LOOP_676_1: 
/home/ubuntu/xup_vitis_network_example/NetLayers/100G-fpga-network-stack-core/synthesis_results_HBM/ICMP_hls_prj/ultrascale_plus/.autopilot/db/icmp_server.pp.0.cpp:37064:5: note: FIX-IT applied suggested code changes
/home/ubuntu/xup_vitis_network_example/NetLayers/100G-fpga-network-stack-core/synthesis_results_HBM/ICMP_hls_prj/ultrascale_plus/.autopilot/db/icmp_server.pp.0.cpp:37078:5: warning: Added loop label VITIS_LOOP_690_1:   [xilinx-label-all-loops]
    for (unsigned i = low; i != high; ++i) {
    ^~~
    VITIS_LOOP_690_1: 
/home/ubuntu/xup_vitis_network_example/NetLayers/100G-fpga-network-stack-core/synthesis_results_HBM/ICMP_hls_prj/ultrascale_plus/.autopilot/db/icmp_server.pp.0.cpp:37078:5: note: FIX-IT applied suggested code changes
/home/ubuntu/xup_vitis_network_example/NetLayers/100G-fpga-network-stack-core/synthesis_results_HBM/ICMP_hls_prj/ultrascale_plus/.autopilot/db/icmp_server.pp.0.cpp:37092:5: warning: Added loop label VITIS_LOOP_704_1:   [xilinx-label-all-loops]
    for (unsigned i = low; i != high; ++i) {
    ^~~
    VITIS_LOOP_704_1: 
/home/ubuntu/xup_vitis_network_example/NetLayers/100G-fpga-network-stack-core/synthesis_results_HBM/ICMP_hls_prj/ultrascale_plus/.autopilot/db/icmp_server.pp.0.cpp:37092:5: note: FIX-IT applied suggested code changes
/home/ubuntu/xup_vitis_network_example/NetLayers/100G-fpga-network-stack-core/synthesis_results_HBM/ICMP_hls_prj/ultrascale_plus/.autopilot/db/icmp_server.pp.0.cpp:38703:7: warning: Added loop label VITIS_LOOP_1247_1:   [xilinx-label-all-loops]
      for (i = 0; i < __N - 1; ++i) {
      ^~~
      VITIS_LOOP_1247_1: 
/home/ubuntu/xup_vitis_network_example/NetLayers/100G-fpga-network-stack-core/synthesis_results_HBM/ICMP_hls_prj/ultrascale_plus/.autopilot/db/icmp_server.pp.0.cpp:38703:7: note: FIX-IT applied suggested code changes
/home/ubuntu/xup_vitis_network_example/NetLayers/100G-fpga-network-stack-core/synthesis_results_HBM/ICMP_hls_prj/ultrascale_plus/.autopilot/db/icmp_server.pp.0.cpp:45732:17: warning: Added loop label VITIS_LOOP_152_1:   [xilinx-label-all-loops]
                for (int m = 0 ; m < 20 ; m++){
                ^~~
                VITIS_LOOP_152_1: 
/home/ubuntu/xup_vitis_network_example/NetLayers/100G-fpga-network-stack-core/synthesis_results_HBM/ICMP_hls_prj/ultrascale_plus/.autopilot/db/icmp_server.pp.0.cpp:45732:17: note: FIX-IT applied suggested code changes
/home/ubuntu/xup_vitis_network_example/NetLayers/100G-fpga-network-stack-core/synthesis_results_HBM/ICMP_hls_prj/ultrascale_plus/.autopilot/db/icmp_server.pp.0.cpp:45773:13: warning: Added loop label VITIS_LOOP_193_2:   [xilinx-label-all-loops]
            for (int m = 0 ; m < 20 ; m++){
            ^~~
            VITIS_LOOP_193_2: 
/home/ubuntu/xup_vitis_network_example/NetLayers/100G-fpga-network-stack-core/synthesis_results_HBM/ICMP_hls_prj/ultrascale_plus/.autopilot/db/icmp_server.pp.0.cpp:45773:13: note: FIX-IT applied suggested code changes
