

================================================================
== Synthesis Summary Report of 'ethernet_header_inserter'
================================================================
+ General Information: 
    * Date:           Fri Sep  8 14:08:19 2023
    * Version:        2023.1 (Build 3854077 on May  4 2023)
    * Project:        ETH_inserter_hls_prj
    * Solution:       ultrascale_plus (Vivado IP Flow Target)
    * Product family: virtexuplusHBM
    * Target device:  xcu280-fsvh2892-2L-e
    

+ Performance & Resource Estimates: 
    
    PS: '+' for module; 'o' for loop; '*' for dataflow
    +-----------------------------------+------+------+---------+--------+----------+---------+------+----------+------+----+-------------+------------+-----+
    |              Modules              | Issue|      | Latency | Latency| Iteration|         | Trip |          |      |    |             |            |     |
    |              & Loops              | Type | Slack| (cycles)|  (ns)  |  Latency | Interval| Count| Pipelined| BRAM | DSP|      FF     |     LUT    | URAM|
    +-----------------------------------+------+------+---------+--------+----------+---------+------+----------+------+----+-------------+------------+-----+
    |+ ethernet_header_inserter*        |     -|  0.08|        9|  27.900|         -|        1|     -|  dataflow|     -|   -|  13968 (~0%)|  7685 (~0%)|    -|
    | + broadcaster_and_mac_request     |     -|  1.45|        2|   6.200|         -|        1|     -|       yes|     -|   -|    654 (~0%)|   209 (~0%)|    -|
    | + compute_and_insert_ip_checksum  |     -|  0.08|        4|  12.400|         -|        1|     -|       yes|     -|   -|   2859 (~0%)|  2143 (~0%)|    -|
    | + entry_proc                      |     -|  1.49|        0|   0.000|         -|        0|     -|        no|     -|   -|      3 (~0%)|    29 (~0%)|    -|
    | + handle_output                   |     -|  0.69|        2|   6.200|         -|        1|     -|       yes|     -|   -|   1171 (~0%)|   291 (~0%)|    -|
    +-----------------------------------+------+------+---------+--------+----------+---------+------+----------+------+----+-------------+------------+-----+


================================================================
== HW Interfaces
================================================================
* AXIS
+-----------------+-----------+---------------+-------+-------+-------+--------+-------+--------+
| Interface       | Direction | Register Mode | TDATA | TKEEP | TLAST | TREADY | TSTRB | TVALID |
+-----------------+-----------+---------------+-------+-------+-------+--------+-------+--------+
| arpTableReplay  | in        | both          | 128   |       |       | 1      |       | 1      |
| arpTableRequest | out       | both          | 32    |       |       | 1      |       | 1      |
| dataIn          | in        | both          | 512   | 64    | 1     | 1      | 64    | 1      |
| dataOut         | out       | both          | 512   | 64    | 1     | 1      | 64    | 1      |
+-----------------+-----------+---------------+-------+-------+-------+--------+-------+--------+

* Other Ports
+-------------------+---------+-----------+----------+
| Port              | Mode    | Direction | Bitwidth |
+-------------------+---------+-----------+----------+
| myMacAddress      | ap_none | in        | 48       |
| regDefaultGateway | ap_none | in        | 32       |
| regSubNetMask     | ap_none | in        | 32       |
+-------------------+---------+-----------+----------+

* TOP LEVEL CONTROL
+-----------+--------------+----------+
| Interface | Type         | Ports    |
+-----------+--------------+----------+
| ap_clk    | clock        | ap_clk   |
| ap_rst_n  | reset        | ap_rst_n |
| ap_ctrl   | ap_ctrl_none |          |
+-----------+--------------+----------+


================================================================
== SW I/O Information
================================================================
* Top Function Arguments
+-------------------+-----------+----------------------------------------------+
| Argument          | Direction | Datatype                                     |
+-------------------+-----------+----------------------------------------------+
| dataIn            | in        | stream<hls::axis<ap_uint<512>, 0, 0, 0>, 0>& |
| dataOut           | out       | stream<hls::axis<ap_uint<512>, 0, 0, 0>, 0>& |
| arpTableReplay    | in        | stream<arpTableReply, 0>&                    |
| arpTableRequest   | out       | stream<ap_uint<32>, 0>&                      |
| myMacAddress      | in        | ap_uint<48>&                                 |
| regSubNetMask     | in        | ap_uint<32>&                                 |
| regDefaultGateway | in        | ap_uint<32>&                                 |
+-------------------+-----------+----------------------------------------------+

* SW-to-HW Mapping
+-------------------+-------------------+-----------+
| Argument          | HW Interface      | HW Type   |
+-------------------+-------------------+-----------+
| dataIn            | dataIn            | interface |
| dataOut           | dataOut           | interface |
| arpTableReplay    | arpTableReplay    | interface |
| arpTableRequest   | arpTableRequest   | interface |
| myMacAddress      | myMacAddress      | port      |
| regSubNetMask     | regSubNetMask     | port      |
| regDefaultGateway | regDefaultGateway | port      |
+-------------------+-------------------+-----------+


================================================================
== Bind Op Report
================================================================
+-----------------------------------+-----+--------+--------------+-----+--------+---------+
| Name                              | DSP | Pragma | Variable     | Op  | Impl   | Latency |
+-----------------------------------+-----+--------+--------------+-----+--------+---------+
| + ethernet_header_inserter        | 0   |        |              |     |        |         |
|  + compute_and_insert_ip_checksum | 0   |        |              |     |        |         |
|    add_ln271_15_fu_1648_p2        | -   |        | add_ln271_15 | add | fabric | 0       |
|    add_ln271_fu_1652_p2           | -   |        | add_ln271    | add | fabric | 0       |
|    add_ln271_16_fu_1664_p2        | -   |        | add_ln271_16 | add | fabric | 0       |
|    add_ln271_1_fu_1668_p2         | -   |        | add_ln271_1  | add | fabric | 0       |
|    add_ln271_2_fu_1593_p2         | -   |        | add_ln271_2  | add | fabric | 0       |
|    add_ln271_3_fu_1684_p2         | -   |        | add_ln271_3  | add | fabric | 0       |
|    add_ln271_18_fu_1696_p2        | -   |        | add_ln271_18 | add | fabric | 0       |
|    add_ln271_4_fu_1700_p2         | -   |        | add_ln271_4  | add | fabric | 0       |
|    add_ln271_5_fu_1716_p2         | -   |        | add_ln271_5  | add | fabric | 0       |
|    add_ln271_20_fu_1728_p2        | -   |        | add_ln271_20 | add | fabric | 0       |
|    add_ln271_6_fu_1732_p2         | -   |        | add_ln271_6  | add | fabric | 0       |
|    add_ln271_21_fu_1744_p2        | -   |        | add_ln271_21 | add | fabric | 0       |
|    add_ln271_7_fu_1748_p2         | -   |        | add_ln271_7  | add | fabric | 0       |
|    add_ln271_22_fu_1760_p2        | -   |        | add_ln271_22 | add | fabric | 0       |
|    add_ln271_8_fu_1764_p2         | -   |        | add_ln271_8  | add | fabric | 0       |
|    add_ln271_9_fu_1780_p2         | -   |        | add_ln271_9  | add | fabric | 0       |
|    add_ln271_24_fu_1792_p2        | -   |        | add_ln271_24 | add | fabric | 0       |
|    add_ln271_10_fu_1796_p2        | -   |        | add_ln271_10 | add | fabric | 0       |
|    add_ln271_11_fu_1812_p2        | -   |        | add_ln271_11 | add | fabric | 0       |
|    add_ln271_26_fu_1824_p2        | -   |        | add_ln271_26 | add | fabric | 0       |
|    add_ln271_12_fu_1828_p2        | -   |        | add_ln271_12 | add | fabric | 0       |
|    add_ln271_13_fu_1844_p2        | -   |        | add_ln271_13 | add | fabric | 0       |
|    add_ln277_fu_1864_p2           | -   |        | add_ln277    | add | fabric | 0       |
|    add_ln277_1_fu_1877_p2         | -   |        | add_ln277_1  | add | fabric | 0       |
|    add_ln277_2_fu_1897_p2         | -   |        | add_ln277_2  | add | fabric | 0       |
|    add_ln277_3_fu_1917_p2         | -   |        | add_ln277_3  | add | fabric | 0       |
|    add_ln277_4_fu_1937_p2         | -   |        | add_ln277_4  | add | fabric | 0       |
|    add_ln277_5_fu_1957_p2         | -   |        | add_ln277_5  | add | fabric | 0       |
|    add_ln277_6_fu_1977_p2         | -   |        | add_ln277_6  | add | fabric | 0       |
|    add_ln284_fu_1995_p2           | -   |        | add_ln284    | add | fabric | 0       |
|    add_ln284_1_fu_2009_p2         | -   |        | add_ln284_1  | add | fabric | 0       |
|    add_ln284_2_fu_2023_p2         | -   |        | add_ln284_2  | add | fabric | 0       |
|    add_ln284_3_fu_2037_p2         | -   |        | add_ln284_3  | add | fabric | 0       |
|    add_ln287_fu_2091_p2           | -   |        | add_ln287    | add | fabric | 0       |
|    add_ln288_fu_2103_p2           | -   |        | add_ln288    | add | fabric | 0       |
|    add_ln290_1_fu_2117_p2         | -   |        | add_ln290_1  | add | fabric | 0       |
|    add_ln291_fu_2139_p2           | -   |        | add_ln291    | add | fabric | 0       |
|    add_ln292_1_fu_2157_p2         | -   |        | add_ln292_1  | add | fabric | 0       |
|    add_ln292_fu_2166_p2           | -   |        | add_ln292    | add | fabric | 0       |
+-----------------------------------+-----+--------+--------------+-----+--------+---------+


================================================================
== Bind Storage Report
================================================================
+----------------------------+------+------+--------+----------------+---------+------+---------+
| Name                       | BRAM | URAM | Pragma | Variable       | Storage | Impl | Latency |
+----------------------------+------+------+--------+----------------+---------+------+---------+
| + ethernet_header_inserter | 0    | 0    |        |                |         |      |         |
|   myMacAddress_c_U         | -    | -    |        | myMacAddress_c | fifo    | srl  | 0       |
+----------------------------+------+------+--------+----------------+---------+------+---------+


================================================================
== Pragma Report
================================================================
* Valid Pragma Syntax
+-----------------+-----------------------------------------+-----------------------------------------------------------------------------------------------------------+
| Type            | Options                                 | Location                                                                                                  |
+-----------------+-----------------------------------------+-----------------------------------------------------------------------------------------------------------+
| inline          | off                                     | ../hls/ethernet_inserter/ethernet_header_inserter.cpp:41 in broadcaster_and_mac_request                   |
| pipeline        | II=1                                    | ../hls/ethernet_inserter/ethernet_header_inserter.cpp:42 in broadcaster_and_mac_request                   |
| inline          | off                                     | ../hls/ethernet_inserter/ethernet_header_inserter.cpp:95 in handle_output                                 |
| pipeline        | II=1                                    | ../hls/ethernet_inserter/ethernet_header_inserter.cpp:96 in handle_output                                 |
| inline          | off                                     | ../hls/ethernet_inserter/ethernet_header_inserter.cpp:230 in compute_and_insert_ip_checksum               |
| pipeline        | II=1                                    | ../hls/ethernet_inserter/ethernet_header_inserter.cpp:231 in compute_and_insert_ip_checksum               |
| array_partition | variable=ip_ops complete dim=1          | ../hls/ethernet_inserter/ethernet_header_inserter.cpp:234 in compute_and_insert_ip_checksum, ip_ops       |
| unroll          |                                         | ../hls/ethernet_inserter/ethernet_header_inserter.cpp:257 in compute_and_insert_ip_checksum               |
| unroll          |                                         | ../hls/ethernet_inserter/ethernet_header_inserter.cpp:270 in compute_and_insert_ip_checksum               |
| unroll          |                                         | ../hls/ethernet_inserter/ethernet_header_inserter.cpp:276 in compute_and_insert_ip_checksum               |
| unroll          |                                         | ../hls/ethernet_inserter/ethernet_header_inserter.cpp:283 in compute_and_insert_ip_checksum               |
| dataflow        |                                         | ../hls/ethernet_inserter/ethernet_header_inserter.cpp:321 in ethernet_header_inserter                     |
| interface       | ap_ctrl_none port=return                | ../hls/ethernet_inserter/ethernet_header_inserter.cpp:322 in ethernet_header_inserter, return             |
| interface       | axis register both port=dataIn          | ../hls/ethernet_inserter/ethernet_header_inserter.cpp:324 in ethernet_header_inserter, dataIn             |
| interface       | axis register both port=dataOut         | ../hls/ethernet_inserter/ethernet_header_inserter.cpp:325 in ethernet_header_inserter, dataOut            |
| interface       | axis register both port=arpTableReplay  | ../hls/ethernet_inserter/ethernet_header_inserter.cpp:327 in ethernet_header_inserter, arpTableReplay     |
| interface       | axis register both port=arpTableRequest | ../hls/ethernet_inserter/ethernet_header_inserter.cpp:328 in ethernet_header_inserter, arpTableRequest    |
| interface       | ap_none register port=myMacAddress      | ../hls/ethernet_inserter/ethernet_header_inserter.cpp:330 in ethernet_header_inserter, myMacAddress       |
| interface       | ap_none register port=regSubNetMask     | ../hls/ethernet_inserter/ethernet_header_inserter.cpp:331 in ethernet_header_inserter, regSubNetMask      |
| interface       | ap_none register port=regDefaultGateway | ../hls/ethernet_inserter/ethernet_header_inserter.cpp:332 in ethernet_header_inserter, regDefaultGateway  |
| stream          | variable=ip_header_out depth=16         | ../hls/ethernet_inserter/ethernet_header_inserter.cpp:336 in ethernet_header_inserter, ip_header_out      |
| stream          | variable=no_ip_header_out depth=16      | ../hls/ethernet_inserter/ethernet_header_inserter.cpp:339 in ethernet_header_inserter, no_ip_header_out   |
| stream          | variable=ip_header_checksum depth=16    | ../hls/ethernet_inserter/ethernet_header_inserter.cpp:342 in ethernet_header_inserter, ip_header_checksum |
+-----------------+-----------------------------------------+-----------------------------------------------------------------------------------------------------------+


