

================================================================
== Vivado HLS Report for 'packet_identificatio'
================================================================
* Date:           Thu Aug  5 18:55:48 2021

* Version:        2020.1 (Build 2897737 on Wed May 27 20:21:37 MDT 2020)
* Project:        PKT_HANDLER_prj
* Solution:       ultrascale_plus
* Product family: virtexuplus
* Target device:  xcu280-fsvh2892-2L-e


================================================================
== Performance Estimates
================================================================
+ Timing: 
    * Summary: 
    +--------+---------+----------+------------+
    |  Clock |  Target | Estimated| Uncertainty|
    +--------+---------+----------+------------+
    |ap_clk  | 3.10 ns | 2.526 ns |   0.20 ns  |
    +--------+---------+----------+------------+

+ Latency: 
    * Summary: 
    +---------+---------+----------+----------+-----+-----+----------+
    |  Latency (cycles) |  Latency (absolute) |  Interval | Pipeline |
    |   min   |   max   |    min   |    max   | min | max |   Type   |
    +---------+---------+----------+----------+-----+-----+----------+
    |        1|        1| 3.100 ns | 3.100 ns |    1|    1| function |
    +---------+---------+----------+----------+-----+-----+----------+

    + Detail: 
        * Instance: 
        N/A

        * Loop: 
        N/A



================================================================
== Utilization Estimates
================================================================
* Summary: 
+---------------------+---------+-------+---------+---------+-----+
|         Name        | BRAM_18K| DSP48E|    FF   |   LUT   | URAM|
+---------------------+---------+-------+---------+---------+-----+
|DSP                  |        -|      -|        -|        -|    -|
|Expression           |        -|      -|        0|      121|    -|
|FIFO                 |        -|      -|        -|        -|    -|
|Instance             |        -|      -|        -|        -|    -|
|Memory               |        -|      -|        -|        -|    -|
|Multiplexer          |        -|      -|        -|       75|    -|
|Register             |        -|      -|      593|        -|    -|
+---------------------+---------+-------+---------+---------+-----+
|Total                |        0|      0|      593|      196|    0|
+---------------------+---------+-------+---------+---------+-----+
|Available SLR        |     1344|   3008|   869120|   434560|  320|
+---------------------+---------+-------+---------+---------+-----+
|Utilization SLR (%)  |        0|      0|    ~0   |    ~0   |    0|
+---------------------+---------+-------+---------+---------+-----+
|Available            |     4032|   9024|  2607360|  1303680|  960|
+---------------------+---------+-------+---------+---------+-----+
|Utilization (%)      |        0|      0|    ~0   |    ~0   |    0|
+---------------------+---------+-------+---------+---------+-----+

+ Detail: 
    * Instance: 
    N/A

    * DSP48E: 
    N/A

    * Memory: 
    N/A

    * FIFO: 
    N/A

    * Expression: 
    +----------------------------------+----------+-------+---+----+------------+------------+
    |           Variable Name          | Operation| DSP48E| FF| LUT| Bitwidth P0| Bitwidth P1|
    +----------------------------------+----------+-------+---+----+------------+------------+
    |and_ln879_1_fu_266_p2             |    and   |      0|  0|   2|           1|           1|
    |and_ln879_2_fu_272_p2             |    and   |      0|  0|   2|           1|           1|
    |and_ln879_3_fu_296_p2             |    and   |      0|  0|   2|           1|           1|
    |and_ln879_4_fu_308_p2             |    and   |      0|  0|   2|           1|           1|
    |and_ln879_fu_260_p2               |    and   |      0|  0|   2|           1|           1|
    |ap_condition_199                  |    and   |      0|  0|   2|           1|           1|
    |ap_predicate_op11_read_state1     |    and   |      0|  0|   2|           1|           1|
    |ap_predicate_op17_read_state1     |    and   |      0|  0|   2|           1|           1|
    |ap_predicate_op63_write_state2    |    and   |      0|  0|   2|           1|           1|
    |ap_predicate_op6_read_state1      |    and   |      0|  0|   2|           1|           1|
    |ap_predicate_op71_write_state2    |    and   |      0|  0|   2|           1|           1|
    |grp_nbreadreq_fu_86_p5            |    and   |      0|  0|   2|           1|           0|
    |icmp_ln879_1_fu_210_p2            |   icmp   |      0|  0|  13|          16|          12|
    |icmp_ln879_2_fu_216_p2            |   icmp   |      0|  0|   9|           4|           3|
    |icmp_ln879_3_fu_222_p2            |   icmp   |      0|  0|  11|           8|           1|
    |icmp_ln879_4_fu_228_p2            |   icmp   |      0|  0|  11|           8|           3|
    |icmp_ln879_5_fu_234_p2            |   icmp   |      0|  0|  11|           8|           5|
    |icmp_ln879_fu_204_p2              |   icmp   |      0|  0|  13|          16|          12|
    |ap_block_pp0_stage0_01001         |    or    |      0|  0|   2|           1|           1|
    |ap_block_state1_pp0_stage0_iter0  |    or    |      0|  0|   2|           1|           1|
    |ap_block_state2_pp0_stage0_iter1  |    or    |      0|  0|   2|           1|           1|
    |or_ln198_fu_248_p2                |    or    |      0|  0|   2|           1|           1|
    |or_ln879_1_fu_314_p2              |    or    |      0|  0|   2|           1|           1|
    |or_ln879_2_fu_320_p2              |    or    |      0|  0|   2|           1|           1|
    |or_ln879_3_fu_326_p2              |    or    |      0|  0|   2|           1|           1|
    |or_ln879_fu_282_p2                |    or    |      0|  0|   2|           1|           1|
    |select_ln198_fu_240_p3            |  select  |      0|  0|   3|           1|           3|
    |select_ln228_fu_338_p3            |  select  |      0|  0|   2|           1|           1|
    |sendWord_dest_V_fu_288_p3         |  select  |      0|  0|   2|           1|           2|
    |ap_enable_pp0                     |    xor   |      0|  0|   2|           1|           2|
    |xor_ln879_1_fu_302_p2             |    xor   |      0|  0|   2|           1|           2|
    |xor_ln879_fu_254_p2               |    xor   |      0|  0|   2|           1|           2|
    +----------------------------------+----------+-------+---+----+------------+------------+
    |Total                             |          |      0|  0| 121|          86|          67|
    +----------------------------------+----------+-------+---+----+------------+------------+

    * Multiplexer: 
    +---------------------------------------+----+-----------+-----+-----------+
    |                  Name                 | LUT| Input Size| Bits| Total Bits|
    +---------------------------------------+----+-----------+-----+-----------+
    |ap_done                                |   9|          2|    1|          2|
    |ap_phi_mux_storemerge_i_phi_fu_118_p4  |  15|          3|    2|          6|
    |eth_level_pkt_V_blk_n                  |   9|          2|    1|          2|
    |eth_level_pkt_V_din                    |  15|          3|  580|       1740|
    |pi_fsm_state                           |   9|          2|    2|          4|
    |real_start                             |   9|          2|    1|          2|
    |s_axis_TDATA_blk_n                     |   9|          2|    1|          2|
    +---------------------------------------+----+-----------+-----+-----------+
    |Total                                  |  75|         16|  588|       1758|
    +---------------------------------------+----+-----------+-----+-----------+

    * Register: 
    +---------------------------+-----+----+-----+-----------+
    |            Name           |  FF | LUT| Bits| Const Bits|
    +---------------------------+-----+----+-----+-----------+
    |ap_CS_fsm                  |    1|   0|    1|          0|
    |ap_done_reg                |    1|   0|    1|          0|
    |ap_enable_reg_pp0_iter1    |    1|   0|    1|          0|
    |or_ln879_3_reg_422         |    1|   0|    1|          0|
    |pi_fsm_state               |    2|   0|    2|          0|
    |pi_fsm_state_load_reg_387  |    2|   0|    2|          0|
    |reg_144                    |  512|   0|  512|          0|
    |reg_148                    |   64|   0|   64|          0|
    |sendWord_dest_V_reg_417    |    2|   0|    2|          0|
    |start_once_reg             |    1|   0|    1|          0|
    |tdest_r_V                  |    2|   0|    2|          0|
    |tmp_1_reg_399              |    1|   0|    1|          0|
    |tmp_last_V_2_reg_412       |    1|   0|    1|          0|
    |tmp_last_V_reg_403         |    1|   0|    1|          0|
    |tmp_reg_408                |    1|   0|    1|          0|
    +---------------------------+-----+----+-----+-----------+
    |Total                      |  593|   0|  593|          0|
    +---------------------------+-----+----+-----+-----------+



================================================================
== Interface
================================================================
* Summary: 
+------------------------+-----+-----+------------+----------------------+--------------+
|        RTL Ports       | Dir | Bits|  Protocol  |     Source Object    |    C Type    |
+------------------------+-----+-----+------------+----------------------+--------------+
|ap_clk                  |  in |    1| ap_ctrl_hs | packet_identificatio | return value |
|ap_rst                  |  in |    1| ap_ctrl_hs | packet_identificatio | return value |
|ap_start                |  in |    1| ap_ctrl_hs | packet_identificatio | return value |
|start_full_n            |  in |    1| ap_ctrl_hs | packet_identificatio | return value |
|ap_done                 | out |    1| ap_ctrl_hs | packet_identificatio | return value |
|ap_continue             |  in |    1| ap_ctrl_hs | packet_identificatio | return value |
|ap_idle                 | out |    1| ap_ctrl_hs | packet_identificatio | return value |
|ap_ready                | out |    1| ap_ctrl_hs | packet_identificatio | return value |
|start_out               | out |    1| ap_ctrl_hs | packet_identificatio | return value |
|start_write             | out |    1| ap_ctrl_hs | packet_identificatio | return value |
|s_axis_TVALID           |  in |    1|    axis    |    dataIn_V_data_V   |    pointer   |
|s_axis_TDATA            |  in |  512|    axis    |    dataIn_V_data_V   |    pointer   |
|eth_level_pkt_V_din     | out |  580|   ap_fifo  |    eth_level_pkt_V   |    pointer   |
|eth_level_pkt_V_full_n  |  in |    1|   ap_fifo  |    eth_level_pkt_V   |    pointer   |
|eth_level_pkt_V_write   | out |    1|   ap_fifo  |    eth_level_pkt_V   |    pointer   |
|s_axis_TREADY           | out |    1|    axis    |    dataIn_V_last_V   |    pointer   |
|s_axis_TLAST            |  in |    1|    axis    |    dataIn_V_last_V   |    pointer   |
|s_axis_TKEEP            |  in |   64|    axis    |    dataIn_V_keep_V   |    pointer   |
+------------------------+-----+-----+------------+----------------------+--------------+

