

================================================================
== Vivado HLS Report for 'packet_handler'
================================================================
* Date:           Thu Aug  5 18:55:49 2021

* Version:        2020.1 (Build 2897737 on Wed May 27 20:21:37 MDT 2020)
* Project:        PKT_HANDLER_prj
* Solution:       ultrascale_plus
* Product family: virtexuplus
* Target device:  xcu280-fsvh2892-2L-e


================================================================
== Performance Estimates
================================================================
+ Timing: 
    * Summary: 
    +--------+---------+----------+------------+
    |  Clock |  Target | Estimated| Uncertainty|
    +--------+---------+----------+------------+
    |ap_clk  | 3.10 ns | 2.527 ns |   0.20 ns  |
    +--------+---------+----------+------------+

+ Latency: 
    * Summary: 
    +---------+---------+-----------+-----------+-----+-----+----------+
    |  Latency (cycles) |   Latency (absolute)  |  Interval | Pipeline |
    |   min   |   max   |    min    |    max    | min | max |   Type   |
    +---------+---------+-----------+-----------+-----+-----+----------+
    |        4|        4| 12.400 ns | 12.400 ns |    1|    1| dataflow |
    +---------+---------+-----------+-----------+-----+-----+----------+

    + Detail: 
        * Instance: 
        +-------------------------+----------------------+---------+---------+----------+----------+-----+-----+----------+
        |                         |                      |  Latency (cycles) |  Latency (absolute) |  Interval | Pipeline |
        |         Instance        |        Module        |   min   |   max   |    min   |    max   | min | max |   Type   |
        +-------------------------+----------------------+---------+---------+----------+----------+-----+-----+----------+
        |ethernet_remover_U0      |ethernet_remover      |        2|        2| 6.200 ns | 6.200 ns |    1|    1| function |
        |packet_identificatio_U0  |packet_identificatio  |        1|        1| 3.100 ns | 3.100 ns |    1|    1| function |
        +-------------------------+----------------------+---------+---------+----------+----------+-----+-----+----------+

        * Loop: 
        N/A



================================================================
== Utilization Estimates
================================================================
* Summary: 
+---------------------+---------+-------+---------+---------+-----+
|         Name        | BRAM_18K| DSP48E|    FF   |   LUT   | URAM|
+---------------------+---------+-------+---------+---------+-----+
|DSP                  |        -|      -|        -|        -|    -|
|Expression           |        -|      -|        -|        -|    -|
|FIFO                 |       33|      -|      596|      371|    -|
|Instance             |        -|      -|     3058|      969|    -|
|Memory               |        -|      -|        -|        -|    -|
|Multiplexer          |        -|      -|        -|        -|    -|
|Register             |        -|      -|        -|        -|    -|
+---------------------+---------+-------+---------+---------+-----+
|Total                |       33|      0|     3654|     1340|    0|
+---------------------+---------+-------+---------+---------+-----+
|Available SLR        |     1344|   3008|   869120|   434560|  320|
+---------------------+---------+-------+---------+---------+-----+
|Utilization SLR (%)  |        2|      0|    ~0   |    ~0   |    0|
+---------------------+---------+-------+---------+---------+-----+
|Available            |     4032|   9024|  2607360|  1303680|  960|
+---------------------+---------+-------+---------+---------+-----+
|Utilization (%)      |    ~0   |      0|    ~0   |    ~0   |    0|
+---------------------+---------+-------+---------+---------+-----+

+ Detail: 
    * Instance: 
    +-------------------------+----------------------+---------+-------+------+-----+-----+
    |         Instance        |        Module        | BRAM_18K| DSP48E|  FF  | LUT | URAM|
    +-------------------------+----------------------+---------+-------+------+-----+-----+
    |ethernet_remover_U0      |ethernet_remover      |        0|      0|  2465|  773|    0|
    |packet_identificatio_U0  |packet_identificatio  |        0|      0|   593|  196|    0|
    +-------------------------+----------------------+---------+-------+------+-----+-----+
    |Total                    |                      |        0|      0|  3058|  969|    0|
    +-------------------------+----------------------+---------+-------+------+-----+-----+

    * DSP48E: 
    N/A

    * Memory: 
    N/A

    * FIFO: 
    +-------------------+---------+-----+----+-----+------+-----+---------+
    |        Name       | BRAM_18K|  FF | LUT| URAM| Depth| Bits| Size:D*B|
    +-------------------+---------+-----+----+-----+------+-----+---------+
    |eth_level_pkt_V_U  |       33|  596|   0|    -|    16|  580|     9280|
    +-------------------+---------+-----+----+-----+------+-----+---------+
    |Total              |       33|  596|   0|    0|    16|  580|     9280|
    +-------------------+---------+-----+----+-----+------+-----+---------+

    * Expression: 
    N/A

    * Multiplexer: 
    N/A

    * Register: 
    N/A



================================================================
== Interface
================================================================
* Summary: 
+---------------+-----+-----+--------------+-----------------+--------------+
|   RTL Ports   | Dir | Bits|   Protocol   |  Source Object  |    C Type    |
+---------------+-----+-----+--------------+-----------------+--------------+
|s_axis_TDATA   |  in |  512|     axis     | s_axis_V_data_V |    pointer   |
|s_axis_TKEEP   |  in |   64|     axis     | s_axis_V_keep_V |    pointer   |
|s_axis_TLAST   |  in |    1|     axis     | s_axis_V_last_V |    pointer   |
|s_axis_TVALID  |  in |    1|     axis     | s_axis_V_last_V |    pointer   |
|s_axis_TREADY  | out |    1|     axis     | s_axis_V_last_V |    pointer   |
|m_axis_TDATA   | out |  512|     axis     | m_axis_V_data_V |    pointer   |
|m_axis_TKEEP   | out |   64|     axis     | m_axis_V_keep_V |    pointer   |
|m_axis_TLAST   | out |    1|     axis     | m_axis_V_last_V |    pointer   |
|m_axis_TDEST   | out |    3|     axis     | m_axis_V_dest_V |    pointer   |
|m_axis_TVALID  | out |    1|     axis     | m_axis_V_dest_V |    pointer   |
|m_axis_TREADY  |  in |    1|     axis     | m_axis_V_dest_V |    pointer   |
|ap_clk         |  in |    1| ap_ctrl_none |  packet_handler | return value |
|ap_rst_n       |  in |    1| ap_ctrl_none |  packet_handler | return value |
+---------------+-----+-----+--------------+-----------------+--------------+

